BT +c:        6: [0x0804831a] push dword 0xb7704880                                                                      EAX:b7719918 ECX:bf904284 EDX:b7704880 EBX:b7719000 ESP:bf904278 EBP:00000000 ESI:00000002 EDI:08048310  R: W: 0xbf904274--0xbf904277; 
BT        8: [0x08048320] push dword 0x8048510                                                                       EAX:b7719918 ECX:bf904284 EDX:b7704880 EBX:b7719000 ESP:bf904270 EBP:00000000 ESI:00000002 EDI:08048310  R: W: 0xbf90426c--0xbf90426f; 
BT +c:        9: [0x08048325] push dword 0xbf904284                                                                      EAX:b7719918 ECX:bf904284 EDX:b7704880 EBX:b7719000 ESP:bf90426c EBP:00000000 ESI:00000002 EDI:08048310  R: W: 0xbf904268--0xbf90426b; 
BT +c:       10: [0x08048326] push dword 0x2                                                                             EAX:b7719918 ECX:bf904284 EDX:b7704880 EBX:b7719000 ESP:bf904268 EBP:00000000 ESI:00000002 EDI:08048310  R: W: 0xbf904264--0xbf904267; 
BT       11: [0x08048327] push dword 0x804840b                                                                       EAX:b7719918 ECX:bf904284 EDX:b7704880 EBX:b7719000 ESP:bf904264 EBP:00000000 ESI:00000002 EDI:08048310  R: W: 0xbf904260--0xbf904263; 
      13: [0x080482e0] jmp dword near [0x804a00c]                                                                 EAX:b7719918 ECX:bf904284 EDX:b7704880 EBX:b7719000 ESP:bf90425c EBP:00000000 ESI:00000002 EDI:08048310  R: 0x0804a00c--0x0804a00f; W: 
BT       14: [0x080482e6] push dword 0x0                                                                             EAX:b7719918 ECX:bf904284 EDX:b7704880 EBX:b7719000 ESP:bf90425c EBP:00000000 ESI:00000002 EDI:08048310  R: W: 0xbf904258--0xbf90425b; 
BT       16: [0x080482d0] push dword 0x0                                                                             EAX:b7719918 ECX:bf904284 EDX:b7704880 EBX:b7719000 ESP:bf904258 EBP:00000000 ESI:00000002 EDI:08048310  R: W: 0xbf904254--0xbf904257; 
      17: [0x080482d6] jmp dword near [0x804a008]                                                                 EAX:b7719918 ECX:bf904284 EDX:b7704880 EBX:b7719000 ESP:bf904254 EBP:00000000 ESI:00000002 EDI:08048310  R: 0x0804a008--0x0804a00b; W: 
+d:      289: [0x0804856c] add esp, 0x4                                                                               EAX:00000000 ECX:b4f901e8 EDX:00000000 EBX:00000000 ESP:bf9041ec EBP:00000000 ESI:b4f8f000 EDI:b4f8f000  R: W: 
FTBT +c:      354: [0x0804844c] push dword 0xbf9054e6                                                                      EAX:bf9054e6 ECX:bf9041f0 EDX:bf904214 EBX:bf9041f0 ESP:bf9041b4 EBP:bf9041d8 ESI:b4f8f000 EDI:b4f8f000  R: W: 0xbf9041b0--0xbf9041b3; 
     356: [0x080482f0] jmp dword near [0x804a010]                                                                 EAX:bf9054e6 ECX:bf9041f0 EDX:bf904214 EBX:bf9041f0 ESP:bf9041ac EBP:bf9041d8 ESI:b4f8f000 EDI:b4f8f000  R: 0x0804a010--0x0804a013; W: 
BT      357: [0x080482f6] push dword 0x8                                                                             EAX:bf9054e6 ECX:bf9041f0 EDX:bf904214 EBX:bf9041f0 ESP:bf9041ac EBP:bf9041d8 ESI:b4f8f000 EDI:b4f8f000  R: W: 0xbf9041a8--0xbf9041ab; 
BT      359: [0x080482d0] push dword 0x0                                                                             EAX:bf9054e6 ECX:bf9041f0 EDX:bf904214 EBX:bf9041f0 ESP:bf9041a8 EBP:bf9041d8 ESI:b4f8f000 EDI:b4f8f000  R: W: 0xbf9041a4--0xbf9041a7; 
     360: [0x080482d6] jmp dword near [0x804a008]                                                                 EAX:bf9054e6 ECX:bf9041f0 EDX:bf904214 EBX:bf9041f0 ESP:bf9041a4 EBP:bf9041d8 ESI:b4f8f000 EDI:b4f8f000  R: 0x0804a008--0x0804a00b; W: 
FT+c:      596: [0x08048455] mov [0xbf9041c4], eax                                                                      EAX:00000004 ECX:00000000 EDX:00000000 EBX:bf9041f0 ESP:bf9041c0 EBP:bf9041d8 ESI:b4f8f000 EDI:b4f8f000  R: W: 0xbf9041c4--0xbf9041c7; 
+c:      623: [0x08048493] mov eax, 0x0                                                                               EAX:00000004 ECX:00000000 EDX:00000000 EBX:bf9041f0 ESP:bf9041c0 EBP:bf9041d8 ESI:b4f8f000 EDI:b4f8f000  R: W: 
FT+c:      624: [0x08048496] cmp eax, [0xbf9041c4]                                                                      EAX:00000000 ECX:00000000 EDX:00000000 EBX:bf9041f0 ESP:bf9041c0 EBP:bf9041d8 ESI:b4f8f000 EDI:b4f8f000  R: 0xbf9041c4--0xbf9041c7; W: 
FT     625: [0x08048499] jge 0x80484a4                                                                              EAX:00000000 ECX:00000000 EDX:00000000 EBX:bf9041f0 ESP:bf9041c0 EBP:bf9041d8 ESI:b4f8f000 EDI:b4f8f000  R: W: 
+c:      686: [0x08048493] mov eax, 0x1                                                                               EAX:00000000 ECX:00000000 EDX:00000000 EBX:bf9041f0 ESP:bf9041c0 EBP:bf9041d8 ESI:b4f8f000 EDI:b4f8f000  R: W: 
FT+c:      687: [0x08048496] cmp eax, [0xbf9041c4]                                                                      EAX:00000001 ECX:00000000 EDX:00000000 EBX:bf9041f0 ESP:bf9041c0 EBP:bf9041d8 ESI:b4f8f000 EDI:b4f8f000  R: 0xbf9041c4--0xbf9041c7; W: 
FT     688: [0x08048499] jge 0x80484a4                                                                              EAX:00000001 ECX:00000000 EDX:00000000 EBX:bf9041f0 ESP:bf9041c0 EBP:bf9041d8 ESI:b4f8f000 EDI:b4f8f000  R: W: 
+c:      749: [0x08048493] mov eax, 0x2                                                                               EAX:00000001 ECX:00000000 EDX:00000000 EBX:bf9041f0 ESP:bf9041c0 EBP:bf9041d8 ESI:b4f8f000 EDI:b4f8f000  R: W: 
FT+c:      750: [0x08048496] cmp eax, [0xbf9041c4]                                                                      EAX:00000002 ECX:00000000 EDX:00000000 EBX:bf9041f0 ESP:bf9041c0 EBP:bf9041d8 ESI:b4f8f000 EDI:b4f8f000  R: 0xbf9041c4--0xbf9041c7; W: 
FT     751: [0x08048499] jge 0x80484a4                                                                              EAX:00000002 ECX:00000000 EDX:00000000 EBX:bf9041f0 ESP:bf9041c0 EBP:bf9041d8 ESI:b4f8f000 EDI:b4f8f000  R: W: 
+c:      812: [0x08048493] mov eax, 0x3                                                                               EAX:00000002 ECX:00000000 EDX:00000000 EBX:bf9041f0 ESP:bf9041c0 EBP:bf9041d8 ESI:b4f8f000 EDI:b4f8f000  R: W: 
FT+c:      813: [0x08048496] cmp eax, [0xbf9041c4]                                                                      EAX:00000003 ECX:00000000 EDX:00000000 EBX:bf9041f0 ESP:bf9041c0 EBP:bf9041d8 ESI:b4f8f000 EDI:b4f8f000  R: 0xbf9041c4--0xbf9041c7; W: 
FT     814: [0x08048499] jge 0x80484a4                                                                              EAX:00000003 ECX:00000000 EDX:00000000 EBX:bf9041f0 ESP:bf9041c0 EBP:bf9041d8 ESI:b4f8f000 EDI:b4f8f000  R: W: 
+c:      875: [0x08048493] mov eax, 0x4                                                                               EAX:00000003 ECX:00000000 EDX:00000000 EBX:bf9041f0 ESP:bf9041c0 EBP:bf9041d8 ESI:b4f8f000 EDI:b4f8f000  R: W: 
FT+c:      876: [0x08048496] cmp eax, [0xbf9041c4]                                                                      EAX:00000004 ECX:00000000 EDX:00000000 EBX:bf9041f0 ESP:bf9041c0 EBP:bf9041d8 ESI:b4f8f000 EDI:b4f8f000  R: 0xbf9041c4--0xbf9041c7; W: 
FT     877: [0x08048499] jge 0x80484a4                                                                              EAX:00000004 ECX:00000000 EDX:00000000 EBX:bf9041f0 ESP:bf9041c0 EBP:bf9041d8 ESI:b4f8f000 EDI:b4f8f000  R: W: 
+d:      897: [0x08048503] add esp, 0x4                                                                               EAX:00000008 ECX:bf9041f0 EDX:00000000 EBX:00000000 ESP:bf9041ec EBP:00000000 ESI:b4f8f000 EDI:b4f8f000  R: W: 
FT+m:     1357: [0x080483dc] jmp 0x80483dc                                                                              EAX:00000003 ECX:b7719000 EDX:00000002 EBX:b7719918 ESP:bf90410c EBP:bf904188 ESI:00000001 EDI:08049f0c  R: W: 
FT    1374: [0x08048587] ret                                                                                        EAX:08048574 ECX:b7719000 EDX:00000002 EBX:b7719918 ESP:bf90410c EBP:bf904188 ESI:00000000 EDI:08049f0c  R: 0xbf90410c--0xbf90410f; W: 
