-1	25761	unknown             	08048310	                                        	31 ed                                             	xor ebp, ebp                                      		EAX=b77e6918, ECX=bfc7e234, EDX=b77d1880, EBX=b77e6000, ESP=bfc7e230, EBP=00000000, ESI=bfc7e240, EDI=08048310
-1	25761	unknown             	08048312	                                        	5e                                                	pop esi                                           		EAX=b77e6918, ECX=bfc7e234, EDX=b77d1880, EBX=b77e6000, ESP=bfc7e230, EBP=00000000, ESI=bfc7e240, EDI=08048310
-1	25761	unknown             	08048313	                                        	89 e1                                             	mov ecx, esp                                      		EAX=b77e6918, ECX=bfc7e234, EDX=b77d1880, EBX=b77e6000, ESP=bfc7e234, EBP=00000000, ESI=00000002, EDI=08048310
-1	25761	unknown             	08048315	                                        	83 e4 f0                                          	and esp, 0xfffffff0                               		EAX=b77e6918, ECX=bfc7e234, EDX=b77d1880, EBX=b77e6000, ESP=bfc7e234, EBP=00000000, ESI=00000002, EDI=08048310
-1	25761	unknown             	08048318	                                        	50                                                	push eax                                          		EAX=b77e6918, ECX=bfc7e234, EDX=b77d1880, EBX=b77e6000, ESP=bfc7e230, EBP=00000000, ESI=00000002, EDI=08048310
-1	25761	unknown             	08048319	                                        	54                                                	push esp                                          		EAX=b77e6918, ECX=bfc7e234, EDX=b77d1880, EBX=b77e6000, ESP=bfc7e22c, EBP=00000000, ESI=00000002, EDI=08048310
-1	25761	unknown             	0804831a	                                        	52                                                	push edx                                          		EAX=b77e6918, ECX=bfc7e234, EDX=b77d1880, EBX=b77e6000, ESP=bfc7e228, EBP=00000000, ESI=00000002, EDI=08048310
-1	25761	unknown             	0804831b	                                        	68 d0 84 04 08                                    	push 0x80484d0                                    		EAX=b77e6918, ECX=bfc7e234, EDX=b77d1880, EBX=b77e6000, ESP=bfc7e224, EBP=00000000, ESI=00000002, EDI=08048310
-1	25761	unknown             	08048320	                                        	68 70 84 04 08                                    	push 0x8048470                                    		EAX=b77e6918, ECX=bfc7e234, EDX=b77d1880, EBX=b77e6000, ESP=bfc7e220, EBP=00000000, ESI=00000002, EDI=08048310
-1	25761	unknown             	08048325	                                        	51                                                	push ecx                                          		EAX=b77e6918, ECX=bfc7e234, EDX=b77d1880, EBX=b77e6000, ESP=bfc7e21c, EBP=00000000, ESI=00000002, EDI=08048310
-1	25761	unknown             	08048326	                                        	56                                                	push esi                                          		EAX=b77e6918, ECX=bfc7e234, EDX=b77d1880, EBX=b77e6000, ESP=bfc7e218, EBP=00000000, ESI=00000002, EDI=08048310
-1	25761	unknown             	08048327	                                        	68 0b 84 04 08                                    	push 0x804840b                                    		EAX=b77e6918, ECX=bfc7e234, EDX=b77d1880, EBX=b77e6000, ESP=bfc7e214, EBP=00000000, ESI=00000002, EDI=08048310
-1	25761	unknown             	0804832c	                                        	e8 af ff ff ff                                    	call 0x80482e0                                    		EAX=b77e6918, ECX=bfc7e234, EDX=b77d1880, EBX=b77e6000, ESP=bfc7e210, EBP=00000000, ESI=00000002, EDI=08048310
-1	25761	unknown             	080482e0	                                        	ff 25 0c a0 04 08                                 	jmp dword ptr [0x804a00c]                         		EAX=b77e6918, ECX=bfc7e234, EDX=b77d1880, EBX=b77e6000, ESP=bfc7e20c, EBP=00000000, ESI=00000002, EDI=08048310
-1	25761	unknown             	080482e6	                                        	68 00 00 00 00                                    	push 0x0                                          		EAX=b77e6918, ECX=bfc7e234, EDX=b77d1880, EBX=b77e6000, ESP=bfc7e20c, EBP=00000000, ESI=00000002, EDI=08048310
-1	25761	unknown             	080482eb	                                        	e9 e0 ff ff ff                                    	jmp 0x80482d0                                     		EAX=b77e6918, ECX=bfc7e234, EDX=b77d1880, EBX=b77e6000, ESP=bfc7e208, EBP=00000000, ESI=00000002, EDI=08048310
-1	25761	unknown             	080482d0	                                        	ff 35 04 a0 04 08                                 	push dword ptr [0x804a004]                        		EAX=b77e6918, ECX=bfc7e234, EDX=b77d1880, EBX=b77e6000, ESP=bfc7e208, EBP=00000000, ESI=00000002, EDI=08048310
-1	25761	unknown             	080482d6	                                        	ff 25 08 a0 04 08                                 	jmp dword ptr [0x804a008]                         		EAX=b77e6918, ECX=bfc7e234, EDX=b77d1880, EBX=b77e6000, ESP=bfc7e204, EBP=00000000, ESI=00000002, EDI=08048310
-1	25761	ld-linux.so.2       	b77d7000	                                        	50                                                	push eax                                          		EAX=b77e6918, ECX=bfc7e234, EDX=b77d1880, EBX=b77e6000, ESP=bfc7e204, EBP=00000000, ESI=00000002, EDI=08048310
-1	25761	ld-linux.so.2       	b77d7001	                                        	51                                                	push ecx                                          		EAX=b77e6918, ECX=bfc7e234, EDX=b77d1880, EBX=b77e6000, ESP=bfc7e200, EBP=00000000, ESI=00000002, EDI=08048310
-1	25761	ld-linux.so.2       	b77d7002	                                        	52                                                	push edx                                          		EAX=b77e6918, ECX=bfc7e234, EDX=b77d1880, EBX=b77e6000, ESP=bfc7e1fc, EBP=00000000, ESI=00000002, EDI=08048310
-1	25761	ld-linux.so.2       	b77d7003	                                        	8b 54 24 10                                       	mov edx, dword ptr [esp+0x10]                     		EAX=b77e6918, ECX=bfc7e234, EDX=b77d1880, EBX=b77e6000, ESP=bfc7e1f8, EBP=00000000, ESI=00000002, EDI=08048310
-1	25761	ld-linux.so.2       	b77d7007	                                        	8b 44 24 0c                                       	mov eax, dword ptr [esp+0xc]                      		EAX=b77e6918, ECX=bfc7e234, EDX=00000000, EBX=b77e6000, ESP=bfc7e1f8, EBP=00000000, ESI=00000002, EDI=08048310
-1	25761	ld-linux.so.2       	b77d700b	                                        	e8 d0 97 ff ff                                    	call 0xb77d07e0                                   		EAX=b77e6918, ECX=bfc7e234, EDX=00000000, EBX=b77e6000, ESP=bfc7e1f8, EBP=00000000, ESI=00000002, EDI=08048310
-1	25761	ld-linux.so.2       	b77d07e0	                                        	55                                                	push ebp                                          		EAX=b77e6918, ECX=bfc7e234, EDX=00000000, EBX=b77e6000, ESP=bfc7e1f4, EBP=00000000, ESI=00000002, EDI=08048310
-1	25761	ld-linux.so.2       	b77d07e1	                                        	57                                                	push edi                                          		EAX=b77e6918, ECX=bfc7e234, EDX=00000000, EBX=b77e6000, ESP=bfc7e1f0, EBP=00000000, ESI=00000002, EDI=08048310
-1	25761	ld-linux.so.2       	b77d07e2	                                        	89 c7                                             	mov edi, eax                                      		EAX=b77e6918, ECX=bfc7e234, EDX=00000000, EBX=b77e6000, ESP=bfc7e1ec, EBP=00000000, ESI=00000002, EDI=08048310
-1	25761	ld-linux.so.2       	b77d07e4	                                        	56                                                	push esi                                          		EAX=b77e6918, ECX=bfc7e234, EDX=00000000, EBX=b77e6000, ESP=bfc7e1ec, EBP=00000000, ESI=00000002, EDI=b77e6918
-1	25761	ld-linux.so.2       	b77d07e5	                                        	53                                                	push ebx                                          		EAX=b77e6918, ECX=bfc7e234, EDX=00000000, EBX=b77e6000, ESP=bfc7e1e8, EBP=00000000, ESI=00000002, EDI=b77e6918
-1	25761	ld-linux.so.2       	b77d07e6	                                        	e8 02 b1 00 00                                    	call 0xb77db8ed                                   		EAX=b77e6918, ECX=bfc7e234, EDX=00000000, EBX=b77e6000, ESP=bfc7e1e4, EBP=00000000, ESI=00000002, EDI=b77e6918
-1	25761	ld-linux.so.2       	b77db8ed	                                        	8b 34 24                                          	mov esi, dword ptr [esp]                          		EAX=b77e6918, ECX=bfc7e234, EDX=00000000, EBX=b77e6000, ESP=bfc7e1e0, EBP=00000000, ESI=00000002, EDI=b77e6918
-1	25761	ld-linux.so.2       	b77db8f0	                                        	c3                                                	ret                                               		EAX=b77e6918, ECX=bfc7e234, EDX=00000000, EBX=b77e6000, ESP=bfc7e1e0, EBP=00000000, ESI=b77d07eb, EDI=b77e6918
-1	25761	ld-linux.so.2       	b77d07eb	                                        	81 c6 15 58 01 00                                 	add esi, 0x15815                                  		EAX=b77e6918, ECX=bfc7e234, EDX=00000000, EBX=b77e6000, ESP=bfc7e1e4, EBP=00000000, ESI=b77d07eb, EDI=b77e6918
-1	25761	ld-linux.so.2       	b77d07f1	                                        	83 ec 2c                                          	sub esp, 0x2c                                     		EAX=b77e6918, ECX=bfc7e234, EDX=00000000, EBX=b77e6000, ESP=bfc7e1e4, EBP=00000000, ESI=b77e6000, EDI=b77e6918
-1	25761	ld-linux.so.2       	b77d07f4	                                        	8b 4f 7c                                          	mov ecx, dword ptr [edi+0x7c]                     		EAX=b77e6918, ECX=bfc7e234, EDX=00000000, EBX=b77e6000, ESP=bfc7e1b8, EBP=00000000, ESI=b77e6000, EDI=b77e6918
-1	25761	ld-linux.so.2       	b77d07f7	                                        	8b 40 34                                          	mov eax, dword ptr [eax+0x34]                     		EAX=b77e6918, ECX=08049f94, EDX=00000000, EBX=b77e6000, ESP=bfc7e1b8, EBP=00000000, ESI=b77e6000, EDI=b77e6918
-1	25761	ld-linux.so.2       	b77d07fa	                                        	89 74 24 08                                       	mov dword ptr [esp+0x8], esi                      		EAX=08049f54, ECX=08049f94, EDX=00000000, EBX=b77e6000, ESP=bfc7e1b8, EBP=00000000, ESI=b77e6000, EDI=b77e6918
-1	25761	ld-linux.so.2       	b77d07fe	                                        	03 51 04                                          	add edx, dword ptr [ecx+0x4]                      		EAX=08049f54, ECX=08049f94, EDX=00000000, EBX=b77e6000, ESP=bfc7e1b8, EBP=00000000, ESI=b77e6000, EDI=b77e6918
-1	25761	ld-linux.so.2       	b77d0801	                                        	8b 40 04                                          	mov eax, dword ptr [eax+0x4]                      		EAX=08049f54, ECX=08049f94, EDX=08048298, EBX=b77e6000, ESP=bfc7e1b8, EBP=00000000, ESI=b77e6000, EDI=b77e6918
-1	25761	ld-linux.so.2       	b77d0804	                                        	8b 4f 38                                          	mov ecx, dword ptr [edi+0x38]                     		EAX=0804821c, ECX=08049f94, EDX=08048298, EBX=b77e6000, ESP=bfc7e1b8, EBP=00000000, ESI=b77e6000, EDI=b77e6918
-1	25761	ld-linux.so.2       	b77d0807	                                        	89 44 24 0c                                       	mov dword ptr [esp+0xc], eax                      		EAX=0804821c, ECX=08049f5c, EDX=08048298, EBX=b77e6000, ESP=bfc7e1b8, EBP=00000000, ESI=b77e6000, EDI=b77e6918
-1	25761	ld-linux.so.2       	b77d080b	                                        	89 d5                                             	mov ebp, edx                                      		EAX=0804821c, ECX=08049f5c, EDX=08048298, EBX=b77e6000, ESP=bfc7e1b8, EBP=00000000, ESI=b77e6000, EDI=b77e6918
-1	25761	ld-linux.so.2       	b77d080d	                                        	8b 52 04                                          	mov edx, dword ptr [edx+0x4]                      		EAX=0804821c, ECX=08049f5c, EDX=08048298, EBX=b77e6000, ESP=bfc7e1b8, EBP=08048298, ESI=b77e6000, EDI=b77e6918
-1	25761	ld-linux.so.2       	b77d0810	                                        	8b 45 00                                          	mov eax, dword ptr [ebp]                          		EAX=0804821c, ECX=08049f5c, EDX=00000207, EBX=b77e6000, ESP=bfc7e1b8, EBP=08048298, ESI=b77e6000, EDI=b77e6918
-1	25761	ld-linux.so.2       	b77d0813	                                        	89 d6                                             	mov esi, edx                                      		EAX=0804a00c, ECX=08049f5c, EDX=00000207, EBX=b77e6000, ESP=bfc7e1b8, EBP=08048298, ESI=b77e6000, EDI=b77e6918
-1	25761	ld-linux.so.2       	b77d0815	                                        	c1 ee 08                                          	shr esi, 0x8                                      		EAX=0804a00c, ECX=08049f5c, EDX=00000207, EBX=b77e6000, ESP=bfc7e1b8, EBP=08048298, ESI=00000207, EDI=b77e6918
-1	25761	ld-linux.so.2       	b77d0818	                                        	89 f3                                             	mov ebx, esi                                      		EAX=0804a00c, ECX=08049f5c, EDX=00000207, EBX=b77e6000, ESP=bfc7e1b8, EBP=08048298, ESI=00000002, EDI=b77e6918
-1	25761	ld-linux.so.2       	b77d081a	                                        	c1 e3 04                                          	shl ebx, 0x4                                      		EAX=0804a00c, ECX=08049f5c, EDX=00000207, EBX=00000002, ESP=bfc7e1b8, EBP=08048298, ESI=00000002, EDI=b77e6918
-1	25761	ld-linux.so.2       	b77d081d	                                        	03 59 04                                          	add ebx, dword ptr [ecx+0x4]                      		EAX=0804a00c, ECX=08049f5c, EDX=00000207, EBX=00000020, ESP=bfc7e1b8, EBP=08048298, ESI=00000002, EDI=b77e6918
-1	25761	ld-linux.so.2       	b77d0820	                                        	8b 0f                                             	mov ecx, dword ptr [edi]                          		EAX=0804a00c, ECX=08049f5c, EDX=00000207, EBX=080481ec, ESP=bfc7e1b8, EBP=08048298, ESI=00000002, EDI=b77e6918
-1	25761	ld-linux.so.2       	b77d0822	                                        	01 c8                                             	add eax, ecx                                      		EAX=0804a00c, ECX=00000000, EDX=00000207, EBX=080481ec, ESP=bfc7e1b8, EBP=08048298, ESI=00000002, EDI=b77e6918
-1	25761	ld-linux.so.2       	b77d0824	                                        	80 fa 07                                          	cmp dl, 0x7                                       		EAX=0804a00c, ECX=00000000, EDX=00000207, EBX=080481ec, ESP=bfc7e1b8, EBP=08048298, ESI=00000002, EDI=b77e6918
-1	25761	ld-linux.so.2       	b77d0827	                                        	89 5c 24 1c                                       	mov dword ptr [esp+0x1c], ebx                     		EAX=0804a00c, ECX=00000000, EDX=00000207, EBX=080481ec, ESP=bfc7e1b8, EBP=08048298, ESI=00000002, EDI=b77e6918
-1	25761	ld-linux.so.2       	b77d082b	                                        	0f 85 3e 01 00 00                                 	jnz 0xb77d096f                                    		EAX=0804a00c, ECX=00000000, EDX=00000207, EBX=080481ec, ESP=bfc7e1b8, EBP=08048298, ESI=00000002, EDI=b77e6918
-1	25761	ld-linux.so.2       	b77d0831	                                        	f6 43 0d 03                                       	test byte ptr [ebx+0xd], 0x3                      		EAX=0804a00c, ECX=00000000, EDX=00000207, EBX=080481ec, ESP=bfc7e1b8, EBP=08048298, ESI=00000002, EDI=b77e6918
-1	25761	ld-linux.so.2       	b77d0835	                                        	89 c5                                             	mov ebp, eax                                      		EAX=0804a00c, ECX=00000000, EDX=00000207, EBX=080481ec, ESP=bfc7e1b8, EBP=08048298, ESI=00000002, EDI=b77e6918
-1	25761	ld-linux.so.2       	b77d0837	                                        	0f 85 d3 00 00 00                                 	jnz 0xb77d0910                                    		EAX=0804a00c, ECX=00000000, EDX=00000207, EBX=080481ec, ESP=bfc7e1b8, EBP=0804a00c, ESI=00000002, EDI=b77e6918
-1	25761	ld-linux.so.2       	b77d083d	                                        	8b 97 e4 00 00 00                                 	mov edx, dword ptr [edi+0xe4]                     		EAX=0804a00c, ECX=00000000, EDX=00000207, EBX=080481ec, ESP=bfc7e1b8, EBP=0804a00c, ESI=00000002, EDI=b77e6918
-1	25761	ld-linux.so.2       	b77d0843	                                        	85 d2                                             	test edx, edx                                     		EAX=0804a00c, ECX=00000000, EDX=08049fc4, EBX=080481ec, ESP=bfc7e1b8, EBP=0804a00c, ESI=00000002, EDI=b77e6918
-1	25761	ld-linux.so.2       	b77d0845	                                        	0f 84 a5 00 00 00                                 	jz 0xb77d08f0                                     		EAX=0804a00c, ECX=00000000, EDX=08049fc4, EBX=080481ec, ESP=bfc7e1b8, EBP=0804a00c, ESI=00000002, EDI=b77e6918
-1	25761	ld-linux.so.2       	b77d084b	                                        	8b 52 04                                          	mov edx, dword ptr [edx+0x4]                      		EAX=0804a00c, ECX=00000000, EDX=08049fc4, EBX=080481ec, ESP=bfc7e1b8, EBP=0804a00c, ESI=00000002, EDI=b77e6918
-1	25761	ld-linux.so.2       	b77d084e	                                        	0f b7 14 72                                       	movzx edx, word ptr [edx+esi*2]                   		EAX=0804a00c, ECX=00000000, EDX=08048266, EBX=080481ec, ESP=bfc7e1b8, EBP=0804a00c, ESI=00000002, EDI=b77e6918
-1	25761	ld-linux.so.2       	b77d0852	                                        	81 e2 ff 7f 00 00                                 	and edx, 0x7fff                                   		EAX=0804a00c, ECX=00000000, EDX=00000002, EBX=080481ec, ESP=bfc7e1b8, EBP=0804a00c, ESI=00000002, EDI=b77e6918
-1	25761	ld-linux.so.2       	b77d0858	                                        	c1 e2 04                                          	shl edx, 0x4                                      		EAX=0804a00c, ECX=00000000, EDX=00000002, EBX=080481ec, ESP=bfc7e1b8, EBP=0804a00c, ESI=00000002, EDI=b77e6918
-1	25761	ld-linux.so.2       	b77d085b	                                        	03 97 70 01 00 00                                 	add edx, dword ptr [edi+0x170]                    		EAX=0804a00c, ECX=00000000, EDX=00000020, EBX=080481ec, ESP=bfc7e1b8, EBP=0804a00c, ESI=00000002, EDI=b77e6918
-1	25761	ld-linux.so.2       	b77d0861	                                        	8b 4a 04                                          	mov ecx, dword ptr [edx+0x4]                      		EAX=0804a00c, ECX=00000000, EDX=b50f74a0, EBX=080481ec, ESP=bfc7e1b8, EBP=0804a00c, ESI=00000002, EDI=b77e6918
-1	25761	ld-linux.so.2       	b77d0864	                                        	85 c9                                             	test ecx, ecx                                     		EAX=0804a00c, ECX=0d696910, EDX=b50f74a0, EBX=080481ec, ESP=bfc7e1b8, EBP=0804a00c, ESI=00000002, EDI=b77e6918
-1	25761	ld-linux.so.2       	b77d0866	                                        	b9 00 00 00 00                                    	mov ecx, 0x0                                      		EAX=0804a00c, ECX=0d696910, EDX=b50f74a0, EBX=080481ec, ESP=bfc7e1b8, EBP=0804a00c, ESI=00000002, EDI=b77e6918
-1	25761	ld-linux.so.2       	b77d086b	                                        	0f 44 d1                                          	cmovz edx, ecx                                    		EAX=0804a00c, ECX=00000000, EDX=b50f74a0, EBX=080481ec, ESP=bfc7e1b8, EBP=0804a00c, ESI=00000002, EDI=b77e6918
-1	25761	ld-linux.so.2       	b77d086e	                                        	65 8b 0d 0c 00 00 00                              	mov ecx, dword ptr gs:[0xc]                       		EAX=0804a00c, ECX=00000000, EDX=b50f74a0, EBX=080481ec, ESP=bfc7e1b8, EBP=0804a00c, ESI=00000002, EDI=b77e6918
-1	25761	ld-linux.so.2       	b77d0875	                                        	85 c9                                             	test ecx, ecx                                     		EAX=0804a00c, ECX=00000000, EDX=b50f74a0, EBX=080481ec, ESP=bfc7e1b8, EBP=0804a00c, ESI=00000002, EDI=b77e6918
-1	25761	ld-linux.so.2       	b77d0877	                                        	be 01 00 00 00                                    	mov esi, 0x1                                      		EAX=0804a00c, ECX=00000000, EDX=b50f74a0, EBX=080481ec, ESP=bfc7e1b8, EBP=0804a00c, ESI=00000002, EDI=b77e6918
-1	25761	ld-linux.so.2       	b77d087c	                                        	0f 85 ce 00 00 00                                 	jnz 0xb77d0950                                    		EAX=0804a00c, ECX=00000000, EDX=b50f74a0, EBX=080481ec, ESP=bfc7e1b8, EBP=0804a00c, ESI=00000001, EDI=b77e6918
-1	25761	ld-linux.so.2       	b77d0882	                                        	8b 44 24 0c                                       	mov eax, dword ptr [esp+0xc]                      		EAX=0804a00c, ECX=00000000, EDX=b50f74a0, EBX=080481ec, ESP=bfc7e1b8, EBP=0804a00c, ESI=00000001, EDI=b77e6918
-1	25761	ld-linux.so.2       	b77d0886	                                        	03 03                                             	add eax, dword ptr [ebx]                          		EAX=0804821c, ECX=00000000, EDX=b50f74a0, EBX=080481ec, ESP=bfc7e1b8, EBP=0804a00c, ESI=00000001, EDI=b77e6918
-1	25761	ld-linux.so.2       	b77d0888	                                        	8d 4c 24 1c                                       	lea ecx, ptr [esp+0x1c]                           		EAX=0804823b, ECX=00000000, EDX=b50f74a0, EBX=080481ec, ESP=bfc7e1b8, EBP=0804a00c, ESI=00000001, EDI=b77e6918
-1	25761	ld-linux.so.2       	b77d088c	                                        	83 ec 0c                                          	sub esp, 0xc                                      		EAX=0804823b, ECX=bfc7e1d4, EDX=b50f74a0, EBX=080481ec, ESP=bfc7e1b8, EBP=0804a00c, ESI=00000001, EDI=b77e6918
-1	25761	ld-linux.so.2       	b77d088f	                                        	6a 00                                             	push 0x0                                          		EAX=0804823b, ECX=bfc7e1d4, EDX=b50f74a0, EBX=080481ec, ESP=bfc7e1ac, EBP=0804a00c, ESI=00000001, EDI=b77e6918
-1	25761	ld-linux.so.2       	b77d0891	                                        	56                                                	push esi                                          		EAX=0804823b, ECX=bfc7e1d4, EDX=b50f74a0, EBX=080481ec, ESP=bfc7e1a8, EBP=0804a00c, ESI=00000001, EDI=b77e6918
-1	25761	ld-linux.so.2       	b77d0892	                                        	6a 01                                             	push 0x1                                          		EAX=0804823b, ECX=bfc7e1d4, EDX=b50f74a0, EBX=080481ec, ESP=bfc7e1a4, EBP=0804a00c, ESI=00000001, EDI=b77e6918
-1	25761	ld-linux.so.2       	b77d0894	                                        	52                                                	push edx                                          		EAX=0804823b, ECX=bfc7e1d4, EDX=b50f74a0, EBX=080481ec, ESP=bfc7e1a0, EBP=0804a00c, ESI=00000001, EDI=b77e6918
-1	25761	ld-linux.so.2       	b77d0895	                                        	89 fa                                             	mov edx, edi                                      		EAX=0804823b, ECX=bfc7e1d4, EDX=b50f74a0, EBX=080481ec, ESP=bfc7e19c, EBP=0804a00c, ESI=00000001, EDI=b77e6918
-1	25761	ld-linux.so.2       	b77d0897	                                        	ff b7 cc 01 00 00                                 	push dword ptr [edi+0x1cc]                        		EAX=0804823b, ECX=bfc7e1d4, EDX=b77e6918, EBX=080481ec, ESP=bfc7e19c, EBP=0804a00c, ESI=00000001, EDI=b77e6918
-1	25761	ld-linux.so.2       	b77d089d	                                        	e8 be b1 ff ff                                    	call 0xb77cba60                                   		EAX=0804823b, ECX=bfc7e1d4, EDX=b77e6918, EBX=080481ec, ESP=bfc7e198, EBP=0804a00c, ESI=00000001, EDI=b77e6918
-1	25761	ld-linux.so.2       	b77d08a2	                                        	89 c7                                             	mov edi, eax                                      		EAX=b50f71b0, ECX=b4ebc2ef, EDX=b4eb5dc8, EBX=080481ec, ESP=bfc7e1ac, EBP=0804a00c, ESI=00000001, EDI=b77e6918
-1	25761	ld-linux.so.2       	b77d08a4	                                        	65 a1 0c 00 00 00                                 	mov eax, dword ptr gs:[0xc]                       		EAX=b50f71b0, ECX=b4ebc2ef, EDX=b4eb5dc8, EBX=080481ec, ESP=bfc7e1ac, EBP=0804a00c, ESI=00000001, EDI=b50f71b0
-1	25761	ld-linux.so.2       	b77d08aa	                                        	83 c4 0c                                          	add esp, 0xc                                      		EAX=00000000, ECX=b4ebc2ef, EDX=b4eb5dc8, EBX=080481ec, ESP=bfc7e1ac, EBP=0804a00c, ESI=00000001, EDI=b50f71b0
-1	25761	ld-linux.so.2       	b77d08ad	                                        	85 c0                                             	test eax, eax                                     		EAX=00000000, ECX=b4ebc2ef, EDX=b4eb5dc8, EBX=080481ec, ESP=bfc7e1b8, EBP=0804a00c, ESI=00000001, EDI=b50f71b0
-1	25761	ld-linux.so.2       	b77d08af	                                        	75 67                                             	jnz 0xb77d0918                                    		EAX=00000000, ECX=b4ebc2ef, EDX=b4eb5dc8, EBX=080481ec, ESP=bfc7e1b8, EBP=0804a00c, ESI=00000001, EDI=b50f71b0
-1	25761	ld-linux.so.2       	b77d08b1	                                        	8b 5c 24 1c                                       	mov ebx, dword ptr [esp+0x1c]                     		EAX=00000000, ECX=b4ebc2ef, EDX=b4eb5dc8, EBX=080481ec, ESP=bfc7e1b8, EBP=0804a00c, ESI=00000001, EDI=b50f71b0
-1	25761	ld-linux.so.2       	b77d08b5	                                        	85 db                                             	test ebx, ebx                                     		EAX=00000000, ECX=b4ebc2ef, EDX=b4eb5dc8, EBX=b4eb5dc8, ESP=bfc7e1b8, EBP=0804a00c, ESI=00000001, EDI=b50f71b0
-1	25761	ld-linux.so.2       	b77d08b7	                                        	74 47                                             	jz 0xb77d0900                                     		EAX=00000000, ECX=b4ebc2ef, EDX=b4eb5dc8, EBX=b4eb5dc8, ESP=bfc7e1b8, EBP=0804a00c, ESI=00000001, EDI=b50f71b0
-1	25761	ld-linux.so.2       	b77d08b9	                                        	85 ff                                             	test edi, edi                                     		EAX=00000000, ECX=b4ebc2ef, EDX=b4eb5dc8, EBX=b4eb5dc8, ESP=bfc7e1b8, EBP=0804a00c, ESI=00000001, EDI=b50f71b0
-1	25761	ld-linux.so.2       	b77d08bb	                                        	74 4b                                             	jz 0xb77d0908                                     		EAX=00000000, ECX=b4ebc2ef, EDX=b4eb5dc8, EBX=b4eb5dc8, ESP=bfc7e1b8, EBP=0804a00c, ESI=00000001, EDI=b50f71b0
-1	25761	ld-linux.so.2       	b77d08bd	                                        	8b 07                                             	mov eax, dword ptr [edi]                          		EAX=00000000, ECX=b4ebc2ef, EDX=b4eb5dc8, EBX=b4eb5dc8, ESP=bfc7e1b8, EBP=0804a00c, ESI=00000001, EDI=b50f71b0
-1	25761	ld-linux.so.2       	b77d08bf	                                        	0f b6 53 0c                                       	movzx edx, byte ptr [ebx+0xc]                     		EAX=b4ea9000, ECX=b4ebc2ef, EDX=b4eb5dc8, EBX=b4eb5dc8, ESP=bfc7e1b8, EBP=0804a00c, ESI=00000001, EDI=b50f71b0
-1	25761	ld-linux.so.2       	b77d08c3	                                        	03 43 04                                          	add eax, dword ptr [ebx+0x4]                      		EAX=b4ea9000, ECX=b4ebc2ef, EDX=00000012, EBX=b4eb5dc8, ESP=bfc7e1b8, EBP=0804a00c, ESI=00000001, EDI=b50f71b0
-1	25761	ld-linux.so.2       	b77d08c6	                                        	83 e2 0f                                          	and edx, 0xf                                      		EAX=b4ec1550, ECX=b4ebc2ef, EDX=00000012, EBX=b4eb5dc8, ESP=bfc7e1b8, EBP=0804a00c, ESI=00000001, EDI=b50f71b0
-1	25761	ld-linux.so.2       	b77d08c9	                                        	80 fa 0a                                          	cmp dl, 0xa                                       		EAX=b4ec1550, ECX=b4ebc2ef, EDX=00000002, EBX=b4eb5dc8, ESP=bfc7e1b8, EBP=0804a00c, ESI=00000001, EDI=b50f71b0
-1	25761	ld-linux.so.2       	b77d08cc	                                        	0f 84 96 00 00 00                                 	jz 0xb77d0968                                     		EAX=b4ec1550, ECX=b4ebc2ef, EDX=00000002, EBX=b4eb5dc8, ESP=bfc7e1b8, EBP=0804a00c, ESI=00000001, EDI=b50f71b0
-1	25761	ld-linux.so.2       	b77d08d2	                                        	8b 74 24 08                                       	mov esi, dword ptr [esp+0x8]                      		EAX=b4ec1550, ECX=b4ebc2ef, EDX=00000002, EBX=b4eb5dc8, ESP=bfc7e1b8, EBP=0804a00c, ESI=00000001, EDI=b50f71b0
-1	25761	ld-linux.so.2       	b77d08d6	                                        	8b 96 30 fd ff ff                                 	mov edx, dword ptr [esi-0x2d0]                    		EAX=b4ec1550, ECX=b4ebc2ef, EDX=00000002, EBX=b4eb5dc8, ESP=bfc7e1b8, EBP=0804a00c, ESI=b77e6000, EDI=b50f71b0
-1	25761	ld-linux.so.2       	b77d08dc	                                        	85 d2                                             	test edx, edx                                     		EAX=b4ec1550, ECX=b4ebc2ef, EDX=00000000, EBX=b4eb5dc8, ESP=bfc7e1b8, EBP=0804a00c, ESI=b77e6000, EDI=b50f71b0
-1	25761	ld-linux.so.2       	b77d08de	                                        	75 03                                             	jnz 0xb77d08e3                                    		EAX=b4ec1550, ECX=b4ebc2ef, EDX=00000000, EBX=b4eb5dc8, ESP=bfc7e1b8, EBP=0804a00c, ESI=b77e6000, EDI=b50f71b0
-1	25761	ld-linux.so.2       	b77d08e0	                                        	89 45 00                                          	mov dword ptr [ebp], eax                          		EAX=b4ec1550, ECX=b4ebc2ef, EDX=00000000, EBX=b4eb5dc8, ESP=bfc7e1b8, EBP=0804a00c, ESI=b77e6000, EDI=b50f71b0
-1	25761	ld-linux.so.2       	b77d08e3	                                        	83 c4 2c                                          	add esp, 0x2c                                     		EAX=b4ec1550, ECX=b4ebc2ef, EDX=00000000, EBX=b4eb5dc8, ESP=bfc7e1b8, EBP=0804a00c, ESI=b77e6000, EDI=b50f71b0
-1	25761	ld-linux.so.2       	b77d08e6	                                        	5b                                                	pop ebx                                           		EAX=b4ec1550, ECX=b4ebc2ef, EDX=00000000, EBX=b4eb5dc8, ESP=bfc7e1e4, EBP=0804a00c, ESI=b77e6000, EDI=b50f71b0
-1	25761	ld-linux.so.2       	b77d08e7	                                        	5e                                                	pop esi                                           		EAX=b4ec1550, ECX=b4ebc2ef, EDX=00000000, EBX=b77e6000, ESP=bfc7e1e8, EBP=0804a00c, ESI=b77e6000, EDI=b50f71b0
-1	25761	ld-linux.so.2       	b77d08e8	                                        	5f                                                	pop edi                                           		EAX=b4ec1550, ECX=b4ebc2ef, EDX=00000000, EBX=b77e6000, ESP=bfc7e1ec, EBP=0804a00c, ESI=00000002, EDI=b50f71b0
-1	25761	ld-linux.so.2       	b77d08e9	                                        	5d                                                	pop ebp                                           		EAX=b4ec1550, ECX=b4ebc2ef, EDX=00000000, EBX=b77e6000, ESP=bfc7e1f0, EBP=0804a00c, ESI=00000002, EDI=08048310
-1	25761	ld-linux.so.2       	b77d08ea	                                        	c3                                                	ret                                               		EAX=b4ec1550, ECX=b4ebc2ef, EDX=00000000, EBX=b77e6000, ESP=bfc7e1f4, EBP=00000000, ESI=00000002, EDI=08048310
-1	25761	ld-linux.so.2       	b77d7010	                                        	5a                                                	pop edx                                           		EAX=b4ec1550, ECX=b4ebc2ef, EDX=00000000, EBX=b77e6000, ESP=bfc7e1f8, EBP=00000000, ESI=00000002, EDI=08048310
-1	25761	ld-linux.so.2       	b77d7011	                                        	8b 0c 24                                          	mov ecx, dword ptr [esp]                          		EAX=b4ec1550, ECX=b4ebc2ef, EDX=b77d1880, EBX=b77e6000, ESP=bfc7e1fc, EBP=00000000, ESI=00000002, EDI=08048310
-1	25761	ld-linux.so.2       	b77d7014	                                        	89 04 24                                          	mov dword ptr [esp], eax                          		EAX=b4ec1550, ECX=bfc7e234, EDX=b77d1880, EBX=b77e6000, ESP=bfc7e1fc, EBP=00000000, ESI=00000002, EDI=08048310
-1	25761	ld-linux.so.2       	b77d7017	                                        	8b 44 24 04                                       	mov eax, dword ptr [esp+0x4]                      		EAX=b4ec1550, ECX=bfc7e234, EDX=b77d1880, EBX=b77e6000, ESP=bfc7e1fc, EBP=00000000, ESI=00000002, EDI=08048310
-1	25761	ld-linux.so.2       	b77d701b	                                        	c2 0c 00                                          	ret 0xc                                           		EAX=b77e6918, ECX=bfc7e234, EDX=b77d1880, EBX=b77e6000, ESP=bfc7e1fc, EBP=00000000, ESI=00000002, EDI=08048310
-1	25761	libc.so.6           	b4ec1550	                                        	e8 24 77 10 00                                    	call 0xb4fc8c79                                   		EAX=b77e6918, ECX=bfc7e234, EDX=b77d1880, EBX=b77e6000, ESP=bfc7e20c, EBP=00000000, ESI=00000002, EDI=08048310
-1	25761	libc.so.6           	b4fc8c79	__libc_start_main                       	8b 04 24                                          	mov eax, dword ptr [esp]                          		EAX=b77e6918, ECX=bfc7e234, EDX=b77d1880, EBX=b77e6000, ESP=bfc7e208, EBP=00000000, ESI=00000002, EDI=08048310
-1	25761	libc.so.6           	b4fc8c7c	                                        	c3                                                	ret                                               		EAX=b4ec1555, ECX=bfc7e234, EDX=b77d1880, EBX=b77e6000, ESP=bfc7e208, EBP=00000000, ESI=00000002, EDI=08048310
-1	25761	libc.so.6           	b4ec1555	                                        	05 ab aa 19 00                                    	add eax, 0x19aaab                                 		EAX=b4ec1555, ECX=bfc7e234, EDX=b77d1880, EBX=b77e6000, ESP=bfc7e20c, EBP=00000000, ESI=00000002, EDI=08048310
-1	25761	libc.so.6           	b4ec155a	                                        	55                                                	push ebp                                          		EAX=b505c000, ECX=bfc7e234, EDX=b77d1880, EBX=b77e6000, ESP=bfc7e20c, EBP=00000000, ESI=00000002, EDI=08048310
-1	25761	libc.so.6           	b4ec155b	                                        	57                                                	push edi                                          		EAX=b505c000, ECX=bfc7e234, EDX=b77d1880, EBX=b77e6000, ESP=bfc7e208, EBP=00000000, ESI=00000002, EDI=08048310
-1	25761	libc.so.6           	b4ec155c	                                        	56                                                	push esi                                          		EAX=b505c000, ECX=bfc7e234, EDX=b77d1880, EBX=b77e6000, ESP=bfc7e204, EBP=00000000, ESI=00000002, EDI=08048310
-1	25761	libc.so.6           	b4ec155d	                                        	53                                                	push ebx                                          		EAX=b505c000, ECX=bfc7e234, EDX=b77d1880, EBX=b77e6000, ESP=bfc7e200, EBP=00000000, ESI=00000002, EDI=08048310
-1	25761	libc.so.6           	b4ec155e	                                        	89 c7                                             	mov edi, eax                                      		EAX=b505c000, ECX=bfc7e234, EDX=b77d1880, EBX=b77e6000, ESP=bfc7e1fc, EBP=00000000, ESI=00000002, EDI=08048310
-1	25761	libc.so.6           	b4ec1560	                                        	83 ec 4c                                          	sub esp, 0x4c                                     		EAX=b505c000, ECX=bfc7e234, EDX=b77d1880, EBX=b77e6000, ESP=bfc7e1fc, EBP=00000000, ESI=00000002, EDI=b505c000
-1	25761	libc.so.6           	b4ec1563	                                        	8b 97 94 ff ff ff                                 	mov edx, dword ptr [edi-0x6c]                     		EAX=b505c000, ECX=bfc7e234, EDX=b77d1880, EBX=b77e6000, ESP=bfc7e1b0, EBP=00000000, ESI=00000002, EDI=b505c000
-1	25761	libc.so.6           	b4ec1569	                                        	89 44 24 08                                       	mov dword ptr [esp+0x8], eax                      		EAX=b505c000, ECX=bfc7e234, EDX=00000000, EBX=b77e6000, ESP=bfc7e1b0, EBP=00000000, ESI=00000002, EDI=b505c000
-1	25761	libc.so.6           	b4ec156d	                                        	8b 44 24 74                                       	mov eax, dword ptr [esp+0x74]                     		EAX=b505c000, ECX=bfc7e234, EDX=00000000, EBX=b77e6000, ESP=bfc7e1b0, EBP=00000000, ESI=00000002, EDI=b505c000
-1	25761	libc.so.6           	b4ec1571	                                        	85 d2                                             	test edx, edx                                     		EAX=b77d1880, ECX=bfc7e234, EDX=00000000, EBX=b77e6000, ESP=bfc7e1b0, EBP=00000000, ESI=00000002, EDI=b505c000
-1	25761	libc.so.6           	b4ec1573	                                        	0f 84 da 00 00 00                                 	jz 0xb4ec1653                                     		EAX=b77d1880, ECX=bfc7e234, EDX=00000000, EBX=b77e6000, ESP=bfc7e1b0, EBP=00000000, ESI=00000002, EDI=b505c000
-1	25761	libc.so.6           	b4ec1653	                                        	31 c9                                             	xor ecx, ecx                                      		EAX=b77d1880, ECX=bfc7e234, EDX=00000000, EBX=b77e6000, ESP=bfc7e1b0, EBP=00000000, ESI=00000002, EDI=b505c000
-1	25761	libc.so.6           	b4ec1655	                                        	e9 28 ff ff ff                                    	jmp 0xb4ec1582                                    		EAX=b77d1880, ECX=00000000, EDX=00000000, EBX=b77e6000, ESP=bfc7e1b0, EBP=00000000, ESI=00000002, EDI=b505c000
-1	25761	libc.so.6           	b4ec1582	                                        	8b 74 24 08                                       	mov esi, dword ptr [esp+0x8]                      		EAX=b77d1880, ECX=00000000, EDX=00000000, EBX=b77e6000, ESP=bfc7e1b0, EBP=00000000, ESI=00000002, EDI=b505c000
-1	25761	libc.so.6           	b4ec1586	                                        	85 c0                                             	test eax, eax                                     		EAX=b77d1880, ECX=00000000, EDX=00000000, EBX=b77e6000, ESP=bfc7e1b0, EBP=00000000, ESI=b505c000, EDI=b505c000
-1	25761	libc.so.6           	b4ec1588	                                        	8d 96 40 00 00 00                                 	lea edx, ptr [esi+0x40]                           		EAX=b77d1880, ECX=00000000, EDX=00000000, EBX=b77e6000, ESP=bfc7e1b0, EBP=00000000, ESI=b505c000, EDI=b505c000
-1	25761	libc.so.6           	b4ec158e	                                        	89 0a                                             	mov dword ptr [edx], ecx                          		EAX=b77d1880, ECX=00000000, EDX=b505c040, EBX=b77e6000, ESP=bfc7e1b0, EBP=00000000, ESI=b505c000, EDI=b505c000
-1	25761	libc.so.6           	b4ec1590	                                        	74 10                                             	jz 0xb4ec15a2                                     		EAX=b77d1880, ECX=00000000, EDX=b505c040, EBX=b77e6000, ESP=bfc7e1b0, EBP=00000000, ESI=b505c000, EDI=b505c000
-1	25761	libc.so.6           	b4ec1592	                                        	83 ec 04                                          	sub esp, 0x4                                      		EAX=b77d1880, ECX=00000000, EDX=b505c040, EBX=b77e6000, ESP=bfc7e1b0, EBP=00000000, ESI=b505c000, EDI=b505c000
-1	25761	libc.so.6           	b4ec1595	                                        	6a 00                                             	push 0x0                                          		EAX=b77d1880, ECX=00000000, EDX=b505c040, EBX=b77e6000, ESP=bfc7e1ac, EBP=00000000, ESI=b505c000, EDI=b505c000
-1	25761	libc.so.6           	b4ec1597	                                        	6a 00                                             	push 0x0                                          		EAX=b77d1880, ECX=00000000, EDX=b505c040, EBX=b77e6000, ESP=bfc7e1a8, EBP=00000000, ESI=b505c000, EDI=b505c000
-1	25761	libc.so.6           	b4ec1599	                                        	50                                                	push eax                                          		EAX=b77d1880, ECX=00000000, EDX=b505c040, EBX=b77e6000, ESP=bfc7e1a4, EBP=00000000, ESI=b505c000, EDI=b505c000
-1	25761	libc.so.6           	b4ec159a	                                        	e8 61 66 01 00                                    	call 0xb4ed7c00                                   		EAX=b77d1880, ECX=00000000, EDX=b505c040, EBX=b77e6000, ESP=bfc7e1a0, EBP=00000000, ESI=b505c000, EDI=b505c000
-1	25761	libc.so.6           	b4ed7c00	                                        	53                                                	push ebx                                          		EAX=b77d1880, ECX=00000000, EDX=b505c040, EBX=b77e6000, ESP=bfc7e19c, EBP=00000000, ESI=b505c000, EDI=b505c000
-1	25761	libc.so.6           	b4ed7c01	                                        	e8 6f 10 0f 00                                    	call 0xb4fc8c75                                   		EAX=b77d1880, ECX=00000000, EDX=b505c040, EBX=b77e6000, ESP=bfc7e198, EBP=00000000, ESI=b505c000, EDI=b505c000
-1	25761	libc.so.6           	b4fc8c75	__cxa_atexit                            	8b 1c 24                                          	mov ebx, dword ptr [esp]                          		EAX=b77d1880, ECX=00000000, EDX=b505c040, EBX=b77e6000, ESP=bfc7e194, EBP=00000000, ESI=b505c000, EDI=b505c000
-1	25761	libc.so.6           	b4fc8c78	                                        	c3                                                	ret                                               		EAX=b77d1880, ECX=00000000, EDX=b505c040, EBX=b4ed7c06, ESP=bfc7e194, EBP=00000000, ESI=b505c000, EDI=b505c000
-1	25761	libc.so.6           	b4ed7c06	                                        	81 c3 fa 43 18 00                                 	add ebx, 0x1843fa                                 		EAX=b77d1880, ECX=00000000, EDX=b505c040, EBX=b4ed7c06, ESP=bfc7e198, EBP=00000000, ESI=b505c000, EDI=b505c000
-1	25761	libc.so.6           	b4ed7c0c	                                        	83 ec 14                                          	sub esp, 0x14                                     		EAX=b77d1880, ECX=00000000, EDX=b505c040, EBX=b505c000, ESP=bfc7e198, EBP=00000000, ESI=b505c000, EDI=b505c000
-1	25761	libc.so.6           	b4ed7c0f	                                        	8d 83 dc 03 00 00                                 	lea eax, ptr [ebx+0x3dc]                          		EAX=b77d1880, ECX=00000000, EDX=b505c040, EBX=b505c000, ESP=bfc7e184, EBP=00000000, ESI=b505c000, EDI=b505c000
-1	25761	libc.so.6           	b4ed7c15	                                        	50                                                	push eax                                          		EAX=b505c3dc, ECX=00000000, EDX=b505c040, EBX=b505c000, ESP=bfc7e184, EBP=00000000, ESI=b505c000, EDI=b505c000
-1	25761	libc.so.6           	b4ed7c16	                                        	e8 35 fe ff ff                                    	call 0xb4ed7a50                                   		EAX=b505c3dc, ECX=00000000, EDX=b505c040, EBX=b505c000, ESP=bfc7e180, EBP=00000000, ESI=b505c000, EDI=b505c000
-1	25761	libc.so.6           	b4ed7a50	                                        	55                                                	push ebp                                          		EAX=b505c3dc, ECX=00000000, EDX=b505c040, EBX=b505c000, ESP=bfc7e17c, EBP=00000000, ESI=b505c000, EDI=b505c000
-1	25761	libc.so.6           	b4ed7a51	                                        	57                                                	push edi                                          		EAX=b505c3dc, ECX=00000000, EDX=b505c040, EBX=b505c000, ESP=bfc7e178, EBP=00000000, ESI=b505c000, EDI=b505c000
-1	25761	libc.so.6           	b4ed7a52	                                        	31 c0                                             	xor eax, eax                                      		EAX=b505c3dc, ECX=00000000, EDX=b505c040, EBX=b505c000, ESP=bfc7e174, EBP=00000000, ESI=b505c000, EDI=b505c000
-1	25761	libc.so.6           	b4ed7a54	                                        	56                                                	push esi                                          		EAX=00000000, ECX=00000000, EDX=b505c040, EBX=b505c000, ESP=bfc7e174, EBP=00000000, ESI=b505c000, EDI=b505c000
-1	25761	libc.so.6           	b4ed7a55	                                        	53                                                	push ebx                                          		EAX=00000000, ECX=00000000, EDX=b505c040, EBX=b505c000, ESP=bfc7e170, EBP=00000000, ESI=b505c000, EDI=b505c000
-1	25761	libc.so.6           	b4ed7a56	                                        	b9 01 00 00 00                                    	mov ecx, 0x1                                      		EAX=00000000, ECX=00000000, EDX=b505c040, EBX=b505c000, ESP=bfc7e16c, EBP=00000000, ESI=b505c000, EDI=b505c000
-1	25761	libc.so.6           	b4ed7a5b	                                        	e8 15 12 0f 00                                    	call 0xb4fc8c75                                   		EAX=00000000, ECX=00000001, EDX=b505c040, EBX=b505c000, ESP=bfc7e16c, EBP=00000000, ESI=b505c000, EDI=b505c000
-1	25761	libc.so.6           	b4fc8c75	                                        	8b 1c 24                                          	mov ebx, dword ptr [esp]                          		EAX=00000000, ECX=00000001, EDX=b505c040, EBX=b505c000, ESP=bfc7e168, EBP=00000000, ESI=b505c000, EDI=b505c000
-1	25761	libc.so.6           	b4fc8c78	                                        	c3                                                	ret                                               		EAX=00000000, ECX=00000001, EDX=b505c040, EBX=b4ed7a60, ESP=bfc7e168, EBP=00000000, ESI=b505c000, EDI=b505c000
-1	25761	libc.so.6           	b4ed7a60	                                        	81 c3 a0 45 18 00                                 	add ebx, 0x1845a0                                 		EAX=00000000, ECX=00000001, EDX=b505c040, EBX=b4ed7a60, ESP=bfc7e16c, EBP=00000000, ESI=b505c000, EDI=b505c000
-1	25761	libc.so.6           	b4ed7a66	                                        	83 ec 0c                                          	sub esp, 0xc                                      		EAX=00000000, ECX=00000001, EDX=b505c040, EBX=b505c000, ESP=bfc7e16c, EBP=00000000, ESI=b505c000, EDI=b505c000
-1	25761	libc.so.6           	b4ed7a69	                                        	65 83 3d 0c 00 00 00 00                           	cmp dword ptr gs:[0xc], 0x0                       		EAX=00000000, ECX=00000001, EDX=b505c040, EBX=b505c000, ESP=bfc7e160, EBP=00000000, ESI=b505c000, EDI=b505c000
-1	25761	libc.so.6           	b4ed7a71	                                        	74 01                                             	jz 0xb4ed7a74                                     		EAX=00000000, ECX=00000001, EDX=b505c040, EBX=b505c000, ESP=bfc7e160, EBP=00000000, ESI=b505c000, EDI=b505c000
-1	25761	libc.so.6           	b4ed7a74	                                        	0f b1 8b e8 13 00 00                              	cmpxchg dword ptr [ebx+0x13e8], ecx               		EAX=00000000, ECX=00000001, EDX=b505c040, EBX=b505c000, ESP=bfc7e160, EBP=00000000, ESI=b505c000, EDI=b505c000
-1	25761	libc.so.6           	b4ed7a7b	                                        	74 0b                                             	jz 0xb4ed7a88                                     		EAX=00000000, ECX=00000001, EDX=b505c040, EBX=b505c000, ESP=bfc7e160, EBP=00000000, ESI=b505c000, EDI=b505c000
-1	25761	libc.so.6           	b4ed7a88	                                        	8b 44 24 20                                       	mov eax, dword ptr [esp+0x20]                     		EAX=00000000, ECX=00000001, EDX=b505c040, EBX=b505c000, ESP=bfc7e160, EBP=00000000, ESI=b505c000, EDI=b505c000
-1	25761	libc.so.6           	b4ed7a8c	                                        	31 ed                                             	xor ebp, ebp                                      		EAX=b505c3dc, ECX=00000001, EDX=b505c040, EBX=b505c000, ESP=bfc7e160, EBP=00000000, ESI=b505c000, EDI=b505c000
-1	25761	libc.so.6           	b4ed7a8e	                                        	8b 30                                             	mov esi, dword ptr [eax]                          		EAX=b505c3dc, ECX=00000001, EDX=b505c040, EBX=b505c000, ESP=bfc7e160, EBP=00000000, ESI=b505c000, EDI=b505c000
-1	25761	libc.so.6           	b4ed7a90	                                        	85 f6                                             	test esi, esi                                     		EAX=b505c3dc, ECX=00000001, EDX=b505c040, EBX=b505c000, ESP=bfc7e160, EBP=00000000, ESI=b505d1e0, EDI=b505c000
-1	25761	libc.so.6           	b4ed7a92	                                        	89 f7                                             	mov edi, esi                                      		EAX=b505c3dc, ECX=00000001, EDX=b505c040, EBX=b505c000, ESP=bfc7e160, EBP=00000000, ESI=b505d1e0, EDI=b505c000
-1	25761	libc.so.6           	b4ed7a94	                                        	0f 84 d9 00 00 00                                 	jz 0xb4ed7b73                                     		EAX=b505c3dc, ECX=00000001, EDX=b505c040, EBX=b505c000, ESP=bfc7e160, EBP=00000000, ESI=b505d1e0, EDI=b505d1e0
-1	25761	libc.so.6           	b4ed7a9a	                                        	8d b6 00 00 00 00                                 	lea esi, ptr [esi]                                		EAX=b505c3dc, ECX=00000001, EDX=b505c040, EBX=b505c000, ESP=bfc7e160, EBP=00000000, ESI=b505d1e0, EDI=b505d1e0
-1	25761	libc.so.6           	b4ed7aa0	                                        	8b 47 04                                          	mov eax, dword ptr [edi+0x4]                      		EAX=b505c3dc, ECX=00000001, EDX=b505c040, EBX=b505c000, ESP=bfc7e160, EBP=00000000, ESI=b505d1e0, EDI=b505d1e0
-1	25761	libc.so.6           	b4ed7aa3	                                        	85 c0                                             	test eax, eax                                     		EAX=00000000, ECX=00000001, EDX=b505c040, EBX=b505c000, ESP=bfc7e160, EBP=00000000, ESI=b505d1e0, EDI=b505d1e0
-1	25761	libc.so.6           	b4ed7aa5	                                        	74 2b                                             	jz 0xb4ed7ad2                                     		EAX=00000000, ECX=00000001, EDX=b505c040, EBX=b505c000, ESP=bfc7e160, EBP=00000000, ESI=b505d1e0, EDI=b505d1e0
-1	25761	libc.so.6           	b4ed7ad2	                                        	8b 07                                             	mov eax, dword ptr [edi]                          		EAX=00000000, ECX=00000001, EDX=b505c040, EBX=b505c000, ESP=bfc7e160, EBP=00000000, ESI=b505d1e0, EDI=b505d1e0
-1	25761	libc.so.6           	b4ed7ad4	                                        	c7 47 04 00 00 00 00                              	mov dword ptr [edi+0x4], 0x0                      		EAX=00000000, ECX=00000001, EDX=b505c040, EBX=b505c000, ESP=bfc7e160, EBP=00000000, ESI=b505d1e0, EDI=b505d1e0
-1	25761	libc.so.6           	b4ed7adb	                                        	89 fd                                             	mov ebp, edi                                      		EAX=00000000, ECX=00000001, EDX=b505c040, EBX=b505c000, ESP=bfc7e160, EBP=00000000, ESI=b505d1e0, EDI=b505d1e0
-1	25761	libc.so.6           	b4ed7add	                                        	85 c0                                             	test eax, eax                                     		EAX=00000000, ECX=00000001, EDX=b505c040, EBX=b505c000, ESP=bfc7e160, EBP=b505d1e0, ESI=b505d1e0, EDI=b505d1e0
-1	25761	libc.so.6           	b4ed7adf	                                        	0f 84 82 00 00 00                                 	jz 0xb4ed7b67                                     		EAX=00000000, ECX=00000001, EDX=b505c040, EBX=b505c000, ESP=bfc7e160, EBP=b505d1e0, ESI=b505d1e0, EDI=b505d1e0
-1	25761	libc.so.6           	b4ed7b67	                                        	8d 4f 08                                          	lea ecx, ptr [edi+0x8]                            		EAX=00000000, ECX=00000001, EDX=b505c040, EBX=b505c000, ESP=bfc7e160, EBP=b505d1e0, ESI=b505d1e0, EDI=b505d1e0
-1	25761	libc.so.6           	b4ed7b6a	                                        	c7 47 04 01 00 00 00                              	mov dword ptr [edi+0x4], 0x1                      		EAX=00000000, ECX=b505d1e8, EDX=b505c040, EBX=b505c000, ESP=bfc7e160, EBP=b505d1e0, ESI=b505d1e0, EDI=b505d1e0
-1	25761	libc.so.6           	b4ed7b71	                                        	eb 91                                             	jmp 0xb4ed7b04                                    		EAX=00000000, ECX=b505d1e8, EDX=b505c040, EBX=b505c000, ESP=bfc7e160, EBP=b505d1e0, ESI=b505d1e0, EDI=b505d1e0
-1	25761	libc.so.6           	b4ed7b04	                                        	c7 01 01 00 00 00                                 	mov dword ptr [ecx], 0x1                          		EAX=00000000, ECX=b505d1e8, EDX=b505c040, EBX=b505c000, ESP=bfc7e160, EBP=b505d1e0, ESI=b505d1e0, EDI=b505d1e0
-1	25761	libc.so.6           	b4ed7b0a	                                        	83 83 e0 36 00 00 01                              	add dword ptr [ebx+0x36e0], 0x1                   		EAX=00000000, ECX=b505d1e8, EDX=b505c040, EBX=b505c000, ESP=bfc7e160, EBP=b505d1e0, ESI=b505d1e0, EDI=b505d1e0
-1	25761	libc.so.6           	b4ed7b11	                                        	83 93 e4 36 00 00 00                              	adc dword ptr [ebx+0x36e4], 0x0                   		EAX=00000000, ECX=b505d1e8, EDX=b505c040, EBX=b505c000, ESP=bfc7e160, EBP=b505d1e0, ESI=b505d1e0, EDI=b505d1e0
-1	25761	libc.so.6           	b4ed7b18	                                        	65 83 3d 0c 00 00 00 00                           	cmp dword ptr gs:[0xc], 0x0                       		EAX=00000000, ECX=b505d1e8, EDX=b505c040, EBX=b505c000, ESP=bfc7e160, EBP=b505d1e0, ESI=b505d1e0, EDI=b505d1e0
-1	25761	libc.so.6           	b4ed7b20	                                        	74 01                                             	jz 0xb4ed7b23                                     		EAX=00000000, ECX=b505d1e8, EDX=b505c040, EBX=b505c000, ESP=bfc7e160, EBP=b505d1e0, ESI=b505d1e0, EDI=b505d1e0
-1	25761	libc.so.6           	b4ed7b23	                                        	83 ab e8 13 00 00 01                              	sub dword ptr [ebx+0x13e8], 0x1                   		EAX=00000000, ECX=b505d1e8, EDX=b505c040, EBX=b505c000, ESP=bfc7e160, EBP=b505d1e0, ESI=b505d1e0, EDI=b505d1e0
-1	25761	libc.so.6           	b4ed7b2a	                                        	74 0b                                             	jz 0xb4ed7b37                                     		EAX=00000000, ECX=b505d1e8, EDX=b505c040, EBX=b505c000, ESP=bfc7e160, EBP=b505d1e0, ESI=b505d1e0, EDI=b505d1e0
-1	25761	libc.so.6           	b4ed7b37	                                        	83 c4 0c                                          	add esp, 0xc                                      		EAX=00000000, ECX=b505d1e8, EDX=b505c040, EBX=b505c000, ESP=bfc7e160, EBP=b505d1e0, ESI=b505d1e0, EDI=b505d1e0
-1	25761	libc.so.6           	b4ed7b3a	                                        	89 c8                                             	mov eax, ecx                                      		EAX=00000000, ECX=b505d1e8, EDX=b505c040, EBX=b505c000, ESP=bfc7e16c, EBP=b505d1e0, ESI=b505d1e0, EDI=b505d1e0
-1	25761	libc.so.6           	b4ed7b3c	                                        	5b                                                	pop ebx                                           		EAX=b505d1e8, ECX=b505d1e8, EDX=b505c040, EBX=b505c000, ESP=bfc7e16c, EBP=b505d1e0, ESI=b505d1e0, EDI=b505d1e0
-1	25761	libc.so.6           	b4ed7b3d	                                        	5e                                                	pop esi                                           		EAX=b505d1e8, ECX=b505d1e8, EDX=b505c040, EBX=b505c000, ESP=bfc7e170, EBP=b505d1e0, ESI=b505d1e0, EDI=b505d1e0
-1	25761	libc.so.6           	b4ed7b3e	                                        	5f                                                	pop edi                                           		EAX=b505d1e8, ECX=b505d1e8, EDX=b505c040, EBX=b505c000, ESP=bfc7e174, EBP=b505d1e0, ESI=b505c000, EDI=b505d1e0
-1	25761	libc.so.6           	b4ed7b3f	                                        	5d                                                	pop ebp                                           		EAX=b505d1e8, ECX=b505d1e8, EDX=b505c040, EBX=b505c000, ESP=bfc7e178, EBP=b505d1e0, ESI=b505c000, EDI=b505c000
-1	25761	libc.so.6           	b4ed7b40	                                        	c3                                                	ret                                               		EAX=b505d1e8, ECX=b505d1e8, EDX=b505c040, EBX=b505c000, ESP=bfc7e17c, EBP=00000000, ESI=b505c000, EDI=b505c000
-1	25761	libc.so.6           	b4ed7c1b	                                        	83 c4 10                                          	add esp, 0x10                                     		EAX=b505d1e8, ECX=b505d1e8, EDX=b505c040, EBX=b505c000, ESP=bfc7e180, EBP=00000000, ESI=b505c000, EDI=b505c000
-1	25761	libc.so.6           	b4ed7c1e	                                        	85 c0                                             	test eax, eax                                     		EAX=b505d1e8, ECX=b505d1e8, EDX=b505c040, EBX=b505c000, ESP=bfc7e190, EBP=00000000, ESI=b505c000, EDI=b505c000
-1	25761	libc.so.6           	b4ed7c20	                                        	74 2c                                             	jz 0xb4ed7c4e                                     		EAX=b505d1e8, ECX=b505d1e8, EDX=b505c040, EBX=b505c000, ESP=bfc7e190, EBP=00000000, ESI=b505c000, EDI=b505c000
-1	25761	libc.so.6           	b4ed7c22	                                        	8b 54 24 10                                       	mov edx, dword ptr [esp+0x10]                     		EAX=b505d1e8, ECX=b505d1e8, EDX=b505c040, EBX=b505c000, ESP=bfc7e190, EBP=00000000, ESI=b505c000, EDI=b505c000
-1	25761	libc.so.6           	b4ed7c26	                                        	65 33 15 18 00 00 00                              	xor edx, dword ptr gs:[0x18]                      		EAX=b505d1e8, ECX=b505d1e8, EDX=b77d1880, EBX=b505c000, ESP=bfc7e190, EBP=00000000, ESI=b505c000, EDI=b505c000
-1	25761	libc.so.6           	b4ed7c2d	                                        	c1 c2 09                                          	rol edx, 0x9                                      		EAX=b505d1e8, ECX=b505d1e8, EDX=c8c24730, EBX=b505c000, ESP=bfc7e190, EBP=00000000, ESI=b505c000, EDI=b505c000
-1	25761	libc.so.6           	b4ed7c30	                                        	89 50 04                                          	mov dword ptr [eax+0x4], edx                      		EAX=b505d1e8, ECX=b505d1e8, EDX=848e6191, EBX=b505c000, ESP=bfc7e190, EBP=00000000, ESI=b505c000, EDI=b505c000
-1	25761	libc.so.6           	b4ed7c33	                                        	8b 54 24 14                                       	mov edx, dword ptr [esp+0x14]                     		EAX=b505d1e8, ECX=b505d1e8, EDX=848e6191, EBX=b505c000, ESP=bfc7e190, EBP=00000000, ESI=b505c000, EDI=b505c000
-1	25761	libc.so.6           	b4ed7c37	                                        	89 50 08                                          	mov dword ptr [eax+0x8], edx                      		EAX=b505d1e8, ECX=b505d1e8, EDX=00000000, EBX=b505c000, ESP=bfc7e190, EBP=00000000, ESI=b505c000, EDI=b505c000
-1	25761	libc.so.6           	b4ed7c3a	                                        	8b 54 24 18                                       	mov edx, dword ptr [esp+0x18]                     		EAX=b505d1e8, ECX=b505d1e8, EDX=00000000, EBX=b505c000, ESP=bfc7e190, EBP=00000000, ESI=b505c000, EDI=b505c000
-1	25761	libc.so.6           	b4ed7c3e	                                        	89 50 0c                                          	mov dword ptr [eax+0xc], edx                      		EAX=b505d1e8, ECX=b505d1e8, EDX=00000000, EBX=b505c000, ESP=bfc7e190, EBP=00000000, ESI=b505c000, EDI=b505c000
-1	25761	libc.so.6           	b4ed7c41	                                        	c7 00 04 00 00 00                                 	mov dword ptr [eax], 0x4                          		EAX=b505d1e8, ECX=b505d1e8, EDX=00000000, EBX=b505c000, ESP=bfc7e190, EBP=00000000, ESI=b505c000, EDI=b505c000
-1	25761	libc.so.6           	b4ed7c47	                                        	31 c0                                             	xor eax, eax                                      		EAX=b505d1e8, ECX=b505d1e8, EDX=00000000, EBX=b505c000, ESP=bfc7e190, EBP=00000000, ESI=b505c000, EDI=b505c000
-1	25761	libc.so.6           	b4ed7c49	                                        	83 c4 08                                          	add esp, 0x8                                      		EAX=00000000, ECX=b505d1e8, EDX=00000000, EBX=b505c000, ESP=bfc7e190, EBP=00000000, ESI=b505c000, EDI=b505c000
-1	25761	libc.so.6           	b4ed7c4c	                                        	5b                                                	pop ebx                                           		EAX=00000000, ECX=b505d1e8, EDX=00000000, EBX=b505c000, ESP=bfc7e198, EBP=00000000, ESI=b505c000, EDI=b505c000
-1	25761	libc.so.6           	b4ed7c4d	                                        	c3                                                	ret                                               		EAX=00000000, ECX=b505d1e8, EDX=00000000, EBX=b77e6000, ESP=bfc7e19c, EBP=00000000, ESI=b505c000, EDI=b505c000
-1	25761	libc.so.6           	b4ec159f	                                        	83 c4 10                                          	add esp, 0x10                                     		EAX=00000000, ECX=b505d1e8, EDX=00000000, EBX=b77e6000, ESP=bfc7e1a0, EBP=00000000, ESI=b505c000, EDI=b505c000
-1	25761	libc.so.6           	b4ec15a2	                                        	8b 44 24 08                                       	mov eax, dword ptr [esp+0x8]                      		EAX=00000000, ECX=b505d1e8, EDX=00000000, EBX=b77e6000, ESP=bfc7e1b0, EBP=00000000, ESI=b505c000, EDI=b505c000
-1	25761	libc.so.6           	b4ec15a6	                                        	8b 80 24 ff ff ff                                 	mov eax, dword ptr [eax-0xdc]                     		EAX=b505c000, ECX=b505d1e8, EDX=00000000, EBX=b77e6000, ESP=bfc7e1b0, EBP=00000000, ESI=b505c000, EDI=b505c000
-1	25761	libc.so.6           	b4ec15ac	                                        	8b 18                                             	mov ebx, dword ptr [eax]                          		EAX=b77e5d00, ECX=b505d1e8, EDX=00000000, EBX=b77e6000, ESP=bfc7e1b0, EBP=00000000, ESI=b505c000, EDI=b505c000
-1	25761	libc.so.6           	b4ec15ae	                                        	83 e3 02                                          	and ebx, 0x2                                      		EAX=b77e5d00, ECX=b505d1e8, EDX=00000000, EBX=00000000, ESP=bfc7e1b0, EBP=00000000, ESI=b505c000, EDI=b505c000
-1	25761	libc.so.6           	b4ec15b1	                                        	0f 85 d7 00 00 00                                 	jnz 0xb4ec168e                                    		EAX=b77e5d00, ECX=b505d1e8, EDX=00000000, EBX=00000000, ESP=bfc7e1b0, EBP=00000000, ESI=b505c000, EDI=b505c000
-1	25761	libc.so.6           	b4ec15b7	                                        	83 7c 24 6c 00                                    	cmp dword ptr [esp+0x6c], 0x0                     		EAX=b77e5d00, ECX=b505d1e8, EDX=00000000, EBX=00000000, ESP=bfc7e1b0, EBP=00000000, ESI=b505c000, EDI=b505c000
-1	25761	libc.so.6           	b4ec15bc	                                        	74 1c                                             	jz 0xb4ec15da                                     		EAX=b77e5d00, ECX=b505d1e8, EDX=00000000, EBX=00000000, ESP=bfc7e1b0, EBP=00000000, ESI=b505c000, EDI=b505c000
-1	25761	libc.so.6           	b4ec15be	                                        	52                                                	push edx                                          		EAX=b77e5d00, ECX=b505d1e8, EDX=00000000, EBX=00000000, ESP=bfc7e1b0, EBP=00000000, ESI=b505c000, EDI=b505c000
-1	25761	libc.so.6           	b4ec15bf	                                        	8b 44 24 0c                                       	mov eax, dword ptr [esp+0xc]                      		EAX=b77e5d00, ECX=b505d1e8, EDX=00000000, EBX=00000000, ESP=bfc7e1ac, EBP=00000000, ESI=b505c000, EDI=b505c000
-1	25761	libc.so.6           	b4ec15c3	                                        	8b 80 48 ff ff ff                                 	mov eax, dword ptr [eax-0xb8]                     		EAX=b505c000, ECX=b505d1e8, EDX=00000000, EBX=00000000, ESP=bfc7e1ac, EBP=00000000, ESI=b505c000, EDI=b505c000
-1	25761	libc.so.6           	b4ec15c9	                                        	ff 30                                             	push dword ptr [eax]                              		EAX=b505ddbc, ECX=b505d1e8, EDX=00000000, EBX=00000000, ESP=bfc7e1ac, EBP=00000000, ESI=b505c000, EDI=b505c000
-1	25761	libc.so.6           	b4ec15cb	                                        	ff 74 24 70                                       	push dword ptr [esp+0x70]                         		EAX=b505ddbc, ECX=b505d1e8, EDX=00000000, EBX=00000000, ESP=bfc7e1a8, EBP=00000000, ESI=b505c000, EDI=b505c000
-1	25761	libc.so.6           	b4ec15cf	                                        	ff 74 24 70                                       	push dword ptr [esp+0x70]                         		EAX=b505ddbc, ECX=b505d1e8, EDX=00000000, EBX=00000000, ESP=bfc7e1a4, EBP=00000000, ESI=b505c000, EDI=b505c000
-1	25761	libc.so.6           	b4ec15d3	                                        	ff 54 24 7c                                       	call dword ptr [esp+0x7c]                         		EAX=b505ddbc, ECX=b505d1e8, EDX=00000000, EBX=00000000, ESP=bfc7e1a0, EBP=00000000, ESI=b505c000, EDI=b505c000
-1	25761	unknown             	08048470	                                        	55                                                	push ebp                                          		EAX=b505ddbc, ECX=b505d1e8, EDX=00000000, EBX=00000000, ESP=bfc7e19c, EBP=00000000, ESI=b505c000, EDI=b505c000
-1	25761	unknown             	08048471	                                        	57                                                	push edi                                          		EAX=b505ddbc, ECX=b505d1e8, EDX=00000000, EBX=00000000, ESP=bfc7e198, EBP=00000000, ESI=b505c000, EDI=b505c000
-1	25761	unknown             	08048472	                                        	56                                                	push esi                                          		EAX=b505ddbc, ECX=b505d1e8, EDX=00000000, EBX=00000000, ESP=bfc7e194, EBP=00000000, ESI=b505c000, EDI=b505c000
-1	25761	unknown             	08048473	                                        	53                                                	push ebx                                          		EAX=b505ddbc, ECX=b505d1e8, EDX=00000000, EBX=00000000, ESP=bfc7e190, EBP=00000000, ESI=b505c000, EDI=b505c000
-1	25761	unknown             	08048474	                                        	e8 c7 fe ff ff                                    	call 0x8048340                                    		EAX=b505ddbc, ECX=b505d1e8, EDX=00000000, EBX=00000000, ESP=bfc7e18c, EBP=00000000, ESI=b505c000, EDI=b505c000
-1	25761	unknown             	08048340	                                        	8b 1c 24                                          	mov ebx, dword ptr [esp]                          		EAX=b505ddbc, ECX=b505d1e8, EDX=00000000, EBX=00000000, ESP=bfc7e188, EBP=00000000, ESI=b505c000, EDI=b505c000
-1	25761	unknown             	08048343	                                        	c3                                                	ret                                               		EAX=b505ddbc, ECX=b505d1e8, EDX=00000000, EBX=08048479, ESP=bfc7e188, EBP=00000000, ESI=b505c000, EDI=b505c000
-1	25761	unknown             	08048479	                                        	81 c3 87 1b 00 00                                 	add ebx, 0x1b87                                   		EAX=b505ddbc, ECX=b505d1e8, EDX=00000000, EBX=08048479, ESP=bfc7e18c, EBP=00000000, ESI=b505c000, EDI=b505c000
-1	25761	unknown             	0804847f	                                        	83 ec 0c                                          	sub esp, 0xc                                      		EAX=b505ddbc, ECX=b505d1e8, EDX=00000000, EBX=0804a000, ESP=bfc7e18c, EBP=00000000, ESI=b505c000, EDI=b505c000
-1	25761	unknown             	08048482	                                        	8b 6c 24 20                                       	mov ebp, dword ptr [esp+0x20]                     		EAX=b505ddbc, ECX=b505d1e8, EDX=00000000, EBX=0804a000, ESP=bfc7e180, EBP=00000000, ESI=b505c000, EDI=b505c000
-1	25761	unknown             	08048486	                                        	8d b3 0c ff ff ff                                 	lea esi, ptr [ebx-0xf4]                           		EAX=b505ddbc, ECX=b505d1e8, EDX=00000000, EBX=0804a000, ESP=bfc7e180, EBP=00000002, ESI=b505c000, EDI=b505c000
-1	25761	unknown             	0804848c	                                        	e8 17 fe ff ff                                    	call 0x80482a8                                    		EAX=b505ddbc, ECX=b505d1e8, EDX=00000000, EBX=0804a000, ESP=bfc7e180, EBP=00000002, ESI=08049f0c, EDI=b505c000
-1	25761	unknown             	080482a8	                                        	53                                                	push ebx                                          		EAX=b505ddbc, ECX=b505d1e8, EDX=00000000, EBX=0804a000, ESP=bfc7e17c, EBP=00000002, ESI=08049f0c, EDI=b505c000
-1	25761	unknown             	080482a9	                                        	83 ec 08                                          	sub esp, 0x8                                      		EAX=b505ddbc, ECX=b505d1e8, EDX=00000000, EBX=0804a000, ESP=bfc7e178, EBP=00000002, ESI=08049f0c, EDI=b505c000
-1	25761	unknown             	080482ac	                                        	e8 8f 00 00 00                                    	call 0x8048340                                    		EAX=b505ddbc, ECX=b505d1e8, EDX=00000000, EBX=0804a000, ESP=bfc7e170, EBP=00000002, ESI=08049f0c, EDI=b505c000
-1	25761	unknown             	08048340	                                        	8b 1c 24                                          	mov ebx, dword ptr [esp]                          		EAX=b505ddbc, ECX=b505d1e8, EDX=00000000, EBX=0804a000, ESP=bfc7e16c, EBP=00000002, ESI=08049f0c, EDI=b505c000
-1	25761	unknown             	08048343	                                        	c3                                                	ret                                               		EAX=b505ddbc, ECX=b505d1e8, EDX=00000000, EBX=080482b1, ESP=bfc7e16c, EBP=00000002, ESI=08049f0c, EDI=b505c000
-1	25761	unknown             	080482b1	                                        	81 c3 4f 1d 00 00                                 	add ebx, 0x1d4f                                   		EAX=b505ddbc, ECX=b505d1e8, EDX=00000000, EBX=080482b1, ESP=bfc7e170, EBP=00000002, ESI=08049f0c, EDI=b505c000
-1	25761	unknown             	080482b7	                                        	8b 83 fc ff ff ff                                 	mov eax, dword ptr [ebx-0x4]                      		EAX=b505ddbc, ECX=b505d1e8, EDX=00000000, EBX=0804a000, ESP=bfc7e170, EBP=00000002, ESI=08049f0c, EDI=b505c000
-1	25761	unknown             	080482bd	                                        	85 c0                                             	test eax, eax                                     		EAX=00000000, ECX=b505d1e8, EDX=00000000, EBX=0804a000, ESP=bfc7e170, EBP=00000002, ESI=08049f0c, EDI=b505c000
-1	25761	unknown             	080482bf	                                        	74 05                                             	jz 0x80482c6                                      		EAX=00000000, ECX=b505d1e8, EDX=00000000, EBX=0804a000, ESP=bfc7e170, EBP=00000002, ESI=08049f0c, EDI=b505c000
-1	25761	unknown             	080482c6	                                        	83 c4 08                                          	add esp, 0x8                                      		EAX=00000000, ECX=b505d1e8, EDX=00000000, EBX=0804a000, ESP=bfc7e170, EBP=00000002, ESI=08049f0c, EDI=b505c000
-1	25761	unknown             	080482c9	                                        	5b                                                	pop ebx                                           		EAX=00000000, ECX=b505d1e8, EDX=00000000, EBX=0804a000, ESP=bfc7e178, EBP=00000002, ESI=08049f0c, EDI=b505c000
-1	25761	unknown             	080482ca	                                        	c3                                                	ret                                               		EAX=00000000, ECX=b505d1e8, EDX=00000000, EBX=0804a000, ESP=bfc7e17c, EBP=00000002, ESI=08049f0c, EDI=b505c000
-1	25761	unknown             	08048491	                                        	8d 83 08 ff ff ff                                 	lea eax, ptr [ebx-0xf8]                           		EAX=00000000, ECX=b505d1e8, EDX=00000000, EBX=0804a000, ESP=bfc7e180, EBP=00000002, ESI=08049f0c, EDI=b505c000
-1	25761	unknown             	08048497	                                        	29 c6                                             	sub esi, eax                                      		EAX=08049f08, ECX=b505d1e8, EDX=00000000, EBX=0804a000, ESP=bfc7e180, EBP=00000002, ESI=08049f0c, EDI=b505c000
-1	25761	unknown             	08048499	                                        	c1 fe 02                                          	sar esi, 0x2                                      		EAX=08049f08, ECX=b505d1e8, EDX=00000000, EBX=0804a000, ESP=bfc7e180, EBP=00000002, ESI=00000004, EDI=b505c000
-1	25761	unknown             	0804849c	                                        	85 f6                                             	test esi, esi                                     		EAX=08049f08, ECX=b505d1e8, EDX=00000000, EBX=0804a000, ESP=bfc7e180, EBP=00000002, ESI=00000001, EDI=b505c000
-1	25761	unknown             	0804849e	                                        	74 25                                             	jz 0x80484c5                                      		EAX=08049f08, ECX=b505d1e8, EDX=00000000, EBX=0804a000, ESP=bfc7e180, EBP=00000002, ESI=00000001, EDI=b505c000
-1	25761	unknown             	080484a0	                                        	31 ff                                             	xor edi, edi                                      		EAX=08049f08, ECX=b505d1e8, EDX=00000000, EBX=0804a000, ESP=bfc7e180, EBP=00000002, ESI=00000001, EDI=b505c000
-1	25761	unknown             	080484a2	                                        	8d b6 00 00 00 00                                 	lea esi, ptr [esi]                                		EAX=08049f08, ECX=b505d1e8, EDX=00000000, EBX=0804a000, ESP=bfc7e180, EBP=00000002, ESI=00000001, EDI=00000000
-1	25761	unknown             	080484a8	                                        	83 ec 04                                          	sub esp, 0x4                                      		EAX=08049f08, ECX=b505d1e8, EDX=00000000, EBX=0804a000, ESP=bfc7e180, EBP=00000002, ESI=00000001, EDI=00000000
-1	25761	unknown             	080484ab	                                        	ff 74 24 2c                                       	push dword ptr [esp+0x2c]                         		EAX=08049f08, ECX=b505d1e8, EDX=00000000, EBX=0804a000, ESP=bfc7e17c, EBP=00000002, ESI=00000001, EDI=00000000
-1	25761	unknown             	080484af	                                        	ff 74 24 2c                                       	push dword ptr [esp+0x2c]                         		EAX=08049f08, ECX=b505d1e8, EDX=00000000, EBX=0804a000, ESP=bfc7e178, EBP=00000002, ESI=00000001, EDI=00000000
-1	25761	unknown             	080484b3	                                        	55                                                	push ebp                                          		EAX=08049f08, ECX=b505d1e8, EDX=00000000, EBX=0804a000, ESP=bfc7e174, EBP=00000002, ESI=00000001, EDI=00000000
-1	25761	unknown             	080484b4	                                        	ff 94 bb 08 ff ff ff                              	call dword ptr [ebx+edi*4-0xf8]                   		EAX=08049f08, ECX=b505d1e8, EDX=00000000, EBX=0804a000, ESP=bfc7e170, EBP=00000002, ESI=00000001, EDI=00000000
-1	25761	unknown             	080483e0	                                        	b8 10 9f 04 08                                    	mov eax, 0x8049f10                                		EAX=08049f08, ECX=b505d1e8, EDX=00000000, EBX=0804a000, ESP=bfc7e16c, EBP=00000002, ESI=00000001, EDI=00000000
-1	25761	unknown             	080483e5	                                        	8b 10                                             	mov edx, dword ptr [eax]                          		EAX=08049f10, ECX=b505d1e8, EDX=00000000, EBX=0804a000, ESP=bfc7e16c, EBP=00000002, ESI=00000001, EDI=00000000
-1	25761	unknown             	080483e7	                                        	85 d2                                             	test edx, edx                                     		EAX=08049f10, ECX=b505d1e8, EDX=00000000, EBX=0804a000, ESP=bfc7e16c, EBP=00000002, ESI=00000001, EDI=00000000
-1	25761	unknown             	080483e9	                                        	75 05                                             	jnz 0x80483f0                                     		EAX=08049f10, ECX=b505d1e8, EDX=00000000, EBX=0804a000, ESP=bfc7e16c, EBP=00000002, ESI=00000001, EDI=00000000
-1	25761	unknown             	080483eb	                                        	eb 93                                             	jmp 0x8048380                                     		EAX=08049f10, ECX=b505d1e8, EDX=00000000, EBX=0804a000, ESP=bfc7e16c, EBP=00000002, ESI=00000001, EDI=00000000
-1	25761	unknown             	08048380	                                        	b8 1c a0 04 08                                    	mov eax, 0x804a01c                                		EAX=08049f10, ECX=b505d1e8, EDX=00000000, EBX=0804a000, ESP=bfc7e16c, EBP=00000002, ESI=00000001, EDI=00000000
-1	25761	unknown             	08048385	                                        	2d 1c a0 04 08                                    	sub eax, 0x804a01c                                		EAX=0804a01c, ECX=b505d1e8, EDX=00000000, EBX=0804a000, ESP=bfc7e16c, EBP=00000002, ESI=00000001, EDI=00000000
-1	25761	unknown             	0804838a	                                        	c1 f8 02                                          	sar eax, 0x2                                      		EAX=00000000, ECX=b505d1e8, EDX=00000000, EBX=0804a000, ESP=bfc7e16c, EBP=00000002, ESI=00000001, EDI=00000000
-1	25761	unknown             	0804838d	                                        	89 c2                                             	mov edx, eax                                      		EAX=00000000, ECX=b505d1e8, EDX=00000000, EBX=0804a000, ESP=bfc7e16c, EBP=00000002, ESI=00000001, EDI=00000000
-1	25761	unknown             	0804838f	                                        	c1 ea 1f                                          	shr edx, 0x1f                                     		EAX=00000000, ECX=b505d1e8, EDX=00000000, EBX=0804a000, ESP=bfc7e16c, EBP=00000002, ESI=00000001, EDI=00000000
-1	25761	unknown             	08048392	                                        	01 d0                                             	add eax, edx                                      		EAX=00000000, ECX=b505d1e8, EDX=00000000, EBX=0804a000, ESP=bfc7e16c, EBP=00000002, ESI=00000001, EDI=00000000
-1	25761	unknown             	08048394	                                        	d1 f8                                             	sar eax, 0x1                                      		EAX=00000000, ECX=b505d1e8, EDX=00000000, EBX=0804a000, ESP=bfc7e16c, EBP=00000002, ESI=00000001, EDI=00000000
-1	25761	unknown             	08048396	                                        	74 1b                                             	jz 0x80483b3                                      		EAX=00000000, ECX=b505d1e8, EDX=00000000, EBX=0804a000, ESP=bfc7e16c, EBP=00000002, ESI=00000001, EDI=00000000
-1	25761	unknown             	080483b3	                                        	f3 c3                                             	ret                                               		EAX=00000000, ECX=b505d1e8, EDX=00000000, EBX=0804a000, ESP=bfc7e16c, EBP=00000002, ESI=00000001, EDI=00000000
-1	25761	unknown             	080484bb	                                        	83 c7 01                                          	add edi, 0x1                                      		EAX=00000000, ECX=b505d1e8, EDX=00000000, EBX=0804a000, ESP=bfc7e170, EBP=00000002, ESI=00000001, EDI=00000000
-1	25761	unknown             	080484be	                                        	83 c4 10                                          	add esp, 0x10                                     		EAX=00000000, ECX=b505d1e8, EDX=00000000, EBX=0804a000, ESP=bfc7e170, EBP=00000002, ESI=00000001, EDI=00000001
-1	25761	unknown             	080484c1	                                        	39 f7                                             	cmp edi, esi                                      		EAX=00000000, ECX=b505d1e8, EDX=00000000, EBX=0804a000, ESP=bfc7e180, EBP=00000002, ESI=00000001, EDI=00000001
-1	25761	unknown             	080484c3	                                        	75 e3                                             	jnz 0x80484a8                                     		EAX=00000000, ECX=b505d1e8, EDX=00000000, EBX=0804a000, ESP=bfc7e180, EBP=00000002, ESI=00000001, EDI=00000001
-1	25761	unknown             	080484c5	                                        	83 c4 0c                                          	add esp, 0xc                                      		EAX=00000000, ECX=b505d1e8, EDX=00000000, EBX=0804a000, ESP=bfc7e180, EBP=00000002, ESI=00000001, EDI=00000001
-1	25761	unknown             	080484c8	                                        	5b                                                	pop ebx                                           		EAX=00000000, ECX=b505d1e8, EDX=00000000, EBX=0804a000, ESP=bfc7e18c, EBP=00000002, ESI=00000001, EDI=00000001
-1	25761	unknown             	080484c9	                                        	5e                                                	pop esi                                           		EAX=00000000, ECX=b505d1e8, EDX=00000000, EBX=00000000, ESP=bfc7e190, EBP=00000002, ESI=00000001, EDI=00000001
-1	25761	unknown             	080484ca	                                        	5f                                                	pop edi                                           		EAX=00000000, ECX=b505d1e8, EDX=00000000, EBX=00000000, ESP=bfc7e194, EBP=00000002, ESI=b505c000, EDI=00000001
-1	25761	unknown             	080484cb	                                        	5d                                                	pop ebp                                           		EAX=00000000, ECX=b505d1e8, EDX=00000000, EBX=00000000, ESP=bfc7e198, EBP=00000002, ESI=b505c000, EDI=b505c000
-1	25761	unknown             	080484cc	                                        	c3                                                	ret                                               		EAX=00000000, ECX=b505d1e8, EDX=00000000, EBX=00000000, ESP=bfc7e19c, EBP=00000000, ESI=b505c000, EDI=b505c000
-1	25761	libc.so.6           	b4ec15d7	                                        	83 c4 10                                          	add esp, 0x10                                     		EAX=00000000, ECX=b505d1e8, EDX=00000000, EBX=00000000, ESP=bfc7e1a0, EBP=00000000, ESI=b505c000, EDI=b505c000
-1	25761	libc.so.6           	b4ec15da	                                        	8b 44 24 08                                       	mov eax, dword ptr [esp+0x8]                      		EAX=00000000, ECX=b505d1e8, EDX=00000000, EBX=00000000, ESP=bfc7e1b0, EBP=00000000, ESI=b505c000, EDI=b505c000
-1	25761	libc.so.6           	b4ec15de	                                        	8b 80 24 ff ff ff                                 	mov eax, dword ptr [eax-0xdc]                     		EAX=b505c000, ECX=b505d1e8, EDX=00000000, EBX=00000000, ESP=bfc7e1b0, EBP=00000000, ESI=b505c000, EDI=b505c000
-1	25761	libc.so.6           	b4ec15e4	                                        	8b 90 10 02 00 00                                 	mov edx, dword ptr [eax+0x210]                    		EAX=b77e5d00, ECX=b505d1e8, EDX=00000000, EBX=00000000, ESP=bfc7e1b0, EBP=00000000, ESI=b505c000, EDI=b505c000
-1	25761	libc.so.6           	b4ec15ea	                                        	85 d2                                             	test edx, edx                                     		EAX=b77e5d00, ECX=b505d1e8, EDX=00000000, EBX=00000000, ESP=bfc7e1b0, EBP=00000000, ESI=b505c000, EDI=b505c000
-1	25761	libc.so.6           	b4ec15ec	                                        	0f 85 00 01 00 00                                 	jnz 0xb4ec16f2                                    		EAX=b77e5d00, ECX=b505d1e8, EDX=00000000, EBX=00000000, ESP=bfc7e1b0, EBP=00000000, ESI=b505c000, EDI=b505c000
-1	25761	libc.so.6           	b4ec15f2	                                        	85 db                                             	test ebx, ebx                                     		EAX=b77e5d00, ECX=b505d1e8, EDX=00000000, EBX=00000000, ESP=bfc7e1b0, EBP=00000000, ESI=b505c000, EDI=b505c000
-1	25761	libc.so.6           	b4ec15f4	                                        	0f 85 d1 00 00 00                                 	jnz 0xb4ec16cb                                    		EAX=b77e5d00, ECX=b505d1e8, EDX=00000000, EBX=00000000, ESP=bfc7e1b0, EBP=00000000, ESI=b505c000, EDI=b505c000
-1	25761	libc.so.6           	b4ec15fa	                                        	83 ec 0c                                          	sub esp, 0xc                                      		EAX=b77e5d00, ECX=b505d1e8, EDX=00000000, EBX=00000000, ESP=bfc7e1b0, EBP=00000000, ESI=b505c000, EDI=b505c000
-1	25761	libc.so.6           	b4ec15fd	                                        	8d 44 24 20                                       	lea eax, ptr [esp+0x20]                           		EAX=b77e5d00, ECX=b505d1e8, EDX=00000000, EBX=00000000, ESP=bfc7e1a4, EBP=00000000, ESI=b505c000, EDI=b505c000
-1	25761	libc.so.6           	b4ec1601	                                        	50                                                	push eax                                          		EAX=bfc7e1c4, ECX=b505d1e8, EDX=00000000, EBX=00000000, ESP=bfc7e1a4, EBP=00000000, ESI=b505c000, EDI=b505c000
-1	25761	libc.so.6           	b4ec1602	                                        	e8 79 36 01 00                                    	call 0xb4ed4c80                                   		EAX=bfc7e1c4, ECX=b505d1e8, EDX=00000000, EBX=00000000, ESP=bfc7e1a0, EBP=00000000, ESI=b505c000, EDI=b505c000
-1	25761	libc.so.6           	b4ed4c80	                                        	31 c0                                             	xor eax, eax                                      		EAX=bfc7e1c4, ECX=b505d1e8, EDX=00000000, EBX=00000000, ESP=bfc7e19c, EBP=00000000, ESI=b505c000, EDI=b505c000
-1	25761	libc.so.6           	b4ed4c82	                                        	8b 54 24 04                                       	mov edx, dword ptr [esp+0x4]                      		EAX=00000000, ECX=b505d1e8, EDX=00000000, EBX=00000000, ESP=bfc7e19c, EBP=00000000, ESI=b505c000, EDI=b505c000
-1	25761	libc.so.6           	b4ed4c86	                                        	89 1a                                             	mov dword ptr [edx], ebx                          		EAX=00000000, ECX=b505d1e8, EDX=bfc7e1c4, EBX=00000000, ESP=bfc7e19c, EBP=00000000, ESI=b505c000, EDI=b505c000
-1	25761	libc.so.6           	b4ed4c88	                                        	89 72 04                                          	mov dword ptr [edx+0x4], esi                      		EAX=00000000, ECX=b505d1e8, EDX=bfc7e1c4, EBX=00000000, ESP=bfc7e19c, EBP=00000000, ESI=b505c000, EDI=b505c000
-1	25761	libc.so.6           	b4ed4c8b	                                        	89 7a 08                                          	mov dword ptr [edx+0x8], edi                      		EAX=00000000, ECX=b505d1e8, EDX=bfc7e1c4, EBX=00000000, ESP=bfc7e19c, EBP=00000000, ESI=b505c000, EDI=b505c000
-1	25761	libc.so.6           	b4ed4c8e	                                        	8d 4c 24 04                                       	lea ecx, ptr [esp+0x4]                            		EAX=00000000, ECX=b505d1e8, EDX=bfc7e1c4, EBX=00000000, ESP=bfc7e19c, EBP=00000000, ESI=b505c000, EDI=b505c000
-1	25761	libc.so.6           	b4ed4c92	                                        	65 33 0d 18 00 00 00                              	xor ecx, dword ptr gs:[0x18]                      		EAX=00000000, ECX=bfc7e1a0, EDX=bfc7e1c4, EBX=00000000, ESP=bfc7e19c, EBP=00000000, ESI=b505c000, EDI=b505c000
-1	25761	libc.so.6           	b4ed4c99	                                        	c1 c1 09                                          	rol ecx, 0x9                                      		EAX=00000000, ECX=c078be10, EDX=bfc7e1c4, EBX=00000000, ESP=bfc7e19c, EBP=00000000, ESI=b505c000, EDI=b505c000
-1	25761	libc.so.6           	b4ed4c9c	                                        	89 4a 10                                          	mov dword ptr [edx+0x10], ecx                     		EAX=00000000, ECX=f17c2180, EDX=bfc7e1c4, EBX=00000000, ESP=bfc7e19c, EBP=00000000, ESI=b505c000, EDI=b505c000
-1	25761	libc.so.6           	b4ed4c9f	                                        	8b 0c 24                                          	mov ecx, dword ptr [esp]                          		EAX=00000000, ECX=f17c2180, EDX=bfc7e1c4, EBX=00000000, ESP=bfc7e19c, EBP=00000000, ESI=b505c000, EDI=b505c000
-1	25761	libc.so.6           	b4ed4ca2	                                        	90                                                	nop                                               		EAX=00000000, ECX=b4ec1607, EDX=bfc7e1c4, EBX=00000000, ESP=bfc7e19c, EBP=00000000, ESI=b505c000, EDI=b505c000
-1	25761	libc.so.6           	b4ed4ca3	                                        	65 33 0d 18 00 00 00                              	xor ecx, dword ptr gs:[0x18]                      		EAX=00000000, ECX=b4ec1607, EDX=bfc7e1c4, EBX=00000000, ESP=bfc7e19c, EBP=00000000, ESI=b505c000, EDI=b505c000
-1	25761	libc.so.6           	b4ed4caa	                                        	c1 c1 09                                          	rol ecx, 0x9                                      		EAX=00000000, ECX=cb5349b7, EDX=bfc7e1c4, EBX=00000000, ESP=bfc7e19c, EBP=00000000, ESI=b505c000, EDI=b505c000
-1	25761	libc.so.6           	b4ed4cad	                                        	89 4a 14                                          	mov dword ptr [edx+0x14], ecx                     		EAX=00000000, ECX=a6936f96, EDX=bfc7e1c4, EBX=00000000, ESP=bfc7e19c, EBP=00000000, ESI=b505c000, EDI=b505c000
-1	25761	libc.so.6           	b4ed4cb0	                                        	89 6a 0c                                          	mov dword ptr [edx+0xc], ebp                      		EAX=00000000, ECX=a6936f96, EDX=bfc7e1c4, EBX=00000000, ESP=bfc7e19c, EBP=00000000, ESI=b505c000, EDI=b505c000
-1	25761	libc.so.6           	b4ed4cb3	                                        	89 42 18                                          	mov dword ptr [edx+0x18], eax                     		EAX=00000000, ECX=a6936f96, EDX=bfc7e1c4, EBX=00000000, ESP=bfc7e19c, EBP=00000000, ESI=b505c000, EDI=b505c000
-1	25761	libc.so.6           	b4ed4cb6	                                        	c3                                                	ret                                               		EAX=00000000, ECX=a6936f96, EDX=bfc7e1c4, EBX=00000000, ESP=bfc7e19c, EBP=00000000, ESI=b505c000, EDI=b505c000
-1	25761	libc.so.6           	b4ec1607	_setjmp                                 	83 c4 10                                          	add esp, 0x10                                     		EAX=00000000, ECX=a6936f96, EDX=bfc7e1c4, EBX=00000000, ESP=bfc7e1a0, EBP=00000000, ESI=b505c000, EDI=b505c000
-1	25761	libc.so.6           	b4ec160a	                                        	85 c0                                             	test eax, eax                                     		EAX=00000000, ECX=a6936f96, EDX=bfc7e1c4, EBX=00000000, ESP=bfc7e1b0, EBP=00000000, ESI=b505c000, EDI=b505c000
-1	25761	libc.so.6           	b4ec160c	                                        	75 4c                                             	jnz 0xb4ec165a                                    		EAX=00000000, ECX=a6936f96, EDX=bfc7e1c4, EBX=00000000, ESP=bfc7e1b0, EBP=00000000, ESI=b505c000, EDI=b505c000
-1	25761	libc.so.6           	b4ec160e	                                        	65 a1 80 00 00 00                                 	mov eax, dword ptr gs:[0x80]                      		EAX=00000000, ECX=a6936f96, EDX=bfc7e1c4, EBX=00000000, ESP=bfc7e1b0, EBP=00000000, ESI=b505c000, EDI=b505c000
-1	25761	libc.so.6           	b4ec1614	                                        	89 44 24 30                                       	mov dword ptr [esp+0x30], eax                     		EAX=00000000, ECX=a6936f96, EDX=bfc7e1c4, EBX=00000000, ESP=bfc7e1b0, EBP=00000000, ESI=b505c000, EDI=b505c000
-1	25761	libc.so.6           	b4ec1618	                                        	65 a1 7c 00 00 00                                 	mov eax, dword ptr gs:[0x7c]                      		EAX=00000000, ECX=a6936f96, EDX=bfc7e1c4, EBX=00000000, ESP=bfc7e1b0, EBP=00000000, ESI=b505c000, EDI=b505c000
-1	25761	libc.so.6           	b4ec161e	                                        	89 44 24 34                                       	mov dword ptr [esp+0x34], eax                     		EAX=00000000, ECX=a6936f96, EDX=bfc7e1c4, EBX=00000000, ESP=bfc7e1b0, EBP=00000000, ESI=b505c000, EDI=b505c000
-1	25761	libc.so.6           	b4ec1622	                                        	8d 44 24 14                                       	lea eax, ptr [esp+0x14]                           		EAX=00000000, ECX=a6936f96, EDX=bfc7e1c4, EBX=00000000, ESP=bfc7e1b0, EBP=00000000, ESI=b505c000, EDI=b505c000
-1	25761	libc.so.6           	b4ec1626	                                        	65 a3 80 00 00 00                                 	mov dword ptr gs:[0x80], eax                      		EAX=bfc7e1c4, ECX=a6936f96, EDX=bfc7e1c4, EBX=00000000, ESP=bfc7e1b0, EBP=00000000, ESI=b505c000, EDI=b505c000
-1	25761	libc.so.6           	b4ec162c	                                        	83 ec 04                                          	sub esp, 0x4                                      		EAX=bfc7e1c4, ECX=a6936f96, EDX=bfc7e1c4, EBX=00000000, ESP=bfc7e1b0, EBP=00000000, ESI=b505c000, EDI=b505c000
-1	25761	libc.so.6           	b4ec162f	                                        	8b 44 24 0c                                       	mov eax, dword ptr [esp+0xc]                      		EAX=bfc7e1c4, ECX=a6936f96, EDX=bfc7e1c4, EBX=00000000, ESP=bfc7e1ac, EBP=00000000, ESI=b505c000, EDI=b505c000
-1	25761	libc.so.6           	b4ec1633	                                        	8b 80 48 ff ff ff                                 	mov eax, dword ptr [eax-0xb8]                     		EAX=b505c000, ECX=a6936f96, EDX=bfc7e1c4, EBX=00000000, ESP=bfc7e1ac, EBP=00000000, ESI=b505c000, EDI=b505c000
-1	25761	libc.so.6           	b4ec1639	                                        	ff 30                                             	push dword ptr [eax]                              		EAX=b505ddbc, ECX=a6936f96, EDX=bfc7e1c4, EBX=00000000, ESP=bfc7e1ac, EBP=00000000, ESI=b505c000, EDI=b505c000
-1	25761	libc.so.6           	b4ec163b	                                        	ff 74 24 70                                       	push dword ptr [esp+0x70]                         		EAX=b505ddbc, ECX=a6936f96, EDX=bfc7e1c4, EBX=00000000, ESP=bfc7e1a8, EBP=00000000, ESI=b505c000, EDI=b505c000
-1	25761	libc.so.6           	b4ec163f	                                        	ff 74 24 70                                       	push dword ptr [esp+0x70]                         		EAX=b505ddbc, ECX=a6936f96, EDX=bfc7e1c4, EBX=00000000, ESP=bfc7e1a4, EBP=00000000, ESI=b505c000, EDI=b505c000
-1	25761	libc.so.6           	b4ec1643	                                        	ff 54 24 70                                       	call dword ptr [esp+0x70]                         		EAX=b505ddbc, ECX=a6936f96, EDX=bfc7e1c4, EBX=00000000, ESP=bfc7e1a0, EBP=00000000, ESI=b505c000, EDI=b505c000
-1	25761	unknown             	0804840b	                                        	8d 4c 24 04                                       	lea ecx, ptr [esp+0x4]                            		EAX=b505ddbc, ECX=a6936f96, EDX=bfc7e1c4, EBX=00000000, ESP=bfc7e19c, EBP=00000000, ESI=b505c000, EDI=b505c000
-1	25761	unknown             	0804840f	                                        	83 e4 f0                                          	and esp, 0xfffffff0                               		EAX=b505ddbc, ECX=bfc7e1a0, EDX=bfc7e1c4, EBX=00000000, ESP=bfc7e19c, EBP=00000000, ESI=b505c000, EDI=b505c000
-1	25761	unknown             	08048412	                                        	ff 71 fc                                          	push dword ptr [ecx-0x4]                          		EAX=b505ddbc, ECX=bfc7e1a0, EDX=bfc7e1c4, EBX=00000000, ESP=bfc7e190, EBP=00000000, ESI=b505c000, EDI=b505c000
-1	25761	unknown             	08048415	                                        	55                                                	push ebp                                          		EAX=b505ddbc, ECX=bfc7e1a0, EDX=bfc7e1c4, EBX=00000000, ESP=bfc7e18c, EBP=00000000, ESI=b505c000, EDI=b505c000
-1	25761	unknown             	08048416	                                        	89 e5                                             	mov ebp, esp                                      		EAX=b505ddbc, ECX=bfc7e1a0, EDX=bfc7e1c4, EBX=00000000, ESP=bfc7e188, EBP=00000000, ESI=b505c000, EDI=b505c000
-1	25761	unknown             	08048418	                                        	51                                                	push ecx                                          		EAX=b505ddbc, ECX=bfc7e1a0, EDX=bfc7e1c4, EBX=00000000, ESP=bfc7e188, EBP=bfc7e188, ESI=b505c000, EDI=b505c000
-1	25761	unknown             	08048419	                                        	83 ec 14                                          	sub esp, 0x14                                     		EAX=b505ddbc, ECX=bfc7e1a0, EDX=bfc7e1c4, EBX=00000000, ESP=bfc7e184, EBP=bfc7e188, ESI=b505c000, EDI=b505c000
-1	25761	unknown             	0804841c	                                        	89 c8                                             	mov eax, ecx                                      		EAX=b505ddbc, ECX=bfc7e1a0, EDX=bfc7e1c4, EBX=00000000, ESP=bfc7e170, EBP=bfc7e188, ESI=b505c000, EDI=b505c000
-1	25761	unknown             	0804841e	                                        	8b 40 04                                          	mov eax, dword ptr [eax+0x4]                      		EAX=bfc7e1a0, ECX=bfc7e1a0, EDX=bfc7e1c4, EBX=00000000, ESP=bfc7e170, EBP=bfc7e188, ESI=b505c000, EDI=b505c000
-1	25761	unknown             	08048421	                                        	83 c0 04                                          	add eax, 0x4                                      		EAX=bfc7e234, ECX=bfc7e1a0, EDX=bfc7e1c4, EBX=00000000, ESP=bfc7e170, EBP=bfc7e188, ESI=b505c000, EDI=b505c000
-1	25761	unknown             	08048424	                                        	8b 00                                             	mov eax, dword ptr [eax]                          		EAX=bfc7e238, ECX=bfc7e1a0, EDX=bfc7e1c4, EBX=00000000, ESP=bfc7e170, EBP=bfc7e188, ESI=b505c000, EDI=b505c000
-1	25761	unknown             	08048426	                                        	83 ec 0c                                          	sub esp, 0xc                                      		EAX=bfc7f4e1, ECX=bfc7e1a0, EDX=bfc7e1c4, EBX=00000000, ESP=bfc7e170, EBP=bfc7e188, ESI=b505c000, EDI=b505c000
-1	25761	unknown             	08048429	                                        	50                                                	push eax                                          		EAX=bfc7f4e1, ECX=bfc7e1a0, EDX=bfc7e1c4, EBX=00000000, ESP=bfc7e164, EBP=bfc7e188, ESI=b505c000, EDI=b505c000
-1	25761	unknown             	0804842a	                                        	e8 c1 fe ff ff                                    	call 0x80482f0                                    		EAX=bfc7f4e1, ECX=bfc7e1a0, EDX=bfc7e1c4, EBX=00000000, ESP=bfc7e160, EBP=bfc7e188, ESI=b505c000, EDI=b505c000
-1	25761	unknown             	080482f0	                                        	ff 25 10 a0 04 08                                 	jmp dword ptr [0x804a010]                         		EAX=bfc7f4e1, ECX=bfc7e1a0, EDX=bfc7e1c4, EBX=00000000, ESP=bfc7e15c, EBP=bfc7e188, ESI=b505c000, EDI=b505c000
-1	25761	unknown             	080482f6	                                        	68 08 00 00 00                                    	push 0x8                                          		EAX=bfc7f4e1, ECX=bfc7e1a0, EDX=bfc7e1c4, EBX=00000000, ESP=bfc7e15c, EBP=bfc7e188, ESI=b505c000, EDI=b505c000
-1	25761	unknown             	080482fb	                                        	e9 d0 ff ff ff                                    	jmp 0x80482d0                                     		EAX=bfc7f4e1, ECX=bfc7e1a0, EDX=bfc7e1c4, EBX=00000000, ESP=bfc7e158, EBP=bfc7e188, ESI=b505c000, EDI=b505c000
-1	25761	unknown             	080482d0	                                        	ff 35 04 a0 04 08                                 	push dword ptr [0x804a004]                        		EAX=bfc7f4e1, ECX=bfc7e1a0, EDX=bfc7e1c4, EBX=00000000, ESP=bfc7e158, EBP=bfc7e188, ESI=b505c000, EDI=b505c000
-1	25761	unknown             	080482d6	                                        	ff 25 08 a0 04 08                                 	jmp dword ptr [0x804a008]                         		EAX=bfc7f4e1, ECX=bfc7e1a0, EDX=bfc7e1c4, EBX=00000000, ESP=bfc7e154, EBP=bfc7e188, ESI=b505c000, EDI=b505c000
-1	25761	ld-linux.so.2       	b77d7000	                                        	50                                                	push eax                                          		EAX=bfc7f4e1, ECX=bfc7e1a0, EDX=bfc7e1c4, EBX=00000000, ESP=bfc7e154, EBP=bfc7e188, ESI=b505c000, EDI=b505c000
-1	25761	ld-linux.so.2       	b77d7001	                                        	51                                                	push ecx                                          		EAX=bfc7f4e1, ECX=bfc7e1a0, EDX=bfc7e1c4, EBX=00000000, ESP=bfc7e150, EBP=bfc7e188, ESI=b505c000, EDI=b505c000
-1	25761	ld-linux.so.2       	b77d7002	                                        	52                                                	push edx                                          		EAX=bfc7f4e1, ECX=bfc7e1a0, EDX=bfc7e1c4, EBX=00000000, ESP=bfc7e14c, EBP=bfc7e188, ESI=b505c000, EDI=b505c000
-1	25761	ld-linux.so.2       	b77d7003	                                        	8b 54 24 10                                       	mov edx, dword ptr [esp+0x10]                     		EAX=bfc7f4e1, ECX=bfc7e1a0, EDX=bfc7e1c4, EBX=00000000, ESP=bfc7e148, EBP=bfc7e188, ESI=b505c000, EDI=b505c000
-1	25761	ld-linux.so.2       	b77d7007	                                        	8b 44 24 0c                                       	mov eax, dword ptr [esp+0xc]                      		EAX=bfc7f4e1, ECX=bfc7e1a0, EDX=00000008, EBX=00000000, ESP=bfc7e148, EBP=bfc7e188, ESI=b505c000, EDI=b505c000
-1	25761	ld-linux.so.2       	b77d700b	                                        	e8 d0 97 ff ff                                    	call 0xb77d07e0                                   		EAX=b77e6918, ECX=bfc7e1a0, EDX=00000008, EBX=00000000, ESP=bfc7e148, EBP=bfc7e188, ESI=b505c000, EDI=b505c000
-1	25761	ld-linux.so.2       	b77d07e0	                                        	55                                                	push ebp                                          		EAX=b77e6918, ECX=bfc7e1a0, EDX=00000008, EBX=00000000, ESP=bfc7e144, EBP=bfc7e188, ESI=b505c000, EDI=b505c000
-1	25761	ld-linux.so.2       	b77d07e1	                                        	57                                                	push edi                                          		EAX=b77e6918, ECX=bfc7e1a0, EDX=00000008, EBX=00000000, ESP=bfc7e140, EBP=bfc7e188, ESI=b505c000, EDI=b505c000
-1	25761	ld-linux.so.2       	b77d07e2	                                        	89 c7                                             	mov edi, eax                                      		EAX=b77e6918, ECX=bfc7e1a0, EDX=00000008, EBX=00000000, ESP=bfc7e13c, EBP=bfc7e188, ESI=b505c000, EDI=b505c000
-1	25761	ld-linux.so.2       	b77d07e4	                                        	56                                                	push esi                                          		EAX=b77e6918, ECX=bfc7e1a0, EDX=00000008, EBX=00000000, ESP=bfc7e13c, EBP=bfc7e188, ESI=b505c000, EDI=b77e6918
-1	25761	ld-linux.so.2       	b77d07e5	                                        	53                                                	push ebx                                          		EAX=b77e6918, ECX=bfc7e1a0, EDX=00000008, EBX=00000000, ESP=bfc7e138, EBP=bfc7e188, ESI=b505c000, EDI=b77e6918
-1	25761	ld-linux.so.2       	b77d07e6	                                        	e8 02 b1 00 00                                    	call 0xb77db8ed                                   		EAX=b77e6918, ECX=bfc7e1a0, EDX=00000008, EBX=00000000, ESP=bfc7e134, EBP=bfc7e188, ESI=b505c000, EDI=b77e6918
-1	25761	ld-linux.so.2       	b77db8ed	                                        	8b 34 24                                          	mov esi, dword ptr [esp]                          		EAX=b77e6918, ECX=bfc7e1a0, EDX=00000008, EBX=00000000, ESP=bfc7e130, EBP=bfc7e188, ESI=b505c000, EDI=b77e6918
-1	25761	ld-linux.so.2       	b77db8f0	                                        	c3                                                	ret                                               		EAX=b77e6918, ECX=bfc7e1a0, EDX=00000008, EBX=00000000, ESP=bfc7e130, EBP=bfc7e188, ESI=b77d07eb, EDI=b77e6918
-1	25761	ld-linux.so.2       	b77d07eb	                                        	81 c6 15 58 01 00                                 	add esi, 0x15815                                  		EAX=b77e6918, ECX=bfc7e1a0, EDX=00000008, EBX=00000000, ESP=bfc7e134, EBP=bfc7e188, ESI=b77d07eb, EDI=b77e6918
-1	25761	ld-linux.so.2       	b77d07f1	                                        	83 ec 2c                                          	sub esp, 0x2c                                     		EAX=b77e6918, ECX=bfc7e1a0, EDX=00000008, EBX=00000000, ESP=bfc7e134, EBP=bfc7e188, ESI=b77e6000, EDI=b77e6918
-1	25761	ld-linux.so.2       	b77d07f4	                                        	8b 4f 7c                                          	mov ecx, dword ptr [edi+0x7c]                     		EAX=b77e6918, ECX=bfc7e1a0, EDX=00000008, EBX=00000000, ESP=bfc7e108, EBP=bfc7e188, ESI=b77e6000, EDI=b77e6918
-1	25761	ld-linux.so.2       	b77d07f7	                                        	8b 40 34                                          	mov eax, dword ptr [eax+0x34]                     		EAX=b77e6918, ECX=08049f94, EDX=00000008, EBX=00000000, ESP=bfc7e108, EBP=bfc7e188, ESI=b77e6000, EDI=b77e6918
-1	25761	ld-linux.so.2       	b77d07fa	                                        	89 74 24 08                                       	mov dword ptr [esp+0x8], esi                      		EAX=08049f54, ECX=08049f94, EDX=00000008, EBX=00000000, ESP=bfc7e108, EBP=bfc7e188, ESI=b77e6000, EDI=b77e6918
-1	25761	ld-linux.so.2       	b77d07fe	                                        	03 51 04                                          	add edx, dword ptr [ecx+0x4]                      		EAX=08049f54, ECX=08049f94, EDX=00000008, EBX=00000000, ESP=bfc7e108, EBP=bfc7e188, ESI=b77e6000, EDI=b77e6918
-1	25761	ld-linux.so.2       	b77d0801	                                        	8b 40 04                                          	mov eax, dword ptr [eax+0x4]                      		EAX=08049f54, ECX=08049f94, EDX=080482a0, EBX=00000000, ESP=bfc7e108, EBP=bfc7e188, ESI=b77e6000, EDI=b77e6918
-1	25761	ld-linux.so.2       	b77d0804	                                        	8b 4f 38                                          	mov ecx, dword ptr [edi+0x38]                     		EAX=0804821c, ECX=08049f94, EDX=080482a0, EBX=00000000, ESP=bfc7e108, EBP=bfc7e188, ESI=b77e6000, EDI=b77e6918
-1	25761	ld-linux.so.2       	b77d0807	                                        	89 44 24 0c                                       	mov dword ptr [esp+0xc], eax                      		EAX=0804821c, ECX=08049f5c, EDX=080482a0, EBX=00000000, ESP=bfc7e108, EBP=bfc7e188, ESI=b77e6000, EDI=b77e6918
-1	25761	ld-linux.so.2       	b77d080b	                                        	89 d5                                             	mov ebp, edx                                      		EAX=0804821c, ECX=08049f5c, EDX=080482a0, EBX=00000000, ESP=bfc7e108, EBP=bfc7e188, ESI=b77e6000, EDI=b77e6918
-1	25761	ld-linux.so.2       	b77d080d	                                        	8b 52 04                                          	mov edx, dword ptr [edx+0x4]                      		EAX=0804821c, ECX=08049f5c, EDX=080482a0, EBX=00000000, ESP=bfc7e108, EBP=080482a0, ESI=b77e6000, EDI=b77e6918
-1	25761	ld-linux.so.2       	b77d0810	                                        	8b 45 00                                          	mov eax, dword ptr [ebp]                          		EAX=0804821c, ECX=08049f5c, EDX=00000307, EBX=00000000, ESP=bfc7e108, EBP=080482a0, ESI=b77e6000, EDI=b77e6918
-1	25761	ld-linux.so.2       	b77d0813	                                        	89 d6                                             	mov esi, edx                                      		EAX=0804a010, ECX=08049f5c, EDX=00000307, EBX=00000000, ESP=bfc7e108, EBP=080482a0, ESI=b77e6000, EDI=b77e6918
-1	25761	ld-linux.so.2       	b77d0815	                                        	c1 ee 08                                          	shr esi, 0x8                                      		EAX=0804a010, ECX=08049f5c, EDX=00000307, EBX=00000000, ESP=bfc7e108, EBP=080482a0, ESI=00000307, EDI=b77e6918
-1	25761	ld-linux.so.2       	b77d0818	                                        	89 f3                                             	mov ebx, esi                                      		EAX=0804a010, ECX=08049f5c, EDX=00000307, EBX=00000000, ESP=bfc7e108, EBP=080482a0, ESI=00000003, EDI=b77e6918
-1	25761	ld-linux.so.2       	b77d081a	                                        	c1 e3 04                                          	shl ebx, 0x4                                      		EAX=0804a010, ECX=08049f5c, EDX=00000307, EBX=00000003, ESP=bfc7e108, EBP=080482a0, ESI=00000003, EDI=b77e6918
-1	25761	ld-linux.so.2       	b77d081d	                                        	03 59 04                                          	add ebx, dword ptr [ecx+0x4]                      		EAX=0804a010, ECX=08049f5c, EDX=00000307, EBX=00000030, ESP=bfc7e108, EBP=080482a0, ESI=00000003, EDI=b77e6918
-1	25761	ld-linux.so.2       	b77d0820	                                        	8b 0f                                             	mov ecx, dword ptr [edi]                          		EAX=0804a010, ECX=08049f5c, EDX=00000307, EBX=080481fc, ESP=bfc7e108, EBP=080482a0, ESI=00000003, EDI=b77e6918
-1	25761	ld-linux.so.2       	b77d0822	                                        	01 c8                                             	add eax, ecx                                      		EAX=0804a010, ECX=00000000, EDX=00000307, EBX=080481fc, ESP=bfc7e108, EBP=080482a0, ESI=00000003, EDI=b77e6918
-1	25761	ld-linux.so.2       	b77d0824	                                        	80 fa 07                                          	cmp dl, 0x7                                       		EAX=0804a010, ECX=00000000, EDX=00000307, EBX=080481fc, ESP=bfc7e108, EBP=080482a0, ESI=00000003, EDI=b77e6918
-1	25761	ld-linux.so.2       	b77d0827	                                        	89 5c 24 1c                                       	mov dword ptr [esp+0x1c], ebx                     		EAX=0804a010, ECX=00000000, EDX=00000307, EBX=080481fc, ESP=bfc7e108, EBP=080482a0, ESI=00000003, EDI=b77e6918
-1	25761	ld-linux.so.2       	b77d082b	                                        	0f 85 3e 01 00 00                                 	jnz 0xb77d096f                                    		EAX=0804a010, ECX=00000000, EDX=00000307, EBX=080481fc, ESP=bfc7e108, EBP=080482a0, ESI=00000003, EDI=b77e6918
-1	25761	ld-linux.so.2       	b77d0831	                                        	f6 43 0d 03                                       	test byte ptr [ebx+0xd], 0x3                      		EAX=0804a010, ECX=00000000, EDX=00000307, EBX=080481fc, ESP=bfc7e108, EBP=080482a0, ESI=00000003, EDI=b77e6918
-1	25761	ld-linux.so.2       	b77d0835	                                        	89 c5                                             	mov ebp, eax                                      		EAX=0804a010, ECX=00000000, EDX=00000307, EBX=080481fc, ESP=bfc7e108, EBP=080482a0, ESI=00000003, EDI=b77e6918
-1	25761	ld-linux.so.2       	b77d0837	                                        	0f 85 d3 00 00 00                                 	jnz 0xb77d0910                                    		EAX=0804a010, ECX=00000000, EDX=00000307, EBX=080481fc, ESP=bfc7e108, EBP=0804a010, ESI=00000003, EDI=b77e6918
-1	25761	ld-linux.so.2       	b77d083d	                                        	8b 97 e4 00 00 00                                 	mov edx, dword ptr [edi+0xe4]                     		EAX=0804a010, ECX=00000000, EDX=00000307, EBX=080481fc, ESP=bfc7e108, EBP=0804a010, ESI=00000003, EDI=b77e6918
-1	25761	ld-linux.so.2       	b77d0843	                                        	85 d2                                             	test edx, edx                                     		EAX=0804a010, ECX=00000000, EDX=08049fc4, EBX=080481fc, ESP=bfc7e108, EBP=0804a010, ESI=00000003, EDI=b77e6918
-1	25761	ld-linux.so.2       	b77d0845	                                        	0f 84 a5 00 00 00                                 	jz 0xb77d08f0                                     		EAX=0804a010, ECX=00000000, EDX=08049fc4, EBX=080481fc, ESP=bfc7e108, EBP=0804a010, ESI=00000003, EDI=b77e6918
-1	25761	ld-linux.so.2       	b77d084b	                                        	8b 52 04                                          	mov edx, dword ptr [edx+0x4]                      		EAX=0804a010, ECX=00000000, EDX=08049fc4, EBX=080481fc, ESP=bfc7e108, EBP=0804a010, ESI=00000003, EDI=b77e6918
-1	25761	ld-linux.so.2       	b77d084e	                                        	0f b7 14 72                                       	movzx edx, word ptr [edx+esi*2]                   		EAX=0804a010, ECX=00000000, EDX=08048266, EBX=080481fc, ESP=bfc7e108, EBP=0804a010, ESI=00000003, EDI=b77e6918
-1	25761	ld-linux.so.2       	b77d0852	                                        	81 e2 ff 7f 00 00                                 	and edx, 0x7fff                                   		EAX=0804a010, ECX=00000000, EDX=00000002, EBX=080481fc, ESP=bfc7e108, EBP=0804a010, ESI=00000003, EDI=b77e6918
-1	25761	ld-linux.so.2       	b77d0858	                                        	c1 e2 04                                          	shl edx, 0x4                                      		EAX=0804a010, ECX=00000000, EDX=00000002, EBX=080481fc, ESP=bfc7e108, EBP=0804a010, ESI=00000003, EDI=b77e6918
-1	25761	ld-linux.so.2       	b77d085b	                                        	03 97 70 01 00 00                                 	add edx, dword ptr [edi+0x170]                    		EAX=0804a010, ECX=00000000, EDX=00000020, EBX=080481fc, ESP=bfc7e108, EBP=0804a010, ESI=00000003, EDI=b77e6918
-1	25761	ld-linux.so.2       	b77d0861	                                        	8b 4a 04                                          	mov ecx, dword ptr [edx+0x4]                      		EAX=0804a010, ECX=00000000, EDX=b50f74a0, EBX=080481fc, ESP=bfc7e108, EBP=0804a010, ESI=00000003, EDI=b77e6918
-1	25761	ld-linux.so.2       	b77d0864	                                        	85 c9                                             	test ecx, ecx                                     		EAX=0804a010, ECX=0d696910, EDX=b50f74a0, EBX=080481fc, ESP=bfc7e108, EBP=0804a010, ESI=00000003, EDI=b77e6918
-1	25761	ld-linux.so.2       	b77d0866	                                        	b9 00 00 00 00                                    	mov ecx, 0x0                                      		EAX=0804a010, ECX=0d696910, EDX=b50f74a0, EBX=080481fc, ESP=bfc7e108, EBP=0804a010, ESI=00000003, EDI=b77e6918
-1	25761	ld-linux.so.2       	b77d086b	                                        	0f 44 d1                                          	cmovz edx, ecx                                    		EAX=0804a010, ECX=00000000, EDX=b50f74a0, EBX=080481fc, ESP=bfc7e108, EBP=0804a010, ESI=00000003, EDI=b77e6918
-1	25761	ld-linux.so.2       	b77d086e	                                        	65 8b 0d 0c 00 00 00                              	mov ecx, dword ptr gs:[0xc]                       		EAX=0804a010, ECX=00000000, EDX=b50f74a0, EBX=080481fc, ESP=bfc7e108, EBP=0804a010, ESI=00000003, EDI=b77e6918
-1	25761	ld-linux.so.2       	b77d0875	                                        	85 c9                                             	test ecx, ecx                                     		EAX=0804a010, ECX=00000000, EDX=b50f74a0, EBX=080481fc, ESP=bfc7e108, EBP=0804a010, ESI=00000003, EDI=b77e6918
-1	25761	ld-linux.so.2       	b77d0877	                                        	be 01 00 00 00                                    	mov esi, 0x1                                      		EAX=0804a010, ECX=00000000, EDX=b50f74a0, EBX=080481fc, ESP=bfc7e108, EBP=0804a010, ESI=00000003, EDI=b77e6918
-1	25761	ld-linux.so.2       	b77d087c	                                        	0f 85 ce 00 00 00                                 	jnz 0xb77d0950                                    		EAX=0804a010, ECX=00000000, EDX=b50f74a0, EBX=080481fc, ESP=bfc7e108, EBP=0804a010, ESI=00000001, EDI=b77e6918
-1	25761	ld-linux.so.2       	b77d0882	                                        	8b 44 24 0c                                       	mov eax, dword ptr [esp+0xc]                      		EAX=0804a010, ECX=00000000, EDX=b50f74a0, EBX=080481fc, ESP=bfc7e108, EBP=0804a010, ESI=00000001, EDI=b77e6918
-1	25761	ld-linux.so.2       	b77d0886	                                        	03 03                                             	add eax, dword ptr [ebx]                          		EAX=0804821c, ECX=00000000, EDX=b50f74a0, EBX=080481fc, ESP=bfc7e108, EBP=0804a010, ESI=00000001, EDI=b77e6918
-1	25761	ld-linux.so.2       	b77d0888	                                        	8d 4c 24 1c                                       	lea ecx, ptr [esp+0x1c]                           		EAX=08048236, ECX=00000000, EDX=b50f74a0, EBX=080481fc, ESP=bfc7e108, EBP=0804a010, ESI=00000001, EDI=b77e6918
-1	25761	ld-linux.so.2       	b77d088c	                                        	83 ec 0c                                          	sub esp, 0xc                                      		EAX=08048236, ECX=bfc7e124, EDX=b50f74a0, EBX=080481fc, ESP=bfc7e108, EBP=0804a010, ESI=00000001, EDI=b77e6918
-1	25761	ld-linux.so.2       	b77d088f	                                        	6a 00                                             	push 0x0                                          		EAX=08048236, ECX=bfc7e124, EDX=b50f74a0, EBX=080481fc, ESP=bfc7e0fc, EBP=0804a010, ESI=00000001, EDI=b77e6918
-1	25761	ld-linux.so.2       	b77d0891	                                        	56                                                	push esi                                          		EAX=08048236, ECX=bfc7e124, EDX=b50f74a0, EBX=080481fc, ESP=bfc7e0f8, EBP=0804a010, ESI=00000001, EDI=b77e6918
-1	25761	ld-linux.so.2       	b77d0892	                                        	6a 01                                             	push 0x1                                          		EAX=08048236, ECX=bfc7e124, EDX=b50f74a0, EBX=080481fc, ESP=bfc7e0f4, EBP=0804a010, ESI=00000001, EDI=b77e6918
-1	25761	ld-linux.so.2       	b77d0894	                                        	52                                                	push edx                                          		EAX=08048236, ECX=bfc7e124, EDX=b50f74a0, EBX=080481fc, ESP=bfc7e0f0, EBP=0804a010, ESI=00000001, EDI=b77e6918
-1	25761	ld-linux.so.2       	b77d0895	                                        	89 fa                                             	mov edx, edi                                      		EAX=08048236, ECX=bfc7e124, EDX=b50f74a0, EBX=080481fc, ESP=bfc7e0ec, EBP=0804a010, ESI=00000001, EDI=b77e6918
-1	25761	ld-linux.so.2       	b77d0897	                                        	ff b7 cc 01 00 00                                 	push dword ptr [edi+0x1cc]                        		EAX=08048236, ECX=bfc7e124, EDX=b77e6918, EBX=080481fc, ESP=bfc7e0ec, EBP=0804a010, ESI=00000001, EDI=b77e6918
-1	25761	ld-linux.so.2       	b77d089d	                                        	e8 be b1 ff ff                                    	call 0xb77cba60                                   		EAX=08048236, ECX=bfc7e124, EDX=b77e6918, EBX=080481fc, ESP=bfc7e0e8, EBP=0804a010, ESI=00000001, EDI=b77e6918
-1	25761	ld-linux.so.2       	b77d08a2	                                        	89 c7                                             	mov edi, eax                                      		EAX=b50f71b0, ECX=b4ebc2ef, EDX=b4eb3e98, EBX=080481fc, ESP=bfc7e0fc, EBP=0804a010, ESI=00000001, EDI=b77e6918
-1	25761	ld-linux.so.2       	b77d08a4	                                        	65 a1 0c 00 00 00                                 	mov eax, dword ptr gs:[0xc]                       		EAX=b50f71b0, ECX=b4ebc2ef, EDX=b4eb3e98, EBX=080481fc, ESP=bfc7e0fc, EBP=0804a010, ESI=00000001, EDI=b50f71b0
-1	25761	ld-linux.so.2       	b77d08aa	                                        	83 c4 0c                                          	add esp, 0xc                                      		EAX=00000000, ECX=b4ebc2ef, EDX=b4eb3e98, EBX=080481fc, ESP=bfc7e0fc, EBP=0804a010, ESI=00000001, EDI=b50f71b0
-1	25761	ld-linux.so.2       	b77d08ad	                                        	85 c0                                             	test eax, eax                                     		EAX=00000000, ECX=b4ebc2ef, EDX=b4eb3e98, EBX=080481fc, ESP=bfc7e108, EBP=0804a010, ESI=00000001, EDI=b50f71b0
-1	25761	ld-linux.so.2       	b77d08af	                                        	75 67                                             	jnz 0xb77d0918                                    		EAX=00000000, ECX=b4ebc2ef, EDX=b4eb3e98, EBX=080481fc, ESP=bfc7e108, EBP=0804a010, ESI=00000001, EDI=b50f71b0
-1	25761	ld-linux.so.2       	b77d08b1	                                        	8b 5c 24 1c                                       	mov ebx, dword ptr [esp+0x1c]                     		EAX=00000000, ECX=b4ebc2ef, EDX=b4eb3e98, EBX=080481fc, ESP=bfc7e108, EBP=0804a010, ESI=00000001, EDI=b50f71b0
-1	25761	ld-linux.so.2       	b77d08b5	                                        	85 db                                             	test ebx, ebx                                     		EAX=00000000, ECX=b4ebc2ef, EDX=b4eb3e98, EBX=b4eb3e98, ESP=bfc7e108, EBP=0804a010, ESI=00000001, EDI=b50f71b0
-1	25761	ld-linux.so.2       	b77d08b7	                                        	74 47                                             	jz 0xb77d0900                                     		EAX=00000000, ECX=b4ebc2ef, EDX=b4eb3e98, EBX=b4eb3e98, ESP=bfc7e108, EBP=0804a010, ESI=00000001, EDI=b50f71b0
-1	25761	ld-linux.so.2       	b77d08b9	                                        	85 ff                                             	test edi, edi                                     		EAX=00000000, ECX=b4ebc2ef, EDX=b4eb3e98, EBX=b4eb3e98, ESP=bfc7e108, EBP=0804a010, ESI=00000001, EDI=b50f71b0
-1	25761	ld-linux.so.2       	b77d08bb	                                        	74 4b                                             	jz 0xb77d0908                                     		EAX=00000000, ECX=b4ebc2ef, EDX=b4eb3e98, EBX=b4eb3e98, ESP=bfc7e108, EBP=0804a010, ESI=00000001, EDI=b50f71b0
-1	25761	ld-linux.so.2       	b77d08bd	                                        	8b 07                                             	mov eax, dword ptr [edi]                          		EAX=00000000, ECX=b4ebc2ef, EDX=b4eb3e98, EBX=b4eb3e98, ESP=bfc7e108, EBP=0804a010, ESI=00000001, EDI=b50f71b0
-1	25761	ld-linux.so.2       	b77d08bf	                                        	0f b6 53 0c                                       	movzx edx, byte ptr [ebx+0xc]                     		EAX=b4ea9000, ECX=b4ebc2ef, EDX=b4eb3e98, EBX=b4eb3e98, ESP=bfc7e108, EBP=0804a010, ESI=00000001, EDI=b50f71b0
-1	25761	ld-linux.so.2       	b77d08c3	                                        	03 43 04                                          	add eax, dword ptr [ebx+0x4]                      		EAX=b4ea9000, ECX=b4ebc2ef, EDX=00000012, EBX=b4eb3e98, ESP=bfc7e108, EBP=0804a010, ESI=00000001, EDI=b50f71b0
-1	25761	ld-linux.so.2       	b77d08c6	                                        	83 e2 0f                                          	and edx, 0xf                                      		EAX=b4ed6260, ECX=b4ebc2ef, EDX=00000012, EBX=b4eb3e98, ESP=bfc7e108, EBP=0804a010, ESI=00000001, EDI=b50f71b0
-1	25761	ld-linux.so.2       	b77d08c9	                                        	80 fa 0a                                          	cmp dl, 0xa                                       		EAX=b4ed6260, ECX=b4ebc2ef, EDX=00000002, EBX=b4eb3e98, ESP=bfc7e108, EBP=0804a010, ESI=00000001, EDI=b50f71b0
-1	25761	ld-linux.so.2       	b77d08cc	                                        	0f 84 96 00 00 00                                 	jz 0xb77d0968                                     		EAX=b4ed6260, ECX=b4ebc2ef, EDX=00000002, EBX=b4eb3e98, ESP=bfc7e108, EBP=0804a010, ESI=00000001, EDI=b50f71b0
-1	25761	ld-linux.so.2       	b77d08d2	                                        	8b 74 24 08                                       	mov esi, dword ptr [esp+0x8]                      		EAX=b4ed6260, ECX=b4ebc2ef, EDX=00000002, EBX=b4eb3e98, ESP=bfc7e108, EBP=0804a010, ESI=00000001, EDI=b50f71b0
-1	25761	ld-linux.so.2       	b77d08d6	                                        	8b 96 30 fd ff ff                                 	mov edx, dword ptr [esi-0x2d0]                    		EAX=b4ed6260, ECX=b4ebc2ef, EDX=00000002, EBX=b4eb3e98, ESP=bfc7e108, EBP=0804a010, ESI=b77e6000, EDI=b50f71b0
-1	25761	ld-linux.so.2       	b77d08dc	                                        	85 d2                                             	test edx, edx                                     		EAX=b4ed6260, ECX=b4ebc2ef, EDX=00000000, EBX=b4eb3e98, ESP=bfc7e108, EBP=0804a010, ESI=b77e6000, EDI=b50f71b0
-1	25761	ld-linux.so.2       	b77d08de	                                        	75 03                                             	jnz 0xb77d08e3                                    		EAX=b4ed6260, ECX=b4ebc2ef, EDX=00000000, EBX=b4eb3e98, ESP=bfc7e108, EBP=0804a010, ESI=b77e6000, EDI=b50f71b0
-1	25761	ld-linux.so.2       	b77d08e0	                                        	89 45 00                                          	mov dword ptr [ebp], eax                          		EAX=b4ed6260, ECX=b4ebc2ef, EDX=00000000, EBX=b4eb3e98, ESP=bfc7e108, EBP=0804a010, ESI=b77e6000, EDI=b50f71b0
-1	25761	ld-linux.so.2       	b77d08e3	                                        	83 c4 2c                                          	add esp, 0x2c                                     		EAX=b4ed6260, ECX=b4ebc2ef, EDX=00000000, EBX=b4eb3e98, ESP=bfc7e108, EBP=0804a010, ESI=b77e6000, EDI=b50f71b0
-1	25761	ld-linux.so.2       	b77d08e6	                                        	5b                                                	pop ebx                                           		EAX=b4ed6260, ECX=b4ebc2ef, EDX=00000000, EBX=b4eb3e98, ESP=bfc7e134, EBP=0804a010, ESI=b77e6000, EDI=b50f71b0
-1	25761	ld-linux.so.2       	b77d08e7	                                        	5e                                                	pop esi                                           		EAX=b4ed6260, ECX=b4ebc2ef, EDX=00000000, EBX=00000000, ESP=bfc7e138, EBP=0804a010, ESI=b77e6000, EDI=b50f71b0
-1	25761	ld-linux.so.2       	b77d08e8	                                        	5f                                                	pop edi                                           		EAX=b4ed6260, ECX=b4ebc2ef, EDX=00000000, EBX=00000000, ESP=bfc7e13c, EBP=0804a010, ESI=b505c000, EDI=b50f71b0
-1	25761	ld-linux.so.2       	b77d08e9	                                        	5d                                                	pop ebp                                           		EAX=b4ed6260, ECX=b4ebc2ef, EDX=00000000, EBX=00000000, ESP=bfc7e140, EBP=0804a010, ESI=b505c000, EDI=b505c000
-1	25761	ld-linux.so.2       	b77d08ea	                                        	c3                                                	ret                                               		EAX=b4ed6260, ECX=b4ebc2ef, EDX=00000000, EBX=00000000, ESP=bfc7e144, EBP=bfc7e188, ESI=b505c000, EDI=b505c000
-1	25761	ld-linux.so.2       	b77d7010	                                        	5a                                                	pop edx                                           		EAX=b4ed6260, ECX=b4ebc2ef, EDX=00000000, EBX=00000000, ESP=bfc7e148, EBP=bfc7e188, ESI=b505c000, EDI=b505c000
-1	25761	ld-linux.so.2       	b77d7011	                                        	8b 0c 24                                          	mov ecx, dword ptr [esp]                          		EAX=b4ed6260, ECX=b4ebc2ef, EDX=bfc7e1c4, EBX=00000000, ESP=bfc7e14c, EBP=bfc7e188, ESI=b505c000, EDI=b505c000
-1	25761	ld-linux.so.2       	b77d7014	                                        	89 04 24                                          	mov dword ptr [esp], eax                          		EAX=b4ed6260, ECX=bfc7e1a0, EDX=bfc7e1c4, EBX=00000000, ESP=bfc7e14c, EBP=bfc7e188, ESI=b505c000, EDI=b505c000
-1	25761	ld-linux.so.2       	b77d7017	                                        	8b 44 24 04                                       	mov eax, dword ptr [esp+0x4]                      		EAX=b4ed6260, ECX=bfc7e1a0, EDX=bfc7e1c4, EBX=00000000, ESP=bfc7e14c, EBP=bfc7e188, ESI=b505c000, EDI=b505c000
-1	25761	ld-linux.so.2       	b77d701b	                                        	c2 0c 00                                          	ret 0xc                                           		EAX=bfc7f4e1, ECX=bfc7e1a0, EDX=bfc7e1c4, EBX=00000000, ESP=bfc7e14c, EBP=bfc7e188, ESI=b505c000, EDI=b505c000
-1	25761	libc.so.6           	b4ed6260	                                        	83 ec 10                                          	sub esp, 0x10                                     		EAX=bfc7f4e1, ECX=bfc7e1a0, EDX=bfc7e1c4, EBX=00000000, ESP=bfc7e15c, EBP=bfc7e188, ESI=b505c000, EDI=b505c000
-1	25761	libc.so.6           	b4ed6263	                                        	6a 0a                                             	push 0xa                                          		EAX=bfc7f4e1, ECX=bfc7e1a0, EDX=bfc7e1c4, EBX=00000000, ESP=bfc7e14c, EBP=bfc7e188, ESI=b505c000, EDI=b505c000
-1	25761	libc.so.6           	b4ed6265	                                        	6a 00                                             	push 0x0                                          		EAX=bfc7f4e1, ECX=bfc7e1a0, EDX=bfc7e1c4, EBX=00000000, ESP=bfc7e148, EBP=bfc7e188, ESI=b505c000, EDI=b505c000
-1	25761	libc.so.6           	b4ed6267	                                        	ff 74 24 1c                                       	push dword ptr [esp+0x1c]                         		EAX=bfc7f4e1, ECX=bfc7e1a0, EDX=bfc7e1c4, EBX=00000000, ESP=bfc7e144, EBP=bfc7e188, ESI=b505c000, EDI=b505c000
-1	25761	libc.so.6           	b4ed626b	                                        	e8 90 2c 00 00                                    	call 0xb4ed8f00                                   		EAX=bfc7f4e1, ECX=bfc7e1a0, EDX=bfc7e1c4, EBX=00000000, ESP=bfc7e140, EBP=bfc7e188, ESI=b505c000, EDI=b505c000
-1	25761	libc.so.6           	b4ed8f00	atoi                                    	e8 74 fd 0e 00                                    	call 0xb4fc8c79                                   		EAX=bfc7f4e1, ECX=bfc7e1a0, EDX=bfc7e1c4, EBX=00000000, ESP=bfc7e13c, EBP=bfc7e188, ESI=b505c000, EDI=b505c000
-1	25761	libc.so.6           	b4fc8c79	strtol                                  	8b 04 24                                          	mov eax, dword ptr [esp]                          		EAX=bfc7f4e1, ECX=bfc7e1a0, EDX=bfc7e1c4, EBX=00000000, ESP=bfc7e138, EBP=bfc7e188, ESI=b505c000, EDI=b505c000
-1	25761	libc.so.6           	b4fc8c7c	                                        	c3                                                	ret                                               		EAX=b4ed8f05, ECX=bfc7e1a0, EDX=bfc7e1c4, EBX=00000000, ESP=bfc7e138, EBP=bfc7e188, ESI=b505c000, EDI=b505c000
-1	25761	libc.so.6           	b4ed8f05	                                        	05 fb 30 18 00                                    	add eax, 0x1830fb                                 		EAX=b4ed8f05, ECX=bfc7e1a0, EDX=bfc7e1c4, EBX=00000000, ESP=bfc7e13c, EBP=bfc7e188, ESI=b505c000, EDI=b505c000
-1	25761	libc.so.6           	b4ed8f0a	                                        	83 ec 18                                          	sub esp, 0x18                                     		EAX=b505c000, ECX=bfc7e1a0, EDX=bfc7e1c4, EBX=00000000, ESP=bfc7e13c, EBP=bfc7e188, ESI=b505c000, EDI=b505c000
-1	25761	libc.so.6           	b4ed8f0d	                                        	65 8b 15 00 00 00 00                              	mov edx, dword ptr gs:[0x0]                       		EAX=b505c000, ECX=bfc7e1a0, EDX=bfc7e1c4, EBX=00000000, ESP=bfc7e124, EBP=bfc7e188, ESI=b505c000, EDI=b505c000
-1	25761	libc.so.6           	b4ed8f14	                                        	8b 80 d0 fe ff ff                                 	mov eax, dword ptr [eax-0x130]                    		EAX=b505c000, ECX=bfc7e1a0, EDX=b4e90700, EBX=00000000, ESP=bfc7e124, EBP=bfc7e188, ESI=b505c000, EDI=b505c000
-1	25761	libc.so.6           	b4ed8f1a	                                        	ff 34 02                                          	push dword ptr [edx+eax*1]                        		EAX=ffffffb8, ECX=bfc7e1a0, EDX=b4e90700, EBX=00000000, ESP=bfc7e124, EBP=bfc7e188, ESI=b505c000, EDI=b505c000
-1	25761	libc.so.6           	b4ed8f1d	                                        	6a 00                                             	push 0x0                                          		EAX=ffffffb8, ECX=bfc7e1a0, EDX=b4e90700, EBX=00000000, ESP=bfc7e120, EBP=bfc7e188, ESI=b505c000, EDI=b505c000
-1	25761	libc.so.6           	b4ed8f1f	                                        	ff 74 24 2c                                       	push dword ptr [esp+0x2c]                         		EAX=ffffffb8, ECX=bfc7e1a0, EDX=b4e90700, EBX=00000000, ESP=bfc7e11c, EBP=bfc7e188, ESI=b505c000, EDI=b505c000
-1	25761	libc.so.6           	b4ed8f23	                                        	ff 74 24 2c                                       	push dword ptr [esp+0x2c]                         		EAX=ffffffb8, ECX=bfc7e1a0, EDX=b4e90700, EBX=00000000, ESP=bfc7e118, EBP=bfc7e188, ESI=b505c000, EDI=b505c000
-1	25761	libc.so.6           	b4ed8f27	                                        	ff 74 24 2c                                       	push dword ptr [esp+0x2c]                         		EAX=ffffffb8, ECX=bfc7e1a0, EDX=b4e90700, EBX=00000000, ESP=bfc7e114, EBP=bfc7e188, ESI=b505c000, EDI=b505c000
-1	25761	libc.so.6           	b4ed8f2b	                                        	e8 90 01 00 00                                    	call 0xb4ed90c0                                   		EAX=ffffffb8, ECX=bfc7e1a0, EDX=b4e90700, EBX=00000000, ESP=bfc7e110, EBP=bfc7e188, ESI=b505c000, EDI=b505c000
-1	25761	libc.so.6           	b4ed90c0	                                        	55                                                	push ebp                                          		EAX=ffffffb8, ECX=bfc7e1a0, EDX=b4e90700, EBX=00000000, ESP=bfc7e10c, EBP=bfc7e188, ESI=b505c000, EDI=b505c000
-1	25761	libc.so.6           	b4ed90c1	                                        	57                                                	push edi                                          		EAX=ffffffb8, ECX=bfc7e1a0, EDX=b4e90700, EBX=00000000, ESP=bfc7e108, EBP=bfc7e188, ESI=b505c000, EDI=b505c000
-1	25761	libc.so.6           	b4ed90c2	                                        	56                                                	push esi                                          		EAX=ffffffb8, ECX=bfc7e1a0, EDX=b4e90700, EBX=00000000, ESP=bfc7e104, EBP=bfc7e188, ESI=b505c000, EDI=b505c000
-1	25761	libc.so.6           	b4ed90c3	                                        	53                                                	push ebx                                          		EAX=ffffffb8, ECX=bfc7e1a0, EDX=b4e90700, EBX=00000000, ESP=bfc7e100, EBP=bfc7e188, ESI=b505c000, EDI=b505c000
-1	25761	libc.so.6           	b4ed90c4	                                        	e8 b0 fb 0e 00                                    	call 0xb4fc8c79                                   		EAX=ffffffb8, ECX=bfc7e1a0, EDX=b4e90700, EBX=00000000, ESP=bfc7e0fc, EBP=bfc7e188, ESI=b505c000, EDI=b505c000
-1	25761	libc.so.6           	b4fc8c79	                                        	8b 04 24                                          	mov eax, dword ptr [esp]                          		EAX=ffffffb8, ECX=bfc7e1a0, EDX=b4e90700, EBX=00000000, ESP=bfc7e0f8, EBP=bfc7e188, ESI=b505c000, EDI=b505c000
-1	25761	libc.so.6           	b4fc8c7c	                                        	c3                                                	ret                                               		EAX=b4ed90c9, ECX=bfc7e1a0, EDX=b4e90700, EBX=00000000, ESP=bfc7e0f8, EBP=bfc7e188, ESI=b505c000, EDI=b505c000
-1	25761	libc.so.6           	b4ed90c9	                                        	05 37 2f 18 00                                    	add eax, 0x182f37                                 		EAX=b4ed90c9, ECX=bfc7e1a0, EDX=b4e90700, EBX=00000000, ESP=bfc7e0fc, EBP=bfc7e188, ESI=b505c000, EDI=b505c000
-1	25761	libc.so.6           	b4ed90ce	                                        	83 ec 3c                                          	sub esp, 0x3c                                     		EAX=b505c000, ECX=bfc7e1a0, EDX=b4e90700, EBX=00000000, ESP=bfc7e0fc, EBP=bfc7e188, ESI=b505c000, EDI=b505c000
-1	25761	libc.so.6           	b4ed90d1	                                        	8b 54 24 5c                                       	mov edx, dword ptr [esp+0x5c]                     		EAX=b505c000, ECX=bfc7e1a0, EDX=b4e90700, EBX=00000000, ESP=bfc7e0c0, EBP=bfc7e188, ESI=b505c000, EDI=b505c000
-1	25761	libc.so.6           	b4ed90d5	                                        	89 44 24 10                                       	mov dword ptr [esp+0x10], eax                     		EAX=b505c000, ECX=bfc7e1a0, EDX=00000000, EBX=00000000, ESP=bfc7e0c0, EBP=bfc7e188, ESI=b505c000, EDI=b505c000
-1	25761	libc.so.6           	b4ed90d9	                                        	8b 44 24 60                                       	mov eax, dword ptr [esp+0x60]                     		EAX=b505c000, ECX=bfc7e1a0, EDX=00000000, EBX=00000000, ESP=bfc7e0c0, EBP=bfc7e188, ESI=b505c000, EDI=b505c000
-1	25761	libc.so.6           	b4ed90dd	                                        	85 d2                                             	test edx, edx                                     		EAX=b505cc20, ECX=bfc7e1a0, EDX=00000000, EBX=00000000, ESP=bfc7e0c0, EBP=bfc7e188, ESI=b505c000, EDI=b505c000
-1	25761	libc.so.6           	b4ed90df	                                        	74 1f                                             	jz 0xb4ed9100                                     		EAX=b505cc20, ECX=bfc7e1a0, EDX=00000000, EBX=00000000, ESP=bfc7e0c0, EBP=bfc7e188, ESI=b505c000, EDI=b505c000
-1	25761	libc.so.6           	b4ed9100	                                        	c7 44 24 0c 00 00 00 00                           	mov dword ptr [esp+0xc], 0x0                      		EAX=b505cc20, ECX=bfc7e1a0, EDX=00000000, EBX=00000000, ESP=bfc7e0c0, EBP=bfc7e188, ESI=b505c000, EDI=b505c000
-1	25761	libc.so.6           	b4ed9108	                                        	31 db                                             	xor ebx, ebx                                      		EAX=b505cc20, ECX=bfc7e1a0, EDX=00000000, EBX=00000000, ESP=bfc7e0c0, EBP=bfc7e188, ESI=b505c000, EDI=b505c000
-1	25761	libc.so.6           	b4ed910a	                                        	83 7c 24 58 01                                    	cmp dword ptr [esp+0x58], 0x1                     		EAX=b505cc20, ECX=bfc7e1a0, EDX=00000000, EBX=00000000, ESP=bfc7e0c0, EBP=bfc7e188, ESI=b505c000, EDI=b505c000
-1	25761	libc.so.6           	b4ed910f	                                        	0f 84 cb 00 00 00                                 	jz 0xb4ed91e0                                     		EAX=b505cc20, ECX=bfc7e1a0, EDX=00000000, EBX=00000000, ESP=bfc7e0c0, EBP=bfc7e188, ESI=b505c000, EDI=b505c000
-1	25761	libc.so.6           	b4ed9115	                                        	83 7c 24 58 24                                    	cmp dword ptr [esp+0x58], 0x24                    		EAX=b505cc20, ECX=bfc7e1a0, EDX=00000000, EBX=00000000, ESP=bfc7e0c0, EBP=bfc7e188, ESI=b505c000, EDI=b505c000
-1	25761	libc.so.6           	b4ed911a	                                        	0f 87 c0 00 00 00                                 	jnbe 0xb4ed91e0                                   		EAX=b505cc20, ECX=bfc7e1a0, EDX=00000000, EBX=00000000, ESP=bfc7e0c0, EBP=bfc7e188, ESI=b505c000, EDI=b505c000
-1	25761	libc.so.6           	b4ed9120	                                        	8b 48 34                                          	mov ecx, dword ptr [eax+0x34]                     		EAX=b505cc20, ECX=bfc7e1a0, EDX=00000000, EBX=00000000, ESP=bfc7e0c0, EBP=bfc7e188, ESI=b505c000, EDI=b505c000
-1	25761	libc.so.6           	b4ed9123	                                        	8b 44 24 50                                       	mov eax, dword ptr [esp+0x50]                     		EAX=b505cc20, ECX=b4fef820, EDX=00000000, EBX=00000000, ESP=bfc7e0c0, EBP=bfc7e188, ESI=b505c000, EDI=b505c000
-1	25761	libc.so.6           	b4ed9127	                                        	8b 74 24 50                                       	mov esi, dword ptr [esp+0x50]                     		EAX=bfc7f4e1, ECX=b4fef820, EDX=00000000, EBX=00000000, ESP=bfc7e0c0, EBP=bfc7e188, ESI=b505c000, EDI=b505c000
-1	25761	libc.so.6           	b4ed912b	                                        	0f be 10                                          	movsx edx, byte ptr [eax]                         		EAX=bfc7f4e1, ECX=b4fef820, EDX=00000000, EBX=00000000, ESP=bfc7e0c0, EBP=bfc7e188, ESI=bfc7f4e1, EDI=b505c000
-1	25761	libc.so.6           	b4ed912e	                                        	f6 44 51 01 20                                    	test byte ptr [ecx+edx*2+0x1], 0x20               		EAX=bfc7f4e1, ECX=b4fef820, EDX=00000034, EBX=00000000, ESP=bfc7e0c0, EBP=bfc7e188, ESI=bfc7f4e1, EDI=b505c000
-1	25761	libc.so.6           	b4ed9133	                                        	89 d0                                             	mov eax, edx                                      		EAX=bfc7f4e1, ECX=b4fef820, EDX=00000034, EBX=00000000, ESP=bfc7e0c0, EBP=bfc7e188, ESI=bfc7f4e1, EDI=b505c000
-1	25761	libc.so.6           	b4ed9135	                                        	74 18                                             	jz 0xb4ed914f                                     		EAX=00000034, ECX=b4fef820, EDX=00000034, EBX=00000000, ESP=bfc7e0c0, EBP=bfc7e188, ESI=bfc7f4e1, EDI=b505c000
-1	25761	libc.so.6           	b4ed914f	                                        	84 c0                                             	test al, al                                       		EAX=00000034, ECX=b4fef820, EDX=00000034, EBX=00000000, ESP=bfc7e0c0, EBP=bfc7e188, ESI=bfc7f4e1, EDI=b505c000
-1	25761	libc.so.6           	b4ed9151	                                        	0f 84 c9 00 00 00                                 	jz 0xb4ed9220                                     		EAX=00000034, ECX=b4fef820, EDX=00000034, EBX=00000000, ESP=bfc7e0c0, EBP=bfc7e188, ESI=bfc7f4e1, EDI=b505c000
-1	25761	libc.so.6           	b4ed9157	                                        	3c 2d                                             	cmp al, 0x2d                                      		EAX=00000034, ECX=b4fef820, EDX=00000034, EBX=00000000, ESP=bfc7e0c0, EBP=bfc7e188, ESI=bfc7f4e1, EDI=b505c000
-1	25761	libc.so.6           	b4ed9159	                                        	0f 84 b1 03 00 00                                 	jz 0xb4ed9510                                     		EAX=00000034, ECX=b4fef820, EDX=00000034, EBX=00000000, ESP=bfc7e0c0, EBP=bfc7e188, ESI=bfc7f4e1, EDI=b505c000
-1	25761	libc.so.6           	b4ed915f	                                        	3c 2b                                             	cmp al, 0x2b                                      		EAX=00000034, ECX=b4fef820, EDX=00000034, EBX=00000000, ESP=bfc7e0c0, EBP=bfc7e188, ESI=bfc7f4e1, EDI=b505c000
-1	25761	libc.so.6           	b4ed9161	                                        	c7 44 24 28 00 00 00 00                           	mov dword ptr [esp+0x28], 0x0                     		EAX=00000034, ECX=b4fef820, EDX=00000034, EBX=00000000, ESP=bfc7e0c0, EBP=bfc7e188, ESI=bfc7f4e1, EDI=b505c000
-1	25761	libc.so.6           	b4ed9169	                                        	0f 94 c0                                          	setz al                                           		EAX=00000034, ECX=b4fef820, EDX=00000034, EBX=00000000, ESP=bfc7e0c0, EBP=bfc7e188, ESI=bfc7f4e1, EDI=b505c000
-1	25761	libc.so.6           	b4ed916c	                                        	0f b6 c0                                          	movzx eax, al                                     		EAX=00000000, ECX=b4fef820, EDX=00000034, EBX=00000000, ESP=bfc7e0c0, EBP=bfc7e188, ESI=bfc7f4e1, EDI=b505c000
-1	25761	libc.so.6           	b4ed916f	                                        	01 c6                                             	add esi, eax                                      		EAX=00000000, ECX=b4fef820, EDX=00000034, EBX=00000000, ESP=bfc7e0c0, EBP=bfc7e188, ESI=bfc7f4e1, EDI=b505c000
-1	25761	libc.so.6           	b4ed9171	                                        	0f b6 2e                                          	movzx ebp, byte ptr [esi]                         		EAX=00000000, ECX=b4fef820, EDX=00000034, EBX=00000000, ESP=bfc7e0c0, EBP=bfc7e188, ESI=bfc7f4e1, EDI=b505c000
-1	25761	libc.so.6           	b4ed9174	                                        	89 e8                                             	mov eax, ebp                                      		EAX=00000000, ECX=b4fef820, EDX=00000034, EBX=00000000, ESP=bfc7e0c0, EBP=00000034, ESI=bfc7f4e1, EDI=b505c000
-1	25761	libc.so.6           	b4ed9176	                                        	3c 30                                             	cmp al, 0x30                                      		EAX=00000034, ECX=b4fef820, EDX=00000034, EBX=00000000, ESP=bfc7e0c0, EBP=00000034, ESI=bfc7f4e1, EDI=b505c000
-1	25761	libc.so.6           	b4ed9178	                                        	0f 84 e9 00 00 00                                 	jz 0xb4ed9267                                     		EAX=00000034, ECX=b4fef820, EDX=00000034, EBX=00000000, ESP=bfc7e0c0, EBP=00000034, ESI=bfc7f4e1, EDI=b505c000
-1	25761	libc.so.6           	b4ed917e	                                        	8b 44 24 58                                       	mov eax, dword ptr [esp+0x58]                     		EAX=00000034, ECX=b4fef820, EDX=00000034, EBX=00000000, ESP=bfc7e0c0, EBP=00000034, ESI=bfc7f4e1, EDI=b505c000
-1	25761	libc.so.6           	b4ed9182	                                        	85 c0                                             	test eax, eax                                     		EAX=0000000a, ECX=b4fef820, EDX=00000034, EBX=00000000, ESP=bfc7e0c0, EBP=00000034, ESI=bfc7f4e1, EDI=b505c000
-1	25761	libc.so.6           	b4ed9184	                                        	0f 85 eb 00 00 00                                 	jnz 0xb4ed9275                                    		EAX=0000000a, ECX=b4fef820, EDX=00000034, EBX=00000000, ESP=bfc7e0c0, EBP=00000034, ESI=bfc7f4e1, EDI=b505c000
-1	25761	libc.so.6           	b4ed9275	                                        	83 7c 24 58 0a                                    	cmp dword ptr [esp+0x58], 0xa                     		EAX=0000000a, ECX=b4fef820, EDX=00000034, EBX=00000000, ESP=bfc7e0c0, EBP=00000034, ESI=bfc7f4e1, EDI=b505c000
-1	25761	libc.so.6           	b4ed927a	                                        	0f 84 0a ff ff ff                                 	jz 0xb4ed918a                                     		EAX=0000000a, ECX=b4fef820, EDX=00000034, EBX=00000000, ESP=bfc7e0c0, EBP=00000034, ESI=bfc7f4e1, EDI=b505c000
-1	25761	libc.so.6           	b4ed918a	                                        	8b 7c 24 0c                                       	mov edi, dword ptr [esp+0xc]                      		EAX=0000000a, ECX=b4fef820, EDX=00000034, EBX=00000000, ESP=bfc7e0c0, EBP=00000034, ESI=bfc7f4e1, EDI=b505c000
-1	25761	libc.so.6           	b4ed918e	                                        	85 ff                                             	test edi, edi                                     		EAX=0000000a, ECX=b4fef820, EDX=00000034, EBX=00000000, ESP=bfc7e0c0, EBP=00000034, ESI=bfc7f4e1, EDI=00000000
-1	25761	libc.so.6           	b4ed9190	                                        	0f 84 3e 04 00 00                                 	jz 0xb4ed95d4                                     		EAX=0000000a, ECX=b4fef820, EDX=00000034, EBX=00000000, ESP=bfc7e0c0, EBP=00000034, ESI=bfc7f4e1, EDI=00000000
-1	25761	libc.so.6           	b4ed95d4	                                        	c6 44 24 23 05                                    	mov byte ptr [esp+0x23], 0x5                      		EAX=0000000a, ECX=b4fef820, EDX=00000034, EBX=00000000, ESP=bfc7e0c0, EBP=00000034, ESI=bfc7f4e1, EDI=00000000
-1	25761	libc.so.6           	b4ed95d9	                                        	c7 44 24 0c 99 99 99 19                           	mov dword ptr [esp+0xc], 0x19999999               		EAX=0000000a, ECX=b4fef820, EDX=00000034, EBX=00000000, ESP=bfc7e0c0, EBP=00000034, ESI=bfc7f4e1, EDI=00000000
-1	25761	libc.so.6           	b4ed95e1	                                        	c7 44 24 58 0a 00 00 00                           	mov dword ptr [esp+0x58], 0xa                     		EAX=0000000a, ECX=b4fef820, EDX=00000034, EBX=00000000, ESP=bfc7e0c0, EBP=00000034, ESI=bfc7f4e1, EDI=00000000
-1	25761	libc.so.6           	b4ed95e9	                                        	e9 b5 fc ff ff                                    	jmp 0xb4ed92a3                                    		EAX=0000000a, ECX=b4fef820, EDX=00000034, EBX=00000000, ESP=bfc7e0c0, EBP=00000034, ESI=bfc7f4e1, EDI=00000000
-1	25761	libc.so.6           	b4ed92a3	                                        	31 ff                                             	xor edi, edi                                      		EAX=0000000a, ECX=b4fef820, EDX=00000034, EBX=00000000, ESP=bfc7e0c0, EBP=00000034, ESI=bfc7f4e1, EDI=00000000
-1	25761	libc.so.6           	b4ed92a5	                                        	c7 44 24 08 00 00 00 00                           	mov dword ptr [esp+0x8], 0x0                      		EAX=0000000a, ECX=b4fef820, EDX=00000034, EBX=00000000, ESP=bfc7e0c0, EBP=00000034, ESI=bfc7f4e1, EDI=00000000
-1	25761	libc.so.6           	b4ed92ad	                                        	39 74 24 08                                       	cmp dword ptr [esp+0x8], esi                      		EAX=0000000a, ECX=b4fef820, EDX=00000034, EBX=00000000, ESP=bfc7e0c0, EBP=00000034, ESI=bfc7f4e1, EDI=00000000
-1	25761	libc.so.6           	b4ed92b1	                                        	89 e8                                             	mov eax, ebp                                      		EAX=0000000a, ECX=b4fef820, EDX=00000034, EBX=00000000, ESP=bfc7e0c0, EBP=00000034, ESI=bfc7f4e1, EDI=00000000
-1	25761	libc.so.6           	b4ed92b3	                                        	0f 84 6b ff ff ff                                 	jz 0xb4ed9224                                     		EAX=00000034, ECX=b4fef820, EDX=00000034, EBX=00000000, ESP=bfc7e0c0, EBP=00000034, ESI=bfc7f4e1, EDI=00000000
-1	25761	libc.so.6           	b4ed92b9	                                        	84 c0                                             	test al, al                                       		EAX=00000034, ECX=b4fef820, EDX=00000034, EBX=00000000, ESP=bfc7e0c0, EBP=00000034, ESI=bfc7f4e1, EDI=00000000
-1	25761	libc.so.6           	b4ed92bb	                                        	0f 84 63 ff ff ff                                 	jz 0xb4ed9224                                     		EAX=00000034, ECX=b4fef820, EDX=00000034, EBX=00000000, ESP=bfc7e0c0, EBP=00000034, ESI=bfc7f4e1, EDI=00000000
-1	25761	libc.so.6           	b4ed92c1	                                        	8b 4c 24 10                                       	mov ecx, dword ptr [esp+0x10]                     		EAX=00000034, ECX=b4fef820, EDX=00000034, EBX=00000000, ESP=bfc7e0c0, EBP=00000034, ESI=bfc7f4e1, EDI=00000000
-1	25761	libc.so.6           	b4ed92c5	                                        	89 74 24 2c                                       	mov dword ptr [esp+0x2c], esi                     		EAX=00000034, ECX=b505c000, EDX=00000034, EBX=00000000, ESP=bfc7e0c0, EBP=00000034, ESI=bfc7f4e1, EDI=00000000
-1	25761	libc.so.6           	b4ed92c9	                                        	31 ed                                             	xor ebp, ebp                                      		EAX=00000034, ECX=b505c000, EDX=00000034, EBX=00000000, ESP=bfc7e0c0, EBP=00000034, ESI=bfc7f4e1, EDI=00000000
-1	25761	libc.so.6           	b4ed92cb	                                        	c7 44 24 14 00 00 00 00                           	mov dword ptr [esp+0x14], 0x0                     		EAX=00000034, ECX=b505c000, EDX=00000034, EBX=00000000, ESP=bfc7e0c0, EBP=00000000, ESI=bfc7f4e1, EDI=00000000
-1	25761	libc.so.6           	b4ed92d3	                                        	8b 91 74 f4 ff ff                                 	mov edx, dword ptr [ecx-0xb8c]                    		EAX=00000034, ECX=b505c000, EDX=00000034, EBX=00000000, ESP=bfc7e0c0, EBP=00000000, ESI=bfc7f4e1, EDI=00000000
-1	25761	libc.so.6           	b4ed92d9	                                        	8b 89 7c f4 ff ff                                 	mov ecx, dword ptr [ecx-0xb84]                    		EAX=00000034, ECX=b505c000, EDX=b4fef820, EBX=00000000, ESP=bfc7e0c0, EBP=00000000, ESI=bfc7f4e1, EDI=00000000
-1	25761	libc.so.6           	b4ed92df	                                        	89 54 24 18                                       	mov dword ptr [esp+0x18], edx                     		EAX=00000034, ECX=b4feef20, EDX=b4fef820, EBX=00000000, ESP=bfc7e0c0, EBP=00000000, ESI=bfc7f4e1, EDI=00000000
-1	25761	libc.so.6           	b4ed92e3	                                        	89 4c 24 1c                                       	mov dword ptr [esp+0x1c], ecx                     		EAX=00000034, ECX=b4feef20, EDX=b4fef820, EBX=00000000, ESP=bfc7e0c0, EBP=00000000, ESI=bfc7f4e1, EDI=00000000
-1	25761	libc.so.6           	b4ed92e7	                                        	8d 57 ff                                          	lea edx, ptr [edi-0x1]                            		EAX=00000034, ECX=b4feef20, EDX=b4fef820, EBX=00000000, ESP=bfc7e0c0, EBP=00000000, ESI=bfc7f4e1, EDI=00000000
-1	25761	libc.so.6           	b4ed92ea	                                        	89 f1                                             	mov ecx, esi                                      		EAX=00000034, ECX=b4feef20, EDX=ffffffff, EBX=00000000, ESP=bfc7e0c0, EBP=00000000, ESI=bfc7f4e1, EDI=00000000
-1	25761	libc.so.6           	b4ed92ec	                                        	8b 74 24 58                                       	mov esi, dword ptr [esp+0x58]                     		EAX=00000034, ECX=bfc7f4e1, EDX=ffffffff, EBX=00000000, ESP=bfc7e0c0, EBP=00000000, ESI=bfc7f4e1, EDI=00000000
-1	25761	libc.so.6           	b4ed92f0	                                        	89 54 24 24                                       	mov dword ptr [esp+0x24], edx                     		EAX=00000034, ECX=bfc7f4e1, EDX=ffffffff, EBX=00000000, ESP=bfc7e0c0, EBP=00000000, ESI=0000000a, EDI=00000000
-1	25761	libc.so.6           	b4ed92f4	                                        	8d 74 26 00                                       	lea esi, ptr [esi]                                		EAX=00000034, ECX=bfc7f4e1, EDX=ffffffff, EBX=00000000, ESP=bfc7e0c0, EBP=00000000, ESI=0000000a, EDI=00000000
-1	25761	libc.so.6           	b4ed92f8	                                        	8d 50 d0                                          	lea edx, ptr [eax-0x30]                           		EAX=00000034, ECX=bfc7f4e1, EDX=ffffffff, EBX=00000000, ESP=bfc7e0c0, EBP=00000000, ESI=0000000a, EDI=00000000
-1	25761	libc.so.6           	b4ed92fb	                                        	80 fa 09                                          	cmp dl, 0x9                                       		EAX=00000034, ECX=bfc7f4e1, EDX=00000004, EBX=00000000, ESP=bfc7e0c0, EBP=00000000, ESI=0000000a, EDI=00000000
-1	25761	libc.so.6           	b4ed92fe	                                        	0f 86 d1 00 00 00                                 	jbe 0xb4ed93d5                                    		EAX=00000034, ECX=bfc7f4e1, EDX=00000004, EBX=00000000, ESP=bfc7e0c0, EBP=00000000, ESI=0000000a, EDI=00000000
-1	25761	libc.so.6           	b4ed93d5	                                        	0f b6 c2                                          	movzx eax, dl                                     		EAX=00000034, ECX=bfc7f4e1, EDX=00000004, EBX=00000000, ESP=bfc7e0c0, EBP=00000000, ESI=0000000a, EDI=00000000
-1	25761	libc.so.6           	b4ed93d8	                                        	39 f0                                             	cmp eax, esi                                      		EAX=00000004, ECX=bfc7f4e1, EDX=00000004, EBX=00000000, ESP=bfc7e0c0, EBP=00000000, ESI=0000000a, EDI=00000000
-1	25761	libc.so.6           	b4ed93da	                                        	0f 8d 71 ff ff ff                                 	jnl 0xb4ed9351                                    		EAX=00000004, ECX=bfc7f4e1, EDX=00000004, EBX=00000000, ESP=bfc7e0c0, EBP=00000000, ESI=0000000a, EDI=00000000
-1	25761	libc.so.6           	b4ed93e0	                                        	3b 6c 24 0c                                       	cmp ebp, dword ptr [esp+0xc]                      		EAX=00000004, ECX=bfc7f4e1, EDX=00000004, EBX=00000000, ESP=bfc7e0c0, EBP=00000000, ESI=0000000a, EDI=00000000
-1	25761	libc.so.6           	b4ed93e4	                                        	77 12                                             	jnbe 0xb4ed93f8                                   		EAX=00000004, ECX=bfc7f4e1, EDX=00000004, EBX=00000000, ESP=bfc7e0c0, EBP=00000000, ESI=0000000a, EDI=00000000
-1	25761	libc.so.6           	b4ed93e6	                                        	3a 54 24 23                                       	cmp dl, byte ptr [esp+0x23]                       		EAX=00000004, ECX=bfc7f4e1, EDX=00000004, EBX=00000000, ESP=bfc7e0c0, EBP=00000000, ESI=0000000a, EDI=00000000
-1	25761	libc.so.6           	b4ed93ea	                                        	76 24                                             	jbe 0xb4ed9410                                    		EAX=00000004, ECX=bfc7f4e1, EDX=00000004, EBX=00000000, ESP=bfc7e0c0, EBP=00000000, ESI=0000000a, EDI=00000000
-1	25761	libc.so.6           	b4ed9410	                                        	0f af ee                                          	imul ebp, esi                                     		EAX=00000004, ECX=bfc7f4e1, EDX=00000004, EBX=00000000, ESP=bfc7e0c0, EBP=00000000, ESI=0000000a, EDI=00000000
-1	25761	libc.so.6           	b4ed9413	                                        	01 c5                                             	add ebp, eax                                      		EAX=00000004, ECX=bfc7f4e1, EDX=00000004, EBX=00000000, ESP=bfc7e0c0, EBP=00000000, ESI=0000000a, EDI=00000000
-1	25761	libc.so.6           	b4ed9415	                                        	89 c8                                             	mov eax, ecx                                      		EAX=00000004, ECX=bfc7f4e1, EDX=00000004, EBX=00000000, ESP=bfc7e0c0, EBP=00000004, ESI=0000000a, EDI=00000000
-1	25761	libc.so.6           	b4ed9417	                                        	e9 24 ff ff ff                                    	jmp 0xb4ed9340                                    		EAX=bfc7f4e1, ECX=bfc7f4e1, EDX=00000004, EBX=00000000, ESP=bfc7e0c0, EBP=00000004, ESI=0000000a, EDI=00000000
-1	25761	libc.so.6           	b4ed9340	                                        	8d 48 01                                          	lea ecx, ptr [eax+0x1]                            		EAX=bfc7f4e1, ECX=bfc7f4e1, EDX=00000004, EBX=00000000, ESP=bfc7e0c0, EBP=00000004, ESI=0000000a, EDI=00000000
-1	25761	libc.so.6           	b4ed9343	                                        	39 4c 24 08                                       	cmp dword ptr [esp+0x8], ecx                      		EAX=bfc7f4e1, ECX=bfc7f4e2, EDX=00000004, EBX=00000000, ESP=bfc7e0c0, EBP=00000004, ESI=0000000a, EDI=00000000
-1	25761	libc.so.6           	b4ed9347	                                        	0f b6 40 01                                       	movzx eax, byte ptr [eax+0x1]                     		EAX=bfc7f4e1, ECX=bfc7f4e2, EDX=00000004, EBX=00000000, ESP=bfc7e0c0, EBP=00000004, ESI=0000000a, EDI=00000000
-1	25761	libc.so.6           	b4ed934b	                                        	74 04                                             	jz 0xb4ed9351                                     		EAX=00000000, ECX=bfc7f4e2, EDX=00000004, EBX=00000000, ESP=bfc7e0c0, EBP=00000004, ESI=0000000a, EDI=00000000
-1	25761	libc.so.6           	b4ed934d	                                        	84 c0                                             	test al, al                                       		EAX=00000000, ECX=bfc7f4e2, EDX=00000004, EBX=00000000, ESP=bfc7e0c0, EBP=00000004, ESI=0000000a, EDI=00000000
-1	25761	libc.so.6           	b4ed934f	                                        	75 a7                                             	jnz 0xb4ed92f8                                    		EAX=00000000, ECX=bfc7f4e2, EDX=00000004, EBX=00000000, ESP=bfc7e0c0, EBP=00000004, ESI=0000000a, EDI=00000000
-1	25761	libc.so.6           	b4ed9351	                                        	8b 74 24 2c                                       	mov esi, dword ptr [esp+0x2c]                     		EAX=00000000, ECX=bfc7f4e2, EDX=00000004, EBX=00000000, ESP=bfc7e0c0, EBP=00000004, ESI=0000000a, EDI=00000000
-1	25761	libc.so.6           	b4ed9355	                                        	39 ce                                             	cmp esi, ecx                                      		EAX=00000000, ECX=bfc7f4e2, EDX=00000004, EBX=00000000, ESP=bfc7e0c0, EBP=00000004, ESI=bfc7f4e1, EDI=00000000
-1	25761	libc.so.6           	b4ed9357	                                        	0f 84 c7 fe ff ff                                 	jz 0xb4ed9224                                     		EAX=00000000, ECX=bfc7f4e2, EDX=00000004, EBX=00000000, ESP=bfc7e0c0, EBP=00000004, ESI=bfc7f4e1, EDI=00000000
-1	25761	libc.so.6           	b4ed935d	                                        	8b 5c 24 54                                       	mov ebx, dword ptr [esp+0x54]                     		EAX=00000000, ECX=bfc7f4e2, EDX=00000004, EBX=00000000, ESP=bfc7e0c0, EBP=00000004, ESI=bfc7f4e1, EDI=00000000
-1	25761	libc.so.6           	b4ed9361	                                        	85 db                                             	test ebx, ebx                                     		EAX=00000000, ECX=bfc7f4e2, EDX=00000004, EBX=00000000, ESP=bfc7e0c0, EBP=00000004, ESI=bfc7f4e1, EDI=00000000
-1	25761	libc.so.6           	b4ed9363	                                        	74 06                                             	jz 0xb4ed936b                                     		EAX=00000000, ECX=bfc7f4e2, EDX=00000004, EBX=00000000, ESP=bfc7e0c0, EBP=00000004, ESI=bfc7f4e1, EDI=00000000
-1	25761	libc.so.6           	b4ed936b	                                        	8b 4c 24 14                                       	mov ecx, dword ptr [esp+0x14]                     		EAX=00000000, ECX=bfc7f4e2, EDX=00000004, EBX=00000000, ESP=bfc7e0c0, EBP=00000004, ESI=bfc7f4e1, EDI=00000000
-1	25761	libc.so.6           	b4ed936f	                                        	85 c9                                             	test ecx, ecx                                     		EAX=00000000, ECX=00000000, EDX=00000004, EBX=00000000, ESP=bfc7e0c0, EBP=00000004, ESI=bfc7f4e1, EDI=00000000
-1	25761	libc.so.6           	b4ed9371	                                        	0f 85 a5 00 00 00                                 	jnz 0xb4ed941c                                    		EAX=00000000, ECX=00000000, EDX=00000004, EBX=00000000, ESP=bfc7e0c0, EBP=00000004, ESI=bfc7f4e1, EDI=00000000
-1	25761	libc.so.6           	b4ed9377	                                        	8b 54 24 28                                       	mov edx, dword ptr [esp+0x28]                     		EAX=00000000, ECX=00000000, EDX=00000004, EBX=00000000, ESP=bfc7e0c0, EBP=00000004, ESI=bfc7f4e1, EDI=00000000
-1	25761	libc.so.6           	b4ed937b	                                        	85 d2                                             	test edx, edx                                     		EAX=00000000, ECX=00000000, EDX=00000000, EBX=00000000, ESP=bfc7e0c0, EBP=00000004, ESI=bfc7f4e1, EDI=00000000
-1	25761	libc.so.6           	b4ed937d	                                        	0f 84 9d 01 00 00                                 	jz 0xb4ed9520                                     		EAX=00000000, ECX=00000000, EDX=00000000, EBX=00000000, ESP=bfc7e0c0, EBP=00000004, ESI=bfc7f4e1, EDI=00000000
-1	25761	libc.so.6           	b4ed9520	                                        	81 fd ff ff ff 7f                                 	cmp ebp, 0x7fffffff                               		EAX=00000000, ECX=00000000, EDX=00000000, EBX=00000000, ESP=bfc7e0c0, EBP=00000004, ESI=bfc7f4e1, EDI=00000000
-1	25761	libc.so.6           	b4ed9526	                                        	76 76                                             	jbe 0xb4ed959e                                    		EAX=00000000, ECX=00000000, EDX=00000000, EBX=00000000, ESP=bfc7e0c0, EBP=00000004, ESI=bfc7f4e1, EDI=00000000
-1	25761	libc.so.6           	b4ed959e	                                        	89 e8                                             	mov eax, ebp                                      		EAX=00000000, ECX=00000000, EDX=00000000, EBX=00000000, ESP=bfc7e0c0, EBP=00000004, ESI=bfc7f4e1, EDI=00000000
-1	25761	libc.so.6           	b4ed95a0	                                        	e9 55 fc ff ff                                    	jmp 0xb4ed91fa                                    		EAX=00000004, ECX=00000000, EDX=00000000, EBX=00000000, ESP=bfc7e0c0, EBP=00000004, ESI=bfc7f4e1, EDI=00000000
-1	25761	libc.so.6           	b4ed91fa	                                        	83 c4 3c                                          	add esp, 0x3c                                     		EAX=00000004, ECX=00000000, EDX=00000000, EBX=00000000, ESP=bfc7e0c0, EBP=00000004, ESI=bfc7f4e1, EDI=00000000
-1	25761	libc.so.6           	b4ed91fd	                                        	5b                                                	pop ebx                                           		EAX=00000004, ECX=00000000, EDX=00000000, EBX=00000000, ESP=bfc7e0fc, EBP=00000004, ESI=bfc7f4e1, EDI=00000000
-1	25761	libc.so.6           	b4ed91fe	                                        	5e                                                	pop esi                                           		EAX=00000004, ECX=00000000, EDX=00000000, EBX=00000000, ESP=bfc7e100, EBP=00000004, ESI=bfc7f4e1, EDI=00000000
-1	25761	libc.so.6           	b4ed91ff	                                        	5f                                                	pop edi                                           		EAX=00000004, ECX=00000000, EDX=00000000, EBX=00000000, ESP=bfc7e104, EBP=00000004, ESI=b505c000, EDI=00000000
-1	25761	libc.so.6           	b4ed9200	                                        	5d                                                	pop ebp                                           		EAX=00000004, ECX=00000000, EDX=00000000, EBX=00000000, ESP=bfc7e108, EBP=00000004, ESI=b505c000, EDI=b505c000
-1	25761	libc.so.6           	b4ed9201	                                        	c3                                                	ret                                               		EAX=00000004, ECX=00000000, EDX=00000000, EBX=00000000, ESP=bfc7e10c, EBP=bfc7e188, ESI=b505c000, EDI=b505c000
-1	25761	libc.so.6           	b4ed8f30	                                        	83 c4 2c                                          	add esp, 0x2c                                     		EAX=00000004, ECX=00000000, EDX=00000000, EBX=00000000, ESP=bfc7e110, EBP=bfc7e188, ESI=b505c000, EDI=b505c000
-1	25761	libc.so.6           	b4ed8f33	                                        	c3                                                	ret                                               		EAX=00000004, ECX=00000000, EDX=00000000, EBX=00000000, ESP=bfc7e13c, EBP=bfc7e188, ESI=b505c000, EDI=b505c000
-1	25761	libc.so.6           	b4ed6270	                                        	83 c4 1c                                          	add esp, 0x1c                                     		EAX=00000004, ECX=00000000, EDX=00000000, EBX=00000000, ESP=bfc7e140, EBP=bfc7e188, ESI=b505c000, EDI=b505c000
-1	25761	libc.so.6           	b4ed6273	                                        	c3                                                	ret                                               		EAX=00000004, ECX=00000000, EDX=00000000, EBX=00000000, ESP=bfc7e15c, EBP=bfc7e188, ESI=b505c000, EDI=b505c000
-1	25761	unknown             	0804842f	                                        	83 c4 10                                          	add esp, 0x10                                     		EAX=00000004, ECX=00000000, EDX=00000000, EBX=00000000, ESP=bfc7e160, EBP=bfc7e188, ESI=b505c000, EDI=b505c000
-1	25761	unknown             	08048432	                                        	89 45 f4                                          	mov dword ptr [ebp-0xc], eax                      		EAX=00000004, ECX=00000000, EDX=00000000, EBX=00000000, ESP=bfc7e170, EBP=bfc7e188, ESI=b505c000, EDI=b505c000
-1	25761	unknown             	08048435	                                        	c7 45 ec 00 00 00 00                              	mov dword ptr [ebp-0x14], 0x0                     		EAX=00000004, ECX=00000000, EDX=00000000, EBX=00000000, ESP=bfc7e170, EBP=bfc7e188, ESI=b505c000, EDI=b505c000
-1	25761	unknown             	0804843c	                                        	c7 45 f0 00 00 00 00                              	mov dword ptr [ebp-0x10], 0x0                     		EAX=00000004, ECX=00000000, EDX=00000000, EBX=00000000, ESP=bfc7e170, EBP=bfc7e188, ESI=b505c000, EDI=b505c000
-1	25761	unknown             	08048443	                                        	eb 14                                             	jmp 0x8048459                                     		EAX=00000004, ECX=00000000, EDX=00000000, EBX=00000000, ESP=bfc7e170, EBP=bfc7e188, ESI=b505c000, EDI=b505c000
-1	25761	unknown             	08048459	                                        	8b 45 f0                                          	mov eax, dword ptr [ebp-0x10]                     		EAX=00000004, ECX=00000000, EDX=00000000, EBX=00000000, ESP=bfc7e170, EBP=bfc7e188, ESI=b505c000, EDI=b505c000
-1	25761	unknown             	0804845c	                                        	3b 45 f4                                          	cmp eax, dword ptr [ebp-0xc]                      		EAX=00000000, ECX=00000000, EDX=00000000, EBX=00000000, ESP=bfc7e170, EBP=bfc7e188, ESI=b505c000, EDI=b505c000
-1	25761	unknown             	0804845f	                                        	7c e4                                             	jl 0x8048445                                      		EAX=00000000, ECX=00000000, EDX=00000000, EBX=00000000, ESP=bfc7e170, EBP=bfc7e188, ESI=b505c000, EDI=b505c000
-1	25761	unknown             	08048445	                                        	83 7d f4 64                                       	cmp dword ptr [ebp-0xc], 0x64                     		EAX=00000000, ECX=00000000, EDX=00000000, EBX=00000000, ESP=bfc7e170, EBP=bfc7e188, ESI=b505c000, EDI=b505c000
-1	25761	unknown             	08048449	                                        	7e 06                                             	jle 0x8048451                                     		EAX=00000000, ECX=00000000, EDX=00000000, EBX=00000000, ESP=bfc7e170, EBP=bfc7e188, ESI=b505c000, EDI=b505c000
-1	25761	unknown             	08048451	                                        	83 45 ec 02                                       	add dword ptr [ebp-0x14], 0x2                     		EAX=00000000, ECX=00000000, EDX=00000000, EBX=00000000, ESP=bfc7e170, EBP=bfc7e188, ESI=b505c000, EDI=b505c000
-1	25761	unknown             	08048455	                                        	83 45 f0 01                                       	add dword ptr [ebp-0x10], 0x1                     		EAX=00000000, ECX=00000000, EDX=00000000, EBX=00000000, ESP=bfc7e170, EBP=bfc7e188, ESI=b505c000, EDI=b505c000
-1	25761	unknown             	08048459	                                        	8b 45 f0                                          	mov eax, dword ptr [ebp-0x10]                     		EAX=00000000, ECX=00000000, EDX=00000000, EBX=00000000, ESP=bfc7e170, EBP=bfc7e188, ESI=b505c000, EDI=b505c000
-1	25761	unknown             	0804845c	                                        	3b 45 f4                                          	cmp eax, dword ptr [ebp-0xc]                      		EAX=00000001, ECX=00000000, EDX=00000000, EBX=00000000, ESP=bfc7e170, EBP=bfc7e188, ESI=b505c000, EDI=b505c000
-1	25761	unknown             	0804845f	                                        	7c e4                                             	jl 0x8048445                                      		EAX=00000001, ECX=00000000, EDX=00000000, EBX=00000000, ESP=bfc7e170, EBP=bfc7e188, ESI=b505c000, EDI=b505c000
-1	25761	unknown             	08048445	                                        	83 7d f4 64                                       	cmp dword ptr [ebp-0xc], 0x64                     		EAX=00000001, ECX=00000000, EDX=00000000, EBX=00000000, ESP=bfc7e170, EBP=bfc7e188, ESI=b505c000, EDI=b505c000
-1	25761	unknown             	08048449	                                        	7e 06                                             	jle 0x8048451                                     		EAX=00000001, ECX=00000000, EDX=00000000, EBX=00000000, ESP=bfc7e170, EBP=bfc7e188, ESI=b505c000, EDI=b505c000
-1	25761	unknown             	08048451	                                        	83 45 ec 02                                       	add dword ptr [ebp-0x14], 0x2                     		EAX=00000001, ECX=00000000, EDX=00000000, EBX=00000000, ESP=bfc7e170, EBP=bfc7e188, ESI=b505c000, EDI=b505c000
-1	25761	unknown             	08048455	                                        	83 45 f0 01                                       	add dword ptr [ebp-0x10], 0x1                     		EAX=00000001, ECX=00000000, EDX=00000000, EBX=00000000, ESP=bfc7e170, EBP=bfc7e188, ESI=b505c000, EDI=b505c000
-1	25761	unknown             	08048459	                                        	8b 45 f0                                          	mov eax, dword ptr [ebp-0x10]                     		EAX=00000001, ECX=00000000, EDX=00000000, EBX=00000000, ESP=bfc7e170, EBP=bfc7e188, ESI=b505c000, EDI=b505c000
-1	25761	unknown             	0804845c	                                        	3b 45 f4                                          	cmp eax, dword ptr [ebp-0xc]                      		EAX=00000002, ECX=00000000, EDX=00000000, EBX=00000000, ESP=bfc7e170, EBP=bfc7e188, ESI=b505c000, EDI=b505c000
-1	25761	unknown             	0804845f	                                        	7c e4                                             	jl 0x8048445                                      		EAX=00000002, ECX=00000000, EDX=00000000, EBX=00000000, ESP=bfc7e170, EBP=bfc7e188, ESI=b505c000, EDI=b505c000
-1	25761	unknown             	08048445	                                        	83 7d f4 64                                       	cmp dword ptr [ebp-0xc], 0x64                     		EAX=00000002, ECX=00000000, EDX=00000000, EBX=00000000, ESP=bfc7e170, EBP=bfc7e188, ESI=b505c000, EDI=b505c000
-1	25761	unknown             	08048449	                                        	7e 06                                             	jle 0x8048451                                     		EAX=00000002, ECX=00000000, EDX=00000000, EBX=00000000, ESP=bfc7e170, EBP=bfc7e188, ESI=b505c000, EDI=b505c000
-1	25761	unknown             	08048451	                                        	83 45 ec 02                                       	add dword ptr [ebp-0x14], 0x2                     		EAX=00000002, ECX=00000000, EDX=00000000, EBX=00000000, ESP=bfc7e170, EBP=bfc7e188, ESI=b505c000, EDI=b505c000
-1	25761	unknown             	08048455	                                        	83 45 f0 01                                       	add dword ptr [ebp-0x10], 0x1                     		EAX=00000002, ECX=00000000, EDX=00000000, EBX=00000000, ESP=bfc7e170, EBP=bfc7e188, ESI=b505c000, EDI=b505c000
-1	25761	unknown             	08048459	                                        	8b 45 f0                                          	mov eax, dword ptr [ebp-0x10]                     		EAX=00000002, ECX=00000000, EDX=00000000, EBX=00000000, ESP=bfc7e170, EBP=bfc7e188, ESI=b505c000, EDI=b505c000
-1	25761	unknown             	0804845c	                                        	3b 45 f4                                          	cmp eax, dword ptr [ebp-0xc]                      		EAX=00000003, ECX=00000000, EDX=00000000, EBX=00000000, ESP=bfc7e170, EBP=bfc7e188, ESI=b505c000, EDI=b505c000
-1	25761	unknown             	0804845f	                                        	7c e4                                             	jl 0x8048445                                      		EAX=00000003, ECX=00000000, EDX=00000000, EBX=00000000, ESP=bfc7e170, EBP=bfc7e188, ESI=b505c000, EDI=b505c000
-1	25761	unknown             	08048445	                                        	83 7d f4 64                                       	cmp dword ptr [ebp-0xc], 0x64                     		EAX=00000003, ECX=00000000, EDX=00000000, EBX=00000000, ESP=bfc7e170, EBP=bfc7e188, ESI=b505c000, EDI=b505c000
-1	25761	unknown             	08048449	                                        	7e 06                                             	jle 0x8048451                                     		EAX=00000003, ECX=00000000, EDX=00000000, EBX=00000000, ESP=bfc7e170, EBP=bfc7e188, ESI=b505c000, EDI=b505c000
-1	25761	unknown             	08048451	                                        	83 45 ec 02                                       	add dword ptr [ebp-0x14], 0x2                     		EAX=00000003, ECX=00000000, EDX=00000000, EBX=00000000, ESP=bfc7e170, EBP=bfc7e188, ESI=b505c000, EDI=b505c000
-1	25761	unknown             	08048455	                                        	83 45 f0 01                                       	add dword ptr [ebp-0x10], 0x1                     		EAX=00000003, ECX=00000000, EDX=00000000, EBX=00000000, ESP=bfc7e170, EBP=bfc7e188, ESI=b505c000, EDI=b505c000
-1	25761	unknown             	08048459	                                        	8b 45 f0                                          	mov eax, dword ptr [ebp-0x10]                     		EAX=00000003, ECX=00000000, EDX=00000000, EBX=00000000, ESP=bfc7e170, EBP=bfc7e188, ESI=b505c000, EDI=b505c000
-1	25761	unknown             	0804845c	                                        	3b 45 f4                                          	cmp eax, dword ptr [ebp-0xc]                      		EAX=00000004, ECX=00000000, EDX=00000000, EBX=00000000, ESP=bfc7e170, EBP=bfc7e188, ESI=b505c000, EDI=b505c000
-1	25761	unknown             	0804845f	                                        	7c e4                                             	jl 0x8048445                                      		EAX=00000004, ECX=00000000, EDX=00000000, EBX=00000000, ESP=bfc7e170, EBP=bfc7e188, ESI=b505c000, EDI=b505c000
-1	25761	unknown             	08048461	                                        	8b 45 ec                                          	mov eax, dword ptr [ebp-0x14]                     		EAX=00000004, ECX=00000000, EDX=00000000, EBX=00000000, ESP=bfc7e170, EBP=bfc7e188, ESI=b505c000, EDI=b505c000
-1	25761	unknown             	08048464	                                        	8b 4d fc                                          	mov ecx, dword ptr [ebp-0x4]                      		EAX=00000008, ECX=00000000, EDX=00000000, EBX=00000000, ESP=bfc7e170, EBP=bfc7e188, ESI=b505c000, EDI=b505c000
-1	25761	unknown             	08048467	                                        	c9                                                	leave                                             		EAX=00000008, ECX=bfc7e1a0, EDX=00000000, EBX=00000000, ESP=bfc7e170, EBP=bfc7e188, ESI=b505c000, EDI=b505c000
-1	25761	unknown             	08048468	                                        	8d 61 fc                                          	lea esp, ptr [ecx-0x4]                            		EAX=00000008, ECX=bfc7e1a0, EDX=00000000, EBX=00000000, ESP=bfc7e18c, EBP=00000000, ESI=b505c000, EDI=b505c000
-1	25761	unknown             	0804846b	                                        	c3                                                	ret                                               		EAX=00000008, ECX=bfc7e1a0, EDX=00000000, EBX=00000000, ESP=bfc7e19c, EBP=00000000, ESI=b505c000, EDI=b505c000
-1	25761	libc.so.6           	b4ec1647	                                        	83 c4 10                                          	add esp, 0x10                                     		EAX=00000008, ECX=bfc7e1a0, EDX=00000000, EBX=00000000, ESP=bfc7e1a0, EBP=00000000, ESI=b505c000, EDI=b505c000
-1	25761	libc.so.6           	b4ec164a	                                        	83 ec 0c                                          	sub esp, 0xc                                      		EAX=00000008, ECX=bfc7e1a0, EDX=00000000, EBX=00000000, ESP=bfc7e1b0, EBP=00000000, ESI=b505c000, EDI=b505c000
-1	25761	libc.so.6           	b4ec164d	                                        	50                                                	push eax                                          		EAX=00000008, ECX=bfc7e1a0, EDX=00000000, EBX=00000000, ESP=bfc7e1a4, EBP=00000000, ESI=b505c000, EDI=b505c000
-1	25761	libc.so.6           	b4ec164e	                                        	e8 8d 63 01 00                                    	call 0xb4ed79e0                                   		EAX=00000008, ECX=bfc7e1a0, EDX=00000000, EBX=00000000, ESP=bfc7e1a0, EBP=00000000, ESI=b505c000, EDI=b505c000
-1	25761	libc.so.6           	b4ed79e0	                                        	e8 94 12 0f 00                                    	call 0xb4fc8c79                                   		EAX=00000008, ECX=bfc7e1a0, EDX=00000000, EBX=00000000, ESP=bfc7e19c, EBP=00000000, ESI=b505c000, EDI=b505c000
-1	25761	libc.so.6           	b4fc8c79	exit                                    	8b 04 24                                          	mov eax, dword ptr [esp]                          		EAX=00000008, ECX=bfc7e1a0, EDX=00000000, EBX=00000000, ESP=bfc7e198, EBP=00000000, ESI=b505c000, EDI=b505c000
-1	25761	libc.so.6           	b4fc8c7c	                                        	c3                                                	ret                                               		EAX=b4ed79e5, ECX=bfc7e1a0, EDX=00000000, EBX=00000000, ESP=bfc7e198, EBP=00000000, ESI=b505c000, EDI=b505c000
-1	25761	libc.so.6           	b4ed79e5	                                        	05 1b 46 18 00                                    	add eax, 0x18461b                                 		EAX=b4ed79e5, ECX=bfc7e1a0, EDX=00000000, EBX=00000000, ESP=bfc7e19c, EBP=00000000, ESI=b505c000, EDI=b505c000
-1	25761	libc.so.6           	b4ed79ea	                                        	83 ec 10                                          	sub esp, 0x10                                     		EAX=b505c000, ECX=bfc7e1a0, EDX=00000000, EBX=00000000, ESP=bfc7e19c, EBP=00000000, ESI=b505c000, EDI=b505c000
-1	25761	libc.so.6           	b4ed79ed	                                        	8d 80 dc 03 00 00                                 	lea eax, ptr [eax+0x3dc]                          		EAX=b505c000, ECX=bfc7e1a0, EDX=00000000, EBX=00000000, ESP=bfc7e18c, EBP=00000000, ESI=b505c000, EDI=b505c000
-1	25761	libc.so.6           	b4ed79f3	                                        	6a 01                                             	push 0x1                                          		EAX=b505c3dc, ECX=bfc7e1a0, EDX=00000000, EBX=00000000, ESP=bfc7e18c, EBP=00000000, ESI=b505c000, EDI=b505c000
-1	25761	libc.so.6           	b4ed79f5	                                        	50                                                	push eax                                          		EAX=b505c3dc, ECX=bfc7e1a0, EDX=00000000, EBX=00000000, ESP=bfc7e188, EBP=00000000, ESI=b505c000, EDI=b505c000
-1	25761	libc.so.6           	b4ed79f6	                                        	ff 74 24 1c                                       	push dword ptr [esp+0x1c]                         		EAX=b505c3dc, ECX=bfc7e1a0, EDX=00000000, EBX=00000000, ESP=bfc7e184, EBP=00000000, ESI=b505c000, EDI=b505c000
-1	25761	libc.so.6           	b4ed79fa	                                        	e8 c1 fe ff ff                                    	call 0xb4ed78c0                                   		EAX=b505c3dc, ECX=bfc7e1a0, EDX=00000000, EBX=00000000, ESP=bfc7e180, EBP=00000000, ESI=b505c000, EDI=b505c000
-1	25761	libc.so.6           	b4ed78c0	                                        	55                                                	push ebp                                          		EAX=b505c3dc, ECX=bfc7e1a0, EDX=00000000, EBX=00000000, ESP=bfc7e17c, EBP=00000000, ESI=b505c000, EDI=b505c000
-1	25761	libc.so.6           	b4ed78c1	                                        	57                                                	push edi                                          		EAX=b505c3dc, ECX=bfc7e1a0, EDX=00000000, EBX=00000000, ESP=bfc7e178, EBP=00000000, ESI=b505c000, EDI=b505c000
-1	25761	libc.so.6           	b4ed78c2	                                        	56                                                	push esi                                          		EAX=b505c3dc, ECX=bfc7e1a0, EDX=00000000, EBX=00000000, ESP=bfc7e174, EBP=00000000, ESI=b505c000, EDI=b505c000
-1	25761	libc.so.6           	b4ed78c3	                                        	53                                                	push ebx                                          		EAX=b505c3dc, ECX=bfc7e1a0, EDX=00000000, EBX=00000000, ESP=bfc7e170, EBP=00000000, ESI=b505c000, EDI=b505c000
-1	25761	libc.so.6           	b4ed78c4	                                        	e8 ac 13 0f 00                                    	call 0xb4fc8c75                                   		EAX=b505c3dc, ECX=bfc7e1a0, EDX=00000000, EBX=00000000, ESP=bfc7e16c, EBP=00000000, ESI=b505c000, EDI=b505c000
-1	25761	libc.so.6           	b4fc8c75	                                        	8b 1c 24                                          	mov ebx, dword ptr [esp]                          		EAX=b505c3dc, ECX=bfc7e1a0, EDX=00000000, EBX=00000000, ESP=bfc7e168, EBP=00000000, ESI=b505c000, EDI=b505c000
-1	25761	libc.so.6           	b4fc8c78	                                        	c3                                                	ret                                               		EAX=b505c3dc, ECX=bfc7e1a0, EDX=00000000, EBX=b4ed78c9, ESP=bfc7e168, EBP=00000000, ESI=b505c000, EDI=b505c000
-1	25761	libc.so.6           	b4ed78c9	                                        	81 c3 37 47 18 00                                 	add ebx, 0x184737                                 		EAX=b505c3dc, ECX=bfc7e1a0, EDX=00000000, EBX=b4ed78c9, ESP=bfc7e16c, EBP=00000000, ESI=b505c000, EDI=b505c000
-1	25761	libc.so.6           	b4ed78cf	                                        	83 ec 1c                                          	sub esp, 0x1c                                     		EAX=b505c3dc, ECX=bfc7e1a0, EDX=00000000, EBX=b505c000, ESP=bfc7e16c, EBP=00000000, ESI=b505c000, EDI=b505c000
-1	25761	libc.so.6           	b4ed78d2	                                        	8b 44 24 38                                       	mov eax, dword ptr [esp+0x38]                     		EAX=b505c3dc, ECX=bfc7e1a0, EDX=00000000, EBX=b505c000, ESP=bfc7e150, EBP=00000000, ESI=b505c000, EDI=b505c000
-1	25761	libc.so.6           	b4ed78d6	                                        	8b 74 24 30                                       	mov esi, dword ptr [esp+0x30]                     		EAX=00000001, ECX=bfc7e1a0, EDX=00000000, EBX=b505c000, ESP=bfc7e150, EBP=00000000, ESI=b505c000, EDI=b505c000
-1	25761	libc.so.6           	b4ed78da	                                        	8b 7c 24 34                                       	mov edi, dword ptr [esp+0x34]                     		EAX=00000001, ECX=bfc7e1a0, EDX=00000000, EBX=b505c000, ESP=bfc7e150, EBP=00000000, ESI=00000008, EDI=b505c000
-1	25761	libc.so.6           	b4ed78de	                                        	89 44 24 0c                                       	mov dword ptr [esp+0xc], eax                      		EAX=00000001, ECX=bfc7e1a0, EDX=00000000, EBX=b505c000, ESP=bfc7e150, EBP=00000000, ESI=00000008, EDI=b505c3dc
-1	25761	libc.so.6           	b4ed78e2	                                        	e8 e9 05 00 00                                    	call 0xb4ed7ed0                                   		EAX=00000001, ECX=bfc7e1a0, EDX=00000000, EBX=b505c000, ESP=bfc7e150, EBP=00000000, ESI=00000008, EDI=b505c3dc
-1	25761	libc.so.6           	b4ed7ed0	                                        	55                                                	push ebp                                          		EAX=00000001, ECX=bfc7e1a0, EDX=00000000, EBX=b505c000, ESP=bfc7e14c, EBP=00000000, ESI=00000008, EDI=b505c3dc
-1	25761	libc.so.6           	b4ed7ed1	                                        	57                                                	push edi                                          		EAX=00000001, ECX=bfc7e1a0, EDX=00000000, EBX=b505c000, ESP=bfc7e148, EBP=00000000, ESI=00000008, EDI=b505c3dc
-1	25761	libc.so.6           	b4ed7ed2	                                        	56                                                	push esi                                          		EAX=00000001, ECX=bfc7e1a0, EDX=00000000, EBX=b505c000, ESP=bfc7e144, EBP=00000000, ESI=00000008, EDI=b505c3dc
-1	25761	libc.so.6           	b4ed7ed3	                                        	53                                                	push ebx                                          		EAX=00000001, ECX=bfc7e1a0, EDX=00000000, EBX=b505c000, ESP=bfc7e140, EBP=00000000, ESI=00000008, EDI=b505c3dc
-1	25761	libc.so.6           	b4ed7ed4	                                        	e8 9c 0d 0f 00                                    	call 0xb4fc8c75                                   		EAX=00000001, ECX=bfc7e1a0, EDX=00000000, EBX=b505c000, ESP=bfc7e13c, EBP=00000000, ESI=00000008, EDI=b505c3dc
-1	25761	libc.so.6           	b4fc8c75	__call_tls_dtors                        	8b 1c 24                                          	mov ebx, dword ptr [esp]                          		EAX=00000001, ECX=bfc7e1a0, EDX=00000000, EBX=b505c000, ESP=bfc7e138, EBP=00000000, ESI=00000008, EDI=b505c3dc
-1	25761	libc.so.6           	b4fc8c78	                                        	c3                                                	ret                                               		EAX=00000001, ECX=bfc7e1a0, EDX=00000000, EBX=b4ed7ed9, ESP=bfc7e138, EBP=00000000, ESI=00000008, EDI=b505c3dc
-1	25761	libc.so.6           	b4ed7ed9	                                        	81 c3 27 41 18 00                                 	add ebx, 0x184127                                 		EAX=00000001, ECX=bfc7e1a0, EDX=00000000, EBX=b4ed7ed9, ESP=bfc7e13c, EBP=00000000, ESI=00000008, EDI=b505c3dc
-1	25761	libc.so.6           	b4ed7edf	                                        	83 ec 0c                                          	sub esp, 0xc                                      		EAX=00000001, ECX=bfc7e1a0, EDX=00000000, EBX=b505c000, ESP=bfc7e13c, EBP=00000000, ESI=00000008, EDI=b505c3dc
-1	25761	libc.so.6           	b4ed7ee2	                                        	65 8b 2d 00 00 00 00                              	mov ebp, dword ptr gs:[0x0]                       		EAX=00000001, ECX=bfc7e1a0, EDX=00000000, EBX=b505c000, ESP=bfc7e130, EBP=00000000, ESI=00000008, EDI=b505c3dc
-1	25761	libc.so.6           	b4ed7ee9	                                        	8b bb a0 fe ff ff                                 	mov edi, dword ptr [ebx-0x160]                    		EAX=00000001, ECX=bfc7e1a0, EDX=00000000, EBX=b505c000, ESP=bfc7e130, EBP=b4e90700, ESI=00000008, EDI=b505c3dc
-1	25761	libc.so.6           	b4ed7eef	                                        	8b 74 3d 00                                       	mov esi, dword ptr [ebp+edi*1]                    		EAX=00000001, ECX=bfc7e1a0, EDX=00000000, EBX=b505c000, ESP=bfc7e130, EBP=b4e90700, ESI=00000008, EDI=ffffffd4
-1	25761	libc.so.6           	b4ed7ef3	                                        	85 f6                                             	test esi, esi                                     		EAX=00000001, ECX=bfc7e1a0, EDX=00000000, EBX=b505c000, ESP=bfc7e130, EBP=b4e90700, ESI=00000000, EDI=ffffffd4
-1	25761	libc.so.6           	b4ed7ef5	                                        	74 42                                             	jz 0xb4ed7f39                                     		EAX=00000001, ECX=bfc7e1a0, EDX=00000000, EBX=b505c000, ESP=bfc7e130, EBP=b4e90700, ESI=00000000, EDI=ffffffd4
-1	25761	libc.so.6           	b4ed7f39	                                        	83 c4 0c                                          	add esp, 0xc                                      		EAX=00000001, ECX=bfc7e1a0, EDX=00000000, EBX=b505c000, ESP=bfc7e130, EBP=b4e90700, ESI=00000000, EDI=ffffffd4
-1	25761	libc.so.6           	b4ed7f3c	                                        	5b                                                	pop ebx                                           		EAX=00000001, ECX=bfc7e1a0, EDX=00000000, EBX=b505c000, ESP=bfc7e13c, EBP=b4e90700, ESI=00000000, EDI=ffffffd4
-1	25761	libc.so.6           	b4ed7f3d	                                        	5e                                                	pop esi                                           		EAX=00000001, ECX=bfc7e1a0, EDX=00000000, EBX=b505c000, ESP=bfc7e140, EBP=b4e90700, ESI=00000000, EDI=ffffffd4
-1	25761	libc.so.6           	b4ed7f3e	                                        	5f                                                	pop edi                                           		EAX=00000001, ECX=bfc7e1a0, EDX=00000000, EBX=b505c000, ESP=bfc7e144, EBP=b4e90700, ESI=00000008, EDI=ffffffd4
-1	25761	libc.so.6           	b4ed7f3f	                                        	5d                                                	pop ebp                                           		EAX=00000001, ECX=bfc7e1a0, EDX=00000000, EBX=b505c000, ESP=bfc7e148, EBP=b4e90700, ESI=00000008, EDI=b505c3dc
-1	25761	libc.so.6           	b4ed7f40	                                        	c3                                                	ret                                               		EAX=00000001, ECX=bfc7e1a0, EDX=00000000, EBX=b505c000, ESP=bfc7e14c, EBP=00000000, ESI=00000008, EDI=b505c3dc
-1	25761	libc.so.6           	b4ed78e7	                                        	8b 2f                                             	mov ebp, dword ptr [edi]                          		EAX=00000001, ECX=bfc7e1a0, EDX=00000000, EBX=b505c000, ESP=bfc7e150, EBP=00000000, ESI=00000008, EDI=b505c3dc
-1	25761	libc.so.6           	b4ed78e9	                                        	85 ed                                             	test ebp, ebp                                     		EAX=00000001, ECX=bfc7e1a0, EDX=00000000, EBX=b505c000, ESP=bfc7e150, EBP=b505d1e0, ESI=00000008, EDI=b505c3dc
-1	25761	libc.so.6           	b4ed78eb	                                        	74 42                                             	jz 0xb4ed792f                                     		EAX=00000001, ECX=bfc7e1a0, EDX=00000000, EBX=b505c000, ESP=bfc7e150, EBP=b505d1e0, ESI=00000008, EDI=b505c3dc
-1	25761	libc.so.6           	b4ed78ed	                                        	8d 76 00                                          	lea esi, ptr [esi]                                		EAX=00000001, ECX=bfc7e1a0, EDX=00000000, EBX=b505c000, ESP=bfc7e150, EBP=b505d1e0, ESI=00000008, EDI=b505c3dc
-1	25761	libc.so.6           	b4ed78f0	                                        	8b 45 04                                          	mov eax, dword ptr [ebp+0x4]                      		EAX=00000001, ECX=bfc7e1a0, EDX=00000000, EBX=b505c000, ESP=bfc7e150, EBP=b505d1e0, ESI=00000008, EDI=b505c3dc
-1	25761	libc.so.6           	b4ed78f3	                                        	89 c2                                             	mov edx, eax                                      		EAX=00000001, ECX=bfc7e1a0, EDX=00000000, EBX=b505c000, ESP=bfc7e150, EBP=b505d1e0, ESI=00000008, EDI=b505c3dc
-1	25761	libc.so.6           	b4ed78f5	                                        	c1 e2 04                                          	shl edx, 0x4                                      		EAX=00000001, ECX=bfc7e1a0, EDX=00000001, EBX=b505c000, ESP=bfc7e150, EBP=b505d1e0, ESI=00000008, EDI=b505c3dc
-1	25761	libc.so.6           	b4ed78f8	                                        	85 c0                                             	test eax, eax                                     		EAX=00000001, ECX=bfc7e1a0, EDX=00000010, EBX=b505c000, ESP=bfc7e150, EBP=b505d1e0, ESI=00000008, EDI=b505c3dc
-1	25761	libc.so.6           	b4ed78fa	                                        	8d 4c 15 f8                                       	lea ecx, ptr [ebp+edx*1-0x8]                      		EAX=00000001, ECX=bfc7e1a0, EDX=00000010, EBX=b505c000, ESP=bfc7e150, EBP=b505d1e0, ESI=00000008, EDI=b505c3dc
-1	25761	libc.so.6           	b4ed78fe	                                        	74 22                                             	jz 0xb4ed7922                                     		EAX=00000001, ECX=b505d1e8, EDX=00000010, EBX=b505c000, ESP=bfc7e150, EBP=b505d1e0, ESI=00000008, EDI=b505c3dc
-1	25761	libc.so.6           	b4ed7900	                                        	8b 11                                             	mov edx, dword ptr [ecx]                          		EAX=00000001, ECX=b505d1e8, EDX=00000010, EBX=b505c000, ESP=bfc7e150, EBP=b505d1e0, ESI=00000008, EDI=b505c3dc
-1	25761	libc.so.6           	b4ed7902	                                        	83 e8 01                                          	sub eax, 0x1                                      		EAX=00000001, ECX=b505d1e8, EDX=00000004, EBX=b505c000, ESP=bfc7e150, EBP=b505d1e0, ESI=00000008, EDI=b505c3dc
-1	25761	libc.so.6           	b4ed7905	                                        	89 45 04                                          	mov dword ptr [ebp+0x4], eax                      		EAX=00000000, ECX=b505d1e8, EDX=00000004, EBX=b505c000, ESP=bfc7e150, EBP=b505d1e0, ESI=00000008, EDI=b505c3dc
-1	25761	libc.so.6           	b4ed7908	                                        	83 fa 03                                          	cmp edx, 0x3                                      		EAX=00000000, ECX=b505d1e8, EDX=00000004, EBX=b505c000, ESP=bfc7e150, EBP=b505d1e0, ESI=00000008, EDI=b505c3dc
-1	25761	libc.so.6           	b4ed790b	                                        	0f 84 9f 00 00 00                                 	jz 0xb4ed79b0                                     		EAX=00000000, ECX=b505d1e8, EDX=00000004, EBX=b505c000, ESP=bfc7e150, EBP=b505d1e0, ESI=00000008, EDI=b505c3dc
-1	25761	libc.so.6           	b4ed7911	                                        	83 fa 04                                          	cmp edx, 0x4                                      		EAX=00000000, ECX=b505d1e8, EDX=00000004, EBX=b505c000, ESP=bfc7e150, EBP=b505d1e0, ESI=00000008, EDI=b505c3dc
-1	25761	libc.so.6           	b4ed7914	                                        	74 72                                             	jz 0xb4ed7988                                     		EAX=00000000, ECX=b505d1e8, EDX=00000004, EBX=b505c000, ESP=bfc7e150, EBP=b505d1e0, ESI=00000008, EDI=b505c3dc
-1	25761	libc.so.6           	b4ed7988	                                        	c1 e0 04                                          	shl eax, 0x4                                      		EAX=00000000, ECX=b505d1e8, EDX=00000004, EBX=b505c000, ESP=bfc7e150, EBP=b505d1e0, ESI=00000008, EDI=b505c3dc
-1	25761	libc.so.6           	b4ed798b	                                        	83 ec 08                                          	sub esp, 0x8                                      		EAX=00000000, ECX=b505d1e8, EDX=00000004, EBX=b505c000, ESP=bfc7e150, EBP=b505d1e0, ESI=00000008, EDI=b505c3dc
-1	25761	libc.so.6           	b4ed798e	                                        	01 e8                                             	add eax, ebp                                      		EAX=00000000, ECX=b505d1e8, EDX=00000004, EBX=b505c000, ESP=bfc7e148, EBP=b505d1e0, ESI=00000008, EDI=b505c3dc
-1	25761	libc.so.6           	b4ed7990	                                        	8b 50 0c                                          	mov edx, dword ptr [eax+0xc]                      		EAX=b505d1e0, ECX=b505d1e8, EDX=00000004, EBX=b505c000, ESP=bfc7e148, EBP=b505d1e0, ESI=00000008, EDI=b505c3dc
-1	25761	libc.so.6           	b4ed7993	                                        	56                                                	push esi                                          		EAX=b505d1e0, ECX=b505d1e8, EDX=848e6191, EBX=b505c000, ESP=bfc7e148, EBP=b505d1e0, ESI=00000008, EDI=b505c3dc
-1	25761	libc.so.6           	b4ed7994	                                        	ff 70 10                                          	push dword ptr [eax+0x10]                         		EAX=b505d1e0, ECX=b505d1e8, EDX=848e6191, EBX=b505c000, ESP=bfc7e144, EBP=b505d1e0, ESI=00000008, EDI=b505c3dc
-1	25761	libc.so.6           	b4ed7997	                                        	c1 ca 09                                          	ror edx, 0x9                                      		EAX=b505d1e0, ECX=b505d1e8, EDX=848e6191, EBX=b505c000, ESP=bfc7e140, EBP=b505d1e0, ESI=00000008, EDI=b505c3dc
-1	25761	libc.so.6           	b4ed799a	                                        	65 33 15 18 00 00 00                              	xor edx, dword ptr gs:[0x18]                      		EAX=b505d1e0, ECX=b505d1e8, EDX=c8c24730, EBX=b505c000, ESP=bfc7e140, EBP=b505d1e0, ESI=00000008, EDI=b505c3dc
-1	25761	libc.so.6           	b4ed79a1	                                        	ff d2                                             	call edx                                          		EAX=b505d1e0, ECX=b505d1e8, EDX=b77d1880, EBX=b505c000, ESP=bfc7e140, EBP=b505d1e0, ESI=00000008, EDI=b505c3dc
-1	25761	ld-linux.so.2       	b77d1880	                                        	55                                                	push ebp                                          		EAX=b505d1e0, ECX=b505d1e8, EDX=b77d1880, EBX=b505c000, ESP=bfc7e13c, EBP=b505d1e0, ESI=00000008, EDI=b505c3dc
-1	25761	ld-linux.so.2       	b77d1881	                                        	8d 0d 20 00 00 00                                 	lea ecx, ptr [0x20]                               		EAX=b505d1e0, ECX=b505d1e8, EDX=b77d1880, EBX=b505c000, ESP=bfc7e138, EBP=b505d1e0, ESI=00000008, EDI=b505c3dc
-1	25761	ld-linux.so.2       	b77d1887	                                        	e8 55 a0 00 00                                    	call 0xb77db8e1                                   		EAX=b505d1e0, ECX=00000020, EDX=b77d1880, EBX=b505c000, ESP=bfc7e138, EBP=b505d1e0, ESI=00000008, EDI=b505c3dc
-1	25761	ld-linux.so.2       	b77db8e1	                                        	8b 04 24                                          	mov eax, dword ptr [esp]                          		EAX=b505d1e0, ECX=00000020, EDX=b77d1880, EBX=b505c000, ESP=bfc7e134, EBP=b505d1e0, ESI=00000008, EDI=b505c3dc
-1	25761	ld-linux.so.2       	b77db8e4	                                        	c3                                                	ret                                               		EAX=b77d188c, ECX=00000020, EDX=b77d1880, EBX=b505c000, ESP=bfc7e134, EBP=b505d1e0, ESI=00000008, EDI=b505c3dc
-1	25761	ld-linux.so.2       	b77d188c	                                        	05 74 47 01 00                                    	add eax, 0x14774                                  		EAX=b77d188c, ECX=00000020, EDX=b77d1880, EBX=b505c000, ESP=bfc7e138, EBP=b505d1e0, ESI=00000008, EDI=b505c3dc
-1	25761	ld-linux.so.2       	b77d1891	                                        	89 e5                                             	mov ebp, esp                                      		EAX=b77e6000, ECX=00000020, EDX=b77d1880, EBX=b505c000, ESP=bfc7e138, EBP=b505d1e0, ESI=00000008, EDI=b505c3dc
-1	25761	ld-linux.so.2       	b77d1893	                                        	57                                                	push edi                                          		EAX=b77e6000, ECX=00000020, EDX=b77d1880, EBX=b505c000, ESP=bfc7e138, EBP=bfc7e138, ESI=00000008, EDI=b505c3dc
-1	25761	ld-linux.so.2       	b77d1894	                                        	56                                                	push esi                                          		EAX=b77e6000, ECX=00000020, EDX=b77d1880, EBX=b505c000, ESP=bfc7e134, EBP=bfc7e138, ESI=00000008, EDI=b505c3dc
-1	25761	ld-linux.so.2       	b77d1895	                                        	53                                                	push ebx                                          		EAX=b77e6000, ECX=00000020, EDX=b77d1880, EBX=b505c000, ESP=bfc7e130, EBP=bfc7e138, ESI=00000008, EDI=b505c3dc
-1	25761	ld-linux.so.2       	b77d1896	                                        	83 ec 4c                                          	sub esp, 0x4c                                     		EAX=b77e6000, ECX=00000020, EDX=b77d1880, EBX=b505c000, ESP=bfc7e12c, EBP=bfc7e138, ESI=00000008, EDI=b505c3dc
-1	25761	ld-linux.so.2       	b77d1899	                                        	89 45 dc                                          	mov dword ptr [ebp-0x24], eax                     		EAX=b77e6000, ECX=00000020, EDX=b77d1880, EBX=b505c000, ESP=bfc7e0e0, EBP=bfc7e138, ESI=00000008, EDI=b505c3dc
-1	25761	ld-linux.so.2       	b77d189c	                                        	89 4d d8                                          	mov dword ptr [ebp-0x28], ecx                     		EAX=b77e6000, ECX=00000020, EDX=b77d1880, EBX=b505c000, ESP=bfc7e0e0, EBP=bfc7e138, ESI=00000008, EDI=b505c3dc
-1	25761	ld-linux.so.2       	b77d189f	                                        	8d 88 20 00 00 00                                 	lea ecx, ptr [eax+0x20]                           		EAX=b77e6000, ECX=00000020, EDX=b77d1880, EBX=b505c000, ESP=bfc7e0e0, EBP=bfc7e138, ESI=00000008, EDI=b505c3dc
-1	25761	ld-linux.so.2       	b77d18a5	                                        	8d 80 e4 04 00 00                                 	lea eax, ptr [eax+0x4e4]                          		EAX=b77e6000, ECX=b77e6020, EDX=b77d1880, EBX=b505c000, ESP=bfc7e0e0, EBP=bfc7e138, ESI=00000008, EDI=b505c3dc
-1	25761	ld-linux.so.2       	b77d18ab	                                        	c7 45 cc 00 00 00 00                              	mov dword ptr [ebp-0x34], 0x0                     		EAX=b77e64e4, ECX=b77e6020, EDX=b77d1880, EBX=b505c000, ESP=bfc7e0e0, EBP=bfc7e138, ESI=00000008, EDI=b505c3dc
-1	25761	ld-linux.so.2       	b77d18b2	                                        	89 4d ac                                          	mov dword ptr [ebp-0x54], ecx                     		EAX=b77e64e4, ECX=b77e6020, EDX=b77d1880, EBX=b505c000, ESP=bfc7e0e0, EBP=bfc7e138, ESI=00000008, EDI=b505c3dc
-1	25761	ld-linux.so.2       	b77d18b5	                                        	89 45 d0                                          	mov dword ptr [ebp-0x30], eax                     		EAX=b77e64e4, ECX=b77e6020, EDX=b77d1880, EBX=b505c000, ESP=bfc7e0e0, EBP=bfc7e138, ESI=00000008, EDI=b505c3dc
-1	25761	ld-linux.so.2       	b77d18b8	                                        	8b 4d dc                                          	mov ecx, dword ptr [ebp-0x24]                     		EAX=b77e64e4, ECX=b77e6020, EDX=b77d1880, EBX=b505c000, ESP=bfc7e0e0, EBP=bfc7e138, ESI=00000008, EDI=b505c3dc
-1	25761	ld-linux.so.2       	b77d18bb	                                        	8b 45 d8                                          	mov eax, dword ptr [ebp-0x28]                     		EAX=b77e64e4, ECX=b77e6000, EDX=b77d1880, EBX=b505c000, ESP=bfc7e0e0, EBP=bfc7e138, ESI=00000008, EDI=b505c3dc
-1	25761	ld-linux.so.2       	b77d18be	                                        	8b 84 08 c0 04 00 00                              	mov eax, dword ptr [eax+ecx*1+0x4c0]              		EAX=00000020, ECX=b77e6000, EDX=b77d1880, EBX=b505c000, ESP=bfc7e0e0, EBP=bfc7e138, ESI=00000008, EDI=b505c3dc
-1	25761	ld-linux.so.2       	b77d18c5	                                        	89 c1                                             	mov ecx, eax                                      		EAX=00000001, ECX=b77e6000, EDX=b77d1880, EBX=b505c000, ESP=bfc7e0e0, EBP=bfc7e138, ESI=00000008, EDI=b505c3dc
-1	25761	ld-linux.so.2       	b77d18c7	                                        	83 e9 01                                          	sub ecx, 0x1                                      		EAX=00000001, ECX=00000001, EDX=b77d1880, EBX=b505c000, ESP=bfc7e0e0, EBP=bfc7e138, ESI=00000008, EDI=b505c3dc
-1	25761	ld-linux.so.2       	b77d18ca	                                        	89 4d e0                                          	mov dword ptr [ebp-0x20], ecx                     		EAX=00000001, ECX=00000000, EDX=b77d1880, EBX=b505c000, ESP=bfc7e0e0, EBP=bfc7e138, ESI=00000008, EDI=b505c3dc
-1	25761	ld-linux.so.2       	b77d18cd	                                        	0f 88 00 02 00 00                                 	js 0xb77d1ad3                                     		EAX=00000001, ECX=00000000, EDX=b77d1880, EBX=b505c000, ESP=bfc7e0e0, EBP=bfc7e138, ESI=00000008, EDI=b505c3dc
-1	25761	ld-linux.so.2       	b77d18d3	                                        	8b 4d ac                                          	mov ecx, dword ptr [ebp-0x54]                     		EAX=00000001, ECX=00000000, EDX=b77d1880, EBX=b505c000, ESP=bfc7e0e0, EBP=bfc7e138, ESI=00000008, EDI=b505c3dc
-1	25761	ld-linux.so.2       	b77d18d6	                                        	6b c0 4c                                          	imul eax, eax, 0x4c                               		EAX=00000001, ECX=b77e6020, EDX=b77d1880, EBX=b505c000, ESP=bfc7e0e0, EBP=bfc7e138, ESI=00000008, EDI=b505c3dc
-1	25761	ld-linux.so.2       	b77d18d9	                                        	8d 44 01 b8                                       	lea eax, ptr [ecx+eax*1-0x48]                     		EAX=0000004c, ECX=b77e6020, EDX=b77d1880, EBX=b505c000, ESP=bfc7e0e0, EBP=bfc7e138, ESI=00000008, EDI=b505c3dc
-1	25761	ld-linux.so.2       	b77d18dd	                                        	89 45 d4                                          	mov dword ptr [ebp-0x2c], eax                     		EAX=b77e6024, ECX=b77e6020, EDX=b77d1880, EBX=b505c000, ESP=bfc7e0e0, EBP=bfc7e138, ESI=00000008, EDI=b505c3dc
-1	25761	ld-linux.so.2       	b77d18e0	                                        	8b 45 dc                                          	mov eax, dword ptr [ebp-0x24]                     		EAX=b77e6024, ECX=b77e6020, EDX=b77d1880, EBX=b505c000, ESP=bfc7e0e0, EBP=bfc7e138, ESI=00000008, EDI=b505c3dc
-1	25761	ld-linux.so.2       	b77d18e3	                                        	8d 88 8b 73 ff ff                                 	lea ecx, ptr [eax-0x8c75]                         		EAX=b77e6000, ECX=b77e6020, EDX=b77d1880, EBX=b505c000, ESP=bfc7e0e0, EBP=bfc7e138, ESI=00000008, EDI=b505c3dc
-1	25761	ld-linux.so.2       	b77d18e9	                                        	8d 80 73 6b ff ff                                 	lea eax, ptr [eax-0x948d]                         		EAX=b77e6000, ECX=b77dd38b, EDX=b77d1880, EBX=b505c000, ESP=bfc7e0e0, EBP=bfc7e138, ESI=00000008, EDI=b505c3dc
-1	25761	ld-linux.so.2       	b77d18ef	                                        	89 4d b8                                          	mov dword ptr [ebp-0x48], ecx                     		EAX=b77dcb73, ECX=b77dd38b, EDX=b77d1880, EBX=b505c000, ESP=bfc7e0e0, EBP=bfc7e138, ESI=00000008, EDI=b505c3dc
-1	25761	ld-linux.so.2       	b77d18f2	                                        	89 45 b4                                          	mov dword ptr [ebp-0x4c], eax                     		EAX=b77dcb73, ECX=b77dd38b, EDX=b77d1880, EBX=b505c000, ESP=bfc7e0e0, EBP=bfc7e138, ESI=00000008, EDI=b505c3dc
-1	25761	ld-linux.so.2       	b77d18f5	                                        	eb 33                                             	jmp 0xb77d192a                                    		EAX=b77dcb73, ECX=b77dd38b, EDX=b77d1880, EBX=b505c000, ESP=bfc7e0e0, EBP=bfc7e138, ESI=00000008, EDI=b505c3dc
-1	25761	ld-linux.so.2       	b77d192a	                                        	8b 45 d8                                          	mov eax, dword ptr [ebp-0x28]                     		EAX=b77dcb73, ECX=b77dd38b, EDX=b77d1880, EBX=b505c000, ESP=bfc7e0e0, EBP=bfc7e138, ESI=00000008, EDI=b505c3dc
-1	25761	ld-linux.so.2       	b77d192d	                                        	8b 4d dc                                          	mov ecx, dword ptr [ebp-0x24]                     		EAX=00000020, ECX=b77dd38b, EDX=b77d1880, EBX=b505c000, ESP=bfc7e0e0, EBP=bfc7e138, ESI=00000008, EDI=b505c3dc
-1	25761	ld-linux.so.2       	b77d1930	                                        	83 ec 0c                                          	sub esp, 0xc                                      		EAX=00000020, ECX=b77e6000, EDX=b77d1880, EBX=b505c000, ESP=bfc7e0e0, EBP=bfc7e138, ESI=00000008, EDI=b505c3dc
-1	25761	ld-linux.so.2       	b77d1933	                                        	ff 75 d0                                          	push dword ptr [ebp-0x30]                         		EAX=00000020, ECX=b77e6000, EDX=b77d1880, EBX=b505c000, ESP=bfc7e0d4, EBP=bfc7e138, ESI=00000008, EDI=b505c3dc
-1	25761	ld-linux.so.2       	b77d1936	                                        	ff 94 08 f8 07 00 00                              	call dword ptr [eax+ecx*1+0x7f8]                  		EAX=00000020, ECX=b77e6000, EDX=b77d1880, EBX=b505c000, ESP=bfc7e0d0, EBP=bfc7e138, ESI=00000008, EDI=b505c3dc
-1	25761	ld-linux.so.2       	b77d193d	                                        	8b 45 d4                                          	mov eax, dword ptr [ebp-0x2c]                     		EAX=b77e64e4, ECX=b77e6000, EDX=b77d1880, EBX=b505c000, ESP=bfc7e0d0, EBP=bfc7e138, ESI=00000008, EDI=b505c3dc
-1	25761	ld-linux.so.2       	b77d1940	                                        	83 c4 10                                          	add esp, 0x10                                     		EAX=b77e6024, ECX=b77e6000, EDX=b77d1880, EBX=b505c000, ESP=bfc7e0d0, EBP=bfc7e138, ESI=00000008, EDI=b505c3dc
-1	25761	ld-linux.so.2       	b77d1943	                                        	8b 08                                             	mov ecx, dword ptr [eax]                          		EAX=b77e6024, ECX=b77e6000, EDX=b77d1880, EBX=b505c000, ESP=bfc7e0e0, EBP=bfc7e138, ESI=00000008, EDI=b505c3dc
-1	25761	ld-linux.so.2       	b77d1945	                                        	85 c9                                             	test ecx, ecx                                     		EAX=b77e6024, ECX=00000004, EDX=b77d1880, EBX=b505c000, ESP=bfc7e0e0, EBP=bfc7e138, ESI=00000008, EDI=b505c3dc
-1	25761	ld-linux.so.2       	b77d1947	                                        	74 b7                                             	jz 0xb77d1900                                     		EAX=b77e6024, ECX=00000004, EDX=b77d1880, EBX=b505c000, ESP=bfc7e0e0, EBP=bfc7e138, ESI=00000008, EDI=b505c3dc
-1	25761	ld-linux.so.2       	b77d1949	                                        	8b 40 fc                                          	mov eax, dword ptr [eax-0x4]                      		EAX=b77e6024, ECX=00000004, EDX=b77d1880, EBX=b505c000, ESP=bfc7e0e0, EBP=bfc7e138, ESI=00000008, EDI=b505c3dc
-1	25761	ld-linux.so.2       	b77d194c	                                        	0f b6 90 95 01 00 00                              	movzx edx, byte ptr [eax+0x195]                   		EAX=b77e6918, ECX=00000004, EDX=b77d1880, EBX=b505c000, ESP=bfc7e0e0, EBP=bfc7e138, ESI=00000008, EDI=b505c3dc
-1	25761	ld-linux.so.2       	b77d1953	                                        	c0 ea 03                                          	shr dl, 0x3                                       		EAX=b77e6918, ECX=00000004, EDX=00000000, EBX=b505c000, ESP=bfc7e0e0, EBP=bfc7e138, ESI=00000008, EDI=b505c3dc
-1	25761	ld-linux.so.2       	b77d1956	                                        	83 e2 01                                          	and edx, 0x1                                      		EAX=b77e6918, ECX=00000004, EDX=00000000, EBX=b505c000, ESP=bfc7e0e0, EBP=bfc7e138, ESI=00000008, EDI=b505c3dc
-1	25761	ld-linux.so.2       	b77d1959	                                        	39 55 cc                                          	cmp dword ptr [ebp-0x34], edx                     		EAX=b77e6918, ECX=00000004, EDX=00000000, EBX=b505c000, ESP=bfc7e0e0, EBP=bfc7e138, ESI=00000008, EDI=b505c3dc
-1	25761	ld-linux.so.2       	b77d195c	                                        	75 a2                                             	jnz 0xb77d1900                                    		EAX=b77e6918, ECX=00000004, EDX=00000000, EBX=b505c000, ESP=bfc7e0e0, EBP=bfc7e138, ESI=00000008, EDI=b505c3dc
-1	25761	ld-linux.so.2       	b77d195e	                                        	8d 14 8d 12 00 00 00                              	lea edx, ptr [ecx*4+0x12]                         		EAX=b77e6918, ECX=00000004, EDX=00000000, EBX=b505c000, ESP=bfc7e0e0, EBP=bfc7e138, ESI=00000008, EDI=b505c3dc
-1	25761	ld-linux.so.2       	b77d1965	                                        	89 65 bc                                          	mov dword ptr [ebp-0x44], esp                     		EAX=b77e6918, ECX=00000004, EDX=00000022, EBX=b505c000, ESP=bfc7e0e0, EBP=bfc7e138, ESI=00000008, EDI=b505c3dc
-1	25761	ld-linux.so.2       	b77d1968	                                        	83 e2 f0                                          	and edx, 0xfffffff0                               		EAX=b77e6918, ECX=00000004, EDX=00000022, EBX=b505c000, ESP=bfc7e0e0, EBP=bfc7e138, ESI=00000008, EDI=b505c3dc
-1	25761	ld-linux.so.2       	b77d196b	                                        	29 d4                                             	sub esp, edx                                      		EAX=b77e6918, ECX=00000004, EDX=00000020, EBX=b505c000, ESP=bfc7e0e0, EBP=bfc7e138, ESI=00000008, EDI=b505c3dc
-1	25761	ld-linux.so.2       	b77d196d	                                        	31 d2                                             	xor edx, edx                                      		EAX=b77e6918, ECX=00000004, EDX=00000020, EBX=b505c000, ESP=bfc7e0c0, EBP=bfc7e138, ESI=00000008, EDI=b505c3dc
-1	25761	ld-linux.so.2       	b77d196f	                                        	89 e3                                             	mov ebx, esp                                      		EAX=b77e6918, ECX=00000004, EDX=00000000, EBX=b505c000, ESP=bfc7e0c0, EBP=bfc7e138, ESI=00000008, EDI=b505c3dc
-1	25761	ld-linux.so.2       	b77d1971	                                        	89 65 c4                                          	mov dword ptr [ebp-0x3c], esp                     		EAX=b77e6918, ECX=00000004, EDX=00000000, EBX=bfc7e0c0, ESP=bfc7e0c0, EBP=bfc7e138, ESI=00000008, EDI=b505c3dc
-1	25761	ld-linux.so.2       	b77d1974	                                        	eb 11                                             	jmp 0xb77d1987                                    		EAX=b77e6918, ECX=00000004, EDX=00000000, EBX=bfc7e0c0, ESP=bfc7e0c0, EBP=bfc7e138, ESI=00000008, EDI=b505c3dc
-1	25761	ld-linux.so.2       	b77d1987	                                        	3b 40 14                                          	cmp eax, dword ptr [eax+0x14]                     		EAX=b77e6918, ECX=00000004, EDX=00000000, EBX=bfc7e0c0, ESP=bfc7e0c0, EBP=bfc7e138, ESI=00000008, EDI=b505c3dc
-1	25761	ld-linux.so.2       	b77d198a	                                        	75 f4                                             	jnz 0xb77d1980                                    		EAX=b77e6918, ECX=00000004, EDX=00000000, EBX=bfc7e0c0, ESP=bfc7e0c0, EBP=bfc7e138, ESI=00000008, EDI=b505c3dc
-1	25761	ld-linux.so.2       	b77d198c	                                        	39 d1                                             	cmp ecx, edx                                      		EAX=b77e6918, ECX=00000004, EDX=00000000, EBX=bfc7e0c0, ESP=bfc7e0c0, EBP=bfc7e138, ESI=00000008, EDI=b505c3dc
-1	25761	ld-linux.so.2       	b77d198e	                                        	0f 86 74 02 00 00                                 	jbe 0xb77d1c08                                    		EAX=b77e6918, ECX=00000004, EDX=00000000, EBX=bfc7e0c0, ESP=bfc7e0c0, EBP=bfc7e138, ESI=00000008, EDI=b505c3dc
-1	25761	ld-linux.so.2       	b77d1994	                                        	89 04 93                                          	mov dword ptr [ebx+edx*4], eax                    		EAX=b77e6918, ECX=00000004, EDX=00000000, EBX=bfc7e0c0, ESP=bfc7e0c0, EBP=bfc7e138, ESI=00000008, EDI=b505c3dc
-1	25761	ld-linux.so.2       	b77d1997	                                        	89 90 0c 02 00 00                                 	mov dword ptr [eax+0x20c], edx                    		EAX=b77e6918, ECX=00000004, EDX=00000000, EBX=bfc7e0c0, ESP=bfc7e0c0, EBP=bfc7e138, ESI=00000008, EDI=b505c3dc
-1	25761	ld-linux.so.2       	b77d199d	                                        	83 c2 01                                          	add edx, 0x1                                      		EAX=b77e6918, ECX=00000004, EDX=00000000, EBX=bfc7e0c0, ESP=bfc7e0c0, EBP=bfc7e138, ESI=00000008, EDI=b505c3dc
-1	25761	ld-linux.so.2       	b77d19a0	                                        	83 80 90 01 00 00 01                              	add dword ptr [eax+0x190], 0x1                    		EAX=b77e6918, ECX=00000004, EDX=00000001, EBX=bfc7e0c0, ESP=bfc7e0c0, EBP=bfc7e138, ESI=00000008, EDI=b505c3dc
-1	25761	ld-linux.so.2       	b77d19a7	                                        	8b 40 0c                                          	mov eax, dword ptr [eax+0xc]                      		EAX=b77e6918, ECX=00000004, EDX=00000001, EBX=bfc7e0c0, ESP=bfc7e0c0, EBP=bfc7e138, ESI=00000008, EDI=b505c3dc
-1	25761	ld-linux.so.2       	b77d19aa	                                        	85 c0                                             	test eax, eax                                     		EAX=b77e6c08, ECX=00000004, EDX=00000001, EBX=bfc7e0c0, ESP=bfc7e0c0, EBP=bfc7e138, ESI=00000008, EDI=b505c3dc
-1	25761	ld-linux.so.2       	b77d19ac	                                        	75 d9                                             	jnz 0xb77d1987                                    		EAX=b77e6c08, ECX=00000004, EDX=00000001, EBX=bfc7e0c0, ESP=bfc7e0c0, EBP=bfc7e138, ESI=00000008, EDI=b505c3dc
-1	25761	ld-linux.so.2       	b77d1987	                                        	3b 40 14                                          	cmp eax, dword ptr [eax+0x14]                     		EAX=b77e6c08, ECX=00000004, EDX=00000001, EBX=bfc7e0c0, ESP=bfc7e0c0, EBP=bfc7e138, ESI=00000008, EDI=b505c3dc
-1	25761	ld-linux.so.2       	b77d198a	                                        	75 f4                                             	jnz 0xb77d1980                                    		EAX=b77e6c08, ECX=00000004, EDX=00000001, EBX=bfc7e0c0, ESP=bfc7e0c0, EBP=bfc7e138, ESI=00000008, EDI=b505c3dc
-1	25761	ld-linux.so.2       	b77d198c	                                        	39 d1                                             	cmp ecx, edx                                      		EAX=b77e6c08, ECX=00000004, EDX=00000001, EBX=bfc7e0c0, ESP=bfc7e0c0, EBP=bfc7e138, ESI=00000008, EDI=b505c3dc
-1	25761	ld-linux.so.2       	b77d198e	                                        	0f 86 74 02 00 00                                 	jbe 0xb77d1c08                                    		EAX=b77e6c08, ECX=00000004, EDX=00000001, EBX=bfc7e0c0, ESP=bfc7e0c0, EBP=bfc7e138, ESI=00000008, EDI=b505c3dc
-1	25761	ld-linux.so.2       	b77d1994	                                        	89 04 93                                          	mov dword ptr [ebx+edx*4], eax                    		EAX=b77e6c08, ECX=00000004, EDX=00000001, EBX=bfc7e0c0, ESP=bfc7e0c0, EBP=bfc7e138, ESI=00000008, EDI=b505c3dc
-1	25761	ld-linux.so.2       	b77d1997	                                        	89 90 0c 02 00 00                                 	mov dword ptr [eax+0x20c], edx                    		EAX=b77e6c08, ECX=00000004, EDX=00000001, EBX=bfc7e0c0, ESP=bfc7e0c0, EBP=bfc7e138, ESI=00000008, EDI=b505c3dc
-1	25761	ld-linux.so.2       	b77d199d	                                        	83 c2 01                                          	add edx, 0x1                                      		EAX=b77e6c08, ECX=00000004, EDX=00000001, EBX=bfc7e0c0, ESP=bfc7e0c0, EBP=bfc7e138, ESI=00000008, EDI=b505c3dc
-1	25761	ld-linux.so.2       	b77d19a0	                                        	83 80 90 01 00 00 01                              	add dword ptr [eax+0x190], 0x1                    		EAX=b77e6c08, ECX=00000004, EDX=00000002, EBX=bfc7e0c0, ESP=bfc7e0c0, EBP=bfc7e138, ESI=00000008, EDI=b505c3dc
-1	25761	ld-linux.so.2       	b77d19a7	                                        	8b 40 0c                                          	mov eax, dword ptr [eax+0xc]                      		EAX=b77e6c08, ECX=00000004, EDX=00000002, EBX=bfc7e0c0, ESP=bfc7e0c0, EBP=bfc7e138, ESI=00000008, EDI=b505c3dc
-1	25761	ld-linux.so.2       	b77d19aa	                                        	85 c0                                             	test eax, eax                                     		EAX=b50f71b0, ECX=00000004, EDX=00000002, EBX=bfc7e0c0, ESP=bfc7e0c0, EBP=bfc7e138, ESI=00000008, EDI=b505c3dc
-1	25761	ld-linux.so.2       	b77d19ac	                                        	75 d9                                             	jnz 0xb77d1987                                    		EAX=b50f71b0, ECX=00000004, EDX=00000002, EBX=bfc7e0c0, ESP=bfc7e0c0, EBP=bfc7e138, ESI=00000008, EDI=b505c3dc
-1	25761	ld-linux.so.2       	b77d1987	                                        	3b 40 14                                          	cmp eax, dword ptr [eax+0x14]                     		EAX=b50f71b0, ECX=00000004, EDX=00000002, EBX=bfc7e0c0, ESP=bfc7e0c0, EBP=bfc7e138, ESI=00000008, EDI=b505c3dc
-1	25761	ld-linux.so.2       	b77d198a	                                        	75 f4                                             	jnz 0xb77d1980                                    		EAX=b50f71b0, ECX=00000004, EDX=00000002, EBX=bfc7e0c0, ESP=bfc7e0c0, EBP=bfc7e138, ESI=00000008, EDI=b505c3dc
-1	25761	ld-linux.so.2       	b77d198c	                                        	39 d1                                             	cmp ecx, edx                                      		EAX=b50f71b0, ECX=00000004, EDX=00000002, EBX=bfc7e0c0, ESP=bfc7e0c0, EBP=bfc7e138, ESI=00000008, EDI=b505c3dc
-1	25761	ld-linux.so.2       	b77d198e	                                        	0f 86 74 02 00 00                                 	jbe 0xb77d1c08                                    		EAX=b50f71b0, ECX=00000004, EDX=00000002, EBX=bfc7e0c0, ESP=bfc7e0c0, EBP=bfc7e138, ESI=00000008, EDI=b505c3dc
-1	25761	ld-linux.so.2       	b77d1994	                                        	89 04 93                                          	mov dword ptr [ebx+edx*4], eax                    		EAX=b50f71b0, ECX=00000004, EDX=00000002, EBX=bfc7e0c0, ESP=bfc7e0c0, EBP=bfc7e138, ESI=00000008, EDI=b505c3dc
-1	25761	ld-linux.so.2       	b77d1997	                                        	89 90 0c 02 00 00                                 	mov dword ptr [eax+0x20c], edx                    		EAX=b50f71b0, ECX=00000004, EDX=00000002, EBX=bfc7e0c0, ESP=bfc7e0c0, EBP=bfc7e138, ESI=00000008, EDI=b505c3dc
-1	25761	ld-linux.so.2       	b77d199d	                                        	83 c2 01                                          	add edx, 0x1                                      		EAX=b50f71b0, ECX=00000004, EDX=00000002, EBX=bfc7e0c0, ESP=bfc7e0c0, EBP=bfc7e138, ESI=00000008, EDI=b505c3dc
-1	25761	ld-linux.so.2       	b77d19a0	                                        	83 80 90 01 00 00 01                              	add dword ptr [eax+0x190], 0x1                    		EAX=b50f71b0, ECX=00000004, EDX=00000003, EBX=bfc7e0c0, ESP=bfc7e0c0, EBP=bfc7e138, ESI=00000008, EDI=b505c3dc
-1	25761	ld-linux.so.2       	b77d19a7	                                        	8b 40 0c                                          	mov eax, dword ptr [eax+0xc]                      		EAX=b50f71b0, ECX=00000004, EDX=00000003, EBX=bfc7e0c0, ESP=bfc7e0c0, EBP=bfc7e138, ESI=00000008, EDI=b505c3dc
-1	25761	ld-linux.so.2       	b77d19aa	                                        	85 c0                                             	test eax, eax                                     		EAX=b77e653c, ECX=00000004, EDX=00000003, EBX=bfc7e0c0, ESP=bfc7e0c0, EBP=bfc7e138, ESI=00000008, EDI=b505c3dc
-1	25761	ld-linux.so.2       	b77d19ac	                                        	75 d9                                             	jnz 0xb77d1987                                    		EAX=b77e653c, ECX=00000004, EDX=00000003, EBX=bfc7e0c0, ESP=bfc7e0c0, EBP=bfc7e138, ESI=00000008, EDI=b505c3dc
-1	25761	ld-linux.so.2       	b77d1987	                                        	3b 40 14                                          	cmp eax, dword ptr [eax+0x14]                     		EAX=b77e653c, ECX=00000004, EDX=00000003, EBX=bfc7e0c0, ESP=bfc7e0c0, EBP=bfc7e138, ESI=00000008, EDI=b505c3dc
-1	25761	ld-linux.so.2       	b77d198a	                                        	75 f4                                             	jnz 0xb77d1980                                    		EAX=b77e653c, ECX=00000004, EDX=00000003, EBX=bfc7e0c0, ESP=bfc7e0c0, EBP=bfc7e138, ESI=00000008, EDI=b505c3dc
-1	25761	ld-linux.so.2       	b77d198c	                                        	39 d1                                             	cmp ecx, edx                                      		EAX=b77e653c, ECX=00000004, EDX=00000003, EBX=bfc7e0c0, ESP=bfc7e0c0, EBP=bfc7e138, ESI=00000008, EDI=b505c3dc
-1	25761	ld-linux.so.2       	b77d198e	                                        	0f 86 74 02 00 00                                 	jbe 0xb77d1c08                                    		EAX=b77e653c, ECX=00000004, EDX=00000003, EBX=bfc7e0c0, ESP=bfc7e0c0, EBP=bfc7e138, ESI=00000008, EDI=b505c3dc
-1	25761	ld-linux.so.2       	b77d1994	                                        	89 04 93                                          	mov dword ptr [ebx+edx*4], eax                    		EAX=b77e653c, ECX=00000004, EDX=00000003, EBX=bfc7e0c0, ESP=bfc7e0c0, EBP=bfc7e138, ESI=00000008, EDI=b505c3dc
-1	25761	ld-linux.so.2       	b77d1997	                                        	89 90 0c 02 00 00                                 	mov dword ptr [eax+0x20c], edx                    		EAX=b77e653c, ECX=00000004, EDX=00000003, EBX=bfc7e0c0, ESP=bfc7e0c0, EBP=bfc7e138, ESI=00000008, EDI=b505c3dc
-1	25761	ld-linux.so.2       	b77d199d	                                        	83 c2 01                                          	add edx, 0x1                                      		EAX=b77e653c, ECX=00000004, EDX=00000003, EBX=bfc7e0c0, ESP=bfc7e0c0, EBP=bfc7e138, ESI=00000008, EDI=b505c3dc
-1	25761	ld-linux.so.2       	b77d19a0	                                        	83 80 90 01 00 00 01                              	add dword ptr [eax+0x190], 0x1                    		EAX=b77e653c, ECX=00000004, EDX=00000004, EBX=bfc7e0c0, ESP=bfc7e0c0, EBP=bfc7e138, ESI=00000008, EDI=b505c3dc
-1	25761	ld-linux.so.2       	b77d19a7	                                        	8b 40 0c                                          	mov eax, dword ptr [eax+0xc]                      		EAX=b77e653c, ECX=00000004, EDX=00000004, EBX=bfc7e0c0, ESP=bfc7e0c0, EBP=bfc7e138, ESI=00000008, EDI=b505c3dc
-1	25761	ld-linux.so.2       	b77d19aa	                                        	85 c0                                             	test eax, eax                                     		EAX=00000000, ECX=00000004, EDX=00000004, EBX=bfc7e0c0, ESP=bfc7e0c0, EBP=bfc7e138, ESI=00000008, EDI=b505c3dc
-1	25761	ld-linux.so.2       	b77d19ac	                                        	75 d9                                             	jnz 0xb77d1987                                    		EAX=00000000, ECX=00000004, EDX=00000004, EBX=bfc7e0c0, ESP=bfc7e0c0, EBP=bfc7e138, ESI=00000008, EDI=b505c3dc
-1	25761	ld-linux.so.2       	b77d19ae	                                        	66 90                                             	data16 nop                                        		EAX=00000000, ECX=00000004, EDX=00000004, EBX=bfc7e0c0, ESP=bfc7e0c0, EBP=bfc7e138, ESI=00000008, EDI=b505c3dc
-1	25761	ld-linux.so.2       	b77d19b0	                                        	8b 75 e0                                          	mov esi, dword ptr [ebp-0x20]                     		EAX=00000000, ECX=00000004, EDX=00000004, EBX=bfc7e0c0, ESP=bfc7e0c0, EBP=bfc7e138, ESI=00000008, EDI=b505c3dc
-1	25761	ld-linux.so.2       	b77d19b3	                                        	39 ca                                             	cmp edx, ecx                                      		EAX=00000000, ECX=00000004, EDX=00000004, EBX=bfc7e0c0, ESP=bfc7e0c0, EBP=bfc7e138, ESI=00000000, EDI=b505c3dc
-1	25761	ld-linux.so.2       	b77d19b5	                                        	89 55 c8                                          	mov dword ptr [ebp-0x38], edx                     		EAX=00000000, ECX=00000004, EDX=00000004, EBX=bfc7e0c0, ESP=bfc7e0c0, EBP=bfc7e138, ESI=00000000, EDI=b505c3dc
-1	25761	ld-linux.so.2       	b77d19b8	                                        	0f 95 c0                                          	setnz al                                          		EAX=00000000, ECX=00000004, EDX=00000004, EBX=bfc7e0c0, ESP=bfc7e0c0, EBP=bfc7e138, ESI=00000000, EDI=b505c3dc
-1	25761	ld-linux.so.2       	b77d19bb	                                        	85 f6                                             	test esi, esi                                     		EAX=00000000, ECX=00000004, EDX=00000004, EBX=bfc7e0c0, ESP=bfc7e0c0, EBP=bfc7e138, ESI=00000000, EDI=b505c3dc
-1	25761	ld-linux.so.2       	b77d19bd	                                        	75 08                                             	jnz 0xb77d19c7                                    		EAX=00000000, ECX=00000004, EDX=00000004, EBX=bfc7e0c0, ESP=bfc7e0c0, EBP=bfc7e138, ESI=00000000, EDI=b505c3dc
-1	25761	ld-linux.so.2       	b77d19bf	                                        	84 c0                                             	test al, al                                       		EAX=00000000, ECX=00000004, EDX=00000004, EBX=bfc7e0c0, ESP=bfc7e0c0, EBP=bfc7e138, ESI=00000000, EDI=b505c3dc
-1	25761	ld-linux.so.2       	b77d19c1	                                        	0f 85 63 02 00 00                                 	jnz 0xb77d1c2a                                    		EAX=00000000, ECX=00000004, EDX=00000004, EBX=bfc7e0c0, ESP=bfc7e0c0, EBP=bfc7e138, ESI=00000000, EDI=b505c3dc
-1	25761	ld-linux.so.2       	b77d19c7	                                        	8b 5d e0                                          	mov ebx, dword ptr [ebp-0x20]                     		EAX=00000000, ECX=00000004, EDX=00000004, EBX=bfc7e0c0, ESP=bfc7e0c0, EBP=bfc7e138, ESI=00000000, EDI=b505c3dc
-1	25761	ld-linux.so.2       	b77d19ca	                                        	85 db                                             	test ebx, ebx                                     		EAX=00000000, ECX=00000004, EDX=00000004, EBX=00000000, ESP=bfc7e0c0, EBP=bfc7e138, ESI=00000000, EDI=b505c3dc
-1	25761	ld-linux.so.2       	b77d19cc	                                        	74 10                                             	jz 0xb77d19de                                     		EAX=00000000, ECX=00000004, EDX=00000004, EBX=00000000, ESP=bfc7e0c0, EBP=bfc7e138, ESI=00000000, EDI=b505c3dc
-1	25761	ld-linux.so.2       	b77d19de	                                        	8b 5d c8                                          	mov ebx, dword ptr [ebp-0x38]                     		EAX=00000000, ECX=00000004, EDX=00000004, EBX=00000000, ESP=bfc7e0c0, EBP=bfc7e138, ESI=00000000, EDI=b505c3dc
-1	25761	ld-linux.so.2       	b77d19e1	                                        	8b 45 c4                                          	mov eax, dword ptr [ebp-0x3c]                     		EAX=00000000, ECX=00000004, EDX=00000004, EBX=00000004, ESP=bfc7e0c0, EBP=bfc7e138, ESI=00000000, EDI=b505c3dc
-1	25761	ld-linux.so.2       	b77d19e4	                                        	83 ec 0c                                          	sub esp, 0xc                                      		EAX=bfc7e0c0, ECX=00000004, EDX=00000004, EBX=00000004, ESP=bfc7e0c0, EBP=bfc7e138, ESI=00000000, EDI=b505c3dc
-1	25761	ld-linux.so.2       	b77d19e7	                                        	ff 75 e0                                          	push dword ptr [ebp-0x20]                         		EAX=bfc7e0c0, ECX=00000004, EDX=00000004, EBX=00000004, ESP=bfc7e0b4, EBP=bfc7e138, ESI=00000000, EDI=b505c3dc
-1	25761	ld-linux.so.2       	b77d19ea	                                        	31 c9                                             	xor ecx, ecx                                      		EAX=bfc7e0c0, ECX=00000004, EDX=00000004, EBX=00000004, ESP=bfc7e0b0, EBP=bfc7e138, ESI=00000000, EDI=b505c3dc
-1	25761	ld-linux.so.2       	b77d19ec	                                        	89 da                                             	mov edx, ebx                                      		EAX=bfc7e0c0, ECX=00000000, EDX=00000004, EBX=00000004, ESP=bfc7e0b0, EBP=bfc7e138, ESI=00000000, EDI=b505c3dc
-1	25761	ld-linux.so.2       	b77d19ee	                                        	e8 4d fc ff ff                                    	call 0xb77d1640                                   		EAX=bfc7e0c0, ECX=00000000, EDX=00000004, EBX=00000004, ESP=bfc7e0b0, EBP=bfc7e138, ESI=00000000, EDI=b505c3dc
-1	25761	ld-linux.so.2       	b77d1640	                                        	55                                                	push ebp                                          		EAX=bfc7e0c0, ECX=00000000, EDX=00000004, EBX=00000004, ESP=bfc7e0ac, EBP=bfc7e138, ESI=00000000, EDI=b505c3dc
-1	25761	ld-linux.so.2       	b77d1641	                                        	89 e5                                             	mov ebp, esp                                      		EAX=bfc7e0c0, ECX=00000000, EDX=00000004, EBX=00000004, ESP=bfc7e0a8, EBP=bfc7e138, ESI=00000000, EDI=b505c3dc
-1	25761	ld-linux.so.2       	b77d1643	                                        	57                                                	push edi                                          		EAX=bfc7e0c0, ECX=00000000, EDX=00000004, EBX=00000004, ESP=bfc7e0a8, EBP=bfc7e0a8, ESI=00000000, EDI=b505c3dc
-1	25761	ld-linux.so.2       	b77d1644	                                        	56                                                	push esi                                          		EAX=bfc7e0c0, ECX=00000000, EDX=00000004, EBX=00000004, ESP=bfc7e0a4, EBP=bfc7e0a8, ESI=00000000, EDI=b505c3dc
-1	25761	ld-linux.so.2       	b77d1645	                                        	53                                                	push ebx                                          		EAX=bfc7e0c0, ECX=00000000, EDX=00000004, EBX=00000004, ESP=bfc7e0a0, EBP=bfc7e0a8, ESI=00000000, EDI=b505c3dc
-1	25761	ld-linux.so.2       	b77d1646	                                        	e8 a6 a2 00 00                                    	call 0xb77db8f1                                   		EAX=bfc7e0c0, ECX=00000000, EDX=00000004, EBX=00000004, ESP=bfc7e09c, EBP=bfc7e0a8, ESI=00000000, EDI=b505c3dc
-1	25761	ld-linux.so.2       	b77db8f1	                                        	8b 3c 24                                          	mov edi, dword ptr [esp]                          		EAX=bfc7e0c0, ECX=00000000, EDX=00000004, EBX=00000004, ESP=bfc7e098, EBP=bfc7e0a8, ESI=00000000, EDI=b505c3dc
-1	25761	ld-linux.so.2       	b77db8f4	                                        	c3                                                	ret                                               		EAX=bfc7e0c0, ECX=00000000, EDX=00000004, EBX=00000004, ESP=bfc7e098, EBP=bfc7e0a8, ESI=00000000, EDI=b77d164b
-1	25761	ld-linux.so.2       	b77d164b	                                        	81 c7 b5 49 01 00                                 	add edi, 0x149b5                                  		EAX=bfc7e0c0, ECX=00000000, EDX=00000004, EBX=00000004, ESP=bfc7e09c, EBP=bfc7e0a8, ESI=00000000, EDI=b77d164b
-1	25761	ld-linux.so.2       	b77d1651	                                        	83 ec 4c                                          	sub esp, 0x4c                                     		EAX=bfc7e0c0, ECX=00000000, EDX=00000004, EBX=00000004, ESP=bfc7e09c, EBP=bfc7e0a8, ESI=00000000, EDI=b77e6000
-1	25761	ld-linux.so.2       	b77d1654	                                        	83 fa 01                                          	cmp edx, 0x1                                      		EAX=bfc7e0c0, ECX=00000000, EDX=00000004, EBX=00000004, ESP=bfc7e050, EBP=bfc7e0a8, ESI=00000000, EDI=b77e6000
-1	25761	ld-linux.so.2       	b77d1657	                                        	89 7d cc                                          	mov dword ptr [ebp-0x34], edi                     		EAX=bfc7e0c0, ECX=00000000, EDX=00000004, EBX=00000004, ESP=bfc7e050, EBP=bfc7e0a8, ESI=00000000, EDI=b77e6000
-1	25761	ld-linux.so.2       	b77d165a	                                        	0f 84 73 01 00 00                                 	jz 0xb77d17d3                                     		EAX=bfc7e0c0, ECX=00000000, EDX=00000004, EBX=00000004, ESP=bfc7e050, EBP=bfc7e0a8, ESI=00000000, EDI=b77e6000
-1	25761	ld-linux.so.2       	b77d1660	                                        	89 45 d8                                          	mov dword ptr [ebp-0x28], eax                     		EAX=bfc7e0c0, ECX=00000000, EDX=00000004, EBX=00000004, ESP=bfc7e050, EBP=bfc7e0a8, ESI=00000000, EDI=b77e6000
-1	25761	ld-linux.so.2       	b77d1663	                                        	8b 45 08                                          	mov eax, dword ptr [ebp+0x8]                      		EAX=bfc7e0c0, ECX=00000000, EDX=00000004, EBX=00000004, ESP=bfc7e050, EBP=bfc7e0a8, ESI=00000000, EDI=b77e6000
-1	25761	ld-linux.so.2       	b77d1666	                                        	89 fe                                             	mov esi, edi                                      		EAX=00000000, ECX=00000000, EDX=00000004, EBX=00000004, ESP=bfc7e050, EBP=bfc7e0a8, ESI=00000000, EDI=b77e6000
-1	25761	ld-linux.so.2       	b77d1668	                                        	89 55 e0                                          	mov dword ptr [ebp-0x20], edx                     		EAX=00000000, ECX=00000000, EDX=00000004, EBX=00000004, ESP=bfc7e050, EBP=bfc7e0a8, ESI=b77e6000, EDI=b77e6000
-1	25761	ld-linux.so.2       	b77d166b	                                        	89 d7                                             	mov edi, edx                                      		EAX=00000000, ECX=00000000, EDX=00000004, EBX=00000004, ESP=bfc7e050, EBP=bfc7e0a8, ESI=b77e6000, EDI=b77e6000
-1	25761	ld-linux.so.2       	b77d166d	                                        	8d 14 12                                          	lea edx, ptr [edx+edx*1]                          		EAX=00000000, ECX=00000000, EDX=00000004, EBX=00000004, ESP=bfc7e050, EBP=bfc7e0a8, ESI=b77e6000, EDI=00000004
-1	25761	ld-linux.so.2       	b77d1670	                                        	89 4d c0                                          	mov dword ptr [ebp-0x40], ecx                     		EAX=00000000, ECX=00000000, EDX=00000008, EBX=00000004, ESP=bfc7e050, EBP=bfc7e0a8, ESI=b77e6000, EDI=00000004
-1	25761	ld-linux.so.2       	b77d1673	                                        	31 c9                                             	xor ecx, ecx                                      		EAX=00000000, ECX=00000000, EDX=00000008, EBX=00000004, ESP=bfc7e050, EBP=bfc7e0a8, ESI=b77e6000, EDI=00000004
-1	25761	ld-linux.so.2       	b77d1675	                                        	89 65 b4                                          	mov dword ptr [ebp-0x4c], esp                     		EAX=00000000, ECX=00000000, EDX=00000008, EBX=00000004, ESP=bfc7e050, EBP=bfc7e0a8, ESI=b77e6000, EDI=00000004
-1	25761	ld-linux.so.2       	b77d1678	                                        	85 c0                                             	test eax, eax                                     		EAX=00000000, ECX=00000000, EDX=00000008, EBX=00000004, ESP=bfc7e050, EBP=bfc7e0a8, ESI=b77e6000, EDI=00000004
-1	25761	ld-linux.so.2       	b77d167a	                                        	8d 42 10                                          	lea eax, ptr [edx+0x10]                           		EAX=00000000, ECX=00000000, EDX=00000008, EBX=00000004, ESP=bfc7e050, EBP=bfc7e0a8, ESI=b77e6000, EDI=00000004
-1	25761	ld-linux.so.2       	b77d167d	                                        	0f 94 c1                                          	setz cl                                           		EAX=00000018, ECX=00000000, EDX=00000008, EBX=00000004, ESP=bfc7e050, EBP=bfc7e0a8, ESI=b77e6000, EDI=00000004
-1	25761	ld-linux.so.2       	b77d1680	                                        	83 e0 f0                                          	and eax, 0xfffffff0                               		EAX=00000018, ECX=00000001, EDX=00000008, EBX=00000004, ESP=bfc7e050, EBP=bfc7e0a8, ESI=b77e6000, EDI=00000004
-1	25761	ld-linux.so.2       	b77d1683	                                        	89 4d e4                                          	mov dword ptr [ebp-0x1c], ecx                     		EAX=00000010, ECX=00000001, EDX=00000008, EBX=00000004, ESP=bfc7e050, EBP=bfc7e0a8, ESI=b77e6000, EDI=00000004
-1	25761	ld-linux.so.2       	b77d1686	                                        	29 c4                                             	sub esp, eax                                      		EAX=00000010, ECX=00000001, EDX=00000008, EBX=00000004, ESP=bfc7e050, EBP=bfc7e0a8, ESI=b77e6000, EDI=00000004
-1	25761	ld-linux.so.2       	b77d1688	                                        	89 65 dc                                          	mov dword ptr [ebp-0x24], esp                     		EAX=00000010, ECX=00000001, EDX=00000008, EBX=00000004, ESP=bfc7e040, EBP=bfc7e0a8, ESI=b77e6000, EDI=00000004
-1	25761	ld-linux.so.2       	b77d168b	                                        	89 e3                                             	mov ebx, esp                                      		EAX=00000010, ECX=00000001, EDX=00000008, EBX=00000004, ESP=bfc7e040, EBP=bfc7e0a8, ESI=b77e6000, EDI=00000004
-1	25761	ld-linux.so.2       	b77d168d	                                        	83 ec 04                                          	sub esp, 0x4                                      		EAX=00000010, ECX=00000001, EDX=00000008, EBX=bfc7e040, ESP=bfc7e040, EBP=bfc7e0a8, ESI=b77e6000, EDI=00000004
-1	25761	ld-linux.so.2       	b77d1690	                                        	52                                                	push edx                                          		EAX=00000010, ECX=00000001, EDX=00000008, EBX=bfc7e040, ESP=bfc7e03c, EBP=bfc7e0a8, ESI=b77e6000, EDI=00000004
-1	25761	ld-linux.so.2       	b77d1691	                                        	6a 00                                             	push 0x0                                          		EAX=00000010, ECX=00000001, EDX=00000008, EBX=bfc7e040, ESP=bfc7e038, EBP=bfc7e0a8, ESI=b77e6000, EDI=00000004
-1	25761	ld-linux.so.2       	b77d1693	                                        	53                                                	push ebx                                          		EAX=00000010, ECX=00000001, EDX=00000008, EBX=bfc7e040, ESP=bfc7e034, EBP=bfc7e0a8, ESI=b77e6000, EDI=00000004
-1	25761	ld-linux.so.2       	b77d1694	                                        	89 f3                                             	mov ebx, esi                                      		EAX=00000010, ECX=00000001, EDX=00000008, EBX=bfc7e040, ESP=bfc7e030, EBP=bfc7e0a8, ESI=b77e6000, EDI=00000004
-1	25761	ld-linux.so.2       	b77d1696	                                        	e8 d5 9f 00 00                                    	call 0xb77db670                                   		EAX=00000010, ECX=00000001, EDX=00000008, EBX=b77e6000, ESP=bfc7e030, EBP=bfc7e0a8, ESI=b77e6000, EDI=00000004
-1	25761	ld-linux.so.2       	b77d169b	                                        	8b 45 d8                                          	mov eax, dword ptr [ebp-0x28]                     		EAX=bfc7e040, ECX=00000000, EDX=00000000, EBX=b77e6000, ESP=bfc7e030, EBP=bfc7e0a8, ESI=b77e6000, EDI=00000004
-1	25761	ld-linux.so.2       	b77d169e	                                        	8b 4d e4                                          	mov ecx, dword ptr [ebp-0x1c]                     		EAX=bfc7e0c0, ECX=00000000, EDX=00000000, EBX=b77e6000, ESP=bfc7e030, EBP=bfc7e0a8, ESI=b77e6000, EDI=00000004
-1	25761	ld-linux.so.2       	b77d16a1	                                        	83 c4 10                                          	add esp, 0x10                                     		EAX=bfc7e0c0, ECX=00000001, EDX=00000000, EBX=b77e6000, ESP=bfc7e030, EBP=bfc7e0a8, ESI=b77e6000, EDI=00000004
-1	25761	ld-linux.so.2       	b77d16a4	                                        	8d 44 b8 fc                                       	lea eax, ptr [eax+edi*4-0x4]                      		EAX=bfc7e0c0, ECX=00000001, EDX=00000000, EBX=b77e6000, ESP=bfc7e040, EBP=bfc7e0a8, ESI=b77e6000, EDI=00000004
-1	25761	ld-linux.so.2       	b77d16a8	                                        	8d 79 01                                          	lea edi, ptr [ecx+0x1]                            		EAX=bfc7e0cc, ECX=00000001, EDX=00000000, EBX=b77e6000, ESP=bfc7e040, EBP=bfc7e0a8, ESI=b77e6000, EDI=00000004
-1	25761	ld-linux.so.2       	b77d16ab	                                        	89 45 b8                                          	mov dword ptr [ebp-0x48], eax                     		EAX=bfc7e0cc, ECX=00000001, EDX=00000000, EBX=b77e6000, ESP=bfc7e040, EBP=bfc7e0a8, ESI=b77e6000, EDI=00000002
-1	25761	ld-linux.so.2       	b77d16ae	                                        	eb 2e                                             	jmp 0xb77d16de                                    		EAX=bfc7e0cc, ECX=00000001, EDX=00000000, EBX=b77e6000, ESP=bfc7e040, EBP=bfc7e0a8, ESI=b77e6000, EDI=00000002
-1	25761	ld-linux.so.2       	b77d16de	                                        	8b 45 e4                                          	mov eax, dword ptr [ebp-0x1c]                     		EAX=bfc7e0cc, ECX=00000001, EDX=00000000, EBX=b77e6000, ESP=bfc7e040, EBP=bfc7e0a8, ESI=b77e6000, EDI=00000002
-1	25761	ld-linux.so.2       	b77d16e1	                                        	8b 75 dc                                          	mov esi, dword ptr [ebp-0x24]                     		EAX=00000001, ECX=00000001, EDX=00000000, EBX=b77e6000, ESP=bfc7e040, EBP=bfc7e0a8, ESI=b77e6000, EDI=00000002
-1	25761	ld-linux.so.2       	b77d16e4	                                        	8d 34 46                                          	lea esi, ptr [esi+eax*2]                          		EAX=00000001, ECX=00000001, EDX=00000000, EBX=b77e6000, ESP=bfc7e040, EBP=bfc7e0a8, ESI=bfc7e040, EDI=00000002
-1	25761	ld-linux.so.2       	b77d16e7	                                        	0f b7 1e                                          	movzx ebx, word ptr [esi]                         		EAX=00000001, ECX=00000001, EDX=00000000, EBX=b77e6000, ESP=bfc7e040, EBP=bfc7e0a8, ESI=bfc7e042, EDI=00000002
-1	25761	ld-linux.so.2       	b77d16ea	                                        	8d 4b 01                                          	lea ecx, ptr [ebx+0x1]                            		EAX=00000001, ECX=00000001, EDX=00000000, EBX=00000000, ESP=bfc7e040, EBP=bfc7e0a8, ESI=bfc7e042, EDI=00000002
-1	25761	ld-linux.so.2       	b77d16ed	                                        	66 89 4d d2                                       	mov word ptr [ebp-0x2e], cx                       		EAX=00000001, ECX=00000001, EDX=00000000, EBX=00000000, ESP=bfc7e040, EBP=bfc7e0a8, ESI=bfc7e042, EDI=00000002
-1	25761	ld-linux.so.2       	b77d16f1	                                        	66 89 0e                                          	mov word ptr [esi], cx                            		EAX=00000001, ECX=00000001, EDX=00000000, EBX=00000000, ESP=bfc7e040, EBP=bfc7e0a8, ESI=bfc7e042, EDI=00000002
-1	25761	ld-linux.so.2       	b77d16f4	                                        	8d 0c 85 00 00 00 00                              	lea ecx, ptr [eax*4]                              		EAX=00000001, ECX=00000001, EDX=00000000, EBX=00000000, ESP=bfc7e040, EBP=bfc7e0a8, ESI=bfc7e042, EDI=00000002
-1	25761	ld-linux.so.2       	b77d16fb	                                        	8b 45 d8                                          	mov eax, dword ptr [ebp-0x28]                     		EAX=00000001, ECX=00000004, EDX=00000000, EBX=00000000, ESP=bfc7e040, EBP=bfc7e0a8, ESI=bfc7e042, EDI=00000002
-1	25761	ld-linux.so.2       	b77d16fe	                                        	01 c8                                             	add eax, ecx                                      		EAX=bfc7e0c0, ECX=00000004, EDX=00000000, EBX=00000000, ESP=bfc7e040, EBP=bfc7e0a8, ESI=bfc7e042, EDI=00000002
-1	25761	ld-linux.so.2       	b77d1700	                                        	8b 18                                             	mov ebx, dword ptr [eax]                          		EAX=bfc7e0c4, ECX=00000004, EDX=00000000, EBX=00000000, ESP=bfc7e040, EBP=bfc7e0a8, ESI=bfc7e042, EDI=00000002
-1	25761	ld-linux.so.2       	b77d1702	                                        	89 45 d4                                          	mov dword ptr [ebp-0x2c], eax                     		EAX=bfc7e0c4, ECX=00000004, EDX=00000000, EBX=b77e6c08, ESP=bfc7e040, EBP=bfc7e0a8, ESI=bfc7e042, EDI=00000002
-1	25761	ld-linux.so.2       	b77d1705	                                        	3b 5b 14                                          	cmp ebx, dword ptr [ebx+0x14]                     		EAX=bfc7e0c4, ECX=00000004, EDX=00000000, EBX=b77e6c08, ESP=bfc7e040, EBP=bfc7e0a8, ESI=bfc7e042, EDI=00000002
-1	25761	ld-linux.so.2       	b77d1708	                                        	75 a6                                             	jnz 0xb77d16b0                                    		EAX=bfc7e0c4, ECX=00000004, EDX=00000000, EBX=b77e6c08, ESP=bfc7e040, EBP=bfc7e0a8, ESI=bfc7e042, EDI=00000002
-1	25761	ld-linux.so.2       	b77d170a	                                        	83 bb 0c 02 00 00 ff                              	cmp dword ptr [ebx+0x20c], 0xffffffff             		EAX=bfc7e0c4, ECX=00000004, EDX=00000000, EBX=b77e6c08, ESP=bfc7e040, EBP=bfc7e0a8, ESI=bfc7e042, EDI=00000002
-1	25761	ld-linux.so.2       	b77d1711	                                        	74 9d                                             	jz 0xb77d16b0                                     		EAX=bfc7e0c4, ECX=00000004, EDX=00000000, EBX=b77e6c08, ESP=bfc7e040, EBP=bfc7e0a8, ESI=bfc7e042, EDI=00000002
-1	25761	ld-linux.so.2       	b77d1713	                                        	8b 45 e0                                          	mov eax, dword ptr [ebp-0x20]                     		EAX=bfc7e0c4, ECX=00000004, EDX=00000000, EBX=b77e6c08, ESP=bfc7e040, EBP=bfc7e0a8, ESI=bfc7e042, EDI=00000002
-1	25761	ld-linux.so.2       	b77d1716	                                        	83 e8 01                                          	sub eax, 0x1                                      		EAX=00000004, ECX=00000004, EDX=00000000, EBX=b77e6c08, ESP=bfc7e040, EBP=bfc7e0a8, ESI=bfc7e042, EDI=00000002
-1	25761	ld-linux.so.2       	b77d1719	                                        	39 45 e4                                          	cmp dword ptr [ebp-0x1c], eax                     		EAX=00000003, ECX=00000004, EDX=00000000, EBX=b77e6c08, ESP=bfc7e040, EBP=bfc7e0a8, ESI=bfc7e042, EDI=00000002
-1	25761	ld-linux.so.2       	b77d171c	                                        	89 45 c8                                          	mov dword ptr [ebp-0x38], eax                     		EAX=00000003, ECX=00000004, EDX=00000000, EBX=b77e6c08, ESP=bfc7e040, EBP=bfc7e0a8, ESI=bfc7e042, EDI=00000002
-1	25761	ld-linux.so.2       	b77d171f	                                        	73 8f                                             	jnb 0xb77d16b0                                    		EAX=00000003, ECX=00000004, EDX=00000000, EBX=b77e6c08, ESP=bfc7e040, EBP=bfc7e0a8, ESI=bfc7e042, EDI=00000002
-1	25761	ld-linux.so.2       	b77d1721	                                        	8b 45 b8                                          	mov eax, dword ptr [ebp-0x48]                     		EAX=00000003, ECX=00000004, EDX=00000000, EBX=b77e6c08, ESP=bfc7e040, EBP=bfc7e0a8, ESI=bfc7e042, EDI=00000002
-1	25761	ld-linux.so.2       	b77d1724	                                        	89 4d bc                                          	mov dword ptr [ebp-0x44], ecx                     		EAX=bfc7e0cc, ECX=00000004, EDX=00000000, EBX=b77e6c08, ESP=bfc7e040, EBP=bfc7e0a8, ESI=bfc7e042, EDI=00000002
-1	25761	ld-linux.so.2       	b77d1727	                                        	89 45 c4                                          	mov dword ptr [ebp-0x3c], eax                     		EAX=bfc7e0cc, ECX=00000004, EDX=00000000, EBX=b77e6c08, ESP=bfc7e040, EBP=bfc7e0a8, ESI=bfc7e042, EDI=00000002
-1	25761	ld-linux.so.2       	b77d172a	                                        	8b 45 c4                                          	mov eax, dword ptr [ebp-0x3c]                     		EAX=bfc7e0cc, ECX=00000004, EDX=00000000, EBX=b77e6c08, ESP=bfc7e040, EBP=bfc7e0a8, ESI=bfc7e042, EDI=00000002
-1	25761	ld-linux.so.2       	b77d172d	                                        	8b 08                                             	mov ecx, dword ptr [eax]                          		EAX=bfc7e0cc, ECX=00000004, EDX=00000000, EBX=b77e6c08, ESP=bfc7e040, EBP=bfc7e0a8, ESI=bfc7e042, EDI=00000002
-1	25761	ld-linux.so.2       	b77d172f	                                        	8b 81 f0 01 00 00                                 	mov eax, dword ptr [ecx+0x1f0]                    		EAX=bfc7e0cc, ECX=b77e653c, EDX=00000000, EBX=b77e6c08, ESP=bfc7e040, EBP=bfc7e0a8, ESI=bfc7e042, EDI=00000002
-1	25761	ld-linux.so.2       	b77d1735	                                        	85 c0                                             	test eax, eax                                     		EAX=00000000, ECX=b77e653c, EDX=00000000, EBX=b77e6c08, ESP=bfc7e040, EBP=bfc7e0a8, ESI=bfc7e042, EDI=00000002
-1	25761	ld-linux.so.2       	b77d1737	                                        	0f 84 a3 00 00 00                                 	jz 0xb77d17e0                                     		EAX=00000000, ECX=b77e653c, EDX=00000000, EBX=b77e6c08, ESP=bfc7e040, EBP=bfc7e0a8, ESI=bfc7e042, EDI=00000002
-1	25761	ld-linux.so.2       	b77d17e0	                                        	8b 81 f4 01 00 00                                 	mov eax, dword ptr [ecx+0x1f4]                    		EAX=00000000, ECX=b77e653c, EDX=00000000, EBX=b77e6c08, ESP=bfc7e040, EBP=bfc7e0a8, ESI=bfc7e042, EDI=00000002
-1	25761	ld-linux.so.2       	b77d17e6	                                        	85 c0                                             	test eax, eax                                     		EAX=00000000, ECX=b77e653c, EDX=00000000, EBX=b77e6c08, ESP=bfc7e040, EBP=bfc7e0a8, ESI=bfc7e042, EDI=00000002
-1	25761	ld-linux.so.2       	b77d17e8	                                        	75 4d                                             	jnz 0xb77d1837                                    		EAX=00000000, ECX=b77e653c, EDX=00000000, EBX=b77e6c08, ESP=bfc7e040, EBP=bfc7e0a8, ESI=bfc7e042, EDI=00000002
-1	25761	ld-linux.so.2       	b77d17ea	                                        	83 6d c8 01                                       	sub dword ptr [ebp-0x38], 0x1                     		EAX=00000000, ECX=b77e653c, EDX=00000000, EBX=b77e6c08, ESP=bfc7e040, EBP=bfc7e0a8, ESI=bfc7e042, EDI=00000002
-1	25761	ld-linux.so.2       	b77d17ee	                                        	83 6d c4 04                                       	sub dword ptr [ebp-0x3c], 0x4                     		EAX=00000000, ECX=b77e653c, EDX=00000000, EBX=b77e6c08, ESP=bfc7e040, EBP=bfc7e0a8, ESI=bfc7e042, EDI=00000002
-1	25761	ld-linux.so.2       	b77d17f2	                                        	8b 45 c8                                          	mov eax, dword ptr [ebp-0x38]                     		EAX=00000000, ECX=b77e653c, EDX=00000000, EBX=b77e6c08, ESP=bfc7e040, EBP=bfc7e0a8, ESI=bfc7e042, EDI=00000002
-1	25761	ld-linux.so.2       	b77d17f5	                                        	39 45 e4                                          	cmp dword ptr [ebp-0x1c], eax                     		EAX=00000002, ECX=b77e653c, EDX=00000000, EBX=b77e6c08, ESP=bfc7e040, EBP=bfc7e0a8, ESI=bfc7e042, EDI=00000002
-1	25761	ld-linux.so.2       	b77d17f8	                                        	0f 82 2c ff ff ff                                 	jb 0xb77d172a                                     		EAX=00000002, ECX=b77e653c, EDX=00000000, EBX=b77e6c08, ESP=bfc7e040, EBP=bfc7e0a8, ESI=bfc7e042, EDI=00000002
-1	25761	ld-linux.so.2       	b77d172a	                                        	8b 45 c4                                          	mov eax, dword ptr [ebp-0x3c]                     		EAX=00000002, ECX=b77e653c, EDX=00000000, EBX=b77e6c08, ESP=bfc7e040, EBP=bfc7e0a8, ESI=bfc7e042, EDI=00000002
-1	25761	ld-linux.so.2       	b77d172d	                                        	8b 08                                             	mov ecx, dword ptr [eax]                          		EAX=bfc7e0c8, ECX=b77e653c, EDX=00000000, EBX=b77e6c08, ESP=bfc7e040, EBP=bfc7e0a8, ESI=bfc7e042, EDI=00000002
-1	25761	ld-linux.so.2       	b77d172f	                                        	8b 81 f0 01 00 00                                 	mov eax, dword ptr [ecx+0x1f0]                    		EAX=bfc7e0c8, ECX=b50f71b0, EDX=00000000, EBX=b77e6c08, ESP=bfc7e040, EBP=bfc7e0a8, ESI=bfc7e042, EDI=00000002
-1	25761	ld-linux.so.2       	b77d1735	                                        	85 c0                                             	test eax, eax                                     		EAX=b50f7448, ECX=b50f71b0, EDX=00000000, EBX=b77e6c08, ESP=bfc7e040, EBP=bfc7e0a8, ESI=bfc7e042, EDI=00000002
-1	25761	ld-linux.so.2       	b77d1737	                                        	0f 84 a3 00 00 00                                 	jz 0xb77d17e0                                     		EAX=b50f7448, ECX=b50f71b0, EDX=00000000, EBX=b77e6c08, ESP=bfc7e040, EBP=bfc7e0a8, ESI=bfc7e042, EDI=00000002
-1	25761	ld-linux.so.2       	b77d173d	                                        	8d 76 00                                          	lea esi, ptr [esi]                                		EAX=b50f7448, ECX=b50f71b0, EDX=00000000, EBX=b77e6c08, ESP=bfc7e040, EBP=bfc7e0a8, ESI=bfc7e042, EDI=00000002
-1	25761	ld-linux.so.2       	b77d1740	                                        	8b 10                                             	mov edx, dword ptr [eax]                          		EAX=b50f7448, ECX=b50f71b0, EDX=00000000, EBX=b77e6c08, ESP=bfc7e040, EBP=bfc7e0a8, ESI=bfc7e042, EDI=00000002
-1	25761	ld-linux.so.2       	b77d1742	                                        	85 d2                                             	test edx, edx                                     		EAX=b50f7448, ECX=b50f71b0, EDX=b50f71b0, EBX=b77e6c08, ESP=bfc7e040, EBP=bfc7e0a8, ESI=bfc7e042, EDI=00000002
-1	25761	ld-linux.so.2       	b77d1744	                                        	0f 84 96 00 00 00                                 	jz 0xb77d17e0                                     		EAX=b50f7448, ECX=b50f71b0, EDX=b50f71b0, EBX=b77e6c08, ESP=bfc7e040, EBP=bfc7e0a8, ESI=bfc7e042, EDI=00000002
-1	25761	ld-linux.so.2       	b77d174a	                                        	83 c0 04                                          	add eax, 0x4                                      		EAX=b50f7448, ECX=b50f71b0, EDX=b50f71b0, EBX=b77e6c08, ESP=bfc7e040, EBP=bfc7e0a8, ESI=bfc7e042, EDI=00000002
-1	25761	ld-linux.so.2       	b77d174d	                                        	39 d3                                             	cmp ebx, edx                                      		EAX=b50f744c, ECX=b50f71b0, EDX=b50f71b0, EBX=b77e6c08, ESP=bfc7e040, EBP=bfc7e0a8, ESI=bfc7e042, EDI=00000002
-1	25761	ld-linux.so.2       	b77d174f	                                        	75 ef                                             	jnz 0xb77d1740                                    		EAX=b50f744c, ECX=b50f71b0, EDX=b50f71b0, EBX=b77e6c08, ESP=bfc7e040, EBP=bfc7e0a8, ESI=bfc7e042, EDI=00000002
-1	25761	ld-linux.so.2       	b77d1740	                                        	8b 10                                             	mov edx, dword ptr [eax]                          		EAX=b50f744c, ECX=b50f71b0, EDX=b50f71b0, EBX=b77e6c08, ESP=bfc7e040, EBP=bfc7e0a8, ESI=bfc7e042, EDI=00000002
-1	25761	ld-linux.so.2       	b77d1742	                                        	85 d2                                             	test edx, edx                                     		EAX=b50f744c, ECX=b50f71b0, EDX=b77e653c, EBX=b77e6c08, ESP=bfc7e040, EBP=bfc7e0a8, ESI=bfc7e042, EDI=00000002
-1	25761	ld-linux.so.2       	b77d1744	                                        	0f 84 96 00 00 00                                 	jz 0xb77d17e0                                     		EAX=b50f744c, ECX=b50f71b0, EDX=b77e653c, EBX=b77e6c08, ESP=bfc7e040, EBP=bfc7e0a8, ESI=bfc7e042, EDI=00000002
-1	25761	ld-linux.so.2       	b77d174a	                                        	83 c0 04                                          	add eax, 0x4                                      		EAX=b50f744c, ECX=b50f71b0, EDX=b77e653c, EBX=b77e6c08, ESP=bfc7e040, EBP=bfc7e0a8, ESI=bfc7e042, EDI=00000002
-1	25761	ld-linux.so.2       	b77d174d	                                        	39 d3                                             	cmp ebx, edx                                      		EAX=b50f7450, ECX=b50f71b0, EDX=b77e653c, EBX=b77e6c08, ESP=bfc7e040, EBP=bfc7e0a8, ESI=bfc7e042, EDI=00000002
-1	25761	ld-linux.so.2       	b77d174f	                                        	75 ef                                             	jnz 0xb77d1740                                    		EAX=b50f7450, ECX=b50f71b0, EDX=b77e653c, EBX=b77e6c08, ESP=bfc7e040, EBP=bfc7e0a8, ESI=bfc7e042, EDI=00000002
-1	25761	ld-linux.so.2       	b77d1740	                                        	8b 10                                             	mov edx, dword ptr [eax]                          		EAX=b50f7450, ECX=b50f71b0, EDX=b77e653c, EBX=b77e6c08, ESP=bfc7e040, EBP=bfc7e0a8, ESI=bfc7e042, EDI=00000002
-1	25761	ld-linux.so.2       	b77d1742	                                        	85 d2                                             	test edx, edx                                     		EAX=b50f7450, ECX=b50f71b0, EDX=00000000, EBX=b77e6c08, ESP=bfc7e040, EBP=bfc7e0a8, ESI=bfc7e042, EDI=00000002
-1	25761	ld-linux.so.2       	b77d1744	                                        	0f 84 96 00 00 00                                 	jz 0xb77d17e0                                     		EAX=b50f7450, ECX=b50f71b0, EDX=00000000, EBX=b77e6c08, ESP=bfc7e040, EBP=bfc7e0a8, ESI=bfc7e042, EDI=00000002
-1	25761	ld-linux.so.2       	b77d17e0	                                        	8b 81 f4 01 00 00                                 	mov eax, dword ptr [ecx+0x1f4]                    		EAX=b50f7450, ECX=b50f71b0, EDX=00000000, EBX=b77e6c08, ESP=bfc7e040, EBP=bfc7e0a8, ESI=bfc7e042, EDI=00000002
-1	25761	ld-linux.so.2       	b77d17e6	                                        	85 c0                                             	test eax, eax                                     		EAX=00000000, ECX=b50f71b0, EDX=00000000, EBX=b77e6c08, ESP=bfc7e040, EBP=bfc7e0a8, ESI=bfc7e042, EDI=00000002
-1	25761	ld-linux.so.2       	b77d17e8	                                        	75 4d                                             	jnz 0xb77d1837                                    		EAX=00000000, ECX=b50f71b0, EDX=00000000, EBX=b77e6c08, ESP=bfc7e040, EBP=bfc7e0a8, ESI=bfc7e042, EDI=00000002
-1	25761	ld-linux.so.2       	b77d17ea	                                        	83 6d c8 01                                       	sub dword ptr [ebp-0x38], 0x1                     		EAX=00000000, ECX=b50f71b0, EDX=00000000, EBX=b77e6c08, ESP=bfc7e040, EBP=bfc7e0a8, ESI=bfc7e042, EDI=00000002
-1	25761	ld-linux.so.2       	b77d17ee	                                        	83 6d c4 04                                       	sub dword ptr [ebp-0x3c], 0x4                     		EAX=00000000, ECX=b50f71b0, EDX=00000000, EBX=b77e6c08, ESP=bfc7e040, EBP=bfc7e0a8, ESI=bfc7e042, EDI=00000002
-1	25761	ld-linux.so.2       	b77d17f2	                                        	8b 45 c8                                          	mov eax, dword ptr [ebp-0x38]                     		EAX=00000000, ECX=b50f71b0, EDX=00000000, EBX=b77e6c08, ESP=bfc7e040, EBP=bfc7e0a8, ESI=bfc7e042, EDI=00000002
-1	25761	ld-linux.so.2       	b77d17f5	                                        	39 45 e4                                          	cmp dword ptr [ebp-0x1c], eax                     		EAX=00000001, ECX=b50f71b0, EDX=00000000, EBX=b77e6c08, ESP=bfc7e040, EBP=bfc7e0a8, ESI=bfc7e042, EDI=00000002
-1	25761	ld-linux.so.2       	b77d17f8	                                        	0f 82 2c ff ff ff                                 	jb 0xb77d172a                                     		EAX=00000001, ECX=b50f71b0, EDX=00000000, EBX=b77e6c08, ESP=bfc7e040, EBP=bfc7e0a8, ESI=bfc7e042, EDI=00000002
-1	25761	ld-linux.so.2       	b77d17fe	                                        	e9 ad fe ff ff                                    	jmp 0xb77d16b0                                    		EAX=00000001, ECX=b50f71b0, EDX=00000000, EBX=b77e6c08, ESP=bfc7e040, EBP=bfc7e0a8, ESI=bfc7e042, EDI=00000002
-1	25761	ld-linux.so.2       	b77d16b0	                                        	39 7d e0                                          	cmp dword ptr [ebp-0x20], edi                     		EAX=00000001, ECX=b50f71b0, EDX=00000000, EBX=b77e6c08, ESP=bfc7e040, EBP=bfc7e0a8, ESI=bfc7e042, EDI=00000002
-1	25761	ld-linux.so.2       	b77d16b3	                                        	89 7d e4                                          	mov dword ptr [ebp-0x1c], edi                     		EAX=00000001, ECX=b50f71b0, EDX=00000000, EBX=b77e6c08, ESP=bfc7e040, EBP=bfc7e0a8, ESI=bfc7e042, EDI=00000002
-1	25761	ld-linux.so.2       	b77d16b6	                                        	0f 84 14 01 00 00                                 	jz 0xb77d17d0                                     		EAX=00000001, ECX=b50f71b0, EDX=00000000, EBX=b77e6c08, ESP=bfc7e040, EBP=bfc7e0a8, ESI=bfc7e042, EDI=00000002
-1	25761	ld-linux.so.2       	b77d16bc	                                        	8b 45 e0                                          	mov eax, dword ptr [ebp-0x20]                     		EAX=00000001, ECX=b50f71b0, EDX=00000000, EBX=b77e6c08, ESP=bfc7e040, EBP=bfc7e0a8, ESI=bfc7e042, EDI=00000002
-1	25761	ld-linux.so.2       	b77d16bf	                                        	8b 75 dc                                          	mov esi, dword ptr [ebp-0x24]                     		EAX=00000004, ECX=b50f71b0, EDX=00000000, EBX=b77e6c08, ESP=bfc7e040, EBP=bfc7e0a8, ESI=bfc7e042, EDI=00000002
-1	25761	ld-linux.so.2       	b77d16c2	                                        	83 ec 04                                          	sub esp, 0x4                                      		EAX=00000004, ECX=b50f71b0, EDX=00000000, EBX=b77e6c08, ESP=bfc7e040, EBP=bfc7e0a8, ESI=bfc7e040, EDI=00000002
-1	25761	ld-linux.so.2       	b77d16c5	                                        	8b 5d cc                                          	mov ebx, dword ptr [ebp-0x34]                     		EAX=00000004, ECX=b50f71b0, EDX=00000000, EBX=b77e6c08, ESP=bfc7e03c, EBP=bfc7e0a8, ESI=bfc7e040, EDI=00000002
-1	25761	ld-linux.so.2       	b77d16c8	                                        	8d 14 7e                                          	lea edx, ptr [esi+edi*2]                          		EAX=00000004, ECX=b50f71b0, EDX=00000000, EBX=b77e6000, ESP=bfc7e03c, EBP=bfc7e0a8, ESI=bfc7e040, EDI=00000002
-1	25761	ld-linux.so.2       	b77d16cb	                                        	29 f8                                             	sub eax, edi                                      		EAX=00000004, ECX=b50f71b0, EDX=bfc7e044, EBX=b77e6000, ESP=bfc7e03c, EBP=bfc7e0a8, ESI=bfc7e040, EDI=00000002
-1	25761	ld-linux.so.2       	b77d16cd	                                        	83 c7 01                                          	add edi, 0x1                                      		EAX=00000002, ECX=b50f71b0, EDX=bfc7e044, EBX=b77e6000, ESP=bfc7e03c, EBP=bfc7e0a8, ESI=bfc7e040, EDI=00000002
-1	25761	ld-linux.so.2       	b77d16d0	                                        	01 c0                                             	add eax, eax                                      		EAX=00000002, ECX=b50f71b0, EDX=bfc7e044, EBX=b77e6000, ESP=bfc7e03c, EBP=bfc7e0a8, ESI=bfc7e040, EDI=00000003
-1	25761	ld-linux.so.2       	b77d16d2	                                        	50                                                	push eax                                          		EAX=00000004, ECX=b50f71b0, EDX=bfc7e044, EBX=b77e6000, ESP=bfc7e03c, EBP=bfc7e0a8, ESI=bfc7e040, EDI=00000003
-1	25761	ld-linux.so.2       	b77d16d3	                                        	6a 00                                             	push 0x0                                          		EAX=00000004, ECX=b50f71b0, EDX=bfc7e044, EBX=b77e6000, ESP=bfc7e038, EBP=bfc7e0a8, ESI=bfc7e040, EDI=00000003
-1	25761	ld-linux.so.2       	b77d16d5	                                        	52                                                	push edx                                          		EAX=00000004, ECX=b50f71b0, EDX=bfc7e044, EBX=b77e6000, ESP=bfc7e034, EBP=bfc7e0a8, ESI=bfc7e040, EDI=00000003
-1	25761	ld-linux.so.2       	b77d16d6	                                        	e8 95 9f 00 00                                    	call 0xb77db670                                   		EAX=00000004, ECX=b50f71b0, EDX=bfc7e044, EBX=b77e6000, ESP=bfc7e030, EBP=bfc7e0a8, ESI=bfc7e040, EDI=00000003
-1	25761	ld-linux.so.2       	b77d16db	                                        	83 c4 10                                          	add esp, 0x10                                     		EAX=bfc7e044, ECX=00000000, EDX=00000000, EBX=b77e6000, ESP=bfc7e030, EBP=bfc7e0a8, ESI=bfc7e040, EDI=00000003
-1	25761	ld-linux.so.2       	b77d16de	                                        	8b 45 e4                                          	mov eax, dword ptr [ebp-0x1c]                     		EAX=bfc7e044, ECX=00000000, EDX=00000000, EBX=b77e6000, ESP=bfc7e040, EBP=bfc7e0a8, ESI=bfc7e040, EDI=00000003
-1	25761	ld-linux.so.2       	b77d16e1	                                        	8b 75 dc                                          	mov esi, dword ptr [ebp-0x24]                     		EAX=00000002, ECX=00000000, EDX=00000000, EBX=b77e6000, ESP=bfc7e040, EBP=bfc7e0a8, ESI=bfc7e040, EDI=00000003
-1	25761	ld-linux.so.2       	b77d16e4	                                        	8d 34 46                                          	lea esi, ptr [esi+eax*2]                          		EAX=00000002, ECX=00000000, EDX=00000000, EBX=b77e6000, ESP=bfc7e040, EBP=bfc7e0a8, ESI=bfc7e040, EDI=00000003
-1	25761	ld-linux.so.2       	b77d16e7	                                        	0f b7 1e                                          	movzx ebx, word ptr [esi]                         		EAX=00000002, ECX=00000000, EDX=00000000, EBX=b77e6000, ESP=bfc7e040, EBP=bfc7e0a8, ESI=bfc7e044, EDI=00000003
-1	25761	ld-linux.so.2       	b77d16ea	                                        	8d 4b 01                                          	lea ecx, ptr [ebx+0x1]                            		EAX=00000002, ECX=00000000, EDX=00000000, EBX=00000000, ESP=bfc7e040, EBP=bfc7e0a8, ESI=bfc7e044, EDI=00000003
-1	25761	ld-linux.so.2       	b77d16ed	                                        	66 89 4d d2                                       	mov word ptr [ebp-0x2e], cx                       		EAX=00000002, ECX=00000001, EDX=00000000, EBX=00000000, ESP=bfc7e040, EBP=bfc7e0a8, ESI=bfc7e044, EDI=00000003
-1	25761	ld-linux.so.2       	b77d16f1	                                        	66 89 0e                                          	mov word ptr [esi], cx                            		EAX=00000002, ECX=00000001, EDX=00000000, EBX=00000000, ESP=bfc7e040, EBP=bfc7e0a8, ESI=bfc7e044, EDI=00000003
-1	25761	ld-linux.so.2       	b77d16f4	                                        	8d 0c 85 00 00 00 00                              	lea ecx, ptr [eax*4]                              		EAX=00000002, ECX=00000001, EDX=00000000, EBX=00000000, ESP=bfc7e040, EBP=bfc7e0a8, ESI=bfc7e044, EDI=00000003
-1	25761	ld-linux.so.2       	b77d16fb	                                        	8b 45 d8                                          	mov eax, dword ptr [ebp-0x28]                     		EAX=00000002, ECX=00000008, EDX=00000000, EBX=00000000, ESP=bfc7e040, EBP=bfc7e0a8, ESI=bfc7e044, EDI=00000003
-1	25761	ld-linux.so.2       	b77d16fe	                                        	01 c8                                             	add eax, ecx                                      		EAX=bfc7e0c0, ECX=00000008, EDX=00000000, EBX=00000000, ESP=bfc7e040, EBP=bfc7e0a8, ESI=bfc7e044, EDI=00000003
-1	25761	ld-linux.so.2       	b77d1700	                                        	8b 18                                             	mov ebx, dword ptr [eax]                          		EAX=bfc7e0c8, ECX=00000008, EDX=00000000, EBX=00000000, ESP=bfc7e040, EBP=bfc7e0a8, ESI=bfc7e044, EDI=00000003
-1	25761	ld-linux.so.2       	b77d1702	                                        	89 45 d4                                          	mov dword ptr [ebp-0x2c], eax                     		EAX=bfc7e0c8, ECX=00000008, EDX=00000000, EBX=b50f71b0, ESP=bfc7e040, EBP=bfc7e0a8, ESI=bfc7e044, EDI=00000003
-1	25761	ld-linux.so.2       	b77d1705	                                        	3b 5b 14                                          	cmp ebx, dword ptr [ebx+0x14]                     		EAX=bfc7e0c8, ECX=00000008, EDX=00000000, EBX=b50f71b0, ESP=bfc7e040, EBP=bfc7e0a8, ESI=bfc7e044, EDI=00000003
-1	25761	ld-linux.so.2       	b77d1708	                                        	75 a6                                             	jnz 0xb77d16b0                                    		EAX=bfc7e0c8, ECX=00000008, EDX=00000000, EBX=b50f71b0, ESP=bfc7e040, EBP=bfc7e0a8, ESI=bfc7e044, EDI=00000003
-1	25761	ld-linux.so.2       	b77d170a	                                        	83 bb 0c 02 00 00 ff                              	cmp dword ptr [ebx+0x20c], 0xffffffff             		EAX=bfc7e0c8, ECX=00000008, EDX=00000000, EBX=b50f71b0, ESP=bfc7e040, EBP=bfc7e0a8, ESI=bfc7e044, EDI=00000003
-1	25761	ld-linux.so.2       	b77d1711	                                        	74 9d                                             	jz 0xb77d16b0                                     		EAX=bfc7e0c8, ECX=00000008, EDX=00000000, EBX=b50f71b0, ESP=bfc7e040, EBP=bfc7e0a8, ESI=bfc7e044, EDI=00000003
-1	25761	ld-linux.so.2       	b77d1713	                                        	8b 45 e0                                          	mov eax, dword ptr [ebp-0x20]                     		EAX=bfc7e0c8, ECX=00000008, EDX=00000000, EBX=b50f71b0, ESP=bfc7e040, EBP=bfc7e0a8, ESI=bfc7e044, EDI=00000003
-1	25761	ld-linux.so.2       	b77d1716	                                        	83 e8 01                                          	sub eax, 0x1                                      		EAX=00000004, ECX=00000008, EDX=00000000, EBX=b50f71b0, ESP=bfc7e040, EBP=bfc7e0a8, ESI=bfc7e044, EDI=00000003
-1	25761	ld-linux.so.2       	b77d1719	                                        	39 45 e4                                          	cmp dword ptr [ebp-0x1c], eax                     		EAX=00000003, ECX=00000008, EDX=00000000, EBX=b50f71b0, ESP=bfc7e040, EBP=bfc7e0a8, ESI=bfc7e044, EDI=00000003
-1	25761	ld-linux.so.2       	b77d171c	                                        	89 45 c8                                          	mov dword ptr [ebp-0x38], eax                     		EAX=00000003, ECX=00000008, EDX=00000000, EBX=b50f71b0, ESP=bfc7e040, EBP=bfc7e0a8, ESI=bfc7e044, EDI=00000003
-1	25761	ld-linux.so.2       	b77d171f	                                        	73 8f                                             	jnb 0xb77d16b0                                    		EAX=00000003, ECX=00000008, EDX=00000000, EBX=b50f71b0, ESP=bfc7e040, EBP=bfc7e0a8, ESI=bfc7e044, EDI=00000003
-1	25761	ld-linux.so.2       	b77d1721	                                        	8b 45 b8                                          	mov eax, dword ptr [ebp-0x48]                     		EAX=00000003, ECX=00000008, EDX=00000000, EBX=b50f71b0, ESP=bfc7e040, EBP=bfc7e0a8, ESI=bfc7e044, EDI=00000003
-1	25761	ld-linux.so.2       	b77d1724	                                        	89 4d bc                                          	mov dword ptr [ebp-0x44], ecx                     		EAX=bfc7e0cc, ECX=00000008, EDX=00000000, EBX=b50f71b0, ESP=bfc7e040, EBP=bfc7e0a8, ESI=bfc7e044, EDI=00000003
-1	25761	ld-linux.so.2       	b77d1727	                                        	89 45 c4                                          	mov dword ptr [ebp-0x3c], eax                     		EAX=bfc7e0cc, ECX=00000008, EDX=00000000, EBX=b50f71b0, ESP=bfc7e040, EBP=bfc7e0a8, ESI=bfc7e044, EDI=00000003
-1	25761	ld-linux.so.2       	b77d172a	                                        	8b 45 c4                                          	mov eax, dword ptr [ebp-0x3c]                     		EAX=bfc7e0cc, ECX=00000008, EDX=00000000, EBX=b50f71b0, ESP=bfc7e040, EBP=bfc7e0a8, ESI=bfc7e044, EDI=00000003
-1	25761	ld-linux.so.2       	b77d172d	                                        	8b 08                                             	mov ecx, dword ptr [eax]                          		EAX=bfc7e0cc, ECX=00000008, EDX=00000000, EBX=b50f71b0, ESP=bfc7e040, EBP=bfc7e0a8, ESI=bfc7e044, EDI=00000003
-1	25761	ld-linux.so.2       	b77d172f	                                        	8b 81 f0 01 00 00                                 	mov eax, dword ptr [ecx+0x1f0]                    		EAX=bfc7e0cc, ECX=b77e653c, EDX=00000000, EBX=b50f71b0, ESP=bfc7e040, EBP=bfc7e0a8, ESI=bfc7e044, EDI=00000003
-1	25761	ld-linux.so.2       	b77d1735	                                        	85 c0                                             	test eax, eax                                     		EAX=00000000, ECX=b77e653c, EDX=00000000, EBX=b50f71b0, ESP=bfc7e040, EBP=bfc7e0a8, ESI=bfc7e044, EDI=00000003
-1	25761	ld-linux.so.2       	b77d1737	                                        	0f 84 a3 00 00 00                                 	jz 0xb77d17e0                                     		EAX=00000000, ECX=b77e653c, EDX=00000000, EBX=b50f71b0, ESP=bfc7e040, EBP=bfc7e0a8, ESI=bfc7e044, EDI=00000003
-1	25761	ld-linux.so.2       	b77d17e0	                                        	8b 81 f4 01 00 00                                 	mov eax, dword ptr [ecx+0x1f4]                    		EAX=00000000, ECX=b77e653c, EDX=00000000, EBX=b50f71b0, ESP=bfc7e040, EBP=bfc7e0a8, ESI=bfc7e044, EDI=00000003
-1	25761	ld-linux.so.2       	b77d17e6	                                        	85 c0                                             	test eax, eax                                     		EAX=00000000, ECX=b77e653c, EDX=00000000, EBX=b50f71b0, ESP=bfc7e040, EBP=bfc7e0a8, ESI=bfc7e044, EDI=00000003
-1	25761	ld-linux.so.2       	b77d17e8	                                        	75 4d                                             	jnz 0xb77d1837                                    		EAX=00000000, ECX=b77e653c, EDX=00000000, EBX=b50f71b0, ESP=bfc7e040, EBP=bfc7e0a8, ESI=bfc7e044, EDI=00000003
-1	25761	ld-linux.so.2       	b77d17ea	                                        	83 6d c8 01                                       	sub dword ptr [ebp-0x38], 0x1                     		EAX=00000000, ECX=b77e653c, EDX=00000000, EBX=b50f71b0, ESP=bfc7e040, EBP=bfc7e0a8, ESI=bfc7e044, EDI=00000003
-1	25761	ld-linux.so.2       	b77d17ee	                                        	83 6d c4 04                                       	sub dword ptr [ebp-0x3c], 0x4                     		EAX=00000000, ECX=b77e653c, EDX=00000000, EBX=b50f71b0, ESP=bfc7e040, EBP=bfc7e0a8, ESI=bfc7e044, EDI=00000003
-1	25761	ld-linux.so.2       	b77d17f2	                                        	8b 45 c8                                          	mov eax, dword ptr [ebp-0x38]                     		EAX=00000000, ECX=b77e653c, EDX=00000000, EBX=b50f71b0, ESP=bfc7e040, EBP=bfc7e0a8, ESI=bfc7e044, EDI=00000003
-1	25761	ld-linux.so.2       	b77d17f5	                                        	39 45 e4                                          	cmp dword ptr [ebp-0x1c], eax                     		EAX=00000002, ECX=b77e653c, EDX=00000000, EBX=b50f71b0, ESP=bfc7e040, EBP=bfc7e0a8, ESI=bfc7e044, EDI=00000003
-1	25761	ld-linux.so.2       	b77d17f8	                                        	0f 82 2c ff ff ff                                 	jb 0xb77d172a                                     		EAX=00000002, ECX=b77e653c, EDX=00000000, EBX=b50f71b0, ESP=bfc7e040, EBP=bfc7e0a8, ESI=bfc7e044, EDI=00000003
-1	25761	ld-linux.so.2       	b77d17fe	                                        	e9 ad fe ff ff                                    	jmp 0xb77d16b0                                    		EAX=00000002, ECX=b77e653c, EDX=00000000, EBX=b50f71b0, ESP=bfc7e040, EBP=bfc7e0a8, ESI=bfc7e044, EDI=00000003
-1	25761	ld-linux.so.2       	b77d16b0	                                        	39 7d e0                                          	cmp dword ptr [ebp-0x20], edi                     		EAX=00000002, ECX=b77e653c, EDX=00000000, EBX=b50f71b0, ESP=bfc7e040, EBP=bfc7e0a8, ESI=bfc7e044, EDI=00000003
-1	25761	ld-linux.so.2       	b77d16b3	                                        	89 7d e4                                          	mov dword ptr [ebp-0x1c], edi                     		EAX=00000002, ECX=b77e653c, EDX=00000000, EBX=b50f71b0, ESP=bfc7e040, EBP=bfc7e0a8, ESI=bfc7e044, EDI=00000003
-1	25761	ld-linux.so.2       	b77d16b6	                                        	0f 84 14 01 00 00                                 	jz 0xb77d17d0                                     		EAX=00000002, ECX=b77e653c, EDX=00000000, EBX=b50f71b0, ESP=bfc7e040, EBP=bfc7e0a8, ESI=bfc7e044, EDI=00000003
-1	25761	ld-linux.so.2       	b77d16bc	                                        	8b 45 e0                                          	mov eax, dword ptr [ebp-0x20]                     		EAX=00000002, ECX=b77e653c, EDX=00000000, EBX=b50f71b0, ESP=bfc7e040, EBP=bfc7e0a8, ESI=bfc7e044, EDI=00000003
-1	25761	ld-linux.so.2       	b77d16bf	                                        	8b 75 dc                                          	mov esi, dword ptr [ebp-0x24]                     		EAX=00000004, ECX=b77e653c, EDX=00000000, EBX=b50f71b0, ESP=bfc7e040, EBP=bfc7e0a8, ESI=bfc7e044, EDI=00000003
-1	25761	ld-linux.so.2       	b77d16c2	                                        	83 ec 04                                          	sub esp, 0x4                                      		EAX=00000004, ECX=b77e653c, EDX=00000000, EBX=b50f71b0, ESP=bfc7e040, EBP=bfc7e0a8, ESI=bfc7e040, EDI=00000003
-1	25761	ld-linux.so.2       	b77d16c5	                                        	8b 5d cc                                          	mov ebx, dword ptr [ebp-0x34]                     		EAX=00000004, ECX=b77e653c, EDX=00000000, EBX=b50f71b0, ESP=bfc7e03c, EBP=bfc7e0a8, ESI=bfc7e040, EDI=00000003
-1	25761	ld-linux.so.2       	b77d16c8	                                        	8d 14 7e                                          	lea edx, ptr [esi+edi*2]                          		EAX=00000004, ECX=b77e653c, EDX=00000000, EBX=b77e6000, ESP=bfc7e03c, EBP=bfc7e0a8, ESI=bfc7e040, EDI=00000003
-1	25761	ld-linux.so.2       	b77d16cb	                                        	29 f8                                             	sub eax, edi                                      		EAX=00000004, ECX=b77e653c, EDX=bfc7e046, EBX=b77e6000, ESP=bfc7e03c, EBP=bfc7e0a8, ESI=bfc7e040, EDI=00000003
-1	25761	ld-linux.so.2       	b77d16cd	                                        	83 c7 01                                          	add edi, 0x1                                      		EAX=00000001, ECX=b77e653c, EDX=bfc7e046, EBX=b77e6000, ESP=bfc7e03c, EBP=bfc7e0a8, ESI=bfc7e040, EDI=00000003
-1	25761	ld-linux.so.2       	b77d16d0	                                        	01 c0                                             	add eax, eax                                      		EAX=00000001, ECX=b77e653c, EDX=bfc7e046, EBX=b77e6000, ESP=bfc7e03c, EBP=bfc7e0a8, ESI=bfc7e040, EDI=00000004
-1	25761	ld-linux.so.2       	b77d16d2	                                        	50                                                	push eax                                          		EAX=00000002, ECX=b77e653c, EDX=bfc7e046, EBX=b77e6000, ESP=bfc7e03c, EBP=bfc7e0a8, ESI=bfc7e040, EDI=00000004
-1	25761	ld-linux.so.2       	b77d16d3	                                        	6a 00                                             	push 0x0                                          		EAX=00000002, ECX=b77e653c, EDX=bfc7e046, EBX=b77e6000, ESP=bfc7e038, EBP=bfc7e0a8, ESI=bfc7e040, EDI=00000004
-1	25761	ld-linux.so.2       	b77d16d5	                                        	52                                                	push edx                                          		EAX=00000002, ECX=b77e653c, EDX=bfc7e046, EBX=b77e6000, ESP=bfc7e034, EBP=bfc7e0a8, ESI=bfc7e040, EDI=00000004
-1	25761	ld-linux.so.2       	b77d16d6	                                        	e8 95 9f 00 00                                    	call 0xb77db670                                   		EAX=00000002, ECX=b77e653c, EDX=bfc7e046, EBX=b77e6000, ESP=bfc7e030, EBP=bfc7e0a8, ESI=bfc7e040, EDI=00000004
-1	25761	ld-linux.so.2       	b77db68a	                                        	aa                                                	stosb byte ptr [edi]                              		EAX=00000000, ECX=00000002, EDX=00000002, EBX=b77e6000, ESP=bfc7e028, EBP=bfc7e0a8, ESI=bfc7e040, EDI=bfc7e046
-1	25761	ld-linux.so.2       	b77db68b	                                        	49                                                	dec ecx                                           		EAX=00000000, ECX=00000002, EDX=00000002, EBX=b77e6000, ESP=bfc7e028, EBP=bfc7e0a8, ESI=bfc7e040, EDI=bfc7e047
-1	25761	ld-linux.so.2       	b77db68c	                                        	74 1f                                             	jz 0xb77db6ad                                     		EAX=00000000, ECX=00000001, EDX=00000002, EBX=b77e6000, ESP=bfc7e028, EBP=bfc7e0a8, ESI=bfc7e040, EDI=bfc7e047
-1	25761	ld-linux.so.2       	b77db68e	                                        	aa                                                	stosb byte ptr [edi]                              		EAX=00000000, ECX=00000001, EDX=00000002, EBX=b77e6000, ESP=bfc7e028, EBP=bfc7e0a8, ESI=bfc7e040, EDI=bfc7e047
-1	25761	ld-linux.so.2       	b77db68f	                                        	49                                                	dec ecx                                           		EAX=00000000, ECX=00000001, EDX=00000002, EBX=b77e6000, ESP=bfc7e028, EBP=bfc7e0a8, ESI=bfc7e040, EDI=bfc7e048
-1	25761	ld-linux.so.2       	b77db690	                                        	74 1b                                             	jz 0xb77db6ad                                     		EAX=00000000, ECX=00000000, EDX=00000002, EBX=b77e6000, ESP=bfc7e028, EBP=bfc7e0a8, ESI=bfc7e040, EDI=bfc7e048
-1	25761	ld-linux.so.2       	b77d16db	                                        	83 c4 10                                          	add esp, 0x10                                     		EAX=bfc7e046, ECX=00000000, EDX=00000002, EBX=b77e6000, ESP=bfc7e030, EBP=bfc7e0a8, ESI=bfc7e040, EDI=00000004
-1	25761	ld-linux.so.2       	b77d16de	                                        	8b 45 e4                                          	mov eax, dword ptr [ebp-0x1c]                     		EAX=bfc7e046, ECX=00000000, EDX=00000002, EBX=b77e6000, ESP=bfc7e040, EBP=bfc7e0a8, ESI=bfc7e040, EDI=00000004
-1	25761	ld-linux.so.2       	b77d16e1	                                        	8b 75 dc                                          	mov esi, dword ptr [ebp-0x24]                     		EAX=00000003, ECX=00000000, EDX=00000002, EBX=b77e6000, ESP=bfc7e040, EBP=bfc7e0a8, ESI=bfc7e040, EDI=00000004
-1	25761	ld-linux.so.2       	b77d16e4	                                        	8d 34 46                                          	lea esi, ptr [esi+eax*2]                          		EAX=00000003, ECX=00000000, EDX=00000002, EBX=b77e6000, ESP=bfc7e040, EBP=bfc7e0a8, ESI=bfc7e040, EDI=00000004
-1	25761	ld-linux.so.2       	b77d16e7	                                        	0f b7 1e                                          	movzx ebx, word ptr [esi]                         		EAX=00000003, ECX=00000000, EDX=00000002, EBX=b77e6000, ESP=bfc7e040, EBP=bfc7e0a8, ESI=bfc7e046, EDI=00000004
-1	25761	ld-linux.so.2       	b77d16ea	                                        	8d 4b 01                                          	lea ecx, ptr [ebx+0x1]                            		EAX=00000003, ECX=00000000, EDX=00000002, EBX=00000000, ESP=bfc7e040, EBP=bfc7e0a8, ESI=bfc7e046, EDI=00000004
-1	25761	ld-linux.so.2       	b77d16ed	                                        	66 89 4d d2                                       	mov word ptr [ebp-0x2e], cx                       		EAX=00000003, ECX=00000001, EDX=00000002, EBX=00000000, ESP=bfc7e040, EBP=bfc7e0a8, ESI=bfc7e046, EDI=00000004
-1	25761	ld-linux.so.2       	b77d16f1	                                        	66 89 0e                                          	mov word ptr [esi], cx                            		EAX=00000003, ECX=00000001, EDX=00000002, EBX=00000000, ESP=bfc7e040, EBP=bfc7e0a8, ESI=bfc7e046, EDI=00000004
-1	25761	ld-linux.so.2       	b77d16f4	                                        	8d 0c 85 00 00 00 00                              	lea ecx, ptr [eax*4]                              		EAX=00000003, ECX=00000001, EDX=00000002, EBX=00000000, ESP=bfc7e040, EBP=bfc7e0a8, ESI=bfc7e046, EDI=00000004
-1	25761	ld-linux.so.2       	b77d16fb	                                        	8b 45 d8                                          	mov eax, dword ptr [ebp-0x28]                     		EAX=00000003, ECX=0000000c, EDX=00000002, EBX=00000000, ESP=bfc7e040, EBP=bfc7e0a8, ESI=bfc7e046, EDI=00000004
-1	25761	ld-linux.so.2       	b77d16fe	                                        	01 c8                                             	add eax, ecx                                      		EAX=bfc7e0c0, ECX=0000000c, EDX=00000002, EBX=00000000, ESP=bfc7e040, EBP=bfc7e0a8, ESI=bfc7e046, EDI=00000004
-1	25761	ld-linux.so.2       	b77d1700	                                        	8b 18                                             	mov ebx, dword ptr [eax]                          		EAX=bfc7e0cc, ECX=0000000c, EDX=00000002, EBX=00000000, ESP=bfc7e040, EBP=bfc7e0a8, ESI=bfc7e046, EDI=00000004
-1	25761	ld-linux.so.2       	b77d1702	                                        	89 45 d4                                          	mov dword ptr [ebp-0x2c], eax                     		EAX=bfc7e0cc, ECX=0000000c, EDX=00000002, EBX=b77e653c, ESP=bfc7e040, EBP=bfc7e0a8, ESI=bfc7e046, EDI=00000004
-1	25761	ld-linux.so.2       	b77d1705	                                        	3b 5b 14                                          	cmp ebx, dword ptr [ebx+0x14]                     		EAX=bfc7e0cc, ECX=0000000c, EDX=00000002, EBX=b77e653c, ESP=bfc7e040, EBP=bfc7e0a8, ESI=bfc7e046, EDI=00000004
-1	25761	ld-linux.so.2       	b77d1708	                                        	75 a6                                             	jnz 0xb77d16b0                                    		EAX=bfc7e0cc, ECX=0000000c, EDX=00000002, EBX=b77e653c, ESP=bfc7e040, EBP=bfc7e0a8, ESI=bfc7e046, EDI=00000004
-1	25761	ld-linux.so.2       	b77d170a	                                        	83 bb 0c 02 00 00 ff                              	cmp dword ptr [ebx+0x20c], 0xffffffff             		EAX=bfc7e0cc, ECX=0000000c, EDX=00000002, EBX=b77e653c, ESP=bfc7e040, EBP=bfc7e0a8, ESI=bfc7e046, EDI=00000004
-1	25761	ld-linux.so.2       	b77d1711	                                        	74 9d                                             	jz 0xb77d16b0                                     		EAX=bfc7e0cc, ECX=0000000c, EDX=00000002, EBX=b77e653c, ESP=bfc7e040, EBP=bfc7e0a8, ESI=bfc7e046, EDI=00000004
-1	25761	ld-linux.so.2       	b77d1713	                                        	8b 45 e0                                          	mov eax, dword ptr [ebp-0x20]                     		EAX=bfc7e0cc, ECX=0000000c, EDX=00000002, EBX=b77e653c, ESP=bfc7e040, EBP=bfc7e0a8, ESI=bfc7e046, EDI=00000004
-1	25761	ld-linux.so.2       	b77d1716	                                        	83 e8 01                                          	sub eax, 0x1                                      		EAX=00000004, ECX=0000000c, EDX=00000002, EBX=b77e653c, ESP=bfc7e040, EBP=bfc7e0a8, ESI=bfc7e046, EDI=00000004
-1	25761	ld-linux.so.2       	b77d1719	                                        	39 45 e4                                          	cmp dword ptr [ebp-0x1c], eax                     		EAX=00000003, ECX=0000000c, EDX=00000002, EBX=b77e653c, ESP=bfc7e040, EBP=bfc7e0a8, ESI=bfc7e046, EDI=00000004
-1	25761	ld-linux.so.2       	b77d171c	                                        	89 45 c8                                          	mov dword ptr [ebp-0x38], eax                     		EAX=00000003, ECX=0000000c, EDX=00000002, EBX=b77e653c, ESP=bfc7e040, EBP=bfc7e0a8, ESI=bfc7e046, EDI=00000004
-1	25761	ld-linux.so.2       	b77d171f	                                        	73 8f                                             	jnb 0xb77d16b0                                    		EAX=00000003, ECX=0000000c, EDX=00000002, EBX=b77e653c, ESP=bfc7e040, EBP=bfc7e0a8, ESI=bfc7e046, EDI=00000004
-1	25761	ld-linux.so.2       	b77d16b0	                                        	39 7d e0                                          	cmp dword ptr [ebp-0x20], edi                     		EAX=00000003, ECX=0000000c, EDX=00000002, EBX=b77e653c, ESP=bfc7e040, EBP=bfc7e0a8, ESI=bfc7e046, EDI=00000004
-1	25761	ld-linux.so.2       	b77d16b3	                                        	89 7d e4                                          	mov dword ptr [ebp-0x1c], edi                     		EAX=00000003, ECX=0000000c, EDX=00000002, EBX=b77e653c, ESP=bfc7e040, EBP=bfc7e0a8, ESI=bfc7e046, EDI=00000004
-1	25761	ld-linux.so.2       	b77d16b6	                                        	0f 84 14 01 00 00                                 	jz 0xb77d17d0                                     		EAX=00000003, ECX=0000000c, EDX=00000002, EBX=b77e653c, ESP=bfc7e040, EBP=bfc7e0a8, ESI=bfc7e046, EDI=00000004
-1	25761	ld-linux.so.2       	b77d17d0	                                        	8b 65 b4                                          	mov esp, dword ptr [ebp-0x4c]                     		EAX=00000003, ECX=0000000c, EDX=00000002, EBX=b77e653c, ESP=bfc7e040, EBP=bfc7e0a8, ESI=bfc7e046, EDI=00000004
-1	25761	ld-linux.so.2       	b77d17d3	                                        	8d 65 f4                                          	lea esp, ptr [ebp-0xc]                            		EAX=00000003, ECX=0000000c, EDX=00000002, EBX=b77e653c, ESP=bfc7e050, EBP=bfc7e0a8, ESI=bfc7e046, EDI=00000004
-1	25761	ld-linux.so.2       	b77d17d6	                                        	5b                                                	pop ebx                                           		EAX=00000003, ECX=0000000c, EDX=00000002, EBX=b77e653c, ESP=bfc7e09c, EBP=bfc7e0a8, ESI=bfc7e046, EDI=00000004
-1	25761	ld-linux.so.2       	b77d17d7	                                        	5e                                                	pop esi                                           		EAX=00000003, ECX=0000000c, EDX=00000002, EBX=00000004, ESP=bfc7e0a0, EBP=bfc7e0a8, ESI=bfc7e046, EDI=00000004
-1	25761	ld-linux.so.2       	b77d17d8	                                        	5f                                                	pop edi                                           		EAX=00000003, ECX=0000000c, EDX=00000002, EBX=00000004, ESP=bfc7e0a4, EBP=bfc7e0a8, ESI=00000000, EDI=00000004
-1	25761	ld-linux.so.2       	b77d17d9	                                        	5d                                                	pop ebp                                           		EAX=00000003, ECX=0000000c, EDX=00000002, EBX=00000004, ESP=bfc7e0a8, EBP=bfc7e0a8, ESI=00000000, EDI=b505c3dc
-1	25761	ld-linux.so.2       	b77d17da	                                        	c2 04 00                                          	ret 0x4                                           		EAX=00000003, ECX=0000000c, EDX=00000002, EBX=00000004, ESP=bfc7e0ac, EBP=bfc7e138, ESI=00000000, EDI=b505c3dc
-1	25761	ld-linux.so.2       	b77d19f3	                                        	8b 45 d8                                          	mov eax, dword ptr [ebp-0x28]                     		EAX=00000003, ECX=0000000c, EDX=00000002, EBX=00000004, ESP=bfc7e0b4, EBP=bfc7e138, ESI=00000000, EDI=b505c3dc
-1	25761	ld-linux.so.2       	b77d19f6	                                        	8b 4d dc                                          	mov ecx, dword ptr [ebp-0x24]                     		EAX=00000020, ECX=0000000c, EDX=00000002, EBX=00000004, ESP=bfc7e0b4, EBP=bfc7e138, ESI=00000000, EDI=b505c3dc
-1	25761	ld-linux.so.2       	b77d19f9	                                        	ff 75 d0                                          	push dword ptr [ebp-0x30]                         		EAX=00000020, ECX=b77e6000, EDX=00000002, EBX=00000004, ESP=bfc7e0b4, EBP=bfc7e138, ESI=00000000, EDI=b505c3dc
-1	25761	ld-linux.so.2       	b77d19fc	                                        	ff 94 08 fc 07 00 00                              	call dword ptr [eax+ecx*1+0x7fc]                  		EAX=00000020, ECX=b77e6000, EDX=00000002, EBX=00000004, ESP=bfc7e0b0, EBP=bfc7e138, ESI=00000000, EDI=b505c3dc
-1	25761	ld-linux.so.2       	b77d1a03	                                        	83 c4 10                                          	add esp, 0x10                                     		EAX=b77e64e4, ECX=b77e6000, EDX=00000002, EBX=00000004, ESP=bfc7e0b0, EBP=bfc7e138, ESI=00000000, EDI=b505c3dc
-1	25761	ld-linux.so.2       	b77d1a06	                                        	85 db                                             	test ebx, ebx                                     		EAX=b77e64e4, ECX=b77e6000, EDX=00000002, EBX=00000004, ESP=bfc7e0c0, EBP=bfc7e138, ESI=00000000, EDI=b505c3dc
-1	25761	ld-linux.so.2       	b77d1a08	                                        	c7 45 e4 00 00 00 00                              	mov dword ptr [ebp-0x1c], 0x0                     		EAX=b77e64e4, ECX=b77e6000, EDX=00000002, EBX=00000004, ESP=bfc7e0c0, EBP=bfc7e138, ESI=00000000, EDI=b505c3dc
-1	25761	ld-linux.so.2       	b77d1a0f	                                        	0f 84 a7 00 00 00                                 	jz 0xb77d1abc                                     		EAX=b77e64e4, ECX=b77e6000, EDX=00000002, EBX=00000004, ESP=bfc7e0c0, EBP=bfc7e138, ESI=00000000, EDI=b505c3dc
-1	25761	ld-linux.so.2       	b77d1a15	                                        	8d 76 00                                          	lea esi, ptr [esi]                                		EAX=b77e64e4, ECX=b77e6000, EDX=00000002, EBX=00000004, ESP=bfc7e0c0, EBP=bfc7e138, ESI=00000000, EDI=b505c3dc
-1	25761	ld-linux.so.2       	b77d1a18	                                        	8b 45 c4                                          	mov eax, dword ptr [ebp-0x3c]                     		EAX=b77e64e4, ECX=b77e6000, EDX=00000002, EBX=00000004, ESP=bfc7e0c0, EBP=bfc7e138, ESI=00000000, EDI=b505c3dc
-1	25761	ld-linux.so.2       	b77d1a1b	                                        	8b 7d e4                                          	mov edi, dword ptr [ebp-0x1c]                     		EAX=bfc7e0c0, ECX=b77e6000, EDX=00000002, EBX=00000004, ESP=bfc7e0c0, EBP=bfc7e138, ESI=00000000, EDI=b505c3dc
-1	25761	ld-linux.so.2       	b77d1a1e	                                        	8b 1c b8                                          	mov ebx, dword ptr [eax+edi*4]                    		EAX=bfc7e0c0, ECX=b77e6000, EDX=00000002, EBX=00000004, ESP=bfc7e0c0, EBP=bfc7e138, ESI=00000000, EDI=00000000
-1	25761	ld-linux.so.2       	b77d1a21	                                        	0f b6 83 94 01 00 00                              	movzx eax, byte ptr [ebx+0x194]                   		EAX=bfc7e0c0, ECX=b77e6000, EDX=00000002, EBX=b77e6918, ESP=bfc7e0c0, EBP=bfc7e138, ESI=00000000, EDI=00000000
-1	25761	ld-linux.so.2       	b77d1a28	                                        	a8 08                                             	test al, 0x8                                      		EAX=0000001c, ECX=b77e6000, EDX=00000002, EBX=b77e6918, ESP=bfc7e0c0, EBP=bfc7e138, ESI=00000000, EDI=00000000
-1	25761	ld-linux.so.2       	b77d1a2a	                                        	74 79                                             	jz 0xb77d1aa5                                     		EAX=0000001c, ECX=b77e6000, EDX=00000002, EBX=b77e6918, ESP=bfc7e0c0, EBP=bfc7e138, ESI=00000000, EDI=00000000
-1	25761	ld-linux.so.2       	b77d1a2c	                                        	83 e0 f7                                          	and eax, 0xfffffff7                               		EAX=0000001c, ECX=b77e6000, EDX=00000002, EBX=b77e6918, ESP=bfc7e0c0, EBP=bfc7e138, ESI=00000000, EDI=00000000
-1	25761	ld-linux.so.2       	b77d1a2f	                                        	88 83 94 01 00 00                                 	mov byte ptr [ebx+0x194], al                      		EAX=00000014, ECX=b77e6000, EDX=00000002, EBX=b77e6918, ESP=bfc7e0c0, EBP=bfc7e138, ESI=00000000, EDI=00000000
-1	25761	ld-linux.so.2       	b77d1a35	                                        	8b 83 88 00 00 00                                 	mov eax, dword ptr [ebx+0x88]                     		EAX=00000014, ECX=b77e6000, EDX=00000002, EBX=b77e6918, ESP=bfc7e0c0, EBP=bfc7e138, ESI=00000000, EDI=00000000
-1	25761	ld-linux.so.2       	b77d1a3b	                                        	85 c0                                             	test eax, eax                                     		EAX=08049f3c, ECX=b77e6000, EDX=00000002, EBX=b77e6918, ESP=bfc7e0c0, EBP=bfc7e138, ESI=00000000, EDI=00000000
-1	25761	ld-linux.so.2       	b77d1a3d	                                        	0f 84 cd 00 00 00                                 	jz 0xb77d1b10                                     		EAX=08049f3c, ECX=b77e6000, EDX=00000002, EBX=b77e6918, ESP=bfc7e0c0, EBP=bfc7e138, ESI=00000000, EDI=00000000
-1	25761	ld-linux.so.2       	b77d1a43	                                        	8b 4d dc                                          	mov ecx, dword ptr [ebp-0x24]                     		EAX=08049f3c, ECX=b77e6000, EDX=00000002, EBX=b77e6918, ESP=bfc7e0c0, EBP=bfc7e138, ESI=00000000, EDI=00000000
-1	25761	ld-linux.so.2       	b77d1a46	                                        	f6 81 00 fd ff ff 02                              	test byte ptr [ecx-0x300], 0x2                    		EAX=08049f3c, ECX=b77e6000, EDX=00000002, EBX=b77e6918, ESP=bfc7e0c0, EBP=bfc7e138, ESI=00000000, EDI=00000000
-1	25761	ld-linux.so.2       	b77d1a4d	                                        	0f 85 dd 00 00 00                                 	jnz 0xb77d1b30                                    		EAX=08049f3c, ECX=b77e6000, EDX=00000002, EBX=b77e6918, ESP=bfc7e0c0, EBP=bfc7e138, ESI=00000000, EDI=00000000
-1	25761	ld-linux.so.2       	b77d1a53	                                        	8b 78 04                                          	mov edi, dword ptr [eax+0x4]                      		EAX=08049f3c, ECX=b77e6000, EDX=00000002, EBX=b77e6918, ESP=bfc7e0c0, EBP=bfc7e138, ESI=00000000, EDI=00000000
-1	25761	ld-linux.so.2       	b77d1a56	                                        	8b 83 90 00 00 00                                 	mov eax, dword ptr [ebx+0x90]                     		EAX=08049f3c, ECX=b77e6000, EDX=00000002, EBX=b77e6918, ESP=bfc7e0c0, EBP=bfc7e138, ESI=00000000, EDI=08049f0c
-1	25761	ld-linux.so.2       	b77d1a5c	                                        	03 3b                                             	add edi, dword ptr [ebx]                          		EAX=08049f44, ECX=b77e6000, EDX=00000002, EBX=b77e6918, ESP=bfc7e0c0, EBP=bfc7e138, ESI=00000000, EDI=08049f0c
-1	25761	ld-linux.so.2       	b77d1a5e	                                        	8b 40 04                                          	mov eax, dword ptr [eax+0x4]                      		EAX=08049f44, ECX=b77e6000, EDX=00000002, EBX=b77e6918, ESP=bfc7e0c0, EBP=bfc7e138, ESI=00000000, EDI=08049f0c
-1	25761	ld-linux.so.2       	b77d1a61	                                        	c1 e8 02                                          	shr eax, 0x2                                      		EAX=00000004, ECX=b77e6000, EDX=00000002, EBX=b77e6918, ESP=bfc7e0c0, EBP=bfc7e138, ESI=00000000, EDI=08049f0c
-1	25761	ld-linux.so.2       	b77d1a64	                                        	85 c0                                             	test eax, eax                                     		EAX=00000001, ECX=b77e6000, EDX=00000002, EBX=b77e6918, ESP=bfc7e0c0, EBP=bfc7e138, ESI=00000000, EDI=08049f0c
-1	25761	ld-linux.so.2       	b77d1a66	                                        	89 c6                                             	mov esi, eax                                      		EAX=00000001, ECX=b77e6000, EDX=00000002, EBX=b77e6918, ESP=bfc7e0c0, EBP=bfc7e138, ESI=00000000, EDI=08049f0c
-1	25761	ld-linux.so.2       	b77d1a68	                                        	74 0f                                             	jz 0xb77d1a79                                     		EAX=00000001, ECX=b77e6000, EDX=00000002, EBX=b77e6918, ESP=bfc7e0c0, EBP=bfc7e138, ESI=00000001, EDI=08049f0c
-1	25761	ld-linux.so.2       	b77d1a6a	                                        	8d b6 00 00 00 00                                 	lea esi, ptr [esi]                                		EAX=00000001, ECX=b77e6000, EDX=00000002, EBX=b77e6918, ESP=bfc7e0c0, EBP=bfc7e138, ESI=00000001, EDI=08049f0c
-1	25761	ld-linux.so.2       	b77d1a70	                                        	ff 54 b7 fc                                       	call dword ptr [edi+esi*4-0x4]                    		EAX=00000001, ECX=b77e6000, EDX=00000002, EBX=b77e6918, ESP=bfc7e0c0, EBP=bfc7e138, ESI=00000001, EDI=08049f0c
-1	25761	unknown             	080483c0	                                        	80 3d 1c a0 04 08 00                              	cmp byte ptr [0x804a01c], 0x0                     		EAX=00000001, ECX=b77e6000, EDX=00000002, EBX=b77e6918, ESP=bfc7e0bc, EBP=bfc7e138, ESI=00000001, EDI=08049f0c
-1	25761	unknown             	080483c7	                                        	75 13                                             	jnz 0x80483dc                                     		EAX=00000001, ECX=b77e6000, EDX=00000002, EBX=b77e6918, ESP=bfc7e0bc, EBP=bfc7e138, ESI=00000001, EDI=08049f0c
-1	25761	unknown             	080483c9	                                        	55                                                	push ebp                                          		EAX=00000001, ECX=b77e6000, EDX=00000002, EBX=b77e6918, ESP=bfc7e0bc, EBP=bfc7e138, ESI=00000001, EDI=08049f0c
-1	25761	unknown             	080483ca	                                        	89 e5                                             	mov ebp, esp                                      		EAX=00000001, ECX=b77e6000, EDX=00000002, EBX=b77e6918, ESP=bfc7e0b8, EBP=bfc7e138, ESI=00000001, EDI=08049f0c
-1	25761	unknown             	080483cc	                                        	83 ec 08                                          	sub esp, 0x8                                      		EAX=00000001, ECX=b77e6000, EDX=00000002, EBX=b77e6918, ESP=bfc7e0b8, EBP=bfc7e0b8, ESI=00000001, EDI=08049f0c
-1	25761	unknown             	080483cf	                                        	e8 7c ff ff ff                                    	call 0x8048350                                    		EAX=00000001, ECX=b77e6000, EDX=00000002, EBX=b77e6918, ESP=bfc7e0b0, EBP=bfc7e0b8, ESI=00000001, EDI=08049f0c
-1	25761	unknown             	08048350	                                        	b8 1f a0 04 08                                    	mov eax, 0x804a01f                                		EAX=00000001, ECX=b77e6000, EDX=00000002, EBX=b77e6918, ESP=bfc7e0ac, EBP=bfc7e0b8, ESI=00000001, EDI=08049f0c
-1	25761	unknown             	08048355	                                        	2d 1c a0 04 08                                    	sub eax, 0x804a01c                                		EAX=0804a01f, ECX=b77e6000, EDX=00000002, EBX=b77e6918, ESP=bfc7e0ac, EBP=bfc7e0b8, ESI=00000001, EDI=08049f0c
-1	25761	unknown             	0804835a	                                        	83 f8 06                                          	cmp eax, 0x6                                      		EAX=00000003, ECX=b77e6000, EDX=00000002, EBX=b77e6918, ESP=bfc7e0ac, EBP=bfc7e0b8, ESI=00000001, EDI=08049f0c
-1	25761	unknown             	0804835d	                                        	76 1a                                             	jbe 0x8048379                                     		EAX=00000003, ECX=b77e6000, EDX=00000002, EBX=b77e6918, ESP=bfc7e0ac, EBP=bfc7e0b8, ESI=00000001, EDI=08049f0c
-1	25761	unknown             	08048379	                                        	f3 c3                                             	ret                                               		EAX=00000003, ECX=b77e6000, EDX=00000002, EBX=b77e6918, ESP=bfc7e0ac, EBP=bfc7e0b8, ESI=00000001, EDI=08049f0c
-1	25761	unknown             	080483d4	                                        	c6 05 1c a0 04 08 01                              	mov byte ptr [0x804a01c], 0x1                     		EAX=00000003, ECX=b77e6000, EDX=00000002, EBX=b77e6918, ESP=bfc7e0b0, EBP=bfc7e0b8, ESI=00000001, EDI=08049f0c
-1	25761	unknown             	080483db	                                        	c9                                                	leave                                             		EAX=00000003, ECX=b77e6000, EDX=00000002, EBX=b77e6918, ESP=bfc7e0b0, EBP=bfc7e0b8, ESI=00000001, EDI=08049f0c
-1	25761	unknown             	080483dc	                                        	f3 c3                                             	ret                                               		EAX=00000003, ECX=b77e6000, EDX=00000002, EBX=b77e6918, ESP=bfc7e0bc, EBP=bfc7e138, ESI=00000001, EDI=08049f0c
-1	25761	ld-linux.so.2       	b77d1a74	                                        	83 ee 01                                          	sub esi, 0x1                                      		EAX=00000003, ECX=b77e6000, EDX=00000002, EBX=b77e6918, ESP=bfc7e0c0, EBP=bfc7e138, ESI=00000001, EDI=08049f0c
-1	25761	ld-linux.so.2       	b77d1a77	                                        	75 f7                                             	jnz 0xb77d1a70                                    		EAX=00000003, ECX=b77e6000, EDX=00000002, EBX=b77e6918, ESP=bfc7e0c0, EBP=bfc7e138, ESI=00000000, EDI=08049f0c
-1	25761	ld-linux.so.2       	b77d1a79	                                        	8b 43 54                                          	mov eax, dword ptr [ebx+0x54]                     		EAX=00000003, ECX=b77e6000, EDX=00000002, EBX=b77e6918, ESP=bfc7e0c0, EBP=bfc7e138, ESI=00000000, EDI=08049f0c
-1	25761	ld-linux.so.2       	b77d1a7c	                                        	85 c0                                             	test eax, eax                                     		EAX=08049f24, ECX=b77e6000, EDX=00000002, EBX=b77e6918, ESP=bfc7e0c0, EBP=bfc7e138, ESI=00000000, EDI=08049f0c
-1	25761	ld-linux.so.2       	b77d1a7e	                                        	74 07                                             	jz 0xb77d1a87                                     		EAX=08049f24, ECX=b77e6000, EDX=00000002, EBX=b77e6918, ESP=bfc7e0c0, EBP=bfc7e138, ESI=00000000, EDI=08049f0c
-1	25761	ld-linux.so.2       	b77d1a80	                                        	8b 40 04                                          	mov eax, dword ptr [eax+0x4]                      		EAX=08049f24, ECX=b77e6000, EDX=00000002, EBX=b77e6918, ESP=bfc7e0c0, EBP=bfc7e138, ESI=00000000, EDI=08049f0c
-1	25761	ld-linux.so.2       	b77d1a83	                                        	03 03                                             	add eax, dword ptr [ebx]                          		EAX=080484d4, ECX=b77e6000, EDX=00000002, EBX=b77e6918, ESP=bfc7e0c0, EBP=bfc7e138, ESI=00000000, EDI=08049f0c
-1	25761	ld-linux.so.2       	b77d1a85	                                        	ff d0                                             	call eax                                          		EAX=080484d4, ECX=b77e6000, EDX=00000002, EBX=b77e6918, ESP=bfc7e0c0, EBP=bfc7e138, ESI=00000000, EDI=08049f0c
-1	25761	unknown             	080484d4	                                        	53                                                	push ebx                                          		EAX=080484d4, ECX=b77e6000, EDX=00000002, EBX=b77e6918, ESP=bfc7e0bc, EBP=bfc7e138, ESI=00000000, EDI=08049f0c
-1	25761	unknown             	080484d5	                                        	83 ec 08                                          	sub esp, 0x8                                      		EAX=080484d4, ECX=b77e6000, EDX=00000002, EBX=b77e6918, ESP=bfc7e0b8, EBP=bfc7e138, ESI=00000000, EDI=08049f0c
-1	25761	unknown             	080484d8	                                        	e8 63 fe ff ff                                    	call 0x8048340                                    		EAX=080484d4, ECX=b77e6000, EDX=00000002, EBX=b77e6918, ESP=bfc7e0b0, EBP=bfc7e138, ESI=00000000, EDI=08049f0c
-1	25761	unknown             	08048340	                                        	8b 1c 24                                          	mov ebx, dword ptr [esp]                          		EAX=080484d4, ECX=b77e6000, EDX=00000002, EBX=b77e6918, ESP=bfc7e0ac, EBP=bfc7e138, ESI=00000000, EDI=08049f0c
-1	25761	unknown             	08048343	                                        	c3                                                	ret                                               		EAX=080484d4, ECX=b77e6000, EDX=00000002, EBX=080484dd, ESP=bfc7e0ac, EBP=bfc7e138, ESI=00000000, EDI=08049f0c
-1	25761	unknown             	080484dd	                                        	81 c3 23 1b 00 00                                 	add ebx, 0x1b23                                   		EAX=080484d4, ECX=b77e6000, EDX=00000002, EBX=080484dd, ESP=bfc7e0b0, EBP=bfc7e138, ESI=00000000, EDI=08049f0c
-1	25761	unknown             	080484e3	                                        	83 c4 08                                          	add esp, 0x8                                      		EAX=080484d4, ECX=b77e6000, EDX=00000002, EBX=0804a000, ESP=bfc7e0b0, EBP=bfc7e138, ESI=00000000, EDI=08049f0c
-1	25761	unknown             	080484e6	                                        	5b                                                	pop ebx                                           		EAX=080484d4, ECX=b77e6000, EDX=00000002, EBX=0804a000, ESP=bfc7e0b8, EBP=bfc7e138, ESI=00000000, EDI=08049f0c
-1	25761	unknown             	080484e7	                                        	c3                                                	ret                                               		EAX=080484d4, ECX=b77e6000, EDX=00000002, EBX=b77e6918, ESP=bfc7e0bc, EBP=bfc7e138, ESI=00000000, EDI=08049f0c
-1	25761	ld-linux.so.2       	b77d1a87	                                        	8b 4d cc                                          	mov ecx, dword ptr [ebp-0x34]                     		EAX=080484d4, ECX=b77e6000, EDX=00000002, EBX=b77e6918, ESP=bfc7e0c0, EBP=bfc7e138, ESI=00000000, EDI=08049f0c
-1	25761	ld-linux.so.2       	b77d1a8a	                                        	85 c9                                             	test ecx, ecx                                     		EAX=080484d4, ECX=00000000, EDX=00000002, EBX=b77e6918, ESP=bfc7e0c0, EBP=bfc7e138, ESI=00000000, EDI=08049f0c
-1	25761	ld-linux.so.2       	b77d1a8c	                                        	75 17                                             	jnz 0xb77d1aa5                                    		EAX=080484d4, ECX=00000000, EDX=00000002, EBX=b77e6918, ESP=bfc7e0c0, EBP=bfc7e138, ESI=00000000, EDI=08049f0c
-1	25761	ld-linux.so.2       	b77d1a8e	                                        	8b 45 dc                                          	mov eax, dword ptr [ebp-0x24]                     		EAX=080484d4, ECX=00000000, EDX=00000002, EBX=b77e6918, ESP=bfc7e0c0, EBP=bfc7e138, ESI=00000000, EDI=08049f0c
-1	25761	ld-linux.so.2       	b77d1a91	                                        	8d 35 00 fd ff ff                                 	lea esi, ptr [0xfffffd00]                         		EAX=b77e6000, ECX=00000000, EDX=00000002, EBX=b77e6918, ESP=bfc7e0c0, EBP=bfc7e138, ESI=00000000, EDI=08049f0c
-1	25761	ld-linux.so.2       	b77d1a97	                                        	8b 90 10 ff ff ff                                 	mov edx, dword ptr [eax-0xf0]                     		EAX=b77e6000, ECX=00000000, EDX=00000002, EBX=b77e6918, ESP=bfc7e0c0, EBP=bfc7e138, ESI=fffffd00, EDI=08049f0c
-1	25761	ld-linux.so.2       	b77d1a9d	                                        	85 d2                                             	test edx, edx                                     		EAX=b77e6000, ECX=00000000, EDX=00000000, EBX=b77e6918, ESP=bfc7e0c0, EBP=bfc7e138, ESI=fffffd00, EDI=08049f0c
-1	25761	ld-linux.so.2       	b77d1a9f	                                        	0f 85 c9 00 00 00                                 	jnz 0xb77d1b6e                                    		EAX=b77e6000, ECX=00000000, EDX=00000000, EBX=b77e6918, ESP=bfc7e0c0, EBP=bfc7e138, ESI=fffffd00, EDI=08049f0c
-1	25761	ld-linux.so.2       	b77d1aa5	                                        	83 45 e4 01                                       	add dword ptr [ebp-0x1c], 0x1                     		EAX=b77e6000, ECX=00000000, EDX=00000000, EBX=b77e6918, ESP=bfc7e0c0, EBP=bfc7e138, ESI=fffffd00, EDI=08049f0c
-1	25761	ld-linux.so.2       	b77d1aa9	                                        	83 ab 90 01 00 00 01                              	sub dword ptr [ebx+0x190], 0x1                    		EAX=b77e6000, ECX=00000000, EDX=00000000, EBX=b77e6918, ESP=bfc7e0c0, EBP=bfc7e138, ESI=fffffd00, EDI=08049f0c
-1	25761	ld-linux.so.2       	b77d1ab0	                                        	8b 45 e4                                          	mov eax, dword ptr [ebp-0x1c]                     		EAX=b77e6000, ECX=00000000, EDX=00000000, EBX=b77e6918, ESP=bfc7e0c0, EBP=bfc7e138, ESI=fffffd00, EDI=08049f0c
-1	25761	ld-linux.so.2       	b77d1ab3	                                        	39 45 c8                                          	cmp dword ptr [ebp-0x38], eax                     		EAX=00000001, ECX=00000000, EDX=00000000, EBX=b77e6918, ESP=bfc7e0c0, EBP=bfc7e138, ESI=fffffd00, EDI=08049f0c
-1	25761	ld-linux.so.2       	b77d1ab6	                                        	0f 85 5c ff ff ff                                 	jnz 0xb77d1a18                                    		EAX=00000001, ECX=00000000, EDX=00000000, EBX=b77e6918, ESP=bfc7e0c0, EBP=bfc7e138, ESI=fffffd00, EDI=08049f0c
-1	25761	ld-linux.so.2       	b77d1a18	                                        	8b 45 c4                                          	mov eax, dword ptr [ebp-0x3c]                     		EAX=00000001, ECX=00000000, EDX=00000000, EBX=b77e6918, ESP=bfc7e0c0, EBP=bfc7e138, ESI=fffffd00, EDI=08049f0c
-1	25761	ld-linux.so.2       	b77d1a1b	                                        	8b 7d e4                                          	mov edi, dword ptr [ebp-0x1c]                     		EAX=bfc7e0c0, ECX=00000000, EDX=00000000, EBX=b77e6918, ESP=bfc7e0c0, EBP=bfc7e138, ESI=fffffd00, EDI=08049f0c
-1	25761	ld-linux.so.2       	b77d1a1e	                                        	8b 1c b8                                          	mov ebx, dword ptr [eax+edi*4]                    		EAX=bfc7e0c0, ECX=00000000, EDX=00000000, EBX=b77e6918, ESP=bfc7e0c0, EBP=bfc7e138, ESI=fffffd00, EDI=00000001
-1	25761	ld-linux.so.2       	b77d1a21	                                        	0f b6 83 94 01 00 00                              	movzx eax, byte ptr [ebx+0x194]                   		EAX=bfc7e0c0, ECX=00000000, EDX=00000000, EBX=b77e6c08, ESP=bfc7e0c0, EBP=bfc7e138, ESI=fffffd00, EDI=00000001
-1	25761	ld-linux.so.2       	b77d1a28	                                        	a8 08                                             	test al, 0x8                                      		EAX=00000005, ECX=00000000, EDX=00000000, EBX=b77e6c08, ESP=bfc7e0c0, EBP=bfc7e138, ESI=fffffd00, EDI=00000001
-1	25761	ld-linux.so.2       	b77d1a2a	                                        	74 79                                             	jz 0xb77d1aa5                                     		EAX=00000005, ECX=00000000, EDX=00000000, EBX=b77e6c08, ESP=bfc7e0c0, EBP=bfc7e138, ESI=fffffd00, EDI=00000001
-1	25761	ld-linux.so.2       	b77d1aa5	                                        	83 45 e4 01                                       	add dword ptr [ebp-0x1c], 0x1                     		EAX=00000005, ECX=00000000, EDX=00000000, EBX=b77e6c08, ESP=bfc7e0c0, EBP=bfc7e138, ESI=fffffd00, EDI=00000001
-1	25761	ld-linux.so.2       	b77d1aa9	                                        	83 ab 90 01 00 00 01                              	sub dword ptr [ebx+0x190], 0x1                    		EAX=00000005, ECX=00000000, EDX=00000000, EBX=b77e6c08, ESP=bfc7e0c0, EBP=bfc7e138, ESI=fffffd00, EDI=00000001
-1	25761	ld-linux.so.2       	b77d1ab0	                                        	8b 45 e4                                          	mov eax, dword ptr [ebp-0x1c]                     		EAX=00000005, ECX=00000000, EDX=00000000, EBX=b77e6c08, ESP=bfc7e0c0, EBP=bfc7e138, ESI=fffffd00, EDI=00000001
-1	25761	ld-linux.so.2       	b77d1ab3	                                        	39 45 c8                                          	cmp dword ptr [ebp-0x38], eax                     		EAX=00000002, ECX=00000000, EDX=00000000, EBX=b77e6c08, ESP=bfc7e0c0, EBP=bfc7e138, ESI=fffffd00, EDI=00000001
-1	25761	ld-linux.so.2       	b77d1ab6	                                        	0f 85 5c ff ff ff                                 	jnz 0xb77d1a18                                    		EAX=00000002, ECX=00000000, EDX=00000000, EBX=b77e6c08, ESP=bfc7e0c0, EBP=bfc7e138, ESI=fffffd00, EDI=00000001
-1	25761	ld-linux.so.2       	b77d1a18	                                        	8b 45 c4                                          	mov eax, dword ptr [ebp-0x3c]                     		EAX=00000002, ECX=00000000, EDX=00000000, EBX=b77e6c08, ESP=bfc7e0c0, EBP=bfc7e138, ESI=fffffd00, EDI=00000001
-1	25761	ld-linux.so.2       	b77d1a1b	                                        	8b 7d e4                                          	mov edi, dword ptr [ebp-0x1c]                     		EAX=bfc7e0c0, ECX=00000000, EDX=00000000, EBX=b77e6c08, ESP=bfc7e0c0, EBP=bfc7e138, ESI=fffffd00, EDI=00000001
-1	25761	ld-linux.so.2       	b77d1a1e	                                        	8b 1c b8                                          	mov ebx, dword ptr [eax+edi*4]                    		EAX=bfc7e0c0, ECX=00000000, EDX=00000000, EBX=b77e6c08, ESP=bfc7e0c0, EBP=bfc7e138, ESI=fffffd00, EDI=00000002
-1	25761	ld-linux.so.2       	b77d1a21	                                        	0f b6 83 94 01 00 00                              	movzx eax, byte ptr [ebx+0x194]                   		EAX=bfc7e0c0, ECX=00000000, EDX=00000000, EBX=b50f71b0, ESP=bfc7e0c0, EBP=bfc7e138, ESI=fffffd00, EDI=00000002
-1	25761	ld-linux.so.2       	b77d1a28	                                        	a8 08                                             	test al, 0x8                                      		EAX=0000001d, ECX=00000000, EDX=00000000, EBX=b50f71b0, ESP=bfc7e0c0, EBP=bfc7e138, ESI=fffffd00, EDI=00000002
-1	25761	ld-linux.so.2       	b77d1a2a	                                        	74 79                                             	jz 0xb77d1aa5                                     		EAX=0000001d, ECX=00000000, EDX=00000000, EBX=b50f71b0, ESP=bfc7e0c0, EBP=bfc7e138, ESI=fffffd00, EDI=00000002
-1	25761	ld-linux.so.2       	b77d1a2c	                                        	83 e0 f7                                          	and eax, 0xfffffff7                               		EAX=0000001d, ECX=00000000, EDX=00000000, EBX=b50f71b0, ESP=bfc7e0c0, EBP=bfc7e138, ESI=fffffd00, EDI=00000002
-1	25761	ld-linux.so.2       	b77d1a2f	                                        	88 83 94 01 00 00                                 	mov byte ptr [ebx+0x194], al                      		EAX=00000015, ECX=00000000, EDX=00000000, EBX=b50f71b0, ESP=bfc7e0c0, EBP=bfc7e138, ESI=fffffd00, EDI=00000002
-1	25761	ld-linux.so.2       	b77d1a35	                                        	8b 83 88 00 00 00                                 	mov eax, dword ptr [ebx+0x88]                     		EAX=00000015, ECX=00000000, EDX=00000000, EBX=b50f71b0, ESP=bfc7e0c0, EBP=bfc7e138, ESI=fffffd00, EDI=00000002
-1	25761	ld-linux.so.2       	b77d1a3b	                                        	85 c0                                             	test eax, eax                                     		EAX=00000000, ECX=00000000, EDX=00000000, EBX=b50f71b0, ESP=bfc7e0c0, EBP=bfc7e138, ESI=fffffd00, EDI=00000002
-1	25761	ld-linux.so.2       	b77d1a3d	                                        	0f 84 cd 00 00 00                                 	jz 0xb77d1b10                                     		EAX=00000000, ECX=00000000, EDX=00000000, EBX=b50f71b0, ESP=bfc7e0c0, EBP=bfc7e138, ESI=fffffd00, EDI=00000002
-1	25761	ld-linux.so.2       	b77d1b10	                                        	8b 43 54                                          	mov eax, dword ptr [ebx+0x54]                     		EAX=00000000, ECX=00000000, EDX=00000000, EBX=b50f71b0, ESP=bfc7e0c0, EBP=bfc7e138, ESI=fffffd00, EDI=00000002
-1	25761	ld-linux.so.2       	b77d1b13	                                        	85 c0                                             	test eax, eax                                     		EAX=00000000, ECX=00000000, EDX=00000000, EBX=b50f71b0, ESP=bfc7e0c0, EBP=bfc7e138, ESI=fffffd00, EDI=00000002
-1	25761	ld-linux.so.2       	b77d1b15	                                        	0f 84 6c ff ff ff                                 	jz 0xb77d1a87                                     		EAX=00000000, ECX=00000000, EDX=00000000, EBX=b50f71b0, ESP=bfc7e0c0, EBP=bfc7e138, ESI=fffffd00, EDI=00000002
-1	25761	ld-linux.so.2       	b77d1a87	                                        	8b 4d cc                                          	mov ecx, dword ptr [ebp-0x34]                     		EAX=00000000, ECX=00000000, EDX=00000000, EBX=b50f71b0, ESP=bfc7e0c0, EBP=bfc7e138, ESI=fffffd00, EDI=00000002
-1	25761	ld-linux.so.2       	b77d1a8a	                                        	85 c9                                             	test ecx, ecx                                     		EAX=00000000, ECX=00000000, EDX=00000000, EBX=b50f71b0, ESP=bfc7e0c0, EBP=bfc7e138, ESI=fffffd00, EDI=00000002
-1	25761	ld-linux.so.2       	b77d1a8c	                                        	75 17                                             	jnz 0xb77d1aa5                                    		EAX=00000000, ECX=00000000, EDX=00000000, EBX=b50f71b0, ESP=bfc7e0c0, EBP=bfc7e138, ESI=fffffd00, EDI=00000002
-1	25761	ld-linux.so.2       	b77d1a8e	                                        	8b 45 dc                                          	mov eax, dword ptr [ebp-0x24]                     		EAX=00000000, ECX=00000000, EDX=00000000, EBX=b50f71b0, ESP=bfc7e0c0, EBP=bfc7e138, ESI=fffffd00, EDI=00000002
-1	25761	ld-linux.so.2       	b77d1a91	                                        	8d 35 00 fd ff ff                                 	lea esi, ptr [0xfffffd00]                         		EAX=b77e6000, ECX=00000000, EDX=00000000, EBX=b50f71b0, ESP=bfc7e0c0, EBP=bfc7e138, ESI=fffffd00, EDI=00000002
-1	25761	ld-linux.so.2       	b77d1a97	                                        	8b 90 10 ff ff ff                                 	mov edx, dword ptr [eax-0xf0]                     		EAX=b77e6000, ECX=00000000, EDX=00000000, EBX=b50f71b0, ESP=bfc7e0c0, EBP=bfc7e138, ESI=fffffd00, EDI=00000002
-1	25761	ld-linux.so.2       	b77d1a9d	                                        	85 d2                                             	test edx, edx                                     		EAX=b77e6000, ECX=00000000, EDX=00000000, EBX=b50f71b0, ESP=bfc7e0c0, EBP=bfc7e138, ESI=fffffd00, EDI=00000002
-1	25761	ld-linux.so.2       	b77d1a9f	                                        	0f 85 c9 00 00 00                                 	jnz 0xb77d1b6e                                    		EAX=b77e6000, ECX=00000000, EDX=00000000, EBX=b50f71b0, ESP=bfc7e0c0, EBP=bfc7e138, ESI=fffffd00, EDI=00000002
-1	25761	ld-linux.so.2       	b77d1aa5	                                        	83 45 e4 01                                       	add dword ptr [ebp-0x1c], 0x1                     		EAX=b77e6000, ECX=00000000, EDX=00000000, EBX=b50f71b0, ESP=bfc7e0c0, EBP=bfc7e138, ESI=fffffd00, EDI=00000002
-1	25761	ld-linux.so.2       	b77d1aa9	                                        	83 ab 90 01 00 00 01                              	sub dword ptr [ebx+0x190], 0x1                    		EAX=b77e6000, ECX=00000000, EDX=00000000, EBX=b50f71b0, ESP=bfc7e0c0, EBP=bfc7e138, ESI=fffffd00, EDI=00000002
-1	25761	ld-linux.so.2       	b77d1ab0	                                        	8b 45 e4                                          	mov eax, dword ptr [ebp-0x1c]                     		EAX=b77e6000, ECX=00000000, EDX=00000000, EBX=b50f71b0, ESP=bfc7e0c0, EBP=bfc7e138, ESI=fffffd00, EDI=00000002
-1	25761	ld-linux.so.2       	b77d1ab3	                                        	39 45 c8                                          	cmp dword ptr [ebp-0x38], eax                     		EAX=00000003, ECX=00000000, EDX=00000000, EBX=b50f71b0, ESP=bfc7e0c0, EBP=bfc7e138, ESI=fffffd00, EDI=00000002
-1	25761	ld-linux.so.2       	b77d1ab6	                                        	0f 85 5c ff ff ff                                 	jnz 0xb77d1a18                                    		EAX=00000003, ECX=00000000, EDX=00000000, EBX=b50f71b0, ESP=bfc7e0c0, EBP=bfc7e138, ESI=fffffd00, EDI=00000002
-1	25761	ld-linux.so.2       	b77d1a18	                                        	8b 45 c4                                          	mov eax, dword ptr [ebp-0x3c]                     		EAX=00000003, ECX=00000000, EDX=00000000, EBX=b50f71b0, ESP=bfc7e0c0, EBP=bfc7e138, ESI=fffffd00, EDI=00000002
-1	25761	ld-linux.so.2       	b77d1a1b	                                        	8b 7d e4                                          	mov edi, dword ptr [ebp-0x1c]                     		EAX=bfc7e0c0, ECX=00000000, EDX=00000000, EBX=b50f71b0, ESP=bfc7e0c0, EBP=bfc7e138, ESI=fffffd00, EDI=00000002
-1	25761	ld-linux.so.2       	b77d1a1e	                                        	8b 1c b8                                          	mov ebx, dword ptr [eax+edi*4]                    		EAX=bfc7e0c0, ECX=00000000, EDX=00000000, EBX=b50f71b0, ESP=bfc7e0c0, EBP=bfc7e138, ESI=fffffd00, EDI=00000003
-1	25761	ld-linux.so.2       	b77d1a21	                                        	0f b6 83 94 01 00 00                              	movzx eax, byte ptr [ebx+0x194]                   		EAX=bfc7e0c0, ECX=00000000, EDX=00000000, EBX=b77e653c, ESP=bfc7e0c0, EBP=bfc7e138, ESI=fffffd00, EDI=00000003
-1	25761	ld-linux.so.2       	b77d1a28	                                        	a8 08                                             	test al, 0x8                                      		EAX=0000001d, ECX=00000000, EDX=00000000, EBX=b77e653c, ESP=bfc7e0c0, EBP=bfc7e138, ESI=fffffd00, EDI=00000003
-1	25761	ld-linux.so.2       	b77d1a2a	                                        	74 79                                             	jz 0xb77d1aa5                                     		EAX=0000001d, ECX=00000000, EDX=00000000, EBX=b77e653c, ESP=bfc7e0c0, EBP=bfc7e138, ESI=fffffd00, EDI=00000003
-1	25761	ld-linux.so.2       	b77d1a2c	                                        	83 e0 f7                                          	and eax, 0xfffffff7                               		EAX=0000001d, ECX=00000000, EDX=00000000, EBX=b77e653c, ESP=bfc7e0c0, EBP=bfc7e138, ESI=fffffd00, EDI=00000003
-1	25761	ld-linux.so.2       	b77d1a2f	                                        	88 83 94 01 00 00                                 	mov byte ptr [ebx+0x194], al                      		EAX=00000015, ECX=00000000, EDX=00000000, EBX=b77e653c, ESP=bfc7e0c0, EBP=bfc7e138, ESI=fffffd00, EDI=00000003
-1	25761	ld-linux.so.2       	b77d1a35	                                        	8b 83 88 00 00 00                                 	mov eax, dword ptr [ebx+0x88]                     		EAX=00000015, ECX=00000000, EDX=00000000, EBX=b77e653c, ESP=bfc7e0c0, EBP=bfc7e138, ESI=fffffd00, EDI=00000003
-1	25761	ld-linux.so.2       	b77d1a3b	                                        	85 c0                                             	test eax, eax                                     		EAX=00000000, ECX=00000000, EDX=00000000, EBX=b77e653c, ESP=bfc7e0c0, EBP=bfc7e138, ESI=fffffd00, EDI=00000003
-1	25761	ld-linux.so.2       	b77d1a3d	                                        	0f 84 cd 00 00 00                                 	jz 0xb77d1b10                                     		EAX=00000000, ECX=00000000, EDX=00000000, EBX=b77e653c, ESP=bfc7e0c0, EBP=bfc7e138, ESI=fffffd00, EDI=00000003
-1	25761	ld-linux.so.2       	b77d1b10	                                        	8b 43 54                                          	mov eax, dword ptr [ebx+0x54]                     		EAX=00000000, ECX=00000000, EDX=00000000, EBX=b77e653c, ESP=bfc7e0c0, EBP=bfc7e138, ESI=fffffd00, EDI=00000003
-1	25761	ld-linux.so.2       	b77d1b13	                                        	85 c0                                             	test eax, eax                                     		EAX=00000000, ECX=00000000, EDX=00000000, EBX=b77e653c, ESP=bfc7e0c0, EBP=bfc7e138, ESI=fffffd00, EDI=00000003
-1	25761	ld-linux.so.2       	b77d1b15	                                        	0f 84 6c ff ff ff                                 	jz 0xb77d1a87                                     		EAX=00000000, ECX=00000000, EDX=00000000, EBX=b77e653c, ESP=bfc7e0c0, EBP=bfc7e138, ESI=fffffd00, EDI=00000003
-1	25761	ld-linux.so.2       	b77d1a87	                                        	8b 4d cc                                          	mov ecx, dword ptr [ebp-0x34]                     		EAX=00000000, ECX=00000000, EDX=00000000, EBX=b77e653c, ESP=bfc7e0c0, EBP=bfc7e138, ESI=fffffd00, EDI=00000003
-1	25761	ld-linux.so.2       	b77d1a8a	                                        	85 c9                                             	test ecx, ecx                                     		EAX=00000000, ECX=00000000, EDX=00000000, EBX=b77e653c, ESP=bfc7e0c0, EBP=bfc7e138, ESI=fffffd00, EDI=00000003
-1	25761	ld-linux.so.2       	b77d1a8c	                                        	75 17                                             	jnz 0xb77d1aa5                                    		EAX=00000000, ECX=00000000, EDX=00000000, EBX=b77e653c, ESP=bfc7e0c0, EBP=bfc7e138, ESI=fffffd00, EDI=00000003
-1	25761	ld-linux.so.2       	b77d1a8e	                                        	8b 45 dc                                          	mov eax, dword ptr [ebp-0x24]                     		EAX=00000000, ECX=00000000, EDX=00000000, EBX=b77e653c, ESP=bfc7e0c0, EBP=bfc7e138, ESI=fffffd00, EDI=00000003
-1	25761	ld-linux.so.2       	b77d1a91	                                        	8d 35 00 fd ff ff                                 	lea esi, ptr [0xfffffd00]                         		EAX=b77e6000, ECX=00000000, EDX=00000000, EBX=b77e653c, ESP=bfc7e0c0, EBP=bfc7e138, ESI=fffffd00, EDI=00000003
-1	25761	ld-linux.so.2       	b77d1a97	                                        	8b 90 10 ff ff ff                                 	mov edx, dword ptr [eax-0xf0]                     		EAX=b77e6000, ECX=00000000, EDX=00000000, EBX=b77e653c, ESP=bfc7e0c0, EBP=bfc7e138, ESI=fffffd00, EDI=00000003
-1	25761	ld-linux.so.2       	b77d1a9d	                                        	85 d2                                             	test edx, edx                                     		EAX=b77e6000, ECX=00000000, EDX=00000000, EBX=b77e653c, ESP=bfc7e0c0, EBP=bfc7e138, ESI=fffffd00, EDI=00000003
-1	25761	ld-linux.so.2       	b77d1a9f	                                        	0f 85 c9 00 00 00                                 	jnz 0xb77d1b6e                                    		EAX=b77e6000, ECX=00000000, EDX=00000000, EBX=b77e653c, ESP=bfc7e0c0, EBP=bfc7e138, ESI=fffffd00, EDI=00000003
-1	25761	ld-linux.so.2       	b77d1aa5	                                        	83 45 e4 01                                       	add dword ptr [ebp-0x1c], 0x1                     		EAX=b77e6000, ECX=00000000, EDX=00000000, EBX=b77e653c, ESP=bfc7e0c0, EBP=bfc7e138, ESI=fffffd00, EDI=00000003
-1	25761	ld-linux.so.2       	b77d1aa9	                                        	83 ab 90 01 00 00 01                              	sub dword ptr [ebx+0x190], 0x1                    		EAX=b77e6000, ECX=00000000, EDX=00000000, EBX=b77e653c, ESP=bfc7e0c0, EBP=bfc7e138, ESI=fffffd00, EDI=00000003
-1	25761	ld-linux.so.2       	b77d1ab0	                                        	8b 45 e4                                          	mov eax, dword ptr [ebp-0x1c]                     		EAX=b77e6000, ECX=00000000, EDX=00000000, EBX=b77e653c, ESP=bfc7e0c0, EBP=bfc7e138, ESI=fffffd00, EDI=00000003
-1	25761	ld-linux.so.2       	b77d1ab3	                                        	39 45 c8                                          	cmp dword ptr [ebp-0x38], eax                     		EAX=00000004, ECX=00000000, EDX=00000000, EBX=b77e653c, ESP=bfc7e0c0, EBP=bfc7e138, ESI=fffffd00, EDI=00000003
-1	25761	ld-linux.so.2       	b77d1ab6	                                        	0f 85 5c ff ff ff                                 	jnz 0xb77d1a18                                    		EAX=00000004, ECX=00000000, EDX=00000000, EBX=b77e653c, ESP=bfc7e0c0, EBP=bfc7e138, ESI=fffffd00, EDI=00000003
-1	25761	ld-linux.so.2       	b77d1abc	                                        	83 6d e0 01                                       	sub dword ptr [ebp-0x20], 0x1                     		EAX=00000004, ECX=00000000, EDX=00000000, EBX=b77e653c, ESP=bfc7e0c0, EBP=bfc7e138, ESI=fffffd00, EDI=00000003
-1	25761	ld-linux.so.2       	b77d1ac0	                                        	83 6d d4 4c                                       	sub dword ptr [ebp-0x2c], 0x4c                    		EAX=00000004, ECX=00000000, EDX=00000000, EBX=b77e653c, ESP=bfc7e0c0, EBP=bfc7e138, ESI=fffffd00, EDI=00000003
-1	25761	ld-linux.so.2       	b77d1ac4	                                        	8b 45 e0                                          	mov eax, dword ptr [ebp-0x20]                     		EAX=00000004, ECX=00000000, EDX=00000000, EBX=b77e653c, ESP=bfc7e0c0, EBP=bfc7e138, ESI=fffffd00, EDI=00000003
-1	25761	ld-linux.so.2       	b77d1ac7	                                        	8b 65 bc                                          	mov esp, dword ptr [ebp-0x44]                     		EAX=ffffffff, ECX=00000000, EDX=00000000, EBX=b77e653c, ESP=bfc7e0c0, EBP=bfc7e138, ESI=fffffd00, EDI=00000003
-1	25761	ld-linux.so.2       	b77d1aca	                                        	83 f8 ff                                          	cmp eax, 0xffffffff                               		EAX=ffffffff, ECX=00000000, EDX=00000000, EBX=b77e653c, ESP=bfc7e0e0, EBP=bfc7e138, ESI=fffffd00, EDI=00000003
-1	25761	ld-linux.so.2       	b77d1acd	                                        	0f 85 57 fe ff ff                                 	jnz 0xb77d192a                                    		EAX=ffffffff, ECX=00000000, EDX=00000000, EBX=b77e653c, ESP=bfc7e0e0, EBP=bfc7e138, ESI=fffffd00, EDI=00000003
-1	25761	ld-linux.so.2       	b77d1ad3	                                        	8b 7d cc                                          	mov edi, dword ptr [ebp-0x34]                     		EAX=ffffffff, ECX=00000000, EDX=00000000, EBX=b77e653c, ESP=bfc7e0e0, EBP=bfc7e138, ESI=fffffd00, EDI=00000003
-1	25761	ld-linux.so.2       	b77d1ad6	                                        	85 ff                                             	test edi, edi                                     		EAX=ffffffff, ECX=00000000, EDX=00000000, EBX=b77e653c, ESP=bfc7e0e0, EBP=bfc7e138, ESI=fffffd00, EDI=00000000
-1	25761	ld-linux.so.2       	b77d1ad8	                                        	75 18                                             	jnz 0xb77d1af2                                    		EAX=ffffffff, ECX=00000000, EDX=00000000, EBX=b77e653c, ESP=bfc7e0e0, EBP=bfc7e138, ESI=fffffd00, EDI=00000000
-1	25761	ld-linux.so.2       	b77d1ada	                                        	8b 45 dc                                          	mov eax, dword ptr [ebp-0x24]                     		EAX=ffffffff, ECX=00000000, EDX=00000000, EBX=b77e653c, ESP=bfc7e0e0, EBP=bfc7e138, ESI=fffffd00, EDI=00000000
-1	25761	ld-linux.so.2       	b77d1add	                                        	c7 45 cc 01 00 00 00                              	mov dword ptr [ebp-0x34], 0x1                     		EAX=b77e6000, ECX=00000000, EDX=00000000, EBX=b77e653c, ESP=bfc7e0e0, EBP=bfc7e138, ESI=fffffd00, EDI=00000000
-1	25761	ld-linux.so.2       	b77d1ae4	                                        	8b 80 10 ff ff ff                                 	mov eax, dword ptr [eax-0xf0]                     		EAX=b77e6000, ECX=00000000, EDX=00000000, EBX=b77e653c, ESP=bfc7e0e0, EBP=bfc7e138, ESI=fffffd00, EDI=00000000
-1	25761	ld-linux.so.2       	b77d1aea	                                        	85 c0                                             	test eax, eax                                     		EAX=00000000, ECX=00000000, EDX=00000000, EBX=b77e653c, ESP=bfc7e0e0, EBP=bfc7e138, ESI=fffffd00, EDI=00000000
-1	25761	ld-linux.so.2       	b77d1aec	                                        	0f 85 c6 fd ff ff                                 	jnz 0xb77d18b8                                    		EAX=00000000, ECX=00000000, EDX=00000000, EBX=b77e653c, ESP=bfc7e0e0, EBP=bfc7e138, ESI=fffffd00, EDI=00000000
-1	25761	ld-linux.so.2       	b77d1af2	                                        	8b 45 dc                                          	mov eax, dword ptr [ebp-0x24]                     		EAX=00000000, ECX=00000000, EDX=00000000, EBX=b77e653c, ESP=bfc7e0e0, EBP=bfc7e138, ESI=fffffd00, EDI=00000000
-1	25761	ld-linux.so.2       	b77d1af5	                                        	f6 80 00 fd ff ff 80                              	test byte ptr [eax-0x300], 0x80                   		EAX=b77e6000, ECX=00000000, EDX=00000000, EBX=b77e653c, ESP=bfc7e0e0, EBP=bfc7e138, ESI=fffffd00, EDI=00000000
-1	25761	ld-linux.so.2       	b77d1afc	                                        	0f 85 be 00 00 00                                 	jnz 0xb77d1bc0                                    		EAX=b77e6000, ECX=00000000, EDX=00000000, EBX=b77e653c, ESP=bfc7e0e0, EBP=bfc7e138, ESI=fffffd00, EDI=00000000
-1	25761	ld-linux.so.2       	b77d1b02	                                        	8d 65 f4                                          	lea esp, ptr [ebp-0xc]                            		EAX=b77e6000, ECX=00000000, EDX=00000000, EBX=b77e653c, ESP=bfc7e0e0, EBP=bfc7e138, ESI=fffffd00, EDI=00000000
-1	25761	ld-linux.so.2       	b77d1b05	                                        	5b                                                	pop ebx                                           		EAX=b77e6000, ECX=00000000, EDX=00000000, EBX=b77e653c, ESP=bfc7e12c, EBP=bfc7e138, ESI=fffffd00, EDI=00000000
-1	25761	ld-linux.so.2       	b77d1b06	                                        	5e                                                	pop esi                                           		EAX=b77e6000, ECX=00000000, EDX=00000000, EBX=b505c000, ESP=bfc7e130, EBP=bfc7e138, ESI=fffffd00, EDI=00000000
-1	25761	ld-linux.so.2       	b77d1b07	                                        	5f                                                	pop edi                                           		EAX=b77e6000, ECX=00000000, EDX=00000000, EBX=b505c000, ESP=bfc7e134, EBP=bfc7e138, ESI=00000008, EDI=00000000
-1	25761	ld-linux.so.2       	b77d1b08	                                        	5d                                                	pop ebp                                           		EAX=b77e6000, ECX=00000000, EDX=00000000, EBX=b505c000, ESP=bfc7e138, EBP=bfc7e138, ESI=00000008, EDI=b505c3dc
-1	25761	ld-linux.so.2       	b77d1b09	                                        	c3                                                	ret                                               		EAX=b77e6000, ECX=00000000, EDX=00000000, EBX=b505c000, ESP=bfc7e13c, EBP=b505d1e0, ESI=00000008, EDI=b505c3dc
-1	25761	libc.so.6           	b4ed79a3	                                        	83 c4 10                                          	add esp, 0x10                                     		EAX=b77e6000, ECX=00000000, EDX=00000000, EBX=b505c000, ESP=bfc7e140, EBP=b505d1e0, ESI=00000008, EDI=b505c3dc
-1	25761	libc.so.6           	b4ed79a6	                                        	e9 45 ff ff ff                                    	jmp 0xb4ed78f0                                    		EAX=b77e6000, ECX=00000000, EDX=00000000, EBX=b505c000, ESP=bfc7e150, EBP=b505d1e0, ESI=00000008, EDI=b505c3dc
-1	25761	libc.so.6           	b4ed78f0	                                        	8b 45 04                                          	mov eax, dword ptr [ebp+0x4]                      		EAX=b77e6000, ECX=00000000, EDX=00000000, EBX=b505c000, ESP=bfc7e150, EBP=b505d1e0, ESI=00000008, EDI=b505c3dc
-1	25761	libc.so.6           	b4ed78f3	                                        	89 c2                                             	mov edx, eax                                      		EAX=00000000, ECX=00000000, EDX=00000000, EBX=b505c000, ESP=bfc7e150, EBP=b505d1e0, ESI=00000008, EDI=b505c3dc
-1	25761	libc.so.6           	b4ed78f5	                                        	c1 e2 04                                          	shl edx, 0x4                                      		EAX=00000000, ECX=00000000, EDX=00000000, EBX=b505c000, ESP=bfc7e150, EBP=b505d1e0, ESI=00000008, EDI=b505c3dc
-1	25761	libc.so.6           	b4ed78f8	                                        	85 c0                                             	test eax, eax                                     		EAX=00000000, ECX=00000000, EDX=00000000, EBX=b505c000, ESP=bfc7e150, EBP=b505d1e0, ESI=00000008, EDI=b505c3dc
-1	25761	libc.so.6           	b4ed78fa	                                        	8d 4c 15 f8                                       	lea ecx, ptr [ebp+edx*1-0x8]                      		EAX=00000000, ECX=00000000, EDX=00000000, EBX=b505c000, ESP=bfc7e150, EBP=b505d1e0, ESI=00000008, EDI=b505c3dc
-1	25761	libc.so.6           	b4ed78fe	                                        	74 22                                             	jz 0xb4ed7922                                     		EAX=00000000, ECX=b505d1d8, EDX=00000000, EBX=b505c000, ESP=bfc7e150, EBP=b505d1e0, ESI=00000008, EDI=b505c3dc
-1	25761	libc.so.6           	b4ed7922	                                        	8b 45 00                                          	mov eax, dword ptr [ebp]                          		EAX=00000000, ECX=b505d1d8, EDX=00000000, EBX=b505c000, ESP=bfc7e150, EBP=b505d1e0, ESI=00000008, EDI=b505c3dc
-1	25761	libc.so.6           	b4ed7925	                                        	85 c0                                             	test eax, eax                                     		EAX=00000000, ECX=b505d1d8, EDX=00000000, EBX=b505c000, ESP=bfc7e150, EBP=b505d1e0, ESI=00000008, EDI=b505c3dc
-1	25761	libc.so.6           	b4ed7927	                                        	89 07                                             	mov dword ptr [edi], eax                          		EAX=00000000, ECX=b505d1d8, EDX=00000000, EBX=b505c000, ESP=bfc7e150, EBP=b505d1e0, ESI=00000008, EDI=b505c3dc
-1	25761	libc.so.6           	b4ed7929	                                        	0f 85 99 00 00 00                                 	jnz 0xb4ed79c8                                    		EAX=00000000, ECX=b505d1d8, EDX=00000000, EBX=b505c000, ESP=bfc7e150, EBP=b505d1e0, ESI=00000008, EDI=b505c3dc
-1	25761	libc.so.6           	b4ed792f	                                        	80 7c 24 0c 00                                    	cmp byte ptr [esp+0xc], 0x0                       		EAX=00000000, ECX=b505d1d8, EDX=00000000, EBX=b505c000, ESP=bfc7e150, EBP=b505d1e0, ESI=00000008, EDI=b505c3dc
-1	25761	libc.so.6           	b4ed7934	                                        	74 1b                                             	jz 0xb4ed7951                                     		EAX=00000000, ECX=b505d1d8, EDX=00000000, EBX=b505c000, ESP=bfc7e150, EBP=b505d1e0, ESI=00000008, EDI=b505c3dc
-1	25761	libc.so.6           	b4ed7936	                                        	8d 83 cc e2 ff ff                                 	lea eax, ptr [ebx-0x1d34]                         		EAX=00000000, ECX=b505d1d8, EDX=00000000, EBX=b505c000, ESP=bfc7e150, EBP=b505d1e0, ESI=00000008, EDI=b505c3dc
-1	25761	libc.so.6           	b4ed793c	                                        	8d bb d0 e2 ff ff                                 	lea edi, ptr [ebx-0x1d30]                         		EAX=b505a2cc, ECX=b505d1d8, EDX=00000000, EBX=b505c000, ESP=bfc7e150, EBP=b505d1e0, ESI=00000008, EDI=b505c3dc
-1	25761	libc.so.6           	b4ed7942	                                        	39 f8                                             	cmp eax, edi                                      		EAX=b505a2cc, ECX=b505d1d8, EDX=00000000, EBX=b505c000, ESP=bfc7e150, EBP=b505d1e0, ESI=00000008, EDI=b505a2d0
-1	25761	libc.so.6           	b4ed7944	                                        	73 0b                                             	jnb 0xb4ed7951                                    		EAX=b505a2cc, ECX=b505d1d8, EDX=00000000, EBX=b505c000, ESP=bfc7e150, EBP=b505d1e0, ESI=00000008, EDI=b505a2d0
-1	25761	libc.so.6           	b4ed7946	                                        	89 c3                                             	mov ebx, eax                                      		EAX=b505a2cc, ECX=b505d1d8, EDX=00000000, EBX=b505c000, ESP=bfc7e150, EBP=b505d1e0, ESI=00000008, EDI=b505a2d0
-1	25761	libc.so.6           	b4ed7948	                                        	ff 13                                             	call dword ptr [ebx]                              		EAX=b505a2cc, ECX=b505d1d8, EDX=00000000, EBX=b505a2cc, ESP=bfc7e150, EBP=b505d1e0, ESI=00000008, EDI=b505a2d0
-1	25761	libc.so.6           	b4f14b70	                                        	55                                                	push ebp                                          		EAX=b505a2cc, ECX=b505d1d8, EDX=00000000, EBX=b505a2cc, ESP=bfc7e14c, EBP=b505d1e0, ESI=00000008, EDI=b505a2d0
-1	25761	libc.so.6           	b4f14b71	                                        	57                                                	push edi                                          		EAX=b505a2cc, ECX=b505d1d8, EDX=00000000, EBX=b505a2cc, ESP=bfc7e148, EBP=b505d1e0, ESI=00000008, EDI=b505a2d0
-1	25761	libc.so.6           	b4f14b72	                                        	56                                                	push esi                                          		EAX=b505a2cc, ECX=b505d1d8, EDX=00000000, EBX=b505a2cc, ESP=bfc7e144, EBP=b505d1e0, ESI=00000008, EDI=b505a2d0
-1	25761	libc.so.6           	b4f14b73	                                        	53                                                	push ebx                                          		EAX=b505a2cc, ECX=b505d1d8, EDX=00000000, EBX=b505a2cc, ESP=bfc7e140, EBP=b505d1e0, ESI=00000008, EDI=b505a2d0
-1	25761	libc.so.6           	b4f14b74	                                        	e8 fc 40 0b 00                                    	call 0xb4fc8c75                                   		EAX=b505a2cc, ECX=b505d1d8, EDX=00000000, EBX=b505a2cc, ESP=bfc7e13c, EBP=b505d1e0, ESI=00000008, EDI=b505a2d0
-1	25761	libc.so.6           	b4fc8c75	                                        	8b 1c 24                                          	mov ebx, dword ptr [esp]                          		EAX=b505a2cc, ECX=b505d1d8, EDX=00000000, EBX=b505a2cc, ESP=bfc7e138, EBP=b505d1e0, ESI=00000008, EDI=b505a2d0
-1	25761	libc.so.6           	b4fc8c78	                                        	c3                                                	ret                                               		EAX=b505a2cc, ECX=b505d1d8, EDX=00000000, EBX=b4f14b79, ESP=bfc7e138, EBP=b505d1e0, ESI=00000008, EDI=b505a2d0
-1	25761	libc.so.6           	b4f14b79	                                        	81 c3 87 74 14 00                                 	add ebx, 0x147487                                 		EAX=b505a2cc, ECX=b505d1d8, EDX=00000000, EBX=b4f14b79, ESP=bfc7e13c, EBP=b505d1e0, ESI=00000008, EDI=b505a2d0
-1	25761	libc.so.6           	b4f14b7f	                                        	83 ec 28                                          	sub esp, 0x28                                     		EAX=b505a2cc, ECX=b505d1d8, EDX=00000000, EBX=b505c000, ESP=bfc7e13c, EBP=b505d1e0, ESI=00000008, EDI=b505a2d0
-1	25761	libc.so.6           	b4f14b82	                                        	6a 00                                             	push 0x0                                          		EAX=b505a2cc, ECX=b505d1d8, EDX=00000000, EBX=b505c000, ESP=bfc7e114, EBP=b505d1e0, ESI=00000008, EDI=b505a2d0
-1	25761	libc.so.6           	b4f14b84	                                        	65 8b 2d 08 00 00 00                              	mov ebp, dword ptr gs:[0x8]                       		EAX=b505a2cc, ECX=b505d1d8, EDX=00000000, EBX=b505c000, ESP=bfc7e110, EBP=b505d1e0, ESI=00000008, EDI=b505a2d0
-1	25761	libc.so.6           	b4f14b8b	                                        	e8 20 fd ff ff                                    	call 0xb4f148b0                                   		EAX=b505a2cc, ECX=b505d1d8, EDX=00000000, EBX=b505c000, ESP=bfc7e110, EBP=b4e90700, ESI=00000008, EDI=b505a2d0
-1	25761	libc.so.6           	b4f148b0	                                        	55                                                	push ebp                                          		EAX=b505a2cc, ECX=b505d1d8, EDX=00000000, EBX=b505c000, ESP=bfc7e10c, EBP=b4e90700, ESI=00000008, EDI=b505a2d0
-1	25761	libc.so.6           	b4f148b1	                                        	57                                                	push edi                                          		EAX=b505a2cc, ECX=b505d1d8, EDX=00000000, EBX=b505c000, ESP=bfc7e108, EBP=b4e90700, ESI=00000008, EDI=b505a2d0
-1	25761	libc.so.6           	b4f148b2	                                        	56                                                	push esi                                          		EAX=b505a2cc, ECX=b505d1d8, EDX=00000000, EBX=b505c000, ESP=bfc7e104, EBP=b4e90700, ESI=00000008, EDI=b505a2d0
-1	25761	libc.so.6           	b4f148b3	                                        	53                                                	push ebx                                          		EAX=b505a2cc, ECX=b505d1d8, EDX=00000000, EBX=b505c000, ESP=bfc7e100, EBP=b4e90700, ESI=00000008, EDI=b505a2d0
-1	25761	libc.so.6           	b4f148b4	                                        	e8 c8 43 0b 00                                    	call 0xb4fc8c81                                   		EAX=b505a2cc, ECX=b505d1d8, EDX=00000000, EBX=b505c000, ESP=bfc7e0fc, EBP=b4e90700, ESI=00000008, EDI=b505a2d0
-1	25761	libc.so.6           	b4fc8c81	                                        	8b 34 24                                          	mov esi, dword ptr [esp]                          		EAX=b505a2cc, ECX=b505d1d8, EDX=00000000, EBX=b505c000, ESP=bfc7e0f8, EBP=b4e90700, ESI=00000008, EDI=b505a2d0
-1	25761	libc.so.6           	b4fc8c84	                                        	c3                                                	ret                                               		EAX=b505a2cc, ECX=b505d1d8, EDX=00000000, EBX=b505c000, ESP=bfc7e0f8, EBP=b4e90700, ESI=b4f148b9, EDI=b505a2d0
-1	25761	libc.so.6           	b4f148b9	                                        	81 c6 47 77 14 00                                 	add esi, 0x147747                                 		EAX=b505a2cc, ECX=b505d1d8, EDX=00000000, EBX=b505c000, ESP=bfc7e0fc, EBP=b4e90700, ESI=b4f148b9, EDI=b505a2d0
-1	25761	libc.so.6           	b4f148bf	                                        	83 ec 2c                                          	sub esp, 0x2c                                     		EAX=b505a2cc, ECX=b505d1d8, EDX=00000000, EBX=b505c000, ESP=bfc7e0fc, EBP=b4e90700, ESI=b505c000, EDI=b505a2d0
-1	25761	libc.so.6           	b4f148c2	                                        	8b 7c 24 40                                       	mov edi, dword ptr [esp+0x40]                     		EAX=b505a2cc, ECX=b505d1d8, EDX=00000000, EBX=b505c000, ESP=bfc7e0d0, EBP=b4e90700, ESI=b505c000, EDI=b505a2d0
-1	25761	libc.so.6           	b4f148c6	                                        	85 ff                                             	test edi, edi                                     		EAX=b505a2cc, ECX=b505d1d8, EDX=00000000, EBX=b505c000, ESP=bfc7e0d0, EBP=b4e90700, ESI=b505c000, EDI=00000000
-1	25761	libc.so.6           	b4f148c8	                                        	0f 84 e2 01 00 00                                 	jz 0xb4f14ab0                                     		EAX=b505a2cc, ECX=b505d1d8, EDX=00000000, EBX=b505c000, ESP=bfc7e0d0, EBP=b4e90700, ESI=b505c000, EDI=00000000
-1	25761	libc.so.6           	b4f14ab0	                                        	8b 9e a0 0c 00 00                                 	mov ebx, dword ptr [esi+0xca0]                    		EAX=b505a2cc, ECX=b505d1d8, EDX=00000000, EBX=b505c000, ESP=bfc7e0d0, EBP=b4e90700, ESI=b505c000, EDI=00000000
-1	25761	libc.so.6           	b4f14ab6	                                        	8b ae 54 18 00 00                                 	mov ebp, dword ptr [esi+0x1854]                   		EAX=b505a2cc, ECX=b505d1d8, EDX=00000000, EBX=b505ccc0, ESP=bfc7e0d0, EBP=b4e90700, ESI=b505c000, EDI=00000000
-1	25761	libc.so.6           	b4f14abc	                                        	c7 44 24 0c 00 00 00 00                           	mov dword ptr [esp+0xc], 0x0                      		EAX=b505a2cc, ECX=b505d1d8, EDX=00000000, EBX=b505ccc0, ESP=bfc7e0d0, EBP=00000000, ESI=b505c000, EDI=00000000
-1	25761	libc.so.6           	b4f14ac4	                                        	85 db                                             	test ebx, ebx                                     		EAX=b505a2cc, ECX=b505d1d8, EDX=00000000, EBX=b505ccc0, ESP=bfc7e0d0, EBP=00000000, ESI=b505c000, EDI=00000000
-1	25761	libc.so.6           	b4f14ac6	                                        	0f 85 88 fe ff ff                                 	jnz 0xb4f14954                                    		EAX=b505a2cc, ECX=b505d1d8, EDX=00000000, EBX=b505ccc0, ESP=bfc7e0d0, EBP=00000000, ESI=b505c000, EDI=00000000
-1	25761	libc.so.6           	b4f14954	                                        	65 a1 08 00 00 00                                 	mov eax, dword ptr gs:[0x8]                       		EAX=b505a2cc, ECX=b505d1d8, EDX=00000000, EBX=b505ccc0, ESP=bfc7e0d0, EBP=00000000, ESI=b505c000, EDI=00000000
-1	25761	libc.so.6           	b4f1495a	                                        	c7 44 24 04 00 00 00 00                           	mov dword ptr [esp+0x4], 0x0                      		EAX=b4e90700, ECX=b505d1d8, EDX=00000000, EBX=b505ccc0, ESP=bfc7e0d0, EBP=00000000, ESI=b505c000, EDI=00000000
-1	25761	libc.so.6           	b4f14962	                                        	89 44 24 08                                       	mov dword ptr [esp+0x8], eax                      		EAX=b4e90700, ECX=b505d1d8, EDX=00000000, EBX=b505ccc0, ESP=bfc7e0d0, EBP=00000000, ESI=b505c000, EDI=00000000
-1	25761	libc.so.6           	b4f14966	                                        	eb 18                                             	jmp 0xb4f14980                                    		EAX=b4e90700, ECX=b505d1d8, EDX=00000000, EBX=b505ccc0, ESP=bfc7e0d0, EBP=00000000, ESI=b505c000, EDI=00000000
-1	25761	libc.so.6           	b4f14980	                                        	85 ff                                             	test edi, edi                                     		EAX=b4e90700, ECX=b505d1d8, EDX=00000000, EBX=b505ccc0, ESP=bfc7e0d0, EBP=00000000, ESI=b505c000, EDI=00000000
-1	25761	libc.so.6           	b4f14982	                                        	89 9e 50 18 00 00                                 	mov dword ptr [esi+0x1850], ebx                   		EAX=b4e90700, ECX=b505d1d8, EDX=00000000, EBX=b505ccc0, ESP=bfc7e0d0, EBP=00000000, ESI=b505c000, EDI=00000000
-1	25761	libc.so.6           	b4f14988	                                        	74 3f                                             	jz 0xb4f149c9                                     		EAX=b4e90700, ECX=b505d1d8, EDX=00000000, EBX=b505ccc0, ESP=bfc7e0d0, EBP=00000000, ESI=b505c000, EDI=00000000
-1	25761	libc.so.6           	b4f149c9	                                        	8b 53 68                                          	mov edx, dword ptr [ebx+0x68]                     		EAX=b4e90700, ECX=b505d1d8, EDX=00000000, EBX=b505ccc0, ESP=bfc7e0d0, EBP=00000000, ESI=b505c000, EDI=00000000
-1	25761	libc.so.6           	b4f149cc	                                        	85 d2                                             	test edx, edx                                     		EAX=b4e90700, ECX=b505d1d8, EDX=00000000, EBX=b505ccc0, ESP=bfc7e0d0, EBP=00000000, ESI=b505c000, EDI=00000000
-1	25761	libc.so.6           	b4f149ce	                                        	0f 8e 0c 01 00 00                                 	jle 0xb4f14ae0                                    		EAX=b4e90700, ECX=b505d1d8, EDX=00000000, EBX=b505ccc0, ESP=bfc7e0d0, EBP=00000000, ESI=b505c000, EDI=00000000
-1	25761	libc.so.6           	b4f14ae0	                                        	8b 43 10                                          	mov eax, dword ptr [ebx+0x10]                     		EAX=b4e90700, ECX=b505d1d8, EDX=00000000, EBX=b505ccc0, ESP=bfc7e0d0, EBP=00000000, ESI=b505c000, EDI=00000000
-1	25761	libc.so.6           	b4f14ae3	                                        	39 43 14                                          	cmp dword ptr [ebx+0x14], eax                     		EAX=00000000, ECX=b505d1d8, EDX=00000000, EBX=b505ccc0, ESP=bfc7e0d0, EBP=00000000, ESI=b505c000, EDI=00000000
-1	25761	libc.so.6           	b4f14ae6	                                        	0f 86 1f ff ff ff                                 	jbe 0xb4f14a0b                                    		EAX=00000000, ECX=b505d1d8, EDX=00000000, EBX=b505ccc0, ESP=bfc7e0d0, EBP=00000000, ESI=b505c000, EDI=00000000
-1	25761	libc.so.6           	b4f14a0b	                                        	85 ff                                             	test edi, edi                                     		EAX=00000000, ECX=b505d1d8, EDX=00000000, EBX=b505ccc0, ESP=bfc7e0d0, EBP=00000000, ESI=b505c000, EDI=00000000
-1	25761	libc.so.6           	b4f14a0d	                                        	74 31                                             	jz 0xb4f14a40                                     		EAX=00000000, ECX=b505d1d8, EDX=00000000, EBX=b505ccc0, ESP=bfc7e0d0, EBP=00000000, ESI=b505c000, EDI=00000000
-1	25761	libc.so.6           	b4f14a40	                                        	8b 86 54 18 00 00                                 	mov eax, dword ptr [esi+0x1854]                   		EAX=00000000, ECX=b505d1d8, EDX=00000000, EBX=b505ccc0, ESP=bfc7e0d0, EBP=00000000, ESI=b505c000, EDI=00000000
-1	25761	libc.so.6           	b4f14a46	                                        	c7 86 50 18 00 00 00 00 00 00                     	mov dword ptr [esi+0x1850], 0x0                   		EAX=00000000, ECX=b505d1d8, EDX=00000000, EBX=b505ccc0, ESP=bfc7e0d0, EBP=00000000, ESI=b505c000, EDI=00000000
-1	25761	libc.so.6           	b4f14a50	                                        	39 e8                                             	cmp eax, ebp                                      		EAX=00000000, ECX=b505d1d8, EDX=00000000, EBX=b505ccc0, ESP=bfc7e0d0, EBP=00000000, ESI=b505c000, EDI=00000000
-1	25761	libc.so.6           	b4f14a52	                                        	0f 85 18 ff ff ff                                 	jnz 0xb4f14970                                    		EAX=00000000, ECX=b505d1d8, EDX=00000000, EBX=b505ccc0, ESP=bfc7e0d0, EBP=00000000, ESI=b505c000, EDI=00000000
-1	25761	libc.so.6           	b4f14a58	                                        	8b 5b 34                                          	mov ebx, dword ptr [ebx+0x34]                     		EAX=00000000, ECX=b505d1d8, EDX=00000000, EBX=b505ccc0, ESP=bfc7e0d0, EBP=00000000, ESI=b505c000, EDI=00000000
-1	25761	libc.so.6           	b4f14a5b	                                        	85 db                                             	test ebx, ebx                                     		EAX=00000000, ECX=b505d1d8, EDX=00000000, EBX=b505cd60, ESP=bfc7e0d0, EBP=00000000, ESI=b505c000, EDI=00000000
-1	25761	libc.so.6           	b4f14a5d	                                        	0f 85 1b ff ff ff                                 	jnz 0xb4f1497e                                    		EAX=00000000, ECX=b505d1d8, EDX=00000000, EBX=b505cd60, ESP=bfc7e0d0, EBP=00000000, ESI=b505c000, EDI=00000000
-1	25761	libc.so.6           	b4f1497e	                                        	89 c5                                             	mov ebp, eax                                      		EAX=00000000, ECX=b505d1d8, EDX=00000000, EBX=b505cd60, ESP=bfc7e0d0, EBP=00000000, ESI=b505c000, EDI=00000000
-1	25761	libc.so.6           	b4f14980	                                        	85 ff                                             	test edi, edi                                     		EAX=00000000, ECX=b505d1d8, EDX=00000000, EBX=b505cd60, ESP=bfc7e0d0, EBP=00000000, ESI=b505c000, EDI=00000000
-1	25761	libc.so.6           	b4f14982	                                        	89 9e 50 18 00 00                                 	mov dword ptr [esi+0x1850], ebx                   		EAX=00000000, ECX=b505d1d8, EDX=00000000, EBX=b505cd60, ESP=bfc7e0d0, EBP=00000000, ESI=b505c000, EDI=00000000
-1	25761	libc.so.6           	b4f14988	                                        	74 3f                                             	jz 0xb4f149c9                                     		EAX=00000000, ECX=b505d1d8, EDX=00000000, EBX=b505cd60, ESP=bfc7e0d0, EBP=00000000, ESI=b505c000, EDI=00000000
-1	25761	libc.so.6           	b4f149c9	                                        	8b 53 68                                          	mov edx, dword ptr [ebx+0x68]                     		EAX=00000000, ECX=b505d1d8, EDX=00000000, EBX=b505cd60, ESP=bfc7e0d0, EBP=00000000, ESI=b505c000, EDI=00000000
-1	25761	libc.so.6           	b4f149cc	                                        	85 d2                                             	test edx, edx                                     		EAX=00000000, ECX=b505d1d8, EDX=00000000, EBX=b505cd60, ESP=bfc7e0d0, EBP=00000000, ESI=b505c000, EDI=00000000
-1	25761	libc.so.6           	b4f149ce	                                        	0f 8e 0c 01 00 00                                 	jle 0xb4f14ae0                                    		EAX=00000000, ECX=b505d1d8, EDX=00000000, EBX=b505cd60, ESP=bfc7e0d0, EBP=00000000, ESI=b505c000, EDI=00000000
-1	25761	libc.so.6           	b4f14ae0	                                        	8b 43 10                                          	mov eax, dword ptr [ebx+0x10]                     		EAX=00000000, ECX=b505d1d8, EDX=00000000, EBX=b505cd60, ESP=bfc7e0d0, EBP=00000000, ESI=b505c000, EDI=00000000
-1	25761	libc.so.6           	b4f14ae3	                                        	39 43 14                                          	cmp dword ptr [ebx+0x14], eax                     		EAX=00000000, ECX=b505d1d8, EDX=00000000, EBX=b505cd60, ESP=bfc7e0d0, EBP=00000000, ESI=b505c000, EDI=00000000
-1	25761	libc.so.6           	b4f14ae6	                                        	0f 86 1f ff ff ff                                 	jbe 0xb4f14a0b                                    		EAX=00000000, ECX=b505d1d8, EDX=00000000, EBX=b505cd60, ESP=bfc7e0d0, EBP=00000000, ESI=b505c000, EDI=00000000
-1	25761	libc.so.6           	b4f14a0b	                                        	85 ff                                             	test edi, edi                                     		EAX=00000000, ECX=b505d1d8, EDX=00000000, EBX=b505cd60, ESP=bfc7e0d0, EBP=00000000, ESI=b505c000, EDI=00000000
-1	25761	libc.so.6           	b4f14a0d	                                        	74 31                                             	jz 0xb4f14a40                                     		EAX=00000000, ECX=b505d1d8, EDX=00000000, EBX=b505cd60, ESP=bfc7e0d0, EBP=00000000, ESI=b505c000, EDI=00000000
-1	25761	libc.so.6           	b4f14a40	                                        	8b 86 54 18 00 00                                 	mov eax, dword ptr [esi+0x1854]                   		EAX=00000000, ECX=b505d1d8, EDX=00000000, EBX=b505cd60, ESP=bfc7e0d0, EBP=00000000, ESI=b505c000, EDI=00000000
-1	25761	libc.so.6           	b4f14a46	                                        	c7 86 50 18 00 00 00 00 00 00                     	mov dword ptr [esi+0x1850], 0x0                   		EAX=00000000, ECX=b505d1d8, EDX=00000000, EBX=b505cd60, ESP=bfc7e0d0, EBP=00000000, ESI=b505c000, EDI=00000000
-1	25761	libc.so.6           	b4f14a50	                                        	39 e8                                             	cmp eax, ebp                                      		EAX=00000000, ECX=b505d1d8, EDX=00000000, EBX=b505cd60, ESP=bfc7e0d0, EBP=00000000, ESI=b505c000, EDI=00000000
-1	25761	libc.so.6           	b4f14a52	                                        	0f 85 18 ff ff ff                                 	jnz 0xb4f14970                                    		EAX=00000000, ECX=b505d1d8, EDX=00000000, EBX=b505cd60, ESP=bfc7e0d0, EBP=00000000, ESI=b505c000, EDI=00000000
-1	25761	libc.so.6           	b4f14a58	                                        	8b 5b 34                                          	mov ebx, dword ptr [ebx+0x34]                     		EAX=00000000, ECX=b505d1d8, EDX=00000000, EBX=b505cd60, ESP=bfc7e0d0, EBP=00000000, ESI=b505c000, EDI=00000000
-1	25761	libc.so.6           	b4f14a5b	                                        	85 db                                             	test ebx, ebx                                     		EAX=00000000, ECX=b505d1d8, EDX=00000000, EBX=b505c5a0, ESP=bfc7e0d0, EBP=00000000, ESI=b505c000, EDI=00000000
-1	25761	libc.so.6           	b4f14a5d	                                        	0f 85 1b ff ff ff                                 	jnz 0xb4f1497e                                    		EAX=00000000, ECX=b505d1d8, EDX=00000000, EBX=b505c5a0, ESP=bfc7e0d0, EBP=00000000, ESI=b505c000, EDI=00000000
-1	25761	libc.so.6           	b4f1497e	                                        	89 c5                                             	mov ebp, eax                                      		EAX=00000000, ECX=b505d1d8, EDX=00000000, EBX=b505c5a0, ESP=bfc7e0d0, EBP=00000000, ESI=b505c000, EDI=00000000
-1	25761	libc.so.6           	b4f14980	                                        	85 ff                                             	test edi, edi                                     		EAX=00000000, ECX=b505d1d8, EDX=00000000, EBX=b505c5a0, ESP=bfc7e0d0, EBP=00000000, ESI=b505c000, EDI=00000000
-1	25761	libc.so.6           	b4f14982	                                        	89 9e 50 18 00 00                                 	mov dword ptr [esi+0x1850], ebx                   		EAX=00000000, ECX=b505d1d8, EDX=00000000, EBX=b505c5a0, ESP=bfc7e0d0, EBP=00000000, ESI=b505c000, EDI=00000000
-1	25761	libc.so.6           	b4f14988	                                        	74 3f                                             	jz 0xb4f149c9                                     		EAX=00000000, ECX=b505d1d8, EDX=00000000, EBX=b505c5a0, ESP=bfc7e0d0, EBP=00000000, ESI=b505c000, EDI=00000000
-1	25761	libc.so.6           	b4f149c9	                                        	8b 53 68                                          	mov edx, dword ptr [ebx+0x68]                     		EAX=00000000, ECX=b505d1d8, EDX=00000000, EBX=b505c5a0, ESP=bfc7e0d0, EBP=00000000, ESI=b505c000, EDI=00000000
-1	25761	libc.so.6           	b4f149cc	                                        	85 d2                                             	test edx, edx                                     		EAX=00000000, ECX=b505d1d8, EDX=00000000, EBX=b505c5a0, ESP=bfc7e0d0, EBP=00000000, ESI=b505c000, EDI=00000000
-1	25761	libc.so.6           	b4f149ce	                                        	0f 8e 0c 01 00 00                                 	jle 0xb4f14ae0                                    		EAX=00000000, ECX=b505d1d8, EDX=00000000, EBX=b505c5a0, ESP=bfc7e0d0, EBP=00000000, ESI=b505c000, EDI=00000000
-1	25761	libc.so.6           	b4f14ae0	                                        	8b 43 10                                          	mov eax, dword ptr [ebx+0x10]                     		EAX=00000000, ECX=b505d1d8, EDX=00000000, EBX=b505c5a0, ESP=bfc7e0d0, EBP=00000000, ESI=b505c000, EDI=00000000
-1	25761	libc.so.6           	b4f14ae3	                                        	39 43 14                                          	cmp dword ptr [ebx+0x14], eax                     		EAX=00000000, ECX=b505d1d8, EDX=00000000, EBX=b505c5a0, ESP=bfc7e0d0, EBP=00000000, ESI=b505c000, EDI=00000000
-1	25761	libc.so.6           	b4f14ae6	                                        	0f 86 1f ff ff ff                                 	jbe 0xb4f14a0b                                    		EAX=00000000, ECX=b505d1d8, EDX=00000000, EBX=b505c5a0, ESP=bfc7e0d0, EBP=00000000, ESI=b505c000, EDI=00000000
-1	25761	libc.so.6           	b4f14a0b	                                        	85 ff                                             	test edi, edi                                     		EAX=00000000, ECX=b505d1d8, EDX=00000000, EBX=b505c5a0, ESP=bfc7e0d0, EBP=00000000, ESI=b505c000, EDI=00000000
-1	25761	libc.so.6           	b4f14a0d	                                        	74 31                                             	jz 0xb4f14a40                                     		EAX=00000000, ECX=b505d1d8, EDX=00000000, EBX=b505c5a0, ESP=bfc7e0d0, EBP=00000000, ESI=b505c000, EDI=00000000
-1	25761	libc.so.6           	b4f14a40	                                        	8b 86 54 18 00 00                                 	mov eax, dword ptr [esi+0x1854]                   		EAX=00000000, ECX=b505d1d8, EDX=00000000, EBX=b505c5a0, ESP=bfc7e0d0, EBP=00000000, ESI=b505c000, EDI=00000000
-1	25761	libc.so.6           	b4f14a46	                                        	c7 86 50 18 00 00 00 00 00 00                     	mov dword ptr [esi+0x1850], 0x0                   		EAX=00000000, ECX=b505d1d8, EDX=00000000, EBX=b505c5a0, ESP=bfc7e0d0, EBP=00000000, ESI=b505c000, EDI=00000000
-1	25761	libc.so.6           	b4f14a50	                                        	39 e8                                             	cmp eax, ebp                                      		EAX=00000000, ECX=b505d1d8, EDX=00000000, EBX=b505c5a0, ESP=bfc7e0d0, EBP=00000000, ESI=b505c000, EDI=00000000
-1	25761	libc.so.6           	b4f14a52	                                        	0f 85 18 ff ff ff                                 	jnz 0xb4f14970                                    		EAX=00000000, ECX=b505d1d8, EDX=00000000, EBX=b505c5a0, ESP=bfc7e0d0, EBP=00000000, ESI=b505c000, EDI=00000000
-1	25761	libc.so.6           	b4f14a58	                                        	8b 5b 34                                          	mov ebx, dword ptr [ebx+0x34]                     		EAX=00000000, ECX=b505d1d8, EDX=00000000, EBX=b505c5a0, ESP=bfc7e0d0, EBP=00000000, ESI=b505c000, EDI=00000000
-1	25761	libc.so.6           	b4f14a5b	                                        	85 db                                             	test ebx, ebx                                     		EAX=00000000, ECX=b505d1d8, EDX=00000000, EBX=00000000, ESP=bfc7e0d0, EBP=00000000, ESI=b505c000, EDI=00000000
-1	25761	libc.so.6           	b4f14a5d	                                        	0f 85 1b ff ff ff                                 	jnz 0xb4f1497e                                    		EAX=00000000, ECX=b505d1d8, EDX=00000000, EBX=00000000, ESP=bfc7e0d0, EBP=00000000, ESI=b505c000, EDI=00000000
-1	25761	libc.so.6           	b4f14a63	                                        	85 ff                                             	test edi, edi                                     		EAX=00000000, ECX=b505d1d8, EDX=00000000, EBX=00000000, ESP=bfc7e0d0, EBP=00000000, ESI=b505c000, EDI=00000000
-1	25761	libc.so.6           	b4f14a65	                                        	74 13                                             	jz 0xb4f14a7a                                     		EAX=00000000, ECX=b505d1d8, EDX=00000000, EBX=00000000, ESP=bfc7e0d0, EBP=00000000, ESI=b505c000, EDI=00000000
-1	25761	libc.so.6           	b4f14a7a	                                        	8b 44 24 0c                                       	mov eax, dword ptr [esp+0xc]                      		EAX=00000000, ECX=b505d1d8, EDX=00000000, EBX=00000000, ESP=bfc7e0d0, EBP=00000000, ESI=b505c000, EDI=00000000
-1	25761	libc.so.6           	b4f14a7e	                                        	85 c0                                             	test eax, eax                                     		EAX=00000000, ECX=b505d1d8, EDX=00000000, EBX=00000000, ESP=bfc7e0d0, EBP=00000000, ESI=b505c000, EDI=00000000
-1	25761	libc.so.6           	b4f14a80	                                        	74 1f                                             	jz 0xb4f14aa1                                     		EAX=00000000, ECX=b505d1d8, EDX=00000000, EBX=00000000, ESP=bfc7e0d0, EBP=00000000, ESI=b505c000, EDI=00000000
-1	25761	libc.so.6           	b4f14aa1	                                        	8b 44 24 04                                       	mov eax, dword ptr [esp+0x4]                      		EAX=00000000, ECX=b505d1d8, EDX=00000000, EBX=00000000, ESP=bfc7e0d0, EBP=00000000, ESI=b505c000, EDI=00000000
-1	25761	libc.so.6           	b4f14aa5	                                        	83 c4 2c                                          	add esp, 0x2c                                     		EAX=00000000, ECX=b505d1d8, EDX=00000000, EBX=00000000, ESP=bfc7e0d0, EBP=00000000, ESI=b505c000, EDI=00000000
-1	25761	libc.so.6           	b4f14aa8	                                        	5b                                                	pop ebx                                           		EAX=00000000, ECX=b505d1d8, EDX=00000000, EBX=00000000, ESP=bfc7e0fc, EBP=00000000, ESI=b505c000, EDI=00000000
-1	25761	libc.so.6           	b4f14aa9	                                        	5e                                                	pop esi                                           		EAX=00000000, ECX=b505d1d8, EDX=00000000, EBX=b505c000, ESP=bfc7e100, EBP=00000000, ESI=b505c000, EDI=00000000
-1	25761	libc.so.6           	b4f14aaa	                                        	5f                                                	pop edi                                           		EAX=00000000, ECX=b505d1d8, EDX=00000000, EBX=b505c000, ESP=bfc7e104, EBP=00000000, ESI=00000008, EDI=00000000
-1	25761	libc.so.6           	b4f14aab	                                        	5d                                                	pop ebp                                           		EAX=00000000, ECX=b505d1d8, EDX=00000000, EBX=b505c000, ESP=bfc7e108, EBP=00000000, ESI=00000008, EDI=b505a2d0
-1	25761	libc.so.6           	b4f14aac	                                        	c3                                                	ret                                               		EAX=00000000, ECX=b505d1d8, EDX=00000000, EBX=b505c000, ESP=bfc7e10c, EBP=b4e90700, ESI=00000008, EDI=b505a2d0
-1	25761	libc.so.6           	b4f14b90	                                        	8b bb a0 0c 00 00                                 	mov edi, dword ptr [ebx+0xca0]                    		EAX=00000000, ECX=b505d1d8, EDX=00000000, EBX=b505c000, ESP=bfc7e110, EBP=b4e90700, ESI=00000008, EDI=b505a2d0
-1	25761	libc.so.6           	b4f14b96	                                        	89 44 24 1c                                       	mov dword ptr [esp+0x1c], eax                     		EAX=00000000, ECX=b505d1d8, EDX=00000000, EBX=b505c000, ESP=bfc7e110, EBP=b4e90700, ESI=00000008, EDI=b505ccc0
-1	25761	libc.so.6           	b4f14b9a	                                        	83 c4 10                                          	add esp, 0x10                                     		EAX=00000000, ECX=b505d1d8, EDX=00000000, EBX=b505c000, ESP=bfc7e110, EBP=b4e90700, ESI=00000008, EDI=b505ccc0
-1	25761	libc.so.6           	b4f14b9d	                                        	85 ff                                             	test edi, edi                                     		EAX=00000000, ECX=b505d1d8, EDX=00000000, EBX=b505c000, ESP=bfc7e120, EBP=b4e90700, ESI=00000008, EDI=b505ccc0
-1	25761	libc.so.6           	b4f14b9f	                                        	0f 85 89 00 00 00                                 	jnz 0xb4f14c2e                                    		EAX=00000000, ECX=b505d1d8, EDX=00000000, EBX=b505c000, ESP=bfc7e120, EBP=b4e90700, ESI=00000008, EDI=b505ccc0
-1	25761	libc.so.6           	b4f14c2e	                                        	f6 07 02                                          	test byte ptr [edi], 0x2                          		EAX=00000000, ECX=b505d1d8, EDX=00000000, EBX=b505c000, ESP=bfc7e120, EBP=b4e90700, ESI=00000008, EDI=b505ccc0
-1	25761	libc.so.6           	b4f14c31	                                        	75 ed                                             	jnz 0xb4f14c20                                    		EAX=00000000, ECX=b505d1d8, EDX=00000000, EBX=b505c000, ESP=bfc7e120, EBP=b4e90700, ESI=00000008, EDI=b505ccc0
-1	25761	libc.so.6           	b4f14c20	                                        	c7 47 68 ff ff ff ff                              	mov dword ptr [edi+0x68], 0xffffffff              		EAX=00000000, ECX=b505d1d8, EDX=00000000, EBX=b505c000, ESP=bfc7e120, EBP=b4e90700, ESI=00000008, EDI=b505ccc0
-1	25761	libc.so.6           	b4f14c27	                                        	8b 7f 34                                          	mov edi, dword ptr [edi+0x34]                     		EAX=00000000, ECX=b505d1d8, EDX=00000000, EBX=b505c000, ESP=bfc7e120, EBP=b4e90700, ESI=00000008, EDI=b505ccc0
-1	25761	libc.so.6           	b4f14c2a	                                        	85 ff                                             	test edi, edi                                     		EAX=00000000, ECX=b505d1d8, EDX=00000000, EBX=b505c000, ESP=bfc7e120, EBP=b4e90700, ESI=00000008, EDI=b505cd60
-1	25761	libc.so.6           	b4f14c2c	                                        	74 52                                             	jz 0xb4f14c80                                     		EAX=00000000, ECX=b505d1d8, EDX=00000000, EBX=b505c000, ESP=bfc7e120, EBP=b4e90700, ESI=00000008, EDI=b505cd60
-1	25761	libc.so.6           	b4f14c2e	                                        	f6 07 02                                          	test byte ptr [edi], 0x2                          		EAX=00000000, ECX=b505d1d8, EDX=00000000, EBX=b505c000, ESP=bfc7e120, EBP=b4e90700, ESI=00000008, EDI=b505cd60
-1	25761	libc.so.6           	b4f14c31	                                        	75 ed                                             	jnz 0xb4f14c20                                    		EAX=00000000, ECX=b505d1d8, EDX=00000000, EBX=b505c000, ESP=bfc7e120, EBP=b4e90700, ESI=00000008, EDI=b505cd60
-1	25761	libc.so.6           	b4f14c33	                                        	8b 57 68                                          	mov edx, dword ptr [edi+0x68]                     		EAX=00000000, ECX=b505d1d8, EDX=00000000, EBX=b505c000, ESP=bfc7e120, EBP=b4e90700, ESI=00000008, EDI=b505cd60
-1	25761	libc.so.6           	b4f14c36	                                        	85 d2                                             	test edx, edx                                     		EAX=00000000, ECX=b505d1d8, EDX=00000000, EBX=b505c000, ESP=bfc7e120, EBP=b4e90700, ESI=00000008, EDI=b505cd60
-1	25761	libc.so.6           	b4f14c38	                                        	74 e6                                             	jz 0xb4f14c20                                     		EAX=00000000, ECX=b505d1d8, EDX=00000000, EBX=b505c000, ESP=bfc7e120, EBP=b4e90700, ESI=00000008, EDI=b505cd60
-1	25761	libc.so.6           	b4f14c20	                                        	c7 47 68 ff ff ff ff                              	mov dword ptr [edi+0x68], 0xffffffff              		EAX=00000000, ECX=b505d1d8, EDX=00000000, EBX=b505c000, ESP=bfc7e120, EBP=b4e90700, ESI=00000008, EDI=b505cd60
-1	25761	libc.so.6           	b4f14c27	                                        	8b 7f 34                                          	mov edi, dword ptr [edi+0x34]                     		EAX=00000000, ECX=b505d1d8, EDX=00000000, EBX=b505c000, ESP=bfc7e120, EBP=b4e90700, ESI=00000008, EDI=b505cd60
-1	25761	libc.so.6           	b4f14c2a	                                        	85 ff                                             	test edi, edi                                     		EAX=00000000, ECX=b505d1d8, EDX=00000000, EBX=b505c000, ESP=bfc7e120, EBP=b4e90700, ESI=00000008, EDI=b505c5a0
-1	25761	libc.so.6           	b4f14c2c	                                        	74 52                                             	jz 0xb4f14c80                                     		EAX=00000000, ECX=b505d1d8, EDX=00000000, EBX=b505c000, ESP=bfc7e120, EBP=b4e90700, ESI=00000008, EDI=b505c5a0
-1	25761	libc.so.6           	b4f14c2e	                                        	f6 07 02                                          	test byte ptr [edi], 0x2                          		EAX=00000000, ECX=b505d1d8, EDX=00000000, EBX=b505c000, ESP=bfc7e120, EBP=b4e90700, ESI=00000008, EDI=b505c5a0
-1	25761	libc.so.6           	b4f14c31	                                        	75 ed                                             	jnz 0xb4f14c20                                    		EAX=00000000, ECX=b505d1d8, EDX=00000000, EBX=b505c000, ESP=bfc7e120, EBP=b4e90700, ESI=00000008, EDI=b505c5a0
-1	25761	libc.so.6           	b4f14c33	                                        	8b 57 68                                          	mov edx, dword ptr [edi+0x68]                     		EAX=00000000, ECX=b505d1d8, EDX=00000000, EBX=b505c000, ESP=bfc7e120, EBP=b4e90700, ESI=00000008, EDI=b505c5a0
-1	25761	libc.so.6           	b4f14c36	                                        	85 d2                                             	test edx, edx                                     		EAX=00000000, ECX=b505d1d8, EDX=00000000, EBX=b505c000, ESP=bfc7e120, EBP=b4e90700, ESI=00000008, EDI=b505c5a0
-1	25761	libc.so.6           	b4f14c38	                                        	74 e6                                             	jz 0xb4f14c20                                     		EAX=00000000, ECX=b505d1d8, EDX=00000000, EBX=b505c000, ESP=bfc7e120, EBP=b4e90700, ESI=00000008, EDI=b505c5a0
-1	25761	libc.so.6           	b4f14c20	                                        	c7 47 68 ff ff ff ff                              	mov dword ptr [edi+0x68], 0xffffffff              		EAX=00000000, ECX=b505d1d8, EDX=00000000, EBX=b505c000, ESP=bfc7e120, EBP=b4e90700, ESI=00000008, EDI=b505c5a0
-1	25761	libc.so.6           	b4f14c27	                                        	8b 7f 34                                          	mov edi, dword ptr [edi+0x34]                     		EAX=00000000, ECX=b505d1d8, EDX=00000000, EBX=b505c000, ESP=bfc7e120, EBP=b4e90700, ESI=00000008, EDI=b505c5a0
-1	25761	libc.so.6           	b4f14c2a	                                        	85 ff                                             	test edi, edi                                     		EAX=00000000, ECX=b505d1d8, EDX=00000000, EBX=b505c000, ESP=bfc7e120, EBP=b4e90700, ESI=00000008, EDI=00000000
-1	25761	libc.so.6           	b4f14c2c	                                        	74 52                                             	jz 0xb4f14c80                                     		EAX=00000000, ECX=b505d1d8, EDX=00000000, EBX=b505c000, ESP=bfc7e120, EBP=b4e90700, ESI=00000008, EDI=00000000
-1	25761	libc.so.6           	b4f14c80	                                        	8b 44 24 0c                                       	mov eax, dword ptr [esp+0xc]                      		EAX=00000000, ECX=b505d1d8, EDX=00000000, EBX=b505c000, ESP=bfc7e120, EBP=b4e90700, ESI=00000008, EDI=00000000
-1	25761	libc.so.6           	b4f14c84	                                        	83 c4 1c                                          	add esp, 0x1c                                     		EAX=00000000, ECX=b505d1d8, EDX=00000000, EBX=b505c000, ESP=bfc7e120, EBP=b4e90700, ESI=00000008, EDI=00000000
-1	25761	libc.so.6           	b4f14c87	                                        	5b                                                	pop ebx                                           		EAX=00000000, ECX=b505d1d8, EDX=00000000, EBX=b505c000, ESP=bfc7e13c, EBP=b4e90700, ESI=00000008, EDI=00000000
-1	25761	libc.so.6           	b4f14c88	                                        	5e                                                	pop esi                                           		EAX=00000000, ECX=b505d1d8, EDX=00000000, EBX=b505a2cc, ESP=bfc7e140, EBP=b4e90700, ESI=00000008, EDI=00000000
-1	25761	libc.so.6           	b4f14c89	                                        	5f                                                	pop edi                                           		EAX=00000000, ECX=b505d1d8, EDX=00000000, EBX=b505a2cc, ESP=bfc7e144, EBP=b4e90700, ESI=00000008, EDI=00000000
-1	25761	libc.so.6           	b4f14c8a	                                        	5d                                                	pop ebp                                           		EAX=00000000, ECX=b505d1d8, EDX=00000000, EBX=b505a2cc, ESP=bfc7e148, EBP=b4e90700, ESI=00000008, EDI=b505a2d0
-1	25761	libc.so.6           	b4f14c8b	                                        	c3                                                	ret                                               		EAX=00000000, ECX=b505d1d8, EDX=00000000, EBX=b505a2cc, ESP=bfc7e14c, EBP=b505d1e0, ESI=00000008, EDI=b505a2d0
-1	25761	libc.so.6           	b4ed794a	                                        	83 c3 04                                          	add ebx, 0x4                                      		EAX=00000000, ECX=b505d1d8, EDX=00000000, EBX=b505a2cc, ESP=bfc7e150, EBP=b505d1e0, ESI=00000008, EDI=b505a2d0
-1	25761	libc.so.6           	b4ed794d	                                        	39 fb                                             	cmp ebx, edi                                      		EAX=00000000, ECX=b505d1d8, EDX=00000000, EBX=b505a2d0, ESP=bfc7e150, EBP=b505d1e0, ESI=00000008, EDI=b505a2d0
-1	25761	libc.so.6           	b4ed794f	                                        	72 f7                                             	jb 0xb4ed7948                                     		EAX=00000000, ECX=b505d1d8, EDX=00000000, EBX=b505a2d0, ESP=bfc7e150, EBP=b505d1e0, ESI=00000008, EDI=b505a2d0
-1	25761	libc.so.6           	b4ed7951	                                        	83 ec 0c                                          	sub esp, 0xc                                      		EAX=00000000, ECX=b505d1d8, EDX=00000000, EBX=b505a2d0, ESP=bfc7e150, EBP=b505d1e0, ESI=00000008, EDI=b505a2d0
-1	25761	libc.so.6           	b4ed7954	                                        	56                                                	push esi                                          		EAX=00000000, ECX=b505d1d8, EDX=00000000, EBX=b505a2d0, ESP=bfc7e144, EBP=b505d1e0, ESI=00000008, EDI=b505a2d0
-1	25761	libc.so.6           	b4ed7955	                                        	e8 4e 1f 08 00                                    	call 0xb4f598a8                                   		EAX=00000000, ECX=b505d1d8, EDX=00000000, EBX=b505a2d0, ESP=bfc7e140, EBP=b505d1e0, ESI=00000008, EDI=b505a2d0
-1	25761	libc.so.6           	b4f598a8	                                        	8b 5c 24 04                                       	mov ebx, dword ptr [esp+0x4]                      		EAX=00000000, ECX=b505d1d8, EDX=00000000, EBX=b505a2d0, ESP=bfc7e13c, EBP=b505d1e0, ESI=00000008, EDI=b505a2d0
-1	25761	libc.so.6           	b4f598ac	                                        	b8 fc 00 00 00                                    	mov eax, 0xfc                                     		EAX=00000000, ECX=b505d1d8, EDX=00000000, EBX=00000008, ESP=bfc7e13c, EBP=b505d1e0, ESI=00000008, EDI=b505a2d0
-1	25761	libc.so.6           	b4f598b1	                                        	65 ff 15 10 00 00 00                              	call dword ptr gs:[0x10]                          		EAX=000000fc, ECX=b505d1d8, EDX=00000000, EBX=00000008, ESP=bfc7e13c, EBP=b505d1e0, ESI=00000008, EDI=b505a2d0
