-1	26897	unknown             	08048310	                                        	31 ed                                             	xor ebp, ebp                                      		EAX=b7719918, ECX=bf904284, EDX=b7704880, EBX=b7719000, ESP=bf904280, EBP=00000000, ESI=bf904290, EDI=08048310
-1	26897	unknown             	08048312	                                        	5e                                                	pop esi                                           		EAX=b7719918, ECX=bf904284, EDX=b7704880, EBX=b7719000, ESP=bf904280, EBP=00000000, ESI=bf904290, EDI=08048310
-1	26897	unknown             	08048313	                                        	89 e1                                             	mov ecx, esp                                      		EAX=b7719918, ECX=bf904284, EDX=b7704880, EBX=b7719000, ESP=bf904284, EBP=00000000, ESI=00000002, EDI=08048310
-1	26897	unknown             	08048315	                                        	83 e4 f0                                          	and esp, 0xfffffff0                               		EAX=b7719918, ECX=bf904284, EDX=b7704880, EBX=b7719000, ESP=bf904284, EBP=00000000, ESI=00000002, EDI=08048310
-1	26897	unknown             	08048318	                                        	50                                                	push eax                                          		EAX=b7719918, ECX=bf904284, EDX=b7704880, EBX=b7719000, ESP=bf904280, EBP=00000000, ESI=00000002, EDI=08048310
-1	26897	unknown             	08048319	                                        	54                                                	push esp                                          		EAX=b7719918, ECX=bf904284, EDX=b7704880, EBX=b7719000, ESP=bf90427c, EBP=00000000, ESI=00000002, EDI=08048310
-1	26897	unknown             	0804831a	                                        	52                                                	push edx                                          		EAX=b7719918, ECX=bf904284, EDX=b7704880, EBX=b7719000, ESP=bf904278, EBP=00000000, ESI=00000002, EDI=08048310
-1	26897	unknown             	0804831b	                                        	68 70 85 04 08                                    	push 0x8048570                                    		EAX=b7719918, ECX=bf904284, EDX=b7704880, EBX=b7719000, ESP=bf904274, EBP=00000000, ESI=00000002, EDI=08048310
-1	26897	unknown             	08048320	                                        	68 10 85 04 08                                    	push 0x8048510                                    		EAX=b7719918, ECX=bf904284, EDX=b7704880, EBX=b7719000, ESP=bf904270, EBP=00000000, ESI=00000002, EDI=08048310
-1	26897	unknown             	08048325	                                        	51                                                	push ecx                                          		EAX=b7719918, ECX=bf904284, EDX=b7704880, EBX=b7719000, ESP=bf90426c, EBP=00000000, ESI=00000002, EDI=08048310
-1	26897	unknown             	08048326	                                        	56                                                	push esi                                          		EAX=b7719918, ECX=bf904284, EDX=b7704880, EBX=b7719000, ESP=bf904268, EBP=00000000, ESI=00000002, EDI=08048310
-1	26897	unknown             	08048327	                                        	68 0b 84 04 08                                    	push 0x804840b                                    		EAX=b7719918, ECX=bf904284, EDX=b7704880, EBX=b7719000, ESP=bf904264, EBP=00000000, ESI=00000002, EDI=08048310
-1	26897	unknown             	0804832c	                                        	e8 af ff ff ff                                    	call 0x80482e0                                    		EAX=b7719918, ECX=bf904284, EDX=b7704880, EBX=b7719000, ESP=bf904260, EBP=00000000, ESI=00000002, EDI=08048310
-1	26897	unknown             	080482e0	                                        	ff 25 0c a0 04 08                                 	jmp dword ptr [0x804a00c]                         		EAX=b7719918, ECX=bf904284, EDX=b7704880, EBX=b7719000, ESP=bf90425c, EBP=00000000, ESI=00000002, EDI=08048310
-1	26897	unknown             	080482e6	                                        	68 00 00 00 00                                    	push 0x0                                          		EAX=b7719918, ECX=bf904284, EDX=b7704880, EBX=b7719000, ESP=bf90425c, EBP=00000000, ESI=00000002, EDI=08048310
-1	26897	unknown             	080482eb	                                        	e9 e0 ff ff ff                                    	jmp 0x80482d0                                     		EAX=b7719918, ECX=bf904284, EDX=b7704880, EBX=b7719000, ESP=bf904258, EBP=00000000, ESI=00000002, EDI=08048310
-1	26897	unknown             	080482d0	                                        	ff 35 04 a0 04 08                                 	push dword ptr [0x804a004]                        		EAX=b7719918, ECX=bf904284, EDX=b7704880, EBX=b7719000, ESP=bf904258, EBP=00000000, ESI=00000002, EDI=08048310
-1	26897	unknown             	080482d6	                                        	ff 25 08 a0 04 08                                 	jmp dword ptr [0x804a008]                         		EAX=b7719918, ECX=bf904284, EDX=b7704880, EBX=b7719000, ESP=bf904254, EBP=00000000, ESI=00000002, EDI=08048310
-1	26897	ld-linux.so.2       	b770a000	                                        	50                                                	push eax                                          		EAX=b7719918, ECX=bf904284, EDX=b7704880, EBX=b7719000, ESP=bf904254, EBP=00000000, ESI=00000002, EDI=08048310
-1	26897	ld-linux.so.2       	b770a001	                                        	51                                                	push ecx                                          		EAX=b7719918, ECX=bf904284, EDX=b7704880, EBX=b7719000, ESP=bf904250, EBP=00000000, ESI=00000002, EDI=08048310
-1	26897	ld-linux.so.2       	b770a002	                                        	52                                                	push edx                                          		EAX=b7719918, ECX=bf904284, EDX=b7704880, EBX=b7719000, ESP=bf90424c, EBP=00000000, ESI=00000002, EDI=08048310
-1	26897	ld-linux.so.2       	b770a003	                                        	8b 54 24 10                                       	mov edx, dword ptr [esp+0x10]                     		EAX=b7719918, ECX=bf904284, EDX=b7704880, EBX=b7719000, ESP=bf904248, EBP=00000000, ESI=00000002, EDI=08048310
-1	26897	ld-linux.so.2       	b770a007	                                        	8b 44 24 0c                                       	mov eax, dword ptr [esp+0xc]                      		EAX=b7719918, ECX=bf904284, EDX=00000000, EBX=b7719000, ESP=bf904248, EBP=00000000, ESI=00000002, EDI=08048310
-1	26897	ld-linux.so.2       	b770a00b	                                        	e8 d0 97 ff ff                                    	call 0xb77037e0                                   		EAX=b7719918, ECX=bf904284, EDX=00000000, EBX=b7719000, ESP=bf904248, EBP=00000000, ESI=00000002, EDI=08048310
-1	26897	ld-linux.so.2       	b77037e0	                                        	55                                                	push ebp                                          		EAX=b7719918, ECX=bf904284, EDX=00000000, EBX=b7719000, ESP=bf904244, EBP=00000000, ESI=00000002, EDI=08048310
-1	26897	ld-linux.so.2       	b77037e1	                                        	57                                                	push edi                                          		EAX=b7719918, ECX=bf904284, EDX=00000000, EBX=b7719000, ESP=bf904240, EBP=00000000, ESI=00000002, EDI=08048310
-1	26897	ld-linux.so.2       	b77037e2	                                        	89 c7                                             	mov edi, eax                                      		EAX=b7719918, ECX=bf904284, EDX=00000000, EBX=b7719000, ESP=bf90423c, EBP=00000000, ESI=00000002, EDI=08048310
-1	26897	ld-linux.so.2       	b77037e4	                                        	56                                                	push esi                                          		EAX=b7719918, ECX=bf904284, EDX=00000000, EBX=b7719000, ESP=bf90423c, EBP=00000000, ESI=00000002, EDI=b7719918
-1	26897	ld-linux.so.2       	b77037e5	                                        	53                                                	push ebx                                          		EAX=b7719918, ECX=bf904284, EDX=00000000, EBX=b7719000, ESP=bf904238, EBP=00000000, ESI=00000002, EDI=b7719918
-1	26897	ld-linux.so.2       	b77037e6	                                        	e8 02 b1 00 00                                    	call 0xb770e8ed                                   		EAX=b7719918, ECX=bf904284, EDX=00000000, EBX=b7719000, ESP=bf904234, EBP=00000000, ESI=00000002, EDI=b7719918
-1	26897	ld-linux.so.2       	b770e8ed	                                        	8b 34 24                                          	mov esi, dword ptr [esp]                          		EAX=b7719918, ECX=bf904284, EDX=00000000, EBX=b7719000, ESP=bf904230, EBP=00000000, ESI=00000002, EDI=b7719918
-1	26897	ld-linux.so.2       	b770e8f0	                                        	c3                                                	ret                                               		EAX=b7719918, ECX=bf904284, EDX=00000000, EBX=b7719000, ESP=bf904230, EBP=00000000, ESI=b77037eb, EDI=b7719918
-1	26897	ld-linux.so.2       	b77037eb	                                        	81 c6 15 58 01 00                                 	add esi, 0x15815                                  		EAX=b7719918, ECX=bf904284, EDX=00000000, EBX=b7719000, ESP=bf904234, EBP=00000000, ESI=b77037eb, EDI=b7719918
-1	26897	ld-linux.so.2       	b77037f1	                                        	83 ec 2c                                          	sub esp, 0x2c                                     		EAX=b7719918, ECX=bf904284, EDX=00000000, EBX=b7719000, ESP=bf904234, EBP=00000000, ESI=b7719000, EDI=b7719918
-1	26897	ld-linux.so.2       	b77037f4	                                        	8b 4f 7c                                          	mov ecx, dword ptr [edi+0x7c]                     		EAX=b7719918, ECX=bf904284, EDX=00000000, EBX=b7719000, ESP=bf904208, EBP=00000000, ESI=b7719000, EDI=b7719918
-1	26897	ld-linux.so.2       	b77037f7	                                        	8b 40 34                                          	mov eax, dword ptr [eax+0x34]                     		EAX=b7719918, ECX=08049f94, EDX=00000000, EBX=b7719000, ESP=bf904208, EBP=00000000, ESI=b7719000, EDI=b7719918
-1	26897	ld-linux.so.2       	b77037fa	                                        	89 74 24 08                                       	mov dword ptr [esp+0x8], esi                      		EAX=08049f54, ECX=08049f94, EDX=00000000, EBX=b7719000, ESP=bf904208, EBP=00000000, ESI=b7719000, EDI=b7719918
-1	26897	ld-linux.so.2       	b77037fe	                                        	03 51 04                                          	add edx, dword ptr [ecx+0x4]                      		EAX=08049f54, ECX=08049f94, EDX=00000000, EBX=b7719000, ESP=bf904208, EBP=00000000, ESI=b7719000, EDI=b7719918
-1	26897	ld-linux.so.2       	b7703801	                                        	8b 40 04                                          	mov eax, dword ptr [eax+0x4]                      		EAX=08049f54, ECX=08049f94, EDX=08048298, EBX=b7719000, ESP=bf904208, EBP=00000000, ESI=b7719000, EDI=b7719918
-1	26897	ld-linux.so.2       	b7703804	                                        	8b 4f 38                                          	mov ecx, dword ptr [edi+0x38]                     		EAX=0804821c, ECX=08049f94, EDX=08048298, EBX=b7719000, ESP=bf904208, EBP=00000000, ESI=b7719000, EDI=b7719918
-1	26897	ld-linux.so.2       	b7703807	                                        	89 44 24 0c                                       	mov dword ptr [esp+0xc], eax                      		EAX=0804821c, ECX=08049f5c, EDX=08048298, EBX=b7719000, ESP=bf904208, EBP=00000000, ESI=b7719000, EDI=b7719918
-1	26897	ld-linux.so.2       	b770380b	                                        	89 d5                                             	mov ebp, edx                                      		EAX=0804821c, ECX=08049f5c, EDX=08048298, EBX=b7719000, ESP=bf904208, EBP=00000000, ESI=b7719000, EDI=b7719918
-1	26897	ld-linux.so.2       	b770380d	                                        	8b 52 04                                          	mov edx, dword ptr [edx+0x4]                      		EAX=0804821c, ECX=08049f5c, EDX=08048298, EBX=b7719000, ESP=bf904208, EBP=08048298, ESI=b7719000, EDI=b7719918
-1	26897	ld-linux.so.2       	b7703810	                                        	8b 45 00                                          	mov eax, dword ptr [ebp]                          		EAX=0804821c, ECX=08049f5c, EDX=00000207, EBX=b7719000, ESP=bf904208, EBP=08048298, ESI=b7719000, EDI=b7719918
-1	26897	ld-linux.so.2       	b7703813	                                        	89 d6                                             	mov esi, edx                                      		EAX=0804a00c, ECX=08049f5c, EDX=00000207, EBX=b7719000, ESP=bf904208, EBP=08048298, ESI=b7719000, EDI=b7719918
-1	26897	ld-linux.so.2       	b7703815	                                        	c1 ee 08                                          	shr esi, 0x8                                      		EAX=0804a00c, ECX=08049f5c, EDX=00000207, EBX=b7719000, ESP=bf904208, EBP=08048298, ESI=00000207, EDI=b7719918
-1	26897	ld-linux.so.2       	b7703818	                                        	89 f3                                             	mov ebx, esi                                      		EAX=0804a00c, ECX=08049f5c, EDX=00000207, EBX=b7719000, ESP=bf904208, EBP=08048298, ESI=00000002, EDI=b7719918
-1	26897	ld-linux.so.2       	b770381a	                                        	c1 e3 04                                          	shl ebx, 0x4                                      		EAX=0804a00c, ECX=08049f5c, EDX=00000207, EBX=00000002, ESP=bf904208, EBP=08048298, ESI=00000002, EDI=b7719918
-1	26897	ld-linux.so.2       	b770381d	                                        	03 59 04                                          	add ebx, dword ptr [ecx+0x4]                      		EAX=0804a00c, ECX=08049f5c, EDX=00000207, EBX=00000020, ESP=bf904208, EBP=08048298, ESI=00000002, EDI=b7719918
-1	26897	ld-linux.so.2       	b7703820	                                        	8b 0f                                             	mov ecx, dword ptr [edi]                          		EAX=0804a00c, ECX=08049f5c, EDX=00000207, EBX=080481ec, ESP=bf904208, EBP=08048298, ESI=00000002, EDI=b7719918
-1	26897	ld-linux.so.2       	b7703822	                                        	01 c8                                             	add eax, ecx                                      		EAX=0804a00c, ECX=00000000, EDX=00000207, EBX=080481ec, ESP=bf904208, EBP=08048298, ESI=00000002, EDI=b7719918
-1	26897	ld-linux.so.2       	b7703824	                                        	80 fa 07                                          	cmp dl, 0x7                                       		EAX=0804a00c, ECX=00000000, EDX=00000207, EBX=080481ec, ESP=bf904208, EBP=08048298, ESI=00000002, EDI=b7719918
-1	26897	ld-linux.so.2       	b7703827	                                        	89 5c 24 1c                                       	mov dword ptr [esp+0x1c], ebx                     		EAX=0804a00c, ECX=00000000, EDX=00000207, EBX=080481ec, ESP=bf904208, EBP=08048298, ESI=00000002, EDI=b7719918
-1	26897	ld-linux.so.2       	b770382b	                                        	0f 85 3e 01 00 00                                 	jnz 0xb770396f                                    		EAX=0804a00c, ECX=00000000, EDX=00000207, EBX=080481ec, ESP=bf904208, EBP=08048298, ESI=00000002, EDI=b7719918
-1	26897	ld-linux.so.2       	b7703831	                                        	f6 43 0d 03                                       	test byte ptr [ebx+0xd], 0x3                      		EAX=0804a00c, ECX=00000000, EDX=00000207, EBX=080481ec, ESP=bf904208, EBP=08048298, ESI=00000002, EDI=b7719918
-1	26897	ld-linux.so.2       	b7703835	                                        	89 c5                                             	mov ebp, eax                                      		EAX=0804a00c, ECX=00000000, EDX=00000207, EBX=080481ec, ESP=bf904208, EBP=08048298, ESI=00000002, EDI=b7719918
-1	26897	ld-linux.so.2       	b7703837	                                        	0f 85 d3 00 00 00                                 	jnz 0xb7703910                                    		EAX=0804a00c, ECX=00000000, EDX=00000207, EBX=080481ec, ESP=bf904208, EBP=0804a00c, ESI=00000002, EDI=b7719918
-1	26897	ld-linux.so.2       	b770383d	                                        	8b 97 e4 00 00 00                                 	mov edx, dword ptr [edi+0xe4]                     		EAX=0804a00c, ECX=00000000, EDX=00000207, EBX=080481ec, ESP=bf904208, EBP=0804a00c, ESI=00000002, EDI=b7719918
-1	26897	ld-linux.so.2       	b7703843	                                        	85 d2                                             	test edx, edx                                     		EAX=0804a00c, ECX=00000000, EDX=08049fc4, EBX=080481ec, ESP=bf904208, EBP=0804a00c, ESI=00000002, EDI=b7719918
-1	26897	ld-linux.so.2       	b7703845	                                        	0f 84 a5 00 00 00                                 	jz 0xb77038f0                                     		EAX=0804a00c, ECX=00000000, EDX=08049fc4, EBX=080481ec, ESP=bf904208, EBP=0804a00c, ESI=00000002, EDI=b7719918
-1	26897	ld-linux.so.2       	b770384b	                                        	8b 52 04                                          	mov edx, dword ptr [edx+0x4]                      		EAX=0804a00c, ECX=00000000, EDX=08049fc4, EBX=080481ec, ESP=bf904208, EBP=0804a00c, ESI=00000002, EDI=b7719918
-1	26897	ld-linux.so.2       	b770384e	                                        	0f b7 14 72                                       	movzx edx, word ptr [edx+esi*2]                   		EAX=0804a00c, ECX=00000000, EDX=08048266, EBX=080481ec, ESP=bf904208, EBP=0804a00c, ESI=00000002, EDI=b7719918
-1	26897	ld-linux.so.2       	b7703852	                                        	81 e2 ff 7f 00 00                                 	and edx, 0x7fff                                   		EAX=0804a00c, ECX=00000000, EDX=00000002, EBX=080481ec, ESP=bf904208, EBP=0804a00c, ESI=00000002, EDI=b7719918
-1	26897	ld-linux.so.2       	b7703858	                                        	c1 e2 04                                          	shl edx, 0x4                                      		EAX=0804a00c, ECX=00000000, EDX=00000002, EBX=080481ec, ESP=bf904208, EBP=0804a00c, ESI=00000002, EDI=b7719918
-1	26897	ld-linux.so.2       	b770385b	                                        	03 97 70 01 00 00                                 	add edx, dword ptr [edi+0x170]                    		EAX=0804a00c, ECX=00000000, EDX=00000020, EBX=080481ec, ESP=bf904208, EBP=0804a00c, ESI=00000002, EDI=b7719918
-1	26897	ld-linux.so.2       	b7703861	                                        	8b 4a 04                                          	mov ecx, dword ptr [edx+0x4]                      		EAX=0804a00c, ECX=00000000, EDX=b502a4a0, EBX=080481ec, ESP=bf904208, EBP=0804a00c, ESI=00000002, EDI=b7719918
-1	26897	ld-linux.so.2       	b7703864	                                        	85 c9                                             	test ecx, ecx                                     		EAX=0804a00c, ECX=0d696910, EDX=b502a4a0, EBX=080481ec, ESP=bf904208, EBP=0804a00c, ESI=00000002, EDI=b7719918
-1	26897	ld-linux.so.2       	b7703866	                                        	b9 00 00 00 00                                    	mov ecx, 0x0                                      		EAX=0804a00c, ECX=0d696910, EDX=b502a4a0, EBX=080481ec, ESP=bf904208, EBP=0804a00c, ESI=00000002, EDI=b7719918
-1	26897	ld-linux.so.2       	b770386b	                                        	0f 44 d1                                          	cmovz edx, ecx                                    		EAX=0804a00c, ECX=00000000, EDX=b502a4a0, EBX=080481ec, ESP=bf904208, EBP=0804a00c, ESI=00000002, EDI=b7719918
-1	26897	ld-linux.so.2       	b770386e	                                        	65 8b 0d 0c 00 00 00                              	mov ecx, dword ptr gs:[0xc]                       		EAX=0804a00c, ECX=00000000, EDX=b502a4a0, EBX=080481ec, ESP=bf904208, EBP=0804a00c, ESI=00000002, EDI=b7719918
-1	26897	ld-linux.so.2       	b7703875	                                        	85 c9                                             	test ecx, ecx                                     		EAX=0804a00c, ECX=00000000, EDX=b502a4a0, EBX=080481ec, ESP=bf904208, EBP=0804a00c, ESI=00000002, EDI=b7719918
-1	26897	ld-linux.so.2       	b7703877	                                        	be 01 00 00 00                                    	mov esi, 0x1                                      		EAX=0804a00c, ECX=00000000, EDX=b502a4a0, EBX=080481ec, ESP=bf904208, EBP=0804a00c, ESI=00000002, EDI=b7719918
-1	26897	ld-linux.so.2       	b770387c	                                        	0f 85 ce 00 00 00                                 	jnz 0xb7703950                                    		EAX=0804a00c, ECX=00000000, EDX=b502a4a0, EBX=080481ec, ESP=bf904208, EBP=0804a00c, ESI=00000001, EDI=b7719918
-1	26897	ld-linux.so.2       	b7703882	                                        	8b 44 24 0c                                       	mov eax, dword ptr [esp+0xc]                      		EAX=0804a00c, ECX=00000000, EDX=b502a4a0, EBX=080481ec, ESP=bf904208, EBP=0804a00c, ESI=00000001, EDI=b7719918
-1	26897	ld-linux.so.2       	b7703886	                                        	03 03                                             	add eax, dword ptr [ebx]                          		EAX=0804821c, ECX=00000000, EDX=b502a4a0, EBX=080481ec, ESP=bf904208, EBP=0804a00c, ESI=00000001, EDI=b7719918
-1	26897	ld-linux.so.2       	b7703888	                                        	8d 4c 24 1c                                       	lea ecx, ptr [esp+0x1c]                           		EAX=0804823b, ECX=00000000, EDX=b502a4a0, EBX=080481ec, ESP=bf904208, EBP=0804a00c, ESI=00000001, EDI=b7719918
-1	26897	ld-linux.so.2       	b770388c	                                        	83 ec 0c                                          	sub esp, 0xc                                      		EAX=0804823b, ECX=bf904224, EDX=b502a4a0, EBX=080481ec, ESP=bf904208, EBP=0804a00c, ESI=00000001, EDI=b7719918
-1	26897	ld-linux.so.2       	b770388f	                                        	6a 00                                             	push 0x0                                          		EAX=0804823b, ECX=bf904224, EDX=b502a4a0, EBX=080481ec, ESP=bf9041fc, EBP=0804a00c, ESI=00000001, EDI=b7719918
-1	26897	ld-linux.so.2       	b7703891	                                        	56                                                	push esi                                          		EAX=0804823b, ECX=bf904224, EDX=b502a4a0, EBX=080481ec, ESP=bf9041f8, EBP=0804a00c, ESI=00000001, EDI=b7719918
-1	26897	ld-linux.so.2       	b7703892	                                        	6a 01                                             	push 0x1                                          		EAX=0804823b, ECX=bf904224, EDX=b502a4a0, EBX=080481ec, ESP=bf9041f4, EBP=0804a00c, ESI=00000001, EDI=b7719918
-1	26897	ld-linux.so.2       	b7703894	                                        	52                                                	push edx                                          		EAX=0804823b, ECX=bf904224, EDX=b502a4a0, EBX=080481ec, ESP=bf9041f0, EBP=0804a00c, ESI=00000001, EDI=b7719918
-1	26897	ld-linux.so.2       	b7703895	                                        	89 fa                                             	mov edx, edi                                      		EAX=0804823b, ECX=bf904224, EDX=b502a4a0, EBX=080481ec, ESP=bf9041ec, EBP=0804a00c, ESI=00000001, EDI=b7719918
-1	26897	ld-linux.so.2       	b7703897	                                        	ff b7 cc 01 00 00                                 	push dword ptr [edi+0x1cc]                        		EAX=0804823b, ECX=bf904224, EDX=b7719918, EBX=080481ec, ESP=bf9041ec, EBP=0804a00c, ESI=00000001, EDI=b7719918
-1	26897	ld-linux.so.2       	b770389d	                                        	e8 be b1 ff ff                                    	call 0xb76fea60                                   		EAX=0804823b, ECX=bf904224, EDX=b7719918, EBX=080481ec, ESP=bf9041e8, EBP=0804a00c, ESI=00000001, EDI=b7719918
-1	26897	ld-linux.so.2       	b77038a2	                                        	89 c7                                             	mov edi, eax                                      		EAX=b502a1b0, ECX=b4def2ef, EDX=b4de8dc8, EBX=080481ec, ESP=bf9041fc, EBP=0804a00c, ESI=00000001, EDI=b7719918
-1	26897	ld-linux.so.2       	b77038a4	                                        	65 a1 0c 00 00 00                                 	mov eax, dword ptr gs:[0xc]                       		EAX=b502a1b0, ECX=b4def2ef, EDX=b4de8dc8, EBX=080481ec, ESP=bf9041fc, EBP=0804a00c, ESI=00000001, EDI=b502a1b0
-1	26897	ld-linux.so.2       	b77038aa	                                        	83 c4 0c                                          	add esp, 0xc                                      		EAX=00000000, ECX=b4def2ef, EDX=b4de8dc8, EBX=080481ec, ESP=bf9041fc, EBP=0804a00c, ESI=00000001, EDI=b502a1b0
-1	26897	ld-linux.so.2       	b77038ad	                                        	85 c0                                             	test eax, eax                                     		EAX=00000000, ECX=b4def2ef, EDX=b4de8dc8, EBX=080481ec, ESP=bf904208, EBP=0804a00c, ESI=00000001, EDI=b502a1b0
-1	26897	ld-linux.so.2       	b77038af	                                        	75 67                                             	jnz 0xb7703918                                    		EAX=00000000, ECX=b4def2ef, EDX=b4de8dc8, EBX=080481ec, ESP=bf904208, EBP=0804a00c, ESI=00000001, EDI=b502a1b0
-1	26897	ld-linux.so.2       	b77038b1	                                        	8b 5c 24 1c                                       	mov ebx, dword ptr [esp+0x1c]                     		EAX=00000000, ECX=b4def2ef, EDX=b4de8dc8, EBX=080481ec, ESP=bf904208, EBP=0804a00c, ESI=00000001, EDI=b502a1b0
-1	26897	ld-linux.so.2       	b77038b5	                                        	85 db                                             	test ebx, ebx                                     		EAX=00000000, ECX=b4def2ef, EDX=b4de8dc8, EBX=b4de8dc8, ESP=bf904208, EBP=0804a00c, ESI=00000001, EDI=b502a1b0
-1	26897	ld-linux.so.2       	b77038b7	                                        	74 47                                             	jz 0xb7703900                                     		EAX=00000000, ECX=b4def2ef, EDX=b4de8dc8, EBX=b4de8dc8, ESP=bf904208, EBP=0804a00c, ESI=00000001, EDI=b502a1b0
-1	26897	ld-linux.so.2       	b77038b9	                                        	85 ff                                             	test edi, edi                                     		EAX=00000000, ECX=b4def2ef, EDX=b4de8dc8, EBX=b4de8dc8, ESP=bf904208, EBP=0804a00c, ESI=00000001, EDI=b502a1b0
-1	26897	ld-linux.so.2       	b77038bb	                                        	74 4b                                             	jz 0xb7703908                                     		EAX=00000000, ECX=b4def2ef, EDX=b4de8dc8, EBX=b4de8dc8, ESP=bf904208, EBP=0804a00c, ESI=00000001, EDI=b502a1b0
-1	26897	ld-linux.so.2       	b77038bd	                                        	8b 07                                             	mov eax, dword ptr [edi]                          		EAX=00000000, ECX=b4def2ef, EDX=b4de8dc8, EBX=b4de8dc8, ESP=bf904208, EBP=0804a00c, ESI=00000001, EDI=b502a1b0
-1	26897	ld-linux.so.2       	b77038bf	                                        	0f b6 53 0c                                       	movzx edx, byte ptr [ebx+0xc]                     		EAX=b4ddc000, ECX=b4def2ef, EDX=b4de8dc8, EBX=b4de8dc8, ESP=bf904208, EBP=0804a00c, ESI=00000001, EDI=b502a1b0
-1	26897	ld-linux.so.2       	b77038c3	                                        	03 43 04                                          	add eax, dword ptr [ebx+0x4]                      		EAX=b4ddc000, ECX=b4def2ef, EDX=00000012, EBX=b4de8dc8, ESP=bf904208, EBP=0804a00c, ESI=00000001, EDI=b502a1b0
-1	26897	ld-linux.so.2       	b77038c6	                                        	83 e2 0f                                          	and edx, 0xf                                      		EAX=b4df4550, ECX=b4def2ef, EDX=00000012, EBX=b4de8dc8, ESP=bf904208, EBP=0804a00c, ESI=00000001, EDI=b502a1b0
-1	26897	ld-linux.so.2       	b77038c9	                                        	80 fa 0a                                          	cmp dl, 0xa                                       		EAX=b4df4550, ECX=b4def2ef, EDX=00000002, EBX=b4de8dc8, ESP=bf904208, EBP=0804a00c, ESI=00000001, EDI=b502a1b0
-1	26897	ld-linux.so.2       	b77038cc	                                        	0f 84 96 00 00 00                                 	jz 0xb7703968                                     		EAX=b4df4550, ECX=b4def2ef, EDX=00000002, EBX=b4de8dc8, ESP=bf904208, EBP=0804a00c, ESI=00000001, EDI=b502a1b0
-1	26897	ld-linux.so.2       	b77038d2	                                        	8b 74 24 08                                       	mov esi, dword ptr [esp+0x8]                      		EAX=b4df4550, ECX=b4def2ef, EDX=00000002, EBX=b4de8dc8, ESP=bf904208, EBP=0804a00c, ESI=00000001, EDI=b502a1b0
-1	26897	ld-linux.so.2       	b77038d6	                                        	8b 96 30 fd ff ff                                 	mov edx, dword ptr [esi-0x2d0]                    		EAX=b4df4550, ECX=b4def2ef, EDX=00000002, EBX=b4de8dc8, ESP=bf904208, EBP=0804a00c, ESI=b7719000, EDI=b502a1b0
-1	26897	ld-linux.so.2       	b77038dc	                                        	85 d2                                             	test edx, edx                                     		EAX=b4df4550, ECX=b4def2ef, EDX=00000000, EBX=b4de8dc8, ESP=bf904208, EBP=0804a00c, ESI=b7719000, EDI=b502a1b0
-1	26897	ld-linux.so.2       	b77038de	                                        	75 03                                             	jnz 0xb77038e3                                    		EAX=b4df4550, ECX=b4def2ef, EDX=00000000, EBX=b4de8dc8, ESP=bf904208, EBP=0804a00c, ESI=b7719000, EDI=b502a1b0
-1	26897	ld-linux.so.2       	b77038e0	                                        	89 45 00                                          	mov dword ptr [ebp], eax                          		EAX=b4df4550, ECX=b4def2ef, EDX=00000000, EBX=b4de8dc8, ESP=bf904208, EBP=0804a00c, ESI=b7719000, EDI=b502a1b0
-1	26897	ld-linux.so.2       	b77038e3	                                        	83 c4 2c                                          	add esp, 0x2c                                     		EAX=b4df4550, ECX=b4def2ef, EDX=00000000, EBX=b4de8dc8, ESP=bf904208, EBP=0804a00c, ESI=b7719000, EDI=b502a1b0
-1	26897	ld-linux.so.2       	b77038e6	                                        	5b                                                	pop ebx                                           		EAX=b4df4550, ECX=b4def2ef, EDX=00000000, EBX=b4de8dc8, ESP=bf904234, EBP=0804a00c, ESI=b7719000, EDI=b502a1b0
-1	26897	ld-linux.so.2       	b77038e7	                                        	5e                                                	pop esi                                           		EAX=b4df4550, ECX=b4def2ef, EDX=00000000, EBX=b7719000, ESP=bf904238, EBP=0804a00c, ESI=b7719000, EDI=b502a1b0
-1	26897	ld-linux.so.2       	b77038e8	                                        	5f                                                	pop edi                                           		EAX=b4df4550, ECX=b4def2ef, EDX=00000000, EBX=b7719000, ESP=bf90423c, EBP=0804a00c, ESI=00000002, EDI=b502a1b0
-1	26897	ld-linux.so.2       	b77038e9	                                        	5d                                                	pop ebp                                           		EAX=b4df4550, ECX=b4def2ef, EDX=00000000, EBX=b7719000, ESP=bf904240, EBP=0804a00c, ESI=00000002, EDI=08048310
-1	26897	ld-linux.so.2       	b77038ea	                                        	c3                                                	ret                                               		EAX=b4df4550, ECX=b4def2ef, EDX=00000000, EBX=b7719000, ESP=bf904244, EBP=00000000, ESI=00000002, EDI=08048310
-1	26897	ld-linux.so.2       	b770a010	                                        	5a                                                	pop edx                                           		EAX=b4df4550, ECX=b4def2ef, EDX=00000000, EBX=b7719000, ESP=bf904248, EBP=00000000, ESI=00000002, EDI=08048310
-1	26897	ld-linux.so.2       	b770a011	                                        	8b 0c 24                                          	mov ecx, dword ptr [esp]                          		EAX=b4df4550, ECX=b4def2ef, EDX=b7704880, EBX=b7719000, ESP=bf90424c, EBP=00000000, ESI=00000002, EDI=08048310
-1	26897	ld-linux.so.2       	b770a014	                                        	89 04 24                                          	mov dword ptr [esp], eax                          		EAX=b4df4550, ECX=bf904284, EDX=b7704880, EBX=b7719000, ESP=bf90424c, EBP=00000000, ESI=00000002, EDI=08048310
-1	26897	ld-linux.so.2       	b770a017	                                        	8b 44 24 04                                       	mov eax, dword ptr [esp+0x4]                      		EAX=b4df4550, ECX=bf904284, EDX=b7704880, EBX=b7719000, ESP=bf90424c, EBP=00000000, ESI=00000002, EDI=08048310
-1	26897	ld-linux.so.2       	b770a01b	                                        	c2 0c 00                                          	ret 0xc                                           		EAX=b7719918, ECX=bf904284, EDX=b7704880, EBX=b7719000, ESP=bf90424c, EBP=00000000, ESI=00000002, EDI=08048310
-1	26897	libc.so.6           	b4df4550	                                        	e8 24 77 10 00                                    	call 0xb4efbc79                                   		EAX=b7719918, ECX=bf904284, EDX=b7704880, EBX=b7719000, ESP=bf90425c, EBP=00000000, ESI=00000002, EDI=08048310
-1	26897	libc.so.6           	b4efbc79	__libc_start_main                       	8b 04 24                                          	mov eax, dword ptr [esp]                          		EAX=b7719918, ECX=bf904284, EDX=b7704880, EBX=b7719000, ESP=bf904258, EBP=00000000, ESI=00000002, EDI=08048310
-1	26897	libc.so.6           	b4efbc7c	                                        	c3                                                	ret                                               		EAX=b4df4555, ECX=bf904284, EDX=b7704880, EBX=b7719000, ESP=bf904258, EBP=00000000, ESI=00000002, EDI=08048310
-1	26897	libc.so.6           	b4df4555	                                        	05 ab aa 19 00                                    	add eax, 0x19aaab                                 		EAX=b4df4555, ECX=bf904284, EDX=b7704880, EBX=b7719000, ESP=bf90425c, EBP=00000000, ESI=00000002, EDI=08048310
-1	26897	libc.so.6           	b4df455a	                                        	55                                                	push ebp                                          		EAX=b4f8f000, ECX=bf904284, EDX=b7704880, EBX=b7719000, ESP=bf90425c, EBP=00000000, ESI=00000002, EDI=08048310
-1	26897	libc.so.6           	b4df455b	                                        	57                                                	push edi                                          		EAX=b4f8f000, ECX=bf904284, EDX=b7704880, EBX=b7719000, ESP=bf904258, EBP=00000000, ESI=00000002, EDI=08048310
-1	26897	libc.so.6           	b4df455c	                                        	56                                                	push esi                                          		EAX=b4f8f000, ECX=bf904284, EDX=b7704880, EBX=b7719000, ESP=bf904254, EBP=00000000, ESI=00000002, EDI=08048310
-1	26897	libc.so.6           	b4df455d	                                        	53                                                	push ebx                                          		EAX=b4f8f000, ECX=bf904284, EDX=b7704880, EBX=b7719000, ESP=bf904250, EBP=00000000, ESI=00000002, EDI=08048310
-1	26897	libc.so.6           	b4df455e	                                        	89 c7                                             	mov edi, eax                                      		EAX=b4f8f000, ECX=bf904284, EDX=b7704880, EBX=b7719000, ESP=bf90424c, EBP=00000000, ESI=00000002, EDI=08048310
-1	26897	libc.so.6           	b4df4560	                                        	83 ec 4c                                          	sub esp, 0x4c                                     		EAX=b4f8f000, ECX=bf904284, EDX=b7704880, EBX=b7719000, ESP=bf90424c, EBP=00000000, ESI=00000002, EDI=b4f8f000
-1	26897	libc.so.6           	b4df4563	                                        	8b 97 94 ff ff ff                                 	mov edx, dword ptr [edi-0x6c]                     		EAX=b4f8f000, ECX=bf904284, EDX=b7704880, EBX=b7719000, ESP=bf904200, EBP=00000000, ESI=00000002, EDI=b4f8f000
-1	26897	libc.so.6           	b4df4569	                                        	89 44 24 08                                       	mov dword ptr [esp+0x8], eax                      		EAX=b4f8f000, ECX=bf904284, EDX=00000000, EBX=b7719000, ESP=bf904200, EBP=00000000, ESI=00000002, EDI=b4f8f000
-1	26897	libc.so.6           	b4df456d	                                        	8b 44 24 74                                       	mov eax, dword ptr [esp+0x74]                     		EAX=b4f8f000, ECX=bf904284, EDX=00000000, EBX=b7719000, ESP=bf904200, EBP=00000000, ESI=00000002, EDI=b4f8f000
-1	26897	libc.so.6           	b4df4571	                                        	85 d2                                             	test edx, edx                                     		EAX=b7704880, ECX=bf904284, EDX=00000000, EBX=b7719000, ESP=bf904200, EBP=00000000, ESI=00000002, EDI=b4f8f000
-1	26897	libc.so.6           	b4df4573	                                        	0f 84 da 00 00 00                                 	jz 0xb4df4653                                     		EAX=b7704880, ECX=bf904284, EDX=00000000, EBX=b7719000, ESP=bf904200, EBP=00000000, ESI=00000002, EDI=b4f8f000
-1	26897	libc.so.6           	b4df4653	                                        	31 c9                                             	xor ecx, ecx                                      		EAX=b7704880, ECX=bf904284, EDX=00000000, EBX=b7719000, ESP=bf904200, EBP=00000000, ESI=00000002, EDI=b4f8f000
-1	26897	libc.so.6           	b4df4655	                                        	e9 28 ff ff ff                                    	jmp 0xb4df4582                                    		EAX=b7704880, ECX=00000000, EDX=00000000, EBX=b7719000, ESP=bf904200, EBP=00000000, ESI=00000002, EDI=b4f8f000
-1	26897	libc.so.6           	b4df4582	                                        	8b 74 24 08                                       	mov esi, dword ptr [esp+0x8]                      		EAX=b7704880, ECX=00000000, EDX=00000000, EBX=b7719000, ESP=bf904200, EBP=00000000, ESI=00000002, EDI=b4f8f000
-1	26897	libc.so.6           	b4df4586	                                        	85 c0                                             	test eax, eax                                     		EAX=b7704880, ECX=00000000, EDX=00000000, EBX=b7719000, ESP=bf904200, EBP=00000000, ESI=b4f8f000, EDI=b4f8f000
-1	26897	libc.so.6           	b4df4588	                                        	8d 96 40 00 00 00                                 	lea edx, ptr [esi+0x40]                           		EAX=b7704880, ECX=00000000, EDX=00000000, EBX=b7719000, ESP=bf904200, EBP=00000000, ESI=b4f8f000, EDI=b4f8f000
-1	26897	libc.so.6           	b4df458e	                                        	89 0a                                             	mov dword ptr [edx], ecx                          		EAX=b7704880, ECX=00000000, EDX=b4f8f040, EBX=b7719000, ESP=bf904200, EBP=00000000, ESI=b4f8f000, EDI=b4f8f000
-1	26897	libc.so.6           	b4df4590	                                        	74 10                                             	jz 0xb4df45a2                                     		EAX=b7704880, ECX=00000000, EDX=b4f8f040, EBX=b7719000, ESP=bf904200, EBP=00000000, ESI=b4f8f000, EDI=b4f8f000
-1	26897	libc.so.6           	b4df4592	                                        	83 ec 04                                          	sub esp, 0x4                                      		EAX=b7704880, ECX=00000000, EDX=b4f8f040, EBX=b7719000, ESP=bf904200, EBP=00000000, ESI=b4f8f000, EDI=b4f8f000
-1	26897	libc.so.6           	b4df4595	                                        	6a 00                                             	push 0x0                                          		EAX=b7704880, ECX=00000000, EDX=b4f8f040, EBX=b7719000, ESP=bf9041fc, EBP=00000000, ESI=b4f8f000, EDI=b4f8f000
-1	26897	libc.so.6           	b4df4597	                                        	6a 00                                             	push 0x0                                          		EAX=b7704880, ECX=00000000, EDX=b4f8f040, EBX=b7719000, ESP=bf9041f8, EBP=00000000, ESI=b4f8f000, EDI=b4f8f000
-1	26897	libc.so.6           	b4df4599	                                        	50                                                	push eax                                          		EAX=b7704880, ECX=00000000, EDX=b4f8f040, EBX=b7719000, ESP=bf9041f4, EBP=00000000, ESI=b4f8f000, EDI=b4f8f000
-1	26897	libc.so.6           	b4df459a	                                        	e8 61 66 01 00                                    	call 0xb4e0ac00                                   		EAX=b7704880, ECX=00000000, EDX=b4f8f040, EBX=b7719000, ESP=bf9041f0, EBP=00000000, ESI=b4f8f000, EDI=b4f8f000
-1	26897	libc.so.6           	b4e0ac00	                                        	53                                                	push ebx                                          		EAX=b7704880, ECX=00000000, EDX=b4f8f040, EBX=b7719000, ESP=bf9041ec, EBP=00000000, ESI=b4f8f000, EDI=b4f8f000
-1	26897	libc.so.6           	b4e0ac01	                                        	e8 6f 10 0f 00                                    	call 0xb4efbc75                                   		EAX=b7704880, ECX=00000000, EDX=b4f8f040, EBX=b7719000, ESP=bf9041e8, EBP=00000000, ESI=b4f8f000, EDI=b4f8f000
-1	26897	libc.so.6           	b4efbc75	__cxa_atexit                            	8b 1c 24                                          	mov ebx, dword ptr [esp]                          		EAX=b7704880, ECX=00000000, EDX=b4f8f040, EBX=b7719000, ESP=bf9041e4, EBP=00000000, ESI=b4f8f000, EDI=b4f8f000
-1	26897	libc.so.6           	b4efbc78	                                        	c3                                                	ret                                               		EAX=b7704880, ECX=00000000, EDX=b4f8f040, EBX=b4e0ac06, ESP=bf9041e4, EBP=00000000, ESI=b4f8f000, EDI=b4f8f000
-1	26897	libc.so.6           	b4e0ac06	                                        	81 c3 fa 43 18 00                                 	add ebx, 0x1843fa                                 		EAX=b7704880, ECX=00000000, EDX=b4f8f040, EBX=b4e0ac06, ESP=bf9041e8, EBP=00000000, ESI=b4f8f000, EDI=b4f8f000
-1	26897	libc.so.6           	b4e0ac0c	                                        	83 ec 14                                          	sub esp, 0x14                                     		EAX=b7704880, ECX=00000000, EDX=b4f8f040, EBX=b4f8f000, ESP=bf9041e8, EBP=00000000, ESI=b4f8f000, EDI=b4f8f000
-1	26897	libc.so.6           	b4e0ac0f	                                        	8d 83 dc 03 00 00                                 	lea eax, ptr [ebx+0x3dc]                          		EAX=b7704880, ECX=00000000, EDX=b4f8f040, EBX=b4f8f000, ESP=bf9041d4, EBP=00000000, ESI=b4f8f000, EDI=b4f8f000
-1	26897	libc.so.6           	b4e0ac15	                                        	50                                                	push eax                                          		EAX=b4f8f3dc, ECX=00000000, EDX=b4f8f040, EBX=b4f8f000, ESP=bf9041d4, EBP=00000000, ESI=b4f8f000, EDI=b4f8f000
-1	26897	libc.so.6           	b4e0ac16	                                        	e8 35 fe ff ff                                    	call 0xb4e0aa50                                   		EAX=b4f8f3dc, ECX=00000000, EDX=b4f8f040, EBX=b4f8f000, ESP=bf9041d0, EBP=00000000, ESI=b4f8f000, EDI=b4f8f000
-1	26897	libc.so.6           	b4e0aa50	                                        	55                                                	push ebp                                          		EAX=b4f8f3dc, ECX=00000000, EDX=b4f8f040, EBX=b4f8f000, ESP=bf9041cc, EBP=00000000, ESI=b4f8f000, EDI=b4f8f000
-1	26897	libc.so.6           	b4e0aa51	                                        	57                                                	push edi                                          		EAX=b4f8f3dc, ECX=00000000, EDX=b4f8f040, EBX=b4f8f000, ESP=bf9041c8, EBP=00000000, ESI=b4f8f000, EDI=b4f8f000
-1	26897	libc.so.6           	b4e0aa52	                                        	31 c0                                             	xor eax, eax                                      		EAX=b4f8f3dc, ECX=00000000, EDX=b4f8f040, EBX=b4f8f000, ESP=bf9041c4, EBP=00000000, ESI=b4f8f000, EDI=b4f8f000
-1	26897	libc.so.6           	b4e0aa54	                                        	56                                                	push esi                                          		EAX=00000000, ECX=00000000, EDX=b4f8f040, EBX=b4f8f000, ESP=bf9041c4, EBP=00000000, ESI=b4f8f000, EDI=b4f8f000
-1	26897	libc.so.6           	b4e0aa55	                                        	53                                                	push ebx                                          		EAX=00000000, ECX=00000000, EDX=b4f8f040, EBX=b4f8f000, ESP=bf9041c0, EBP=00000000, ESI=b4f8f000, EDI=b4f8f000
-1	26897	libc.so.6           	b4e0aa56	                                        	b9 01 00 00 00                                    	mov ecx, 0x1                                      		EAX=00000000, ECX=00000000, EDX=b4f8f040, EBX=b4f8f000, ESP=bf9041bc, EBP=00000000, ESI=b4f8f000, EDI=b4f8f000
-1	26897	libc.so.6           	b4e0aa5b	                                        	e8 15 12 0f 00                                    	call 0xb4efbc75                                   		EAX=00000000, ECX=00000001, EDX=b4f8f040, EBX=b4f8f000, ESP=bf9041bc, EBP=00000000, ESI=b4f8f000, EDI=b4f8f000
-1	26897	libc.so.6           	b4efbc75	                                        	8b 1c 24                                          	mov ebx, dword ptr [esp]                          		EAX=00000000, ECX=00000001, EDX=b4f8f040, EBX=b4f8f000, ESP=bf9041b8, EBP=00000000, ESI=b4f8f000, EDI=b4f8f000
-1	26897	libc.so.6           	b4efbc78	                                        	c3                                                	ret                                               		EAX=00000000, ECX=00000001, EDX=b4f8f040, EBX=b4e0aa60, ESP=bf9041b8, EBP=00000000, ESI=b4f8f000, EDI=b4f8f000
-1	26897	libc.so.6           	b4e0aa60	                                        	81 c3 a0 45 18 00                                 	add ebx, 0x1845a0                                 		EAX=00000000, ECX=00000001, EDX=b4f8f040, EBX=b4e0aa60, ESP=bf9041bc, EBP=00000000, ESI=b4f8f000, EDI=b4f8f000
-1	26897	libc.so.6           	b4e0aa66	                                        	83 ec 0c                                          	sub esp, 0xc                                      		EAX=00000000, ECX=00000001, EDX=b4f8f040, EBX=b4f8f000, ESP=bf9041bc, EBP=00000000, ESI=b4f8f000, EDI=b4f8f000
-1	26897	libc.so.6           	b4e0aa69	                                        	65 83 3d 0c 00 00 00 00                           	cmp dword ptr gs:[0xc], 0x0                       		EAX=00000000, ECX=00000001, EDX=b4f8f040, EBX=b4f8f000, ESP=bf9041b0, EBP=00000000, ESI=b4f8f000, EDI=b4f8f000
-1	26897	libc.so.6           	b4e0aa71	                                        	74 01                                             	jz 0xb4e0aa74                                     		EAX=00000000, ECX=00000001, EDX=b4f8f040, EBX=b4f8f000, ESP=bf9041b0, EBP=00000000, ESI=b4f8f000, EDI=b4f8f000
-1	26897	libc.so.6           	b4e0aa74	                                        	0f b1 8b e8 13 00 00                              	cmpxchg dword ptr [ebx+0x13e8], ecx               		EAX=00000000, ECX=00000001, EDX=b4f8f040, EBX=b4f8f000, ESP=bf9041b0, EBP=00000000, ESI=b4f8f000, EDI=b4f8f000
-1	26897	libc.so.6           	b4e0aa7b	                                        	74 0b                                             	jz 0xb4e0aa88                                     		EAX=00000000, ECX=00000001, EDX=b4f8f040, EBX=b4f8f000, ESP=bf9041b0, EBP=00000000, ESI=b4f8f000, EDI=b4f8f000
-1	26897	libc.so.6           	b4e0aa88	                                        	8b 44 24 20                                       	mov eax, dword ptr [esp+0x20]                     		EAX=00000000, ECX=00000001, EDX=b4f8f040, EBX=b4f8f000, ESP=bf9041b0, EBP=00000000, ESI=b4f8f000, EDI=b4f8f000
-1	26897	libc.so.6           	b4e0aa8c	                                        	31 ed                                             	xor ebp, ebp                                      		EAX=b4f8f3dc, ECX=00000001, EDX=b4f8f040, EBX=b4f8f000, ESP=bf9041b0, EBP=00000000, ESI=b4f8f000, EDI=b4f8f000
-1	26897	libc.so.6           	b4e0aa8e	                                        	8b 30                                             	mov esi, dword ptr [eax]                          		EAX=b4f8f3dc, ECX=00000001, EDX=b4f8f040, EBX=b4f8f000, ESP=bf9041b0, EBP=00000000, ESI=b4f8f000, EDI=b4f8f000
-1	26897	libc.so.6           	b4e0aa90	                                        	85 f6                                             	test esi, esi                                     		EAX=b4f8f3dc, ECX=00000001, EDX=b4f8f040, EBX=b4f8f000, ESP=bf9041b0, EBP=00000000, ESI=b4f901e0, EDI=b4f8f000
-1	26897	libc.so.6           	b4e0aa92	                                        	89 f7                                             	mov edi, esi                                      		EAX=b4f8f3dc, ECX=00000001, EDX=b4f8f040, EBX=b4f8f000, ESP=bf9041b0, EBP=00000000, ESI=b4f901e0, EDI=b4f8f000
-1	26897	libc.so.6           	b4e0aa94	                                        	0f 84 d9 00 00 00                                 	jz 0xb4e0ab73                                     		EAX=b4f8f3dc, ECX=00000001, EDX=b4f8f040, EBX=b4f8f000, ESP=bf9041b0, EBP=00000000, ESI=b4f901e0, EDI=b4f901e0
-1	26897	libc.so.6           	b4e0aa9a	                                        	8d b6 00 00 00 00                                 	lea esi, ptr [esi]                                		EAX=b4f8f3dc, ECX=00000001, EDX=b4f8f040, EBX=b4f8f000, ESP=bf9041b0, EBP=00000000, ESI=b4f901e0, EDI=b4f901e0
-1	26897	libc.so.6           	b4e0aaa0	                                        	8b 47 04                                          	mov eax, dword ptr [edi+0x4]                      		EAX=b4f8f3dc, ECX=00000001, EDX=b4f8f040, EBX=b4f8f000, ESP=bf9041b0, EBP=00000000, ESI=b4f901e0, EDI=b4f901e0
-1	26897	libc.so.6           	b4e0aaa3	                                        	85 c0                                             	test eax, eax                                     		EAX=00000000, ECX=00000001, EDX=b4f8f040, EBX=b4f8f000, ESP=bf9041b0, EBP=00000000, ESI=b4f901e0, EDI=b4f901e0
-1	26897	libc.so.6           	b4e0aaa5	                                        	74 2b                                             	jz 0xb4e0aad2                                     		EAX=00000000, ECX=00000001, EDX=b4f8f040, EBX=b4f8f000, ESP=bf9041b0, EBP=00000000, ESI=b4f901e0, EDI=b4f901e0
-1	26897	libc.so.6           	b4e0aad2	                                        	8b 07                                             	mov eax, dword ptr [edi]                          		EAX=00000000, ECX=00000001, EDX=b4f8f040, EBX=b4f8f000, ESP=bf9041b0, EBP=00000000, ESI=b4f901e0, EDI=b4f901e0
-1	26897	libc.so.6           	b4e0aad4	                                        	c7 47 04 00 00 00 00                              	mov dword ptr [edi+0x4], 0x0                      		EAX=00000000, ECX=00000001, EDX=b4f8f040, EBX=b4f8f000, ESP=bf9041b0, EBP=00000000, ESI=b4f901e0, EDI=b4f901e0
-1	26897	libc.so.6           	b4e0aadb	                                        	89 fd                                             	mov ebp, edi                                      		EAX=00000000, ECX=00000001, EDX=b4f8f040, EBX=b4f8f000, ESP=bf9041b0, EBP=00000000, ESI=b4f901e0, EDI=b4f901e0
-1	26897	libc.so.6           	b4e0aadd	                                        	85 c0                                             	test eax, eax                                     		EAX=00000000, ECX=00000001, EDX=b4f8f040, EBX=b4f8f000, ESP=bf9041b0, EBP=b4f901e0, ESI=b4f901e0, EDI=b4f901e0
-1	26897	libc.so.6           	b4e0aadf	                                        	0f 84 82 00 00 00                                 	jz 0xb4e0ab67                                     		EAX=00000000, ECX=00000001, EDX=b4f8f040, EBX=b4f8f000, ESP=bf9041b0, EBP=b4f901e0, ESI=b4f901e0, EDI=b4f901e0
-1	26897	libc.so.6           	b4e0ab67	                                        	8d 4f 08                                          	lea ecx, ptr [edi+0x8]                            		EAX=00000000, ECX=00000001, EDX=b4f8f040, EBX=b4f8f000, ESP=bf9041b0, EBP=b4f901e0, ESI=b4f901e0, EDI=b4f901e0
-1	26897	libc.so.6           	b4e0ab6a	                                        	c7 47 04 01 00 00 00                              	mov dword ptr [edi+0x4], 0x1                      		EAX=00000000, ECX=b4f901e8, EDX=b4f8f040, EBX=b4f8f000, ESP=bf9041b0, EBP=b4f901e0, ESI=b4f901e0, EDI=b4f901e0
-1	26897	libc.so.6           	b4e0ab71	                                        	eb 91                                             	jmp 0xb4e0ab04                                    		EAX=00000000, ECX=b4f901e8, EDX=b4f8f040, EBX=b4f8f000, ESP=bf9041b0, EBP=b4f901e0, ESI=b4f901e0, EDI=b4f901e0
-1	26897	libc.so.6           	b4e0ab04	                                        	c7 01 01 00 00 00                                 	mov dword ptr [ecx], 0x1                          		EAX=00000000, ECX=b4f901e8, EDX=b4f8f040, EBX=b4f8f000, ESP=bf9041b0, EBP=b4f901e0, ESI=b4f901e0, EDI=b4f901e0
-1	26897	libc.so.6           	b4e0ab0a	                                        	83 83 e0 36 00 00 01                              	add dword ptr [ebx+0x36e0], 0x1                   		EAX=00000000, ECX=b4f901e8, EDX=b4f8f040, EBX=b4f8f000, ESP=bf9041b0, EBP=b4f901e0, ESI=b4f901e0, EDI=b4f901e0
-1	26897	libc.so.6           	b4e0ab11	                                        	83 93 e4 36 00 00 00                              	adc dword ptr [ebx+0x36e4], 0x0                   		EAX=00000000, ECX=b4f901e8, EDX=b4f8f040, EBX=b4f8f000, ESP=bf9041b0, EBP=b4f901e0, ESI=b4f901e0, EDI=b4f901e0
-1	26897	libc.so.6           	b4e0ab18	                                        	65 83 3d 0c 00 00 00 00                           	cmp dword ptr gs:[0xc], 0x0                       		EAX=00000000, ECX=b4f901e8, EDX=b4f8f040, EBX=b4f8f000, ESP=bf9041b0, EBP=b4f901e0, ESI=b4f901e0, EDI=b4f901e0
-1	26897	libc.so.6           	b4e0ab20	                                        	74 01                                             	jz 0xb4e0ab23                                     		EAX=00000000, ECX=b4f901e8, EDX=b4f8f040, EBX=b4f8f000, ESP=bf9041b0, EBP=b4f901e0, ESI=b4f901e0, EDI=b4f901e0
-1	26897	libc.so.6           	b4e0ab23	                                        	83 ab e8 13 00 00 01                              	sub dword ptr [ebx+0x13e8], 0x1                   		EAX=00000000, ECX=b4f901e8, EDX=b4f8f040, EBX=b4f8f000, ESP=bf9041b0, EBP=b4f901e0, ESI=b4f901e0, EDI=b4f901e0
-1	26897	libc.so.6           	b4e0ab2a	                                        	74 0b                                             	jz 0xb4e0ab37                                     		EAX=00000000, ECX=b4f901e8, EDX=b4f8f040, EBX=b4f8f000, ESP=bf9041b0, EBP=b4f901e0, ESI=b4f901e0, EDI=b4f901e0
-1	26897	libc.so.6           	b4e0ab37	                                        	83 c4 0c                                          	add esp, 0xc                                      		EAX=00000000, ECX=b4f901e8, EDX=b4f8f040, EBX=b4f8f000, ESP=bf9041b0, EBP=b4f901e0, ESI=b4f901e0, EDI=b4f901e0
-1	26897	libc.so.6           	b4e0ab3a	                                        	89 c8                                             	mov eax, ecx                                      		EAX=00000000, ECX=b4f901e8, EDX=b4f8f040, EBX=b4f8f000, ESP=bf9041bc, EBP=b4f901e0, ESI=b4f901e0, EDI=b4f901e0
-1	26897	libc.so.6           	b4e0ab3c	                                        	5b                                                	pop ebx                                           		EAX=b4f901e8, ECX=b4f901e8, EDX=b4f8f040, EBX=b4f8f000, ESP=bf9041bc, EBP=b4f901e0, ESI=b4f901e0, EDI=b4f901e0
-1	26897	libc.so.6           	b4e0ab3d	                                        	5e                                                	pop esi                                           		EAX=b4f901e8, ECX=b4f901e8, EDX=b4f8f040, EBX=b4f8f000, ESP=bf9041c0, EBP=b4f901e0, ESI=b4f901e0, EDI=b4f901e0
-1	26897	libc.so.6           	b4e0ab3e	                                        	5f                                                	pop edi                                           		EAX=b4f901e8, ECX=b4f901e8, EDX=b4f8f040, EBX=b4f8f000, ESP=bf9041c4, EBP=b4f901e0, ESI=b4f8f000, EDI=b4f901e0
-1	26897	libc.so.6           	b4e0ab3f	                                        	5d                                                	pop ebp                                           		EAX=b4f901e8, ECX=b4f901e8, EDX=b4f8f040, EBX=b4f8f000, ESP=bf9041c8, EBP=b4f901e0, ESI=b4f8f000, EDI=b4f8f000
-1	26897	libc.so.6           	b4e0ab40	                                        	c3                                                	ret                                               		EAX=b4f901e8, ECX=b4f901e8, EDX=b4f8f040, EBX=b4f8f000, ESP=bf9041cc, EBP=00000000, ESI=b4f8f000, EDI=b4f8f000
-1	26897	libc.so.6           	b4e0ac1b	                                        	83 c4 10                                          	add esp, 0x10                                     		EAX=b4f901e8, ECX=b4f901e8, EDX=b4f8f040, EBX=b4f8f000, ESP=bf9041d0, EBP=00000000, ESI=b4f8f000, EDI=b4f8f000
-1	26897	libc.so.6           	b4e0ac1e	                                        	85 c0                                             	test eax, eax                                     		EAX=b4f901e8, ECX=b4f901e8, EDX=b4f8f040, EBX=b4f8f000, ESP=bf9041e0, EBP=00000000, ESI=b4f8f000, EDI=b4f8f000
-1	26897	libc.so.6           	b4e0ac20	                                        	74 2c                                             	jz 0xb4e0ac4e                                     		EAX=b4f901e8, ECX=b4f901e8, EDX=b4f8f040, EBX=b4f8f000, ESP=bf9041e0, EBP=00000000, ESI=b4f8f000, EDI=b4f8f000
-1	26897	libc.so.6           	b4e0ac22	                                        	8b 54 24 10                                       	mov edx, dword ptr [esp+0x10]                     		EAX=b4f901e8, ECX=b4f901e8, EDX=b4f8f040, EBX=b4f8f000, ESP=bf9041e0, EBP=00000000, ESI=b4f8f000, EDI=b4f8f000
-1	26897	libc.so.6           	b4e0ac26	                                        	65 33 15 18 00 00 00                              	xor edx, dword ptr gs:[0x18]                      		EAX=b4f901e8, ECX=b4f901e8, EDX=b7704880, EBX=b4f8f000, ESP=bf9041e0, EBP=00000000, ESI=b4f8f000, EDI=b4f8f000
-1	26897	libc.so.6           	b4e0ac2d	                                        	c1 c2 09                                          	rol edx, 0x9                                      		EAX=b4f901e8, ECX=b4f901e8, EDX=b3eef0bb, EBX=b4f8f000, ESP=bf9041e0, EBP=00000000, ESI=b4f8f000, EDI=b4f8f000
-1	26897	libc.so.6           	b4e0ac30	                                        	89 50 04                                          	mov dword ptr [eax+0x4], edx                      		EAX=b4f901e8, ECX=b4f901e8, EDX=dde17767, EBX=b4f8f000, ESP=bf9041e0, EBP=00000000, ESI=b4f8f000, EDI=b4f8f000
-1	26897	libc.so.6           	b4e0ac33	                                        	8b 54 24 14                                       	mov edx, dword ptr [esp+0x14]                     		EAX=b4f901e8, ECX=b4f901e8, EDX=dde17767, EBX=b4f8f000, ESP=bf9041e0, EBP=00000000, ESI=b4f8f000, EDI=b4f8f000
-1	26897	libc.so.6           	b4e0ac37	                                        	89 50 08                                          	mov dword ptr [eax+0x8], edx                      		EAX=b4f901e8, ECX=b4f901e8, EDX=00000000, EBX=b4f8f000, ESP=bf9041e0, EBP=00000000, ESI=b4f8f000, EDI=b4f8f000
-1	26897	libc.so.6           	b4e0ac3a	                                        	8b 54 24 18                                       	mov edx, dword ptr [esp+0x18]                     		EAX=b4f901e8, ECX=b4f901e8, EDX=00000000, EBX=b4f8f000, ESP=bf9041e0, EBP=00000000, ESI=b4f8f000, EDI=b4f8f000
-1	26897	libc.so.6           	b4e0ac3e	                                        	89 50 0c                                          	mov dword ptr [eax+0xc], edx                      		EAX=b4f901e8, ECX=b4f901e8, EDX=00000000, EBX=b4f8f000, ESP=bf9041e0, EBP=00000000, ESI=b4f8f000, EDI=b4f8f000
-1	26897	libc.so.6           	b4e0ac41	                                        	c7 00 04 00 00 00                                 	mov dword ptr [eax], 0x4                          		EAX=b4f901e8, ECX=b4f901e8, EDX=00000000, EBX=b4f8f000, ESP=bf9041e0, EBP=00000000, ESI=b4f8f000, EDI=b4f8f000
-1	26897	libc.so.6           	b4e0ac47	                                        	31 c0                                             	xor eax, eax                                      		EAX=b4f901e8, ECX=b4f901e8, EDX=00000000, EBX=b4f8f000, ESP=bf9041e0, EBP=00000000, ESI=b4f8f000, EDI=b4f8f000
-1	26897	libc.so.6           	b4e0ac49	                                        	83 c4 08                                          	add esp, 0x8                                      		EAX=00000000, ECX=b4f901e8, EDX=00000000, EBX=b4f8f000, ESP=bf9041e0, EBP=00000000, ESI=b4f8f000, EDI=b4f8f000
-1	26897	libc.so.6           	b4e0ac4c	                                        	5b                                                	pop ebx                                           		EAX=00000000, ECX=b4f901e8, EDX=00000000, EBX=b4f8f000, ESP=bf9041e8, EBP=00000000, ESI=b4f8f000, EDI=b4f8f000
-1	26897	libc.so.6           	b4e0ac4d	                                        	c3                                                	ret                                               		EAX=00000000, ECX=b4f901e8, EDX=00000000, EBX=b7719000, ESP=bf9041ec, EBP=00000000, ESI=b4f8f000, EDI=b4f8f000
-1	26897	libc.so.6           	b4df459f	                                        	83 c4 10                                          	add esp, 0x10                                     		EAX=00000000, ECX=b4f901e8, EDX=00000000, EBX=b7719000, ESP=bf9041f0, EBP=00000000, ESI=b4f8f000, EDI=b4f8f000
-1	26897	libc.so.6           	b4df45a2	                                        	8b 44 24 08                                       	mov eax, dword ptr [esp+0x8]                      		EAX=00000000, ECX=b4f901e8, EDX=00000000, EBX=b7719000, ESP=bf904200, EBP=00000000, ESI=b4f8f000, EDI=b4f8f000
-1	26897	libc.so.6           	b4df45a6	                                        	8b 80 24 ff ff ff                                 	mov eax, dword ptr [eax-0xdc]                     		EAX=b4f8f000, ECX=b4f901e8, EDX=00000000, EBX=b7719000, ESP=bf904200, EBP=00000000, ESI=b4f8f000, EDI=b4f8f000
-1	26897	libc.so.6           	b4df45ac	                                        	8b 18                                             	mov ebx, dword ptr [eax]                          		EAX=b7718d00, ECX=b4f901e8, EDX=00000000, EBX=b7719000, ESP=bf904200, EBP=00000000, ESI=b4f8f000, EDI=b4f8f000
-1	26897	libc.so.6           	b4df45ae	                                        	83 e3 02                                          	and ebx, 0x2                                      		EAX=b7718d00, ECX=b4f901e8, EDX=00000000, EBX=00000000, ESP=bf904200, EBP=00000000, ESI=b4f8f000, EDI=b4f8f000
-1	26897	libc.so.6           	b4df45b1	                                        	0f 85 d7 00 00 00                                 	jnz 0xb4df468e                                    		EAX=b7718d00, ECX=b4f901e8, EDX=00000000, EBX=00000000, ESP=bf904200, EBP=00000000, ESI=b4f8f000, EDI=b4f8f000
-1	26897	libc.so.6           	b4df45b7	                                        	83 7c 24 6c 00                                    	cmp dword ptr [esp+0x6c], 0x0                     		EAX=b7718d00, ECX=b4f901e8, EDX=00000000, EBX=00000000, ESP=bf904200, EBP=00000000, ESI=b4f8f000, EDI=b4f8f000
-1	26897	libc.so.6           	b4df45bc	                                        	74 1c                                             	jz 0xb4df45da                                     		EAX=b7718d00, ECX=b4f901e8, EDX=00000000, EBX=00000000, ESP=bf904200, EBP=00000000, ESI=b4f8f000, EDI=b4f8f000
-1	26897	libc.so.6           	b4df45be	                                        	52                                                	push edx                                          		EAX=b7718d00, ECX=b4f901e8, EDX=00000000, EBX=00000000, ESP=bf904200, EBP=00000000, ESI=b4f8f000, EDI=b4f8f000
-1	26897	libc.so.6           	b4df45bf	                                        	8b 44 24 0c                                       	mov eax, dword ptr [esp+0xc]                      		EAX=b7718d00, ECX=b4f901e8, EDX=00000000, EBX=00000000, ESP=bf9041fc, EBP=00000000, ESI=b4f8f000, EDI=b4f8f000
-1	26897	libc.so.6           	b4df45c3	                                        	8b 80 48 ff ff ff                                 	mov eax, dword ptr [eax-0xb8]                     		EAX=b4f8f000, ECX=b4f901e8, EDX=00000000, EBX=00000000, ESP=bf9041fc, EBP=00000000, ESI=b4f8f000, EDI=b4f8f000
-1	26897	libc.so.6           	b4df45c9	                                        	ff 30                                             	push dword ptr [eax]                              		EAX=b4f90dbc, ECX=b4f901e8, EDX=00000000, EBX=00000000, ESP=bf9041fc, EBP=00000000, ESI=b4f8f000, EDI=b4f8f000
-1	26897	libc.so.6           	b4df45cb	                                        	ff 74 24 70                                       	push dword ptr [esp+0x70]                         		EAX=b4f90dbc, ECX=b4f901e8, EDX=00000000, EBX=00000000, ESP=bf9041f8, EBP=00000000, ESI=b4f8f000, EDI=b4f8f000
-1	26897	libc.so.6           	b4df45cf	                                        	ff 74 24 70                                       	push dword ptr [esp+0x70]                         		EAX=b4f90dbc, ECX=b4f901e8, EDX=00000000, EBX=00000000, ESP=bf9041f4, EBP=00000000, ESI=b4f8f000, EDI=b4f8f000
-1	26897	libc.so.6           	b4df45d3	                                        	ff 54 24 7c                                       	call dword ptr [esp+0x7c]                         		EAX=b4f90dbc, ECX=b4f901e8, EDX=00000000, EBX=00000000, ESP=bf9041f0, EBP=00000000, ESI=b4f8f000, EDI=b4f8f000
-1	26897	unknown             	08048510	                                        	55                                                	push ebp                                          		EAX=b4f90dbc, ECX=b4f901e8, EDX=00000000, EBX=00000000, ESP=bf9041ec, EBP=00000000, ESI=b4f8f000, EDI=b4f8f000
-1	26897	unknown             	08048511	                                        	57                                                	push edi                                          		EAX=b4f90dbc, ECX=b4f901e8, EDX=00000000, EBX=00000000, ESP=bf9041e8, EBP=00000000, ESI=b4f8f000, EDI=b4f8f000
-1	26897	unknown             	08048512	                                        	56                                                	push esi                                          		EAX=b4f90dbc, ECX=b4f901e8, EDX=00000000, EBX=00000000, ESP=bf9041e4, EBP=00000000, ESI=b4f8f000, EDI=b4f8f000
-1	26897	unknown             	08048513	                                        	53                                                	push ebx                                          		EAX=b4f90dbc, ECX=b4f901e8, EDX=00000000, EBX=00000000, ESP=bf9041e0, EBP=00000000, ESI=b4f8f000, EDI=b4f8f000
-1	26897	unknown             	08048514	                                        	e8 27 fe ff ff                                    	call 0x8048340                                    		EAX=b4f90dbc, ECX=b4f901e8, EDX=00000000, EBX=00000000, ESP=bf9041dc, EBP=00000000, ESI=b4f8f000, EDI=b4f8f000
-1	26897	unknown             	08048340	                                        	8b 1c 24                                          	mov ebx, dword ptr [esp]                          		EAX=b4f90dbc, ECX=b4f901e8, EDX=00000000, EBX=00000000, ESP=bf9041d8, EBP=00000000, ESI=b4f8f000, EDI=b4f8f000
-1	26897	unknown             	08048343	                                        	c3                                                	ret                                               		EAX=b4f90dbc, ECX=b4f901e8, EDX=00000000, EBX=08048519, ESP=bf9041d8, EBP=00000000, ESI=b4f8f000, EDI=b4f8f000
-1	26897	unknown             	08048519	                                        	81 c3 e7 1a 00 00                                 	add ebx, 0x1ae7                                   		EAX=b4f90dbc, ECX=b4f901e8, EDX=00000000, EBX=08048519, ESP=bf9041dc, EBP=00000000, ESI=b4f8f000, EDI=b4f8f000
-1	26897	unknown             	0804851f	                                        	83 ec 0c                                          	sub esp, 0xc                                      		EAX=b4f90dbc, ECX=b4f901e8, EDX=00000000, EBX=0804a000, ESP=bf9041dc, EBP=00000000, ESI=b4f8f000, EDI=b4f8f000
-1	26897	unknown             	08048522	                                        	8b 6c 24 20                                       	mov ebp, dword ptr [esp+0x20]                     		EAX=b4f90dbc, ECX=b4f901e8, EDX=00000000, EBX=0804a000, ESP=bf9041d0, EBP=00000000, ESI=b4f8f000, EDI=b4f8f000
-1	26897	unknown             	08048526	                                        	8d b3 0c ff ff ff                                 	lea esi, ptr [ebx-0xf4]                           		EAX=b4f90dbc, ECX=b4f901e8, EDX=00000000, EBX=0804a000, ESP=bf9041d0, EBP=00000002, ESI=b4f8f000, EDI=b4f8f000
-1	26897	unknown             	0804852c	                                        	e8 77 fd ff ff                                    	call 0x80482a8                                    		EAX=b4f90dbc, ECX=b4f901e8, EDX=00000000, EBX=0804a000, ESP=bf9041d0, EBP=00000002, ESI=08049f0c, EDI=b4f8f000
-1	26897	unknown             	080482a8	                                        	53                                                	push ebx                                          		EAX=b4f90dbc, ECX=b4f901e8, EDX=00000000, EBX=0804a000, ESP=bf9041cc, EBP=00000002, ESI=08049f0c, EDI=b4f8f000
-1	26897	unknown             	080482a9	                                        	83 ec 08                                          	sub esp, 0x8                                      		EAX=b4f90dbc, ECX=b4f901e8, EDX=00000000, EBX=0804a000, ESP=bf9041c8, EBP=00000002, ESI=08049f0c, EDI=b4f8f000
-1	26897	unknown             	080482ac	                                        	e8 8f 00 00 00                                    	call 0x8048340                                    		EAX=b4f90dbc, ECX=b4f901e8, EDX=00000000, EBX=0804a000, ESP=bf9041c0, EBP=00000002, ESI=08049f0c, EDI=b4f8f000
-1	26897	unknown             	08048340	                                        	8b 1c 24                                          	mov ebx, dword ptr [esp]                          		EAX=b4f90dbc, ECX=b4f901e8, EDX=00000000, EBX=0804a000, ESP=bf9041bc, EBP=00000002, ESI=08049f0c, EDI=b4f8f000
-1	26897	unknown             	08048343	                                        	c3                                                	ret                                               		EAX=b4f90dbc, ECX=b4f901e8, EDX=00000000, EBX=080482b1, ESP=bf9041bc, EBP=00000002, ESI=08049f0c, EDI=b4f8f000
-1	26897	unknown             	080482b1	                                        	81 c3 4f 1d 00 00                                 	add ebx, 0x1d4f                                   		EAX=b4f90dbc, ECX=b4f901e8, EDX=00000000, EBX=080482b1, ESP=bf9041c0, EBP=00000002, ESI=08049f0c, EDI=b4f8f000
-1	26897	unknown             	080482b7	                                        	8b 83 fc ff ff ff                                 	mov eax, dword ptr [ebx-0x4]                      		EAX=b4f90dbc, ECX=b4f901e8, EDX=00000000, EBX=0804a000, ESP=bf9041c0, EBP=00000002, ESI=08049f0c, EDI=b4f8f000
-1	26897	unknown             	080482bd	                                        	85 c0                                             	test eax, eax                                     		EAX=00000000, ECX=b4f901e8, EDX=00000000, EBX=0804a000, ESP=bf9041c0, EBP=00000002, ESI=08049f0c, EDI=b4f8f000
-1	26897	unknown             	080482bf	                                        	74 05                                             	jz 0x80482c6                                      		EAX=00000000, ECX=b4f901e8, EDX=00000000, EBX=0804a000, ESP=bf9041c0, EBP=00000002, ESI=08049f0c, EDI=b4f8f000
-1	26897	unknown             	080482c6	                                        	83 c4 08                                          	add esp, 0x8                                      		EAX=00000000, ECX=b4f901e8, EDX=00000000, EBX=0804a000, ESP=bf9041c0, EBP=00000002, ESI=08049f0c, EDI=b4f8f000
-1	26897	unknown             	080482c9	                                        	5b                                                	pop ebx                                           		EAX=00000000, ECX=b4f901e8, EDX=00000000, EBX=0804a000, ESP=bf9041c8, EBP=00000002, ESI=08049f0c, EDI=b4f8f000
-1	26897	unknown             	080482ca	                                        	c3                                                	ret                                               		EAX=00000000, ECX=b4f901e8, EDX=00000000, EBX=0804a000, ESP=bf9041cc, EBP=00000002, ESI=08049f0c, EDI=b4f8f000
-1	26897	unknown             	08048531	                                        	8d 83 08 ff ff ff                                 	lea eax, ptr [ebx-0xf8]                           		EAX=00000000, ECX=b4f901e8, EDX=00000000, EBX=0804a000, ESP=bf9041d0, EBP=00000002, ESI=08049f0c, EDI=b4f8f000
-1	26897	unknown             	08048537	                                        	29 c6                                             	sub esi, eax                                      		EAX=08049f08, ECX=b4f901e8, EDX=00000000, EBX=0804a000, ESP=bf9041d0, EBP=00000002, ESI=08049f0c, EDI=b4f8f000
-1	26897	unknown             	08048539	                                        	c1 fe 02                                          	sar esi, 0x2                                      		EAX=08049f08, ECX=b4f901e8, EDX=00000000, EBX=0804a000, ESP=bf9041d0, EBP=00000002, ESI=00000004, EDI=b4f8f000
-1	26897	unknown             	0804853c	                                        	85 f6                                             	test esi, esi                                     		EAX=08049f08, ECX=b4f901e8, EDX=00000000, EBX=0804a000, ESP=bf9041d0, EBP=00000002, ESI=00000001, EDI=b4f8f000
-1	26897	unknown             	0804853e	                                        	74 25                                             	jz 0x8048565                                      		EAX=08049f08, ECX=b4f901e8, EDX=00000000, EBX=0804a000, ESP=bf9041d0, EBP=00000002, ESI=00000001, EDI=b4f8f000
-1	26897	unknown             	08048540	                                        	31 ff                                             	xor edi, edi                                      		EAX=08049f08, ECX=b4f901e8, EDX=00000000, EBX=0804a000, ESP=bf9041d0, EBP=00000002, ESI=00000001, EDI=b4f8f000
-1	26897	unknown             	08048542	                                        	8d b6 00 00 00 00                                 	lea esi, ptr [esi]                                		EAX=08049f08, ECX=b4f901e8, EDX=00000000, EBX=0804a000, ESP=bf9041d0, EBP=00000002, ESI=00000001, EDI=00000000
-1	26897	unknown             	08048548	                                        	83 ec 04                                          	sub esp, 0x4                                      		EAX=08049f08, ECX=b4f901e8, EDX=00000000, EBX=0804a000, ESP=bf9041d0, EBP=00000002, ESI=00000001, EDI=00000000
-1	26897	unknown             	0804854b	                                        	ff 74 24 2c                                       	push dword ptr [esp+0x2c]                         		EAX=08049f08, ECX=b4f901e8, EDX=00000000, EBX=0804a000, ESP=bf9041cc, EBP=00000002, ESI=00000001, EDI=00000000
-1	26897	unknown             	0804854f	                                        	ff 74 24 2c                                       	push dword ptr [esp+0x2c]                         		EAX=08049f08, ECX=b4f901e8, EDX=00000000, EBX=0804a000, ESP=bf9041c8, EBP=00000002, ESI=00000001, EDI=00000000
-1	26897	unknown             	08048553	                                        	55                                                	push ebp                                          		EAX=08049f08, ECX=b4f901e8, EDX=00000000, EBX=0804a000, ESP=bf9041c4, EBP=00000002, ESI=00000001, EDI=00000000
-1	26897	unknown             	08048554	                                        	ff 94 bb 08 ff ff ff                              	call dword ptr [ebx+edi*4-0xf8]                   		EAX=08049f08, ECX=b4f901e8, EDX=00000000, EBX=0804a000, ESP=bf9041c0, EBP=00000002, ESI=00000001, EDI=00000000
-1	26897	unknown             	080483e0	                                        	b8 10 9f 04 08                                    	mov eax, 0x8049f10                                		EAX=08049f08, ECX=b4f901e8, EDX=00000000, EBX=0804a000, ESP=bf9041bc, EBP=00000002, ESI=00000001, EDI=00000000
-1	26897	unknown             	080483e5	                                        	8b 10                                             	mov edx, dword ptr [eax]                          		EAX=08049f10, ECX=b4f901e8, EDX=00000000, EBX=0804a000, ESP=bf9041bc, EBP=00000002, ESI=00000001, EDI=00000000
-1	26897	unknown             	080483e7	                                        	85 d2                                             	test edx, edx                                     		EAX=08049f10, ECX=b4f901e8, EDX=00000000, EBX=0804a000, ESP=bf9041bc, EBP=00000002, ESI=00000001, EDI=00000000
-1	26897	unknown             	080483e9	                                        	75 05                                             	jnz 0x80483f0                                     		EAX=08049f10, ECX=b4f901e8, EDX=00000000, EBX=0804a000, ESP=bf9041bc, EBP=00000002, ESI=00000001, EDI=00000000
-1	26897	unknown             	080483eb	                                        	eb 93                                             	jmp 0x8048380                                     		EAX=08049f10, ECX=b4f901e8, EDX=00000000, EBX=0804a000, ESP=bf9041bc, EBP=00000002, ESI=00000001, EDI=00000000
-1	26897	unknown             	08048380	                                        	b8 1c a0 04 08                                    	mov eax, 0x804a01c                                		EAX=08049f10, ECX=b4f901e8, EDX=00000000, EBX=0804a000, ESP=bf9041bc, EBP=00000002, ESI=00000001, EDI=00000000
-1	26897	unknown             	08048385	                                        	2d 1c a0 04 08                                    	sub eax, 0x804a01c                                		EAX=0804a01c, ECX=b4f901e8, EDX=00000000, EBX=0804a000, ESP=bf9041bc, EBP=00000002, ESI=00000001, EDI=00000000
-1	26897	unknown             	0804838a	                                        	c1 f8 02                                          	sar eax, 0x2                                      		EAX=00000000, ECX=b4f901e8, EDX=00000000, EBX=0804a000, ESP=bf9041bc, EBP=00000002, ESI=00000001, EDI=00000000
-1	26897	unknown             	0804838d	                                        	89 c2                                             	mov edx, eax                                      		EAX=00000000, ECX=b4f901e8, EDX=00000000, EBX=0804a000, ESP=bf9041bc, EBP=00000002, ESI=00000001, EDI=00000000
-1	26897	unknown             	0804838f	                                        	c1 ea 1f                                          	shr edx, 0x1f                                     		EAX=00000000, ECX=b4f901e8, EDX=00000000, EBX=0804a000, ESP=bf9041bc, EBP=00000002, ESI=00000001, EDI=00000000
-1	26897	unknown             	08048392	                                        	01 d0                                             	add eax, edx                                      		EAX=00000000, ECX=b4f901e8, EDX=00000000, EBX=0804a000, ESP=bf9041bc, EBP=00000002, ESI=00000001, EDI=00000000
-1	26897	unknown             	08048394	                                        	d1 f8                                             	sar eax, 0x1                                      		EAX=00000000, ECX=b4f901e8, EDX=00000000, EBX=0804a000, ESP=bf9041bc, EBP=00000002, ESI=00000001, EDI=00000000
-1	26897	unknown             	08048396	                                        	74 1b                                             	jz 0x80483b3                                      		EAX=00000000, ECX=b4f901e8, EDX=00000000, EBX=0804a000, ESP=bf9041bc, EBP=00000002, ESI=00000001, EDI=00000000
-1	26897	unknown             	080483b3	                                        	f3 c3                                             	ret                                               		EAX=00000000, ECX=b4f901e8, EDX=00000000, EBX=0804a000, ESP=bf9041bc, EBP=00000002, ESI=00000001, EDI=00000000
-1	26897	unknown             	0804855b	                                        	83 c7 01                                          	add edi, 0x1                                      		EAX=00000000, ECX=b4f901e8, EDX=00000000, EBX=0804a000, ESP=bf9041c0, EBP=00000002, ESI=00000001, EDI=00000000
-1	26897	unknown             	0804855e	                                        	83 c4 10                                          	add esp, 0x10                                     		EAX=00000000, ECX=b4f901e8, EDX=00000000, EBX=0804a000, ESP=bf9041c0, EBP=00000002, ESI=00000001, EDI=00000001
-1	26897	unknown             	08048561	                                        	39 f7                                             	cmp edi, esi                                      		EAX=00000000, ECX=b4f901e8, EDX=00000000, EBX=0804a000, ESP=bf9041d0, EBP=00000002, ESI=00000001, EDI=00000001
-1	26897	unknown             	08048563	                                        	75 e3                                             	jnz 0x8048548                                     		EAX=00000000, ECX=b4f901e8, EDX=00000000, EBX=0804a000, ESP=bf9041d0, EBP=00000002, ESI=00000001, EDI=00000001
-1	26897	unknown             	08048565	                                        	83 c4 0c                                          	add esp, 0xc                                      		EAX=00000000, ECX=b4f901e8, EDX=00000000, EBX=0804a000, ESP=bf9041d0, EBP=00000002, ESI=00000001, EDI=00000001
-1	26897	unknown             	08048568	                                        	5b                                                	pop ebx                                           		EAX=00000000, ECX=b4f901e8, EDX=00000000, EBX=0804a000, ESP=bf9041dc, EBP=00000002, ESI=00000001, EDI=00000001
-1	26897	unknown             	08048569	                                        	5e                                                	pop esi                                           		EAX=00000000, ECX=b4f901e8, EDX=00000000, EBX=00000000, ESP=bf9041e0, EBP=00000002, ESI=00000001, EDI=00000001
-1	26897	unknown             	0804856a	                                        	5f                                                	pop edi                                           		EAX=00000000, ECX=b4f901e8, EDX=00000000, EBX=00000000, ESP=bf9041e4, EBP=00000002, ESI=b4f8f000, EDI=00000001
-1	26897	unknown             	0804856b	                                        	5d                                                	pop ebp                                           		EAX=00000000, ECX=b4f901e8, EDX=00000000, EBX=00000000, ESP=bf9041e8, EBP=00000002, ESI=b4f8f000, EDI=b4f8f000
-1	26897	unknown             	0804856c	                                        	c3                                                	ret                                               		EAX=00000000, ECX=b4f901e8, EDX=00000000, EBX=00000000, ESP=bf9041ec, EBP=00000000, ESI=b4f8f000, EDI=b4f8f000
-1	26897	libc.so.6           	b4df45d7	                                        	83 c4 10                                          	add esp, 0x10                                     		EAX=00000000, ECX=b4f901e8, EDX=00000000, EBX=00000000, ESP=bf9041f0, EBP=00000000, ESI=b4f8f000, EDI=b4f8f000
-1	26897	libc.so.6           	b4df45da	                                        	8b 44 24 08                                       	mov eax, dword ptr [esp+0x8]                      		EAX=00000000, ECX=b4f901e8, EDX=00000000, EBX=00000000, ESP=bf904200, EBP=00000000, ESI=b4f8f000, EDI=b4f8f000
-1	26897	libc.so.6           	b4df45de	                                        	8b 80 24 ff ff ff                                 	mov eax, dword ptr [eax-0xdc]                     		EAX=b4f8f000, ECX=b4f901e8, EDX=00000000, EBX=00000000, ESP=bf904200, EBP=00000000, ESI=b4f8f000, EDI=b4f8f000
-1	26897	libc.so.6           	b4df45e4	                                        	8b 90 10 02 00 00                                 	mov edx, dword ptr [eax+0x210]                    		EAX=b7718d00, ECX=b4f901e8, EDX=00000000, EBX=00000000, ESP=bf904200, EBP=00000000, ESI=b4f8f000, EDI=b4f8f000
-1	26897	libc.so.6           	b4df45ea	                                        	85 d2                                             	test edx, edx                                     		EAX=b7718d00, ECX=b4f901e8, EDX=00000000, EBX=00000000, ESP=bf904200, EBP=00000000, ESI=b4f8f000, EDI=b4f8f000
-1	26897	libc.so.6           	b4df45ec	                                        	0f 85 00 01 00 00                                 	jnz 0xb4df46f2                                    		EAX=b7718d00, ECX=b4f901e8, EDX=00000000, EBX=00000000, ESP=bf904200, EBP=00000000, ESI=b4f8f000, EDI=b4f8f000
-1	26897	libc.so.6           	b4df45f2	                                        	85 db                                             	test ebx, ebx                                     		EAX=b7718d00, ECX=b4f901e8, EDX=00000000, EBX=00000000, ESP=bf904200, EBP=00000000, ESI=b4f8f000, EDI=b4f8f000
-1	26897	libc.so.6           	b4df45f4	                                        	0f 85 d1 00 00 00                                 	jnz 0xb4df46cb                                    		EAX=b7718d00, ECX=b4f901e8, EDX=00000000, EBX=00000000, ESP=bf904200, EBP=00000000, ESI=b4f8f000, EDI=b4f8f000
-1	26897	libc.so.6           	b4df45fa	                                        	83 ec 0c                                          	sub esp, 0xc                                      		EAX=b7718d00, ECX=b4f901e8, EDX=00000000, EBX=00000000, ESP=bf904200, EBP=00000000, ESI=b4f8f000, EDI=b4f8f000
-1	26897	libc.so.6           	b4df45fd	                                        	8d 44 24 20                                       	lea eax, ptr [esp+0x20]                           		EAX=b7718d00, ECX=b4f901e8, EDX=00000000, EBX=00000000, ESP=bf9041f4, EBP=00000000, ESI=b4f8f000, EDI=b4f8f000
-1	26897	libc.so.6           	b4df4601	                                        	50                                                	push eax                                          		EAX=bf904214, ECX=b4f901e8, EDX=00000000, EBX=00000000, ESP=bf9041f4, EBP=00000000, ESI=b4f8f000, EDI=b4f8f000
-1	26897	libc.so.6           	b4df4602	                                        	e8 79 36 01 00                                    	call 0xb4e07c80                                   		EAX=bf904214, ECX=b4f901e8, EDX=00000000, EBX=00000000, ESP=bf9041f0, EBP=00000000, ESI=b4f8f000, EDI=b4f8f000
-1	26897	libc.so.6           	b4e07c80	                                        	31 c0                                             	xor eax, eax                                      		EAX=bf904214, ECX=b4f901e8, EDX=00000000, EBX=00000000, ESP=bf9041ec, EBP=00000000, ESI=b4f8f000, EDI=b4f8f000
-1	26897	libc.so.6           	b4e07c82	                                        	8b 54 24 04                                       	mov edx, dword ptr [esp+0x4]                      		EAX=00000000, ECX=b4f901e8, EDX=00000000, EBX=00000000, ESP=bf9041ec, EBP=00000000, ESI=b4f8f000, EDI=b4f8f000
-1	26897	libc.so.6           	b4e07c86	                                        	89 1a                                             	mov dword ptr [edx], ebx                          		EAX=00000000, ECX=b4f901e8, EDX=bf904214, EBX=00000000, ESP=bf9041ec, EBP=00000000, ESI=b4f8f000, EDI=b4f8f000
-1	26897	libc.so.6           	b4e07c88	                                        	89 72 04                                          	mov dword ptr [edx+0x4], esi                      		EAX=00000000, ECX=b4f901e8, EDX=bf904214, EBX=00000000, ESP=bf9041ec, EBP=00000000, ESI=b4f8f000, EDI=b4f8f000
-1	26897	libc.so.6           	b4e07c8b	                                        	89 7a 08                                          	mov dword ptr [edx+0x8], edi                      		EAX=00000000, ECX=b4f901e8, EDX=bf904214, EBX=00000000, ESP=bf9041ec, EBP=00000000, ESI=b4f8f000, EDI=b4f8f000
-1	26897	libc.so.6           	b4e07c8e	                                        	8d 4c 24 04                                       	lea ecx, ptr [esp+0x4]                            		EAX=00000000, ECX=b4f901e8, EDX=bf904214, EBX=00000000, ESP=bf9041ec, EBP=00000000, ESI=b4f8f000, EDI=b4f8f000
-1	26897	libc.so.6           	b4e07c92	                                        	65 33 0d 18 00 00 00                              	xor ecx, dword ptr gs:[0x18]                      		EAX=00000000, ECX=bf9041f0, EDX=bf904214, EBX=00000000, ESP=bf9041ec, EBP=00000000, ESI=b4f8f000, EDI=b4f8f000
-1	26897	libc.so.6           	b4e07c99	                                        	c1 c1 09                                          	rol ecx, 0x9                                      		EAX=00000000, ECX=bb0ef9cb, EDX=bf904214, EBX=00000000, ESP=bf9041ec, EBP=00000000, ESI=b4f8f000, EDI=b4f8f000
-1	26897	libc.so.6           	b4e07c9c	                                        	89 4a 10                                          	mov dword ptr [edx+0x10], ecx                     		EAX=00000000, ECX=1df39776, EDX=bf904214, EBX=00000000, ESP=bf9041ec, EBP=00000000, ESI=b4f8f000, EDI=b4f8f000
-1	26897	libc.so.6           	b4e07c9f	                                        	8b 0c 24                                          	mov ecx, dword ptr [esp]                          		EAX=00000000, ECX=1df39776, EDX=bf904214, EBX=00000000, ESP=bf9041ec, EBP=00000000, ESI=b4f8f000, EDI=b4f8f000
-1	26897	libc.so.6           	b4e07ca2	                                        	90                                                	nop                                               		EAX=00000000, ECX=b4df4607, EDX=bf904214, EBX=00000000, ESP=bf9041ec, EBP=00000000, ESI=b4f8f000, EDI=b4f8f000
-1	26897	libc.so.6           	b4e07ca3	                                        	65 33 0d 18 00 00 00                              	xor ecx, dword ptr gs:[0x18]                      		EAX=00000000, ECX=b4df4607, EDX=bf904214, EBX=00000000, ESP=bf9041ec, EBP=00000000, ESI=b4f8f000, EDI=b4f8f000
-1	26897	libc.so.6           	b4e07caa	                                        	c1 c1 09                                          	rol ecx, 0x9                                      		EAX=00000000, ECX=b041fe3c, EDX=bf904214, EBX=00000000, ESP=bf9041ec, EBP=00000000, ESI=b4f8f000, EDI=b4f8f000
-1	26897	libc.so.6           	b4e07cad	                                        	89 4a 14                                          	mov dword ptr [edx+0x14], ecx                     		EAX=00000000, ECX=83fc7960, EDX=bf904214, EBX=00000000, ESP=bf9041ec, EBP=00000000, ESI=b4f8f000, EDI=b4f8f000
-1	26897	libc.so.6           	b4e07cb0	                                        	89 6a 0c                                          	mov dword ptr [edx+0xc], ebp                      		EAX=00000000, ECX=83fc7960, EDX=bf904214, EBX=00000000, ESP=bf9041ec, EBP=00000000, ESI=b4f8f000, EDI=b4f8f000
-1	26897	libc.so.6           	b4e07cb3	                                        	89 42 18                                          	mov dword ptr [edx+0x18], eax                     		EAX=00000000, ECX=83fc7960, EDX=bf904214, EBX=00000000, ESP=bf9041ec, EBP=00000000, ESI=b4f8f000, EDI=b4f8f000
-1	26897	libc.so.6           	b4e07cb6	                                        	c3                                                	ret                                               		EAX=00000000, ECX=83fc7960, EDX=bf904214, EBX=00000000, ESP=bf9041ec, EBP=00000000, ESI=b4f8f000, EDI=b4f8f000
-1	26897	libc.so.6           	b4df4607	_setjmp                                 	83 c4 10                                          	add esp, 0x10                                     		EAX=00000000, ECX=83fc7960, EDX=bf904214, EBX=00000000, ESP=bf9041f0, EBP=00000000, ESI=b4f8f000, EDI=b4f8f000
-1	26897	libc.so.6           	b4df460a	                                        	85 c0                                             	test eax, eax                                     		EAX=00000000, ECX=83fc7960, EDX=bf904214, EBX=00000000, ESP=bf904200, EBP=00000000, ESI=b4f8f000, EDI=b4f8f000
-1	26897	libc.so.6           	b4df460c	                                        	75 4c                                             	jnz 0xb4df465a                                    		EAX=00000000, ECX=83fc7960, EDX=bf904214, EBX=00000000, ESP=bf904200, EBP=00000000, ESI=b4f8f000, EDI=b4f8f000
-1	26897	libc.so.6           	b4df460e	                                        	65 a1 80 00 00 00                                 	mov eax, dword ptr gs:[0x80]                      		EAX=00000000, ECX=83fc7960, EDX=bf904214, EBX=00000000, ESP=bf904200, EBP=00000000, ESI=b4f8f000, EDI=b4f8f000
-1	26897	libc.so.6           	b4df4614	                                        	89 44 24 30                                       	mov dword ptr [esp+0x30], eax                     		EAX=00000000, ECX=83fc7960, EDX=bf904214, EBX=00000000, ESP=bf904200, EBP=00000000, ESI=b4f8f000, EDI=b4f8f000
-1	26897	libc.so.6           	b4df4618	                                        	65 a1 7c 00 00 00                                 	mov eax, dword ptr gs:[0x7c]                      		EAX=00000000, ECX=83fc7960, EDX=bf904214, EBX=00000000, ESP=bf904200, EBP=00000000, ESI=b4f8f000, EDI=b4f8f000
-1	26897	libc.so.6           	b4df461e	                                        	89 44 24 34                                       	mov dword ptr [esp+0x34], eax                     		EAX=00000000, ECX=83fc7960, EDX=bf904214, EBX=00000000, ESP=bf904200, EBP=00000000, ESI=b4f8f000, EDI=b4f8f000
-1	26897	libc.so.6           	b4df4622	                                        	8d 44 24 14                                       	lea eax, ptr [esp+0x14]                           		EAX=00000000, ECX=83fc7960, EDX=bf904214, EBX=00000000, ESP=bf904200, EBP=00000000, ESI=b4f8f000, EDI=b4f8f000
-1	26897	libc.so.6           	b4df4626	                                        	65 a3 80 00 00 00                                 	mov dword ptr gs:[0x80], eax                      		EAX=bf904214, ECX=83fc7960, EDX=bf904214, EBX=00000000, ESP=bf904200, EBP=00000000, ESI=b4f8f000, EDI=b4f8f000
-1	26897	libc.so.6           	b4df462c	                                        	83 ec 04                                          	sub esp, 0x4                                      		EAX=bf904214, ECX=83fc7960, EDX=bf904214, EBX=00000000, ESP=bf904200, EBP=00000000, ESI=b4f8f000, EDI=b4f8f000
-1	26897	libc.so.6           	b4df462f	                                        	8b 44 24 0c                                       	mov eax, dword ptr [esp+0xc]                      		EAX=bf904214, ECX=83fc7960, EDX=bf904214, EBX=00000000, ESP=bf9041fc, EBP=00000000, ESI=b4f8f000, EDI=b4f8f000
-1	26897	libc.so.6           	b4df4633	                                        	8b 80 48 ff ff ff                                 	mov eax, dword ptr [eax-0xb8]                     		EAX=b4f8f000, ECX=83fc7960, EDX=bf904214, EBX=00000000, ESP=bf9041fc, EBP=00000000, ESI=b4f8f000, EDI=b4f8f000
-1	26897	libc.so.6           	b4df4639	                                        	ff 30                                             	push dword ptr [eax]                              		EAX=b4f90dbc, ECX=83fc7960, EDX=bf904214, EBX=00000000, ESP=bf9041fc, EBP=00000000, ESI=b4f8f000, EDI=b4f8f000
-1	26897	libc.so.6           	b4df463b	                                        	ff 74 24 70                                       	push dword ptr [esp+0x70]                         		EAX=b4f90dbc, ECX=83fc7960, EDX=bf904214, EBX=00000000, ESP=bf9041f8, EBP=00000000, ESI=b4f8f000, EDI=b4f8f000
-1	26897	libc.so.6           	b4df463f	                                        	ff 74 24 70                                       	push dword ptr [esp+0x70]                         		EAX=b4f90dbc, ECX=83fc7960, EDX=bf904214, EBX=00000000, ESP=bf9041f4, EBP=00000000, ESI=b4f8f000, EDI=b4f8f000
-1	26897	libc.so.6           	b4df4643	                                        	ff 54 24 70                                       	call dword ptr [esp+0x70]                         		EAX=b4f90dbc, ECX=83fc7960, EDX=bf904214, EBX=00000000, ESP=bf9041f0, EBP=00000000, ESI=b4f8f000, EDI=b4f8f000
-1	26897	unknown             	0804840b	                                        	8d 4c 24 04                                       	lea ecx, ptr [esp+0x4]                            		EAX=b4f90dbc, ECX=83fc7960, EDX=bf904214, EBX=00000000, ESP=bf9041ec, EBP=00000000, ESI=b4f8f000, EDI=b4f8f000
-1	26897	unknown             	0804840f	                                        	83 e4 f0                                          	and esp, 0xfffffff0                               		EAX=b4f90dbc, ECX=bf9041f0, EDX=bf904214, EBX=00000000, ESP=bf9041ec, EBP=00000000, ESI=b4f8f000, EDI=b4f8f000
-1	26897	unknown             	08048412	                                        	ff 71 fc                                          	push dword ptr [ecx-0x4]                          		EAX=b4f90dbc, ECX=bf9041f0, EDX=bf904214, EBX=00000000, ESP=bf9041e0, EBP=00000000, ESI=b4f8f000, EDI=b4f8f000
-1	26897	unknown             	08048415	                                        	55                                                	push ebp                                          		EAX=b4f90dbc, ECX=bf9041f0, EDX=bf904214, EBX=00000000, ESP=bf9041dc, EBP=00000000, ESI=b4f8f000, EDI=b4f8f000
-1	26897	unknown             	08048416	                                        	89 e5                                             	mov ebp, esp                                      		EAX=b4f90dbc, ECX=bf9041f0, EDX=bf904214, EBX=00000000, ESP=bf9041d8, EBP=00000000, ESI=b4f8f000, EDI=b4f8f000
-1	26897	unknown             	08048418	                                        	53                                                	push ebx                                          		EAX=b4f90dbc, ECX=bf9041f0, EDX=bf904214, EBX=00000000, ESP=bf9041d8, EBP=bf9041d8, ESI=b4f8f000, EDI=b4f8f000
-1	26897	unknown             	08048419	                                        	51                                                	push ecx                                          		EAX=b4f90dbc, ECX=bf9041f0, EDX=bf904214, EBX=00000000, ESP=bf9041d4, EBP=bf9041d8, ESI=b4f8f000, EDI=b4f8f000
-1	26897	unknown             	0804841a	                                        	83 ec 10                                          	sub esp, 0x10                                     		EAX=b4f90dbc, ECX=bf9041f0, EDX=bf904214, EBX=00000000, ESP=bf9041d0, EBP=bf9041d8, ESI=b4f8f000, EDI=b4f8f000
-1	26897	unknown             	0804841d	                                        	89 cb                                             	mov ebx, ecx                                      		EAX=b4f90dbc, ECX=bf9041f0, EDX=bf904214, EBX=00000000, ESP=bf9041c0, EBP=bf9041d8, ESI=b4f8f000, EDI=b4f8f000
-1	26897	unknown             	0804841f	                                        	c7 45 e8 00 00 00 00                              	mov dword ptr [ebp-0x18], 0x0                     		EAX=b4f90dbc, ECX=bf9041f0, EDX=bf904214, EBX=bf9041f0, ESP=bf9041c0, EBP=bf9041d8, ESI=b4f8f000, EDI=b4f8f000
-1	26897	unknown             	08048426	                                        	c7 45 ec 00 00 00 00                              	mov dword ptr [ebp-0x14], 0x0                     		EAX=b4f90dbc, ECX=bf9041f0, EDX=bf904214, EBX=bf9041f0, ESP=bf9041c0, EBP=bf9041d8, ESI=b4f8f000, EDI=b4f8f000
-1	26897	unknown             	0804842d	                                        	c7 45 f0 00 00 00 00                              	mov dword ptr [ebp-0x10], 0x0                     		EAX=b4f90dbc, ECX=bf9041f0, EDX=bf904214, EBX=bf9041f0, ESP=bf9041c0, EBP=bf9041d8, ESI=b4f8f000, EDI=b4f8f000
-1	26897	unknown             	08048434	                                        	c7 45 f4 00 00 00 00                              	mov dword ptr [ebp-0xc], 0x0                      		EAX=b4f90dbc, ECX=bf9041f0, EDX=bf904214, EBX=bf9041f0, ESP=bf9041c0, EBP=bf9041d8, ESI=b4f8f000, EDI=b4f8f000
-1	26897	unknown             	0804843b	                                        	83 7d e8 00                                       	cmp dword ptr [ebp-0x18], 0x0                     		EAX=b4f90dbc, ECX=bf9041f0, EDX=bf904214, EBX=bf9041f0, ESP=bf9041c0, EBP=bf9041d8, ESI=b4f8f000, EDI=b4f8f000
-1	26897	unknown             	0804843f	                                        	75 20                                             	jnz 0x8048461                                     		EAX=b4f90dbc, ECX=bf9041f0, EDX=bf904214, EBX=bf9041f0, ESP=bf9041c0, EBP=bf9041d8, ESI=b4f8f000, EDI=b4f8f000
-1	26897	unknown             	08048441	                                        	8b 43 04                                          	mov eax, dword ptr [ebx+0x4]                      		EAX=b4f90dbc, ECX=bf9041f0, EDX=bf904214, EBX=bf9041f0, ESP=bf9041c0, EBP=bf9041d8, ESI=b4f8f000, EDI=b4f8f000
-1	26897	unknown             	08048444	                                        	83 c0 04                                          	add eax, 0x4                                      		EAX=bf904284, ECX=bf9041f0, EDX=bf904214, EBX=bf9041f0, ESP=bf9041c0, EBP=bf9041d8, ESI=b4f8f000, EDI=b4f8f000
-1	26897	unknown             	08048447	                                        	8b 00                                             	mov eax, dword ptr [eax]                          		EAX=bf904288, ECX=bf9041f0, EDX=bf904214, EBX=bf9041f0, ESP=bf9041c0, EBP=bf9041d8, ESI=b4f8f000, EDI=b4f8f000
-1	26897	unknown             	08048449	                                        	83 ec 0c                                          	sub esp, 0xc                                      		EAX=bf9054e6, ECX=bf9041f0, EDX=bf904214, EBX=bf9041f0, ESP=bf9041c0, EBP=bf9041d8, ESI=b4f8f000, EDI=b4f8f000
-1	26897	unknown             	0804844c	                                        	50                                                	push eax                                          		EAX=bf9054e6, ECX=bf9041f0, EDX=bf904214, EBX=bf9041f0, ESP=bf9041b4, EBP=bf9041d8, ESI=b4f8f000, EDI=b4f8f000
-1	26897	unknown             	0804844d	                                        	e8 9e fe ff ff                                    	call 0x80482f0                                    		EAX=bf9054e6, ECX=bf9041f0, EDX=bf904214, EBX=bf9041f0, ESP=bf9041b0, EBP=bf9041d8, ESI=b4f8f000, EDI=b4f8f000
-1	26897	unknown             	080482f0	                                        	ff 25 10 a0 04 08                                 	jmp dword ptr [0x804a010]                         		EAX=bf9054e6, ECX=bf9041f0, EDX=bf904214, EBX=bf9041f0, ESP=bf9041ac, EBP=bf9041d8, ESI=b4f8f000, EDI=b4f8f000
-1	26897	unknown             	080482f6	                                        	68 08 00 00 00                                    	push 0x8                                          		EAX=bf9054e6, ECX=bf9041f0, EDX=bf904214, EBX=bf9041f0, ESP=bf9041ac, EBP=bf9041d8, ESI=b4f8f000, EDI=b4f8f000
-1	26897	unknown             	080482fb	                                        	e9 d0 ff ff ff                                    	jmp 0x80482d0                                     		EAX=bf9054e6, ECX=bf9041f0, EDX=bf904214, EBX=bf9041f0, ESP=bf9041a8, EBP=bf9041d8, ESI=b4f8f000, EDI=b4f8f000
-1	26897	unknown             	080482d0	                                        	ff 35 04 a0 04 08                                 	push dword ptr [0x804a004]                        		EAX=bf9054e6, ECX=bf9041f0, EDX=bf904214, EBX=bf9041f0, ESP=bf9041a8, EBP=bf9041d8, ESI=b4f8f000, EDI=b4f8f000
-1	26897	unknown             	080482d6	                                        	ff 25 08 a0 04 08                                 	jmp dword ptr [0x804a008]                         		EAX=bf9054e6, ECX=bf9041f0, EDX=bf904214, EBX=bf9041f0, ESP=bf9041a4, EBP=bf9041d8, ESI=b4f8f000, EDI=b4f8f000
-1	26897	ld-linux.so.2       	b770a000	                                        	50                                                	push eax                                          		EAX=bf9054e6, ECX=bf9041f0, EDX=bf904214, EBX=bf9041f0, ESP=bf9041a4, EBP=bf9041d8, ESI=b4f8f000, EDI=b4f8f000
-1	26897	ld-linux.so.2       	b770a001	                                        	51                                                	push ecx                                          		EAX=bf9054e6, ECX=bf9041f0, EDX=bf904214, EBX=bf9041f0, ESP=bf9041a0, EBP=bf9041d8, ESI=b4f8f000, EDI=b4f8f000
-1	26897	ld-linux.so.2       	b770a002	                                        	52                                                	push edx                                          		EAX=bf9054e6, ECX=bf9041f0, EDX=bf904214, EBX=bf9041f0, ESP=bf90419c, EBP=bf9041d8, ESI=b4f8f000, EDI=b4f8f000
-1	26897	ld-linux.so.2       	b770a003	                                        	8b 54 24 10                                       	mov edx, dword ptr [esp+0x10]                     		EAX=bf9054e6, ECX=bf9041f0, EDX=bf904214, EBX=bf9041f0, ESP=bf904198, EBP=bf9041d8, ESI=b4f8f000, EDI=b4f8f000
-1	26897	ld-linux.so.2       	b770a007	                                        	8b 44 24 0c                                       	mov eax, dword ptr [esp+0xc]                      		EAX=bf9054e6, ECX=bf9041f0, EDX=00000008, EBX=bf9041f0, ESP=bf904198, EBP=bf9041d8, ESI=b4f8f000, EDI=b4f8f000
-1	26897	ld-linux.so.2       	b770a00b	                                        	e8 d0 97 ff ff                                    	call 0xb77037e0                                   		EAX=b7719918, ECX=bf9041f0, EDX=00000008, EBX=bf9041f0, ESP=bf904198, EBP=bf9041d8, ESI=b4f8f000, EDI=b4f8f000
-1	26897	ld-linux.so.2       	b77037e0	                                        	55                                                	push ebp                                          		EAX=b7719918, ECX=bf9041f0, EDX=00000008, EBX=bf9041f0, ESP=bf904194, EBP=bf9041d8, ESI=b4f8f000, EDI=b4f8f000
-1	26897	ld-linux.so.2       	b77037e1	                                        	57                                                	push edi                                          		EAX=b7719918, ECX=bf9041f0, EDX=00000008, EBX=bf9041f0, ESP=bf904190, EBP=bf9041d8, ESI=b4f8f000, EDI=b4f8f000
-1	26897	ld-linux.so.2       	b77037e2	                                        	89 c7                                             	mov edi, eax                                      		EAX=b7719918, ECX=bf9041f0, EDX=00000008, EBX=bf9041f0, ESP=bf90418c, EBP=bf9041d8, ESI=b4f8f000, EDI=b4f8f000
-1	26897	ld-linux.so.2       	b77037e4	                                        	56                                                	push esi                                          		EAX=b7719918, ECX=bf9041f0, EDX=00000008, EBX=bf9041f0, ESP=bf90418c, EBP=bf9041d8, ESI=b4f8f000, EDI=b7719918
-1	26897	ld-linux.so.2       	b77037e5	                                        	53                                                	push ebx                                          		EAX=b7719918, ECX=bf9041f0, EDX=00000008, EBX=bf9041f0, ESP=bf904188, EBP=bf9041d8, ESI=b4f8f000, EDI=b7719918
-1	26897	ld-linux.so.2       	b77037e6	                                        	e8 02 b1 00 00                                    	call 0xb770e8ed                                   		EAX=b7719918, ECX=bf9041f0, EDX=00000008, EBX=bf9041f0, ESP=bf904184, EBP=bf9041d8, ESI=b4f8f000, EDI=b7719918
-1	26897	ld-linux.so.2       	b770e8ed	                                        	8b 34 24                                          	mov esi, dword ptr [esp]                          		EAX=b7719918, ECX=bf9041f0, EDX=00000008, EBX=bf9041f0, ESP=bf904180, EBP=bf9041d8, ESI=b4f8f000, EDI=b7719918
-1	26897	ld-linux.so.2       	b770e8f0	                                        	c3                                                	ret                                               		EAX=b7719918, ECX=bf9041f0, EDX=00000008, EBX=bf9041f0, ESP=bf904180, EBP=bf9041d8, ESI=b77037eb, EDI=b7719918
-1	26897	ld-linux.so.2       	b77037eb	                                        	81 c6 15 58 01 00                                 	add esi, 0x15815                                  		EAX=b7719918, ECX=bf9041f0, EDX=00000008, EBX=bf9041f0, ESP=bf904184, EBP=bf9041d8, ESI=b77037eb, EDI=b7719918
-1	26897	ld-linux.so.2       	b77037f1	                                        	83 ec 2c                                          	sub esp, 0x2c                                     		EAX=b7719918, ECX=bf9041f0, EDX=00000008, EBX=bf9041f0, ESP=bf904184, EBP=bf9041d8, ESI=b7719000, EDI=b7719918
-1	26897	ld-linux.so.2       	b77037f4	                                        	8b 4f 7c                                          	mov ecx, dword ptr [edi+0x7c]                     		EAX=b7719918, ECX=bf9041f0, EDX=00000008, EBX=bf9041f0, ESP=bf904158, EBP=bf9041d8, ESI=b7719000, EDI=b7719918
-1	26897	ld-linux.so.2       	b77037f7	                                        	8b 40 34                                          	mov eax, dword ptr [eax+0x34]                     		EAX=b7719918, ECX=08049f94, EDX=00000008, EBX=bf9041f0, ESP=bf904158, EBP=bf9041d8, ESI=b7719000, EDI=b7719918
-1	26897	ld-linux.so.2       	b77037fa	                                        	89 74 24 08                                       	mov dword ptr [esp+0x8], esi                      		EAX=08049f54, ECX=08049f94, EDX=00000008, EBX=bf9041f0, ESP=bf904158, EBP=bf9041d8, ESI=b7719000, EDI=b7719918
-1	26897	ld-linux.so.2       	b77037fe	                                        	03 51 04                                          	add edx, dword ptr [ecx+0x4]                      		EAX=08049f54, ECX=08049f94, EDX=00000008, EBX=bf9041f0, ESP=bf904158, EBP=bf9041d8, ESI=b7719000, EDI=b7719918
-1	26897	ld-linux.so.2       	b7703801	                                        	8b 40 04                                          	mov eax, dword ptr [eax+0x4]                      		EAX=08049f54, ECX=08049f94, EDX=080482a0, EBX=bf9041f0, ESP=bf904158, EBP=bf9041d8, ESI=b7719000, EDI=b7719918
-1	26897	ld-linux.so.2       	b7703804	                                        	8b 4f 38                                          	mov ecx, dword ptr [edi+0x38]                     		EAX=0804821c, ECX=08049f94, EDX=080482a0, EBX=bf9041f0, ESP=bf904158, EBP=bf9041d8, ESI=b7719000, EDI=b7719918
-1	26897	ld-linux.so.2       	b7703807	                                        	89 44 24 0c                                       	mov dword ptr [esp+0xc], eax                      		EAX=0804821c, ECX=08049f5c, EDX=080482a0, EBX=bf9041f0, ESP=bf904158, EBP=bf9041d8, ESI=b7719000, EDI=b7719918
-1	26897	ld-linux.so.2       	b770380b	                                        	89 d5                                             	mov ebp, edx                                      		EAX=0804821c, ECX=08049f5c, EDX=080482a0, EBX=bf9041f0, ESP=bf904158, EBP=bf9041d8, ESI=b7719000, EDI=b7719918
-1	26897	ld-linux.so.2       	b770380d	                                        	8b 52 04                                          	mov edx, dword ptr [edx+0x4]                      		EAX=0804821c, ECX=08049f5c, EDX=080482a0, EBX=bf9041f0, ESP=bf904158, EBP=080482a0, ESI=b7719000, EDI=b7719918
-1	26897	ld-linux.so.2       	b7703810	                                        	8b 45 00                                          	mov eax, dword ptr [ebp]                          		EAX=0804821c, ECX=08049f5c, EDX=00000307, EBX=bf9041f0, ESP=bf904158, EBP=080482a0, ESI=b7719000, EDI=b7719918
-1	26897	ld-linux.so.2       	b7703813	                                        	89 d6                                             	mov esi, edx                                      		EAX=0804a010, ECX=08049f5c, EDX=00000307, EBX=bf9041f0, ESP=bf904158, EBP=080482a0, ESI=b7719000, EDI=b7719918
-1	26897	ld-linux.so.2       	b7703815	                                        	c1 ee 08                                          	shr esi, 0x8                                      		EAX=0804a010, ECX=08049f5c, EDX=00000307, EBX=bf9041f0, ESP=bf904158, EBP=080482a0, ESI=00000307, EDI=b7719918
-1	26897	ld-linux.so.2       	b7703818	                                        	89 f3                                             	mov ebx, esi                                      		EAX=0804a010, ECX=08049f5c, EDX=00000307, EBX=bf9041f0, ESP=bf904158, EBP=080482a0, ESI=00000003, EDI=b7719918
-1	26897	ld-linux.so.2       	b770381a	                                        	c1 e3 04                                          	shl ebx, 0x4                                      		EAX=0804a010, ECX=08049f5c, EDX=00000307, EBX=00000003, ESP=bf904158, EBP=080482a0, ESI=00000003, EDI=b7719918
-1	26897	ld-linux.so.2       	b770381d	                                        	03 59 04                                          	add ebx, dword ptr [ecx+0x4]                      		EAX=0804a010, ECX=08049f5c, EDX=00000307, EBX=00000030, ESP=bf904158, EBP=080482a0, ESI=00000003, EDI=b7719918
-1	26897	ld-linux.so.2       	b7703820	                                        	8b 0f                                             	mov ecx, dword ptr [edi]                          		EAX=0804a010, ECX=08049f5c, EDX=00000307, EBX=080481fc, ESP=bf904158, EBP=080482a0, ESI=00000003, EDI=b7719918
-1	26897	ld-linux.so.2       	b7703822	                                        	01 c8                                             	add eax, ecx                                      		EAX=0804a010, ECX=00000000, EDX=00000307, EBX=080481fc, ESP=bf904158, EBP=080482a0, ESI=00000003, EDI=b7719918
-1	26897	ld-linux.so.2       	b7703824	                                        	80 fa 07                                          	cmp dl, 0x7                                       		EAX=0804a010, ECX=00000000, EDX=00000307, EBX=080481fc, ESP=bf904158, EBP=080482a0, ESI=00000003, EDI=b7719918
-1	26897	ld-linux.so.2       	b7703827	                                        	89 5c 24 1c                                       	mov dword ptr [esp+0x1c], ebx                     		EAX=0804a010, ECX=00000000, EDX=00000307, EBX=080481fc, ESP=bf904158, EBP=080482a0, ESI=00000003, EDI=b7719918
-1	26897	ld-linux.so.2       	b770382b	                                        	0f 85 3e 01 00 00                                 	jnz 0xb770396f                                    		EAX=0804a010, ECX=00000000, EDX=00000307, EBX=080481fc, ESP=bf904158, EBP=080482a0, ESI=00000003, EDI=b7719918
-1	26897	ld-linux.so.2       	b7703831	                                        	f6 43 0d 03                                       	test byte ptr [ebx+0xd], 0x3                      		EAX=0804a010, ECX=00000000, EDX=00000307, EBX=080481fc, ESP=bf904158, EBP=080482a0, ESI=00000003, EDI=b7719918
-1	26897	ld-linux.so.2       	b7703835	                                        	89 c5                                             	mov ebp, eax                                      		EAX=0804a010, ECX=00000000, EDX=00000307, EBX=080481fc, ESP=bf904158, EBP=080482a0, ESI=00000003, EDI=b7719918
-1	26897	ld-linux.so.2       	b7703837	                                        	0f 85 d3 00 00 00                                 	jnz 0xb7703910                                    		EAX=0804a010, ECX=00000000, EDX=00000307, EBX=080481fc, ESP=bf904158, EBP=0804a010, ESI=00000003, EDI=b7719918
-1	26897	ld-linux.so.2       	b770383d	                                        	8b 97 e4 00 00 00                                 	mov edx, dword ptr [edi+0xe4]                     		EAX=0804a010, ECX=00000000, EDX=00000307, EBX=080481fc, ESP=bf904158, EBP=0804a010, ESI=00000003, EDI=b7719918
-1	26897	ld-linux.so.2       	b7703843	                                        	85 d2                                             	test edx, edx                                     		EAX=0804a010, ECX=00000000, EDX=08049fc4, EBX=080481fc, ESP=bf904158, EBP=0804a010, ESI=00000003, EDI=b7719918
-1	26897	ld-linux.so.2       	b7703845	                                        	0f 84 a5 00 00 00                                 	jz 0xb77038f0                                     		EAX=0804a010, ECX=00000000, EDX=08049fc4, EBX=080481fc, ESP=bf904158, EBP=0804a010, ESI=00000003, EDI=b7719918
-1	26897	ld-linux.so.2       	b770384b	                                        	8b 52 04                                          	mov edx, dword ptr [edx+0x4]                      		EAX=0804a010, ECX=00000000, EDX=08049fc4, EBX=080481fc, ESP=bf904158, EBP=0804a010, ESI=00000003, EDI=b7719918
-1	26897	ld-linux.so.2       	b770384e	                                        	0f b7 14 72                                       	movzx edx, word ptr [edx+esi*2]                   		EAX=0804a010, ECX=00000000, EDX=08048266, EBX=080481fc, ESP=bf904158, EBP=0804a010, ESI=00000003, EDI=b7719918
-1	26897	ld-linux.so.2       	b7703852	                                        	81 e2 ff 7f 00 00                                 	and edx, 0x7fff                                   		EAX=0804a010, ECX=00000000, EDX=00000002, EBX=080481fc, ESP=bf904158, EBP=0804a010, ESI=00000003, EDI=b7719918
-1	26897	ld-linux.so.2       	b7703858	                                        	c1 e2 04                                          	shl edx, 0x4                                      		EAX=0804a010, ECX=00000000, EDX=00000002, EBX=080481fc, ESP=bf904158, EBP=0804a010, ESI=00000003, EDI=b7719918
-1	26897	ld-linux.so.2       	b770385b	                                        	03 97 70 01 00 00                                 	add edx, dword ptr [edi+0x170]                    		EAX=0804a010, ECX=00000000, EDX=00000020, EBX=080481fc, ESP=bf904158, EBP=0804a010, ESI=00000003, EDI=b7719918
-1	26897	ld-linux.so.2       	b7703861	                                        	8b 4a 04                                          	mov ecx, dword ptr [edx+0x4]                      		EAX=0804a010, ECX=00000000, EDX=b502a4a0, EBX=080481fc, ESP=bf904158, EBP=0804a010, ESI=00000003, EDI=b7719918
-1	26897	ld-linux.so.2       	b7703864	                                        	85 c9                                             	test ecx, ecx                                     		EAX=0804a010, ECX=0d696910, EDX=b502a4a0, EBX=080481fc, ESP=bf904158, EBP=0804a010, ESI=00000003, EDI=b7719918
-1	26897	ld-linux.so.2       	b7703866	                                        	b9 00 00 00 00                                    	mov ecx, 0x0                                      		EAX=0804a010, ECX=0d696910, EDX=b502a4a0, EBX=080481fc, ESP=bf904158, EBP=0804a010, ESI=00000003, EDI=b7719918
-1	26897	ld-linux.so.2       	b770386b	                                        	0f 44 d1                                          	cmovz edx, ecx                                    		EAX=0804a010, ECX=00000000, EDX=b502a4a0, EBX=080481fc, ESP=bf904158, EBP=0804a010, ESI=00000003, EDI=b7719918
-1	26897	ld-linux.so.2       	b770386e	                                        	65 8b 0d 0c 00 00 00                              	mov ecx, dword ptr gs:[0xc]                       		EAX=0804a010, ECX=00000000, EDX=b502a4a0, EBX=080481fc, ESP=bf904158, EBP=0804a010, ESI=00000003, EDI=b7719918
-1	26897	ld-linux.so.2       	b7703875	                                        	85 c9                                             	test ecx, ecx                                     		EAX=0804a010, ECX=00000000, EDX=b502a4a0, EBX=080481fc, ESP=bf904158, EBP=0804a010, ESI=00000003, EDI=b7719918
-1	26897	ld-linux.so.2       	b7703877	                                        	be 01 00 00 00                                    	mov esi, 0x1                                      		EAX=0804a010, ECX=00000000, EDX=b502a4a0, EBX=080481fc, ESP=bf904158, EBP=0804a010, ESI=00000003, EDI=b7719918
-1	26897	ld-linux.so.2       	b770387c	                                        	0f 85 ce 00 00 00                                 	jnz 0xb7703950                                    		EAX=0804a010, ECX=00000000, EDX=b502a4a0, EBX=080481fc, ESP=bf904158, EBP=0804a010, ESI=00000001, EDI=b7719918
-1	26897	ld-linux.so.2       	b7703882	                                        	8b 44 24 0c                                       	mov eax, dword ptr [esp+0xc]                      		EAX=0804a010, ECX=00000000, EDX=b502a4a0, EBX=080481fc, ESP=bf904158, EBP=0804a010, ESI=00000001, EDI=b7719918
-1	26897	ld-linux.so.2       	b7703886	                                        	03 03                                             	add eax, dword ptr [ebx]                          		EAX=0804821c, ECX=00000000, EDX=b502a4a0, EBX=080481fc, ESP=bf904158, EBP=0804a010, ESI=00000001, EDI=b7719918
-1	26897	ld-linux.so.2       	b7703888	                                        	8d 4c 24 1c                                       	lea ecx, ptr [esp+0x1c]                           		EAX=08048236, ECX=00000000, EDX=b502a4a0, EBX=080481fc, ESP=bf904158, EBP=0804a010, ESI=00000001, EDI=b7719918
-1	26897	ld-linux.so.2       	b770388c	                                        	83 ec 0c                                          	sub esp, 0xc                                      		EAX=08048236, ECX=bf904174, EDX=b502a4a0, EBX=080481fc, ESP=bf904158, EBP=0804a010, ESI=00000001, EDI=b7719918
-1	26897	ld-linux.so.2       	b770388f	                                        	6a 00                                             	push 0x0                                          		EAX=08048236, ECX=bf904174, EDX=b502a4a0, EBX=080481fc, ESP=bf90414c, EBP=0804a010, ESI=00000001, EDI=b7719918
-1	26897	ld-linux.so.2       	b7703891	                                        	56                                                	push esi                                          		EAX=08048236, ECX=bf904174, EDX=b502a4a0, EBX=080481fc, ESP=bf904148, EBP=0804a010, ESI=00000001, EDI=b7719918
-1	26897	ld-linux.so.2       	b7703892	                                        	6a 01                                             	push 0x1                                          		EAX=08048236, ECX=bf904174, EDX=b502a4a0, EBX=080481fc, ESP=bf904144, EBP=0804a010, ESI=00000001, EDI=b7719918
-1	26897	ld-linux.so.2       	b7703894	                                        	52                                                	push edx                                          		EAX=08048236, ECX=bf904174, EDX=b502a4a0, EBX=080481fc, ESP=bf904140, EBP=0804a010, ESI=00000001, EDI=b7719918
-1	26897	ld-linux.so.2       	b7703895	                                        	89 fa                                             	mov edx, edi                                      		EAX=08048236, ECX=bf904174, EDX=b502a4a0, EBX=080481fc, ESP=bf90413c, EBP=0804a010, ESI=00000001, EDI=b7719918
-1	26897	ld-linux.so.2       	b7703897	                                        	ff b7 cc 01 00 00                                 	push dword ptr [edi+0x1cc]                        		EAX=08048236, ECX=bf904174, EDX=b7719918, EBX=080481fc, ESP=bf90413c, EBP=0804a010, ESI=00000001, EDI=b7719918
-1	26897	ld-linux.so.2       	b770389d	                                        	e8 be b1 ff ff                                    	call 0xb76fea60                                   		EAX=08048236, ECX=bf904174, EDX=b7719918, EBX=080481fc, ESP=bf904138, EBP=0804a010, ESI=00000001, EDI=b7719918
-1	26897	ld-linux.so.2       	b77038a2	                                        	89 c7                                             	mov edi, eax                                      		EAX=b502a1b0, ECX=b4def2ef, EDX=b4de6e98, EBX=080481fc, ESP=bf90414c, EBP=0804a010, ESI=00000001, EDI=b7719918
-1	26897	ld-linux.so.2       	b77038a4	                                        	65 a1 0c 00 00 00                                 	mov eax, dword ptr gs:[0xc]                       		EAX=b502a1b0, ECX=b4def2ef, EDX=b4de6e98, EBX=080481fc, ESP=bf90414c, EBP=0804a010, ESI=00000001, EDI=b502a1b0
-1	26897	ld-linux.so.2       	b77038aa	                                        	83 c4 0c                                          	add esp, 0xc                                      		EAX=00000000, ECX=b4def2ef, EDX=b4de6e98, EBX=080481fc, ESP=bf90414c, EBP=0804a010, ESI=00000001, EDI=b502a1b0
-1	26897	ld-linux.so.2       	b77038ad	                                        	85 c0                                             	test eax, eax                                     		EAX=00000000, ECX=b4def2ef, EDX=b4de6e98, EBX=080481fc, ESP=bf904158, EBP=0804a010, ESI=00000001, EDI=b502a1b0
-1	26897	ld-linux.so.2       	b77038af	                                        	75 67                                             	jnz 0xb7703918                                    		EAX=00000000, ECX=b4def2ef, EDX=b4de6e98, EBX=080481fc, ESP=bf904158, EBP=0804a010, ESI=00000001, EDI=b502a1b0
-1	26897	ld-linux.so.2       	b77038b1	                                        	8b 5c 24 1c                                       	mov ebx, dword ptr [esp+0x1c]                     		EAX=00000000, ECX=b4def2ef, EDX=b4de6e98, EBX=080481fc, ESP=bf904158, EBP=0804a010, ESI=00000001, EDI=b502a1b0
-1	26897	ld-linux.so.2       	b77038b5	                                        	85 db                                             	test ebx, ebx                                     		EAX=00000000, ECX=b4def2ef, EDX=b4de6e98, EBX=b4de6e98, ESP=bf904158, EBP=0804a010, ESI=00000001, EDI=b502a1b0
-1	26897	ld-linux.so.2       	b77038b7	                                        	74 47                                             	jz 0xb7703900                                     		EAX=00000000, ECX=b4def2ef, EDX=b4de6e98, EBX=b4de6e98, ESP=bf904158, EBP=0804a010, ESI=00000001, EDI=b502a1b0
-1	26897	ld-linux.so.2       	b77038b9	                                        	85 ff                                             	test edi, edi                                     		EAX=00000000, ECX=b4def2ef, EDX=b4de6e98, EBX=b4de6e98, ESP=bf904158, EBP=0804a010, ESI=00000001, EDI=b502a1b0
-1	26897	ld-linux.so.2       	b77038bb	                                        	74 4b                                             	jz 0xb7703908                                     		EAX=00000000, ECX=b4def2ef, EDX=b4de6e98, EBX=b4de6e98, ESP=bf904158, EBP=0804a010, ESI=00000001, EDI=b502a1b0
-1	26897	ld-linux.so.2       	b77038bd	                                        	8b 07                                             	mov eax, dword ptr [edi]                          		EAX=00000000, ECX=b4def2ef, EDX=b4de6e98, EBX=b4de6e98, ESP=bf904158, EBP=0804a010, ESI=00000001, EDI=b502a1b0
-1	26897	ld-linux.so.2       	b77038bf	                                        	0f b6 53 0c                                       	movzx edx, byte ptr [ebx+0xc]                     		EAX=b4ddc000, ECX=b4def2ef, EDX=b4de6e98, EBX=b4de6e98, ESP=bf904158, EBP=0804a010, ESI=00000001, EDI=b502a1b0
-1	26897	ld-linux.so.2       	b77038c3	                                        	03 43 04                                          	add eax, dword ptr [ebx+0x4]                      		EAX=b4ddc000, ECX=b4def2ef, EDX=00000012, EBX=b4de6e98, ESP=bf904158, EBP=0804a010, ESI=00000001, EDI=b502a1b0
-1	26897	ld-linux.so.2       	b77038c6	                                        	83 e2 0f                                          	and edx, 0xf                                      		EAX=b4e09260, ECX=b4def2ef, EDX=00000012, EBX=b4de6e98, ESP=bf904158, EBP=0804a010, ESI=00000001, EDI=b502a1b0
-1	26897	ld-linux.so.2       	b77038c9	                                        	80 fa 0a                                          	cmp dl, 0xa                                       		EAX=b4e09260, ECX=b4def2ef, EDX=00000002, EBX=b4de6e98, ESP=bf904158, EBP=0804a010, ESI=00000001, EDI=b502a1b0
-1	26897	ld-linux.so.2       	b77038cc	                                        	0f 84 96 00 00 00                                 	jz 0xb7703968                                     		EAX=b4e09260, ECX=b4def2ef, EDX=00000002, EBX=b4de6e98, ESP=bf904158, EBP=0804a010, ESI=00000001, EDI=b502a1b0
-1	26897	ld-linux.so.2       	b77038d2	                                        	8b 74 24 08                                       	mov esi, dword ptr [esp+0x8]                      		EAX=b4e09260, ECX=b4def2ef, EDX=00000002, EBX=b4de6e98, ESP=bf904158, EBP=0804a010, ESI=00000001, EDI=b502a1b0
-1	26897	ld-linux.so.2       	b77038d6	                                        	8b 96 30 fd ff ff                                 	mov edx, dword ptr [esi-0x2d0]                    		EAX=b4e09260, ECX=b4def2ef, EDX=00000002, EBX=b4de6e98, ESP=bf904158, EBP=0804a010, ESI=b7719000, EDI=b502a1b0
-1	26897	ld-linux.so.2       	b77038dc	                                        	85 d2                                             	test edx, edx                                     		EAX=b4e09260, ECX=b4def2ef, EDX=00000000, EBX=b4de6e98, ESP=bf904158, EBP=0804a010, ESI=b7719000, EDI=b502a1b0
-1	26897	ld-linux.so.2       	b77038de	                                        	75 03                                             	jnz 0xb77038e3                                    		EAX=b4e09260, ECX=b4def2ef, EDX=00000000, EBX=b4de6e98, ESP=bf904158, EBP=0804a010, ESI=b7719000, EDI=b502a1b0
-1	26897	ld-linux.so.2       	b77038e0	                                        	89 45 00                                          	mov dword ptr [ebp], eax                          		EAX=b4e09260, ECX=b4def2ef, EDX=00000000, EBX=b4de6e98, ESP=bf904158, EBP=0804a010, ESI=b7719000, EDI=b502a1b0
-1	26897	ld-linux.so.2       	b77038e3	                                        	83 c4 2c                                          	add esp, 0x2c                                     		EAX=b4e09260, ECX=b4def2ef, EDX=00000000, EBX=b4de6e98, ESP=bf904158, EBP=0804a010, ESI=b7719000, EDI=b502a1b0
-1	26897	ld-linux.so.2       	b77038e6	                                        	5b                                                	pop ebx                                           		EAX=b4e09260, ECX=b4def2ef, EDX=00000000, EBX=b4de6e98, ESP=bf904184, EBP=0804a010, ESI=b7719000, EDI=b502a1b0
-1	26897	ld-linux.so.2       	b77038e7	                                        	5e                                                	pop esi                                           		EAX=b4e09260, ECX=b4def2ef, EDX=00000000, EBX=bf9041f0, ESP=bf904188, EBP=0804a010, ESI=b7719000, EDI=b502a1b0
-1	26897	ld-linux.so.2       	b77038e8	                                        	5f                                                	pop edi                                           		EAX=b4e09260, ECX=b4def2ef, EDX=00000000, EBX=bf9041f0, ESP=bf90418c, EBP=0804a010, ESI=b4f8f000, EDI=b502a1b0
-1	26897	ld-linux.so.2       	b77038e9	                                        	5d                                                	pop ebp                                           		EAX=b4e09260, ECX=b4def2ef, EDX=00000000, EBX=bf9041f0, ESP=bf904190, EBP=0804a010, ESI=b4f8f000, EDI=b4f8f000
-1	26897	ld-linux.so.2       	b77038ea	                                        	c3                                                	ret                                               		EAX=b4e09260, ECX=b4def2ef, EDX=00000000, EBX=bf9041f0, ESP=bf904194, EBP=bf9041d8, ESI=b4f8f000, EDI=b4f8f000
-1	26897	ld-linux.so.2       	b770a010	                                        	5a                                                	pop edx                                           		EAX=b4e09260, ECX=b4def2ef, EDX=00000000, EBX=bf9041f0, ESP=bf904198, EBP=bf9041d8, ESI=b4f8f000, EDI=b4f8f000
-1	26897	ld-linux.so.2       	b770a011	                                        	8b 0c 24                                          	mov ecx, dword ptr [esp]                          		EAX=b4e09260, ECX=b4def2ef, EDX=bf904214, EBX=bf9041f0, ESP=bf90419c, EBP=bf9041d8, ESI=b4f8f000, EDI=b4f8f000
-1	26897	ld-linux.so.2       	b770a014	                                        	89 04 24                                          	mov dword ptr [esp], eax                          		EAX=b4e09260, ECX=bf9041f0, EDX=bf904214, EBX=bf9041f0, ESP=bf90419c, EBP=bf9041d8, ESI=b4f8f000, EDI=b4f8f000
-1	26897	ld-linux.so.2       	b770a017	                                        	8b 44 24 04                                       	mov eax, dword ptr [esp+0x4]                      		EAX=b4e09260, ECX=bf9041f0, EDX=bf904214, EBX=bf9041f0, ESP=bf90419c, EBP=bf9041d8, ESI=b4f8f000, EDI=b4f8f000
-1	26897	ld-linux.so.2       	b770a01b	                                        	c2 0c 00                                          	ret 0xc                                           		EAX=bf9054e6, ECX=bf9041f0, EDX=bf904214, EBX=bf9041f0, ESP=bf90419c, EBP=bf9041d8, ESI=b4f8f000, EDI=b4f8f000
-1	26897	libc.so.6           	b4e09260	                                        	83 ec 10                                          	sub esp, 0x10                                     		EAX=bf9054e6, ECX=bf9041f0, EDX=bf904214, EBX=bf9041f0, ESP=bf9041ac, EBP=bf9041d8, ESI=b4f8f000, EDI=b4f8f000
-1	26897	libc.so.6           	b4e09263	                                        	6a 0a                                             	push 0xa                                          		EAX=bf9054e6, ECX=bf9041f0, EDX=bf904214, EBX=bf9041f0, ESP=bf90419c, EBP=bf9041d8, ESI=b4f8f000, EDI=b4f8f000
-1	26897	libc.so.6           	b4e09265	                                        	6a 00                                             	push 0x0                                          		EAX=bf9054e6, ECX=bf9041f0, EDX=bf904214, EBX=bf9041f0, ESP=bf904198, EBP=bf9041d8, ESI=b4f8f000, EDI=b4f8f000
-1	26897	libc.so.6           	b4e09267	                                        	ff 74 24 1c                                       	push dword ptr [esp+0x1c]                         		EAX=bf9054e6, ECX=bf9041f0, EDX=bf904214, EBX=bf9041f0, ESP=bf904194, EBP=bf9041d8, ESI=b4f8f000, EDI=b4f8f000
-1	26897	libc.so.6           	b4e0926b	                                        	e8 90 2c 00 00                                    	call 0xb4e0bf00                                   		EAX=bf9054e6, ECX=bf9041f0, EDX=bf904214, EBX=bf9041f0, ESP=bf904190, EBP=bf9041d8, ESI=b4f8f000, EDI=b4f8f000
-1	26897	libc.so.6           	b4e0bf00	atoi                                    	e8 74 fd 0e 00                                    	call 0xb4efbc79                                   		EAX=bf9054e6, ECX=bf9041f0, EDX=bf904214, EBX=bf9041f0, ESP=bf90418c, EBP=bf9041d8, ESI=b4f8f000, EDI=b4f8f000
-1	26897	libc.so.6           	b4efbc79	strtol                                  	8b 04 24                                          	mov eax, dword ptr [esp]                          		EAX=bf9054e6, ECX=bf9041f0, EDX=bf904214, EBX=bf9041f0, ESP=bf904188, EBP=bf9041d8, ESI=b4f8f000, EDI=b4f8f000
-1	26897	libc.so.6           	b4efbc7c	                                        	c3                                                	ret                                               		EAX=b4e0bf05, ECX=bf9041f0, EDX=bf904214, EBX=bf9041f0, ESP=bf904188, EBP=bf9041d8, ESI=b4f8f000, EDI=b4f8f000
-1	26897	libc.so.6           	b4e0bf05	                                        	05 fb 30 18 00                                    	add eax, 0x1830fb                                 		EAX=b4e0bf05, ECX=bf9041f0, EDX=bf904214, EBX=bf9041f0, ESP=bf90418c, EBP=bf9041d8, ESI=b4f8f000, EDI=b4f8f000
-1	26897	libc.so.6           	b4e0bf0a	                                        	83 ec 18                                          	sub esp, 0x18                                     		EAX=b4f8f000, ECX=bf9041f0, EDX=bf904214, EBX=bf9041f0, ESP=bf90418c, EBP=bf9041d8, ESI=b4f8f000, EDI=b4f8f000
-1	26897	libc.so.6           	b4e0bf0d	                                        	65 8b 15 00 00 00 00                              	mov edx, dword ptr gs:[0x0]                       		EAX=b4f8f000, ECX=bf9041f0, EDX=bf904214, EBX=bf9041f0, ESP=bf904174, EBP=bf9041d8, ESI=b4f8f000, EDI=b4f8f000
-1	26897	libc.so.6           	b4e0bf14	                                        	8b 80 d0 fe ff ff                                 	mov eax, dword ptr [eax-0x130]                    		EAX=b4f8f000, ECX=bf9041f0, EDX=b4dc3700, EBX=bf9041f0, ESP=bf904174, EBP=bf9041d8, ESI=b4f8f000, EDI=b4f8f000
-1	26897	libc.so.6           	b4e0bf1a	                                        	ff 34 02                                          	push dword ptr [edx+eax*1]                        		EAX=ffffffb8, ECX=bf9041f0, EDX=b4dc3700, EBX=bf9041f0, ESP=bf904174, EBP=bf9041d8, ESI=b4f8f000, EDI=b4f8f000
-1	26897	libc.so.6           	b4e0bf1d	                                        	6a 00                                             	push 0x0                                          		EAX=ffffffb8, ECX=bf9041f0, EDX=b4dc3700, EBX=bf9041f0, ESP=bf904170, EBP=bf9041d8, ESI=b4f8f000, EDI=b4f8f000
-1	26897	libc.so.6           	b4e0bf1f	                                        	ff 74 24 2c                                       	push dword ptr [esp+0x2c]                         		EAX=ffffffb8, ECX=bf9041f0, EDX=b4dc3700, EBX=bf9041f0, ESP=bf90416c, EBP=bf9041d8, ESI=b4f8f000, EDI=b4f8f000
-1	26897	libc.so.6           	b4e0bf23	                                        	ff 74 24 2c                                       	push dword ptr [esp+0x2c]                         		EAX=ffffffb8, ECX=bf9041f0, EDX=b4dc3700, EBX=bf9041f0, ESP=bf904168, EBP=bf9041d8, ESI=b4f8f000, EDI=b4f8f000
-1	26897	libc.so.6           	b4e0bf27	                                        	ff 74 24 2c                                       	push dword ptr [esp+0x2c]                         		EAX=ffffffb8, ECX=bf9041f0, EDX=b4dc3700, EBX=bf9041f0, ESP=bf904164, EBP=bf9041d8, ESI=b4f8f000, EDI=b4f8f000
-1	26897	libc.so.6           	b4e0bf2b	                                        	e8 90 01 00 00                                    	call 0xb4e0c0c0                                   		EAX=ffffffb8, ECX=bf9041f0, EDX=b4dc3700, EBX=bf9041f0, ESP=bf904160, EBP=bf9041d8, ESI=b4f8f000, EDI=b4f8f000
-1	26897	libc.so.6           	b4e0c0c0	                                        	55                                                	push ebp                                          		EAX=ffffffb8, ECX=bf9041f0, EDX=b4dc3700, EBX=bf9041f0, ESP=bf90415c, EBP=bf9041d8, ESI=b4f8f000, EDI=b4f8f000
-1	26897	libc.so.6           	b4e0c0c1	                                        	57                                                	push edi                                          		EAX=ffffffb8, ECX=bf9041f0, EDX=b4dc3700, EBX=bf9041f0, ESP=bf904158, EBP=bf9041d8, ESI=b4f8f000, EDI=b4f8f000
-1	26897	libc.so.6           	b4e0c0c2	                                        	56                                                	push esi                                          		EAX=ffffffb8, ECX=bf9041f0, EDX=b4dc3700, EBX=bf9041f0, ESP=bf904154, EBP=bf9041d8, ESI=b4f8f000, EDI=b4f8f000
-1	26897	libc.so.6           	b4e0c0c3	                                        	53                                                	push ebx                                          		EAX=ffffffb8, ECX=bf9041f0, EDX=b4dc3700, EBX=bf9041f0, ESP=bf904150, EBP=bf9041d8, ESI=b4f8f000, EDI=b4f8f000
-1	26897	libc.so.6           	b4e0c0c4	                                        	e8 b0 fb 0e 00                                    	call 0xb4efbc79                                   		EAX=ffffffb8, ECX=bf9041f0, EDX=b4dc3700, EBX=bf9041f0, ESP=bf90414c, EBP=bf9041d8, ESI=b4f8f000, EDI=b4f8f000
-1	26897	libc.so.6           	b4efbc79	                                        	8b 04 24                                          	mov eax, dword ptr [esp]                          		EAX=ffffffb8, ECX=bf9041f0, EDX=b4dc3700, EBX=bf9041f0, ESP=bf904148, EBP=bf9041d8, ESI=b4f8f000, EDI=b4f8f000
-1	26897	libc.so.6           	b4efbc7c	                                        	c3                                                	ret                                               		EAX=b4e0c0c9, ECX=bf9041f0, EDX=b4dc3700, EBX=bf9041f0, ESP=bf904148, EBP=bf9041d8, ESI=b4f8f000, EDI=b4f8f000
-1	26897	libc.so.6           	b4e0c0c9	                                        	05 37 2f 18 00                                    	add eax, 0x182f37                                 		EAX=b4e0c0c9, ECX=bf9041f0, EDX=b4dc3700, EBX=bf9041f0, ESP=bf90414c, EBP=bf9041d8, ESI=b4f8f000, EDI=b4f8f000
-1	26897	libc.so.6           	b4e0c0ce	                                        	83 ec 3c                                          	sub esp, 0x3c                                     		EAX=b4f8f000, ECX=bf9041f0, EDX=b4dc3700, EBX=bf9041f0, ESP=bf90414c, EBP=bf9041d8, ESI=b4f8f000, EDI=b4f8f000
-1	26897	libc.so.6           	b4e0c0d1	                                        	8b 54 24 5c                                       	mov edx, dword ptr [esp+0x5c]                     		EAX=b4f8f000, ECX=bf9041f0, EDX=b4dc3700, EBX=bf9041f0, ESP=bf904110, EBP=bf9041d8, ESI=b4f8f000, EDI=b4f8f000
-1	26897	libc.so.6           	b4e0c0d5	                                        	89 44 24 10                                       	mov dword ptr [esp+0x10], eax                     		EAX=b4f8f000, ECX=bf9041f0, EDX=00000000, EBX=bf9041f0, ESP=bf904110, EBP=bf9041d8, ESI=b4f8f000, EDI=b4f8f000
-1	26897	libc.so.6           	b4e0c0d9	                                        	8b 44 24 60                                       	mov eax, dword ptr [esp+0x60]                     		EAX=b4f8f000, ECX=bf9041f0, EDX=00000000, EBX=bf9041f0, ESP=bf904110, EBP=bf9041d8, ESI=b4f8f000, EDI=b4f8f000
-1	26897	libc.so.6           	b4e0c0dd	                                        	85 d2                                             	test edx, edx                                     		EAX=b4f8fc20, ECX=bf9041f0, EDX=00000000, EBX=bf9041f0, ESP=bf904110, EBP=bf9041d8, ESI=b4f8f000, EDI=b4f8f000
-1	26897	libc.so.6           	b4e0c0df	                                        	74 1f                                             	jz 0xb4e0c100                                     		EAX=b4f8fc20, ECX=bf9041f0, EDX=00000000, EBX=bf9041f0, ESP=bf904110, EBP=bf9041d8, ESI=b4f8f000, EDI=b4f8f000
-1	26897	libc.so.6           	b4e0c100	                                        	c7 44 24 0c 00 00 00 00                           	mov dword ptr [esp+0xc], 0x0                      		EAX=b4f8fc20, ECX=bf9041f0, EDX=00000000, EBX=bf9041f0, ESP=bf904110, EBP=bf9041d8, ESI=b4f8f000, EDI=b4f8f000
-1	26897	libc.so.6           	b4e0c108	                                        	31 db                                             	xor ebx, ebx                                      		EAX=b4f8fc20, ECX=bf9041f0, EDX=00000000, EBX=bf9041f0, ESP=bf904110, EBP=bf9041d8, ESI=b4f8f000, EDI=b4f8f000
-1	26897	libc.so.6           	b4e0c10a	                                        	83 7c 24 58 01                                    	cmp dword ptr [esp+0x58], 0x1                     		EAX=b4f8fc20, ECX=bf9041f0, EDX=00000000, EBX=00000000, ESP=bf904110, EBP=bf9041d8, ESI=b4f8f000, EDI=b4f8f000
-1	26897	libc.so.6           	b4e0c10f	                                        	0f 84 cb 00 00 00                                 	jz 0xb4e0c1e0                                     		EAX=b4f8fc20, ECX=bf9041f0, EDX=00000000, EBX=00000000, ESP=bf904110, EBP=bf9041d8, ESI=b4f8f000, EDI=b4f8f000
-1	26897	libc.so.6           	b4e0c115	                                        	83 7c 24 58 24                                    	cmp dword ptr [esp+0x58], 0x24                    		EAX=b4f8fc20, ECX=bf9041f0, EDX=00000000, EBX=00000000, ESP=bf904110, EBP=bf9041d8, ESI=b4f8f000, EDI=b4f8f000
-1	26897	libc.so.6           	b4e0c11a	                                        	0f 87 c0 00 00 00                                 	jnbe 0xb4e0c1e0                                   		EAX=b4f8fc20, ECX=bf9041f0, EDX=00000000, EBX=00000000, ESP=bf904110, EBP=bf9041d8, ESI=b4f8f000, EDI=b4f8f000
-1	26897	libc.so.6           	b4e0c120	                                        	8b 48 34                                          	mov ecx, dword ptr [eax+0x34]                     		EAX=b4f8fc20, ECX=bf9041f0, EDX=00000000, EBX=00000000, ESP=bf904110, EBP=bf9041d8, ESI=b4f8f000, EDI=b4f8f000
-1	26897	libc.so.6           	b4e0c123	                                        	8b 44 24 50                                       	mov eax, dword ptr [esp+0x50]                     		EAX=b4f8fc20, ECX=b4f22820, EDX=00000000, EBX=00000000, ESP=bf904110, EBP=bf9041d8, ESI=b4f8f000, EDI=b4f8f000
-1	26897	libc.so.6           	b4e0c127	                                        	8b 74 24 50                                       	mov esi, dword ptr [esp+0x50]                     		EAX=bf9054e6, ECX=b4f22820, EDX=00000000, EBX=00000000, ESP=bf904110, EBP=bf9041d8, ESI=b4f8f000, EDI=b4f8f000
-1	26897	libc.so.6           	b4e0c12b	                                        	0f be 10                                          	movsx edx, byte ptr [eax]                         		EAX=bf9054e6, ECX=b4f22820, EDX=00000000, EBX=00000000, ESP=bf904110, EBP=bf9041d8, ESI=bf9054e6, EDI=b4f8f000
-1	26897	libc.so.6           	b4e0c12e	                                        	f6 44 51 01 20                                    	test byte ptr [ecx+edx*2+0x1], 0x20               		EAX=bf9054e6, ECX=b4f22820, EDX=00000034, EBX=00000000, ESP=bf904110, EBP=bf9041d8, ESI=bf9054e6, EDI=b4f8f000
-1	26897	libc.so.6           	b4e0c133	                                        	89 d0                                             	mov eax, edx                                      		EAX=bf9054e6, ECX=b4f22820, EDX=00000034, EBX=00000000, ESP=bf904110, EBP=bf9041d8, ESI=bf9054e6, EDI=b4f8f000
-1	26897	libc.so.6           	b4e0c135	                                        	74 18                                             	jz 0xb4e0c14f                                     		EAX=00000034, ECX=b4f22820, EDX=00000034, EBX=00000000, ESP=bf904110, EBP=bf9041d8, ESI=bf9054e6, EDI=b4f8f000
-1	26897	libc.so.6           	b4e0c14f	                                        	84 c0                                             	test al, al                                       		EAX=00000034, ECX=b4f22820, EDX=00000034, EBX=00000000, ESP=bf904110, EBP=bf9041d8, ESI=bf9054e6, EDI=b4f8f000
-1	26897	libc.so.6           	b4e0c151	                                        	0f 84 c9 00 00 00                                 	jz 0xb4e0c220                                     		EAX=00000034, ECX=b4f22820, EDX=00000034, EBX=00000000, ESP=bf904110, EBP=bf9041d8, ESI=bf9054e6, EDI=b4f8f000
-1	26897	libc.so.6           	b4e0c157	                                        	3c 2d                                             	cmp al, 0x2d                                      		EAX=00000034, ECX=b4f22820, EDX=00000034, EBX=00000000, ESP=bf904110, EBP=bf9041d8, ESI=bf9054e6, EDI=b4f8f000
-1	26897	libc.so.6           	b4e0c159	                                        	0f 84 b1 03 00 00                                 	jz 0xb4e0c510                                     		EAX=00000034, ECX=b4f22820, EDX=00000034, EBX=00000000, ESP=bf904110, EBP=bf9041d8, ESI=bf9054e6, EDI=b4f8f000
-1	26897	libc.so.6           	b4e0c15f	                                        	3c 2b                                             	cmp al, 0x2b                                      		EAX=00000034, ECX=b4f22820, EDX=00000034, EBX=00000000, ESP=bf904110, EBP=bf9041d8, ESI=bf9054e6, EDI=b4f8f000
-1	26897	libc.so.6           	b4e0c161	                                        	c7 44 24 28 00 00 00 00                           	mov dword ptr [esp+0x28], 0x0                     		EAX=00000034, ECX=b4f22820, EDX=00000034, EBX=00000000, ESP=bf904110, EBP=bf9041d8, ESI=bf9054e6, EDI=b4f8f000
-1	26897	libc.so.6           	b4e0c169	                                        	0f 94 c0                                          	setz al                                           		EAX=00000034, ECX=b4f22820, EDX=00000034, EBX=00000000, ESP=bf904110, EBP=bf9041d8, ESI=bf9054e6, EDI=b4f8f000
-1	26897	libc.so.6           	b4e0c16c	                                        	0f b6 c0                                          	movzx eax, al                                     		EAX=00000000, ECX=b4f22820, EDX=00000034, EBX=00000000, ESP=bf904110, EBP=bf9041d8, ESI=bf9054e6, EDI=b4f8f000
-1	26897	libc.so.6           	b4e0c16f	                                        	01 c6                                             	add esi, eax                                      		EAX=00000000, ECX=b4f22820, EDX=00000034, EBX=00000000, ESP=bf904110, EBP=bf9041d8, ESI=bf9054e6, EDI=b4f8f000
-1	26897	libc.so.6           	b4e0c171	                                        	0f b6 2e                                          	movzx ebp, byte ptr [esi]                         		EAX=00000000, ECX=b4f22820, EDX=00000034, EBX=00000000, ESP=bf904110, EBP=bf9041d8, ESI=bf9054e6, EDI=b4f8f000
-1	26897	libc.so.6           	b4e0c174	                                        	89 e8                                             	mov eax, ebp                                      		EAX=00000000, ECX=b4f22820, EDX=00000034, EBX=00000000, ESP=bf904110, EBP=00000034, ESI=bf9054e6, EDI=b4f8f000
-1	26897	libc.so.6           	b4e0c176	                                        	3c 30                                             	cmp al, 0x30                                      		EAX=00000034, ECX=b4f22820, EDX=00000034, EBX=00000000, ESP=bf904110, EBP=00000034, ESI=bf9054e6, EDI=b4f8f000
-1	26897	libc.so.6           	b4e0c178	                                        	0f 84 e9 00 00 00                                 	jz 0xb4e0c267                                     		EAX=00000034, ECX=b4f22820, EDX=00000034, EBX=00000000, ESP=bf904110, EBP=00000034, ESI=bf9054e6, EDI=b4f8f000
-1	26897	libc.so.6           	b4e0c17e	                                        	8b 44 24 58                                       	mov eax, dword ptr [esp+0x58]                     		EAX=00000034, ECX=b4f22820, EDX=00000034, EBX=00000000, ESP=bf904110, EBP=00000034, ESI=bf9054e6, EDI=b4f8f000
-1	26897	libc.so.6           	b4e0c182	                                        	85 c0                                             	test eax, eax                                     		EAX=0000000a, ECX=b4f22820, EDX=00000034, EBX=00000000, ESP=bf904110, EBP=00000034, ESI=bf9054e6, EDI=b4f8f000
-1	26897	libc.so.6           	b4e0c184	                                        	0f 85 eb 00 00 00                                 	jnz 0xb4e0c275                                    		EAX=0000000a, ECX=b4f22820, EDX=00000034, EBX=00000000, ESP=bf904110, EBP=00000034, ESI=bf9054e6, EDI=b4f8f000
-1	26897	libc.so.6           	b4e0c275	                                        	83 7c 24 58 0a                                    	cmp dword ptr [esp+0x58], 0xa                     		EAX=0000000a, ECX=b4f22820, EDX=00000034, EBX=00000000, ESP=bf904110, EBP=00000034, ESI=bf9054e6, EDI=b4f8f000
-1	26897	libc.so.6           	b4e0c27a	                                        	0f 84 0a ff ff ff                                 	jz 0xb4e0c18a                                     		EAX=0000000a, ECX=b4f22820, EDX=00000034, EBX=00000000, ESP=bf904110, EBP=00000034, ESI=bf9054e6, EDI=b4f8f000
-1	26897	libc.so.6           	b4e0c18a	                                        	8b 7c 24 0c                                       	mov edi, dword ptr [esp+0xc]                      		EAX=0000000a, ECX=b4f22820, EDX=00000034, EBX=00000000, ESP=bf904110, EBP=00000034, ESI=bf9054e6, EDI=b4f8f000
-1	26897	libc.so.6           	b4e0c18e	                                        	85 ff                                             	test edi, edi                                     		EAX=0000000a, ECX=b4f22820, EDX=00000034, EBX=00000000, ESP=bf904110, EBP=00000034, ESI=bf9054e6, EDI=00000000
-1	26897	libc.so.6           	b4e0c190	                                        	0f 84 3e 04 00 00                                 	jz 0xb4e0c5d4                                     		EAX=0000000a, ECX=b4f22820, EDX=00000034, EBX=00000000, ESP=bf904110, EBP=00000034, ESI=bf9054e6, EDI=00000000
-1	26897	libc.so.6           	b4e0c5d4	                                        	c6 44 24 23 05                                    	mov byte ptr [esp+0x23], 0x5                      		EAX=0000000a, ECX=b4f22820, EDX=00000034, EBX=00000000, ESP=bf904110, EBP=00000034, ESI=bf9054e6, EDI=00000000
-1	26897	libc.so.6           	b4e0c5d9	                                        	c7 44 24 0c 99 99 99 19                           	mov dword ptr [esp+0xc], 0x19999999               		EAX=0000000a, ECX=b4f22820, EDX=00000034, EBX=00000000, ESP=bf904110, EBP=00000034, ESI=bf9054e6, EDI=00000000
-1	26897	libc.so.6           	b4e0c5e1	                                        	c7 44 24 58 0a 00 00 00                           	mov dword ptr [esp+0x58], 0xa                     		EAX=0000000a, ECX=b4f22820, EDX=00000034, EBX=00000000, ESP=bf904110, EBP=00000034, ESI=bf9054e6, EDI=00000000
-1	26897	libc.so.6           	b4e0c5e9	                                        	e9 b5 fc ff ff                                    	jmp 0xb4e0c2a3                                    		EAX=0000000a, ECX=b4f22820, EDX=00000034, EBX=00000000, ESP=bf904110, EBP=00000034, ESI=bf9054e6, EDI=00000000
-1	26897	libc.so.6           	b4e0c2a3	                                        	31 ff                                             	xor edi, edi                                      		EAX=0000000a, ECX=b4f22820, EDX=00000034, EBX=00000000, ESP=bf904110, EBP=00000034, ESI=bf9054e6, EDI=00000000
-1	26897	libc.so.6           	b4e0c2a5	                                        	c7 44 24 08 00 00 00 00                           	mov dword ptr [esp+0x8], 0x0                      		EAX=0000000a, ECX=b4f22820, EDX=00000034, EBX=00000000, ESP=bf904110, EBP=00000034, ESI=bf9054e6, EDI=00000000
-1	26897	libc.so.6           	b4e0c2ad	                                        	39 74 24 08                                       	cmp dword ptr [esp+0x8], esi                      		EAX=0000000a, ECX=b4f22820, EDX=00000034, EBX=00000000, ESP=bf904110, EBP=00000034, ESI=bf9054e6, EDI=00000000
-1	26897	libc.so.6           	b4e0c2b1	                                        	89 e8                                             	mov eax, ebp                                      		EAX=0000000a, ECX=b4f22820, EDX=00000034, EBX=00000000, ESP=bf904110, EBP=00000034, ESI=bf9054e6, EDI=00000000
-1	26897	libc.so.6           	b4e0c2b3	                                        	0f 84 6b ff ff ff                                 	jz 0xb4e0c224                                     		EAX=00000034, ECX=b4f22820, EDX=00000034, EBX=00000000, ESP=bf904110, EBP=00000034, ESI=bf9054e6, EDI=00000000
-1	26897	libc.so.6           	b4e0c2b9	                                        	84 c0                                             	test al, al                                       		EAX=00000034, ECX=b4f22820, EDX=00000034, EBX=00000000, ESP=bf904110, EBP=00000034, ESI=bf9054e6, EDI=00000000
-1	26897	libc.so.6           	b4e0c2bb	                                        	0f 84 63 ff ff ff                                 	jz 0xb4e0c224                                     		EAX=00000034, ECX=b4f22820, EDX=00000034, EBX=00000000, ESP=bf904110, EBP=00000034, ESI=bf9054e6, EDI=00000000
-1	26897	libc.so.6           	b4e0c2c1	                                        	8b 4c 24 10                                       	mov ecx, dword ptr [esp+0x10]                     		EAX=00000034, ECX=b4f22820, EDX=00000034, EBX=00000000, ESP=bf904110, EBP=00000034, ESI=bf9054e6, EDI=00000000
-1	26897	libc.so.6           	b4e0c2c5	                                        	89 74 24 2c                                       	mov dword ptr [esp+0x2c], esi                     		EAX=00000034, ECX=b4f8f000, EDX=00000034, EBX=00000000, ESP=bf904110, EBP=00000034, ESI=bf9054e6, EDI=00000000
-1	26897	libc.so.6           	b4e0c2c9	                                        	31 ed                                             	xor ebp, ebp                                      		EAX=00000034, ECX=b4f8f000, EDX=00000034, EBX=00000000, ESP=bf904110, EBP=00000034, ESI=bf9054e6, EDI=00000000
-1	26897	libc.so.6           	b4e0c2cb	                                        	c7 44 24 14 00 00 00 00                           	mov dword ptr [esp+0x14], 0x0                     		EAX=00000034, ECX=b4f8f000, EDX=00000034, EBX=00000000, ESP=bf904110, EBP=00000000, ESI=bf9054e6, EDI=00000000
-1	26897	libc.so.6           	b4e0c2d3	                                        	8b 91 74 f4 ff ff                                 	mov edx, dword ptr [ecx-0xb8c]                    		EAX=00000034, ECX=b4f8f000, EDX=00000034, EBX=00000000, ESP=bf904110, EBP=00000000, ESI=bf9054e6, EDI=00000000
-1	26897	libc.so.6           	b4e0c2d9	                                        	8b 89 7c f4 ff ff                                 	mov ecx, dword ptr [ecx-0xb84]                    		EAX=00000034, ECX=b4f8f000, EDX=b4f22820, EBX=00000000, ESP=bf904110, EBP=00000000, ESI=bf9054e6, EDI=00000000
-1	26897	libc.so.6           	b4e0c2df	                                        	89 54 24 18                                       	mov dword ptr [esp+0x18], edx                     		EAX=00000034, ECX=b4f21f20, EDX=b4f22820, EBX=00000000, ESP=bf904110, EBP=00000000, ESI=bf9054e6, EDI=00000000
-1	26897	libc.so.6           	b4e0c2e3	                                        	89 4c 24 1c                                       	mov dword ptr [esp+0x1c], ecx                     		EAX=00000034, ECX=b4f21f20, EDX=b4f22820, EBX=00000000, ESP=bf904110, EBP=00000000, ESI=bf9054e6, EDI=00000000
-1	26897	libc.so.6           	b4e0c2e7	                                        	8d 57 ff                                          	lea edx, ptr [edi-0x1]                            		EAX=00000034, ECX=b4f21f20, EDX=b4f22820, EBX=00000000, ESP=bf904110, EBP=00000000, ESI=bf9054e6, EDI=00000000
-1	26897	libc.so.6           	b4e0c2ea	                                        	89 f1                                             	mov ecx, esi                                      		EAX=00000034, ECX=b4f21f20, EDX=ffffffff, EBX=00000000, ESP=bf904110, EBP=00000000, ESI=bf9054e6, EDI=00000000
-1	26897	libc.so.6           	b4e0c2ec	                                        	8b 74 24 58                                       	mov esi, dword ptr [esp+0x58]                     		EAX=00000034, ECX=bf9054e6, EDX=ffffffff, EBX=00000000, ESP=bf904110, EBP=00000000, ESI=bf9054e6, EDI=00000000
-1	26897	libc.so.6           	b4e0c2f0	                                        	89 54 24 24                                       	mov dword ptr [esp+0x24], edx                     		EAX=00000034, ECX=bf9054e6, EDX=ffffffff, EBX=00000000, ESP=bf904110, EBP=00000000, ESI=0000000a, EDI=00000000
-1	26897	libc.so.6           	b4e0c2f4	                                        	8d 74 26 00                                       	lea esi, ptr [esi]                                		EAX=00000034, ECX=bf9054e6, EDX=ffffffff, EBX=00000000, ESP=bf904110, EBP=00000000, ESI=0000000a, EDI=00000000
-1	26897	libc.so.6           	b4e0c2f8	                                        	8d 50 d0                                          	lea edx, ptr [eax-0x30]                           		EAX=00000034, ECX=bf9054e6, EDX=ffffffff, EBX=00000000, ESP=bf904110, EBP=00000000, ESI=0000000a, EDI=00000000
-1	26897	libc.so.6           	b4e0c2fb	                                        	80 fa 09                                          	cmp dl, 0x9                                       		EAX=00000034, ECX=bf9054e6, EDX=00000004, EBX=00000000, ESP=bf904110, EBP=00000000, ESI=0000000a, EDI=00000000
-1	26897	libc.so.6           	b4e0c2fe	                                        	0f 86 d1 00 00 00                                 	jbe 0xb4e0c3d5                                    		EAX=00000034, ECX=bf9054e6, EDX=00000004, EBX=00000000, ESP=bf904110, EBP=00000000, ESI=0000000a, EDI=00000000
-1	26897	libc.so.6           	b4e0c3d5	                                        	0f b6 c2                                          	movzx eax, dl                                     		EAX=00000034, ECX=bf9054e6, EDX=00000004, EBX=00000000, ESP=bf904110, EBP=00000000, ESI=0000000a, EDI=00000000
-1	26897	libc.so.6           	b4e0c3d8	                                        	39 f0                                             	cmp eax, esi                                      		EAX=00000004, ECX=bf9054e6, EDX=00000004, EBX=00000000, ESP=bf904110, EBP=00000000, ESI=0000000a, EDI=00000000
-1	26897	libc.so.6           	b4e0c3da	                                        	0f 8d 71 ff ff ff                                 	jnl 0xb4e0c351                                    		EAX=00000004, ECX=bf9054e6, EDX=00000004, EBX=00000000, ESP=bf904110, EBP=00000000, ESI=0000000a, EDI=00000000
-1	26897	libc.so.6           	b4e0c3e0	                                        	3b 6c 24 0c                                       	cmp ebp, dword ptr [esp+0xc]                      		EAX=00000004, ECX=bf9054e6, EDX=00000004, EBX=00000000, ESP=bf904110, EBP=00000000, ESI=0000000a, EDI=00000000
-1	26897	libc.so.6           	b4e0c3e4	                                        	77 12                                             	jnbe 0xb4e0c3f8                                   		EAX=00000004, ECX=bf9054e6, EDX=00000004, EBX=00000000, ESP=bf904110, EBP=00000000, ESI=0000000a, EDI=00000000
-1	26897	libc.so.6           	b4e0c3e6	                                        	3a 54 24 23                                       	cmp dl, byte ptr [esp+0x23]                       		EAX=00000004, ECX=bf9054e6, EDX=00000004, EBX=00000000, ESP=bf904110, EBP=00000000, ESI=0000000a, EDI=00000000
-1	26897	libc.so.6           	b4e0c3ea	                                        	76 24                                             	jbe 0xb4e0c410                                    		EAX=00000004, ECX=bf9054e6, EDX=00000004, EBX=00000000, ESP=bf904110, EBP=00000000, ESI=0000000a, EDI=00000000
-1	26897	libc.so.6           	b4e0c410	                                        	0f af ee                                          	imul ebp, esi                                     		EAX=00000004, ECX=bf9054e6, EDX=00000004, EBX=00000000, ESP=bf904110, EBP=00000000, ESI=0000000a, EDI=00000000
-1	26897	libc.so.6           	b4e0c413	                                        	01 c5                                             	add ebp, eax                                      		EAX=00000004, ECX=bf9054e6, EDX=00000004, EBX=00000000, ESP=bf904110, EBP=00000000, ESI=0000000a, EDI=00000000
-1	26897	libc.so.6           	b4e0c415	                                        	89 c8                                             	mov eax, ecx                                      		EAX=00000004, ECX=bf9054e6, EDX=00000004, EBX=00000000, ESP=bf904110, EBP=00000004, ESI=0000000a, EDI=00000000
-1	26897	libc.so.6           	b4e0c417	                                        	e9 24 ff ff ff                                    	jmp 0xb4e0c340                                    		EAX=bf9054e6, ECX=bf9054e6, EDX=00000004, EBX=00000000, ESP=bf904110, EBP=00000004, ESI=0000000a, EDI=00000000
-1	26897	libc.so.6           	b4e0c340	                                        	8d 48 01                                          	lea ecx, ptr [eax+0x1]                            		EAX=bf9054e6, ECX=bf9054e6, EDX=00000004, EBX=00000000, ESP=bf904110, EBP=00000004, ESI=0000000a, EDI=00000000
-1	26897	libc.so.6           	b4e0c343	                                        	39 4c 24 08                                       	cmp dword ptr [esp+0x8], ecx                      		EAX=bf9054e6, ECX=bf9054e7, EDX=00000004, EBX=00000000, ESP=bf904110, EBP=00000004, ESI=0000000a, EDI=00000000
-1	26897	libc.so.6           	b4e0c347	                                        	0f b6 40 01                                       	movzx eax, byte ptr [eax+0x1]                     		EAX=bf9054e6, ECX=bf9054e7, EDX=00000004, EBX=00000000, ESP=bf904110, EBP=00000004, ESI=0000000a, EDI=00000000
-1	26897	libc.so.6           	b4e0c34b	                                        	74 04                                             	jz 0xb4e0c351                                     		EAX=00000000, ECX=bf9054e7, EDX=00000004, EBX=00000000, ESP=bf904110, EBP=00000004, ESI=0000000a, EDI=00000000
-1	26897	libc.so.6           	b4e0c34d	                                        	84 c0                                             	test al, al                                       		EAX=00000000, ECX=bf9054e7, EDX=00000004, EBX=00000000, ESP=bf904110, EBP=00000004, ESI=0000000a, EDI=00000000
-1	26897	libc.so.6           	b4e0c34f	                                        	75 a7                                             	jnz 0xb4e0c2f8                                    		EAX=00000000, ECX=bf9054e7, EDX=00000004, EBX=00000000, ESP=bf904110, EBP=00000004, ESI=0000000a, EDI=00000000
-1	26897	libc.so.6           	b4e0c351	                                        	8b 74 24 2c                                       	mov esi, dword ptr [esp+0x2c]                     		EAX=00000000, ECX=bf9054e7, EDX=00000004, EBX=00000000, ESP=bf904110, EBP=00000004, ESI=0000000a, EDI=00000000
-1	26897	libc.so.6           	b4e0c355	                                        	39 ce                                             	cmp esi, ecx                                      		EAX=00000000, ECX=bf9054e7, EDX=00000004, EBX=00000000, ESP=bf904110, EBP=00000004, ESI=bf9054e6, EDI=00000000
-1	26897	libc.so.6           	b4e0c357	                                        	0f 84 c7 fe ff ff                                 	jz 0xb4e0c224                                     		EAX=00000000, ECX=bf9054e7, EDX=00000004, EBX=00000000, ESP=bf904110, EBP=00000004, ESI=bf9054e6, EDI=00000000
-1	26897	libc.so.6           	b4e0c35d	                                        	8b 5c 24 54                                       	mov ebx, dword ptr [esp+0x54]                     		EAX=00000000, ECX=bf9054e7, EDX=00000004, EBX=00000000, ESP=bf904110, EBP=00000004, ESI=bf9054e6, EDI=00000000
-1	26897	libc.so.6           	b4e0c361	                                        	85 db                                             	test ebx, ebx                                     		EAX=00000000, ECX=bf9054e7, EDX=00000004, EBX=00000000, ESP=bf904110, EBP=00000004, ESI=bf9054e6, EDI=00000000
-1	26897	libc.so.6           	b4e0c363	                                        	74 06                                             	jz 0xb4e0c36b                                     		EAX=00000000, ECX=bf9054e7, EDX=00000004, EBX=00000000, ESP=bf904110, EBP=00000004, ESI=bf9054e6, EDI=00000000
-1	26897	libc.so.6           	b4e0c36b	                                        	8b 4c 24 14                                       	mov ecx, dword ptr [esp+0x14]                     		EAX=00000000, ECX=bf9054e7, EDX=00000004, EBX=00000000, ESP=bf904110, EBP=00000004, ESI=bf9054e6, EDI=00000000
-1	26897	libc.so.6           	b4e0c36f	                                        	85 c9                                             	test ecx, ecx                                     		EAX=00000000, ECX=00000000, EDX=00000004, EBX=00000000, ESP=bf904110, EBP=00000004, ESI=bf9054e6, EDI=00000000
-1	26897	libc.so.6           	b4e0c371	                                        	0f 85 a5 00 00 00                                 	jnz 0xb4e0c41c                                    		EAX=00000000, ECX=00000000, EDX=00000004, EBX=00000000, ESP=bf904110, EBP=00000004, ESI=bf9054e6, EDI=00000000
-1	26897	libc.so.6           	b4e0c377	                                        	8b 54 24 28                                       	mov edx, dword ptr [esp+0x28]                     		EAX=00000000, ECX=00000000, EDX=00000004, EBX=00000000, ESP=bf904110, EBP=00000004, ESI=bf9054e6, EDI=00000000
-1	26897	libc.so.6           	b4e0c37b	                                        	85 d2                                             	test edx, edx                                     		EAX=00000000, ECX=00000000, EDX=00000000, EBX=00000000, ESP=bf904110, EBP=00000004, ESI=bf9054e6, EDI=00000000
-1	26897	libc.so.6           	b4e0c37d	                                        	0f 84 9d 01 00 00                                 	jz 0xb4e0c520                                     		EAX=00000000, ECX=00000000, EDX=00000000, EBX=00000000, ESP=bf904110, EBP=00000004, ESI=bf9054e6, EDI=00000000
-1	26897	libc.so.6           	b4e0c520	                                        	81 fd ff ff ff 7f                                 	cmp ebp, 0x7fffffff                               		EAX=00000000, ECX=00000000, EDX=00000000, EBX=00000000, ESP=bf904110, EBP=00000004, ESI=bf9054e6, EDI=00000000
-1	26897	libc.so.6           	b4e0c526	                                        	76 76                                             	jbe 0xb4e0c59e                                    		EAX=00000000, ECX=00000000, EDX=00000000, EBX=00000000, ESP=bf904110, EBP=00000004, ESI=bf9054e6, EDI=00000000
-1	26897	libc.so.6           	b4e0c59e	                                        	89 e8                                             	mov eax, ebp                                      		EAX=00000000, ECX=00000000, EDX=00000000, EBX=00000000, ESP=bf904110, EBP=00000004, ESI=bf9054e6, EDI=00000000
-1	26897	libc.so.6           	b4e0c5a0	                                        	e9 55 fc ff ff                                    	jmp 0xb4e0c1fa                                    		EAX=00000004, ECX=00000000, EDX=00000000, EBX=00000000, ESP=bf904110, EBP=00000004, ESI=bf9054e6, EDI=00000000
-1	26897	libc.so.6           	b4e0c1fa	                                        	83 c4 3c                                          	add esp, 0x3c                                     		EAX=00000004, ECX=00000000, EDX=00000000, EBX=00000000, ESP=bf904110, EBP=00000004, ESI=bf9054e6, EDI=00000000
-1	26897	libc.so.6           	b4e0c1fd	                                        	5b                                                	pop ebx                                           		EAX=00000004, ECX=00000000, EDX=00000000, EBX=00000000, ESP=bf90414c, EBP=00000004, ESI=bf9054e6, EDI=00000000
-1	26897	libc.so.6           	b4e0c1fe	                                        	5e                                                	pop esi                                           		EAX=00000004, ECX=00000000, EDX=00000000, EBX=bf9041f0, ESP=bf904150, EBP=00000004, ESI=bf9054e6, EDI=00000000
-1	26897	libc.so.6           	b4e0c1ff	                                        	5f                                                	pop edi                                           		EAX=00000004, ECX=00000000, EDX=00000000, EBX=bf9041f0, ESP=bf904154, EBP=00000004, ESI=b4f8f000, EDI=00000000
-1	26897	libc.so.6           	b4e0c200	                                        	5d                                                	pop ebp                                           		EAX=00000004, ECX=00000000, EDX=00000000, EBX=bf9041f0, ESP=bf904158, EBP=00000004, ESI=b4f8f000, EDI=b4f8f000
-1	26897	libc.so.6           	b4e0c201	                                        	c3                                                	ret                                               		EAX=00000004, ECX=00000000, EDX=00000000, EBX=bf9041f0, ESP=bf90415c, EBP=bf9041d8, ESI=b4f8f000, EDI=b4f8f000
-1	26897	libc.so.6           	b4e0bf30	                                        	83 c4 2c                                          	add esp, 0x2c                                     		EAX=00000004, ECX=00000000, EDX=00000000, EBX=bf9041f0, ESP=bf904160, EBP=bf9041d8, ESI=b4f8f000, EDI=b4f8f000
-1	26897	libc.so.6           	b4e0bf33	                                        	c3                                                	ret                                               		EAX=00000004, ECX=00000000, EDX=00000000, EBX=bf9041f0, ESP=bf90418c, EBP=bf9041d8, ESI=b4f8f000, EDI=b4f8f000
-1	26897	libc.so.6           	b4e09270	                                        	83 c4 1c                                          	add esp, 0x1c                                     		EAX=00000004, ECX=00000000, EDX=00000000, EBX=bf9041f0, ESP=bf904190, EBP=bf9041d8, ESI=b4f8f000, EDI=b4f8f000
-1	26897	libc.so.6           	b4e09273	                                        	c3                                                	ret                                               		EAX=00000004, ECX=00000000, EDX=00000000, EBX=bf9041f0, ESP=bf9041ac, EBP=bf9041d8, ESI=b4f8f000, EDI=b4f8f000
-1	26897	unknown             	08048452	                                        	83 c4 10                                          	add esp, 0x10                                     		EAX=00000004, ECX=00000000, EDX=00000000, EBX=bf9041f0, ESP=bf9041b0, EBP=bf9041d8, ESI=b4f8f000, EDI=b4f8f000
-1	26897	unknown             	08048455	                                        	89 45 ec                                          	mov dword ptr [ebp-0x14], eax                     		EAX=00000004, ECX=00000000, EDX=00000000, EBX=bf9041f0, ESP=bf9041c0, EBP=bf9041d8, ESI=b4f8f000, EDI=b4f8f000
-1	26897	unknown             	08048458	                                        	c7 45 e8 01 00 00 00                              	mov dword ptr [ebp-0x18], 0x1                     		EAX=00000004, ECX=00000000, EDX=00000000, EBX=bf9041f0, ESP=bf9041c0, EBP=bf9041d8, ESI=b4f8f000, EDI=b4f8f000
-1	26897	unknown             	0804845f	                                        	eb da                                             	jmp 0x804843b                                     		EAX=00000004, ECX=00000000, EDX=00000000, EBX=bf9041f0, ESP=bf9041c0, EBP=bf9041d8, ESI=b4f8f000, EDI=b4f8f000
-1	26897	unknown             	0804843b	                                        	83 7d e8 00                                       	cmp dword ptr [ebp-0x18], 0x0                     		EAX=00000004, ECX=00000000, EDX=00000000, EBX=bf9041f0, ESP=bf9041c0, EBP=bf9041d8, ESI=b4f8f000, EDI=b4f8f000
-1	26897	unknown             	0804843f	                                        	75 20                                             	jnz 0x8048461                                     		EAX=00000004, ECX=00000000, EDX=00000000, EBX=bf9041f0, ESP=bf9041c0, EBP=bf9041d8, ESI=b4f8f000, EDI=b4f8f000
-1	26897	unknown             	08048461	                                        	83 7d e8 01                                       	cmp dword ptr [ebp-0x18], 0x1                     		EAX=00000004, ECX=00000000, EDX=00000000, EBX=bf9041f0, ESP=bf9041c0, EBP=bf9041d8, ESI=b4f8f000, EDI=b4f8f000
-1	26897	unknown             	08048465	                                        	75 10                                             	jnz 0x8048477                                     		EAX=00000004, ECX=00000000, EDX=00000000, EBX=bf9041f0, ESP=bf9041c0, EBP=bf9041d8, ESI=b4f8f000, EDI=b4f8f000
-1	26897	unknown             	08048467	                                        	c7 45 f0 00 00 00 00                              	mov dword ptr [ebp-0x10], 0x0                     		EAX=00000004, ECX=00000000, EDX=00000000, EBX=bf9041f0, ESP=bf9041c0, EBP=bf9041d8, ESI=b4f8f000, EDI=b4f8f000
-1	26897	unknown             	0804846e	                                        	c7 45 e8 02 00 00 00                              	mov dword ptr [ebp-0x18], 0x2                     		EAX=00000004, ECX=00000000, EDX=00000000, EBX=bf9041f0, ESP=bf9041c0, EBP=bf9041d8, ESI=b4f8f000, EDI=b4f8f000
-1	26897	unknown             	08048475	                                        	eb c4                                             	jmp 0x804843b                                     		EAX=00000004, ECX=00000000, EDX=00000000, EBX=bf9041f0, ESP=bf9041c0, EBP=bf9041d8, ESI=b4f8f000, EDI=b4f8f000
-1	26897	unknown             	0804843b	                                        	83 7d e8 00                                       	cmp dword ptr [ebp-0x18], 0x0                     		EAX=00000004, ECX=00000000, EDX=00000000, EBX=bf9041f0, ESP=bf9041c0, EBP=bf9041d8, ESI=b4f8f000, EDI=b4f8f000
-1	26897	unknown             	0804843f	                                        	75 20                                             	jnz 0x8048461                                     		EAX=00000004, ECX=00000000, EDX=00000000, EBX=bf9041f0, ESP=bf9041c0, EBP=bf9041d8, ESI=b4f8f000, EDI=b4f8f000
-1	26897	unknown             	08048461	                                        	83 7d e8 01                                       	cmp dword ptr [ebp-0x18], 0x1                     		EAX=00000004, ECX=00000000, EDX=00000000, EBX=bf9041f0, ESP=bf9041c0, EBP=bf9041d8, ESI=b4f8f000, EDI=b4f8f000
-1	26897	unknown             	08048465	                                        	75 10                                             	jnz 0x8048477                                     		EAX=00000004, ECX=00000000, EDX=00000000, EBX=bf9041f0, ESP=bf9041c0, EBP=bf9041d8, ESI=b4f8f000, EDI=b4f8f000
-1	26897	unknown             	08048477	                                        	83 7d e8 02                                       	cmp dword ptr [ebp-0x18], 0x2                     		EAX=00000004, ECX=00000000, EDX=00000000, EBX=bf9041f0, ESP=bf9041c0, EBP=bf9041d8, ESI=b4f8f000, EDI=b4f8f000
-1	26897	unknown             	0804847b	                                        	75 10                                             	jnz 0x804848d                                     		EAX=00000004, ECX=00000000, EDX=00000000, EBX=bf9041f0, ESP=bf9041c0, EBP=bf9041d8, ESI=b4f8f000, EDI=b4f8f000
-1	26897	unknown             	0804847d	                                        	c7 45 f4 00 00 00 00                              	mov dword ptr [ebp-0xc], 0x0                      		EAX=00000004, ECX=00000000, EDX=00000000, EBX=bf9041f0, ESP=bf9041c0, EBP=bf9041d8, ESI=b4f8f000, EDI=b4f8f000
-1	26897	unknown             	08048484	                                        	c7 45 e8 03 00 00 00                              	mov dword ptr [ebp-0x18], 0x3                     		EAX=00000004, ECX=00000000, EDX=00000000, EBX=bf9041f0, ESP=bf9041c0, EBP=bf9041d8, ESI=b4f8f000, EDI=b4f8f000
-1	26897	unknown             	0804848b	                                        	eb ae                                             	jmp 0x804843b                                     		EAX=00000004, ECX=00000000, EDX=00000000, EBX=bf9041f0, ESP=bf9041c0, EBP=bf9041d8, ESI=b4f8f000, EDI=b4f8f000
-1	26897	unknown             	0804843b	                                        	83 7d e8 00                                       	cmp dword ptr [ebp-0x18], 0x0                     		EAX=00000004, ECX=00000000, EDX=00000000, EBX=bf9041f0, ESP=bf9041c0, EBP=bf9041d8, ESI=b4f8f000, EDI=b4f8f000
-1	26897	unknown             	0804843f	                                        	75 20                                             	jnz 0x8048461                                     		EAX=00000004, ECX=00000000, EDX=00000000, EBX=bf9041f0, ESP=bf9041c0, EBP=bf9041d8, ESI=b4f8f000, EDI=b4f8f000
-1	26897	unknown             	08048461	                                        	83 7d e8 01                                       	cmp dword ptr [ebp-0x18], 0x1                     		EAX=00000004, ECX=00000000, EDX=00000000, EBX=bf9041f0, ESP=bf9041c0, EBP=bf9041d8, ESI=b4f8f000, EDI=b4f8f000
-1	26897	unknown             	08048465	                                        	75 10                                             	jnz 0x8048477                                     		EAX=00000004, ECX=00000000, EDX=00000000, EBX=bf9041f0, ESP=bf9041c0, EBP=bf9041d8, ESI=b4f8f000, EDI=b4f8f000
-1	26897	unknown             	08048477	                                        	83 7d e8 02                                       	cmp dword ptr [ebp-0x18], 0x2                     		EAX=00000004, ECX=00000000, EDX=00000000, EBX=bf9041f0, ESP=bf9041c0, EBP=bf9041d8, ESI=b4f8f000, EDI=b4f8f000
-1	26897	unknown             	0804847b	                                        	75 10                                             	jnz 0x804848d                                     		EAX=00000004, ECX=00000000, EDX=00000000, EBX=bf9041f0, ESP=bf9041c0, EBP=bf9041d8, ESI=b4f8f000, EDI=b4f8f000
-1	26897	unknown             	0804848d	                                        	83 7d e8 03                                       	cmp dword ptr [ebp-0x18], 0x3                     		EAX=00000004, ECX=00000000, EDX=00000000, EBX=bf9041f0, ESP=bf9041c0, EBP=bf9041d8, ESI=b4f8f000, EDI=b4f8f000
-1	26897	unknown             	08048491	                                        	75 1a                                             	jnz 0x80484ad                                     		EAX=00000004, ECX=00000000, EDX=00000000, EBX=bf9041f0, ESP=bf9041c0, EBP=bf9041d8, ESI=b4f8f000, EDI=b4f8f000
-1	26897	unknown             	08048493	                                        	8b 45 f4                                          	mov eax, dword ptr [ebp-0xc]                      		EAX=00000004, ECX=00000000, EDX=00000000, EBX=bf9041f0, ESP=bf9041c0, EBP=bf9041d8, ESI=b4f8f000, EDI=b4f8f000
-1	26897	unknown             	08048496	                                        	3b 45 ec                                          	cmp eax, dword ptr [ebp-0x14]                     		EAX=00000000, ECX=00000000, EDX=00000000, EBX=bf9041f0, ESP=bf9041c0, EBP=bf9041d8, ESI=b4f8f000, EDI=b4f8f000
-1	26897	unknown             	08048499	                                        	7d 09                                             	jnl 0x80484a4                                     		EAX=00000000, ECX=00000000, EDX=00000000, EBX=bf9041f0, ESP=bf9041c0, EBP=bf9041d8, ESI=b4f8f000, EDI=b4f8f000
-1	26897	unknown             	0804849b	                                        	c7 45 e8 04 00 00 00                              	mov dword ptr [ebp-0x18], 0x4                     		EAX=00000000, ECX=00000000, EDX=00000000, EBX=bf9041f0, ESP=bf9041c0, EBP=bf9041d8, ESI=b4f8f000, EDI=b4f8f000
-1	26897	unknown             	080484a2	                                        	eb 97                                             	jmp 0x804843b                                     		EAX=00000000, ECX=00000000, EDX=00000000, EBX=bf9041f0, ESP=bf9041c0, EBP=bf9041d8, ESI=b4f8f000, EDI=b4f8f000
-1	26897	unknown             	0804843b	                                        	83 7d e8 00                                       	cmp dword ptr [ebp-0x18], 0x0                     		EAX=00000000, ECX=00000000, EDX=00000000, EBX=bf9041f0, ESP=bf9041c0, EBP=bf9041d8, ESI=b4f8f000, EDI=b4f8f000
-1	26897	unknown             	0804843f	                                        	75 20                                             	jnz 0x8048461                                     		EAX=00000000, ECX=00000000, EDX=00000000, EBX=bf9041f0, ESP=bf9041c0, EBP=bf9041d8, ESI=b4f8f000, EDI=b4f8f000
-1	26897	unknown             	08048461	                                        	83 7d e8 01                                       	cmp dword ptr [ebp-0x18], 0x1                     		EAX=00000000, ECX=00000000, EDX=00000000, EBX=bf9041f0, ESP=bf9041c0, EBP=bf9041d8, ESI=b4f8f000, EDI=b4f8f000
-1	26897	unknown             	08048465	                                        	75 10                                             	jnz 0x8048477                                     		EAX=00000000, ECX=00000000, EDX=00000000, EBX=bf9041f0, ESP=bf9041c0, EBP=bf9041d8, ESI=b4f8f000, EDI=b4f8f000
-1	26897	unknown             	08048477	                                        	83 7d e8 02                                       	cmp dword ptr [ebp-0x18], 0x2                     		EAX=00000000, ECX=00000000, EDX=00000000, EBX=bf9041f0, ESP=bf9041c0, EBP=bf9041d8, ESI=b4f8f000, EDI=b4f8f000
-1	26897	unknown             	0804847b	                                        	75 10                                             	jnz 0x804848d                                     		EAX=00000000, ECX=00000000, EDX=00000000, EBX=bf9041f0, ESP=bf9041c0, EBP=bf9041d8, ESI=b4f8f000, EDI=b4f8f000
-1	26897	unknown             	0804848d	                                        	83 7d e8 03                                       	cmp dword ptr [ebp-0x18], 0x3                     		EAX=00000000, ECX=00000000, EDX=00000000, EBX=bf9041f0, ESP=bf9041c0, EBP=bf9041d8, ESI=b4f8f000, EDI=b4f8f000
-1	26897	unknown             	08048491	                                        	75 1a                                             	jnz 0x80484ad                                     		EAX=00000000, ECX=00000000, EDX=00000000, EBX=bf9041f0, ESP=bf9041c0, EBP=bf9041d8, ESI=b4f8f000, EDI=b4f8f000
-1	26897	unknown             	080484ad	                                        	83 7d e8 07                                       	cmp dword ptr [ebp-0x18], 0x7                     		EAX=00000000, ECX=00000000, EDX=00000000, EBX=bf9041f0, ESP=bf9041c0, EBP=bf9041d8, ESI=b4f8f000, EDI=b4f8f000
-1	26897	unknown             	080484b1	                                        	75 05                                             	jnz 0x80484b8                                     		EAX=00000000, ECX=00000000, EDX=00000000, EBX=bf9041f0, ESP=bf9041c0, EBP=bf9041d8, ESI=b4f8f000, EDI=b4f8f000
-1	26897	unknown             	080484b8	                                        	83 7d e8 04                                       	cmp dword ptr [ebp-0x18], 0x4                     		EAX=00000000, ECX=00000000, EDX=00000000, EBX=bf9041f0, ESP=bf9041c0, EBP=bf9041d8, ESI=b4f8f000, EDI=b4f8f000
-1	26897	unknown             	080484bc	                                        	75 10                                             	jnz 0x80484ce                                     		EAX=00000000, ECX=00000000, EDX=00000000, EBX=bf9041f0, ESP=bf9041c0, EBP=bf9041d8, ESI=b4f8f000, EDI=b4f8f000
-1	26897	unknown             	080484be	                                        	83 45 f0 02                                       	add dword ptr [ebp-0x10], 0x2                     		EAX=00000000, ECX=00000000, EDX=00000000, EBX=bf9041f0, ESP=bf9041c0, EBP=bf9041d8, ESI=b4f8f000, EDI=b4f8f000
-1	26897	unknown             	080484c2	                                        	c7 45 e8 05 00 00 00                              	mov dword ptr [ebp-0x18], 0x5                     		EAX=00000000, ECX=00000000, EDX=00000000, EBX=bf9041f0, ESP=bf9041c0, EBP=bf9041d8, ESI=b4f8f000, EDI=b4f8f000
-1	26897	unknown             	080484c9	                                        	e9 6d ff ff ff                                    	jmp 0x804843b                                     		EAX=00000000, ECX=00000000, EDX=00000000, EBX=bf9041f0, ESP=bf9041c0, EBP=bf9041d8, ESI=b4f8f000, EDI=b4f8f000
-1	26897	unknown             	0804843b	                                        	83 7d e8 00                                       	cmp dword ptr [ebp-0x18], 0x0                     		EAX=00000000, ECX=00000000, EDX=00000000, EBX=bf9041f0, ESP=bf9041c0, EBP=bf9041d8, ESI=b4f8f000, EDI=b4f8f000
-1	26897	unknown             	0804843f	                                        	75 20                                             	jnz 0x8048461                                     		EAX=00000000, ECX=00000000, EDX=00000000, EBX=bf9041f0, ESP=bf9041c0, EBP=bf9041d8, ESI=b4f8f000, EDI=b4f8f000
-1	26897	unknown             	08048461	                                        	83 7d e8 01                                       	cmp dword ptr [ebp-0x18], 0x1                     		EAX=00000000, ECX=00000000, EDX=00000000, EBX=bf9041f0, ESP=bf9041c0, EBP=bf9041d8, ESI=b4f8f000, EDI=b4f8f000
-1	26897	unknown             	08048465	                                        	75 10                                             	jnz 0x8048477                                     		EAX=00000000, ECX=00000000, EDX=00000000, EBX=bf9041f0, ESP=bf9041c0, EBP=bf9041d8, ESI=b4f8f000, EDI=b4f8f000
-1	26897	unknown             	08048477	                                        	83 7d e8 02                                       	cmp dword ptr [ebp-0x18], 0x2                     		EAX=00000000, ECX=00000000, EDX=00000000, EBX=bf9041f0, ESP=bf9041c0, EBP=bf9041d8, ESI=b4f8f000, EDI=b4f8f000
-1	26897	unknown             	0804847b	                                        	75 10                                             	jnz 0x804848d                                     		EAX=00000000, ECX=00000000, EDX=00000000, EBX=bf9041f0, ESP=bf9041c0, EBP=bf9041d8, ESI=b4f8f000, EDI=b4f8f000
-1	26897	unknown             	0804848d	                                        	83 7d e8 03                                       	cmp dword ptr [ebp-0x18], 0x3                     		EAX=00000000, ECX=00000000, EDX=00000000, EBX=bf9041f0, ESP=bf9041c0, EBP=bf9041d8, ESI=b4f8f000, EDI=b4f8f000
-1	26897	unknown             	08048491	                                        	75 1a                                             	jnz 0x80484ad                                     		EAX=00000000, ECX=00000000, EDX=00000000, EBX=bf9041f0, ESP=bf9041c0, EBP=bf9041d8, ESI=b4f8f000, EDI=b4f8f000
-1	26897	unknown             	080484ad	                                        	83 7d e8 07                                       	cmp dword ptr [ebp-0x18], 0x7                     		EAX=00000000, ECX=00000000, EDX=00000000, EBX=bf9041f0, ESP=bf9041c0, EBP=bf9041d8, ESI=b4f8f000, EDI=b4f8f000
-1	26897	unknown             	080484b1	                                        	75 05                                             	jnz 0x80484b8                                     		EAX=00000000, ECX=00000000, EDX=00000000, EBX=bf9041f0, ESP=bf9041c0, EBP=bf9041d8, ESI=b4f8f000, EDI=b4f8f000
-1	26897	unknown             	080484b8	                                        	83 7d e8 04                                       	cmp dword ptr [ebp-0x18], 0x4                     		EAX=00000000, ECX=00000000, EDX=00000000, EBX=bf9041f0, ESP=bf9041c0, EBP=bf9041d8, ESI=b4f8f000, EDI=b4f8f000
-1	26897	unknown             	080484bc	                                        	75 10                                             	jnz 0x80484ce                                     		EAX=00000000, ECX=00000000, EDX=00000000, EBX=bf9041f0, ESP=bf9041c0, EBP=bf9041d8, ESI=b4f8f000, EDI=b4f8f000
-1	26897	unknown             	080484ce	                                        	83 7d e8 05                                       	cmp dword ptr [ebp-0x18], 0x5                     		EAX=00000000, ECX=00000000, EDX=00000000, EBX=bf9041f0, ESP=bf9041c0, EBP=bf9041d8, ESI=b4f8f000, EDI=b4f8f000
-1	26897	unknown             	080484d2	                                        	75 10                                             	jnz 0x80484e4                                     		EAX=00000000, ECX=00000000, EDX=00000000, EBX=bf9041f0, ESP=bf9041c0, EBP=bf9041d8, ESI=b4f8f000, EDI=b4f8f000
-1	26897	unknown             	080484d4	                                        	83 45 f4 01                                       	add dword ptr [ebp-0xc], 0x1                      		EAX=00000000, ECX=00000000, EDX=00000000, EBX=bf9041f0, ESP=bf9041c0, EBP=bf9041d8, ESI=b4f8f000, EDI=b4f8f000
-1	26897	unknown             	080484d8	                                        	c7 45 e8 06 00 00 00                              	mov dword ptr [ebp-0x18], 0x6                     		EAX=00000000, ECX=00000000, EDX=00000000, EBX=bf9041f0, ESP=bf9041c0, EBP=bf9041d8, ESI=b4f8f000, EDI=b4f8f000
-1	26897	unknown             	080484df	                                        	e9 57 ff ff ff                                    	jmp 0x804843b                                     		EAX=00000000, ECX=00000000, EDX=00000000, EBX=bf9041f0, ESP=bf9041c0, EBP=bf9041d8, ESI=b4f8f000, EDI=b4f8f000
-1	26897	unknown             	0804843b	                                        	83 7d e8 00                                       	cmp dword ptr [ebp-0x18], 0x0                     		EAX=00000000, ECX=00000000, EDX=00000000, EBX=bf9041f0, ESP=bf9041c0, EBP=bf9041d8, ESI=b4f8f000, EDI=b4f8f000
-1	26897	unknown             	0804843f	                                        	75 20                                             	jnz 0x8048461                                     		EAX=00000000, ECX=00000000, EDX=00000000, EBX=bf9041f0, ESP=bf9041c0, EBP=bf9041d8, ESI=b4f8f000, EDI=b4f8f000
-1	26897	unknown             	08048461	                                        	83 7d e8 01                                       	cmp dword ptr [ebp-0x18], 0x1                     		EAX=00000000, ECX=00000000, EDX=00000000, EBX=bf9041f0, ESP=bf9041c0, EBP=bf9041d8, ESI=b4f8f000, EDI=b4f8f000
-1	26897	unknown             	08048465	                                        	75 10                                             	jnz 0x8048477                                     		EAX=00000000, ECX=00000000, EDX=00000000, EBX=bf9041f0, ESP=bf9041c0, EBP=bf9041d8, ESI=b4f8f000, EDI=b4f8f000
-1	26897	unknown             	08048477	                                        	83 7d e8 02                                       	cmp dword ptr [ebp-0x18], 0x2                     		EAX=00000000, ECX=00000000, EDX=00000000, EBX=bf9041f0, ESP=bf9041c0, EBP=bf9041d8, ESI=b4f8f000, EDI=b4f8f000
-1	26897	unknown             	0804847b	                                        	75 10                                             	jnz 0x804848d                                     		EAX=00000000, ECX=00000000, EDX=00000000, EBX=bf9041f0, ESP=bf9041c0, EBP=bf9041d8, ESI=b4f8f000, EDI=b4f8f000
-1	26897	unknown             	0804848d	                                        	83 7d e8 03                                       	cmp dword ptr [ebp-0x18], 0x3                     		EAX=00000000, ECX=00000000, EDX=00000000, EBX=bf9041f0, ESP=bf9041c0, EBP=bf9041d8, ESI=b4f8f000, EDI=b4f8f000
-1	26897	unknown             	08048491	                                        	75 1a                                             	jnz 0x80484ad                                     		EAX=00000000, ECX=00000000, EDX=00000000, EBX=bf9041f0, ESP=bf9041c0, EBP=bf9041d8, ESI=b4f8f000, EDI=b4f8f000
-1	26897	unknown             	080484ad	                                        	83 7d e8 07                                       	cmp dword ptr [ebp-0x18], 0x7                     		EAX=00000000, ECX=00000000, EDX=00000000, EBX=bf9041f0, ESP=bf9041c0, EBP=bf9041d8, ESI=b4f8f000, EDI=b4f8f000
-1	26897	unknown             	080484b1	                                        	75 05                                             	jnz 0x80484b8                                     		EAX=00000000, ECX=00000000, EDX=00000000, EBX=bf9041f0, ESP=bf9041c0, EBP=bf9041d8, ESI=b4f8f000, EDI=b4f8f000
-1	26897	unknown             	080484b8	                                        	83 7d e8 04                                       	cmp dword ptr [ebp-0x18], 0x4                     		EAX=00000000, ECX=00000000, EDX=00000000, EBX=bf9041f0, ESP=bf9041c0, EBP=bf9041d8, ESI=b4f8f000, EDI=b4f8f000
-1	26897	unknown             	080484bc	                                        	75 10                                             	jnz 0x80484ce                                     		EAX=00000000, ECX=00000000, EDX=00000000, EBX=bf9041f0, ESP=bf9041c0, EBP=bf9041d8, ESI=b4f8f000, EDI=b4f8f000
-1	26897	unknown             	080484ce	                                        	83 7d e8 05                                       	cmp dword ptr [ebp-0x18], 0x5                     		EAX=00000000, ECX=00000000, EDX=00000000, EBX=bf9041f0, ESP=bf9041c0, EBP=bf9041d8, ESI=b4f8f000, EDI=b4f8f000
-1	26897	unknown             	080484d2	                                        	75 10                                             	jnz 0x80484e4                                     		EAX=00000000, ECX=00000000, EDX=00000000, EBX=bf9041f0, ESP=bf9041c0, EBP=bf9041d8, ESI=b4f8f000, EDI=b4f8f000
-1	26897	unknown             	080484e4	                                        	83 7d e8 06                                       	cmp dword ptr [ebp-0x18], 0x6                     		EAX=00000000, ECX=00000000, EDX=00000000, EBX=bf9041f0, ESP=bf9041c0, EBP=bf9041d8, ESI=b4f8f000, EDI=b4f8f000
-1	26897	unknown             	080484e8	                                        	0f 85 4d ff ff ff                                 	jnz 0x804843b                                     		EAX=00000000, ECX=00000000, EDX=00000000, EBX=bf9041f0, ESP=bf9041c0, EBP=bf9041d8, ESI=b4f8f000, EDI=b4f8f000
-1	26897	unknown             	080484ee	                                        	c7 45 e8 03 00 00 00                              	mov dword ptr [ebp-0x18], 0x3                     		EAX=00000000, ECX=00000000, EDX=00000000, EBX=bf9041f0, ESP=bf9041c0, EBP=bf9041d8, ESI=b4f8f000, EDI=b4f8f000
-1	26897	unknown             	080484f5	                                        	e9 41 ff ff ff                                    	jmp 0x804843b                                     		EAX=00000000, ECX=00000000, EDX=00000000, EBX=bf9041f0, ESP=bf9041c0, EBP=bf9041d8, ESI=b4f8f000, EDI=b4f8f000
-1	26897	unknown             	0804843b	                                        	83 7d e8 00                                       	cmp dword ptr [ebp-0x18], 0x0                     		EAX=00000000, ECX=00000000, EDX=00000000, EBX=bf9041f0, ESP=bf9041c0, EBP=bf9041d8, ESI=b4f8f000, EDI=b4f8f000
-1	26897	unknown             	0804843f	                                        	75 20                                             	jnz 0x8048461                                     		EAX=00000000, ECX=00000000, EDX=00000000, EBX=bf9041f0, ESP=bf9041c0, EBP=bf9041d8, ESI=b4f8f000, EDI=b4f8f000
-1	26897	unknown             	08048461	                                        	83 7d e8 01                                       	cmp dword ptr [ebp-0x18], 0x1                     		EAX=00000000, ECX=00000000, EDX=00000000, EBX=bf9041f0, ESP=bf9041c0, EBP=bf9041d8, ESI=b4f8f000, EDI=b4f8f000
-1	26897	unknown             	08048465	                                        	75 10                                             	jnz 0x8048477                                     		EAX=00000000, ECX=00000000, EDX=00000000, EBX=bf9041f0, ESP=bf9041c0, EBP=bf9041d8, ESI=b4f8f000, EDI=b4f8f000
-1	26897	unknown             	08048477	                                        	83 7d e8 02                                       	cmp dword ptr [ebp-0x18], 0x2                     		EAX=00000000, ECX=00000000, EDX=00000000, EBX=bf9041f0, ESP=bf9041c0, EBP=bf9041d8, ESI=b4f8f000, EDI=b4f8f000
-1	26897	unknown             	0804847b	                                        	75 10                                             	jnz 0x804848d                                     		EAX=00000000, ECX=00000000, EDX=00000000, EBX=bf9041f0, ESP=bf9041c0, EBP=bf9041d8, ESI=b4f8f000, EDI=b4f8f000
-1	26897	unknown             	0804848d	                                        	83 7d e8 03                                       	cmp dword ptr [ebp-0x18], 0x3                     		EAX=00000000, ECX=00000000, EDX=00000000, EBX=bf9041f0, ESP=bf9041c0, EBP=bf9041d8, ESI=b4f8f000, EDI=b4f8f000
-1	26897	unknown             	08048491	                                        	75 1a                                             	jnz 0x80484ad                                     		EAX=00000000, ECX=00000000, EDX=00000000, EBX=bf9041f0, ESP=bf9041c0, EBP=bf9041d8, ESI=b4f8f000, EDI=b4f8f000
-1	26897	unknown             	08048493	                                        	8b 45 f4                                          	mov eax, dword ptr [ebp-0xc]                      		EAX=00000000, ECX=00000000, EDX=00000000, EBX=bf9041f0, ESP=bf9041c0, EBP=bf9041d8, ESI=b4f8f000, EDI=b4f8f000
-1	26897	unknown             	08048496	                                        	3b 45 ec                                          	cmp eax, dword ptr [ebp-0x14]                     		EAX=00000001, ECX=00000000, EDX=00000000, EBX=bf9041f0, ESP=bf9041c0, EBP=bf9041d8, ESI=b4f8f000, EDI=b4f8f000
-1	26897	unknown             	08048499	                                        	7d 09                                             	jnl 0x80484a4                                     		EAX=00000001, ECX=00000000, EDX=00000000, EBX=bf9041f0, ESP=bf9041c0, EBP=bf9041d8, ESI=b4f8f000, EDI=b4f8f000
-1	26897	unknown             	0804849b	                                        	c7 45 e8 04 00 00 00                              	mov dword ptr [ebp-0x18], 0x4                     		EAX=00000001, ECX=00000000, EDX=00000000, EBX=bf9041f0, ESP=bf9041c0, EBP=bf9041d8, ESI=b4f8f000, EDI=b4f8f000
-1	26897	unknown             	080484a2	                                        	eb 97                                             	jmp 0x804843b                                     		EAX=00000001, ECX=00000000, EDX=00000000, EBX=bf9041f0, ESP=bf9041c0, EBP=bf9041d8, ESI=b4f8f000, EDI=b4f8f000
-1	26897	unknown             	0804843b	                                        	83 7d e8 00                                       	cmp dword ptr [ebp-0x18], 0x0                     		EAX=00000001, ECX=00000000, EDX=00000000, EBX=bf9041f0, ESP=bf9041c0, EBP=bf9041d8, ESI=b4f8f000, EDI=b4f8f000
-1	26897	unknown             	0804843f	                                        	75 20                                             	jnz 0x8048461                                     		EAX=00000001, ECX=00000000, EDX=00000000, EBX=bf9041f0, ESP=bf9041c0, EBP=bf9041d8, ESI=b4f8f000, EDI=b4f8f000
-1	26897	unknown             	08048461	                                        	83 7d e8 01                                       	cmp dword ptr [ebp-0x18], 0x1                     		EAX=00000001, ECX=00000000, EDX=00000000, EBX=bf9041f0, ESP=bf9041c0, EBP=bf9041d8, ESI=b4f8f000, EDI=b4f8f000
-1	26897	unknown             	08048465	                                        	75 10                                             	jnz 0x8048477                                     		EAX=00000001, ECX=00000000, EDX=00000000, EBX=bf9041f0, ESP=bf9041c0, EBP=bf9041d8, ESI=b4f8f000, EDI=b4f8f000
-1	26897	unknown             	08048477	                                        	83 7d e8 02                                       	cmp dword ptr [ebp-0x18], 0x2                     		EAX=00000001, ECX=00000000, EDX=00000000, EBX=bf9041f0, ESP=bf9041c0, EBP=bf9041d8, ESI=b4f8f000, EDI=b4f8f000
-1	26897	unknown             	0804847b	                                        	75 10                                             	jnz 0x804848d                                     		EAX=00000001, ECX=00000000, EDX=00000000, EBX=bf9041f0, ESP=bf9041c0, EBP=bf9041d8, ESI=b4f8f000, EDI=b4f8f000
-1	26897	unknown             	0804848d	                                        	83 7d e8 03                                       	cmp dword ptr [ebp-0x18], 0x3                     		EAX=00000001, ECX=00000000, EDX=00000000, EBX=bf9041f0, ESP=bf9041c0, EBP=bf9041d8, ESI=b4f8f000, EDI=b4f8f000
-1	26897	unknown             	08048491	                                        	75 1a                                             	jnz 0x80484ad                                     		EAX=00000001, ECX=00000000, EDX=00000000, EBX=bf9041f0, ESP=bf9041c0, EBP=bf9041d8, ESI=b4f8f000, EDI=b4f8f000
-1	26897	unknown             	080484ad	                                        	83 7d e8 07                                       	cmp dword ptr [ebp-0x18], 0x7                     		EAX=00000001, ECX=00000000, EDX=00000000, EBX=bf9041f0, ESP=bf9041c0, EBP=bf9041d8, ESI=b4f8f000, EDI=b4f8f000
-1	26897	unknown             	080484b1	                                        	75 05                                             	jnz 0x80484b8                                     		EAX=00000001, ECX=00000000, EDX=00000000, EBX=bf9041f0, ESP=bf9041c0, EBP=bf9041d8, ESI=b4f8f000, EDI=b4f8f000
-1	26897	unknown             	080484b8	                                        	83 7d e8 04                                       	cmp dword ptr [ebp-0x18], 0x4                     		EAX=00000001, ECX=00000000, EDX=00000000, EBX=bf9041f0, ESP=bf9041c0, EBP=bf9041d8, ESI=b4f8f000, EDI=b4f8f000
-1	26897	unknown             	080484bc	                                        	75 10                                             	jnz 0x80484ce                                     		EAX=00000001, ECX=00000000, EDX=00000000, EBX=bf9041f0, ESP=bf9041c0, EBP=bf9041d8, ESI=b4f8f000, EDI=b4f8f000
-1	26897	unknown             	080484be	                                        	83 45 f0 02                                       	add dword ptr [ebp-0x10], 0x2                     		EAX=00000001, ECX=00000000, EDX=00000000, EBX=bf9041f0, ESP=bf9041c0, EBP=bf9041d8, ESI=b4f8f000, EDI=b4f8f000
-1	26897	unknown             	080484c2	                                        	c7 45 e8 05 00 00 00                              	mov dword ptr [ebp-0x18], 0x5                     		EAX=00000001, ECX=00000000, EDX=00000000, EBX=bf9041f0, ESP=bf9041c0, EBP=bf9041d8, ESI=b4f8f000, EDI=b4f8f000
-1	26897	unknown             	080484c9	                                        	e9 6d ff ff ff                                    	jmp 0x804843b                                     		EAX=00000001, ECX=00000000, EDX=00000000, EBX=bf9041f0, ESP=bf9041c0, EBP=bf9041d8, ESI=b4f8f000, EDI=b4f8f000
-1	26897	unknown             	0804843b	                                        	83 7d e8 00                                       	cmp dword ptr [ebp-0x18], 0x0                     		EAX=00000001, ECX=00000000, EDX=00000000, EBX=bf9041f0, ESP=bf9041c0, EBP=bf9041d8, ESI=b4f8f000, EDI=b4f8f000
-1	26897	unknown             	0804843f	                                        	75 20                                             	jnz 0x8048461                                     		EAX=00000001, ECX=00000000, EDX=00000000, EBX=bf9041f0, ESP=bf9041c0, EBP=bf9041d8, ESI=b4f8f000, EDI=b4f8f000
-1	26897	unknown             	08048461	                                        	83 7d e8 01                                       	cmp dword ptr [ebp-0x18], 0x1                     		EAX=00000001, ECX=00000000, EDX=00000000, EBX=bf9041f0, ESP=bf9041c0, EBP=bf9041d8, ESI=b4f8f000, EDI=b4f8f000
-1	26897	unknown             	08048465	                                        	75 10                                             	jnz 0x8048477                                     		EAX=00000001, ECX=00000000, EDX=00000000, EBX=bf9041f0, ESP=bf9041c0, EBP=bf9041d8, ESI=b4f8f000, EDI=b4f8f000
-1	26897	unknown             	08048477	                                        	83 7d e8 02                                       	cmp dword ptr [ebp-0x18], 0x2                     		EAX=00000001, ECX=00000000, EDX=00000000, EBX=bf9041f0, ESP=bf9041c0, EBP=bf9041d8, ESI=b4f8f000, EDI=b4f8f000
-1	26897	unknown             	0804847b	                                        	75 10                                             	jnz 0x804848d                                     		EAX=00000001, ECX=00000000, EDX=00000000, EBX=bf9041f0, ESP=bf9041c0, EBP=bf9041d8, ESI=b4f8f000, EDI=b4f8f000
-1	26897	unknown             	0804848d	                                        	83 7d e8 03                                       	cmp dword ptr [ebp-0x18], 0x3                     		EAX=00000001, ECX=00000000, EDX=00000000, EBX=bf9041f0, ESP=bf9041c0, EBP=bf9041d8, ESI=b4f8f000, EDI=b4f8f000
-1	26897	unknown             	08048491	                                        	75 1a                                             	jnz 0x80484ad                                     		EAX=00000001, ECX=00000000, EDX=00000000, EBX=bf9041f0, ESP=bf9041c0, EBP=bf9041d8, ESI=b4f8f000, EDI=b4f8f000
-1	26897	unknown             	080484ad	                                        	83 7d e8 07                                       	cmp dword ptr [ebp-0x18], 0x7                     		EAX=00000001, ECX=00000000, EDX=00000000, EBX=bf9041f0, ESP=bf9041c0, EBP=bf9041d8, ESI=b4f8f000, EDI=b4f8f000
-1	26897	unknown             	080484b1	                                        	75 05                                             	jnz 0x80484b8                                     		EAX=00000001, ECX=00000000, EDX=00000000, EBX=bf9041f0, ESP=bf9041c0, EBP=bf9041d8, ESI=b4f8f000, EDI=b4f8f000
-1	26897	unknown             	080484b8	                                        	83 7d e8 04                                       	cmp dword ptr [ebp-0x18], 0x4                     		EAX=00000001, ECX=00000000, EDX=00000000, EBX=bf9041f0, ESP=bf9041c0, EBP=bf9041d8, ESI=b4f8f000, EDI=b4f8f000
-1	26897	unknown             	080484bc	                                        	75 10                                             	jnz 0x80484ce                                     		EAX=00000001, ECX=00000000, EDX=00000000, EBX=bf9041f0, ESP=bf9041c0, EBP=bf9041d8, ESI=b4f8f000, EDI=b4f8f000
-1	26897	unknown             	080484ce	                                        	83 7d e8 05                                       	cmp dword ptr [ebp-0x18], 0x5                     		EAX=00000001, ECX=00000000, EDX=00000000, EBX=bf9041f0, ESP=bf9041c0, EBP=bf9041d8, ESI=b4f8f000, EDI=b4f8f000
-1	26897	unknown             	080484d2	                                        	75 10                                             	jnz 0x80484e4                                     		EAX=00000001, ECX=00000000, EDX=00000000, EBX=bf9041f0, ESP=bf9041c0, EBP=bf9041d8, ESI=b4f8f000, EDI=b4f8f000
-1	26897	unknown             	080484d4	                                        	83 45 f4 01                                       	add dword ptr [ebp-0xc], 0x1                      		EAX=00000001, ECX=00000000, EDX=00000000, EBX=bf9041f0, ESP=bf9041c0, EBP=bf9041d8, ESI=b4f8f000, EDI=b4f8f000
-1	26897	unknown             	080484d8	                                        	c7 45 e8 06 00 00 00                              	mov dword ptr [ebp-0x18], 0x6                     		EAX=00000001, ECX=00000000, EDX=00000000, EBX=bf9041f0, ESP=bf9041c0, EBP=bf9041d8, ESI=b4f8f000, EDI=b4f8f000
-1	26897	unknown             	080484df	                                        	e9 57 ff ff ff                                    	jmp 0x804843b                                     		EAX=00000001, ECX=00000000, EDX=00000000, EBX=bf9041f0, ESP=bf9041c0, EBP=bf9041d8, ESI=b4f8f000, EDI=b4f8f000
-1	26897	unknown             	0804843b	                                        	83 7d e8 00                                       	cmp dword ptr [ebp-0x18], 0x0                     		EAX=00000001, ECX=00000000, EDX=00000000, EBX=bf9041f0, ESP=bf9041c0, EBP=bf9041d8, ESI=b4f8f000, EDI=b4f8f000
-1	26897	unknown             	0804843f	                                        	75 20                                             	jnz 0x8048461                                     		EAX=00000001, ECX=00000000, EDX=00000000, EBX=bf9041f0, ESP=bf9041c0, EBP=bf9041d8, ESI=b4f8f000, EDI=b4f8f000
-1	26897	unknown             	08048461	                                        	83 7d e8 01                                       	cmp dword ptr [ebp-0x18], 0x1                     		EAX=00000001, ECX=00000000, EDX=00000000, EBX=bf9041f0, ESP=bf9041c0, EBP=bf9041d8, ESI=b4f8f000, EDI=b4f8f000
-1	26897	unknown             	08048465	                                        	75 10                                             	jnz 0x8048477                                     		EAX=00000001, ECX=00000000, EDX=00000000, EBX=bf9041f0, ESP=bf9041c0, EBP=bf9041d8, ESI=b4f8f000, EDI=b4f8f000
-1	26897	unknown             	08048477	                                        	83 7d e8 02                                       	cmp dword ptr [ebp-0x18], 0x2                     		EAX=00000001, ECX=00000000, EDX=00000000, EBX=bf9041f0, ESP=bf9041c0, EBP=bf9041d8, ESI=b4f8f000, EDI=b4f8f000
-1	26897	unknown             	0804847b	                                        	75 10                                             	jnz 0x804848d                                     		EAX=00000001, ECX=00000000, EDX=00000000, EBX=bf9041f0, ESP=bf9041c0, EBP=bf9041d8, ESI=b4f8f000, EDI=b4f8f000
-1	26897	unknown             	0804848d	                                        	83 7d e8 03                                       	cmp dword ptr [ebp-0x18], 0x3                     		EAX=00000001, ECX=00000000, EDX=00000000, EBX=bf9041f0, ESP=bf9041c0, EBP=bf9041d8, ESI=b4f8f000, EDI=b4f8f000
-1	26897	unknown             	08048491	                                        	75 1a                                             	jnz 0x80484ad                                     		EAX=00000001, ECX=00000000, EDX=00000000, EBX=bf9041f0, ESP=bf9041c0, EBP=bf9041d8, ESI=b4f8f000, EDI=b4f8f000
-1	26897	unknown             	080484ad	                                        	83 7d e8 07                                       	cmp dword ptr [ebp-0x18], 0x7                     		EAX=00000001, ECX=00000000, EDX=00000000, EBX=bf9041f0, ESP=bf9041c0, EBP=bf9041d8, ESI=b4f8f000, EDI=b4f8f000
-1	26897	unknown             	080484b1	                                        	75 05                                             	jnz 0x80484b8                                     		EAX=00000001, ECX=00000000, EDX=00000000, EBX=bf9041f0, ESP=bf9041c0, EBP=bf9041d8, ESI=b4f8f000, EDI=b4f8f000
-1	26897	unknown             	080484b8	                                        	83 7d e8 04                                       	cmp dword ptr [ebp-0x18], 0x4                     		EAX=00000001, ECX=00000000, EDX=00000000, EBX=bf9041f0, ESP=bf9041c0, EBP=bf9041d8, ESI=b4f8f000, EDI=b4f8f000
-1	26897	unknown             	080484bc	                                        	75 10                                             	jnz 0x80484ce                                     		EAX=00000001, ECX=00000000, EDX=00000000, EBX=bf9041f0, ESP=bf9041c0, EBP=bf9041d8, ESI=b4f8f000, EDI=b4f8f000
-1	26897	unknown             	080484ce	                                        	83 7d e8 05                                       	cmp dword ptr [ebp-0x18], 0x5                     		EAX=00000001, ECX=00000000, EDX=00000000, EBX=bf9041f0, ESP=bf9041c0, EBP=bf9041d8, ESI=b4f8f000, EDI=b4f8f000
-1	26897	unknown             	080484d2	                                        	75 10                                             	jnz 0x80484e4                                     		EAX=00000001, ECX=00000000, EDX=00000000, EBX=bf9041f0, ESP=bf9041c0, EBP=bf9041d8, ESI=b4f8f000, EDI=b4f8f000
-1	26897	unknown             	080484e4	                                        	83 7d e8 06                                       	cmp dword ptr [ebp-0x18], 0x6                     		EAX=00000001, ECX=00000000, EDX=00000000, EBX=bf9041f0, ESP=bf9041c0, EBP=bf9041d8, ESI=b4f8f000, EDI=b4f8f000
-1	26897	unknown             	080484e8	                                        	0f 85 4d ff ff ff                                 	jnz 0x804843b                                     		EAX=00000001, ECX=00000000, EDX=00000000, EBX=bf9041f0, ESP=bf9041c0, EBP=bf9041d8, ESI=b4f8f000, EDI=b4f8f000
-1	26897	unknown             	080484ee	                                        	c7 45 e8 03 00 00 00                              	mov dword ptr [ebp-0x18], 0x3                     		EAX=00000001, ECX=00000000, EDX=00000000, EBX=bf9041f0, ESP=bf9041c0, EBP=bf9041d8, ESI=b4f8f000, EDI=b4f8f000
-1	26897	unknown             	080484f5	                                        	e9 41 ff ff ff                                    	jmp 0x804843b                                     		EAX=00000001, ECX=00000000, EDX=00000000, EBX=bf9041f0, ESP=bf9041c0, EBP=bf9041d8, ESI=b4f8f000, EDI=b4f8f000
-1	26897	unknown             	0804843b	                                        	83 7d e8 00                                       	cmp dword ptr [ebp-0x18], 0x0                     		EAX=00000001, ECX=00000000, EDX=00000000, EBX=bf9041f0, ESP=bf9041c0, EBP=bf9041d8, ESI=b4f8f000, EDI=b4f8f000
-1	26897	unknown             	0804843f	                                        	75 20                                             	jnz 0x8048461                                     		EAX=00000001, ECX=00000000, EDX=00000000, EBX=bf9041f0, ESP=bf9041c0, EBP=bf9041d8, ESI=b4f8f000, EDI=b4f8f000
-1	26897	unknown             	08048461	                                        	83 7d e8 01                                       	cmp dword ptr [ebp-0x18], 0x1                     		EAX=00000001, ECX=00000000, EDX=00000000, EBX=bf9041f0, ESP=bf9041c0, EBP=bf9041d8, ESI=b4f8f000, EDI=b4f8f000
-1	26897	unknown             	08048465	                                        	75 10                                             	jnz 0x8048477                                     		EAX=00000001, ECX=00000000, EDX=00000000, EBX=bf9041f0, ESP=bf9041c0, EBP=bf9041d8, ESI=b4f8f000, EDI=b4f8f000
-1	26897	unknown             	08048477	                                        	83 7d e8 02                                       	cmp dword ptr [ebp-0x18], 0x2                     		EAX=00000001, ECX=00000000, EDX=00000000, EBX=bf9041f0, ESP=bf9041c0, EBP=bf9041d8, ESI=b4f8f000, EDI=b4f8f000
-1	26897	unknown             	0804847b	                                        	75 10                                             	jnz 0x804848d                                     		EAX=00000001, ECX=00000000, EDX=00000000, EBX=bf9041f0, ESP=bf9041c0, EBP=bf9041d8, ESI=b4f8f000, EDI=b4f8f000
-1	26897	unknown             	0804848d	                                        	83 7d e8 03                                       	cmp dword ptr [ebp-0x18], 0x3                     		EAX=00000001, ECX=00000000, EDX=00000000, EBX=bf9041f0, ESP=bf9041c0, EBP=bf9041d8, ESI=b4f8f000, EDI=b4f8f000
-1	26897	unknown             	08048491	                                        	75 1a                                             	jnz 0x80484ad                                     		EAX=00000001, ECX=00000000, EDX=00000000, EBX=bf9041f0, ESP=bf9041c0, EBP=bf9041d8, ESI=b4f8f000, EDI=b4f8f000
-1	26897	unknown             	08048493	                                        	8b 45 f4                                          	mov eax, dword ptr [ebp-0xc]                      		EAX=00000001, ECX=00000000, EDX=00000000, EBX=bf9041f0, ESP=bf9041c0, EBP=bf9041d8, ESI=b4f8f000, EDI=b4f8f000
-1	26897	unknown             	08048496	                                        	3b 45 ec                                          	cmp eax, dword ptr [ebp-0x14]                     		EAX=00000002, ECX=00000000, EDX=00000000, EBX=bf9041f0, ESP=bf9041c0, EBP=bf9041d8, ESI=b4f8f000, EDI=b4f8f000
-1	26897	unknown             	08048499	                                        	7d 09                                             	jnl 0x80484a4                                     		EAX=00000002, ECX=00000000, EDX=00000000, EBX=bf9041f0, ESP=bf9041c0, EBP=bf9041d8, ESI=b4f8f000, EDI=b4f8f000
-1	26897	unknown             	0804849b	                                        	c7 45 e8 04 00 00 00                              	mov dword ptr [ebp-0x18], 0x4                     		EAX=00000002, ECX=00000000, EDX=00000000, EBX=bf9041f0, ESP=bf9041c0, EBP=bf9041d8, ESI=b4f8f000, EDI=b4f8f000
-1	26897	unknown             	080484a2	                                        	eb 97                                             	jmp 0x804843b                                     		EAX=00000002, ECX=00000000, EDX=00000000, EBX=bf9041f0, ESP=bf9041c0, EBP=bf9041d8, ESI=b4f8f000, EDI=b4f8f000
-1	26897	unknown             	0804843b	                                        	83 7d e8 00                                       	cmp dword ptr [ebp-0x18], 0x0                     		EAX=00000002, ECX=00000000, EDX=00000000, EBX=bf9041f0, ESP=bf9041c0, EBP=bf9041d8, ESI=b4f8f000, EDI=b4f8f000
-1	26897	unknown             	0804843f	                                        	75 20                                             	jnz 0x8048461                                     		EAX=00000002, ECX=00000000, EDX=00000000, EBX=bf9041f0, ESP=bf9041c0, EBP=bf9041d8, ESI=b4f8f000, EDI=b4f8f000
-1	26897	unknown             	08048461	                                        	83 7d e8 01                                       	cmp dword ptr [ebp-0x18], 0x1                     		EAX=00000002, ECX=00000000, EDX=00000000, EBX=bf9041f0, ESP=bf9041c0, EBP=bf9041d8, ESI=b4f8f000, EDI=b4f8f000
-1	26897	unknown             	08048465	                                        	75 10                                             	jnz 0x8048477                                     		EAX=00000002, ECX=00000000, EDX=00000000, EBX=bf9041f0, ESP=bf9041c0, EBP=bf9041d8, ESI=b4f8f000, EDI=b4f8f000
-1	26897	unknown             	08048477	                                        	83 7d e8 02                                       	cmp dword ptr [ebp-0x18], 0x2                     		EAX=00000002, ECX=00000000, EDX=00000000, EBX=bf9041f0, ESP=bf9041c0, EBP=bf9041d8, ESI=b4f8f000, EDI=b4f8f000
-1	26897	unknown             	0804847b	                                        	75 10                                             	jnz 0x804848d                                     		EAX=00000002, ECX=00000000, EDX=00000000, EBX=bf9041f0, ESP=bf9041c0, EBP=bf9041d8, ESI=b4f8f000, EDI=b4f8f000
-1	26897	unknown             	0804848d	                                        	83 7d e8 03                                       	cmp dword ptr [ebp-0x18], 0x3                     		EAX=00000002, ECX=00000000, EDX=00000000, EBX=bf9041f0, ESP=bf9041c0, EBP=bf9041d8, ESI=b4f8f000, EDI=b4f8f000
-1	26897	unknown             	08048491	                                        	75 1a                                             	jnz 0x80484ad                                     		EAX=00000002, ECX=00000000, EDX=00000000, EBX=bf9041f0, ESP=bf9041c0, EBP=bf9041d8, ESI=b4f8f000, EDI=b4f8f000
-1	26897	unknown             	080484ad	                                        	83 7d e8 07                                       	cmp dword ptr [ebp-0x18], 0x7                     		EAX=00000002, ECX=00000000, EDX=00000000, EBX=bf9041f0, ESP=bf9041c0, EBP=bf9041d8, ESI=b4f8f000, EDI=b4f8f000
-1	26897	unknown             	080484b1	                                        	75 05                                             	jnz 0x80484b8                                     		EAX=00000002, ECX=00000000, EDX=00000000, EBX=bf9041f0, ESP=bf9041c0, EBP=bf9041d8, ESI=b4f8f000, EDI=b4f8f000
-1	26897	unknown             	080484b8	                                        	83 7d e8 04                                       	cmp dword ptr [ebp-0x18], 0x4                     		EAX=00000002, ECX=00000000, EDX=00000000, EBX=bf9041f0, ESP=bf9041c0, EBP=bf9041d8, ESI=b4f8f000, EDI=b4f8f000
-1	26897	unknown             	080484bc	                                        	75 10                                             	jnz 0x80484ce                                     		EAX=00000002, ECX=00000000, EDX=00000000, EBX=bf9041f0, ESP=bf9041c0, EBP=bf9041d8, ESI=b4f8f000, EDI=b4f8f000
-1	26897	unknown             	080484be	                                        	83 45 f0 02                                       	add dword ptr [ebp-0x10], 0x2                     		EAX=00000002, ECX=00000000, EDX=00000000, EBX=bf9041f0, ESP=bf9041c0, EBP=bf9041d8, ESI=b4f8f000, EDI=b4f8f000
-1	26897	unknown             	080484c2	                                        	c7 45 e8 05 00 00 00                              	mov dword ptr [ebp-0x18], 0x5                     		EAX=00000002, ECX=00000000, EDX=00000000, EBX=bf9041f0, ESP=bf9041c0, EBP=bf9041d8, ESI=b4f8f000, EDI=b4f8f000
-1	26897	unknown             	080484c9	                                        	e9 6d ff ff ff                                    	jmp 0x804843b                                     		EAX=00000002, ECX=00000000, EDX=00000000, EBX=bf9041f0, ESP=bf9041c0, EBP=bf9041d8, ESI=b4f8f000, EDI=b4f8f000
-1	26897	unknown             	0804843b	                                        	83 7d e8 00                                       	cmp dword ptr [ebp-0x18], 0x0                     		EAX=00000002, ECX=00000000, EDX=00000000, EBX=bf9041f0, ESP=bf9041c0, EBP=bf9041d8, ESI=b4f8f000, EDI=b4f8f000
-1	26897	unknown             	0804843f	                                        	75 20                                             	jnz 0x8048461                                     		EAX=00000002, ECX=00000000, EDX=00000000, EBX=bf9041f0, ESP=bf9041c0, EBP=bf9041d8, ESI=b4f8f000, EDI=b4f8f000
-1	26897	unknown             	08048461	                                        	83 7d e8 01                                       	cmp dword ptr [ebp-0x18], 0x1                     		EAX=00000002, ECX=00000000, EDX=00000000, EBX=bf9041f0, ESP=bf9041c0, EBP=bf9041d8, ESI=b4f8f000, EDI=b4f8f000
-1	26897	unknown             	08048465	                                        	75 10                                             	jnz 0x8048477                                     		EAX=00000002, ECX=00000000, EDX=00000000, EBX=bf9041f0, ESP=bf9041c0, EBP=bf9041d8, ESI=b4f8f000, EDI=b4f8f000
-1	26897	unknown             	08048477	                                        	83 7d e8 02                                       	cmp dword ptr [ebp-0x18], 0x2                     		EAX=00000002, ECX=00000000, EDX=00000000, EBX=bf9041f0, ESP=bf9041c0, EBP=bf9041d8, ESI=b4f8f000, EDI=b4f8f000
-1	26897	unknown             	0804847b	                                        	75 10                                             	jnz 0x804848d                                     		EAX=00000002, ECX=00000000, EDX=00000000, EBX=bf9041f0, ESP=bf9041c0, EBP=bf9041d8, ESI=b4f8f000, EDI=b4f8f000
-1	26897	unknown             	0804848d	                                        	83 7d e8 03                                       	cmp dword ptr [ebp-0x18], 0x3                     		EAX=00000002, ECX=00000000, EDX=00000000, EBX=bf9041f0, ESP=bf9041c0, EBP=bf9041d8, ESI=b4f8f000, EDI=b4f8f000
-1	26897	unknown             	08048491	                                        	75 1a                                             	jnz 0x80484ad                                     		EAX=00000002, ECX=00000000, EDX=00000000, EBX=bf9041f0, ESP=bf9041c0, EBP=bf9041d8, ESI=b4f8f000, EDI=b4f8f000
-1	26897	unknown             	080484ad	                                        	83 7d e8 07                                       	cmp dword ptr [ebp-0x18], 0x7                     		EAX=00000002, ECX=00000000, EDX=00000000, EBX=bf9041f0, ESP=bf9041c0, EBP=bf9041d8, ESI=b4f8f000, EDI=b4f8f000
-1	26897	unknown             	080484b1	                                        	75 05                                             	jnz 0x80484b8                                     		EAX=00000002, ECX=00000000, EDX=00000000, EBX=bf9041f0, ESP=bf9041c0, EBP=bf9041d8, ESI=b4f8f000, EDI=b4f8f000
-1	26897	unknown             	080484b8	                                        	83 7d e8 04                                       	cmp dword ptr [ebp-0x18], 0x4                     		EAX=00000002, ECX=00000000, EDX=00000000, EBX=bf9041f0, ESP=bf9041c0, EBP=bf9041d8, ESI=b4f8f000, EDI=b4f8f000
-1	26897	unknown             	080484bc	                                        	75 10                                             	jnz 0x80484ce                                     		EAX=00000002, ECX=00000000, EDX=00000000, EBX=bf9041f0, ESP=bf9041c0, EBP=bf9041d8, ESI=b4f8f000, EDI=b4f8f000
-1	26897	unknown             	080484ce	                                        	83 7d e8 05                                       	cmp dword ptr [ebp-0x18], 0x5                     		EAX=00000002, ECX=00000000, EDX=00000000, EBX=bf9041f0, ESP=bf9041c0, EBP=bf9041d8, ESI=b4f8f000, EDI=b4f8f000
-1	26897	unknown             	080484d2	                                        	75 10                                             	jnz 0x80484e4                                     		EAX=00000002, ECX=00000000, EDX=00000000, EBX=bf9041f0, ESP=bf9041c0, EBP=bf9041d8, ESI=b4f8f000, EDI=b4f8f000
-1	26897	unknown             	080484d4	                                        	83 45 f4 01                                       	add dword ptr [ebp-0xc], 0x1                      		EAX=00000002, ECX=00000000, EDX=00000000, EBX=bf9041f0, ESP=bf9041c0, EBP=bf9041d8, ESI=b4f8f000, EDI=b4f8f000
-1	26897	unknown             	080484d8	                                        	c7 45 e8 06 00 00 00                              	mov dword ptr [ebp-0x18], 0x6                     		EAX=00000002, ECX=00000000, EDX=00000000, EBX=bf9041f0, ESP=bf9041c0, EBP=bf9041d8, ESI=b4f8f000, EDI=b4f8f000
-1	26897	unknown             	080484df	                                        	e9 57 ff ff ff                                    	jmp 0x804843b                                     		EAX=00000002, ECX=00000000, EDX=00000000, EBX=bf9041f0, ESP=bf9041c0, EBP=bf9041d8, ESI=b4f8f000, EDI=b4f8f000
-1	26897	unknown             	0804843b	                                        	83 7d e8 00                                       	cmp dword ptr [ebp-0x18], 0x0                     		EAX=00000002, ECX=00000000, EDX=00000000, EBX=bf9041f0, ESP=bf9041c0, EBP=bf9041d8, ESI=b4f8f000, EDI=b4f8f000
-1	26897	unknown             	0804843f	                                        	75 20                                             	jnz 0x8048461                                     		EAX=00000002, ECX=00000000, EDX=00000000, EBX=bf9041f0, ESP=bf9041c0, EBP=bf9041d8, ESI=b4f8f000, EDI=b4f8f000
-1	26897	unknown             	08048461	                                        	83 7d e8 01                                       	cmp dword ptr [ebp-0x18], 0x1                     		EAX=00000002, ECX=00000000, EDX=00000000, EBX=bf9041f0, ESP=bf9041c0, EBP=bf9041d8, ESI=b4f8f000, EDI=b4f8f000
-1	26897	unknown             	08048465	                                        	75 10                                             	jnz 0x8048477                                     		EAX=00000002, ECX=00000000, EDX=00000000, EBX=bf9041f0, ESP=bf9041c0, EBP=bf9041d8, ESI=b4f8f000, EDI=b4f8f000
-1	26897	unknown             	08048477	                                        	83 7d e8 02                                       	cmp dword ptr [ebp-0x18], 0x2                     		EAX=00000002, ECX=00000000, EDX=00000000, EBX=bf9041f0, ESP=bf9041c0, EBP=bf9041d8, ESI=b4f8f000, EDI=b4f8f000
-1	26897	unknown             	0804847b	                                        	75 10                                             	jnz 0x804848d                                     		EAX=00000002, ECX=00000000, EDX=00000000, EBX=bf9041f0, ESP=bf9041c0, EBP=bf9041d8, ESI=b4f8f000, EDI=b4f8f000
-1	26897	unknown             	0804848d	                                        	83 7d e8 03                                       	cmp dword ptr [ebp-0x18], 0x3                     		EAX=00000002, ECX=00000000, EDX=00000000, EBX=bf9041f0, ESP=bf9041c0, EBP=bf9041d8, ESI=b4f8f000, EDI=b4f8f000
-1	26897	unknown             	08048491	                                        	75 1a                                             	jnz 0x80484ad                                     		EAX=00000002, ECX=00000000, EDX=00000000, EBX=bf9041f0, ESP=bf9041c0, EBP=bf9041d8, ESI=b4f8f000, EDI=b4f8f000
-1	26897	unknown             	080484ad	                                        	83 7d e8 07                                       	cmp dword ptr [ebp-0x18], 0x7                     		EAX=00000002, ECX=00000000, EDX=00000000, EBX=bf9041f0, ESP=bf9041c0, EBP=bf9041d8, ESI=b4f8f000, EDI=b4f8f000
-1	26897	unknown             	080484b1	                                        	75 05                                             	jnz 0x80484b8                                     		EAX=00000002, ECX=00000000, EDX=00000000, EBX=bf9041f0, ESP=bf9041c0, EBP=bf9041d8, ESI=b4f8f000, EDI=b4f8f000
-1	26897	unknown             	080484b8	                                        	83 7d e8 04                                       	cmp dword ptr [ebp-0x18], 0x4                     		EAX=00000002, ECX=00000000, EDX=00000000, EBX=bf9041f0, ESP=bf9041c0, EBP=bf9041d8, ESI=b4f8f000, EDI=b4f8f000
-1	26897	unknown             	080484bc	                                        	75 10                                             	jnz 0x80484ce                                     		EAX=00000002, ECX=00000000, EDX=00000000, EBX=bf9041f0, ESP=bf9041c0, EBP=bf9041d8, ESI=b4f8f000, EDI=b4f8f000
-1	26897	unknown             	080484ce	                                        	83 7d e8 05                                       	cmp dword ptr [ebp-0x18], 0x5                     		EAX=00000002, ECX=00000000, EDX=00000000, EBX=bf9041f0, ESP=bf9041c0, EBP=bf9041d8, ESI=b4f8f000, EDI=b4f8f000
-1	26897	unknown             	080484d2	                                        	75 10                                             	jnz 0x80484e4                                     		EAX=00000002, ECX=00000000, EDX=00000000, EBX=bf9041f0, ESP=bf9041c0, EBP=bf9041d8, ESI=b4f8f000, EDI=b4f8f000
-1	26897	unknown             	080484e4	                                        	83 7d e8 06                                       	cmp dword ptr [ebp-0x18], 0x6                     		EAX=00000002, ECX=00000000, EDX=00000000, EBX=bf9041f0, ESP=bf9041c0, EBP=bf9041d8, ESI=b4f8f000, EDI=b4f8f000
-1	26897	unknown             	080484e8	                                        	0f 85 4d ff ff ff                                 	jnz 0x804843b                                     		EAX=00000002, ECX=00000000, EDX=00000000, EBX=bf9041f0, ESP=bf9041c0, EBP=bf9041d8, ESI=b4f8f000, EDI=b4f8f000
-1	26897	unknown             	080484ee	                                        	c7 45 e8 03 00 00 00                              	mov dword ptr [ebp-0x18], 0x3                     		EAX=00000002, ECX=00000000, EDX=00000000, EBX=bf9041f0, ESP=bf9041c0, EBP=bf9041d8, ESI=b4f8f000, EDI=b4f8f000
-1	26897	unknown             	080484f5	                                        	e9 41 ff ff ff                                    	jmp 0x804843b                                     		EAX=00000002, ECX=00000000, EDX=00000000, EBX=bf9041f0, ESP=bf9041c0, EBP=bf9041d8, ESI=b4f8f000, EDI=b4f8f000
-1	26897	unknown             	0804843b	                                        	83 7d e8 00                                       	cmp dword ptr [ebp-0x18], 0x0                     		EAX=00000002, ECX=00000000, EDX=00000000, EBX=bf9041f0, ESP=bf9041c0, EBP=bf9041d8, ESI=b4f8f000, EDI=b4f8f000
-1	26897	unknown             	0804843f	                                        	75 20                                             	jnz 0x8048461                                     		EAX=00000002, ECX=00000000, EDX=00000000, EBX=bf9041f0, ESP=bf9041c0, EBP=bf9041d8, ESI=b4f8f000, EDI=b4f8f000
-1	26897	unknown             	08048461	                                        	83 7d e8 01                                       	cmp dword ptr [ebp-0x18], 0x1                     		EAX=00000002, ECX=00000000, EDX=00000000, EBX=bf9041f0, ESP=bf9041c0, EBP=bf9041d8, ESI=b4f8f000, EDI=b4f8f000
-1	26897	unknown             	08048465	                                        	75 10                                             	jnz 0x8048477                                     		EAX=00000002, ECX=00000000, EDX=00000000, EBX=bf9041f0, ESP=bf9041c0, EBP=bf9041d8, ESI=b4f8f000, EDI=b4f8f000
-1	26897	unknown             	08048477	                                        	83 7d e8 02                                       	cmp dword ptr [ebp-0x18], 0x2                     		EAX=00000002, ECX=00000000, EDX=00000000, EBX=bf9041f0, ESP=bf9041c0, EBP=bf9041d8, ESI=b4f8f000, EDI=b4f8f000
-1	26897	unknown             	0804847b	                                        	75 10                                             	jnz 0x804848d                                     		EAX=00000002, ECX=00000000, EDX=00000000, EBX=bf9041f0, ESP=bf9041c0, EBP=bf9041d8, ESI=b4f8f000, EDI=b4f8f000
-1	26897	unknown             	0804848d	                                        	83 7d e8 03                                       	cmp dword ptr [ebp-0x18], 0x3                     		EAX=00000002, ECX=00000000, EDX=00000000, EBX=bf9041f0, ESP=bf9041c0, EBP=bf9041d8, ESI=b4f8f000, EDI=b4f8f000
-1	26897	unknown             	08048491	                                        	75 1a                                             	jnz 0x80484ad                                     		EAX=00000002, ECX=00000000, EDX=00000000, EBX=bf9041f0, ESP=bf9041c0, EBP=bf9041d8, ESI=b4f8f000, EDI=b4f8f000
-1	26897	unknown             	08048493	                                        	8b 45 f4                                          	mov eax, dword ptr [ebp-0xc]                      		EAX=00000002, ECX=00000000, EDX=00000000, EBX=bf9041f0, ESP=bf9041c0, EBP=bf9041d8, ESI=b4f8f000, EDI=b4f8f000
-1	26897	unknown             	08048496	                                        	3b 45 ec                                          	cmp eax, dword ptr [ebp-0x14]                     		EAX=00000003, ECX=00000000, EDX=00000000, EBX=bf9041f0, ESP=bf9041c0, EBP=bf9041d8, ESI=b4f8f000, EDI=b4f8f000
-1	26897	unknown             	08048499	                                        	7d 09                                             	jnl 0x80484a4                                     		EAX=00000003, ECX=00000000, EDX=00000000, EBX=bf9041f0, ESP=bf9041c0, EBP=bf9041d8, ESI=b4f8f000, EDI=b4f8f000
-1	26897	unknown             	0804849b	                                        	c7 45 e8 04 00 00 00                              	mov dword ptr [ebp-0x18], 0x4                     		EAX=00000003, ECX=00000000, EDX=00000000, EBX=bf9041f0, ESP=bf9041c0, EBP=bf9041d8, ESI=b4f8f000, EDI=b4f8f000
-1	26897	unknown             	080484a2	                                        	eb 97                                             	jmp 0x804843b                                     		EAX=00000003, ECX=00000000, EDX=00000000, EBX=bf9041f0, ESP=bf9041c0, EBP=bf9041d8, ESI=b4f8f000, EDI=b4f8f000
-1	26897	unknown             	0804843b	                                        	83 7d e8 00                                       	cmp dword ptr [ebp-0x18], 0x0                     		EAX=00000003, ECX=00000000, EDX=00000000, EBX=bf9041f0, ESP=bf9041c0, EBP=bf9041d8, ESI=b4f8f000, EDI=b4f8f000
-1	26897	unknown             	0804843f	                                        	75 20                                             	jnz 0x8048461                                     		EAX=00000003, ECX=00000000, EDX=00000000, EBX=bf9041f0, ESP=bf9041c0, EBP=bf9041d8, ESI=b4f8f000, EDI=b4f8f000
-1	26897	unknown             	08048461	                                        	83 7d e8 01                                       	cmp dword ptr [ebp-0x18], 0x1                     		EAX=00000003, ECX=00000000, EDX=00000000, EBX=bf9041f0, ESP=bf9041c0, EBP=bf9041d8, ESI=b4f8f000, EDI=b4f8f000
-1	26897	unknown             	08048465	                                        	75 10                                             	jnz 0x8048477                                     		EAX=00000003, ECX=00000000, EDX=00000000, EBX=bf9041f0, ESP=bf9041c0, EBP=bf9041d8, ESI=b4f8f000, EDI=b4f8f000
-1	26897	unknown             	08048477	                                        	83 7d e8 02                                       	cmp dword ptr [ebp-0x18], 0x2                     		EAX=00000003, ECX=00000000, EDX=00000000, EBX=bf9041f0, ESP=bf9041c0, EBP=bf9041d8, ESI=b4f8f000, EDI=b4f8f000
-1	26897	unknown             	0804847b	                                        	75 10                                             	jnz 0x804848d                                     		EAX=00000003, ECX=00000000, EDX=00000000, EBX=bf9041f0, ESP=bf9041c0, EBP=bf9041d8, ESI=b4f8f000, EDI=b4f8f000
-1	26897	unknown             	0804848d	                                        	83 7d e8 03                                       	cmp dword ptr [ebp-0x18], 0x3                     		EAX=00000003, ECX=00000000, EDX=00000000, EBX=bf9041f0, ESP=bf9041c0, EBP=bf9041d8, ESI=b4f8f000, EDI=b4f8f000
-1	26897	unknown             	08048491	                                        	75 1a                                             	jnz 0x80484ad                                     		EAX=00000003, ECX=00000000, EDX=00000000, EBX=bf9041f0, ESP=bf9041c0, EBP=bf9041d8, ESI=b4f8f000, EDI=b4f8f000
-1	26897	unknown             	080484ad	                                        	83 7d e8 07                                       	cmp dword ptr [ebp-0x18], 0x7                     		EAX=00000003, ECX=00000000, EDX=00000000, EBX=bf9041f0, ESP=bf9041c0, EBP=bf9041d8, ESI=b4f8f000, EDI=b4f8f000
-1	26897	unknown             	080484b1	                                        	75 05                                             	jnz 0x80484b8                                     		EAX=00000003, ECX=00000000, EDX=00000000, EBX=bf9041f0, ESP=bf9041c0, EBP=bf9041d8, ESI=b4f8f000, EDI=b4f8f000
-1	26897	unknown             	080484b8	                                        	83 7d e8 04                                       	cmp dword ptr [ebp-0x18], 0x4                     		EAX=00000003, ECX=00000000, EDX=00000000, EBX=bf9041f0, ESP=bf9041c0, EBP=bf9041d8, ESI=b4f8f000, EDI=b4f8f000
-1	26897	unknown             	080484bc	                                        	75 10                                             	jnz 0x80484ce                                     		EAX=00000003, ECX=00000000, EDX=00000000, EBX=bf9041f0, ESP=bf9041c0, EBP=bf9041d8, ESI=b4f8f000, EDI=b4f8f000
-1	26897	unknown             	080484be	                                        	83 45 f0 02                                       	add dword ptr [ebp-0x10], 0x2                     		EAX=00000003, ECX=00000000, EDX=00000000, EBX=bf9041f0, ESP=bf9041c0, EBP=bf9041d8, ESI=b4f8f000, EDI=b4f8f000
-1	26897	unknown             	080484c2	                                        	c7 45 e8 05 00 00 00                              	mov dword ptr [ebp-0x18], 0x5                     		EAX=00000003, ECX=00000000, EDX=00000000, EBX=bf9041f0, ESP=bf9041c0, EBP=bf9041d8, ESI=b4f8f000, EDI=b4f8f000
-1	26897	unknown             	080484c9	                                        	e9 6d ff ff ff                                    	jmp 0x804843b                                     		EAX=00000003, ECX=00000000, EDX=00000000, EBX=bf9041f0, ESP=bf9041c0, EBP=bf9041d8, ESI=b4f8f000, EDI=b4f8f000
-1	26897	unknown             	0804843b	                                        	83 7d e8 00                                       	cmp dword ptr [ebp-0x18], 0x0                     		EAX=00000003, ECX=00000000, EDX=00000000, EBX=bf9041f0, ESP=bf9041c0, EBP=bf9041d8, ESI=b4f8f000, EDI=b4f8f000
-1	26897	unknown             	0804843f	                                        	75 20                                             	jnz 0x8048461                                     		EAX=00000003, ECX=00000000, EDX=00000000, EBX=bf9041f0, ESP=bf9041c0, EBP=bf9041d8, ESI=b4f8f000, EDI=b4f8f000
-1	26897	unknown             	08048461	                                        	83 7d e8 01                                       	cmp dword ptr [ebp-0x18], 0x1                     		EAX=00000003, ECX=00000000, EDX=00000000, EBX=bf9041f0, ESP=bf9041c0, EBP=bf9041d8, ESI=b4f8f000, EDI=b4f8f000
-1	26897	unknown             	08048465	                                        	75 10                                             	jnz 0x8048477                                     		EAX=00000003, ECX=00000000, EDX=00000000, EBX=bf9041f0, ESP=bf9041c0, EBP=bf9041d8, ESI=b4f8f000, EDI=b4f8f000
-1	26897	unknown             	08048477	                                        	83 7d e8 02                                       	cmp dword ptr [ebp-0x18], 0x2                     		EAX=00000003, ECX=00000000, EDX=00000000, EBX=bf9041f0, ESP=bf9041c0, EBP=bf9041d8, ESI=b4f8f000, EDI=b4f8f000
-1	26897	unknown             	0804847b	                                        	75 10                                             	jnz 0x804848d                                     		EAX=00000003, ECX=00000000, EDX=00000000, EBX=bf9041f0, ESP=bf9041c0, EBP=bf9041d8, ESI=b4f8f000, EDI=b4f8f000
-1	26897	unknown             	0804848d	                                        	83 7d e8 03                                       	cmp dword ptr [ebp-0x18], 0x3                     		EAX=00000003, ECX=00000000, EDX=00000000, EBX=bf9041f0, ESP=bf9041c0, EBP=bf9041d8, ESI=b4f8f000, EDI=b4f8f000
-1	26897	unknown             	08048491	                                        	75 1a                                             	jnz 0x80484ad                                     		EAX=00000003, ECX=00000000, EDX=00000000, EBX=bf9041f0, ESP=bf9041c0, EBP=bf9041d8, ESI=b4f8f000, EDI=b4f8f000
-1	26897	unknown             	080484ad	                                        	83 7d e8 07                                       	cmp dword ptr [ebp-0x18], 0x7                     		EAX=00000003, ECX=00000000, EDX=00000000, EBX=bf9041f0, ESP=bf9041c0, EBP=bf9041d8, ESI=b4f8f000, EDI=b4f8f000
-1	26897	unknown             	080484b1	                                        	75 05                                             	jnz 0x80484b8                                     		EAX=00000003, ECX=00000000, EDX=00000000, EBX=bf9041f0, ESP=bf9041c0, EBP=bf9041d8, ESI=b4f8f000, EDI=b4f8f000
-1	26897	unknown             	080484b8	                                        	83 7d e8 04                                       	cmp dword ptr [ebp-0x18], 0x4                     		EAX=00000003, ECX=00000000, EDX=00000000, EBX=bf9041f0, ESP=bf9041c0, EBP=bf9041d8, ESI=b4f8f000, EDI=b4f8f000
-1	26897	unknown             	080484bc	                                        	75 10                                             	jnz 0x80484ce                                     		EAX=00000003, ECX=00000000, EDX=00000000, EBX=bf9041f0, ESP=bf9041c0, EBP=bf9041d8, ESI=b4f8f000, EDI=b4f8f000
-1	26897	unknown             	080484ce	                                        	83 7d e8 05                                       	cmp dword ptr [ebp-0x18], 0x5                     		EAX=00000003, ECX=00000000, EDX=00000000, EBX=bf9041f0, ESP=bf9041c0, EBP=bf9041d8, ESI=b4f8f000, EDI=b4f8f000
-1	26897	unknown             	080484d2	                                        	75 10                                             	jnz 0x80484e4                                     		EAX=00000003, ECX=00000000, EDX=00000000, EBX=bf9041f0, ESP=bf9041c0, EBP=bf9041d8, ESI=b4f8f000, EDI=b4f8f000
-1	26897	unknown             	080484d4	                                        	83 45 f4 01                                       	add dword ptr [ebp-0xc], 0x1                      		EAX=00000003, ECX=00000000, EDX=00000000, EBX=bf9041f0, ESP=bf9041c0, EBP=bf9041d8, ESI=b4f8f000, EDI=b4f8f000
-1	26897	unknown             	080484d8	                                        	c7 45 e8 06 00 00 00                              	mov dword ptr [ebp-0x18], 0x6                     		EAX=00000003, ECX=00000000, EDX=00000000, EBX=bf9041f0, ESP=bf9041c0, EBP=bf9041d8, ESI=b4f8f000, EDI=b4f8f000
-1	26897	unknown             	080484df	                                        	e9 57 ff ff ff                                    	jmp 0x804843b                                     		EAX=00000003, ECX=00000000, EDX=00000000, EBX=bf9041f0, ESP=bf9041c0, EBP=bf9041d8, ESI=b4f8f000, EDI=b4f8f000
-1	26897	unknown             	0804843b	                                        	83 7d e8 00                                       	cmp dword ptr [ebp-0x18], 0x0                     		EAX=00000003, ECX=00000000, EDX=00000000, EBX=bf9041f0, ESP=bf9041c0, EBP=bf9041d8, ESI=b4f8f000, EDI=b4f8f000
-1	26897	unknown             	0804843f	                                        	75 20                                             	jnz 0x8048461                                     		EAX=00000003, ECX=00000000, EDX=00000000, EBX=bf9041f0, ESP=bf9041c0, EBP=bf9041d8, ESI=b4f8f000, EDI=b4f8f000
-1	26897	unknown             	08048461	                                        	83 7d e8 01                                       	cmp dword ptr [ebp-0x18], 0x1                     		EAX=00000003, ECX=00000000, EDX=00000000, EBX=bf9041f0, ESP=bf9041c0, EBP=bf9041d8, ESI=b4f8f000, EDI=b4f8f000
-1	26897	unknown             	08048465	                                        	75 10                                             	jnz 0x8048477                                     		EAX=00000003, ECX=00000000, EDX=00000000, EBX=bf9041f0, ESP=bf9041c0, EBP=bf9041d8, ESI=b4f8f000, EDI=b4f8f000
-1	26897	unknown             	08048477	                                        	83 7d e8 02                                       	cmp dword ptr [ebp-0x18], 0x2                     		EAX=00000003, ECX=00000000, EDX=00000000, EBX=bf9041f0, ESP=bf9041c0, EBP=bf9041d8, ESI=b4f8f000, EDI=b4f8f000
-1	26897	unknown             	0804847b	                                        	75 10                                             	jnz 0x804848d                                     		EAX=00000003, ECX=00000000, EDX=00000000, EBX=bf9041f0, ESP=bf9041c0, EBP=bf9041d8, ESI=b4f8f000, EDI=b4f8f000
-1	26897	unknown             	0804848d	                                        	83 7d e8 03                                       	cmp dword ptr [ebp-0x18], 0x3                     		EAX=00000003, ECX=00000000, EDX=00000000, EBX=bf9041f0, ESP=bf9041c0, EBP=bf9041d8, ESI=b4f8f000, EDI=b4f8f000
-1	26897	unknown             	08048491	                                        	75 1a                                             	jnz 0x80484ad                                     		EAX=00000003, ECX=00000000, EDX=00000000, EBX=bf9041f0, ESP=bf9041c0, EBP=bf9041d8, ESI=b4f8f000, EDI=b4f8f000
-1	26897	unknown             	080484ad	                                        	83 7d e8 07                                       	cmp dword ptr [ebp-0x18], 0x7                     		EAX=00000003, ECX=00000000, EDX=00000000, EBX=bf9041f0, ESP=bf9041c0, EBP=bf9041d8, ESI=b4f8f000, EDI=b4f8f000
-1	26897	unknown             	080484b1	                                        	75 05                                             	jnz 0x80484b8                                     		EAX=00000003, ECX=00000000, EDX=00000000, EBX=bf9041f0, ESP=bf9041c0, EBP=bf9041d8, ESI=b4f8f000, EDI=b4f8f000
-1	26897	unknown             	080484b8	                                        	83 7d e8 04                                       	cmp dword ptr [ebp-0x18], 0x4                     		EAX=00000003, ECX=00000000, EDX=00000000, EBX=bf9041f0, ESP=bf9041c0, EBP=bf9041d8, ESI=b4f8f000, EDI=b4f8f000
-1	26897	unknown             	080484bc	                                        	75 10                                             	jnz 0x80484ce                                     		EAX=00000003, ECX=00000000, EDX=00000000, EBX=bf9041f0, ESP=bf9041c0, EBP=bf9041d8, ESI=b4f8f000, EDI=b4f8f000
-1	26897	unknown             	080484ce	                                        	83 7d e8 05                                       	cmp dword ptr [ebp-0x18], 0x5                     		EAX=00000003, ECX=00000000, EDX=00000000, EBX=bf9041f0, ESP=bf9041c0, EBP=bf9041d8, ESI=b4f8f000, EDI=b4f8f000
-1	26897	unknown             	080484d2	                                        	75 10                                             	jnz 0x80484e4                                     		EAX=00000003, ECX=00000000, EDX=00000000, EBX=bf9041f0, ESP=bf9041c0, EBP=bf9041d8, ESI=b4f8f000, EDI=b4f8f000
-1	26897	unknown             	080484e4	                                        	83 7d e8 06                                       	cmp dword ptr [ebp-0x18], 0x6                     		EAX=00000003, ECX=00000000, EDX=00000000, EBX=bf9041f0, ESP=bf9041c0, EBP=bf9041d8, ESI=b4f8f000, EDI=b4f8f000
-1	26897	unknown             	080484e8	                                        	0f 85 4d ff ff ff                                 	jnz 0x804843b                                     		EAX=00000003, ECX=00000000, EDX=00000000, EBX=bf9041f0, ESP=bf9041c0, EBP=bf9041d8, ESI=b4f8f000, EDI=b4f8f000
-1	26897	unknown             	080484ee	                                        	c7 45 e8 03 00 00 00                              	mov dword ptr [ebp-0x18], 0x3                     		EAX=00000003, ECX=00000000, EDX=00000000, EBX=bf9041f0, ESP=bf9041c0, EBP=bf9041d8, ESI=b4f8f000, EDI=b4f8f000
-1	26897	unknown             	080484f5	                                        	e9 41 ff ff ff                                    	jmp 0x804843b                                     		EAX=00000003, ECX=00000000, EDX=00000000, EBX=bf9041f0, ESP=bf9041c0, EBP=bf9041d8, ESI=b4f8f000, EDI=b4f8f000
-1	26897	unknown             	0804843b	                                        	83 7d e8 00                                       	cmp dword ptr [ebp-0x18], 0x0                     		EAX=00000003, ECX=00000000, EDX=00000000, EBX=bf9041f0, ESP=bf9041c0, EBP=bf9041d8, ESI=b4f8f000, EDI=b4f8f000
-1	26897	unknown             	0804843f	                                        	75 20                                             	jnz 0x8048461                                     		EAX=00000003, ECX=00000000, EDX=00000000, EBX=bf9041f0, ESP=bf9041c0, EBP=bf9041d8, ESI=b4f8f000, EDI=b4f8f000
-1	26897	unknown             	08048461	                                        	83 7d e8 01                                       	cmp dword ptr [ebp-0x18], 0x1                     		EAX=00000003, ECX=00000000, EDX=00000000, EBX=bf9041f0, ESP=bf9041c0, EBP=bf9041d8, ESI=b4f8f000, EDI=b4f8f000
-1	26897	unknown             	08048465	                                        	75 10                                             	jnz 0x8048477                                     		EAX=00000003, ECX=00000000, EDX=00000000, EBX=bf9041f0, ESP=bf9041c0, EBP=bf9041d8, ESI=b4f8f000, EDI=b4f8f000
-1	26897	unknown             	08048477	                                        	83 7d e8 02                                       	cmp dword ptr [ebp-0x18], 0x2                     		EAX=00000003, ECX=00000000, EDX=00000000, EBX=bf9041f0, ESP=bf9041c0, EBP=bf9041d8, ESI=b4f8f000, EDI=b4f8f000
-1	26897	unknown             	0804847b	                                        	75 10                                             	jnz 0x804848d                                     		EAX=00000003, ECX=00000000, EDX=00000000, EBX=bf9041f0, ESP=bf9041c0, EBP=bf9041d8, ESI=b4f8f000, EDI=b4f8f000
-1	26897	unknown             	0804848d	                                        	83 7d e8 03                                       	cmp dword ptr [ebp-0x18], 0x3                     		EAX=00000003, ECX=00000000, EDX=00000000, EBX=bf9041f0, ESP=bf9041c0, EBP=bf9041d8, ESI=b4f8f000, EDI=b4f8f000
-1	26897	unknown             	08048491	                                        	75 1a                                             	jnz 0x80484ad                                     		EAX=00000003, ECX=00000000, EDX=00000000, EBX=bf9041f0, ESP=bf9041c0, EBP=bf9041d8, ESI=b4f8f000, EDI=b4f8f000
-1	26897	unknown             	08048493	                                        	8b 45 f4                                          	mov eax, dword ptr [ebp-0xc]                      		EAX=00000003, ECX=00000000, EDX=00000000, EBX=bf9041f0, ESP=bf9041c0, EBP=bf9041d8, ESI=b4f8f000, EDI=b4f8f000
-1	26897	unknown             	08048496	                                        	3b 45 ec                                          	cmp eax, dword ptr [ebp-0x14]                     		EAX=00000004, ECX=00000000, EDX=00000000, EBX=bf9041f0, ESP=bf9041c0, EBP=bf9041d8, ESI=b4f8f000, EDI=b4f8f000
-1	26897	unknown             	08048499	                                        	7d 09                                             	jnl 0x80484a4                                     		EAX=00000004, ECX=00000000, EDX=00000000, EBX=bf9041f0, ESP=bf9041c0, EBP=bf9041d8, ESI=b4f8f000, EDI=b4f8f000
-1	26897	unknown             	080484a4	                                        	c7 45 e8 07 00 00 00                              	mov dword ptr [ebp-0x18], 0x7                     		EAX=00000004, ECX=00000000, EDX=00000000, EBX=bf9041f0, ESP=bf9041c0, EBP=bf9041d8, ESI=b4f8f000, EDI=b4f8f000
-1	26897	unknown             	080484ab	                                        	eb 8e                                             	jmp 0x804843b                                     		EAX=00000004, ECX=00000000, EDX=00000000, EBX=bf9041f0, ESP=bf9041c0, EBP=bf9041d8, ESI=b4f8f000, EDI=b4f8f000
-1	26897	unknown             	0804843b	                                        	83 7d e8 00                                       	cmp dword ptr [ebp-0x18], 0x0                     		EAX=00000004, ECX=00000000, EDX=00000000, EBX=bf9041f0, ESP=bf9041c0, EBP=bf9041d8, ESI=b4f8f000, EDI=b4f8f000
-1	26897	unknown             	0804843f	                                        	75 20                                             	jnz 0x8048461                                     		EAX=00000004, ECX=00000000, EDX=00000000, EBX=bf9041f0, ESP=bf9041c0, EBP=bf9041d8, ESI=b4f8f000, EDI=b4f8f000
-1	26897	unknown             	08048461	                                        	83 7d e8 01                                       	cmp dword ptr [ebp-0x18], 0x1                     		EAX=00000004, ECX=00000000, EDX=00000000, EBX=bf9041f0, ESP=bf9041c0, EBP=bf9041d8, ESI=b4f8f000, EDI=b4f8f000
-1	26897	unknown             	08048465	                                        	75 10                                             	jnz 0x8048477                                     		EAX=00000004, ECX=00000000, EDX=00000000, EBX=bf9041f0, ESP=bf9041c0, EBP=bf9041d8, ESI=b4f8f000, EDI=b4f8f000
-1	26897	unknown             	08048477	                                        	83 7d e8 02                                       	cmp dword ptr [ebp-0x18], 0x2                     		EAX=00000004, ECX=00000000, EDX=00000000, EBX=bf9041f0, ESP=bf9041c0, EBP=bf9041d8, ESI=b4f8f000, EDI=b4f8f000
-1	26897	unknown             	0804847b	                                        	75 10                                             	jnz 0x804848d                                     		EAX=00000004, ECX=00000000, EDX=00000000, EBX=bf9041f0, ESP=bf9041c0, EBP=bf9041d8, ESI=b4f8f000, EDI=b4f8f000
-1	26897	unknown             	0804848d	                                        	83 7d e8 03                                       	cmp dword ptr [ebp-0x18], 0x3                     		EAX=00000004, ECX=00000000, EDX=00000000, EBX=bf9041f0, ESP=bf9041c0, EBP=bf9041d8, ESI=b4f8f000, EDI=b4f8f000
-1	26897	unknown             	08048491	                                        	75 1a                                             	jnz 0x80484ad                                     		EAX=00000004, ECX=00000000, EDX=00000000, EBX=bf9041f0, ESP=bf9041c0, EBP=bf9041d8, ESI=b4f8f000, EDI=b4f8f000
-1	26897	unknown             	080484ad	                                        	83 7d e8 07                                       	cmp dword ptr [ebp-0x18], 0x7                     		EAX=00000004, ECX=00000000, EDX=00000000, EBX=bf9041f0, ESP=bf9041c0, EBP=bf9041d8, ESI=b4f8f000, EDI=b4f8f000
-1	26897	unknown             	080484b1	                                        	75 05                                             	jnz 0x80484b8                                     		EAX=00000004, ECX=00000000, EDX=00000000, EBX=bf9041f0, ESP=bf9041c0, EBP=bf9041d8, ESI=b4f8f000, EDI=b4f8f000
-1	26897	unknown             	080484b3	                                        	8b 45 f0                                          	mov eax, dword ptr [ebp-0x10]                     		EAX=00000004, ECX=00000000, EDX=00000000, EBX=bf9041f0, ESP=bf9041c0, EBP=bf9041d8, ESI=b4f8f000, EDI=b4f8f000
-1	26897	unknown             	080484b6	                                        	eb 42                                             	jmp 0x80484fa                                     		EAX=00000008, ECX=00000000, EDX=00000000, EBX=bf9041f0, ESP=bf9041c0, EBP=bf9041d8, ESI=b4f8f000, EDI=b4f8f000
-1	26897	unknown             	080484fa	                                        	8d 65 f8                                          	lea esp, ptr [ebp-0x8]                            		EAX=00000008, ECX=00000000, EDX=00000000, EBX=bf9041f0, ESP=bf9041c0, EBP=bf9041d8, ESI=b4f8f000, EDI=b4f8f000
-1	26897	unknown             	080484fd	                                        	59                                                	pop ecx                                           		EAX=00000008, ECX=00000000, EDX=00000000, EBX=bf9041f0, ESP=bf9041d0, EBP=bf9041d8, ESI=b4f8f000, EDI=b4f8f000
-1	26897	unknown             	080484fe	                                        	5b                                                	pop ebx                                           		EAX=00000008, ECX=bf9041f0, EDX=00000000, EBX=bf9041f0, ESP=bf9041d4, EBP=bf9041d8, ESI=b4f8f000, EDI=b4f8f000
-1	26897	unknown             	080484ff	                                        	5d                                                	pop ebp                                           		EAX=00000008, ECX=bf9041f0, EDX=00000000, EBX=00000000, ESP=bf9041d8, EBP=bf9041d8, ESI=b4f8f000, EDI=b4f8f000
-1	26897	unknown             	08048500	                                        	8d 61 fc                                          	lea esp, ptr [ecx-0x4]                            		EAX=00000008, ECX=bf9041f0, EDX=00000000, EBX=00000000, ESP=bf9041dc, EBP=00000000, ESI=b4f8f000, EDI=b4f8f000
-1	26897	unknown             	08048503	                                        	c3                                                	ret                                               		EAX=00000008, ECX=bf9041f0, EDX=00000000, EBX=00000000, ESP=bf9041ec, EBP=00000000, ESI=b4f8f000, EDI=b4f8f000
-1	26897	libc.so.6           	b4df4647	                                        	83 c4 10                                          	add esp, 0x10                                     		EAX=00000008, ECX=bf9041f0, EDX=00000000, EBX=00000000, ESP=bf9041f0, EBP=00000000, ESI=b4f8f000, EDI=b4f8f000
-1	26897	libc.so.6           	b4df464a	                                        	83 ec 0c                                          	sub esp, 0xc                                      		EAX=00000008, ECX=bf9041f0, EDX=00000000, EBX=00000000, ESP=bf904200, EBP=00000000, ESI=b4f8f000, EDI=b4f8f000
-1	26897	libc.so.6           	b4df464d	                                        	50                                                	push eax                                          		EAX=00000008, ECX=bf9041f0, EDX=00000000, EBX=00000000, ESP=bf9041f4, EBP=00000000, ESI=b4f8f000, EDI=b4f8f000
-1	26897	libc.so.6           	b4df464e	                                        	e8 8d 63 01 00                                    	call 0xb4e0a9e0                                   		EAX=00000008, ECX=bf9041f0, EDX=00000000, EBX=00000000, ESP=bf9041f0, EBP=00000000, ESI=b4f8f000, EDI=b4f8f000
-1	26897	libc.so.6           	b4e0a9e0	                                        	e8 94 12 0f 00                                    	call 0xb4efbc79                                   		EAX=00000008, ECX=bf9041f0, EDX=00000000, EBX=00000000, ESP=bf9041ec, EBP=00000000, ESI=b4f8f000, EDI=b4f8f000
-1	26897	libc.so.6           	b4efbc79	exit                                    	8b 04 24                                          	mov eax, dword ptr [esp]                          		EAX=00000008, ECX=bf9041f0, EDX=00000000, EBX=00000000, ESP=bf9041e8, EBP=00000000, ESI=b4f8f000, EDI=b4f8f000
-1	26897	libc.so.6           	b4efbc7c	                                        	c3                                                	ret                                               		EAX=b4e0a9e5, ECX=bf9041f0, EDX=00000000, EBX=00000000, ESP=bf9041e8, EBP=00000000, ESI=b4f8f000, EDI=b4f8f000
-1	26897	libc.so.6           	b4e0a9e5	                                        	05 1b 46 18 00                                    	add eax, 0x18461b                                 		EAX=b4e0a9e5, ECX=bf9041f0, EDX=00000000, EBX=00000000, ESP=bf9041ec, EBP=00000000, ESI=b4f8f000, EDI=b4f8f000
-1	26897	libc.so.6           	b4e0a9ea	                                        	83 ec 10                                          	sub esp, 0x10                                     		EAX=b4f8f000, ECX=bf9041f0, EDX=00000000, EBX=00000000, ESP=bf9041ec, EBP=00000000, ESI=b4f8f000, EDI=b4f8f000
-1	26897	libc.so.6           	b4e0a9ed	                                        	8d 80 dc 03 00 00                                 	lea eax, ptr [eax+0x3dc]                          		EAX=b4f8f000, ECX=bf9041f0, EDX=00000000, EBX=00000000, ESP=bf9041dc, EBP=00000000, ESI=b4f8f000, EDI=b4f8f000
-1	26897	libc.so.6           	b4e0a9f3	                                        	6a 01                                             	push 0x1                                          		EAX=b4f8f3dc, ECX=bf9041f0, EDX=00000000, EBX=00000000, ESP=bf9041dc, EBP=00000000, ESI=b4f8f000, EDI=b4f8f000
-1	26897	libc.so.6           	b4e0a9f5	                                        	50                                                	push eax                                          		EAX=b4f8f3dc, ECX=bf9041f0, EDX=00000000, EBX=00000000, ESP=bf9041d8, EBP=00000000, ESI=b4f8f000, EDI=b4f8f000
-1	26897	libc.so.6           	b4e0a9f6	                                        	ff 74 24 1c                                       	push dword ptr [esp+0x1c]                         		EAX=b4f8f3dc, ECX=bf9041f0, EDX=00000000, EBX=00000000, ESP=bf9041d4, EBP=00000000, ESI=b4f8f000, EDI=b4f8f000
-1	26897	libc.so.6           	b4e0a9fa	                                        	e8 c1 fe ff ff                                    	call 0xb4e0a8c0                                   		EAX=b4f8f3dc, ECX=bf9041f0, EDX=00000000, EBX=00000000, ESP=bf9041d0, EBP=00000000, ESI=b4f8f000, EDI=b4f8f000
-1	26897	libc.so.6           	b4e0a8c0	                                        	55                                                	push ebp                                          		EAX=b4f8f3dc, ECX=bf9041f0, EDX=00000000, EBX=00000000, ESP=bf9041cc, EBP=00000000, ESI=b4f8f000, EDI=b4f8f000
-1	26897	libc.so.6           	b4e0a8c1	                                        	57                                                	push edi                                          		EAX=b4f8f3dc, ECX=bf9041f0, EDX=00000000, EBX=00000000, ESP=bf9041c8, EBP=00000000, ESI=b4f8f000, EDI=b4f8f000
-1	26897	libc.so.6           	b4e0a8c2	                                        	56                                                	push esi                                          		EAX=b4f8f3dc, ECX=bf9041f0, EDX=00000000, EBX=00000000, ESP=bf9041c4, EBP=00000000, ESI=b4f8f000, EDI=b4f8f000
-1	26897	libc.so.6           	b4e0a8c3	                                        	53                                                	push ebx                                          		EAX=b4f8f3dc, ECX=bf9041f0, EDX=00000000, EBX=00000000, ESP=bf9041c0, EBP=00000000, ESI=b4f8f000, EDI=b4f8f000
-1	26897	libc.so.6           	b4e0a8c4	                                        	e8 ac 13 0f 00                                    	call 0xb4efbc75                                   		EAX=b4f8f3dc, ECX=bf9041f0, EDX=00000000, EBX=00000000, ESP=bf9041bc, EBP=00000000, ESI=b4f8f000, EDI=b4f8f000
-1	26897	libc.so.6           	b4efbc75	                                        	8b 1c 24                                          	mov ebx, dword ptr [esp]                          		EAX=b4f8f3dc, ECX=bf9041f0, EDX=00000000, EBX=00000000, ESP=bf9041b8, EBP=00000000, ESI=b4f8f000, EDI=b4f8f000
-1	26897	libc.so.6           	b4efbc78	                                        	c3                                                	ret                                               		EAX=b4f8f3dc, ECX=bf9041f0, EDX=00000000, EBX=b4e0a8c9, ESP=bf9041b8, EBP=00000000, ESI=b4f8f000, EDI=b4f8f000
-1	26897	libc.so.6           	b4e0a8c9	                                        	81 c3 37 47 18 00                                 	add ebx, 0x184737                                 		EAX=b4f8f3dc, ECX=bf9041f0, EDX=00000000, EBX=b4e0a8c9, ESP=bf9041bc, EBP=00000000, ESI=b4f8f000, EDI=b4f8f000
-1	26897	libc.so.6           	b4e0a8cf	                                        	83 ec 1c                                          	sub esp, 0x1c                                     		EAX=b4f8f3dc, ECX=bf9041f0, EDX=00000000, EBX=b4f8f000, ESP=bf9041bc, EBP=00000000, ESI=b4f8f000, EDI=b4f8f000
-1	26897	libc.so.6           	b4e0a8d2	                                        	8b 44 24 38                                       	mov eax, dword ptr [esp+0x38]                     		EAX=b4f8f3dc, ECX=bf9041f0, EDX=00000000, EBX=b4f8f000, ESP=bf9041a0, EBP=00000000, ESI=b4f8f000, EDI=b4f8f000
-1	26897	libc.so.6           	b4e0a8d6	                                        	8b 74 24 30                                       	mov esi, dword ptr [esp+0x30]                     		EAX=00000001, ECX=bf9041f0, EDX=00000000, EBX=b4f8f000, ESP=bf9041a0, EBP=00000000, ESI=b4f8f000, EDI=b4f8f000
-1	26897	libc.so.6           	b4e0a8da	                                        	8b 7c 24 34                                       	mov edi, dword ptr [esp+0x34]                     		EAX=00000001, ECX=bf9041f0, EDX=00000000, EBX=b4f8f000, ESP=bf9041a0, EBP=00000000, ESI=00000008, EDI=b4f8f000
-1	26897	libc.so.6           	b4e0a8de	                                        	89 44 24 0c                                       	mov dword ptr [esp+0xc], eax                      		EAX=00000001, ECX=bf9041f0, EDX=00000000, EBX=b4f8f000, ESP=bf9041a0, EBP=00000000, ESI=00000008, EDI=b4f8f3dc
-1	26897	libc.so.6           	b4e0a8e2	                                        	e8 e9 05 00 00                                    	call 0xb4e0aed0                                   		EAX=00000001, ECX=bf9041f0, EDX=00000000, EBX=b4f8f000, ESP=bf9041a0, EBP=00000000, ESI=00000008, EDI=b4f8f3dc
-1	26897	libc.so.6           	b4e0aed0	                                        	55                                                	push ebp                                          		EAX=00000001, ECX=bf9041f0, EDX=00000000, EBX=b4f8f000, ESP=bf90419c, EBP=00000000, ESI=00000008, EDI=b4f8f3dc
-1	26897	libc.so.6           	b4e0aed1	                                        	57                                                	push edi                                          		EAX=00000001, ECX=bf9041f0, EDX=00000000, EBX=b4f8f000, ESP=bf904198, EBP=00000000, ESI=00000008, EDI=b4f8f3dc
-1	26897	libc.so.6           	b4e0aed2	                                        	56                                                	push esi                                          		EAX=00000001, ECX=bf9041f0, EDX=00000000, EBX=b4f8f000, ESP=bf904194, EBP=00000000, ESI=00000008, EDI=b4f8f3dc
-1	26897	libc.so.6           	b4e0aed3	                                        	53                                                	push ebx                                          		EAX=00000001, ECX=bf9041f0, EDX=00000000, EBX=b4f8f000, ESP=bf904190, EBP=00000000, ESI=00000008, EDI=b4f8f3dc
-1	26897	libc.so.6           	b4e0aed4	                                        	e8 9c 0d 0f 00                                    	call 0xb4efbc75                                   		EAX=00000001, ECX=bf9041f0, EDX=00000000, EBX=b4f8f000, ESP=bf90418c, EBP=00000000, ESI=00000008, EDI=b4f8f3dc
-1	26897	libc.so.6           	b4efbc75	__call_tls_dtors                        	8b 1c 24                                          	mov ebx, dword ptr [esp]                          		EAX=00000001, ECX=bf9041f0, EDX=00000000, EBX=b4f8f000, ESP=bf904188, EBP=00000000, ESI=00000008, EDI=b4f8f3dc
-1	26897	libc.so.6           	b4efbc78	                                        	c3                                                	ret                                               		EAX=00000001, ECX=bf9041f0, EDX=00000000, EBX=b4e0aed9, ESP=bf904188, EBP=00000000, ESI=00000008, EDI=b4f8f3dc
-1	26897	libc.so.6           	b4e0aed9	                                        	81 c3 27 41 18 00                                 	add ebx, 0x184127                                 		EAX=00000001, ECX=bf9041f0, EDX=00000000, EBX=b4e0aed9, ESP=bf90418c, EBP=00000000, ESI=00000008, EDI=b4f8f3dc
-1	26897	libc.so.6           	b4e0aedf	                                        	83 ec 0c                                          	sub esp, 0xc                                      		EAX=00000001, ECX=bf9041f0, EDX=00000000, EBX=b4f8f000, ESP=bf90418c, EBP=00000000, ESI=00000008, EDI=b4f8f3dc
-1	26897	libc.so.6           	b4e0aee2	                                        	65 8b 2d 00 00 00 00                              	mov ebp, dword ptr gs:[0x0]                       		EAX=00000001, ECX=bf9041f0, EDX=00000000, EBX=b4f8f000, ESP=bf904180, EBP=00000000, ESI=00000008, EDI=b4f8f3dc
-1	26897	libc.so.6           	b4e0aee9	                                        	8b bb a0 fe ff ff                                 	mov edi, dword ptr [ebx-0x160]                    		EAX=00000001, ECX=bf9041f0, EDX=00000000, EBX=b4f8f000, ESP=bf904180, EBP=b4dc3700, ESI=00000008, EDI=b4f8f3dc
-1	26897	libc.so.6           	b4e0aeef	                                        	8b 74 3d 00                                       	mov esi, dword ptr [ebp+edi*1]                    		EAX=00000001, ECX=bf9041f0, EDX=00000000, EBX=b4f8f000, ESP=bf904180, EBP=b4dc3700, ESI=00000008, EDI=ffffffd4
-1	26897	libc.so.6           	b4e0aef3	                                        	85 f6                                             	test esi, esi                                     		EAX=00000001, ECX=bf9041f0, EDX=00000000, EBX=b4f8f000, ESP=bf904180, EBP=b4dc3700, ESI=00000000, EDI=ffffffd4
-1	26897	libc.so.6           	b4e0aef5	                                        	74 42                                             	jz 0xb4e0af39                                     		EAX=00000001, ECX=bf9041f0, EDX=00000000, EBX=b4f8f000, ESP=bf904180, EBP=b4dc3700, ESI=00000000, EDI=ffffffd4
-1	26897	libc.so.6           	b4e0af39	                                        	83 c4 0c                                          	add esp, 0xc                                      		EAX=00000001, ECX=bf9041f0, EDX=00000000, EBX=b4f8f000, ESP=bf904180, EBP=b4dc3700, ESI=00000000, EDI=ffffffd4
-1	26897	libc.so.6           	b4e0af3c	                                        	5b                                                	pop ebx                                           		EAX=00000001, ECX=bf9041f0, EDX=00000000, EBX=b4f8f000, ESP=bf90418c, EBP=b4dc3700, ESI=00000000, EDI=ffffffd4
-1	26897	libc.so.6           	b4e0af3d	                                        	5e                                                	pop esi                                           		EAX=00000001, ECX=bf9041f0, EDX=00000000, EBX=b4f8f000, ESP=bf904190, EBP=b4dc3700, ESI=00000000, EDI=ffffffd4
-1	26897	libc.so.6           	b4e0af3e	                                        	5f                                                	pop edi                                           		EAX=00000001, ECX=bf9041f0, EDX=00000000, EBX=b4f8f000, ESP=bf904194, EBP=b4dc3700, ESI=00000008, EDI=ffffffd4
-1	26897	libc.so.6           	b4e0af3f	                                        	5d                                                	pop ebp                                           		EAX=00000001, ECX=bf9041f0, EDX=00000000, EBX=b4f8f000, ESP=bf904198, EBP=b4dc3700, ESI=00000008, EDI=b4f8f3dc
-1	26897	libc.so.6           	b4e0af40	                                        	c3                                                	ret                                               		EAX=00000001, ECX=bf9041f0, EDX=00000000, EBX=b4f8f000, ESP=bf90419c, EBP=00000000, ESI=00000008, EDI=b4f8f3dc
-1	26897	libc.so.6           	b4e0a8e7	                                        	8b 2f                                             	mov ebp, dword ptr [edi]                          		EAX=00000001, ECX=bf9041f0, EDX=00000000, EBX=b4f8f000, ESP=bf9041a0, EBP=00000000, ESI=00000008, EDI=b4f8f3dc
-1	26897	libc.so.6           	b4e0a8e9	                                        	85 ed                                             	test ebp, ebp                                     		EAX=00000001, ECX=bf9041f0, EDX=00000000, EBX=b4f8f000, ESP=bf9041a0, EBP=b4f901e0, ESI=00000008, EDI=b4f8f3dc
-1	26897	libc.so.6           	b4e0a8eb	                                        	74 42                                             	jz 0xb4e0a92f                                     		EAX=00000001, ECX=bf9041f0, EDX=00000000, EBX=b4f8f000, ESP=bf9041a0, EBP=b4f901e0, ESI=00000008, EDI=b4f8f3dc
-1	26897	libc.so.6           	b4e0a8ed	                                        	8d 76 00                                          	lea esi, ptr [esi]                                		EAX=00000001, ECX=bf9041f0, EDX=00000000, EBX=b4f8f000, ESP=bf9041a0, EBP=b4f901e0, ESI=00000008, EDI=b4f8f3dc
-1	26897	libc.so.6           	b4e0a8f0	                                        	8b 45 04                                          	mov eax, dword ptr [ebp+0x4]                      		EAX=00000001, ECX=bf9041f0, EDX=00000000, EBX=b4f8f000, ESP=bf9041a0, EBP=b4f901e0, ESI=00000008, EDI=b4f8f3dc
-1	26897	libc.so.6           	b4e0a8f3	                                        	89 c2                                             	mov edx, eax                                      		EAX=00000001, ECX=bf9041f0, EDX=00000000, EBX=b4f8f000, ESP=bf9041a0, EBP=b4f901e0, ESI=00000008, EDI=b4f8f3dc
-1	26897	libc.so.6           	b4e0a8f5	                                        	c1 e2 04                                          	shl edx, 0x4                                      		EAX=00000001, ECX=bf9041f0, EDX=00000001, EBX=b4f8f000, ESP=bf9041a0, EBP=b4f901e0, ESI=00000008, EDI=b4f8f3dc
-1	26897	libc.so.6           	b4e0a8f8	                                        	85 c0                                             	test eax, eax                                     		EAX=00000001, ECX=bf9041f0, EDX=00000010, EBX=b4f8f000, ESP=bf9041a0, EBP=b4f901e0, ESI=00000008, EDI=b4f8f3dc
-1	26897	libc.so.6           	b4e0a8fa	                                        	8d 4c 15 f8                                       	lea ecx, ptr [ebp+edx*1-0x8]                      		EAX=00000001, ECX=bf9041f0, EDX=00000010, EBX=b4f8f000, ESP=bf9041a0, EBP=b4f901e0, ESI=00000008, EDI=b4f8f3dc
-1	26897	libc.so.6           	b4e0a8fe	                                        	74 22                                             	jz 0xb4e0a922                                     		EAX=00000001, ECX=b4f901e8, EDX=00000010, EBX=b4f8f000, ESP=bf9041a0, EBP=b4f901e0, ESI=00000008, EDI=b4f8f3dc
-1	26897	libc.so.6           	b4e0a900	                                        	8b 11                                             	mov edx, dword ptr [ecx]                          		EAX=00000001, ECX=b4f901e8, EDX=00000010, EBX=b4f8f000, ESP=bf9041a0, EBP=b4f901e0, ESI=00000008, EDI=b4f8f3dc
-1	26897	libc.so.6           	b4e0a902	                                        	83 e8 01                                          	sub eax, 0x1                                      		EAX=00000001, ECX=b4f901e8, EDX=00000004, EBX=b4f8f000, ESP=bf9041a0, EBP=b4f901e0, ESI=00000008, EDI=b4f8f3dc
-1	26897	libc.so.6           	b4e0a905	                                        	89 45 04                                          	mov dword ptr [ebp+0x4], eax                      		EAX=00000000, ECX=b4f901e8, EDX=00000004, EBX=b4f8f000, ESP=bf9041a0, EBP=b4f901e0, ESI=00000008, EDI=b4f8f3dc
-1	26897	libc.so.6           	b4e0a908	                                        	83 fa 03                                          	cmp edx, 0x3                                      		EAX=00000000, ECX=b4f901e8, EDX=00000004, EBX=b4f8f000, ESP=bf9041a0, EBP=b4f901e0, ESI=00000008, EDI=b4f8f3dc
-1	26897	libc.so.6           	b4e0a90b	                                        	0f 84 9f 00 00 00                                 	jz 0xb4e0a9b0                                     		EAX=00000000, ECX=b4f901e8, EDX=00000004, EBX=b4f8f000, ESP=bf9041a0, EBP=b4f901e0, ESI=00000008, EDI=b4f8f3dc
-1	26897	libc.so.6           	b4e0a911	                                        	83 fa 04                                          	cmp edx, 0x4                                      		EAX=00000000, ECX=b4f901e8, EDX=00000004, EBX=b4f8f000, ESP=bf9041a0, EBP=b4f901e0, ESI=00000008, EDI=b4f8f3dc
-1	26897	libc.so.6           	b4e0a914	                                        	74 72                                             	jz 0xb4e0a988                                     		EAX=00000000, ECX=b4f901e8, EDX=00000004, EBX=b4f8f000, ESP=bf9041a0, EBP=b4f901e0, ESI=00000008, EDI=b4f8f3dc
-1	26897	libc.so.6           	b4e0a988	                                        	c1 e0 04                                          	shl eax, 0x4                                      		EAX=00000000, ECX=b4f901e8, EDX=00000004, EBX=b4f8f000, ESP=bf9041a0, EBP=b4f901e0, ESI=00000008, EDI=b4f8f3dc
-1	26897	libc.so.6           	b4e0a98b	                                        	83 ec 08                                          	sub esp, 0x8                                      		EAX=00000000, ECX=b4f901e8, EDX=00000004, EBX=b4f8f000, ESP=bf9041a0, EBP=b4f901e0, ESI=00000008, EDI=b4f8f3dc
-1	26897	libc.so.6           	b4e0a98e	                                        	01 e8                                             	add eax, ebp                                      		EAX=00000000, ECX=b4f901e8, EDX=00000004, EBX=b4f8f000, ESP=bf904198, EBP=b4f901e0, ESI=00000008, EDI=b4f8f3dc
-1	26897	libc.so.6           	b4e0a990	                                        	8b 50 0c                                          	mov edx, dword ptr [eax+0xc]                      		EAX=b4f901e0, ECX=b4f901e8, EDX=00000004, EBX=b4f8f000, ESP=bf904198, EBP=b4f901e0, ESI=00000008, EDI=b4f8f3dc
-1	26897	libc.so.6           	b4e0a993	                                        	56                                                	push esi                                          		EAX=b4f901e0, ECX=b4f901e8, EDX=dde17767, EBX=b4f8f000, ESP=bf904198, EBP=b4f901e0, ESI=00000008, EDI=b4f8f3dc
-1	26897	libc.so.6           	b4e0a994	                                        	ff 70 10                                          	push dword ptr [eax+0x10]                         		EAX=b4f901e0, ECX=b4f901e8, EDX=dde17767, EBX=b4f8f000, ESP=bf904194, EBP=b4f901e0, ESI=00000008, EDI=b4f8f3dc
-1	26897	libc.so.6           	b4e0a997	                                        	c1 ca 09                                          	ror edx, 0x9                                      		EAX=b4f901e0, ECX=b4f901e8, EDX=dde17767, EBX=b4f8f000, ESP=bf904190, EBP=b4f901e0, ESI=00000008, EDI=b4f8f3dc
-1	26897	libc.so.6           	b4e0a99a	                                        	65 33 15 18 00 00 00                              	xor edx, dword ptr gs:[0x18]                      		EAX=b4f901e0, ECX=b4f901e8, EDX=b3eef0bb, EBX=b4f8f000, ESP=bf904190, EBP=b4f901e0, ESI=00000008, EDI=b4f8f3dc
-1	26897	libc.so.6           	b4e0a9a1	                                        	ff d2                                             	call edx                                          		EAX=b4f901e0, ECX=b4f901e8, EDX=b7704880, EBX=b4f8f000, ESP=bf904190, EBP=b4f901e0, ESI=00000008, EDI=b4f8f3dc
-1	26897	ld-linux.so.2       	b7704880	                                        	55                                                	push ebp                                          		EAX=b4f901e0, ECX=b4f901e8, EDX=b7704880, EBX=b4f8f000, ESP=bf90418c, EBP=b4f901e0, ESI=00000008, EDI=b4f8f3dc
-1	26897	ld-linux.so.2       	b7704881	                                        	8d 0d 20 00 00 00                                 	lea ecx, ptr [0x20]                               		EAX=b4f901e0, ECX=b4f901e8, EDX=b7704880, EBX=b4f8f000, ESP=bf904188, EBP=b4f901e0, ESI=00000008, EDI=b4f8f3dc
-1	26897	ld-linux.so.2       	b7704887	                                        	e8 55 a0 00 00                                    	call 0xb770e8e1                                   		EAX=b4f901e0, ECX=00000020, EDX=b7704880, EBX=b4f8f000, ESP=bf904188, EBP=b4f901e0, ESI=00000008, EDI=b4f8f3dc
-1	26897	ld-linux.so.2       	b770e8e1	                                        	8b 04 24                                          	mov eax, dword ptr [esp]                          		EAX=b4f901e0, ECX=00000020, EDX=b7704880, EBX=b4f8f000, ESP=bf904184, EBP=b4f901e0, ESI=00000008, EDI=b4f8f3dc
-1	26897	ld-linux.so.2       	b770e8e4	                                        	c3                                                	ret                                               		EAX=b770488c, ECX=00000020, EDX=b7704880, EBX=b4f8f000, ESP=bf904184, EBP=b4f901e0, ESI=00000008, EDI=b4f8f3dc
-1	26897	ld-linux.so.2       	b770488c	                                        	05 74 47 01 00                                    	add eax, 0x14774                                  		EAX=b770488c, ECX=00000020, EDX=b7704880, EBX=b4f8f000, ESP=bf904188, EBP=b4f901e0, ESI=00000008, EDI=b4f8f3dc
-1	26897	ld-linux.so.2       	b7704891	                                        	89 e5                                             	mov ebp, esp                                      		EAX=b7719000, ECX=00000020, EDX=b7704880, EBX=b4f8f000, ESP=bf904188, EBP=b4f901e0, ESI=00000008, EDI=b4f8f3dc
-1	26897	ld-linux.so.2       	b7704893	                                        	57                                                	push edi                                          		EAX=b7719000, ECX=00000020, EDX=b7704880, EBX=b4f8f000, ESP=bf904188, EBP=bf904188, ESI=00000008, EDI=b4f8f3dc
-1	26897	ld-linux.so.2       	b7704894	                                        	56                                                	push esi                                          		EAX=b7719000, ECX=00000020, EDX=b7704880, EBX=b4f8f000, ESP=bf904184, EBP=bf904188, ESI=00000008, EDI=b4f8f3dc
-1	26897	ld-linux.so.2       	b7704895	                                        	53                                                	push ebx                                          		EAX=b7719000, ECX=00000020, EDX=b7704880, EBX=b4f8f000, ESP=bf904180, EBP=bf904188, ESI=00000008, EDI=b4f8f3dc
-1	26897	ld-linux.so.2       	b7704896	                                        	83 ec 4c                                          	sub esp, 0x4c                                     		EAX=b7719000, ECX=00000020, EDX=b7704880, EBX=b4f8f000, ESP=bf90417c, EBP=bf904188, ESI=00000008, EDI=b4f8f3dc
-1	26897	ld-linux.so.2       	b7704899	                                        	89 45 dc                                          	mov dword ptr [ebp-0x24], eax                     		EAX=b7719000, ECX=00000020, EDX=b7704880, EBX=b4f8f000, ESP=bf904130, EBP=bf904188, ESI=00000008, EDI=b4f8f3dc
-1	26897	ld-linux.so.2       	b770489c	                                        	89 4d d8                                          	mov dword ptr [ebp-0x28], ecx                     		EAX=b7719000, ECX=00000020, EDX=b7704880, EBX=b4f8f000, ESP=bf904130, EBP=bf904188, ESI=00000008, EDI=b4f8f3dc
-1	26897	ld-linux.so.2       	b770489f	                                        	8d 88 20 00 00 00                                 	lea ecx, ptr [eax+0x20]                           		EAX=b7719000, ECX=00000020, EDX=b7704880, EBX=b4f8f000, ESP=bf904130, EBP=bf904188, ESI=00000008, EDI=b4f8f3dc
-1	26897	ld-linux.so.2       	b77048a5	                                        	8d 80 e4 04 00 00                                 	lea eax, ptr [eax+0x4e4]                          		EAX=b7719000, ECX=b7719020, EDX=b7704880, EBX=b4f8f000, ESP=bf904130, EBP=bf904188, ESI=00000008, EDI=b4f8f3dc
-1	26897	ld-linux.so.2       	b77048ab	                                        	c7 45 cc 00 00 00 00                              	mov dword ptr [ebp-0x34], 0x0                     		EAX=b77194e4, ECX=b7719020, EDX=b7704880, EBX=b4f8f000, ESP=bf904130, EBP=bf904188, ESI=00000008, EDI=b4f8f3dc
-1	26897	ld-linux.so.2       	b77048b2	                                        	89 4d ac                                          	mov dword ptr [ebp-0x54], ecx                     		EAX=b77194e4, ECX=b7719020, EDX=b7704880, EBX=b4f8f000, ESP=bf904130, EBP=bf904188, ESI=00000008, EDI=b4f8f3dc
-1	26897	ld-linux.so.2       	b77048b5	                                        	89 45 d0                                          	mov dword ptr [ebp-0x30], eax                     		EAX=b77194e4, ECX=b7719020, EDX=b7704880, EBX=b4f8f000, ESP=bf904130, EBP=bf904188, ESI=00000008, EDI=b4f8f3dc
-1	26897	ld-linux.so.2       	b77048b8	                                        	8b 4d dc                                          	mov ecx, dword ptr [ebp-0x24]                     		EAX=b77194e4, ECX=b7719020, EDX=b7704880, EBX=b4f8f000, ESP=bf904130, EBP=bf904188, ESI=00000008, EDI=b4f8f3dc
-1	26897	ld-linux.so.2       	b77048bb	                                        	8b 45 d8                                          	mov eax, dword ptr [ebp-0x28]                     		EAX=b77194e4, ECX=b7719000, EDX=b7704880, EBX=b4f8f000, ESP=bf904130, EBP=bf904188, ESI=00000008, EDI=b4f8f3dc
-1	26897	ld-linux.so.2       	b77048be	                                        	8b 84 08 c0 04 00 00                              	mov eax, dword ptr [eax+ecx*1+0x4c0]              		EAX=00000020, ECX=b7719000, EDX=b7704880, EBX=b4f8f000, ESP=bf904130, EBP=bf904188, ESI=00000008, EDI=b4f8f3dc
-1	26897	ld-linux.so.2       	b77048c5	                                        	89 c1                                             	mov ecx, eax                                      		EAX=00000001, ECX=b7719000, EDX=b7704880, EBX=b4f8f000, ESP=bf904130, EBP=bf904188, ESI=00000008, EDI=b4f8f3dc
-1	26897	ld-linux.so.2       	b77048c7	                                        	83 e9 01                                          	sub ecx, 0x1                                      		EAX=00000001, ECX=00000001, EDX=b7704880, EBX=b4f8f000, ESP=bf904130, EBP=bf904188, ESI=00000008, EDI=b4f8f3dc
-1	26897	ld-linux.so.2       	b77048ca	                                        	89 4d e0                                          	mov dword ptr [ebp-0x20], ecx                     		EAX=00000001, ECX=00000000, EDX=b7704880, EBX=b4f8f000, ESP=bf904130, EBP=bf904188, ESI=00000008, EDI=b4f8f3dc
-1	26897	ld-linux.so.2       	b77048cd	                                        	0f 88 00 02 00 00                                 	js 0xb7704ad3                                     		EAX=00000001, ECX=00000000, EDX=b7704880, EBX=b4f8f000, ESP=bf904130, EBP=bf904188, ESI=00000008, EDI=b4f8f3dc
-1	26897	ld-linux.so.2       	b77048d3	                                        	8b 4d ac                                          	mov ecx, dword ptr [ebp-0x54]                     		EAX=00000001, ECX=00000000, EDX=b7704880, EBX=b4f8f000, ESP=bf904130, EBP=bf904188, ESI=00000008, EDI=b4f8f3dc
-1	26897	ld-linux.so.2       	b77048d6	                                        	6b c0 4c                                          	imul eax, eax, 0x4c                               		EAX=00000001, ECX=b7719020, EDX=b7704880, EBX=b4f8f000, ESP=bf904130, EBP=bf904188, ESI=00000008, EDI=b4f8f3dc
-1	26897	ld-linux.so.2       	b77048d9	                                        	8d 44 01 b8                                       	lea eax, ptr [ecx+eax*1-0x48]                     		EAX=0000004c, ECX=b7719020, EDX=b7704880, EBX=b4f8f000, ESP=bf904130, EBP=bf904188, ESI=00000008, EDI=b4f8f3dc
-1	26897	ld-linux.so.2       	b77048dd	                                        	89 45 d4                                          	mov dword ptr [ebp-0x2c], eax                     		EAX=b7719024, ECX=b7719020, EDX=b7704880, EBX=b4f8f000, ESP=bf904130, EBP=bf904188, ESI=00000008, EDI=b4f8f3dc
-1	26897	ld-linux.so.2       	b77048e0	                                        	8b 45 dc                                          	mov eax, dword ptr [ebp-0x24]                     		EAX=b7719024, ECX=b7719020, EDX=b7704880, EBX=b4f8f000, ESP=bf904130, EBP=bf904188, ESI=00000008, EDI=b4f8f3dc
-1	26897	ld-linux.so.2       	b77048e3	                                        	8d 88 8b 73 ff ff                                 	lea ecx, ptr [eax-0x8c75]                         		EAX=b7719000, ECX=b7719020, EDX=b7704880, EBX=b4f8f000, ESP=bf904130, EBP=bf904188, ESI=00000008, EDI=b4f8f3dc
-1	26897	ld-linux.so.2       	b77048e9	                                        	8d 80 73 6b ff ff                                 	lea eax, ptr [eax-0x948d]                         		EAX=b7719000, ECX=b771038b, EDX=b7704880, EBX=b4f8f000, ESP=bf904130, EBP=bf904188, ESI=00000008, EDI=b4f8f3dc
-1	26897	ld-linux.so.2       	b77048ef	                                        	89 4d b8                                          	mov dword ptr [ebp-0x48], ecx                     		EAX=b770fb73, ECX=b771038b, EDX=b7704880, EBX=b4f8f000, ESP=bf904130, EBP=bf904188, ESI=00000008, EDI=b4f8f3dc
-1	26897	ld-linux.so.2       	b77048f2	                                        	89 45 b4                                          	mov dword ptr [ebp-0x4c], eax                     		EAX=b770fb73, ECX=b771038b, EDX=b7704880, EBX=b4f8f000, ESP=bf904130, EBP=bf904188, ESI=00000008, EDI=b4f8f3dc
-1	26897	ld-linux.so.2       	b77048f5	                                        	eb 33                                             	jmp 0xb770492a                                    		EAX=b770fb73, ECX=b771038b, EDX=b7704880, EBX=b4f8f000, ESP=bf904130, EBP=bf904188, ESI=00000008, EDI=b4f8f3dc
-1	26897	ld-linux.so.2       	b770492a	                                        	8b 45 d8                                          	mov eax, dword ptr [ebp-0x28]                     		EAX=b770fb73, ECX=b771038b, EDX=b7704880, EBX=b4f8f000, ESP=bf904130, EBP=bf904188, ESI=00000008, EDI=b4f8f3dc
-1	26897	ld-linux.so.2       	b770492d	                                        	8b 4d dc                                          	mov ecx, dword ptr [ebp-0x24]                     		EAX=00000020, ECX=b771038b, EDX=b7704880, EBX=b4f8f000, ESP=bf904130, EBP=bf904188, ESI=00000008, EDI=b4f8f3dc
-1	26897	ld-linux.so.2       	b7704930	                                        	83 ec 0c                                          	sub esp, 0xc                                      		EAX=00000020, ECX=b7719000, EDX=b7704880, EBX=b4f8f000, ESP=bf904130, EBP=bf904188, ESI=00000008, EDI=b4f8f3dc
-1	26897	ld-linux.so.2       	b7704933	                                        	ff 75 d0                                          	push dword ptr [ebp-0x30]                         		EAX=00000020, ECX=b7719000, EDX=b7704880, EBX=b4f8f000, ESP=bf904124, EBP=bf904188, ESI=00000008, EDI=b4f8f3dc
-1	26897	ld-linux.so.2       	b7704936	                                        	ff 94 08 f8 07 00 00                              	call dword ptr [eax+ecx*1+0x7f8]                  		EAX=00000020, ECX=b7719000, EDX=b7704880, EBX=b4f8f000, ESP=bf904120, EBP=bf904188, ESI=00000008, EDI=b4f8f3dc
-1	26897	ld-linux.so.2       	b770493d	                                        	8b 45 d4                                          	mov eax, dword ptr [ebp-0x2c]                     		EAX=b77194e4, ECX=b7719000, EDX=b7704880, EBX=b4f8f000, ESP=bf904120, EBP=bf904188, ESI=00000008, EDI=b4f8f3dc
-1	26897	ld-linux.so.2       	b7704940	                                        	83 c4 10                                          	add esp, 0x10                                     		EAX=b7719024, ECX=b7719000, EDX=b7704880, EBX=b4f8f000, ESP=bf904120, EBP=bf904188, ESI=00000008, EDI=b4f8f3dc
-1	26897	ld-linux.so.2       	b7704943	                                        	8b 08                                             	mov ecx, dword ptr [eax]                          		EAX=b7719024, ECX=b7719000, EDX=b7704880, EBX=b4f8f000, ESP=bf904130, EBP=bf904188, ESI=00000008, EDI=b4f8f3dc
-1	26897	ld-linux.so.2       	b7704945	                                        	85 c9                                             	test ecx, ecx                                     		EAX=b7719024, ECX=00000004, EDX=b7704880, EBX=b4f8f000, ESP=bf904130, EBP=bf904188, ESI=00000008, EDI=b4f8f3dc
-1	26897	ld-linux.so.2       	b7704947	                                        	74 b7                                             	jz 0xb7704900                                     		EAX=b7719024, ECX=00000004, EDX=b7704880, EBX=b4f8f000, ESP=bf904130, EBP=bf904188, ESI=00000008, EDI=b4f8f3dc
-1	26897	ld-linux.so.2       	b7704949	                                        	8b 40 fc                                          	mov eax, dword ptr [eax-0x4]                      		EAX=b7719024, ECX=00000004, EDX=b7704880, EBX=b4f8f000, ESP=bf904130, EBP=bf904188, ESI=00000008, EDI=b4f8f3dc
-1	26897	ld-linux.so.2       	b770494c	                                        	0f b6 90 95 01 00 00                              	movzx edx, byte ptr [eax+0x195]                   		EAX=b7719918, ECX=00000004, EDX=b7704880, EBX=b4f8f000, ESP=bf904130, EBP=bf904188, ESI=00000008, EDI=b4f8f3dc
-1	26897	ld-linux.so.2       	b7704953	                                        	c0 ea 03                                          	shr dl, 0x3                                       		EAX=b7719918, ECX=00000004, EDX=00000000, EBX=b4f8f000, ESP=bf904130, EBP=bf904188, ESI=00000008, EDI=b4f8f3dc
-1	26897	ld-linux.so.2       	b7704956	                                        	83 e2 01                                          	and edx, 0x1                                      		EAX=b7719918, ECX=00000004, EDX=00000000, EBX=b4f8f000, ESP=bf904130, EBP=bf904188, ESI=00000008, EDI=b4f8f3dc
-1	26897	ld-linux.so.2       	b7704959	                                        	39 55 cc                                          	cmp dword ptr [ebp-0x34], edx                     		EAX=b7719918, ECX=00000004, EDX=00000000, EBX=b4f8f000, ESP=bf904130, EBP=bf904188, ESI=00000008, EDI=b4f8f3dc
-1	26897	ld-linux.so.2       	b770495c	                                        	75 a2                                             	jnz 0xb7704900                                    		EAX=b7719918, ECX=00000004, EDX=00000000, EBX=b4f8f000, ESP=bf904130, EBP=bf904188, ESI=00000008, EDI=b4f8f3dc
-1	26897	ld-linux.so.2       	b770495e	                                        	8d 14 8d 12 00 00 00                              	lea edx, ptr [ecx*4+0x12]                         		EAX=b7719918, ECX=00000004, EDX=00000000, EBX=b4f8f000, ESP=bf904130, EBP=bf904188, ESI=00000008, EDI=b4f8f3dc
-1	26897	ld-linux.so.2       	b7704965	                                        	89 65 bc                                          	mov dword ptr [ebp-0x44], esp                     		EAX=b7719918, ECX=00000004, EDX=00000022, EBX=b4f8f000, ESP=bf904130, EBP=bf904188, ESI=00000008, EDI=b4f8f3dc
-1	26897	ld-linux.so.2       	b7704968	                                        	83 e2 f0                                          	and edx, 0xfffffff0                               		EAX=b7719918, ECX=00000004, EDX=00000022, EBX=b4f8f000, ESP=bf904130, EBP=bf904188, ESI=00000008, EDI=b4f8f3dc
-1	26897	ld-linux.so.2       	b770496b	                                        	29 d4                                             	sub esp, edx                                      		EAX=b7719918, ECX=00000004, EDX=00000020, EBX=b4f8f000, ESP=bf904130, EBP=bf904188, ESI=00000008, EDI=b4f8f3dc
-1	26897	ld-linux.so.2       	b770496d	                                        	31 d2                                             	xor edx, edx                                      		EAX=b7719918, ECX=00000004, EDX=00000020, EBX=b4f8f000, ESP=bf904110, EBP=bf904188, ESI=00000008, EDI=b4f8f3dc
-1	26897	ld-linux.so.2       	b770496f	                                        	89 e3                                             	mov ebx, esp                                      		EAX=b7719918, ECX=00000004, EDX=00000000, EBX=b4f8f000, ESP=bf904110, EBP=bf904188, ESI=00000008, EDI=b4f8f3dc
-1	26897	ld-linux.so.2       	b7704971	                                        	89 65 c4                                          	mov dword ptr [ebp-0x3c], esp                     		EAX=b7719918, ECX=00000004, EDX=00000000, EBX=bf904110, ESP=bf904110, EBP=bf904188, ESI=00000008, EDI=b4f8f3dc
-1	26897	ld-linux.so.2       	b7704974	                                        	eb 11                                             	jmp 0xb7704987                                    		EAX=b7719918, ECX=00000004, EDX=00000000, EBX=bf904110, ESP=bf904110, EBP=bf904188, ESI=00000008, EDI=b4f8f3dc
-1	26897	ld-linux.so.2       	b7704987	                                        	3b 40 14                                          	cmp eax, dword ptr [eax+0x14]                     		EAX=b7719918, ECX=00000004, EDX=00000000, EBX=bf904110, ESP=bf904110, EBP=bf904188, ESI=00000008, EDI=b4f8f3dc
-1	26897	ld-linux.so.2       	b770498a	                                        	75 f4                                             	jnz 0xb7704980                                    		EAX=b7719918, ECX=00000004, EDX=00000000, EBX=bf904110, ESP=bf904110, EBP=bf904188, ESI=00000008, EDI=b4f8f3dc
-1	26897	ld-linux.so.2       	b770498c	                                        	39 d1                                             	cmp ecx, edx                                      		EAX=b7719918, ECX=00000004, EDX=00000000, EBX=bf904110, ESP=bf904110, EBP=bf904188, ESI=00000008, EDI=b4f8f3dc
-1	26897	ld-linux.so.2       	b770498e	                                        	0f 86 74 02 00 00                                 	jbe 0xb7704c08                                    		EAX=b7719918, ECX=00000004, EDX=00000000, EBX=bf904110, ESP=bf904110, EBP=bf904188, ESI=00000008, EDI=b4f8f3dc
-1	26897	ld-linux.so.2       	b7704994	                                        	89 04 93                                          	mov dword ptr [ebx+edx*4], eax                    		EAX=b7719918, ECX=00000004, EDX=00000000, EBX=bf904110, ESP=bf904110, EBP=bf904188, ESI=00000008, EDI=b4f8f3dc
-1	26897	ld-linux.so.2       	b7704997	                                        	89 90 0c 02 00 00                                 	mov dword ptr [eax+0x20c], edx                    		EAX=b7719918, ECX=00000004, EDX=00000000, EBX=bf904110, ESP=bf904110, EBP=bf904188, ESI=00000008, EDI=b4f8f3dc
-1	26897	ld-linux.so.2       	b770499d	                                        	83 c2 01                                          	add edx, 0x1                                      		EAX=b7719918, ECX=00000004, EDX=00000000, EBX=bf904110, ESP=bf904110, EBP=bf904188, ESI=00000008, EDI=b4f8f3dc
-1	26897	ld-linux.so.2       	b77049a0	                                        	83 80 90 01 00 00 01                              	add dword ptr [eax+0x190], 0x1                    		EAX=b7719918, ECX=00000004, EDX=00000001, EBX=bf904110, ESP=bf904110, EBP=bf904188, ESI=00000008, EDI=b4f8f3dc
-1	26897	ld-linux.so.2       	b77049a7	                                        	8b 40 0c                                          	mov eax, dword ptr [eax+0xc]                      		EAX=b7719918, ECX=00000004, EDX=00000001, EBX=bf904110, ESP=bf904110, EBP=bf904188, ESI=00000008, EDI=b4f8f3dc
-1	26897	ld-linux.so.2       	b77049aa	                                        	85 c0                                             	test eax, eax                                     		EAX=b7719c08, ECX=00000004, EDX=00000001, EBX=bf904110, ESP=bf904110, EBP=bf904188, ESI=00000008, EDI=b4f8f3dc
-1	26897	ld-linux.so.2       	b77049ac	                                        	75 d9                                             	jnz 0xb7704987                                    		EAX=b7719c08, ECX=00000004, EDX=00000001, EBX=bf904110, ESP=bf904110, EBP=bf904188, ESI=00000008, EDI=b4f8f3dc
-1	26897	ld-linux.so.2       	b7704987	                                        	3b 40 14                                          	cmp eax, dword ptr [eax+0x14]                     		EAX=b7719c08, ECX=00000004, EDX=00000001, EBX=bf904110, ESP=bf904110, EBP=bf904188, ESI=00000008, EDI=b4f8f3dc
-1	26897	ld-linux.so.2       	b770498a	                                        	75 f4                                             	jnz 0xb7704980                                    		EAX=b7719c08, ECX=00000004, EDX=00000001, EBX=bf904110, ESP=bf904110, EBP=bf904188, ESI=00000008, EDI=b4f8f3dc
-1	26897	ld-linux.so.2       	b770498c	                                        	39 d1                                             	cmp ecx, edx                                      		EAX=b7719c08, ECX=00000004, EDX=00000001, EBX=bf904110, ESP=bf904110, EBP=bf904188, ESI=00000008, EDI=b4f8f3dc
-1	26897	ld-linux.so.2       	b770498e	                                        	0f 86 74 02 00 00                                 	jbe 0xb7704c08                                    		EAX=b7719c08, ECX=00000004, EDX=00000001, EBX=bf904110, ESP=bf904110, EBP=bf904188, ESI=00000008, EDI=b4f8f3dc
-1	26897	ld-linux.so.2       	b7704994	                                        	89 04 93                                          	mov dword ptr [ebx+edx*4], eax                    		EAX=b7719c08, ECX=00000004, EDX=00000001, EBX=bf904110, ESP=bf904110, EBP=bf904188, ESI=00000008, EDI=b4f8f3dc
-1	26897	ld-linux.so.2       	b7704997	                                        	89 90 0c 02 00 00                                 	mov dword ptr [eax+0x20c], edx                    		EAX=b7719c08, ECX=00000004, EDX=00000001, EBX=bf904110, ESP=bf904110, EBP=bf904188, ESI=00000008, EDI=b4f8f3dc
-1	26897	ld-linux.so.2       	b770499d	                                        	83 c2 01                                          	add edx, 0x1                                      		EAX=b7719c08, ECX=00000004, EDX=00000001, EBX=bf904110, ESP=bf904110, EBP=bf904188, ESI=00000008, EDI=b4f8f3dc
-1	26897	ld-linux.so.2       	b77049a0	                                        	83 80 90 01 00 00 01                              	add dword ptr [eax+0x190], 0x1                    		EAX=b7719c08, ECX=00000004, EDX=00000002, EBX=bf904110, ESP=bf904110, EBP=bf904188, ESI=00000008, EDI=b4f8f3dc
-1	26897	ld-linux.so.2       	b77049a7	                                        	8b 40 0c                                          	mov eax, dword ptr [eax+0xc]                      		EAX=b7719c08, ECX=00000004, EDX=00000002, EBX=bf904110, ESP=bf904110, EBP=bf904188, ESI=00000008, EDI=b4f8f3dc
-1	26897	ld-linux.so.2       	b77049aa	                                        	85 c0                                             	test eax, eax                                     		EAX=b502a1b0, ECX=00000004, EDX=00000002, EBX=bf904110, ESP=bf904110, EBP=bf904188, ESI=00000008, EDI=b4f8f3dc
-1	26897	ld-linux.so.2       	b77049ac	                                        	75 d9                                             	jnz 0xb7704987                                    		EAX=b502a1b0, ECX=00000004, EDX=00000002, EBX=bf904110, ESP=bf904110, EBP=bf904188, ESI=00000008, EDI=b4f8f3dc
-1	26897	ld-linux.so.2       	b7704987	                                        	3b 40 14                                          	cmp eax, dword ptr [eax+0x14]                     		EAX=b502a1b0, ECX=00000004, EDX=00000002, EBX=bf904110, ESP=bf904110, EBP=bf904188, ESI=00000008, EDI=b4f8f3dc
-1	26897	ld-linux.so.2       	b770498a	                                        	75 f4                                             	jnz 0xb7704980                                    		EAX=b502a1b0, ECX=00000004, EDX=00000002, EBX=bf904110, ESP=bf904110, EBP=bf904188, ESI=00000008, EDI=b4f8f3dc
-1	26897	ld-linux.so.2       	b770498c	                                        	39 d1                                             	cmp ecx, edx                                      		EAX=b502a1b0, ECX=00000004, EDX=00000002, EBX=bf904110, ESP=bf904110, EBP=bf904188, ESI=00000008, EDI=b4f8f3dc
-1	26897	ld-linux.so.2       	b770498e	                                        	0f 86 74 02 00 00                                 	jbe 0xb7704c08                                    		EAX=b502a1b0, ECX=00000004, EDX=00000002, EBX=bf904110, ESP=bf904110, EBP=bf904188, ESI=00000008, EDI=b4f8f3dc
-1	26897	ld-linux.so.2       	b7704994	                                        	89 04 93                                          	mov dword ptr [ebx+edx*4], eax                    		EAX=b502a1b0, ECX=00000004, EDX=00000002, EBX=bf904110, ESP=bf904110, EBP=bf904188, ESI=00000008, EDI=b4f8f3dc
-1	26897	ld-linux.so.2       	b7704997	                                        	89 90 0c 02 00 00                                 	mov dword ptr [eax+0x20c], edx                    		EAX=b502a1b0, ECX=00000004, EDX=00000002, EBX=bf904110, ESP=bf904110, EBP=bf904188, ESI=00000008, EDI=b4f8f3dc
-1	26897	ld-linux.so.2       	b770499d	                                        	83 c2 01                                          	add edx, 0x1                                      		EAX=b502a1b0, ECX=00000004, EDX=00000002, EBX=bf904110, ESP=bf904110, EBP=bf904188, ESI=00000008, EDI=b4f8f3dc
-1	26897	ld-linux.so.2       	b77049a0	                                        	83 80 90 01 00 00 01                              	add dword ptr [eax+0x190], 0x1                    		EAX=b502a1b0, ECX=00000004, EDX=00000003, EBX=bf904110, ESP=bf904110, EBP=bf904188, ESI=00000008, EDI=b4f8f3dc
-1	26897	ld-linux.so.2       	b77049a7	                                        	8b 40 0c                                          	mov eax, dword ptr [eax+0xc]                      		EAX=b502a1b0, ECX=00000004, EDX=00000003, EBX=bf904110, ESP=bf904110, EBP=bf904188, ESI=00000008, EDI=b4f8f3dc
-1	26897	ld-linux.so.2       	b77049aa	                                        	85 c0                                             	test eax, eax                                     		EAX=b771953c, ECX=00000004, EDX=00000003, EBX=bf904110, ESP=bf904110, EBP=bf904188, ESI=00000008, EDI=b4f8f3dc
-1	26897	ld-linux.so.2       	b77049ac	                                        	75 d9                                             	jnz 0xb7704987                                    		EAX=b771953c, ECX=00000004, EDX=00000003, EBX=bf904110, ESP=bf904110, EBP=bf904188, ESI=00000008, EDI=b4f8f3dc
-1	26897	ld-linux.so.2       	b7704987	                                        	3b 40 14                                          	cmp eax, dword ptr [eax+0x14]                     		EAX=b771953c, ECX=00000004, EDX=00000003, EBX=bf904110, ESP=bf904110, EBP=bf904188, ESI=00000008, EDI=b4f8f3dc
-1	26897	ld-linux.so.2       	b770498a	                                        	75 f4                                             	jnz 0xb7704980                                    		EAX=b771953c, ECX=00000004, EDX=00000003, EBX=bf904110, ESP=bf904110, EBP=bf904188, ESI=00000008, EDI=b4f8f3dc
-1	26897	ld-linux.so.2       	b770498c	                                        	39 d1                                             	cmp ecx, edx                                      		EAX=b771953c, ECX=00000004, EDX=00000003, EBX=bf904110, ESP=bf904110, EBP=bf904188, ESI=00000008, EDI=b4f8f3dc
-1	26897	ld-linux.so.2       	b770498e	                                        	0f 86 74 02 00 00                                 	jbe 0xb7704c08                                    		EAX=b771953c, ECX=00000004, EDX=00000003, EBX=bf904110, ESP=bf904110, EBP=bf904188, ESI=00000008, EDI=b4f8f3dc
-1	26897	ld-linux.so.2       	b7704994	                                        	89 04 93                                          	mov dword ptr [ebx+edx*4], eax                    		EAX=b771953c, ECX=00000004, EDX=00000003, EBX=bf904110, ESP=bf904110, EBP=bf904188, ESI=00000008, EDI=b4f8f3dc
-1	26897	ld-linux.so.2       	b7704997	                                        	89 90 0c 02 00 00                                 	mov dword ptr [eax+0x20c], edx                    		EAX=b771953c, ECX=00000004, EDX=00000003, EBX=bf904110, ESP=bf904110, EBP=bf904188, ESI=00000008, EDI=b4f8f3dc
-1	26897	ld-linux.so.2       	b770499d	                                        	83 c2 01                                          	add edx, 0x1                                      		EAX=b771953c, ECX=00000004, EDX=00000003, EBX=bf904110, ESP=bf904110, EBP=bf904188, ESI=00000008, EDI=b4f8f3dc
-1	26897	ld-linux.so.2       	b77049a0	                                        	83 80 90 01 00 00 01                              	add dword ptr [eax+0x190], 0x1                    		EAX=b771953c, ECX=00000004, EDX=00000004, EBX=bf904110, ESP=bf904110, EBP=bf904188, ESI=00000008, EDI=b4f8f3dc
-1	26897	ld-linux.so.2       	b77049a7	                                        	8b 40 0c                                          	mov eax, dword ptr [eax+0xc]                      		EAX=b771953c, ECX=00000004, EDX=00000004, EBX=bf904110, ESP=bf904110, EBP=bf904188, ESI=00000008, EDI=b4f8f3dc
-1	26897	ld-linux.so.2       	b77049aa	                                        	85 c0                                             	test eax, eax                                     		EAX=00000000, ECX=00000004, EDX=00000004, EBX=bf904110, ESP=bf904110, EBP=bf904188, ESI=00000008, EDI=b4f8f3dc
-1	26897	ld-linux.so.2       	b77049ac	                                        	75 d9                                             	jnz 0xb7704987                                    		EAX=00000000, ECX=00000004, EDX=00000004, EBX=bf904110, ESP=bf904110, EBP=bf904188, ESI=00000008, EDI=b4f8f3dc
-1	26897	ld-linux.so.2       	b77049ae	                                        	66 90                                             	data16 nop                                        		EAX=00000000, ECX=00000004, EDX=00000004, EBX=bf904110, ESP=bf904110, EBP=bf904188, ESI=00000008, EDI=b4f8f3dc
-1	26897	ld-linux.so.2       	b77049b0	                                        	8b 75 e0                                          	mov esi, dword ptr [ebp-0x20]                     		EAX=00000000, ECX=00000004, EDX=00000004, EBX=bf904110, ESP=bf904110, EBP=bf904188, ESI=00000008, EDI=b4f8f3dc
-1	26897	ld-linux.so.2       	b77049b3	                                        	39 ca                                             	cmp edx, ecx                                      		EAX=00000000, ECX=00000004, EDX=00000004, EBX=bf904110, ESP=bf904110, EBP=bf904188, ESI=00000000, EDI=b4f8f3dc
-1	26897	ld-linux.so.2       	b77049b5	                                        	89 55 c8                                          	mov dword ptr [ebp-0x38], edx                     		EAX=00000000, ECX=00000004, EDX=00000004, EBX=bf904110, ESP=bf904110, EBP=bf904188, ESI=00000000, EDI=b4f8f3dc
-1	26897	ld-linux.so.2       	b77049b8	                                        	0f 95 c0                                          	setnz al                                          		EAX=00000000, ECX=00000004, EDX=00000004, EBX=bf904110, ESP=bf904110, EBP=bf904188, ESI=00000000, EDI=b4f8f3dc
-1	26897	ld-linux.so.2       	b77049bb	                                        	85 f6                                             	test esi, esi                                     		EAX=00000000, ECX=00000004, EDX=00000004, EBX=bf904110, ESP=bf904110, EBP=bf904188, ESI=00000000, EDI=b4f8f3dc
-1	26897	ld-linux.so.2       	b77049bd	                                        	75 08                                             	jnz 0xb77049c7                                    		EAX=00000000, ECX=00000004, EDX=00000004, EBX=bf904110, ESP=bf904110, EBP=bf904188, ESI=00000000, EDI=b4f8f3dc
-1	26897	ld-linux.so.2       	b77049bf	                                        	84 c0                                             	test al, al                                       		EAX=00000000, ECX=00000004, EDX=00000004, EBX=bf904110, ESP=bf904110, EBP=bf904188, ESI=00000000, EDI=b4f8f3dc
-1	26897	ld-linux.so.2       	b77049c1	                                        	0f 85 63 02 00 00                                 	jnz 0xb7704c2a                                    		EAX=00000000, ECX=00000004, EDX=00000004, EBX=bf904110, ESP=bf904110, EBP=bf904188, ESI=00000000, EDI=b4f8f3dc
-1	26897	ld-linux.so.2       	b77049c7	                                        	8b 5d e0                                          	mov ebx, dword ptr [ebp-0x20]                     		EAX=00000000, ECX=00000004, EDX=00000004, EBX=bf904110, ESP=bf904110, EBP=bf904188, ESI=00000000, EDI=b4f8f3dc
-1	26897	ld-linux.so.2       	b77049ca	                                        	85 db                                             	test ebx, ebx                                     		EAX=00000000, ECX=00000004, EDX=00000004, EBX=00000000, ESP=bf904110, EBP=bf904188, ESI=00000000, EDI=b4f8f3dc
-1	26897	ld-linux.so.2       	b77049cc	                                        	74 10                                             	jz 0xb77049de                                     		EAX=00000000, ECX=00000004, EDX=00000004, EBX=00000000, ESP=bf904110, EBP=bf904188, ESI=00000000, EDI=b4f8f3dc
-1	26897	ld-linux.so.2       	b77049de	                                        	8b 5d c8                                          	mov ebx, dword ptr [ebp-0x38]                     		EAX=00000000, ECX=00000004, EDX=00000004, EBX=00000000, ESP=bf904110, EBP=bf904188, ESI=00000000, EDI=b4f8f3dc
-1	26897	ld-linux.so.2       	b77049e1	                                        	8b 45 c4                                          	mov eax, dword ptr [ebp-0x3c]                     		EAX=00000000, ECX=00000004, EDX=00000004, EBX=00000004, ESP=bf904110, EBP=bf904188, ESI=00000000, EDI=b4f8f3dc
-1	26897	ld-linux.so.2       	b77049e4	                                        	83 ec 0c                                          	sub esp, 0xc                                      		EAX=bf904110, ECX=00000004, EDX=00000004, EBX=00000004, ESP=bf904110, EBP=bf904188, ESI=00000000, EDI=b4f8f3dc
-1	26897	ld-linux.so.2       	b77049e7	                                        	ff 75 e0                                          	push dword ptr [ebp-0x20]                         		EAX=bf904110, ECX=00000004, EDX=00000004, EBX=00000004, ESP=bf904104, EBP=bf904188, ESI=00000000, EDI=b4f8f3dc
-1	26897	ld-linux.so.2       	b77049ea	                                        	31 c9                                             	xor ecx, ecx                                      		EAX=bf904110, ECX=00000004, EDX=00000004, EBX=00000004, ESP=bf904100, EBP=bf904188, ESI=00000000, EDI=b4f8f3dc
-1	26897	ld-linux.so.2       	b77049ec	                                        	89 da                                             	mov edx, ebx                                      		EAX=bf904110, ECX=00000000, EDX=00000004, EBX=00000004, ESP=bf904100, EBP=bf904188, ESI=00000000, EDI=b4f8f3dc
-1	26897	ld-linux.so.2       	b77049ee	                                        	e8 4d fc ff ff                                    	call 0xb7704640                                   		EAX=bf904110, ECX=00000000, EDX=00000004, EBX=00000004, ESP=bf904100, EBP=bf904188, ESI=00000000, EDI=b4f8f3dc
-1	26897	ld-linux.so.2       	b7704640	                                        	55                                                	push ebp                                          		EAX=bf904110, ECX=00000000, EDX=00000004, EBX=00000004, ESP=bf9040fc, EBP=bf904188, ESI=00000000, EDI=b4f8f3dc
-1	26897	ld-linux.so.2       	b7704641	                                        	89 e5                                             	mov ebp, esp                                      		EAX=bf904110, ECX=00000000, EDX=00000004, EBX=00000004, ESP=bf9040f8, EBP=bf904188, ESI=00000000, EDI=b4f8f3dc
-1	26897	ld-linux.so.2       	b7704643	                                        	57                                                	push edi                                          		EAX=bf904110, ECX=00000000, EDX=00000004, EBX=00000004, ESP=bf9040f8, EBP=bf9040f8, ESI=00000000, EDI=b4f8f3dc
-1	26897	ld-linux.so.2       	b7704644	                                        	56                                                	push esi                                          		EAX=bf904110, ECX=00000000, EDX=00000004, EBX=00000004, ESP=bf9040f4, EBP=bf9040f8, ESI=00000000, EDI=b4f8f3dc
-1	26897	ld-linux.so.2       	b7704645	                                        	53                                                	push ebx                                          		EAX=bf904110, ECX=00000000, EDX=00000004, EBX=00000004, ESP=bf9040f0, EBP=bf9040f8, ESI=00000000, EDI=b4f8f3dc
-1	26897	ld-linux.so.2       	b7704646	                                        	e8 a6 a2 00 00                                    	call 0xb770e8f1                                   		EAX=bf904110, ECX=00000000, EDX=00000004, EBX=00000004, ESP=bf9040ec, EBP=bf9040f8, ESI=00000000, EDI=b4f8f3dc
-1	26897	ld-linux.so.2       	b770e8f1	                                        	8b 3c 24                                          	mov edi, dword ptr [esp]                          		EAX=bf904110, ECX=00000000, EDX=00000004, EBX=00000004, ESP=bf9040e8, EBP=bf9040f8, ESI=00000000, EDI=b4f8f3dc
-1	26897	ld-linux.so.2       	b770e8f4	                                        	c3                                                	ret                                               		EAX=bf904110, ECX=00000000, EDX=00000004, EBX=00000004, ESP=bf9040e8, EBP=bf9040f8, ESI=00000000, EDI=b770464b
-1	26897	ld-linux.so.2       	b770464b	                                        	81 c7 b5 49 01 00                                 	add edi, 0x149b5                                  		EAX=bf904110, ECX=00000000, EDX=00000004, EBX=00000004, ESP=bf9040ec, EBP=bf9040f8, ESI=00000000, EDI=b770464b
-1	26897	ld-linux.so.2       	b7704651	                                        	83 ec 4c                                          	sub esp, 0x4c                                     		EAX=bf904110, ECX=00000000, EDX=00000004, EBX=00000004, ESP=bf9040ec, EBP=bf9040f8, ESI=00000000, EDI=b7719000
-1	26897	ld-linux.so.2       	b7704654	                                        	83 fa 01                                          	cmp edx, 0x1                                      		EAX=bf904110, ECX=00000000, EDX=00000004, EBX=00000004, ESP=bf9040a0, EBP=bf9040f8, ESI=00000000, EDI=b7719000
-1	26897	ld-linux.so.2       	b7704657	                                        	89 7d cc                                          	mov dword ptr [ebp-0x34], edi                     		EAX=bf904110, ECX=00000000, EDX=00000004, EBX=00000004, ESP=bf9040a0, EBP=bf9040f8, ESI=00000000, EDI=b7719000
-1	26897	ld-linux.so.2       	b770465a	                                        	0f 84 73 01 00 00                                 	jz 0xb77047d3                                     		EAX=bf904110, ECX=00000000, EDX=00000004, EBX=00000004, ESP=bf9040a0, EBP=bf9040f8, ESI=00000000, EDI=b7719000
-1	26897	ld-linux.so.2       	b7704660	                                        	89 45 d8                                          	mov dword ptr [ebp-0x28], eax                     		EAX=bf904110, ECX=00000000, EDX=00000004, EBX=00000004, ESP=bf9040a0, EBP=bf9040f8, ESI=00000000, EDI=b7719000
-1	26897	ld-linux.so.2       	b7704663	                                        	8b 45 08                                          	mov eax, dword ptr [ebp+0x8]                      		EAX=bf904110, ECX=00000000, EDX=00000004, EBX=00000004, ESP=bf9040a0, EBP=bf9040f8, ESI=00000000, EDI=b7719000
-1	26897	ld-linux.so.2       	b7704666	                                        	89 fe                                             	mov esi, edi                                      		EAX=00000000, ECX=00000000, EDX=00000004, EBX=00000004, ESP=bf9040a0, EBP=bf9040f8, ESI=00000000, EDI=b7719000
-1	26897	ld-linux.so.2       	b7704668	                                        	89 55 e0                                          	mov dword ptr [ebp-0x20], edx                     		EAX=00000000, ECX=00000000, EDX=00000004, EBX=00000004, ESP=bf9040a0, EBP=bf9040f8, ESI=b7719000, EDI=b7719000
-1	26897	ld-linux.so.2       	b770466b	                                        	89 d7                                             	mov edi, edx                                      		EAX=00000000, ECX=00000000, EDX=00000004, EBX=00000004, ESP=bf9040a0, EBP=bf9040f8, ESI=b7719000, EDI=b7719000
-1	26897	ld-linux.so.2       	b770466d	                                        	8d 14 12                                          	lea edx, ptr [edx+edx*1]                          		EAX=00000000, ECX=00000000, EDX=00000004, EBX=00000004, ESP=bf9040a0, EBP=bf9040f8, ESI=b7719000, EDI=00000004
-1	26897	ld-linux.so.2       	b7704670	                                        	89 4d c0                                          	mov dword ptr [ebp-0x40], ecx                     		EAX=00000000, ECX=00000000, EDX=00000008, EBX=00000004, ESP=bf9040a0, EBP=bf9040f8, ESI=b7719000, EDI=00000004
-1	26897	ld-linux.so.2       	b7704673	                                        	31 c9                                             	xor ecx, ecx                                      		EAX=00000000, ECX=00000000, EDX=00000008, EBX=00000004, ESP=bf9040a0, EBP=bf9040f8, ESI=b7719000, EDI=00000004
-1	26897	ld-linux.so.2       	b7704675	                                        	89 65 b4                                          	mov dword ptr [ebp-0x4c], esp                     		EAX=00000000, ECX=00000000, EDX=00000008, EBX=00000004, ESP=bf9040a0, EBP=bf9040f8, ESI=b7719000, EDI=00000004
-1	26897	ld-linux.so.2       	b7704678	                                        	85 c0                                             	test eax, eax                                     		EAX=00000000, ECX=00000000, EDX=00000008, EBX=00000004, ESP=bf9040a0, EBP=bf9040f8, ESI=b7719000, EDI=00000004
-1	26897	ld-linux.so.2       	b770467a	                                        	8d 42 10                                          	lea eax, ptr [edx+0x10]                           		EAX=00000000, ECX=00000000, EDX=00000008, EBX=00000004, ESP=bf9040a0, EBP=bf9040f8, ESI=b7719000, EDI=00000004
-1	26897	ld-linux.so.2       	b770467d	                                        	0f 94 c1                                          	setz cl                                           		EAX=00000018, ECX=00000000, EDX=00000008, EBX=00000004, ESP=bf9040a0, EBP=bf9040f8, ESI=b7719000, EDI=00000004
-1	26897	ld-linux.so.2       	b7704680	                                        	83 e0 f0                                          	and eax, 0xfffffff0                               		EAX=00000018, ECX=00000001, EDX=00000008, EBX=00000004, ESP=bf9040a0, EBP=bf9040f8, ESI=b7719000, EDI=00000004
-1	26897	ld-linux.so.2       	b7704683	                                        	89 4d e4                                          	mov dword ptr [ebp-0x1c], ecx                     		EAX=00000010, ECX=00000001, EDX=00000008, EBX=00000004, ESP=bf9040a0, EBP=bf9040f8, ESI=b7719000, EDI=00000004
-1	26897	ld-linux.so.2       	b7704686	                                        	29 c4                                             	sub esp, eax                                      		EAX=00000010, ECX=00000001, EDX=00000008, EBX=00000004, ESP=bf9040a0, EBP=bf9040f8, ESI=b7719000, EDI=00000004
-1	26897	ld-linux.so.2       	b7704688	                                        	89 65 dc                                          	mov dword ptr [ebp-0x24], esp                     		EAX=00000010, ECX=00000001, EDX=00000008, EBX=00000004, ESP=bf904090, EBP=bf9040f8, ESI=b7719000, EDI=00000004
-1	26897	ld-linux.so.2       	b770468b	                                        	89 e3                                             	mov ebx, esp                                      		EAX=00000010, ECX=00000001, EDX=00000008, EBX=00000004, ESP=bf904090, EBP=bf9040f8, ESI=b7719000, EDI=00000004
-1	26897	ld-linux.so.2       	b770468d	                                        	83 ec 04                                          	sub esp, 0x4                                      		EAX=00000010, ECX=00000001, EDX=00000008, EBX=bf904090, ESP=bf904090, EBP=bf9040f8, ESI=b7719000, EDI=00000004
-1	26897	ld-linux.so.2       	b7704690	                                        	52                                                	push edx                                          		EAX=00000010, ECX=00000001, EDX=00000008, EBX=bf904090, ESP=bf90408c, EBP=bf9040f8, ESI=b7719000, EDI=00000004
-1	26897	ld-linux.so.2       	b7704691	                                        	6a 00                                             	push 0x0                                          		EAX=00000010, ECX=00000001, EDX=00000008, EBX=bf904090, ESP=bf904088, EBP=bf9040f8, ESI=b7719000, EDI=00000004
-1	26897	ld-linux.so.2       	b7704693	                                        	53                                                	push ebx                                          		EAX=00000010, ECX=00000001, EDX=00000008, EBX=bf904090, ESP=bf904084, EBP=bf9040f8, ESI=b7719000, EDI=00000004
-1	26897	ld-linux.so.2       	b7704694	                                        	89 f3                                             	mov ebx, esi                                      		EAX=00000010, ECX=00000001, EDX=00000008, EBX=bf904090, ESP=bf904080, EBP=bf9040f8, ESI=b7719000, EDI=00000004
-1	26897	ld-linux.so.2       	b7704696	                                        	e8 d5 9f 00 00                                    	call 0xb770e670                                   		EAX=00000010, ECX=00000001, EDX=00000008, EBX=b7719000, ESP=bf904080, EBP=bf9040f8, ESI=b7719000, EDI=00000004
-1	26897	ld-linux.so.2       	b770469b	                                        	8b 45 d8                                          	mov eax, dword ptr [ebp-0x28]                     		EAX=bf904090, ECX=00000000, EDX=00000000, EBX=b7719000, ESP=bf904080, EBP=bf9040f8, ESI=b7719000, EDI=00000004
-1	26897	ld-linux.so.2       	b770469e	                                        	8b 4d e4                                          	mov ecx, dword ptr [ebp-0x1c]                     		EAX=bf904110, ECX=00000000, EDX=00000000, EBX=b7719000, ESP=bf904080, EBP=bf9040f8, ESI=b7719000, EDI=00000004
-1	26897	ld-linux.so.2       	b77046a1	                                        	83 c4 10                                          	add esp, 0x10                                     		EAX=bf904110, ECX=00000001, EDX=00000000, EBX=b7719000, ESP=bf904080, EBP=bf9040f8, ESI=b7719000, EDI=00000004
-1	26897	ld-linux.so.2       	b77046a4	                                        	8d 44 b8 fc                                       	lea eax, ptr [eax+edi*4-0x4]                      		EAX=bf904110, ECX=00000001, EDX=00000000, EBX=b7719000, ESP=bf904090, EBP=bf9040f8, ESI=b7719000, EDI=00000004
-1	26897	ld-linux.so.2       	b77046a8	                                        	8d 79 01                                          	lea edi, ptr [ecx+0x1]                            		EAX=bf90411c, ECX=00000001, EDX=00000000, EBX=b7719000, ESP=bf904090, EBP=bf9040f8, ESI=b7719000, EDI=00000004
-1	26897	ld-linux.so.2       	b77046ab	                                        	89 45 b8                                          	mov dword ptr [ebp-0x48], eax                     		EAX=bf90411c, ECX=00000001, EDX=00000000, EBX=b7719000, ESP=bf904090, EBP=bf9040f8, ESI=b7719000, EDI=00000002
-1	26897	ld-linux.so.2       	b77046ae	                                        	eb 2e                                             	jmp 0xb77046de                                    		EAX=bf90411c, ECX=00000001, EDX=00000000, EBX=b7719000, ESP=bf904090, EBP=bf9040f8, ESI=b7719000, EDI=00000002
-1	26897	ld-linux.so.2       	b77046de	                                        	8b 45 e4                                          	mov eax, dword ptr [ebp-0x1c]                     		EAX=bf90411c, ECX=00000001, EDX=00000000, EBX=b7719000, ESP=bf904090, EBP=bf9040f8, ESI=b7719000, EDI=00000002
-1	26897	ld-linux.so.2       	b77046e1	                                        	8b 75 dc                                          	mov esi, dword ptr [ebp-0x24]                     		EAX=00000001, ECX=00000001, EDX=00000000, EBX=b7719000, ESP=bf904090, EBP=bf9040f8, ESI=b7719000, EDI=00000002
-1	26897	ld-linux.so.2       	b77046e4	                                        	8d 34 46                                          	lea esi, ptr [esi+eax*2]                          		EAX=00000001, ECX=00000001, EDX=00000000, EBX=b7719000, ESP=bf904090, EBP=bf9040f8, ESI=bf904090, EDI=00000002
-1	26897	ld-linux.so.2       	b77046e7	                                        	0f b7 1e                                          	movzx ebx, word ptr [esi]                         		EAX=00000001, ECX=00000001, EDX=00000000, EBX=b7719000, ESP=bf904090, EBP=bf9040f8, ESI=bf904092, EDI=00000002
-1	26897	ld-linux.so.2       	b77046ea	                                        	8d 4b 01                                          	lea ecx, ptr [ebx+0x1]                            		EAX=00000001, ECX=00000001, EDX=00000000, EBX=00000000, ESP=bf904090, EBP=bf9040f8, ESI=bf904092, EDI=00000002
-1	26897	ld-linux.so.2       	b77046ed	                                        	66 89 4d d2                                       	mov word ptr [ebp-0x2e], cx                       		EAX=00000001, ECX=00000001, EDX=00000000, EBX=00000000, ESP=bf904090, EBP=bf9040f8, ESI=bf904092, EDI=00000002
-1	26897	ld-linux.so.2       	b77046f1	                                        	66 89 0e                                          	mov word ptr [esi], cx                            		EAX=00000001, ECX=00000001, EDX=00000000, EBX=00000000, ESP=bf904090, EBP=bf9040f8, ESI=bf904092, EDI=00000002
-1	26897	ld-linux.so.2       	b77046f4	                                        	8d 0c 85 00 00 00 00                              	lea ecx, ptr [eax*4]                              		EAX=00000001, ECX=00000001, EDX=00000000, EBX=00000000, ESP=bf904090, EBP=bf9040f8, ESI=bf904092, EDI=00000002
-1	26897	ld-linux.so.2       	b77046fb	                                        	8b 45 d8                                          	mov eax, dword ptr [ebp-0x28]                     		EAX=00000001, ECX=00000004, EDX=00000000, EBX=00000000, ESP=bf904090, EBP=bf9040f8, ESI=bf904092, EDI=00000002
-1	26897	ld-linux.so.2       	b77046fe	                                        	01 c8                                             	add eax, ecx                                      		EAX=bf904110, ECX=00000004, EDX=00000000, EBX=00000000, ESP=bf904090, EBP=bf9040f8, ESI=bf904092, EDI=00000002
-1	26897	ld-linux.so.2       	b7704700	                                        	8b 18                                             	mov ebx, dword ptr [eax]                          		EAX=bf904114, ECX=00000004, EDX=00000000, EBX=00000000, ESP=bf904090, EBP=bf9040f8, ESI=bf904092, EDI=00000002
-1	26897	ld-linux.so.2       	b7704702	                                        	89 45 d4                                          	mov dword ptr [ebp-0x2c], eax                     		EAX=bf904114, ECX=00000004, EDX=00000000, EBX=b7719c08, ESP=bf904090, EBP=bf9040f8, ESI=bf904092, EDI=00000002
-1	26897	ld-linux.so.2       	b7704705	                                        	3b 5b 14                                          	cmp ebx, dword ptr [ebx+0x14]                     		EAX=bf904114, ECX=00000004, EDX=00000000, EBX=b7719c08, ESP=bf904090, EBP=bf9040f8, ESI=bf904092, EDI=00000002
-1	26897	ld-linux.so.2       	b7704708	                                        	75 a6                                             	jnz 0xb77046b0                                    		EAX=bf904114, ECX=00000004, EDX=00000000, EBX=b7719c08, ESP=bf904090, EBP=bf9040f8, ESI=bf904092, EDI=00000002
-1	26897	ld-linux.so.2       	b770470a	                                        	83 bb 0c 02 00 00 ff                              	cmp dword ptr [ebx+0x20c], 0xffffffff             		EAX=bf904114, ECX=00000004, EDX=00000000, EBX=b7719c08, ESP=bf904090, EBP=bf9040f8, ESI=bf904092, EDI=00000002
-1	26897	ld-linux.so.2       	b7704711	                                        	74 9d                                             	jz 0xb77046b0                                     		EAX=bf904114, ECX=00000004, EDX=00000000, EBX=b7719c08, ESP=bf904090, EBP=bf9040f8, ESI=bf904092, EDI=00000002
-1	26897	ld-linux.so.2       	b7704713	                                        	8b 45 e0                                          	mov eax, dword ptr [ebp-0x20]                     		EAX=bf904114, ECX=00000004, EDX=00000000, EBX=b7719c08, ESP=bf904090, EBP=bf9040f8, ESI=bf904092, EDI=00000002
-1	26897	ld-linux.so.2       	b7704716	                                        	83 e8 01                                          	sub eax, 0x1                                      		EAX=00000004, ECX=00000004, EDX=00000000, EBX=b7719c08, ESP=bf904090, EBP=bf9040f8, ESI=bf904092, EDI=00000002
-1	26897	ld-linux.so.2       	b7704719	                                        	39 45 e4                                          	cmp dword ptr [ebp-0x1c], eax                     		EAX=00000003, ECX=00000004, EDX=00000000, EBX=b7719c08, ESP=bf904090, EBP=bf9040f8, ESI=bf904092, EDI=00000002
-1	26897	ld-linux.so.2       	b770471c	                                        	89 45 c8                                          	mov dword ptr [ebp-0x38], eax                     		EAX=00000003, ECX=00000004, EDX=00000000, EBX=b7719c08, ESP=bf904090, EBP=bf9040f8, ESI=bf904092, EDI=00000002
-1	26897	ld-linux.so.2       	b770471f	                                        	73 8f                                             	jnb 0xb77046b0                                    		EAX=00000003, ECX=00000004, EDX=00000000, EBX=b7719c08, ESP=bf904090, EBP=bf9040f8, ESI=bf904092, EDI=00000002
-1	26897	ld-linux.so.2       	b7704721	                                        	8b 45 b8                                          	mov eax, dword ptr [ebp-0x48]                     		EAX=00000003, ECX=00000004, EDX=00000000, EBX=b7719c08, ESP=bf904090, EBP=bf9040f8, ESI=bf904092, EDI=00000002
-1	26897	ld-linux.so.2       	b7704724	                                        	89 4d bc                                          	mov dword ptr [ebp-0x44], ecx                     		EAX=bf90411c, ECX=00000004, EDX=00000000, EBX=b7719c08, ESP=bf904090, EBP=bf9040f8, ESI=bf904092, EDI=00000002
-1	26897	ld-linux.so.2       	b7704727	                                        	89 45 c4                                          	mov dword ptr [ebp-0x3c], eax                     		EAX=bf90411c, ECX=00000004, EDX=00000000, EBX=b7719c08, ESP=bf904090, EBP=bf9040f8, ESI=bf904092, EDI=00000002
-1	26897	ld-linux.so.2       	b770472a	                                        	8b 45 c4                                          	mov eax, dword ptr [ebp-0x3c]                     		EAX=bf90411c, ECX=00000004, EDX=00000000, EBX=b7719c08, ESP=bf904090, EBP=bf9040f8, ESI=bf904092, EDI=00000002
-1	26897	ld-linux.so.2       	b770472d	                                        	8b 08                                             	mov ecx, dword ptr [eax]                          		EAX=bf90411c, ECX=00000004, EDX=00000000, EBX=b7719c08, ESP=bf904090, EBP=bf9040f8, ESI=bf904092, EDI=00000002
-1	26897	ld-linux.so.2       	b770472f	                                        	8b 81 f0 01 00 00                                 	mov eax, dword ptr [ecx+0x1f0]                    		EAX=bf90411c, ECX=b771953c, EDX=00000000, EBX=b7719c08, ESP=bf904090, EBP=bf9040f8, ESI=bf904092, EDI=00000002
-1	26897	ld-linux.so.2       	b7704735	                                        	85 c0                                             	test eax, eax                                     		EAX=00000000, ECX=b771953c, EDX=00000000, EBX=b7719c08, ESP=bf904090, EBP=bf9040f8, ESI=bf904092, EDI=00000002
-1	26897	ld-linux.so.2       	b7704737	                                        	0f 84 a3 00 00 00                                 	jz 0xb77047e0                                     		EAX=00000000, ECX=b771953c, EDX=00000000, EBX=b7719c08, ESP=bf904090, EBP=bf9040f8, ESI=bf904092, EDI=00000002
-1	26897	ld-linux.so.2       	b77047e0	                                        	8b 81 f4 01 00 00                                 	mov eax, dword ptr [ecx+0x1f4]                    		EAX=00000000, ECX=b771953c, EDX=00000000, EBX=b7719c08, ESP=bf904090, EBP=bf9040f8, ESI=bf904092, EDI=00000002
-1	26897	ld-linux.so.2       	b77047e6	                                        	85 c0                                             	test eax, eax                                     		EAX=00000000, ECX=b771953c, EDX=00000000, EBX=b7719c08, ESP=bf904090, EBP=bf9040f8, ESI=bf904092, EDI=00000002
-1	26897	ld-linux.so.2       	b77047e8	                                        	75 4d                                             	jnz 0xb7704837                                    		EAX=00000000, ECX=b771953c, EDX=00000000, EBX=b7719c08, ESP=bf904090, EBP=bf9040f8, ESI=bf904092, EDI=00000002
-1	26897	ld-linux.so.2       	b77047ea	                                        	83 6d c8 01                                       	sub dword ptr [ebp-0x38], 0x1                     		EAX=00000000, ECX=b771953c, EDX=00000000, EBX=b7719c08, ESP=bf904090, EBP=bf9040f8, ESI=bf904092, EDI=00000002
-1	26897	ld-linux.so.2       	b77047ee	                                        	83 6d c4 04                                       	sub dword ptr [ebp-0x3c], 0x4                     		EAX=00000000, ECX=b771953c, EDX=00000000, EBX=b7719c08, ESP=bf904090, EBP=bf9040f8, ESI=bf904092, EDI=00000002
-1	26897	ld-linux.so.2       	b77047f2	                                        	8b 45 c8                                          	mov eax, dword ptr [ebp-0x38]                     		EAX=00000000, ECX=b771953c, EDX=00000000, EBX=b7719c08, ESP=bf904090, EBP=bf9040f8, ESI=bf904092, EDI=00000002
-1	26897	ld-linux.so.2       	b77047f5	                                        	39 45 e4                                          	cmp dword ptr [ebp-0x1c], eax                     		EAX=00000002, ECX=b771953c, EDX=00000000, EBX=b7719c08, ESP=bf904090, EBP=bf9040f8, ESI=bf904092, EDI=00000002
-1	26897	ld-linux.so.2       	b77047f8	                                        	0f 82 2c ff ff ff                                 	jb 0xb770472a                                     		EAX=00000002, ECX=b771953c, EDX=00000000, EBX=b7719c08, ESP=bf904090, EBP=bf9040f8, ESI=bf904092, EDI=00000002
-1	26897	ld-linux.so.2       	b770472a	                                        	8b 45 c4                                          	mov eax, dword ptr [ebp-0x3c]                     		EAX=00000002, ECX=b771953c, EDX=00000000, EBX=b7719c08, ESP=bf904090, EBP=bf9040f8, ESI=bf904092, EDI=00000002
-1	26897	ld-linux.so.2       	b770472d	                                        	8b 08                                             	mov ecx, dword ptr [eax]                          		EAX=bf904118, ECX=b771953c, EDX=00000000, EBX=b7719c08, ESP=bf904090, EBP=bf9040f8, ESI=bf904092, EDI=00000002
-1	26897	ld-linux.so.2       	b770472f	                                        	8b 81 f0 01 00 00                                 	mov eax, dword ptr [ecx+0x1f0]                    		EAX=bf904118, ECX=b502a1b0, EDX=00000000, EBX=b7719c08, ESP=bf904090, EBP=bf9040f8, ESI=bf904092, EDI=00000002
-1	26897	ld-linux.so.2       	b7704735	                                        	85 c0                                             	test eax, eax                                     		EAX=b502a448, ECX=b502a1b0, EDX=00000000, EBX=b7719c08, ESP=bf904090, EBP=bf9040f8, ESI=bf904092, EDI=00000002
-1	26897	ld-linux.so.2       	b7704737	                                        	0f 84 a3 00 00 00                                 	jz 0xb77047e0                                     		EAX=b502a448, ECX=b502a1b0, EDX=00000000, EBX=b7719c08, ESP=bf904090, EBP=bf9040f8, ESI=bf904092, EDI=00000002
-1	26897	ld-linux.so.2       	b770473d	                                        	8d 76 00                                          	lea esi, ptr [esi]                                		EAX=b502a448, ECX=b502a1b0, EDX=00000000, EBX=b7719c08, ESP=bf904090, EBP=bf9040f8, ESI=bf904092, EDI=00000002
-1	26897	ld-linux.so.2       	b7704740	                                        	8b 10                                             	mov edx, dword ptr [eax]                          		EAX=b502a448, ECX=b502a1b0, EDX=00000000, EBX=b7719c08, ESP=bf904090, EBP=bf9040f8, ESI=bf904092, EDI=00000002
-1	26897	ld-linux.so.2       	b7704742	                                        	85 d2                                             	test edx, edx                                     		EAX=b502a448, ECX=b502a1b0, EDX=b502a1b0, EBX=b7719c08, ESP=bf904090, EBP=bf9040f8, ESI=bf904092, EDI=00000002
-1	26897	ld-linux.so.2       	b7704744	                                        	0f 84 96 00 00 00                                 	jz 0xb77047e0                                     		EAX=b502a448, ECX=b502a1b0, EDX=b502a1b0, EBX=b7719c08, ESP=bf904090, EBP=bf9040f8, ESI=bf904092, EDI=00000002
-1	26897	ld-linux.so.2       	b770474a	                                        	83 c0 04                                          	add eax, 0x4                                      		EAX=b502a448, ECX=b502a1b0, EDX=b502a1b0, EBX=b7719c08, ESP=bf904090, EBP=bf9040f8, ESI=bf904092, EDI=00000002
-1	26897	ld-linux.so.2       	b770474d	                                        	39 d3                                             	cmp ebx, edx                                      		EAX=b502a44c, ECX=b502a1b0, EDX=b502a1b0, EBX=b7719c08, ESP=bf904090, EBP=bf9040f8, ESI=bf904092, EDI=00000002
-1	26897	ld-linux.so.2       	b770474f	                                        	75 ef                                             	jnz 0xb7704740                                    		EAX=b502a44c, ECX=b502a1b0, EDX=b502a1b0, EBX=b7719c08, ESP=bf904090, EBP=bf9040f8, ESI=bf904092, EDI=00000002
-1	26897	ld-linux.so.2       	b7704740	                                        	8b 10                                             	mov edx, dword ptr [eax]                          		EAX=b502a44c, ECX=b502a1b0, EDX=b502a1b0, EBX=b7719c08, ESP=bf904090, EBP=bf9040f8, ESI=bf904092, EDI=00000002
-1	26897	ld-linux.so.2       	b7704742	                                        	85 d2                                             	test edx, edx                                     		EAX=b502a44c, ECX=b502a1b0, EDX=b771953c, EBX=b7719c08, ESP=bf904090, EBP=bf9040f8, ESI=bf904092, EDI=00000002
-1	26897	ld-linux.so.2       	b7704744	                                        	0f 84 96 00 00 00                                 	jz 0xb77047e0                                     		EAX=b502a44c, ECX=b502a1b0, EDX=b771953c, EBX=b7719c08, ESP=bf904090, EBP=bf9040f8, ESI=bf904092, EDI=00000002
-1	26897	ld-linux.so.2       	b770474a	                                        	83 c0 04                                          	add eax, 0x4                                      		EAX=b502a44c, ECX=b502a1b0, EDX=b771953c, EBX=b7719c08, ESP=bf904090, EBP=bf9040f8, ESI=bf904092, EDI=00000002
-1	26897	ld-linux.so.2       	b770474d	                                        	39 d3                                             	cmp ebx, edx                                      		EAX=b502a450, ECX=b502a1b0, EDX=b771953c, EBX=b7719c08, ESP=bf904090, EBP=bf9040f8, ESI=bf904092, EDI=00000002
-1	26897	ld-linux.so.2       	b770474f	                                        	75 ef                                             	jnz 0xb7704740                                    		EAX=b502a450, ECX=b502a1b0, EDX=b771953c, EBX=b7719c08, ESP=bf904090, EBP=bf9040f8, ESI=bf904092, EDI=00000002
-1	26897	ld-linux.so.2       	b7704740	                                        	8b 10                                             	mov edx, dword ptr [eax]                          		EAX=b502a450, ECX=b502a1b0, EDX=b771953c, EBX=b7719c08, ESP=bf904090, EBP=bf9040f8, ESI=bf904092, EDI=00000002
-1	26897	ld-linux.so.2       	b7704742	                                        	85 d2                                             	test edx, edx                                     		EAX=b502a450, ECX=b502a1b0, EDX=00000000, EBX=b7719c08, ESP=bf904090, EBP=bf9040f8, ESI=bf904092, EDI=00000002
-1	26897	ld-linux.so.2       	b7704744	                                        	0f 84 96 00 00 00                                 	jz 0xb77047e0                                     		EAX=b502a450, ECX=b502a1b0, EDX=00000000, EBX=b7719c08, ESP=bf904090, EBP=bf9040f8, ESI=bf904092, EDI=00000002
-1	26897	ld-linux.so.2       	b77047e0	                                        	8b 81 f4 01 00 00                                 	mov eax, dword ptr [ecx+0x1f4]                    		EAX=b502a450, ECX=b502a1b0, EDX=00000000, EBX=b7719c08, ESP=bf904090, EBP=bf9040f8, ESI=bf904092, EDI=00000002
-1	26897	ld-linux.so.2       	b77047e6	                                        	85 c0                                             	test eax, eax                                     		EAX=00000000, ECX=b502a1b0, EDX=00000000, EBX=b7719c08, ESP=bf904090, EBP=bf9040f8, ESI=bf904092, EDI=00000002
-1	26897	ld-linux.so.2       	b77047e8	                                        	75 4d                                             	jnz 0xb7704837                                    		EAX=00000000, ECX=b502a1b0, EDX=00000000, EBX=b7719c08, ESP=bf904090, EBP=bf9040f8, ESI=bf904092, EDI=00000002
-1	26897	ld-linux.so.2       	b77047ea	                                        	83 6d c8 01                                       	sub dword ptr [ebp-0x38], 0x1                     		EAX=00000000, ECX=b502a1b0, EDX=00000000, EBX=b7719c08, ESP=bf904090, EBP=bf9040f8, ESI=bf904092, EDI=00000002
-1	26897	ld-linux.so.2       	b77047ee	                                        	83 6d c4 04                                       	sub dword ptr [ebp-0x3c], 0x4                     		EAX=00000000, ECX=b502a1b0, EDX=00000000, EBX=b7719c08, ESP=bf904090, EBP=bf9040f8, ESI=bf904092, EDI=00000002
-1	26897	ld-linux.so.2       	b77047f2	                                        	8b 45 c8                                          	mov eax, dword ptr [ebp-0x38]                     		EAX=00000000, ECX=b502a1b0, EDX=00000000, EBX=b7719c08, ESP=bf904090, EBP=bf9040f8, ESI=bf904092, EDI=00000002
-1	26897	ld-linux.so.2       	b77047f5	                                        	39 45 e4                                          	cmp dword ptr [ebp-0x1c], eax                     		EAX=00000001, ECX=b502a1b0, EDX=00000000, EBX=b7719c08, ESP=bf904090, EBP=bf9040f8, ESI=bf904092, EDI=00000002
-1	26897	ld-linux.so.2       	b77047f8	                                        	0f 82 2c ff ff ff                                 	jb 0xb770472a                                     		EAX=00000001, ECX=b502a1b0, EDX=00000000, EBX=b7719c08, ESP=bf904090, EBP=bf9040f8, ESI=bf904092, EDI=00000002
-1	26897	ld-linux.so.2       	b77047fe	                                        	e9 ad fe ff ff                                    	jmp 0xb77046b0                                    		EAX=00000001, ECX=b502a1b0, EDX=00000000, EBX=b7719c08, ESP=bf904090, EBP=bf9040f8, ESI=bf904092, EDI=00000002
-1	26897	ld-linux.so.2       	b77046b0	                                        	39 7d e0                                          	cmp dword ptr [ebp-0x20], edi                     		EAX=00000001, ECX=b502a1b0, EDX=00000000, EBX=b7719c08, ESP=bf904090, EBP=bf9040f8, ESI=bf904092, EDI=00000002
-1	26897	ld-linux.so.2       	b77046b3	                                        	89 7d e4                                          	mov dword ptr [ebp-0x1c], edi                     		EAX=00000001, ECX=b502a1b0, EDX=00000000, EBX=b7719c08, ESP=bf904090, EBP=bf9040f8, ESI=bf904092, EDI=00000002
-1	26897	ld-linux.so.2       	b77046b6	                                        	0f 84 14 01 00 00                                 	jz 0xb77047d0                                     		EAX=00000001, ECX=b502a1b0, EDX=00000000, EBX=b7719c08, ESP=bf904090, EBP=bf9040f8, ESI=bf904092, EDI=00000002
-1	26897	ld-linux.so.2       	b77046bc	                                        	8b 45 e0                                          	mov eax, dword ptr [ebp-0x20]                     		EAX=00000001, ECX=b502a1b0, EDX=00000000, EBX=b7719c08, ESP=bf904090, EBP=bf9040f8, ESI=bf904092, EDI=00000002
-1	26897	ld-linux.so.2       	b77046bf	                                        	8b 75 dc                                          	mov esi, dword ptr [ebp-0x24]                     		EAX=00000004, ECX=b502a1b0, EDX=00000000, EBX=b7719c08, ESP=bf904090, EBP=bf9040f8, ESI=bf904092, EDI=00000002
-1	26897	ld-linux.so.2       	b77046c2	                                        	83 ec 04                                          	sub esp, 0x4                                      		EAX=00000004, ECX=b502a1b0, EDX=00000000, EBX=b7719c08, ESP=bf904090, EBP=bf9040f8, ESI=bf904090, EDI=00000002
-1	26897	ld-linux.so.2       	b77046c5	                                        	8b 5d cc                                          	mov ebx, dword ptr [ebp-0x34]                     		EAX=00000004, ECX=b502a1b0, EDX=00000000, EBX=b7719c08, ESP=bf90408c, EBP=bf9040f8, ESI=bf904090, EDI=00000002
-1	26897	ld-linux.so.2       	b77046c8	                                        	8d 14 7e                                          	lea edx, ptr [esi+edi*2]                          		EAX=00000004, ECX=b502a1b0, EDX=00000000, EBX=b7719000, ESP=bf90408c, EBP=bf9040f8, ESI=bf904090, EDI=00000002
-1	26897	ld-linux.so.2       	b77046cb	                                        	29 f8                                             	sub eax, edi                                      		EAX=00000004, ECX=b502a1b0, EDX=bf904094, EBX=b7719000, ESP=bf90408c, EBP=bf9040f8, ESI=bf904090, EDI=00000002
-1	26897	ld-linux.so.2       	b77046cd	                                        	83 c7 01                                          	add edi, 0x1                                      		EAX=00000002, ECX=b502a1b0, EDX=bf904094, EBX=b7719000, ESP=bf90408c, EBP=bf9040f8, ESI=bf904090, EDI=00000002
-1	26897	ld-linux.so.2       	b77046d0	                                        	01 c0                                             	add eax, eax                                      		EAX=00000002, ECX=b502a1b0, EDX=bf904094, EBX=b7719000, ESP=bf90408c, EBP=bf9040f8, ESI=bf904090, EDI=00000003
-1	26897	ld-linux.so.2       	b77046d2	                                        	50                                                	push eax                                          		EAX=00000004, ECX=b502a1b0, EDX=bf904094, EBX=b7719000, ESP=bf90408c, EBP=bf9040f8, ESI=bf904090, EDI=00000003
-1	26897	ld-linux.so.2       	b77046d3	                                        	6a 00                                             	push 0x0                                          		EAX=00000004, ECX=b502a1b0, EDX=bf904094, EBX=b7719000, ESP=bf904088, EBP=bf9040f8, ESI=bf904090, EDI=00000003
-1	26897	ld-linux.so.2       	b77046d5	                                        	52                                                	push edx                                          		EAX=00000004, ECX=b502a1b0, EDX=bf904094, EBX=b7719000, ESP=bf904084, EBP=bf9040f8, ESI=bf904090, EDI=00000003
-1	26897	ld-linux.so.2       	b77046d6	                                        	e8 95 9f 00 00                                    	call 0xb770e670                                   		EAX=00000004, ECX=b502a1b0, EDX=bf904094, EBX=b7719000, ESP=bf904080, EBP=bf9040f8, ESI=bf904090, EDI=00000003
-1	26897	ld-linux.so.2       	b77046db	                                        	83 c4 10                                          	add esp, 0x10                                     		EAX=bf904094, ECX=00000000, EDX=00000000, EBX=b7719000, ESP=bf904080, EBP=bf9040f8, ESI=bf904090, EDI=00000003
-1	26897	ld-linux.so.2       	b77046de	                                        	8b 45 e4                                          	mov eax, dword ptr [ebp-0x1c]                     		EAX=bf904094, ECX=00000000, EDX=00000000, EBX=b7719000, ESP=bf904090, EBP=bf9040f8, ESI=bf904090, EDI=00000003
-1	26897	ld-linux.so.2       	b77046e1	                                        	8b 75 dc                                          	mov esi, dword ptr [ebp-0x24]                     		EAX=00000002, ECX=00000000, EDX=00000000, EBX=b7719000, ESP=bf904090, EBP=bf9040f8, ESI=bf904090, EDI=00000003
-1	26897	ld-linux.so.2       	b77046e4	                                        	8d 34 46                                          	lea esi, ptr [esi+eax*2]                          		EAX=00000002, ECX=00000000, EDX=00000000, EBX=b7719000, ESP=bf904090, EBP=bf9040f8, ESI=bf904090, EDI=00000003
-1	26897	ld-linux.so.2       	b77046e7	                                        	0f b7 1e                                          	movzx ebx, word ptr [esi]                         		EAX=00000002, ECX=00000000, EDX=00000000, EBX=b7719000, ESP=bf904090, EBP=bf9040f8, ESI=bf904094, EDI=00000003
-1	26897	ld-linux.so.2       	b77046ea	                                        	8d 4b 01                                          	lea ecx, ptr [ebx+0x1]                            		EAX=00000002, ECX=00000000, EDX=00000000, EBX=00000000, ESP=bf904090, EBP=bf9040f8, ESI=bf904094, EDI=00000003
-1	26897	ld-linux.so.2       	b77046ed	                                        	66 89 4d d2                                       	mov word ptr [ebp-0x2e], cx                       		EAX=00000002, ECX=00000001, EDX=00000000, EBX=00000000, ESP=bf904090, EBP=bf9040f8, ESI=bf904094, EDI=00000003
-1	26897	ld-linux.so.2       	b77046f1	                                        	66 89 0e                                          	mov word ptr [esi], cx                            		EAX=00000002, ECX=00000001, EDX=00000000, EBX=00000000, ESP=bf904090, EBP=bf9040f8, ESI=bf904094, EDI=00000003
-1	26897	ld-linux.so.2       	b77046f4	                                        	8d 0c 85 00 00 00 00                              	lea ecx, ptr [eax*4]                              		EAX=00000002, ECX=00000001, EDX=00000000, EBX=00000000, ESP=bf904090, EBP=bf9040f8, ESI=bf904094, EDI=00000003
-1	26897	ld-linux.so.2       	b77046fb	                                        	8b 45 d8                                          	mov eax, dword ptr [ebp-0x28]                     		EAX=00000002, ECX=00000008, EDX=00000000, EBX=00000000, ESP=bf904090, EBP=bf9040f8, ESI=bf904094, EDI=00000003
-1	26897	ld-linux.so.2       	b77046fe	                                        	01 c8                                             	add eax, ecx                                      		EAX=bf904110, ECX=00000008, EDX=00000000, EBX=00000000, ESP=bf904090, EBP=bf9040f8, ESI=bf904094, EDI=00000003
-1	26897	ld-linux.so.2       	b7704700	                                        	8b 18                                             	mov ebx, dword ptr [eax]                          		EAX=bf904118, ECX=00000008, EDX=00000000, EBX=00000000, ESP=bf904090, EBP=bf9040f8, ESI=bf904094, EDI=00000003
-1	26897	ld-linux.so.2       	b7704702	                                        	89 45 d4                                          	mov dword ptr [ebp-0x2c], eax                     		EAX=bf904118, ECX=00000008, EDX=00000000, EBX=b502a1b0, ESP=bf904090, EBP=bf9040f8, ESI=bf904094, EDI=00000003
-1	26897	ld-linux.so.2       	b7704705	                                        	3b 5b 14                                          	cmp ebx, dword ptr [ebx+0x14]                     		EAX=bf904118, ECX=00000008, EDX=00000000, EBX=b502a1b0, ESP=bf904090, EBP=bf9040f8, ESI=bf904094, EDI=00000003
-1	26897	ld-linux.so.2       	b7704708	                                        	75 a6                                             	jnz 0xb77046b0                                    		EAX=bf904118, ECX=00000008, EDX=00000000, EBX=b502a1b0, ESP=bf904090, EBP=bf9040f8, ESI=bf904094, EDI=00000003
-1	26897	ld-linux.so.2       	b770470a	                                        	83 bb 0c 02 00 00 ff                              	cmp dword ptr [ebx+0x20c], 0xffffffff             		EAX=bf904118, ECX=00000008, EDX=00000000, EBX=b502a1b0, ESP=bf904090, EBP=bf9040f8, ESI=bf904094, EDI=00000003
-1	26897	ld-linux.so.2       	b7704711	                                        	74 9d                                             	jz 0xb77046b0                                     		EAX=bf904118, ECX=00000008, EDX=00000000, EBX=b502a1b0, ESP=bf904090, EBP=bf9040f8, ESI=bf904094, EDI=00000003
-1	26897	ld-linux.so.2       	b7704713	                                        	8b 45 e0                                          	mov eax, dword ptr [ebp-0x20]                     		EAX=bf904118, ECX=00000008, EDX=00000000, EBX=b502a1b0, ESP=bf904090, EBP=bf9040f8, ESI=bf904094, EDI=00000003
-1	26897	ld-linux.so.2       	b7704716	                                        	83 e8 01                                          	sub eax, 0x1                                      		EAX=00000004, ECX=00000008, EDX=00000000, EBX=b502a1b0, ESP=bf904090, EBP=bf9040f8, ESI=bf904094, EDI=00000003
-1	26897	ld-linux.so.2       	b7704719	                                        	39 45 e4                                          	cmp dword ptr [ebp-0x1c], eax                     		EAX=00000003, ECX=00000008, EDX=00000000, EBX=b502a1b0, ESP=bf904090, EBP=bf9040f8, ESI=bf904094, EDI=00000003
-1	26897	ld-linux.so.2       	b770471c	                                        	89 45 c8                                          	mov dword ptr [ebp-0x38], eax                     		EAX=00000003, ECX=00000008, EDX=00000000, EBX=b502a1b0, ESP=bf904090, EBP=bf9040f8, ESI=bf904094, EDI=00000003
-1	26897	ld-linux.so.2       	b770471f	                                        	73 8f                                             	jnb 0xb77046b0                                    		EAX=00000003, ECX=00000008, EDX=00000000, EBX=b502a1b0, ESP=bf904090, EBP=bf9040f8, ESI=bf904094, EDI=00000003
-1	26897	ld-linux.so.2       	b7704721	                                        	8b 45 b8                                          	mov eax, dword ptr [ebp-0x48]                     		EAX=00000003, ECX=00000008, EDX=00000000, EBX=b502a1b0, ESP=bf904090, EBP=bf9040f8, ESI=bf904094, EDI=00000003
-1	26897	ld-linux.so.2       	b7704724	                                        	89 4d bc                                          	mov dword ptr [ebp-0x44], ecx                     		EAX=bf90411c, ECX=00000008, EDX=00000000, EBX=b502a1b0, ESP=bf904090, EBP=bf9040f8, ESI=bf904094, EDI=00000003
-1	26897	ld-linux.so.2       	b7704727	                                        	89 45 c4                                          	mov dword ptr [ebp-0x3c], eax                     		EAX=bf90411c, ECX=00000008, EDX=00000000, EBX=b502a1b0, ESP=bf904090, EBP=bf9040f8, ESI=bf904094, EDI=00000003
-1	26897	ld-linux.so.2       	b770472a	                                        	8b 45 c4                                          	mov eax, dword ptr [ebp-0x3c]                     		EAX=bf90411c, ECX=00000008, EDX=00000000, EBX=b502a1b0, ESP=bf904090, EBP=bf9040f8, ESI=bf904094, EDI=00000003
-1	26897	ld-linux.so.2       	b770472d	                                        	8b 08                                             	mov ecx, dword ptr [eax]                          		EAX=bf90411c, ECX=00000008, EDX=00000000, EBX=b502a1b0, ESP=bf904090, EBP=bf9040f8, ESI=bf904094, EDI=00000003
-1	26897	ld-linux.so.2       	b770472f	                                        	8b 81 f0 01 00 00                                 	mov eax, dword ptr [ecx+0x1f0]                    		EAX=bf90411c, ECX=b771953c, EDX=00000000, EBX=b502a1b0, ESP=bf904090, EBP=bf9040f8, ESI=bf904094, EDI=00000003
-1	26897	ld-linux.so.2       	b7704735	                                        	85 c0                                             	test eax, eax                                     		EAX=00000000, ECX=b771953c, EDX=00000000, EBX=b502a1b0, ESP=bf904090, EBP=bf9040f8, ESI=bf904094, EDI=00000003
-1	26897	ld-linux.so.2       	b7704737	                                        	0f 84 a3 00 00 00                                 	jz 0xb77047e0                                     		EAX=00000000, ECX=b771953c, EDX=00000000, EBX=b502a1b0, ESP=bf904090, EBP=bf9040f8, ESI=bf904094, EDI=00000003
-1	26897	ld-linux.so.2       	b77047e0	                                        	8b 81 f4 01 00 00                                 	mov eax, dword ptr [ecx+0x1f4]                    		EAX=00000000, ECX=b771953c, EDX=00000000, EBX=b502a1b0, ESP=bf904090, EBP=bf9040f8, ESI=bf904094, EDI=00000003
-1	26897	ld-linux.so.2       	b77047e6	                                        	85 c0                                             	test eax, eax                                     		EAX=00000000, ECX=b771953c, EDX=00000000, EBX=b502a1b0, ESP=bf904090, EBP=bf9040f8, ESI=bf904094, EDI=00000003
-1	26897	ld-linux.so.2       	b77047e8	                                        	75 4d                                             	jnz 0xb7704837                                    		EAX=00000000, ECX=b771953c, EDX=00000000, EBX=b502a1b0, ESP=bf904090, EBP=bf9040f8, ESI=bf904094, EDI=00000003
-1	26897	ld-linux.so.2       	b77047ea	                                        	83 6d c8 01                                       	sub dword ptr [ebp-0x38], 0x1                     		EAX=00000000, ECX=b771953c, EDX=00000000, EBX=b502a1b0, ESP=bf904090, EBP=bf9040f8, ESI=bf904094, EDI=00000003
-1	26897	ld-linux.so.2       	b77047ee	                                        	83 6d c4 04                                       	sub dword ptr [ebp-0x3c], 0x4                     		EAX=00000000, ECX=b771953c, EDX=00000000, EBX=b502a1b0, ESP=bf904090, EBP=bf9040f8, ESI=bf904094, EDI=00000003
-1	26897	ld-linux.so.2       	b77047f2	                                        	8b 45 c8                                          	mov eax, dword ptr [ebp-0x38]                     		EAX=00000000, ECX=b771953c, EDX=00000000, EBX=b502a1b0, ESP=bf904090, EBP=bf9040f8, ESI=bf904094, EDI=00000003
-1	26897	ld-linux.so.2       	b77047f5	                                        	39 45 e4                                          	cmp dword ptr [ebp-0x1c], eax                     		EAX=00000002, ECX=b771953c, EDX=00000000, EBX=b502a1b0, ESP=bf904090, EBP=bf9040f8, ESI=bf904094, EDI=00000003
-1	26897	ld-linux.so.2       	b77047f8	                                        	0f 82 2c ff ff ff                                 	jb 0xb770472a                                     		EAX=00000002, ECX=b771953c, EDX=00000000, EBX=b502a1b0, ESP=bf904090, EBP=bf9040f8, ESI=bf904094, EDI=00000003
-1	26897	ld-linux.so.2       	b77047fe	                                        	e9 ad fe ff ff                                    	jmp 0xb77046b0                                    		EAX=00000002, ECX=b771953c, EDX=00000000, EBX=b502a1b0, ESP=bf904090, EBP=bf9040f8, ESI=bf904094, EDI=00000003
-1	26897	ld-linux.so.2       	b77046b0	                                        	39 7d e0                                          	cmp dword ptr [ebp-0x20], edi                     		EAX=00000002, ECX=b771953c, EDX=00000000, EBX=b502a1b0, ESP=bf904090, EBP=bf9040f8, ESI=bf904094, EDI=00000003
-1	26897	ld-linux.so.2       	b77046b3	                                        	89 7d e4                                          	mov dword ptr [ebp-0x1c], edi                     		EAX=00000002, ECX=b771953c, EDX=00000000, EBX=b502a1b0, ESP=bf904090, EBP=bf9040f8, ESI=bf904094, EDI=00000003
-1	26897	ld-linux.so.2       	b77046b6	                                        	0f 84 14 01 00 00                                 	jz 0xb77047d0                                     		EAX=00000002, ECX=b771953c, EDX=00000000, EBX=b502a1b0, ESP=bf904090, EBP=bf9040f8, ESI=bf904094, EDI=00000003
-1	26897	ld-linux.so.2       	b77046bc	                                        	8b 45 e0                                          	mov eax, dword ptr [ebp-0x20]                     		EAX=00000002, ECX=b771953c, EDX=00000000, EBX=b502a1b0, ESP=bf904090, EBP=bf9040f8, ESI=bf904094, EDI=00000003
-1	26897	ld-linux.so.2       	b77046bf	                                        	8b 75 dc                                          	mov esi, dword ptr [ebp-0x24]                     		EAX=00000004, ECX=b771953c, EDX=00000000, EBX=b502a1b0, ESP=bf904090, EBP=bf9040f8, ESI=bf904094, EDI=00000003
-1	26897	ld-linux.so.2       	b77046c2	                                        	83 ec 04                                          	sub esp, 0x4                                      		EAX=00000004, ECX=b771953c, EDX=00000000, EBX=b502a1b0, ESP=bf904090, EBP=bf9040f8, ESI=bf904090, EDI=00000003
-1	26897	ld-linux.so.2       	b77046c5	                                        	8b 5d cc                                          	mov ebx, dword ptr [ebp-0x34]                     		EAX=00000004, ECX=b771953c, EDX=00000000, EBX=b502a1b0, ESP=bf90408c, EBP=bf9040f8, ESI=bf904090, EDI=00000003
-1	26897	ld-linux.so.2       	b77046c8	                                        	8d 14 7e                                          	lea edx, ptr [esi+edi*2]                          		EAX=00000004, ECX=b771953c, EDX=00000000, EBX=b7719000, ESP=bf90408c, EBP=bf9040f8, ESI=bf904090, EDI=00000003
-1	26897	ld-linux.so.2       	b77046cb	                                        	29 f8                                             	sub eax, edi                                      		EAX=00000004, ECX=b771953c, EDX=bf904096, EBX=b7719000, ESP=bf90408c, EBP=bf9040f8, ESI=bf904090, EDI=00000003
-1	26897	ld-linux.so.2       	b77046cd	                                        	83 c7 01                                          	add edi, 0x1                                      		EAX=00000001, ECX=b771953c, EDX=bf904096, EBX=b7719000, ESP=bf90408c, EBP=bf9040f8, ESI=bf904090, EDI=00000003
-1	26897	ld-linux.so.2       	b77046d0	                                        	01 c0                                             	add eax, eax                                      		EAX=00000001, ECX=b771953c, EDX=bf904096, EBX=b7719000, ESP=bf90408c, EBP=bf9040f8, ESI=bf904090, EDI=00000004
-1	26897	ld-linux.so.2       	b77046d2	                                        	50                                                	push eax                                          		EAX=00000002, ECX=b771953c, EDX=bf904096, EBX=b7719000, ESP=bf90408c, EBP=bf9040f8, ESI=bf904090, EDI=00000004
-1	26897	ld-linux.so.2       	b77046d3	                                        	6a 00                                             	push 0x0                                          		EAX=00000002, ECX=b771953c, EDX=bf904096, EBX=b7719000, ESP=bf904088, EBP=bf9040f8, ESI=bf904090, EDI=00000004
-1	26897	ld-linux.so.2       	b77046d5	                                        	52                                                	push edx                                          		EAX=00000002, ECX=b771953c, EDX=bf904096, EBX=b7719000, ESP=bf904084, EBP=bf9040f8, ESI=bf904090, EDI=00000004
-1	26897	ld-linux.so.2       	b77046d6	                                        	e8 95 9f 00 00                                    	call 0xb770e670                                   		EAX=00000002, ECX=b771953c, EDX=bf904096, EBX=b7719000, ESP=bf904080, EBP=bf9040f8, ESI=bf904090, EDI=00000004
-1	26897	ld-linux.so.2       	b770e68a	                                        	aa                                                	stosb byte ptr [edi]                              		EAX=00000000, ECX=00000002, EDX=00000002, EBX=b7719000, ESP=bf904078, EBP=bf9040f8, ESI=bf904090, EDI=bf904096
-1	26897	ld-linux.so.2       	b770e68b	                                        	49                                                	dec ecx                                           		EAX=00000000, ECX=00000002, EDX=00000002, EBX=b7719000, ESP=bf904078, EBP=bf9040f8, ESI=bf904090, EDI=bf904097
-1	26897	ld-linux.so.2       	b770e68c	                                        	74 1f                                             	jz 0xb770e6ad                                     		EAX=00000000, ECX=00000001, EDX=00000002, EBX=b7719000, ESP=bf904078, EBP=bf9040f8, ESI=bf904090, EDI=bf904097
-1	26897	ld-linux.so.2       	b770e68e	                                        	aa                                                	stosb byte ptr [edi]                              		EAX=00000000, ECX=00000001, EDX=00000002, EBX=b7719000, ESP=bf904078, EBP=bf9040f8, ESI=bf904090, EDI=bf904097
-1	26897	ld-linux.so.2       	b770e68f	                                        	49                                                	dec ecx                                           		EAX=00000000, ECX=00000001, EDX=00000002, EBX=b7719000, ESP=bf904078, EBP=bf9040f8, ESI=bf904090, EDI=bf904098
-1	26897	ld-linux.so.2       	b770e690	                                        	74 1b                                             	jz 0xb770e6ad                                     		EAX=00000000, ECX=00000000, EDX=00000002, EBX=b7719000, ESP=bf904078, EBP=bf9040f8, ESI=bf904090, EDI=bf904098
-1	26897	ld-linux.so.2       	b77046db	                                        	83 c4 10                                          	add esp, 0x10                                     		EAX=bf904096, ECX=00000000, EDX=00000002, EBX=b7719000, ESP=bf904080, EBP=bf9040f8, ESI=bf904090, EDI=00000004
-1	26897	ld-linux.so.2       	b77046de	                                        	8b 45 e4                                          	mov eax, dword ptr [ebp-0x1c]                     		EAX=bf904096, ECX=00000000, EDX=00000002, EBX=b7719000, ESP=bf904090, EBP=bf9040f8, ESI=bf904090, EDI=00000004
-1	26897	ld-linux.so.2       	b77046e1	                                        	8b 75 dc                                          	mov esi, dword ptr [ebp-0x24]                     		EAX=00000003, ECX=00000000, EDX=00000002, EBX=b7719000, ESP=bf904090, EBP=bf9040f8, ESI=bf904090, EDI=00000004
-1	26897	ld-linux.so.2       	b77046e4	                                        	8d 34 46                                          	lea esi, ptr [esi+eax*2]                          		EAX=00000003, ECX=00000000, EDX=00000002, EBX=b7719000, ESP=bf904090, EBP=bf9040f8, ESI=bf904090, EDI=00000004
-1	26897	ld-linux.so.2       	b77046e7	                                        	0f b7 1e                                          	movzx ebx, word ptr [esi]                         		EAX=00000003, ECX=00000000, EDX=00000002, EBX=b7719000, ESP=bf904090, EBP=bf9040f8, ESI=bf904096, EDI=00000004
-1	26897	ld-linux.so.2       	b77046ea	                                        	8d 4b 01                                          	lea ecx, ptr [ebx+0x1]                            		EAX=00000003, ECX=00000000, EDX=00000002, EBX=00000000, ESP=bf904090, EBP=bf9040f8, ESI=bf904096, EDI=00000004
-1	26897	ld-linux.so.2       	b77046ed	                                        	66 89 4d d2                                       	mov word ptr [ebp-0x2e], cx                       		EAX=00000003, ECX=00000001, EDX=00000002, EBX=00000000, ESP=bf904090, EBP=bf9040f8, ESI=bf904096, EDI=00000004
-1	26897	ld-linux.so.2       	b77046f1	                                        	66 89 0e                                          	mov word ptr [esi], cx                            		EAX=00000003, ECX=00000001, EDX=00000002, EBX=00000000, ESP=bf904090, EBP=bf9040f8, ESI=bf904096, EDI=00000004
-1	26897	ld-linux.so.2       	b77046f4	                                        	8d 0c 85 00 00 00 00                              	lea ecx, ptr [eax*4]                              		EAX=00000003, ECX=00000001, EDX=00000002, EBX=00000000, ESP=bf904090, EBP=bf9040f8, ESI=bf904096, EDI=00000004
-1	26897	ld-linux.so.2       	b77046fb	                                        	8b 45 d8                                          	mov eax, dword ptr [ebp-0x28]                     		EAX=00000003, ECX=0000000c, EDX=00000002, EBX=00000000, ESP=bf904090, EBP=bf9040f8, ESI=bf904096, EDI=00000004
-1	26897	ld-linux.so.2       	b77046fe	                                        	01 c8                                             	add eax, ecx                                      		EAX=bf904110, ECX=0000000c, EDX=00000002, EBX=00000000, ESP=bf904090, EBP=bf9040f8, ESI=bf904096, EDI=00000004
-1	26897	ld-linux.so.2       	b7704700	                                        	8b 18                                             	mov ebx, dword ptr [eax]                          		EAX=bf90411c, ECX=0000000c, EDX=00000002, EBX=00000000, ESP=bf904090, EBP=bf9040f8, ESI=bf904096, EDI=00000004
-1	26897	ld-linux.so.2       	b7704702	                                        	89 45 d4                                          	mov dword ptr [ebp-0x2c], eax                     		EAX=bf90411c, ECX=0000000c, EDX=00000002, EBX=b771953c, ESP=bf904090, EBP=bf9040f8, ESI=bf904096, EDI=00000004
-1	26897	ld-linux.so.2       	b7704705	                                        	3b 5b 14                                          	cmp ebx, dword ptr [ebx+0x14]                     		EAX=bf90411c, ECX=0000000c, EDX=00000002, EBX=b771953c, ESP=bf904090, EBP=bf9040f8, ESI=bf904096, EDI=00000004
-1	26897	ld-linux.so.2       	b7704708	                                        	75 a6                                             	jnz 0xb77046b0                                    		EAX=bf90411c, ECX=0000000c, EDX=00000002, EBX=b771953c, ESP=bf904090, EBP=bf9040f8, ESI=bf904096, EDI=00000004
-1	26897	ld-linux.so.2       	b770470a	                                        	83 bb 0c 02 00 00 ff                              	cmp dword ptr [ebx+0x20c], 0xffffffff             		EAX=bf90411c, ECX=0000000c, EDX=00000002, EBX=b771953c, ESP=bf904090, EBP=bf9040f8, ESI=bf904096, EDI=00000004
-1	26897	ld-linux.so.2       	b7704711	                                        	74 9d                                             	jz 0xb77046b0                                     		EAX=bf90411c, ECX=0000000c, EDX=00000002, EBX=b771953c, ESP=bf904090, EBP=bf9040f8, ESI=bf904096, EDI=00000004
-1	26897	ld-linux.so.2       	b7704713	                                        	8b 45 e0                                          	mov eax, dword ptr [ebp-0x20]                     		EAX=bf90411c, ECX=0000000c, EDX=00000002, EBX=b771953c, ESP=bf904090, EBP=bf9040f8, ESI=bf904096, EDI=00000004
-1	26897	ld-linux.so.2       	b7704716	                                        	83 e8 01                                          	sub eax, 0x1                                      		EAX=00000004, ECX=0000000c, EDX=00000002, EBX=b771953c, ESP=bf904090, EBP=bf9040f8, ESI=bf904096, EDI=00000004
-1	26897	ld-linux.so.2       	b7704719	                                        	39 45 e4                                          	cmp dword ptr [ebp-0x1c], eax                     		EAX=00000003, ECX=0000000c, EDX=00000002, EBX=b771953c, ESP=bf904090, EBP=bf9040f8, ESI=bf904096, EDI=00000004
-1	26897	ld-linux.so.2       	b770471c	                                        	89 45 c8                                          	mov dword ptr [ebp-0x38], eax                     		EAX=00000003, ECX=0000000c, EDX=00000002, EBX=b771953c, ESP=bf904090, EBP=bf9040f8, ESI=bf904096, EDI=00000004
-1	26897	ld-linux.so.2       	b770471f	                                        	73 8f                                             	jnb 0xb77046b0                                    		EAX=00000003, ECX=0000000c, EDX=00000002, EBX=b771953c, ESP=bf904090, EBP=bf9040f8, ESI=bf904096, EDI=00000004
-1	26897	ld-linux.so.2       	b77046b0	                                        	39 7d e0                                          	cmp dword ptr [ebp-0x20], edi                     		EAX=00000003, ECX=0000000c, EDX=00000002, EBX=b771953c, ESP=bf904090, EBP=bf9040f8, ESI=bf904096, EDI=00000004
-1	26897	ld-linux.so.2       	b77046b3	                                        	89 7d e4                                          	mov dword ptr [ebp-0x1c], edi                     		EAX=00000003, ECX=0000000c, EDX=00000002, EBX=b771953c, ESP=bf904090, EBP=bf9040f8, ESI=bf904096, EDI=00000004
-1	26897	ld-linux.so.2       	b77046b6	                                        	0f 84 14 01 00 00                                 	jz 0xb77047d0                                     		EAX=00000003, ECX=0000000c, EDX=00000002, EBX=b771953c, ESP=bf904090, EBP=bf9040f8, ESI=bf904096, EDI=00000004
-1	26897	ld-linux.so.2       	b77047d0	                                        	8b 65 b4                                          	mov esp, dword ptr [ebp-0x4c]                     		EAX=00000003, ECX=0000000c, EDX=00000002, EBX=b771953c, ESP=bf904090, EBP=bf9040f8, ESI=bf904096, EDI=00000004
-1	26897	ld-linux.so.2       	b77047d3	                                        	8d 65 f4                                          	lea esp, ptr [ebp-0xc]                            		EAX=00000003, ECX=0000000c, EDX=00000002, EBX=b771953c, ESP=bf9040a0, EBP=bf9040f8, ESI=bf904096, EDI=00000004
-1	26897	ld-linux.so.2       	b77047d6	                                        	5b                                                	pop ebx                                           		EAX=00000003, ECX=0000000c, EDX=00000002, EBX=b771953c, ESP=bf9040ec, EBP=bf9040f8, ESI=bf904096, EDI=00000004
-1	26897	ld-linux.so.2       	b77047d7	                                        	5e                                                	pop esi                                           		EAX=00000003, ECX=0000000c, EDX=00000002, EBX=00000004, ESP=bf9040f0, EBP=bf9040f8, ESI=bf904096, EDI=00000004
-1	26897	ld-linux.so.2       	b77047d8	                                        	5f                                                	pop edi                                           		EAX=00000003, ECX=0000000c, EDX=00000002, EBX=00000004, ESP=bf9040f4, EBP=bf9040f8, ESI=00000000, EDI=00000004
-1	26897	ld-linux.so.2       	b77047d9	                                        	5d                                                	pop ebp                                           		EAX=00000003, ECX=0000000c, EDX=00000002, EBX=00000004, ESP=bf9040f8, EBP=bf9040f8, ESI=00000000, EDI=b4f8f3dc
-1	26897	ld-linux.so.2       	b77047da	                                        	c2 04 00                                          	ret 0x4                                           		EAX=00000003, ECX=0000000c, EDX=00000002, EBX=00000004, ESP=bf9040fc, EBP=bf904188, ESI=00000000, EDI=b4f8f3dc
-1	26897	ld-linux.so.2       	b77049f3	                                        	8b 45 d8                                          	mov eax, dword ptr [ebp-0x28]                     		EAX=00000003, ECX=0000000c, EDX=00000002, EBX=00000004, ESP=bf904104, EBP=bf904188, ESI=00000000, EDI=b4f8f3dc
-1	26897	ld-linux.so.2       	b77049f6	                                        	8b 4d dc                                          	mov ecx, dword ptr [ebp-0x24]                     		EAX=00000020, ECX=0000000c, EDX=00000002, EBX=00000004, ESP=bf904104, EBP=bf904188, ESI=00000000, EDI=b4f8f3dc
-1	26897	ld-linux.so.2       	b77049f9	                                        	ff 75 d0                                          	push dword ptr [ebp-0x30]                         		EAX=00000020, ECX=b7719000, EDX=00000002, EBX=00000004, ESP=bf904104, EBP=bf904188, ESI=00000000, EDI=b4f8f3dc
-1	26897	ld-linux.so.2       	b77049fc	                                        	ff 94 08 fc 07 00 00                              	call dword ptr [eax+ecx*1+0x7fc]                  		EAX=00000020, ECX=b7719000, EDX=00000002, EBX=00000004, ESP=bf904100, EBP=bf904188, ESI=00000000, EDI=b4f8f3dc
-1	26897	ld-linux.so.2       	b7704a03	                                        	83 c4 10                                          	add esp, 0x10                                     		EAX=b77194e4, ECX=b7719000, EDX=00000002, EBX=00000004, ESP=bf904100, EBP=bf904188, ESI=00000000, EDI=b4f8f3dc
-1	26897	ld-linux.so.2       	b7704a06	                                        	85 db                                             	test ebx, ebx                                     		EAX=b77194e4, ECX=b7719000, EDX=00000002, EBX=00000004, ESP=bf904110, EBP=bf904188, ESI=00000000, EDI=b4f8f3dc
-1	26897	ld-linux.so.2       	b7704a08	                                        	c7 45 e4 00 00 00 00                              	mov dword ptr [ebp-0x1c], 0x0                     		EAX=b77194e4, ECX=b7719000, EDX=00000002, EBX=00000004, ESP=bf904110, EBP=bf904188, ESI=00000000, EDI=b4f8f3dc
-1	26897	ld-linux.so.2       	b7704a0f	                                        	0f 84 a7 00 00 00                                 	jz 0xb7704abc                                     		EAX=b77194e4, ECX=b7719000, EDX=00000002, EBX=00000004, ESP=bf904110, EBP=bf904188, ESI=00000000, EDI=b4f8f3dc
-1	26897	ld-linux.so.2       	b7704a15	                                        	8d 76 00                                          	lea esi, ptr [esi]                                		EAX=b77194e4, ECX=b7719000, EDX=00000002, EBX=00000004, ESP=bf904110, EBP=bf904188, ESI=00000000, EDI=b4f8f3dc
-1	26897	ld-linux.so.2       	b7704a18	                                        	8b 45 c4                                          	mov eax, dword ptr [ebp-0x3c]                     		EAX=b77194e4, ECX=b7719000, EDX=00000002, EBX=00000004, ESP=bf904110, EBP=bf904188, ESI=00000000, EDI=b4f8f3dc
-1	26897	ld-linux.so.2       	b7704a1b	                                        	8b 7d e4                                          	mov edi, dword ptr [ebp-0x1c]                     		EAX=bf904110, ECX=b7719000, EDX=00000002, EBX=00000004, ESP=bf904110, EBP=bf904188, ESI=00000000, EDI=b4f8f3dc
-1	26897	ld-linux.so.2       	b7704a1e	                                        	8b 1c b8                                          	mov ebx, dword ptr [eax+edi*4]                    		EAX=bf904110, ECX=b7719000, EDX=00000002, EBX=00000004, ESP=bf904110, EBP=bf904188, ESI=00000000, EDI=00000000
-1	26897	ld-linux.so.2       	b7704a21	                                        	0f b6 83 94 01 00 00                              	movzx eax, byte ptr [ebx+0x194]                   		EAX=bf904110, ECX=b7719000, EDX=00000002, EBX=b7719918, ESP=bf904110, EBP=bf904188, ESI=00000000, EDI=00000000
-1	26897	ld-linux.so.2       	b7704a28	                                        	a8 08                                             	test al, 0x8                                      		EAX=0000001c, ECX=b7719000, EDX=00000002, EBX=b7719918, ESP=bf904110, EBP=bf904188, ESI=00000000, EDI=00000000
-1	26897	ld-linux.so.2       	b7704a2a	                                        	74 79                                             	jz 0xb7704aa5                                     		EAX=0000001c, ECX=b7719000, EDX=00000002, EBX=b7719918, ESP=bf904110, EBP=bf904188, ESI=00000000, EDI=00000000
-1	26897	ld-linux.so.2       	b7704a2c	                                        	83 e0 f7                                          	and eax, 0xfffffff7                               		EAX=0000001c, ECX=b7719000, EDX=00000002, EBX=b7719918, ESP=bf904110, EBP=bf904188, ESI=00000000, EDI=00000000
-1	26897	ld-linux.so.2       	b7704a2f	                                        	88 83 94 01 00 00                                 	mov byte ptr [ebx+0x194], al                      		EAX=00000014, ECX=b7719000, EDX=00000002, EBX=b7719918, ESP=bf904110, EBP=bf904188, ESI=00000000, EDI=00000000
-1	26897	ld-linux.so.2       	b7704a35	                                        	8b 83 88 00 00 00                                 	mov eax, dword ptr [ebx+0x88]                     		EAX=00000014, ECX=b7719000, EDX=00000002, EBX=b7719918, ESP=bf904110, EBP=bf904188, ESI=00000000, EDI=00000000
-1	26897	ld-linux.so.2       	b7704a3b	                                        	85 c0                                             	test eax, eax                                     		EAX=08049f3c, ECX=b7719000, EDX=00000002, EBX=b7719918, ESP=bf904110, EBP=bf904188, ESI=00000000, EDI=00000000
-1	26897	ld-linux.so.2       	b7704a3d	                                        	0f 84 cd 00 00 00                                 	jz 0xb7704b10                                     		EAX=08049f3c, ECX=b7719000, EDX=00000002, EBX=b7719918, ESP=bf904110, EBP=bf904188, ESI=00000000, EDI=00000000
-1	26897	ld-linux.so.2       	b7704a43	                                        	8b 4d dc                                          	mov ecx, dword ptr [ebp-0x24]                     		EAX=08049f3c, ECX=b7719000, EDX=00000002, EBX=b7719918, ESP=bf904110, EBP=bf904188, ESI=00000000, EDI=00000000
-1	26897	ld-linux.so.2       	b7704a46	                                        	f6 81 00 fd ff ff 02                              	test byte ptr [ecx-0x300], 0x2                    		EAX=08049f3c, ECX=b7719000, EDX=00000002, EBX=b7719918, ESP=bf904110, EBP=bf904188, ESI=00000000, EDI=00000000
-1	26897	ld-linux.so.2       	b7704a4d	                                        	0f 85 dd 00 00 00                                 	jnz 0xb7704b30                                    		EAX=08049f3c, ECX=b7719000, EDX=00000002, EBX=b7719918, ESP=bf904110, EBP=bf904188, ESI=00000000, EDI=00000000
-1	26897	ld-linux.so.2       	b7704a53	                                        	8b 78 04                                          	mov edi, dword ptr [eax+0x4]                      		EAX=08049f3c, ECX=b7719000, EDX=00000002, EBX=b7719918, ESP=bf904110, EBP=bf904188, ESI=00000000, EDI=00000000
-1	26897	ld-linux.so.2       	b7704a56	                                        	8b 83 90 00 00 00                                 	mov eax, dword ptr [ebx+0x90]                     		EAX=08049f3c, ECX=b7719000, EDX=00000002, EBX=b7719918, ESP=bf904110, EBP=bf904188, ESI=00000000, EDI=08049f0c
-1	26897	ld-linux.so.2       	b7704a5c	                                        	03 3b                                             	add edi, dword ptr [ebx]                          		EAX=08049f44, ECX=b7719000, EDX=00000002, EBX=b7719918, ESP=bf904110, EBP=bf904188, ESI=00000000, EDI=08049f0c
-1	26897	ld-linux.so.2       	b7704a5e	                                        	8b 40 04                                          	mov eax, dword ptr [eax+0x4]                      		EAX=08049f44, ECX=b7719000, EDX=00000002, EBX=b7719918, ESP=bf904110, EBP=bf904188, ESI=00000000, EDI=08049f0c
-1	26897	ld-linux.so.2       	b7704a61	                                        	c1 e8 02                                          	shr eax, 0x2                                      		EAX=00000004, ECX=b7719000, EDX=00000002, EBX=b7719918, ESP=bf904110, EBP=bf904188, ESI=00000000, EDI=08049f0c
-1	26897	ld-linux.so.2       	b7704a64	                                        	85 c0                                             	test eax, eax                                     		EAX=00000001, ECX=b7719000, EDX=00000002, EBX=b7719918, ESP=bf904110, EBP=bf904188, ESI=00000000, EDI=08049f0c
-1	26897	ld-linux.so.2       	b7704a66	                                        	89 c6                                             	mov esi, eax                                      		EAX=00000001, ECX=b7719000, EDX=00000002, EBX=b7719918, ESP=bf904110, EBP=bf904188, ESI=00000000, EDI=08049f0c
-1	26897	ld-linux.so.2       	b7704a68	                                        	74 0f                                             	jz 0xb7704a79                                     		EAX=00000001, ECX=b7719000, EDX=00000002, EBX=b7719918, ESP=bf904110, EBP=bf904188, ESI=00000001, EDI=08049f0c
-1	26897	ld-linux.so.2       	b7704a6a	                                        	8d b6 00 00 00 00                                 	lea esi, ptr [esi]                                		EAX=00000001, ECX=b7719000, EDX=00000002, EBX=b7719918, ESP=bf904110, EBP=bf904188, ESI=00000001, EDI=08049f0c
-1	26897	ld-linux.so.2       	b7704a70	                                        	ff 54 b7 fc                                       	call dword ptr [edi+esi*4-0x4]                    		EAX=00000001, ECX=b7719000, EDX=00000002, EBX=b7719918, ESP=bf904110, EBP=bf904188, ESI=00000001, EDI=08049f0c
-1	26897	unknown             	080483c0	                                        	80 3d 1c a0 04 08 00                              	cmp byte ptr [0x804a01c], 0x0                     		EAX=00000001, ECX=b7719000, EDX=00000002, EBX=b7719918, ESP=bf90410c, EBP=bf904188, ESI=00000001, EDI=08049f0c
-1	26897	unknown             	080483c7	                                        	75 13                                             	jnz 0x80483dc                                     		EAX=00000001, ECX=b7719000, EDX=00000002, EBX=b7719918, ESP=bf90410c, EBP=bf904188, ESI=00000001, EDI=08049f0c
-1	26897	unknown             	080483c9	                                        	55                                                	push ebp                                          		EAX=00000001, ECX=b7719000, EDX=00000002, EBX=b7719918, ESP=bf90410c, EBP=bf904188, ESI=00000001, EDI=08049f0c
-1	26897	unknown             	080483ca	                                        	89 e5                                             	mov ebp, esp                                      		EAX=00000001, ECX=b7719000, EDX=00000002, EBX=b7719918, ESP=bf904108, EBP=bf904188, ESI=00000001, EDI=08049f0c
-1	26897	unknown             	080483cc	                                        	83 ec 08                                          	sub esp, 0x8                                      		EAX=00000001, ECX=b7719000, EDX=00000002, EBX=b7719918, ESP=bf904108, EBP=bf904108, ESI=00000001, EDI=08049f0c
-1	26897	unknown             	080483cf	                                        	e8 7c ff ff ff                                    	call 0x8048350                                    		EAX=00000001, ECX=b7719000, EDX=00000002, EBX=b7719918, ESP=bf904100, EBP=bf904108, ESI=00000001, EDI=08049f0c
-1	26897	unknown             	08048350	                                        	b8 1f a0 04 08                                    	mov eax, 0x804a01f                                		EAX=00000001, ECX=b7719000, EDX=00000002, EBX=b7719918, ESP=bf9040fc, EBP=bf904108, ESI=00000001, EDI=08049f0c
-1	26897	unknown             	08048355	                                        	2d 1c a0 04 08                                    	sub eax, 0x804a01c                                		EAX=0804a01f, ECX=b7719000, EDX=00000002, EBX=b7719918, ESP=bf9040fc, EBP=bf904108, ESI=00000001, EDI=08049f0c
-1	26897	unknown             	0804835a	                                        	83 f8 06                                          	cmp eax, 0x6                                      		EAX=00000003, ECX=b7719000, EDX=00000002, EBX=b7719918, ESP=bf9040fc, EBP=bf904108, ESI=00000001, EDI=08049f0c
-1	26897	unknown             	0804835d	                                        	76 1a                                             	jbe 0x8048379                                     		EAX=00000003, ECX=b7719000, EDX=00000002, EBX=b7719918, ESP=bf9040fc, EBP=bf904108, ESI=00000001, EDI=08049f0c
-1	26897	unknown             	08048379	                                        	f3 c3                                             	ret                                               		EAX=00000003, ECX=b7719000, EDX=00000002, EBX=b7719918, ESP=bf9040fc, EBP=bf904108, ESI=00000001, EDI=08049f0c
-1	26897	unknown             	080483d4	                                        	c6 05 1c a0 04 08 01                              	mov byte ptr [0x804a01c], 0x1                     		EAX=00000003, ECX=b7719000, EDX=00000002, EBX=b7719918, ESP=bf904100, EBP=bf904108, ESI=00000001, EDI=08049f0c
-1	26897	unknown             	080483db	                                        	c9                                                	leave                                             		EAX=00000003, ECX=b7719000, EDX=00000002, EBX=b7719918, ESP=bf904100, EBP=bf904108, ESI=00000001, EDI=08049f0c
-1	26897	unknown             	080483dc	                                        	f3 c3                                             	ret                                               		EAX=00000003, ECX=b7719000, EDX=00000002, EBX=b7719918, ESP=bf90410c, EBP=bf904188, ESI=00000001, EDI=08049f0c
-1	26897	ld-linux.so.2       	b7704a74	                                        	83 ee 01                                          	sub esi, 0x1                                      		EAX=00000003, ECX=b7719000, EDX=00000002, EBX=b7719918, ESP=bf904110, EBP=bf904188, ESI=00000001, EDI=08049f0c
-1	26897	ld-linux.so.2       	b7704a77	                                        	75 f7                                             	jnz 0xb7704a70                                    		EAX=00000003, ECX=b7719000, EDX=00000002, EBX=b7719918, ESP=bf904110, EBP=bf904188, ESI=00000000, EDI=08049f0c
-1	26897	ld-linux.so.2       	b7704a79	                                        	8b 43 54                                          	mov eax, dword ptr [ebx+0x54]                     		EAX=00000003, ECX=b7719000, EDX=00000002, EBX=b7719918, ESP=bf904110, EBP=bf904188, ESI=00000000, EDI=08049f0c
-1	26897	ld-linux.so.2       	b7704a7c	                                        	85 c0                                             	test eax, eax                                     		EAX=08049f24, ECX=b7719000, EDX=00000002, EBX=b7719918, ESP=bf904110, EBP=bf904188, ESI=00000000, EDI=08049f0c
-1	26897	ld-linux.so.2       	b7704a7e	                                        	74 07                                             	jz 0xb7704a87                                     		EAX=08049f24, ECX=b7719000, EDX=00000002, EBX=b7719918, ESP=bf904110, EBP=bf904188, ESI=00000000, EDI=08049f0c
-1	26897	ld-linux.so.2       	b7704a80	                                        	8b 40 04                                          	mov eax, dword ptr [eax+0x4]                      		EAX=08049f24, ECX=b7719000, EDX=00000002, EBX=b7719918, ESP=bf904110, EBP=bf904188, ESI=00000000, EDI=08049f0c
-1	26897	ld-linux.so.2       	b7704a83	                                        	03 03                                             	add eax, dword ptr [ebx]                          		EAX=08048574, ECX=b7719000, EDX=00000002, EBX=b7719918, ESP=bf904110, EBP=bf904188, ESI=00000000, EDI=08049f0c
-1	26897	ld-linux.so.2       	b7704a85	                                        	ff d0                                             	call eax                                          		EAX=08048574, ECX=b7719000, EDX=00000002, EBX=b7719918, ESP=bf904110, EBP=bf904188, ESI=00000000, EDI=08049f0c
-1	26897	unknown             	08048574	                                        	53                                                	push ebx                                          		EAX=08048574, ECX=b7719000, EDX=00000002, EBX=b7719918, ESP=bf90410c, EBP=bf904188, ESI=00000000, EDI=08049f0c
-1	26897	unknown             	08048575	                                        	83 ec 08                                          	sub esp, 0x8                                      		EAX=08048574, ECX=b7719000, EDX=00000002, EBX=b7719918, ESP=bf904108, EBP=bf904188, ESI=00000000, EDI=08049f0c
-1	26897	unknown             	08048578	                                        	e8 c3 fd ff ff                                    	call 0x8048340                                    		EAX=08048574, ECX=b7719000, EDX=00000002, EBX=b7719918, ESP=bf904100, EBP=bf904188, ESI=00000000, EDI=08049f0c
-1	26897	unknown             	08048340	                                        	8b 1c 24                                          	mov ebx, dword ptr [esp]                          		EAX=08048574, ECX=b7719000, EDX=00000002, EBX=b7719918, ESP=bf9040fc, EBP=bf904188, ESI=00000000, EDI=08049f0c
-1	26897	unknown             	08048343	                                        	c3                                                	ret                                               		EAX=08048574, ECX=b7719000, EDX=00000002, EBX=0804857d, ESP=bf9040fc, EBP=bf904188, ESI=00000000, EDI=08049f0c
-1	26897	unknown             	0804857d	                                        	81 c3 83 1a 00 00                                 	add ebx, 0x1a83                                   		EAX=08048574, ECX=b7719000, EDX=00000002, EBX=0804857d, ESP=bf904100, EBP=bf904188, ESI=00000000, EDI=08049f0c
-1	26897	unknown             	08048583	                                        	83 c4 08                                          	add esp, 0x8                                      		EAX=08048574, ECX=b7719000, EDX=00000002, EBX=0804a000, ESP=bf904100, EBP=bf904188, ESI=00000000, EDI=08049f0c
-1	26897	unknown             	08048586	                                        	5b                                                	pop ebx                                           		EAX=08048574, ECX=b7719000, EDX=00000002, EBX=0804a000, ESP=bf904108, EBP=bf904188, ESI=00000000, EDI=08049f0c
-1	26897	unknown             	08048587	                                        	c3                                                	ret                                               		EAX=08048574, ECX=b7719000, EDX=00000002, EBX=b7719918, ESP=bf90410c, EBP=bf904188, ESI=00000000, EDI=08049f0c
-1	26897	ld-linux.so.2       	b7704a87	                                        	8b 4d cc                                          	mov ecx, dword ptr [ebp-0x34]                     		EAX=08048574, ECX=b7719000, EDX=00000002, EBX=b7719918, ESP=bf904110, EBP=bf904188, ESI=00000000, EDI=08049f0c
-1	26897	ld-linux.so.2       	b7704a8a	                                        	85 c9                                             	test ecx, ecx                                     		EAX=08048574, ECX=00000000, EDX=00000002, EBX=b7719918, ESP=bf904110, EBP=bf904188, ESI=00000000, EDI=08049f0c
-1	26897	ld-linux.so.2       	b7704a8c	                                        	75 17                                             	jnz 0xb7704aa5                                    		EAX=08048574, ECX=00000000, EDX=00000002, EBX=b7719918, ESP=bf904110, EBP=bf904188, ESI=00000000, EDI=08049f0c
-1	26897	ld-linux.so.2       	b7704a8e	                                        	8b 45 dc                                          	mov eax, dword ptr [ebp-0x24]                     		EAX=08048574, ECX=00000000, EDX=00000002, EBX=b7719918, ESP=bf904110, EBP=bf904188, ESI=00000000, EDI=08049f0c
-1	26897	ld-linux.so.2       	b7704a91	                                        	8d 35 00 fd ff ff                                 	lea esi, ptr [0xfffffd00]                         		EAX=b7719000, ECX=00000000, EDX=00000002, EBX=b7719918, ESP=bf904110, EBP=bf904188, ESI=00000000, EDI=08049f0c
-1	26897	ld-linux.so.2       	b7704a97	                                        	8b 90 10 ff ff ff                                 	mov edx, dword ptr [eax-0xf0]                     		EAX=b7719000, ECX=00000000, EDX=00000002, EBX=b7719918, ESP=bf904110, EBP=bf904188, ESI=fffffd00, EDI=08049f0c
-1	26897	ld-linux.so.2       	b7704a9d	                                        	85 d2                                             	test edx, edx                                     		EAX=b7719000, ECX=00000000, EDX=00000000, EBX=b7719918, ESP=bf904110, EBP=bf904188, ESI=fffffd00, EDI=08049f0c
-1	26897	ld-linux.so.2       	b7704a9f	                                        	0f 85 c9 00 00 00                                 	jnz 0xb7704b6e                                    		EAX=b7719000, ECX=00000000, EDX=00000000, EBX=b7719918, ESP=bf904110, EBP=bf904188, ESI=fffffd00, EDI=08049f0c
-1	26897	ld-linux.so.2       	b7704aa5	                                        	83 45 e4 01                                       	add dword ptr [ebp-0x1c], 0x1                     		EAX=b7719000, ECX=00000000, EDX=00000000, EBX=b7719918, ESP=bf904110, EBP=bf904188, ESI=fffffd00, EDI=08049f0c
-1	26897	ld-linux.so.2       	b7704aa9	                                        	83 ab 90 01 00 00 01                              	sub dword ptr [ebx+0x190], 0x1                    		EAX=b7719000, ECX=00000000, EDX=00000000, EBX=b7719918, ESP=bf904110, EBP=bf904188, ESI=fffffd00, EDI=08049f0c
-1	26897	ld-linux.so.2       	b7704ab0	                                        	8b 45 e4                                          	mov eax, dword ptr [ebp-0x1c]                     		EAX=b7719000, ECX=00000000, EDX=00000000, EBX=b7719918, ESP=bf904110, EBP=bf904188, ESI=fffffd00, EDI=08049f0c
-1	26897	ld-linux.so.2       	b7704ab3	                                        	39 45 c8                                          	cmp dword ptr [ebp-0x38], eax                     		EAX=00000001, ECX=00000000, EDX=00000000, EBX=b7719918, ESP=bf904110, EBP=bf904188, ESI=fffffd00, EDI=08049f0c
-1	26897	ld-linux.so.2       	b7704ab6	                                        	0f 85 5c ff ff ff                                 	jnz 0xb7704a18                                    		EAX=00000001, ECX=00000000, EDX=00000000, EBX=b7719918, ESP=bf904110, EBP=bf904188, ESI=fffffd00, EDI=08049f0c
-1	26897	ld-linux.so.2       	b7704a18	                                        	8b 45 c4                                          	mov eax, dword ptr [ebp-0x3c]                     		EAX=00000001, ECX=00000000, EDX=00000000, EBX=b7719918, ESP=bf904110, EBP=bf904188, ESI=fffffd00, EDI=08049f0c
-1	26897	ld-linux.so.2       	b7704a1b	                                        	8b 7d e4                                          	mov edi, dword ptr [ebp-0x1c]                     		EAX=bf904110, ECX=00000000, EDX=00000000, EBX=b7719918, ESP=bf904110, EBP=bf904188, ESI=fffffd00, EDI=08049f0c
-1	26897	ld-linux.so.2       	b7704a1e	                                        	8b 1c b8                                          	mov ebx, dword ptr [eax+edi*4]                    		EAX=bf904110, ECX=00000000, EDX=00000000, EBX=b7719918, ESP=bf904110, EBP=bf904188, ESI=fffffd00, EDI=00000001
-1	26897	ld-linux.so.2       	b7704a21	                                        	0f b6 83 94 01 00 00                              	movzx eax, byte ptr [ebx+0x194]                   		EAX=bf904110, ECX=00000000, EDX=00000000, EBX=b7719c08, ESP=bf904110, EBP=bf904188, ESI=fffffd00, EDI=00000001
-1	26897	ld-linux.so.2       	b7704a28	                                        	a8 08                                             	test al, 0x8                                      		EAX=00000005, ECX=00000000, EDX=00000000, EBX=b7719c08, ESP=bf904110, EBP=bf904188, ESI=fffffd00, EDI=00000001
-1	26897	ld-linux.so.2       	b7704a2a	                                        	74 79                                             	jz 0xb7704aa5                                     		EAX=00000005, ECX=00000000, EDX=00000000, EBX=b7719c08, ESP=bf904110, EBP=bf904188, ESI=fffffd00, EDI=00000001
-1	26897	ld-linux.so.2       	b7704aa5	                                        	83 45 e4 01                                       	add dword ptr [ebp-0x1c], 0x1                     		EAX=00000005, ECX=00000000, EDX=00000000, EBX=b7719c08, ESP=bf904110, EBP=bf904188, ESI=fffffd00, EDI=00000001
-1	26897	ld-linux.so.2       	b7704aa9	                                        	83 ab 90 01 00 00 01                              	sub dword ptr [ebx+0x190], 0x1                    		EAX=00000005, ECX=00000000, EDX=00000000, EBX=b7719c08, ESP=bf904110, EBP=bf904188, ESI=fffffd00, EDI=00000001
-1	26897	ld-linux.so.2       	b7704ab0	                                        	8b 45 e4                                          	mov eax, dword ptr [ebp-0x1c]                     		EAX=00000005, ECX=00000000, EDX=00000000, EBX=b7719c08, ESP=bf904110, EBP=bf904188, ESI=fffffd00, EDI=00000001
-1	26897	ld-linux.so.2       	b7704ab3	                                        	39 45 c8                                          	cmp dword ptr [ebp-0x38], eax                     		EAX=00000002, ECX=00000000, EDX=00000000, EBX=b7719c08, ESP=bf904110, EBP=bf904188, ESI=fffffd00, EDI=00000001
-1	26897	ld-linux.so.2       	b7704ab6	                                        	0f 85 5c ff ff ff                                 	jnz 0xb7704a18                                    		EAX=00000002, ECX=00000000, EDX=00000000, EBX=b7719c08, ESP=bf904110, EBP=bf904188, ESI=fffffd00, EDI=00000001
-1	26897	ld-linux.so.2       	b7704a18	                                        	8b 45 c4                                          	mov eax, dword ptr [ebp-0x3c]                     		EAX=00000002, ECX=00000000, EDX=00000000, EBX=b7719c08, ESP=bf904110, EBP=bf904188, ESI=fffffd00, EDI=00000001
-1	26897	ld-linux.so.2       	b7704a1b	                                        	8b 7d e4                                          	mov edi, dword ptr [ebp-0x1c]                     		EAX=bf904110, ECX=00000000, EDX=00000000, EBX=b7719c08, ESP=bf904110, EBP=bf904188, ESI=fffffd00, EDI=00000001
-1	26897	ld-linux.so.2       	b7704a1e	                                        	8b 1c b8                                          	mov ebx, dword ptr [eax+edi*4]                    		EAX=bf904110, ECX=00000000, EDX=00000000, EBX=b7719c08, ESP=bf904110, EBP=bf904188, ESI=fffffd00, EDI=00000002
-1	26897	ld-linux.so.2       	b7704a21	                                        	0f b6 83 94 01 00 00                              	movzx eax, byte ptr [ebx+0x194]                   		EAX=bf904110, ECX=00000000, EDX=00000000, EBX=b502a1b0, ESP=bf904110, EBP=bf904188, ESI=fffffd00, EDI=00000002
-1	26897	ld-linux.so.2       	b7704a28	                                        	a8 08                                             	test al, 0x8                                      		EAX=0000001d, ECX=00000000, EDX=00000000, EBX=b502a1b0, ESP=bf904110, EBP=bf904188, ESI=fffffd00, EDI=00000002
-1	26897	ld-linux.so.2       	b7704a2a	                                        	74 79                                             	jz 0xb7704aa5                                     		EAX=0000001d, ECX=00000000, EDX=00000000, EBX=b502a1b0, ESP=bf904110, EBP=bf904188, ESI=fffffd00, EDI=00000002
-1	26897	ld-linux.so.2       	b7704a2c	                                        	83 e0 f7                                          	and eax, 0xfffffff7                               		EAX=0000001d, ECX=00000000, EDX=00000000, EBX=b502a1b0, ESP=bf904110, EBP=bf904188, ESI=fffffd00, EDI=00000002
-1	26897	ld-linux.so.2       	b7704a2f	                                        	88 83 94 01 00 00                                 	mov byte ptr [ebx+0x194], al                      		EAX=00000015, ECX=00000000, EDX=00000000, EBX=b502a1b0, ESP=bf904110, EBP=bf904188, ESI=fffffd00, EDI=00000002
-1	26897	ld-linux.so.2       	b7704a35	                                        	8b 83 88 00 00 00                                 	mov eax, dword ptr [ebx+0x88]                     		EAX=00000015, ECX=00000000, EDX=00000000, EBX=b502a1b0, ESP=bf904110, EBP=bf904188, ESI=fffffd00, EDI=00000002
-1	26897	ld-linux.so.2       	b7704a3b	                                        	85 c0                                             	test eax, eax                                     		EAX=00000000, ECX=00000000, EDX=00000000, EBX=b502a1b0, ESP=bf904110, EBP=bf904188, ESI=fffffd00, EDI=00000002
-1	26897	ld-linux.so.2       	b7704a3d	                                        	0f 84 cd 00 00 00                                 	jz 0xb7704b10                                     		EAX=00000000, ECX=00000000, EDX=00000000, EBX=b502a1b0, ESP=bf904110, EBP=bf904188, ESI=fffffd00, EDI=00000002
-1	26897	ld-linux.so.2       	b7704b10	                                        	8b 43 54                                          	mov eax, dword ptr [ebx+0x54]                     		EAX=00000000, ECX=00000000, EDX=00000000, EBX=b502a1b0, ESP=bf904110, EBP=bf904188, ESI=fffffd00, EDI=00000002
-1	26897	ld-linux.so.2       	b7704b13	                                        	85 c0                                             	test eax, eax                                     		EAX=00000000, ECX=00000000, EDX=00000000, EBX=b502a1b0, ESP=bf904110, EBP=bf904188, ESI=fffffd00, EDI=00000002
-1	26897	ld-linux.so.2       	b7704b15	                                        	0f 84 6c ff ff ff                                 	jz 0xb7704a87                                     		EAX=00000000, ECX=00000000, EDX=00000000, EBX=b502a1b0, ESP=bf904110, EBP=bf904188, ESI=fffffd00, EDI=00000002
-1	26897	ld-linux.so.2       	b7704a87	                                        	8b 4d cc                                          	mov ecx, dword ptr [ebp-0x34]                     		EAX=00000000, ECX=00000000, EDX=00000000, EBX=b502a1b0, ESP=bf904110, EBP=bf904188, ESI=fffffd00, EDI=00000002
-1	26897	ld-linux.so.2       	b7704a8a	                                        	85 c9                                             	test ecx, ecx                                     		EAX=00000000, ECX=00000000, EDX=00000000, EBX=b502a1b0, ESP=bf904110, EBP=bf904188, ESI=fffffd00, EDI=00000002
-1	26897	ld-linux.so.2       	b7704a8c	                                        	75 17                                             	jnz 0xb7704aa5                                    		EAX=00000000, ECX=00000000, EDX=00000000, EBX=b502a1b0, ESP=bf904110, EBP=bf904188, ESI=fffffd00, EDI=00000002
-1	26897	ld-linux.so.2       	b7704a8e	                                        	8b 45 dc                                          	mov eax, dword ptr [ebp-0x24]                     		EAX=00000000, ECX=00000000, EDX=00000000, EBX=b502a1b0, ESP=bf904110, EBP=bf904188, ESI=fffffd00, EDI=00000002
-1	26897	ld-linux.so.2       	b7704a91	                                        	8d 35 00 fd ff ff                                 	lea esi, ptr [0xfffffd00]                         		EAX=b7719000, ECX=00000000, EDX=00000000, EBX=b502a1b0, ESP=bf904110, EBP=bf904188, ESI=fffffd00, EDI=00000002
-1	26897	ld-linux.so.2       	b7704a97	                                        	8b 90 10 ff ff ff                                 	mov edx, dword ptr [eax-0xf0]                     		EAX=b7719000, ECX=00000000, EDX=00000000, EBX=b502a1b0, ESP=bf904110, EBP=bf904188, ESI=fffffd00, EDI=00000002
-1	26897	ld-linux.so.2       	b7704a9d	                                        	85 d2                                             	test edx, edx                                     		EAX=b7719000, ECX=00000000, EDX=00000000, EBX=b502a1b0, ESP=bf904110, EBP=bf904188, ESI=fffffd00, EDI=00000002
-1	26897	ld-linux.so.2       	b7704a9f	                                        	0f 85 c9 00 00 00                                 	jnz 0xb7704b6e                                    		EAX=b7719000, ECX=00000000, EDX=00000000, EBX=b502a1b0, ESP=bf904110, EBP=bf904188, ESI=fffffd00, EDI=00000002
-1	26897	ld-linux.so.2       	b7704aa5	                                        	83 45 e4 01                                       	add dword ptr [ebp-0x1c], 0x1                     		EAX=b7719000, ECX=00000000, EDX=00000000, EBX=b502a1b0, ESP=bf904110, EBP=bf904188, ESI=fffffd00, EDI=00000002
-1	26897	ld-linux.so.2       	b7704aa9	                                        	83 ab 90 01 00 00 01                              	sub dword ptr [ebx+0x190], 0x1                    		EAX=b7719000, ECX=00000000, EDX=00000000, EBX=b502a1b0, ESP=bf904110, EBP=bf904188, ESI=fffffd00, EDI=00000002
-1	26897	ld-linux.so.2       	b7704ab0	                                        	8b 45 e4                                          	mov eax, dword ptr [ebp-0x1c]                     		EAX=b7719000, ECX=00000000, EDX=00000000, EBX=b502a1b0, ESP=bf904110, EBP=bf904188, ESI=fffffd00, EDI=00000002
-1	26897	ld-linux.so.2       	b7704ab3	                                        	39 45 c8                                          	cmp dword ptr [ebp-0x38], eax                     		EAX=00000003, ECX=00000000, EDX=00000000, EBX=b502a1b0, ESP=bf904110, EBP=bf904188, ESI=fffffd00, EDI=00000002
-1	26897	ld-linux.so.2       	b7704ab6	                                        	0f 85 5c ff ff ff                                 	jnz 0xb7704a18                                    		EAX=00000003, ECX=00000000, EDX=00000000, EBX=b502a1b0, ESP=bf904110, EBP=bf904188, ESI=fffffd00, EDI=00000002
-1	26897	ld-linux.so.2       	b7704a18	                                        	8b 45 c4                                          	mov eax, dword ptr [ebp-0x3c]                     		EAX=00000003, ECX=00000000, EDX=00000000, EBX=b502a1b0, ESP=bf904110, EBP=bf904188, ESI=fffffd00, EDI=00000002
-1	26897	ld-linux.so.2       	b7704a1b	                                        	8b 7d e4                                          	mov edi, dword ptr [ebp-0x1c]                     		EAX=bf904110, ECX=00000000, EDX=00000000, EBX=b502a1b0, ESP=bf904110, EBP=bf904188, ESI=fffffd00, EDI=00000002
-1	26897	ld-linux.so.2       	b7704a1e	                                        	8b 1c b8                                          	mov ebx, dword ptr [eax+edi*4]                    		EAX=bf904110, ECX=00000000, EDX=00000000, EBX=b502a1b0, ESP=bf904110, EBP=bf904188, ESI=fffffd00, EDI=00000003
-1	26897	ld-linux.so.2       	b7704a21	                                        	0f b6 83 94 01 00 00                              	movzx eax, byte ptr [ebx+0x194]                   		EAX=bf904110, ECX=00000000, EDX=00000000, EBX=b771953c, ESP=bf904110, EBP=bf904188, ESI=fffffd00, EDI=00000003
-1	26897	ld-linux.so.2       	b7704a28	                                        	a8 08                                             	test al, 0x8                                      		EAX=0000001d, ECX=00000000, EDX=00000000, EBX=b771953c, ESP=bf904110, EBP=bf904188, ESI=fffffd00, EDI=00000003
-1	26897	ld-linux.so.2       	b7704a2a	                                        	74 79                                             	jz 0xb7704aa5                                     		EAX=0000001d, ECX=00000000, EDX=00000000, EBX=b771953c, ESP=bf904110, EBP=bf904188, ESI=fffffd00, EDI=00000003
-1	26897	ld-linux.so.2       	b7704a2c	                                        	83 e0 f7                                          	and eax, 0xfffffff7                               		EAX=0000001d, ECX=00000000, EDX=00000000, EBX=b771953c, ESP=bf904110, EBP=bf904188, ESI=fffffd00, EDI=00000003
-1	26897	ld-linux.so.2       	b7704a2f	                                        	88 83 94 01 00 00                                 	mov byte ptr [ebx+0x194], al                      		EAX=00000015, ECX=00000000, EDX=00000000, EBX=b771953c, ESP=bf904110, EBP=bf904188, ESI=fffffd00, EDI=00000003
-1	26897	ld-linux.so.2       	b7704a35	                                        	8b 83 88 00 00 00                                 	mov eax, dword ptr [ebx+0x88]                     		EAX=00000015, ECX=00000000, EDX=00000000, EBX=b771953c, ESP=bf904110, EBP=bf904188, ESI=fffffd00, EDI=00000003
-1	26897	ld-linux.so.2       	b7704a3b	                                        	85 c0                                             	test eax, eax                                     		EAX=00000000, ECX=00000000, EDX=00000000, EBX=b771953c, ESP=bf904110, EBP=bf904188, ESI=fffffd00, EDI=00000003
-1	26897	ld-linux.so.2       	b7704a3d	                                        	0f 84 cd 00 00 00                                 	jz 0xb7704b10                                     		EAX=00000000, ECX=00000000, EDX=00000000, EBX=b771953c, ESP=bf904110, EBP=bf904188, ESI=fffffd00, EDI=00000003
-1	26897	ld-linux.so.2       	b7704b10	                                        	8b 43 54                                          	mov eax, dword ptr [ebx+0x54]                     		EAX=00000000, ECX=00000000, EDX=00000000, EBX=b771953c, ESP=bf904110, EBP=bf904188, ESI=fffffd00, EDI=00000003
-1	26897	ld-linux.so.2       	b7704b13	                                        	85 c0                                             	test eax, eax                                     		EAX=00000000, ECX=00000000, EDX=00000000, EBX=b771953c, ESP=bf904110, EBP=bf904188, ESI=fffffd00, EDI=00000003
-1	26897	ld-linux.so.2       	b7704b15	                                        	0f 84 6c ff ff ff                                 	jz 0xb7704a87                                     		EAX=00000000, ECX=00000000, EDX=00000000, EBX=b771953c, ESP=bf904110, EBP=bf904188, ESI=fffffd00, EDI=00000003
-1	26897	ld-linux.so.2       	b7704a87	                                        	8b 4d cc                                          	mov ecx, dword ptr [ebp-0x34]                     		EAX=00000000, ECX=00000000, EDX=00000000, EBX=b771953c, ESP=bf904110, EBP=bf904188, ESI=fffffd00, EDI=00000003
-1	26897	ld-linux.so.2       	b7704a8a	                                        	85 c9                                             	test ecx, ecx                                     		EAX=00000000, ECX=00000000, EDX=00000000, EBX=b771953c, ESP=bf904110, EBP=bf904188, ESI=fffffd00, EDI=00000003
-1	26897	ld-linux.so.2       	b7704a8c	                                        	75 17                                             	jnz 0xb7704aa5                                    		EAX=00000000, ECX=00000000, EDX=00000000, EBX=b771953c, ESP=bf904110, EBP=bf904188, ESI=fffffd00, EDI=00000003
-1	26897	ld-linux.so.2       	b7704a8e	                                        	8b 45 dc                                          	mov eax, dword ptr [ebp-0x24]                     		EAX=00000000, ECX=00000000, EDX=00000000, EBX=b771953c, ESP=bf904110, EBP=bf904188, ESI=fffffd00, EDI=00000003
-1	26897	ld-linux.so.2       	b7704a91	                                        	8d 35 00 fd ff ff                                 	lea esi, ptr [0xfffffd00]                         		EAX=b7719000, ECX=00000000, EDX=00000000, EBX=b771953c, ESP=bf904110, EBP=bf904188, ESI=fffffd00, EDI=00000003
-1	26897	ld-linux.so.2       	b7704a97	                                        	8b 90 10 ff ff ff                                 	mov edx, dword ptr [eax-0xf0]                     		EAX=b7719000, ECX=00000000, EDX=00000000, EBX=b771953c, ESP=bf904110, EBP=bf904188, ESI=fffffd00, EDI=00000003
-1	26897	ld-linux.so.2       	b7704a9d	                                        	85 d2                                             	test edx, edx                                     		EAX=b7719000, ECX=00000000, EDX=00000000, EBX=b771953c, ESP=bf904110, EBP=bf904188, ESI=fffffd00, EDI=00000003
-1	26897	ld-linux.so.2       	b7704a9f	                                        	0f 85 c9 00 00 00                                 	jnz 0xb7704b6e                                    		EAX=b7719000, ECX=00000000, EDX=00000000, EBX=b771953c, ESP=bf904110, EBP=bf904188, ESI=fffffd00, EDI=00000003
-1	26897	ld-linux.so.2       	b7704aa5	                                        	83 45 e4 01                                       	add dword ptr [ebp-0x1c], 0x1                     		EAX=b7719000, ECX=00000000, EDX=00000000, EBX=b771953c, ESP=bf904110, EBP=bf904188, ESI=fffffd00, EDI=00000003
-1	26897	ld-linux.so.2       	b7704aa9	                                        	83 ab 90 01 00 00 01                              	sub dword ptr [ebx+0x190], 0x1                    		EAX=b7719000, ECX=00000000, EDX=00000000, EBX=b771953c, ESP=bf904110, EBP=bf904188, ESI=fffffd00, EDI=00000003
-1	26897	ld-linux.so.2       	b7704ab0	                                        	8b 45 e4                                          	mov eax, dword ptr [ebp-0x1c]                     		EAX=b7719000, ECX=00000000, EDX=00000000, EBX=b771953c, ESP=bf904110, EBP=bf904188, ESI=fffffd00, EDI=00000003
-1	26897	ld-linux.so.2       	b7704ab3	                                        	39 45 c8                                          	cmp dword ptr [ebp-0x38], eax                     		EAX=00000004, ECX=00000000, EDX=00000000, EBX=b771953c, ESP=bf904110, EBP=bf904188, ESI=fffffd00, EDI=00000003
-1	26897	ld-linux.so.2       	b7704ab6	                                        	0f 85 5c ff ff ff                                 	jnz 0xb7704a18                                    		EAX=00000004, ECX=00000000, EDX=00000000, EBX=b771953c, ESP=bf904110, EBP=bf904188, ESI=fffffd00, EDI=00000003
-1	26897	ld-linux.so.2       	b7704abc	                                        	83 6d e0 01                                       	sub dword ptr [ebp-0x20], 0x1                     		EAX=00000004, ECX=00000000, EDX=00000000, EBX=b771953c, ESP=bf904110, EBP=bf904188, ESI=fffffd00, EDI=00000003
-1	26897	ld-linux.so.2       	b7704ac0	                                        	83 6d d4 4c                                       	sub dword ptr [ebp-0x2c], 0x4c                    		EAX=00000004, ECX=00000000, EDX=00000000, EBX=b771953c, ESP=bf904110, EBP=bf904188, ESI=fffffd00, EDI=00000003
-1	26897	ld-linux.so.2       	b7704ac4	                                        	8b 45 e0                                          	mov eax, dword ptr [ebp-0x20]                     		EAX=00000004, ECX=00000000, EDX=00000000, EBX=b771953c, ESP=bf904110, EBP=bf904188, ESI=fffffd00, EDI=00000003
-1	26897	ld-linux.so.2       	b7704ac7	                                        	8b 65 bc                                          	mov esp, dword ptr [ebp-0x44]                     		EAX=ffffffff, ECX=00000000, EDX=00000000, EBX=b771953c, ESP=bf904110, EBP=bf904188, ESI=fffffd00, EDI=00000003
-1	26897	ld-linux.so.2       	b7704aca	                                        	83 f8 ff                                          	cmp eax, 0xffffffff                               		EAX=ffffffff, ECX=00000000, EDX=00000000, EBX=b771953c, ESP=bf904130, EBP=bf904188, ESI=fffffd00, EDI=00000003
-1	26897	ld-linux.so.2       	b7704acd	                                        	0f 85 57 fe ff ff                                 	jnz 0xb770492a                                    		EAX=ffffffff, ECX=00000000, EDX=00000000, EBX=b771953c, ESP=bf904130, EBP=bf904188, ESI=fffffd00, EDI=00000003
-1	26897	ld-linux.so.2       	b7704ad3	                                        	8b 7d cc                                          	mov edi, dword ptr [ebp-0x34]                     		EAX=ffffffff, ECX=00000000, EDX=00000000, EBX=b771953c, ESP=bf904130, EBP=bf904188, ESI=fffffd00, EDI=00000003
-1	26897	ld-linux.so.2       	b7704ad6	                                        	85 ff                                             	test edi, edi                                     		EAX=ffffffff, ECX=00000000, EDX=00000000, EBX=b771953c, ESP=bf904130, EBP=bf904188, ESI=fffffd00, EDI=00000000
-1	26897	ld-linux.so.2       	b7704ad8	                                        	75 18                                             	jnz 0xb7704af2                                    		EAX=ffffffff, ECX=00000000, EDX=00000000, EBX=b771953c, ESP=bf904130, EBP=bf904188, ESI=fffffd00, EDI=00000000
-1	26897	ld-linux.so.2       	b7704ada	                                        	8b 45 dc                                          	mov eax, dword ptr [ebp-0x24]                     		EAX=ffffffff, ECX=00000000, EDX=00000000, EBX=b771953c, ESP=bf904130, EBP=bf904188, ESI=fffffd00, EDI=00000000
-1	26897	ld-linux.so.2       	b7704add	                                        	c7 45 cc 01 00 00 00                              	mov dword ptr [ebp-0x34], 0x1                     		EAX=b7719000, ECX=00000000, EDX=00000000, EBX=b771953c, ESP=bf904130, EBP=bf904188, ESI=fffffd00, EDI=00000000
-1	26897	ld-linux.so.2       	b7704ae4	                                        	8b 80 10 ff ff ff                                 	mov eax, dword ptr [eax-0xf0]                     		EAX=b7719000, ECX=00000000, EDX=00000000, EBX=b771953c, ESP=bf904130, EBP=bf904188, ESI=fffffd00, EDI=00000000
-1	26897	ld-linux.so.2       	b7704aea	                                        	85 c0                                             	test eax, eax                                     		EAX=00000000, ECX=00000000, EDX=00000000, EBX=b771953c, ESP=bf904130, EBP=bf904188, ESI=fffffd00, EDI=00000000
-1	26897	ld-linux.so.2       	b7704aec	                                        	0f 85 c6 fd ff ff                                 	jnz 0xb77048b8                                    		EAX=00000000, ECX=00000000, EDX=00000000, EBX=b771953c, ESP=bf904130, EBP=bf904188, ESI=fffffd00, EDI=00000000
-1	26897	ld-linux.so.2       	b7704af2	                                        	8b 45 dc                                          	mov eax, dword ptr [ebp-0x24]                     		EAX=00000000, ECX=00000000, EDX=00000000, EBX=b771953c, ESP=bf904130, EBP=bf904188, ESI=fffffd00, EDI=00000000
-1	26897	ld-linux.so.2       	b7704af5	                                        	f6 80 00 fd ff ff 80                              	test byte ptr [eax-0x300], 0x80                   		EAX=b7719000, ECX=00000000, EDX=00000000, EBX=b771953c, ESP=bf904130, EBP=bf904188, ESI=fffffd00, EDI=00000000
-1	26897	ld-linux.so.2       	b7704afc	                                        	0f 85 be 00 00 00                                 	jnz 0xb7704bc0                                    		EAX=b7719000, ECX=00000000, EDX=00000000, EBX=b771953c, ESP=bf904130, EBP=bf904188, ESI=fffffd00, EDI=00000000
-1	26897	ld-linux.so.2       	b7704b02	                                        	8d 65 f4                                          	lea esp, ptr [ebp-0xc]                            		EAX=b7719000, ECX=00000000, EDX=00000000, EBX=b771953c, ESP=bf904130, EBP=bf904188, ESI=fffffd00, EDI=00000000
-1	26897	ld-linux.so.2       	b7704b05	                                        	5b                                                	pop ebx                                           		EAX=b7719000, ECX=00000000, EDX=00000000, EBX=b771953c, ESP=bf90417c, EBP=bf904188, ESI=fffffd00, EDI=00000000
-1	26897	ld-linux.so.2       	b7704b06	                                        	5e                                                	pop esi                                           		EAX=b7719000, ECX=00000000, EDX=00000000, EBX=b4f8f000, ESP=bf904180, EBP=bf904188, ESI=fffffd00, EDI=00000000
-1	26897	ld-linux.so.2       	b7704b07	                                        	5f                                                	pop edi                                           		EAX=b7719000, ECX=00000000, EDX=00000000, EBX=b4f8f000, ESP=bf904184, EBP=bf904188, ESI=00000008, EDI=00000000
-1	26897	ld-linux.so.2       	b7704b08	                                        	5d                                                	pop ebp                                           		EAX=b7719000, ECX=00000000, EDX=00000000, EBX=b4f8f000, ESP=bf904188, EBP=bf904188, ESI=00000008, EDI=b4f8f3dc
-1	26897	ld-linux.so.2       	b7704b09	                                        	c3                                                	ret                                               		EAX=b7719000, ECX=00000000, EDX=00000000, EBX=b4f8f000, ESP=bf90418c, EBP=b4f901e0, ESI=00000008, EDI=b4f8f3dc
-1	26897	libc.so.6           	b4e0a9a3	                                        	83 c4 10                                          	add esp, 0x10                                     		EAX=b7719000, ECX=00000000, EDX=00000000, EBX=b4f8f000, ESP=bf904190, EBP=b4f901e0, ESI=00000008, EDI=b4f8f3dc
-1	26897	libc.so.6           	b4e0a9a6	                                        	e9 45 ff ff ff                                    	jmp 0xb4e0a8f0                                    		EAX=b7719000, ECX=00000000, EDX=00000000, EBX=b4f8f000, ESP=bf9041a0, EBP=b4f901e0, ESI=00000008, EDI=b4f8f3dc
-1	26897	libc.so.6           	b4e0a8f0	                                        	8b 45 04                                          	mov eax, dword ptr [ebp+0x4]                      		EAX=b7719000, ECX=00000000, EDX=00000000, EBX=b4f8f000, ESP=bf9041a0, EBP=b4f901e0, ESI=00000008, EDI=b4f8f3dc
-1	26897	libc.so.6           	b4e0a8f3	                                        	89 c2                                             	mov edx, eax                                      		EAX=00000000, ECX=00000000, EDX=00000000, EBX=b4f8f000, ESP=bf9041a0, EBP=b4f901e0, ESI=00000008, EDI=b4f8f3dc
-1	26897	libc.so.6           	b4e0a8f5	                                        	c1 e2 04                                          	shl edx, 0x4                                      		EAX=00000000, ECX=00000000, EDX=00000000, EBX=b4f8f000, ESP=bf9041a0, EBP=b4f901e0, ESI=00000008, EDI=b4f8f3dc
-1	26897	libc.so.6           	b4e0a8f8	                                        	85 c0                                             	test eax, eax                                     		EAX=00000000, ECX=00000000, EDX=00000000, EBX=b4f8f000, ESP=bf9041a0, EBP=b4f901e0, ESI=00000008, EDI=b4f8f3dc
-1	26897	libc.so.6           	b4e0a8fa	                                        	8d 4c 15 f8                                       	lea ecx, ptr [ebp+edx*1-0x8]                      		EAX=00000000, ECX=00000000, EDX=00000000, EBX=b4f8f000, ESP=bf9041a0, EBP=b4f901e0, ESI=00000008, EDI=b4f8f3dc
-1	26897	libc.so.6           	b4e0a8fe	                                        	74 22                                             	jz 0xb4e0a922                                     		EAX=00000000, ECX=b4f901d8, EDX=00000000, EBX=b4f8f000, ESP=bf9041a0, EBP=b4f901e0, ESI=00000008, EDI=b4f8f3dc
-1	26897	libc.so.6           	b4e0a922	                                        	8b 45 00                                          	mov eax, dword ptr [ebp]                          		EAX=00000000, ECX=b4f901d8, EDX=00000000, EBX=b4f8f000, ESP=bf9041a0, EBP=b4f901e0, ESI=00000008, EDI=b4f8f3dc
-1	26897	libc.so.6           	b4e0a925	                                        	85 c0                                             	test eax, eax                                     		EAX=00000000, ECX=b4f901d8, EDX=00000000, EBX=b4f8f000, ESP=bf9041a0, EBP=b4f901e0, ESI=00000008, EDI=b4f8f3dc
-1	26897	libc.so.6           	b4e0a927	                                        	89 07                                             	mov dword ptr [edi], eax                          		EAX=00000000, ECX=b4f901d8, EDX=00000000, EBX=b4f8f000, ESP=bf9041a0, EBP=b4f901e0, ESI=00000008, EDI=b4f8f3dc
-1	26897	libc.so.6           	b4e0a929	                                        	0f 85 99 00 00 00                                 	jnz 0xb4e0a9c8                                    		EAX=00000000, ECX=b4f901d8, EDX=00000000, EBX=b4f8f000, ESP=bf9041a0, EBP=b4f901e0, ESI=00000008, EDI=b4f8f3dc
-1	26897	libc.so.6           	b4e0a92f	                                        	80 7c 24 0c 00                                    	cmp byte ptr [esp+0xc], 0x0                       		EAX=00000000, ECX=b4f901d8, EDX=00000000, EBX=b4f8f000, ESP=bf9041a0, EBP=b4f901e0, ESI=00000008, EDI=b4f8f3dc
-1	26897	libc.so.6           	b4e0a934	                                        	74 1b                                             	jz 0xb4e0a951                                     		EAX=00000000, ECX=b4f901d8, EDX=00000000, EBX=b4f8f000, ESP=bf9041a0, EBP=b4f901e0, ESI=00000008, EDI=b4f8f3dc
-1	26897	libc.so.6           	b4e0a936	                                        	8d 83 cc e2 ff ff                                 	lea eax, ptr [ebx-0x1d34]                         		EAX=00000000, ECX=b4f901d8, EDX=00000000, EBX=b4f8f000, ESP=bf9041a0, EBP=b4f901e0, ESI=00000008, EDI=b4f8f3dc
-1	26897	libc.so.6           	b4e0a93c	                                        	8d bb d0 e2 ff ff                                 	lea edi, ptr [ebx-0x1d30]                         		EAX=b4f8d2cc, ECX=b4f901d8, EDX=00000000, EBX=b4f8f000, ESP=bf9041a0, EBP=b4f901e0, ESI=00000008, EDI=b4f8f3dc
-1	26897	libc.so.6           	b4e0a942	                                        	39 f8                                             	cmp eax, edi                                      		EAX=b4f8d2cc, ECX=b4f901d8, EDX=00000000, EBX=b4f8f000, ESP=bf9041a0, EBP=b4f901e0, ESI=00000008, EDI=b4f8d2d0
-1	26897	libc.so.6           	b4e0a944	                                        	73 0b                                             	jnb 0xb4e0a951                                    		EAX=b4f8d2cc, ECX=b4f901d8, EDX=00000000, EBX=b4f8f000, ESP=bf9041a0, EBP=b4f901e0, ESI=00000008, EDI=b4f8d2d0
-1	26897	libc.so.6           	b4e0a946	                                        	89 c3                                             	mov ebx, eax                                      		EAX=b4f8d2cc, ECX=b4f901d8, EDX=00000000, EBX=b4f8f000, ESP=bf9041a0, EBP=b4f901e0, ESI=00000008, EDI=b4f8d2d0
-1	26897	libc.so.6           	b4e0a948	                                        	ff 13                                             	call dword ptr [ebx]                              		EAX=b4f8d2cc, ECX=b4f901d8, EDX=00000000, EBX=b4f8d2cc, ESP=bf9041a0, EBP=b4f901e0, ESI=00000008, EDI=b4f8d2d0
-1	26897	libc.so.6           	b4e47b70	                                        	55                                                	push ebp                                          		EAX=b4f8d2cc, ECX=b4f901d8, EDX=00000000, EBX=b4f8d2cc, ESP=bf90419c, EBP=b4f901e0, ESI=00000008, EDI=b4f8d2d0
-1	26897	libc.so.6           	b4e47b71	                                        	57                                                	push edi                                          		EAX=b4f8d2cc, ECX=b4f901d8, EDX=00000000, EBX=b4f8d2cc, ESP=bf904198, EBP=b4f901e0, ESI=00000008, EDI=b4f8d2d0
-1	26897	libc.so.6           	b4e47b72	                                        	56                                                	push esi                                          		EAX=b4f8d2cc, ECX=b4f901d8, EDX=00000000, EBX=b4f8d2cc, ESP=bf904194, EBP=b4f901e0, ESI=00000008, EDI=b4f8d2d0
-1	26897	libc.so.6           	b4e47b73	                                        	53                                                	push ebx                                          		EAX=b4f8d2cc, ECX=b4f901d8, EDX=00000000, EBX=b4f8d2cc, ESP=bf904190, EBP=b4f901e0, ESI=00000008, EDI=b4f8d2d0
-1	26897	libc.so.6           	b4e47b74	                                        	e8 fc 40 0b 00                                    	call 0xb4efbc75                                   		EAX=b4f8d2cc, ECX=b4f901d8, EDX=00000000, EBX=b4f8d2cc, ESP=bf90418c, EBP=b4f901e0, ESI=00000008, EDI=b4f8d2d0
-1	26897	libc.so.6           	b4efbc75	                                        	8b 1c 24                                          	mov ebx, dword ptr [esp]                          		EAX=b4f8d2cc, ECX=b4f901d8, EDX=00000000, EBX=b4f8d2cc, ESP=bf904188, EBP=b4f901e0, ESI=00000008, EDI=b4f8d2d0
-1	26897	libc.so.6           	b4efbc78	                                        	c3                                                	ret                                               		EAX=b4f8d2cc, ECX=b4f901d8, EDX=00000000, EBX=b4e47b79, ESP=bf904188, EBP=b4f901e0, ESI=00000008, EDI=b4f8d2d0
-1	26897	libc.so.6           	b4e47b79	                                        	81 c3 87 74 14 00                                 	add ebx, 0x147487                                 		EAX=b4f8d2cc, ECX=b4f901d8, EDX=00000000, EBX=b4e47b79, ESP=bf90418c, EBP=b4f901e0, ESI=00000008, EDI=b4f8d2d0
-1	26897	libc.so.6           	b4e47b7f	                                        	83 ec 28                                          	sub esp, 0x28                                     		EAX=b4f8d2cc, ECX=b4f901d8, EDX=00000000, EBX=b4f8f000, ESP=bf90418c, EBP=b4f901e0, ESI=00000008, EDI=b4f8d2d0
-1	26897	libc.so.6           	b4e47b82	                                        	6a 00                                             	push 0x0                                          		EAX=b4f8d2cc, ECX=b4f901d8, EDX=00000000, EBX=b4f8f000, ESP=bf904164, EBP=b4f901e0, ESI=00000008, EDI=b4f8d2d0
-1	26897	libc.so.6           	b4e47b84	                                        	65 8b 2d 08 00 00 00                              	mov ebp, dword ptr gs:[0x8]                       		EAX=b4f8d2cc, ECX=b4f901d8, EDX=00000000, EBX=b4f8f000, ESP=bf904160, EBP=b4f901e0, ESI=00000008, EDI=b4f8d2d0
-1	26897	libc.so.6           	b4e47b8b	                                        	e8 20 fd ff ff                                    	call 0xb4e478b0                                   		EAX=b4f8d2cc, ECX=b4f901d8, EDX=00000000, EBX=b4f8f000, ESP=bf904160, EBP=b4dc3700, ESI=00000008, EDI=b4f8d2d0
-1	26897	libc.so.6           	b4e478b0	                                        	55                                                	push ebp                                          		EAX=b4f8d2cc, ECX=b4f901d8, EDX=00000000, EBX=b4f8f000, ESP=bf90415c, EBP=b4dc3700, ESI=00000008, EDI=b4f8d2d0
-1	26897	libc.so.6           	b4e478b1	                                        	57                                                	push edi                                          		EAX=b4f8d2cc, ECX=b4f901d8, EDX=00000000, EBX=b4f8f000, ESP=bf904158, EBP=b4dc3700, ESI=00000008, EDI=b4f8d2d0
-1	26897	libc.so.6           	b4e478b2	                                        	56                                                	push esi                                          		EAX=b4f8d2cc, ECX=b4f901d8, EDX=00000000, EBX=b4f8f000, ESP=bf904154, EBP=b4dc3700, ESI=00000008, EDI=b4f8d2d0
-1	26897	libc.so.6           	b4e478b3	                                        	53                                                	push ebx                                          		EAX=b4f8d2cc, ECX=b4f901d8, EDX=00000000, EBX=b4f8f000, ESP=bf904150, EBP=b4dc3700, ESI=00000008, EDI=b4f8d2d0
-1	26897	libc.so.6           	b4e478b4	                                        	e8 c8 43 0b 00                                    	call 0xb4efbc81                                   		EAX=b4f8d2cc, ECX=b4f901d8, EDX=00000000, EBX=b4f8f000, ESP=bf90414c, EBP=b4dc3700, ESI=00000008, EDI=b4f8d2d0
-1	26897	libc.so.6           	b4efbc81	                                        	8b 34 24                                          	mov esi, dword ptr [esp]                          		EAX=b4f8d2cc, ECX=b4f901d8, EDX=00000000, EBX=b4f8f000, ESP=bf904148, EBP=b4dc3700, ESI=00000008, EDI=b4f8d2d0
-1	26897	libc.so.6           	b4efbc84	                                        	c3                                                	ret                                               		EAX=b4f8d2cc, ECX=b4f901d8, EDX=00000000, EBX=b4f8f000, ESP=bf904148, EBP=b4dc3700, ESI=b4e478b9, EDI=b4f8d2d0
-1	26897	libc.so.6           	b4e478b9	                                        	81 c6 47 77 14 00                                 	add esi, 0x147747                                 		EAX=b4f8d2cc, ECX=b4f901d8, EDX=00000000, EBX=b4f8f000, ESP=bf90414c, EBP=b4dc3700, ESI=b4e478b9, EDI=b4f8d2d0
-1	26897	libc.so.6           	b4e478bf	                                        	83 ec 2c                                          	sub esp, 0x2c                                     		EAX=b4f8d2cc, ECX=b4f901d8, EDX=00000000, EBX=b4f8f000, ESP=bf90414c, EBP=b4dc3700, ESI=b4f8f000, EDI=b4f8d2d0
-1	26897	libc.so.6           	b4e478c2	                                        	8b 7c 24 40                                       	mov edi, dword ptr [esp+0x40]                     		EAX=b4f8d2cc, ECX=b4f901d8, EDX=00000000, EBX=b4f8f000, ESP=bf904120, EBP=b4dc3700, ESI=b4f8f000, EDI=b4f8d2d0
-1	26897	libc.so.6           	b4e478c6	                                        	85 ff                                             	test edi, edi                                     		EAX=b4f8d2cc, ECX=b4f901d8, EDX=00000000, EBX=b4f8f000, ESP=bf904120, EBP=b4dc3700, ESI=b4f8f000, EDI=00000000
-1	26897	libc.so.6           	b4e478c8	                                        	0f 84 e2 01 00 00                                 	jz 0xb4e47ab0                                     		EAX=b4f8d2cc, ECX=b4f901d8, EDX=00000000, EBX=b4f8f000, ESP=bf904120, EBP=b4dc3700, ESI=b4f8f000, EDI=00000000
-1	26897	libc.so.6           	b4e47ab0	                                        	8b 9e a0 0c 00 00                                 	mov ebx, dword ptr [esi+0xca0]                    		EAX=b4f8d2cc, ECX=b4f901d8, EDX=00000000, EBX=b4f8f000, ESP=bf904120, EBP=b4dc3700, ESI=b4f8f000, EDI=00000000
-1	26897	libc.so.6           	b4e47ab6	                                        	8b ae 54 18 00 00                                 	mov ebp, dword ptr [esi+0x1854]                   		EAX=b4f8d2cc, ECX=b4f901d8, EDX=00000000, EBX=b4f8fcc0, ESP=bf904120, EBP=b4dc3700, ESI=b4f8f000, EDI=00000000
-1	26897	libc.so.6           	b4e47abc	                                        	c7 44 24 0c 00 00 00 00                           	mov dword ptr [esp+0xc], 0x0                      		EAX=b4f8d2cc, ECX=b4f901d8, EDX=00000000, EBX=b4f8fcc0, ESP=bf904120, EBP=00000000, ESI=b4f8f000, EDI=00000000
-1	26897	libc.so.6           	b4e47ac4	                                        	85 db                                             	test ebx, ebx                                     		EAX=b4f8d2cc, ECX=b4f901d8, EDX=00000000, EBX=b4f8fcc0, ESP=bf904120, EBP=00000000, ESI=b4f8f000, EDI=00000000
-1	26897	libc.so.6           	b4e47ac6	                                        	0f 85 88 fe ff ff                                 	jnz 0xb4e47954                                    		EAX=b4f8d2cc, ECX=b4f901d8, EDX=00000000, EBX=b4f8fcc0, ESP=bf904120, EBP=00000000, ESI=b4f8f000, EDI=00000000
-1	26897	libc.so.6           	b4e47954	                                        	65 a1 08 00 00 00                                 	mov eax, dword ptr gs:[0x8]                       		EAX=b4f8d2cc, ECX=b4f901d8, EDX=00000000, EBX=b4f8fcc0, ESP=bf904120, EBP=00000000, ESI=b4f8f000, EDI=00000000
-1	26897	libc.so.6           	b4e4795a	                                        	c7 44 24 04 00 00 00 00                           	mov dword ptr [esp+0x4], 0x0                      		EAX=b4dc3700, ECX=b4f901d8, EDX=00000000, EBX=b4f8fcc0, ESP=bf904120, EBP=00000000, ESI=b4f8f000, EDI=00000000
-1	26897	libc.so.6           	b4e47962	                                        	89 44 24 08                                       	mov dword ptr [esp+0x8], eax                      		EAX=b4dc3700, ECX=b4f901d8, EDX=00000000, EBX=b4f8fcc0, ESP=bf904120, EBP=00000000, ESI=b4f8f000, EDI=00000000
-1	26897	libc.so.6           	b4e47966	                                        	eb 18                                             	jmp 0xb4e47980                                    		EAX=b4dc3700, ECX=b4f901d8, EDX=00000000, EBX=b4f8fcc0, ESP=bf904120, EBP=00000000, ESI=b4f8f000, EDI=00000000
-1	26897	libc.so.6           	b4e47980	                                        	85 ff                                             	test edi, edi                                     		EAX=b4dc3700, ECX=b4f901d8, EDX=00000000, EBX=b4f8fcc0, ESP=bf904120, EBP=00000000, ESI=b4f8f000, EDI=00000000
-1	26897	libc.so.6           	b4e47982	                                        	89 9e 50 18 00 00                                 	mov dword ptr [esi+0x1850], ebx                   		EAX=b4dc3700, ECX=b4f901d8, EDX=00000000, EBX=b4f8fcc0, ESP=bf904120, EBP=00000000, ESI=b4f8f000, EDI=00000000
-1	26897	libc.so.6           	b4e47988	                                        	74 3f                                             	jz 0xb4e479c9                                     		EAX=b4dc3700, ECX=b4f901d8, EDX=00000000, EBX=b4f8fcc0, ESP=bf904120, EBP=00000000, ESI=b4f8f000, EDI=00000000
-1	26897	libc.so.6           	b4e479c9	                                        	8b 53 68                                          	mov edx, dword ptr [ebx+0x68]                     		EAX=b4dc3700, ECX=b4f901d8, EDX=00000000, EBX=b4f8fcc0, ESP=bf904120, EBP=00000000, ESI=b4f8f000, EDI=00000000
-1	26897	libc.so.6           	b4e479cc	                                        	85 d2                                             	test edx, edx                                     		EAX=b4dc3700, ECX=b4f901d8, EDX=00000000, EBX=b4f8fcc0, ESP=bf904120, EBP=00000000, ESI=b4f8f000, EDI=00000000
-1	26897	libc.so.6           	b4e479ce	                                        	0f 8e 0c 01 00 00                                 	jle 0xb4e47ae0                                    		EAX=b4dc3700, ECX=b4f901d8, EDX=00000000, EBX=b4f8fcc0, ESP=bf904120, EBP=00000000, ESI=b4f8f000, EDI=00000000
-1	26897	libc.so.6           	b4e47ae0	                                        	8b 43 10                                          	mov eax, dword ptr [ebx+0x10]                     		EAX=b4dc3700, ECX=b4f901d8, EDX=00000000, EBX=b4f8fcc0, ESP=bf904120, EBP=00000000, ESI=b4f8f000, EDI=00000000
-1	26897	libc.so.6           	b4e47ae3	                                        	39 43 14                                          	cmp dword ptr [ebx+0x14], eax                     		EAX=00000000, ECX=b4f901d8, EDX=00000000, EBX=b4f8fcc0, ESP=bf904120, EBP=00000000, ESI=b4f8f000, EDI=00000000
-1	26897	libc.so.6           	b4e47ae6	                                        	0f 86 1f ff ff ff                                 	jbe 0xb4e47a0b                                    		EAX=00000000, ECX=b4f901d8, EDX=00000000, EBX=b4f8fcc0, ESP=bf904120, EBP=00000000, ESI=b4f8f000, EDI=00000000
-1	26897	libc.so.6           	b4e47a0b	                                        	85 ff                                             	test edi, edi                                     		EAX=00000000, ECX=b4f901d8, EDX=00000000, EBX=b4f8fcc0, ESP=bf904120, EBP=00000000, ESI=b4f8f000, EDI=00000000
-1	26897	libc.so.6           	b4e47a0d	                                        	74 31                                             	jz 0xb4e47a40                                     		EAX=00000000, ECX=b4f901d8, EDX=00000000, EBX=b4f8fcc0, ESP=bf904120, EBP=00000000, ESI=b4f8f000, EDI=00000000
-1	26897	libc.so.6           	b4e47a40	                                        	8b 86 54 18 00 00                                 	mov eax, dword ptr [esi+0x1854]                   		EAX=00000000, ECX=b4f901d8, EDX=00000000, EBX=b4f8fcc0, ESP=bf904120, EBP=00000000, ESI=b4f8f000, EDI=00000000
-1	26897	libc.so.6           	b4e47a46	                                        	c7 86 50 18 00 00 00 00 00 00                     	mov dword ptr [esi+0x1850], 0x0                   		EAX=00000000, ECX=b4f901d8, EDX=00000000, EBX=b4f8fcc0, ESP=bf904120, EBP=00000000, ESI=b4f8f000, EDI=00000000
-1	26897	libc.so.6           	b4e47a50	                                        	39 e8                                             	cmp eax, ebp                                      		EAX=00000000, ECX=b4f901d8, EDX=00000000, EBX=b4f8fcc0, ESP=bf904120, EBP=00000000, ESI=b4f8f000, EDI=00000000
-1	26897	libc.so.6           	b4e47a52	                                        	0f 85 18 ff ff ff                                 	jnz 0xb4e47970                                    		EAX=00000000, ECX=b4f901d8, EDX=00000000, EBX=b4f8fcc0, ESP=bf904120, EBP=00000000, ESI=b4f8f000, EDI=00000000
-1	26897	libc.so.6           	b4e47a58	                                        	8b 5b 34                                          	mov ebx, dword ptr [ebx+0x34]                     		EAX=00000000, ECX=b4f901d8, EDX=00000000, EBX=b4f8fcc0, ESP=bf904120, EBP=00000000, ESI=b4f8f000, EDI=00000000
-1	26897	libc.so.6           	b4e47a5b	                                        	85 db                                             	test ebx, ebx                                     		EAX=00000000, ECX=b4f901d8, EDX=00000000, EBX=b4f8fd60, ESP=bf904120, EBP=00000000, ESI=b4f8f000, EDI=00000000
-1	26897	libc.so.6           	b4e47a5d	                                        	0f 85 1b ff ff ff                                 	jnz 0xb4e4797e                                    		EAX=00000000, ECX=b4f901d8, EDX=00000000, EBX=b4f8fd60, ESP=bf904120, EBP=00000000, ESI=b4f8f000, EDI=00000000
-1	26897	libc.so.6           	b4e4797e	                                        	89 c5                                             	mov ebp, eax                                      		EAX=00000000, ECX=b4f901d8, EDX=00000000, EBX=b4f8fd60, ESP=bf904120, EBP=00000000, ESI=b4f8f000, EDI=00000000
-1	26897	libc.so.6           	b4e47980	                                        	85 ff                                             	test edi, edi                                     		EAX=00000000, ECX=b4f901d8, EDX=00000000, EBX=b4f8fd60, ESP=bf904120, EBP=00000000, ESI=b4f8f000, EDI=00000000
-1	26897	libc.so.6           	b4e47982	                                        	89 9e 50 18 00 00                                 	mov dword ptr [esi+0x1850], ebx                   		EAX=00000000, ECX=b4f901d8, EDX=00000000, EBX=b4f8fd60, ESP=bf904120, EBP=00000000, ESI=b4f8f000, EDI=00000000
-1	26897	libc.so.6           	b4e47988	                                        	74 3f                                             	jz 0xb4e479c9                                     		EAX=00000000, ECX=b4f901d8, EDX=00000000, EBX=b4f8fd60, ESP=bf904120, EBP=00000000, ESI=b4f8f000, EDI=00000000
-1	26897	libc.so.6           	b4e479c9	                                        	8b 53 68                                          	mov edx, dword ptr [ebx+0x68]                     		EAX=00000000, ECX=b4f901d8, EDX=00000000, EBX=b4f8fd60, ESP=bf904120, EBP=00000000, ESI=b4f8f000, EDI=00000000
-1	26897	libc.so.6           	b4e479cc	                                        	85 d2                                             	test edx, edx                                     		EAX=00000000, ECX=b4f901d8, EDX=00000000, EBX=b4f8fd60, ESP=bf904120, EBP=00000000, ESI=b4f8f000, EDI=00000000
-1	26897	libc.so.6           	b4e479ce	                                        	0f 8e 0c 01 00 00                                 	jle 0xb4e47ae0                                    		EAX=00000000, ECX=b4f901d8, EDX=00000000, EBX=b4f8fd60, ESP=bf904120, EBP=00000000, ESI=b4f8f000, EDI=00000000
-1	26897	libc.so.6           	b4e47ae0	                                        	8b 43 10                                          	mov eax, dword ptr [ebx+0x10]                     		EAX=00000000, ECX=b4f901d8, EDX=00000000, EBX=b4f8fd60, ESP=bf904120, EBP=00000000, ESI=b4f8f000, EDI=00000000
-1	26897	libc.so.6           	b4e47ae3	                                        	39 43 14                                          	cmp dword ptr [ebx+0x14], eax                     		EAX=00000000, ECX=b4f901d8, EDX=00000000, EBX=b4f8fd60, ESP=bf904120, EBP=00000000, ESI=b4f8f000, EDI=00000000
-1	26897	libc.so.6           	b4e47ae6	                                        	0f 86 1f ff ff ff                                 	jbe 0xb4e47a0b                                    		EAX=00000000, ECX=b4f901d8, EDX=00000000, EBX=b4f8fd60, ESP=bf904120, EBP=00000000, ESI=b4f8f000, EDI=00000000
-1	26897	libc.so.6           	b4e47a0b	                                        	85 ff                                             	test edi, edi                                     		EAX=00000000, ECX=b4f901d8, EDX=00000000, EBX=b4f8fd60, ESP=bf904120, EBP=00000000, ESI=b4f8f000, EDI=00000000
-1	26897	libc.so.6           	b4e47a0d	                                        	74 31                                             	jz 0xb4e47a40                                     		EAX=00000000, ECX=b4f901d8, EDX=00000000, EBX=b4f8fd60, ESP=bf904120, EBP=00000000, ESI=b4f8f000, EDI=00000000
-1	26897	libc.so.6           	b4e47a40	                                        	8b 86 54 18 00 00                                 	mov eax, dword ptr [esi+0x1854]                   		EAX=00000000, ECX=b4f901d8, EDX=00000000, EBX=b4f8fd60, ESP=bf904120, EBP=00000000, ESI=b4f8f000, EDI=00000000
-1	26897	libc.so.6           	b4e47a46	                                        	c7 86 50 18 00 00 00 00 00 00                     	mov dword ptr [esi+0x1850], 0x0                   		EAX=00000000, ECX=b4f901d8, EDX=00000000, EBX=b4f8fd60, ESP=bf904120, EBP=00000000, ESI=b4f8f000, EDI=00000000
-1	26897	libc.so.6           	b4e47a50	                                        	39 e8                                             	cmp eax, ebp                                      		EAX=00000000, ECX=b4f901d8, EDX=00000000, EBX=b4f8fd60, ESP=bf904120, EBP=00000000, ESI=b4f8f000, EDI=00000000
-1	26897	libc.so.6           	b4e47a52	                                        	0f 85 18 ff ff ff                                 	jnz 0xb4e47970                                    		EAX=00000000, ECX=b4f901d8, EDX=00000000, EBX=b4f8fd60, ESP=bf904120, EBP=00000000, ESI=b4f8f000, EDI=00000000
-1	26897	libc.so.6           	b4e47a58	                                        	8b 5b 34                                          	mov ebx, dword ptr [ebx+0x34]                     		EAX=00000000, ECX=b4f901d8, EDX=00000000, EBX=b4f8fd60, ESP=bf904120, EBP=00000000, ESI=b4f8f000, EDI=00000000
-1	26897	libc.so.6           	b4e47a5b	                                        	85 db                                             	test ebx, ebx                                     		EAX=00000000, ECX=b4f901d8, EDX=00000000, EBX=b4f8f5a0, ESP=bf904120, EBP=00000000, ESI=b4f8f000, EDI=00000000
-1	26897	libc.so.6           	b4e47a5d	                                        	0f 85 1b ff ff ff                                 	jnz 0xb4e4797e                                    		EAX=00000000, ECX=b4f901d8, EDX=00000000, EBX=b4f8f5a0, ESP=bf904120, EBP=00000000, ESI=b4f8f000, EDI=00000000
-1	26897	libc.so.6           	b4e4797e	                                        	89 c5                                             	mov ebp, eax                                      		EAX=00000000, ECX=b4f901d8, EDX=00000000, EBX=b4f8f5a0, ESP=bf904120, EBP=00000000, ESI=b4f8f000, EDI=00000000
-1	26897	libc.so.6           	b4e47980	                                        	85 ff                                             	test edi, edi                                     		EAX=00000000, ECX=b4f901d8, EDX=00000000, EBX=b4f8f5a0, ESP=bf904120, EBP=00000000, ESI=b4f8f000, EDI=00000000
-1	26897	libc.so.6           	b4e47982	                                        	89 9e 50 18 00 00                                 	mov dword ptr [esi+0x1850], ebx                   		EAX=00000000, ECX=b4f901d8, EDX=00000000, EBX=b4f8f5a0, ESP=bf904120, EBP=00000000, ESI=b4f8f000, EDI=00000000
-1	26897	libc.so.6           	b4e47988	                                        	74 3f                                             	jz 0xb4e479c9                                     		EAX=00000000, ECX=b4f901d8, EDX=00000000, EBX=b4f8f5a0, ESP=bf904120, EBP=00000000, ESI=b4f8f000, EDI=00000000
-1	26897	libc.so.6           	b4e479c9	                                        	8b 53 68                                          	mov edx, dword ptr [ebx+0x68]                     		EAX=00000000, ECX=b4f901d8, EDX=00000000, EBX=b4f8f5a0, ESP=bf904120, EBP=00000000, ESI=b4f8f000, EDI=00000000
-1	26897	libc.so.6           	b4e479cc	                                        	85 d2                                             	test edx, edx                                     		EAX=00000000, ECX=b4f901d8, EDX=00000000, EBX=b4f8f5a0, ESP=bf904120, EBP=00000000, ESI=b4f8f000, EDI=00000000
-1	26897	libc.so.6           	b4e479ce	                                        	0f 8e 0c 01 00 00                                 	jle 0xb4e47ae0                                    		EAX=00000000, ECX=b4f901d8, EDX=00000000, EBX=b4f8f5a0, ESP=bf904120, EBP=00000000, ESI=b4f8f000, EDI=00000000
-1	26897	libc.so.6           	b4e47ae0	                                        	8b 43 10                                          	mov eax, dword ptr [ebx+0x10]                     		EAX=00000000, ECX=b4f901d8, EDX=00000000, EBX=b4f8f5a0, ESP=bf904120, EBP=00000000, ESI=b4f8f000, EDI=00000000
-1	26897	libc.so.6           	b4e47ae3	                                        	39 43 14                                          	cmp dword ptr [ebx+0x14], eax                     		EAX=00000000, ECX=b4f901d8, EDX=00000000, EBX=b4f8f5a0, ESP=bf904120, EBP=00000000, ESI=b4f8f000, EDI=00000000
-1	26897	libc.so.6           	b4e47ae6	                                        	0f 86 1f ff ff ff                                 	jbe 0xb4e47a0b                                    		EAX=00000000, ECX=b4f901d8, EDX=00000000, EBX=b4f8f5a0, ESP=bf904120, EBP=00000000, ESI=b4f8f000, EDI=00000000
-1	26897	libc.so.6           	b4e47a0b	                                        	85 ff                                             	test edi, edi                                     		EAX=00000000, ECX=b4f901d8, EDX=00000000, EBX=b4f8f5a0, ESP=bf904120, EBP=00000000, ESI=b4f8f000, EDI=00000000
-1	26897	libc.so.6           	b4e47a0d	                                        	74 31                                             	jz 0xb4e47a40                                     		EAX=00000000, ECX=b4f901d8, EDX=00000000, EBX=b4f8f5a0, ESP=bf904120, EBP=00000000, ESI=b4f8f000, EDI=00000000
-1	26897	libc.so.6           	b4e47a40	                                        	8b 86 54 18 00 00                                 	mov eax, dword ptr [esi+0x1854]                   		EAX=00000000, ECX=b4f901d8, EDX=00000000, EBX=b4f8f5a0, ESP=bf904120, EBP=00000000, ESI=b4f8f000, EDI=00000000
-1	26897	libc.so.6           	b4e47a46	                                        	c7 86 50 18 00 00 00 00 00 00                     	mov dword ptr [esi+0x1850], 0x0                   		EAX=00000000, ECX=b4f901d8, EDX=00000000, EBX=b4f8f5a0, ESP=bf904120, EBP=00000000, ESI=b4f8f000, EDI=00000000
-1	26897	libc.so.6           	b4e47a50	                                        	39 e8                                             	cmp eax, ebp                                      		EAX=00000000, ECX=b4f901d8, EDX=00000000, EBX=b4f8f5a0, ESP=bf904120, EBP=00000000, ESI=b4f8f000, EDI=00000000
-1	26897	libc.so.6           	b4e47a52	                                        	0f 85 18 ff ff ff                                 	jnz 0xb4e47970                                    		EAX=00000000, ECX=b4f901d8, EDX=00000000, EBX=b4f8f5a0, ESP=bf904120, EBP=00000000, ESI=b4f8f000, EDI=00000000
-1	26897	libc.so.6           	b4e47a58	                                        	8b 5b 34                                          	mov ebx, dword ptr [ebx+0x34]                     		EAX=00000000, ECX=b4f901d8, EDX=00000000, EBX=b4f8f5a0, ESP=bf904120, EBP=00000000, ESI=b4f8f000, EDI=00000000
-1	26897	libc.so.6           	b4e47a5b	                                        	85 db                                             	test ebx, ebx                                     		EAX=00000000, ECX=b4f901d8, EDX=00000000, EBX=00000000, ESP=bf904120, EBP=00000000, ESI=b4f8f000, EDI=00000000
-1	26897	libc.so.6           	b4e47a5d	                                        	0f 85 1b ff ff ff                                 	jnz 0xb4e4797e                                    		EAX=00000000, ECX=b4f901d8, EDX=00000000, EBX=00000000, ESP=bf904120, EBP=00000000, ESI=b4f8f000, EDI=00000000
-1	26897	libc.so.6           	b4e47a63	                                        	85 ff                                             	test edi, edi                                     		EAX=00000000, ECX=b4f901d8, EDX=00000000, EBX=00000000, ESP=bf904120, EBP=00000000, ESI=b4f8f000, EDI=00000000
-1	26897	libc.so.6           	b4e47a65	                                        	74 13                                             	jz 0xb4e47a7a                                     		EAX=00000000, ECX=b4f901d8, EDX=00000000, EBX=00000000, ESP=bf904120, EBP=00000000, ESI=b4f8f000, EDI=00000000
-1	26897	libc.so.6           	b4e47a7a	                                        	8b 44 24 0c                                       	mov eax, dword ptr [esp+0xc]                      		EAX=00000000, ECX=b4f901d8, EDX=00000000, EBX=00000000, ESP=bf904120, EBP=00000000, ESI=b4f8f000, EDI=00000000
-1	26897	libc.so.6           	b4e47a7e	                                        	85 c0                                             	test eax, eax                                     		EAX=00000000, ECX=b4f901d8, EDX=00000000, EBX=00000000, ESP=bf904120, EBP=00000000, ESI=b4f8f000, EDI=00000000
-1	26897	libc.so.6           	b4e47a80	                                        	74 1f                                             	jz 0xb4e47aa1                                     		EAX=00000000, ECX=b4f901d8, EDX=00000000, EBX=00000000, ESP=bf904120, EBP=00000000, ESI=b4f8f000, EDI=00000000
-1	26897	libc.so.6           	b4e47aa1	                                        	8b 44 24 04                                       	mov eax, dword ptr [esp+0x4]                      		EAX=00000000, ECX=b4f901d8, EDX=00000000, EBX=00000000, ESP=bf904120, EBP=00000000, ESI=b4f8f000, EDI=00000000
-1	26897	libc.so.6           	b4e47aa5	                                        	83 c4 2c                                          	add esp, 0x2c                                     		EAX=00000000, ECX=b4f901d8, EDX=00000000, EBX=00000000, ESP=bf904120, EBP=00000000, ESI=b4f8f000, EDI=00000000
-1	26897	libc.so.6           	b4e47aa8	                                        	5b                                                	pop ebx                                           		EAX=00000000, ECX=b4f901d8, EDX=00000000, EBX=00000000, ESP=bf90414c, EBP=00000000, ESI=b4f8f000, EDI=00000000
-1	26897	libc.so.6           	b4e47aa9	                                        	5e                                                	pop esi                                           		EAX=00000000, ECX=b4f901d8, EDX=00000000, EBX=b4f8f000, ESP=bf904150, EBP=00000000, ESI=b4f8f000, EDI=00000000
-1	26897	libc.so.6           	b4e47aaa	                                        	5f                                                	pop edi                                           		EAX=00000000, ECX=b4f901d8, EDX=00000000, EBX=b4f8f000, ESP=bf904154, EBP=00000000, ESI=00000008, EDI=00000000
-1	26897	libc.so.6           	b4e47aab	                                        	5d                                                	pop ebp                                           		EAX=00000000, ECX=b4f901d8, EDX=00000000, EBX=b4f8f000, ESP=bf904158, EBP=00000000, ESI=00000008, EDI=b4f8d2d0
-1	26897	libc.so.6           	b4e47aac	                                        	c3                                                	ret                                               		EAX=00000000, ECX=b4f901d8, EDX=00000000, EBX=b4f8f000, ESP=bf90415c, EBP=b4dc3700, ESI=00000008, EDI=b4f8d2d0
-1	26897	libc.so.6           	b4e47b90	                                        	8b bb a0 0c 00 00                                 	mov edi, dword ptr [ebx+0xca0]                    		EAX=00000000, ECX=b4f901d8, EDX=00000000, EBX=b4f8f000, ESP=bf904160, EBP=b4dc3700, ESI=00000008, EDI=b4f8d2d0
-1	26897	libc.so.6           	b4e47b96	                                        	89 44 24 1c                                       	mov dword ptr [esp+0x1c], eax                     		EAX=00000000, ECX=b4f901d8, EDX=00000000, EBX=b4f8f000, ESP=bf904160, EBP=b4dc3700, ESI=00000008, EDI=b4f8fcc0
-1	26897	libc.so.6           	b4e47b9a	                                        	83 c4 10                                          	add esp, 0x10                                     		EAX=00000000, ECX=b4f901d8, EDX=00000000, EBX=b4f8f000, ESP=bf904160, EBP=b4dc3700, ESI=00000008, EDI=b4f8fcc0
-1	26897	libc.so.6           	b4e47b9d	                                        	85 ff                                             	test edi, edi                                     		EAX=00000000, ECX=b4f901d8, EDX=00000000, EBX=b4f8f000, ESP=bf904170, EBP=b4dc3700, ESI=00000008, EDI=b4f8fcc0
-1	26897	libc.so.6           	b4e47b9f	                                        	0f 85 89 00 00 00                                 	jnz 0xb4e47c2e                                    		EAX=00000000, ECX=b4f901d8, EDX=00000000, EBX=b4f8f000, ESP=bf904170, EBP=b4dc3700, ESI=00000008, EDI=b4f8fcc0
-1	26897	libc.so.6           	b4e47c2e	                                        	f6 07 02                                          	test byte ptr [edi], 0x2                          		EAX=00000000, ECX=b4f901d8, EDX=00000000, EBX=b4f8f000, ESP=bf904170, EBP=b4dc3700, ESI=00000008, EDI=b4f8fcc0
-1	26897	libc.so.6           	b4e47c31	                                        	75 ed                                             	jnz 0xb4e47c20                                    		EAX=00000000, ECX=b4f901d8, EDX=00000000, EBX=b4f8f000, ESP=bf904170, EBP=b4dc3700, ESI=00000008, EDI=b4f8fcc0
-1	26897	libc.so.6           	b4e47c20	                                        	c7 47 68 ff ff ff ff                              	mov dword ptr [edi+0x68], 0xffffffff              		EAX=00000000, ECX=b4f901d8, EDX=00000000, EBX=b4f8f000, ESP=bf904170, EBP=b4dc3700, ESI=00000008, EDI=b4f8fcc0
-1	26897	libc.so.6           	b4e47c27	                                        	8b 7f 34                                          	mov edi, dword ptr [edi+0x34]                     		EAX=00000000, ECX=b4f901d8, EDX=00000000, EBX=b4f8f000, ESP=bf904170, EBP=b4dc3700, ESI=00000008, EDI=b4f8fcc0
-1	26897	libc.so.6           	b4e47c2a	                                        	85 ff                                             	test edi, edi                                     		EAX=00000000, ECX=b4f901d8, EDX=00000000, EBX=b4f8f000, ESP=bf904170, EBP=b4dc3700, ESI=00000008, EDI=b4f8fd60
-1	26897	libc.so.6           	b4e47c2c	                                        	74 52                                             	jz 0xb4e47c80                                     		EAX=00000000, ECX=b4f901d8, EDX=00000000, EBX=b4f8f000, ESP=bf904170, EBP=b4dc3700, ESI=00000008, EDI=b4f8fd60
-1	26897	libc.so.6           	b4e47c2e	                                        	f6 07 02                                          	test byte ptr [edi], 0x2                          		EAX=00000000, ECX=b4f901d8, EDX=00000000, EBX=b4f8f000, ESP=bf904170, EBP=b4dc3700, ESI=00000008, EDI=b4f8fd60
-1	26897	libc.so.6           	b4e47c31	                                        	75 ed                                             	jnz 0xb4e47c20                                    		EAX=00000000, ECX=b4f901d8, EDX=00000000, EBX=b4f8f000, ESP=bf904170, EBP=b4dc3700, ESI=00000008, EDI=b4f8fd60
-1	26897	libc.so.6           	b4e47c33	                                        	8b 57 68                                          	mov edx, dword ptr [edi+0x68]                     		EAX=00000000, ECX=b4f901d8, EDX=00000000, EBX=b4f8f000, ESP=bf904170, EBP=b4dc3700, ESI=00000008, EDI=b4f8fd60
-1	26897	libc.so.6           	b4e47c36	                                        	85 d2                                             	test edx, edx                                     		EAX=00000000, ECX=b4f901d8, EDX=00000000, EBX=b4f8f000, ESP=bf904170, EBP=b4dc3700, ESI=00000008, EDI=b4f8fd60
-1	26897	libc.so.6           	b4e47c38	                                        	74 e6                                             	jz 0xb4e47c20                                     		EAX=00000000, ECX=b4f901d8, EDX=00000000, EBX=b4f8f000, ESP=bf904170, EBP=b4dc3700, ESI=00000008, EDI=b4f8fd60
-1	26897	libc.so.6           	b4e47c20	                                        	c7 47 68 ff ff ff ff                              	mov dword ptr [edi+0x68], 0xffffffff              		EAX=00000000, ECX=b4f901d8, EDX=00000000, EBX=b4f8f000, ESP=bf904170, EBP=b4dc3700, ESI=00000008, EDI=b4f8fd60
-1	26897	libc.so.6           	b4e47c27	                                        	8b 7f 34                                          	mov edi, dword ptr [edi+0x34]                     		EAX=00000000, ECX=b4f901d8, EDX=00000000, EBX=b4f8f000, ESP=bf904170, EBP=b4dc3700, ESI=00000008, EDI=b4f8fd60
-1	26897	libc.so.6           	b4e47c2a	                                        	85 ff                                             	test edi, edi                                     		EAX=00000000, ECX=b4f901d8, EDX=00000000, EBX=b4f8f000, ESP=bf904170, EBP=b4dc3700, ESI=00000008, EDI=b4f8f5a0
-1	26897	libc.so.6           	b4e47c2c	                                        	74 52                                             	jz 0xb4e47c80                                     		EAX=00000000, ECX=b4f901d8, EDX=00000000, EBX=b4f8f000, ESP=bf904170, EBP=b4dc3700, ESI=00000008, EDI=b4f8f5a0
-1	26897	libc.so.6           	b4e47c2e	                                        	f6 07 02                                          	test byte ptr [edi], 0x2                          		EAX=00000000, ECX=b4f901d8, EDX=00000000, EBX=b4f8f000, ESP=bf904170, EBP=b4dc3700, ESI=00000008, EDI=b4f8f5a0
-1	26897	libc.so.6           	b4e47c31	                                        	75 ed                                             	jnz 0xb4e47c20                                    		EAX=00000000, ECX=b4f901d8, EDX=00000000, EBX=b4f8f000, ESP=bf904170, EBP=b4dc3700, ESI=00000008, EDI=b4f8f5a0
-1	26897	libc.so.6           	b4e47c33	                                        	8b 57 68                                          	mov edx, dword ptr [edi+0x68]                     		EAX=00000000, ECX=b4f901d8, EDX=00000000, EBX=b4f8f000, ESP=bf904170, EBP=b4dc3700, ESI=00000008, EDI=b4f8f5a0
-1	26897	libc.so.6           	b4e47c36	                                        	85 d2                                             	test edx, edx                                     		EAX=00000000, ECX=b4f901d8, EDX=00000000, EBX=b4f8f000, ESP=bf904170, EBP=b4dc3700, ESI=00000008, EDI=b4f8f5a0
-1	26897	libc.so.6           	b4e47c38	                                        	74 e6                                             	jz 0xb4e47c20                                     		EAX=00000000, ECX=b4f901d8, EDX=00000000, EBX=b4f8f000, ESP=bf904170, EBP=b4dc3700, ESI=00000008, EDI=b4f8f5a0
-1	26897	libc.so.6           	b4e47c20	                                        	c7 47 68 ff ff ff ff                              	mov dword ptr [edi+0x68], 0xffffffff              		EAX=00000000, ECX=b4f901d8, EDX=00000000, EBX=b4f8f000, ESP=bf904170, EBP=b4dc3700, ESI=00000008, EDI=b4f8f5a0
-1	26897	libc.so.6           	b4e47c27	                                        	8b 7f 34                                          	mov edi, dword ptr [edi+0x34]                     		EAX=00000000, ECX=b4f901d8, EDX=00000000, EBX=b4f8f000, ESP=bf904170, EBP=b4dc3700, ESI=00000008, EDI=b4f8f5a0
-1	26897	libc.so.6           	b4e47c2a	                                        	85 ff                                             	test edi, edi                                     		EAX=00000000, ECX=b4f901d8, EDX=00000000, EBX=b4f8f000, ESP=bf904170, EBP=b4dc3700, ESI=00000008, EDI=00000000
-1	26897	libc.so.6           	b4e47c2c	                                        	74 52                                             	jz 0xb4e47c80                                     		EAX=00000000, ECX=b4f901d8, EDX=00000000, EBX=b4f8f000, ESP=bf904170, EBP=b4dc3700, ESI=00000008, EDI=00000000
-1	26897	libc.so.6           	b4e47c80	                                        	8b 44 24 0c                                       	mov eax, dword ptr [esp+0xc]                      		EAX=00000000, ECX=b4f901d8, EDX=00000000, EBX=b4f8f000, ESP=bf904170, EBP=b4dc3700, ESI=00000008, EDI=00000000
-1	26897	libc.so.6           	b4e47c84	                                        	83 c4 1c                                          	add esp, 0x1c                                     		EAX=00000000, ECX=b4f901d8, EDX=00000000, EBX=b4f8f000, ESP=bf904170, EBP=b4dc3700, ESI=00000008, EDI=00000000
-1	26897	libc.so.6           	b4e47c87	                                        	5b                                                	pop ebx                                           		EAX=00000000, ECX=b4f901d8, EDX=00000000, EBX=b4f8f000, ESP=bf90418c, EBP=b4dc3700, ESI=00000008, EDI=00000000
-1	26897	libc.so.6           	b4e47c88	                                        	5e                                                	pop esi                                           		EAX=00000000, ECX=b4f901d8, EDX=00000000, EBX=b4f8d2cc, ESP=bf904190, EBP=b4dc3700, ESI=00000008, EDI=00000000
-1	26897	libc.so.6           	b4e47c89	                                        	5f                                                	pop edi                                           		EAX=00000000, ECX=b4f901d8, EDX=00000000, EBX=b4f8d2cc, ESP=bf904194, EBP=b4dc3700, ESI=00000008, EDI=00000000
-1	26897	libc.so.6           	b4e47c8a	                                        	5d                                                	pop ebp                                           		EAX=00000000, ECX=b4f901d8, EDX=00000000, EBX=b4f8d2cc, ESP=bf904198, EBP=b4dc3700, ESI=00000008, EDI=b4f8d2d0
-1	26897	libc.so.6           	b4e47c8b	                                        	c3                                                	ret                                               		EAX=00000000, ECX=b4f901d8, EDX=00000000, EBX=b4f8d2cc, ESP=bf90419c, EBP=b4f901e0, ESI=00000008, EDI=b4f8d2d0
-1	26897	libc.so.6           	b4e0a94a	                                        	83 c3 04                                          	add ebx, 0x4                                      		EAX=00000000, ECX=b4f901d8, EDX=00000000, EBX=b4f8d2cc, ESP=bf9041a0, EBP=b4f901e0, ESI=00000008, EDI=b4f8d2d0
-1	26897	libc.so.6           	b4e0a94d	                                        	39 fb                                             	cmp ebx, edi                                      		EAX=00000000, ECX=b4f901d8, EDX=00000000, EBX=b4f8d2d0, ESP=bf9041a0, EBP=b4f901e0, ESI=00000008, EDI=b4f8d2d0
-1	26897	libc.so.6           	b4e0a94f	                                        	72 f7                                             	jb 0xb4e0a948                                     		EAX=00000000, ECX=b4f901d8, EDX=00000000, EBX=b4f8d2d0, ESP=bf9041a0, EBP=b4f901e0, ESI=00000008, EDI=b4f8d2d0
-1	26897	libc.so.6           	b4e0a951	                                        	83 ec 0c                                          	sub esp, 0xc                                      		EAX=00000000, ECX=b4f901d8, EDX=00000000, EBX=b4f8d2d0, ESP=bf9041a0, EBP=b4f901e0, ESI=00000008, EDI=b4f8d2d0
-1	26897	libc.so.6           	b4e0a954	                                        	56                                                	push esi                                          		EAX=00000000, ECX=b4f901d8, EDX=00000000, EBX=b4f8d2d0, ESP=bf904194, EBP=b4f901e0, ESI=00000008, EDI=b4f8d2d0
-1	26897	libc.so.6           	b4e0a955	                                        	e8 4e 1f 08 00                                    	call 0xb4e8c8a8                                   		EAX=00000000, ECX=b4f901d8, EDX=00000000, EBX=b4f8d2d0, ESP=bf904190, EBP=b4f901e0, ESI=00000008, EDI=b4f8d2d0
-1	26897	libc.so.6           	b4e8c8a8	                                        	8b 5c 24 04                                       	mov ebx, dword ptr [esp+0x4]                      		EAX=00000000, ECX=b4f901d8, EDX=00000000, EBX=b4f8d2d0, ESP=bf90418c, EBP=b4f901e0, ESI=00000008, EDI=b4f8d2d0
-1	26897	libc.so.6           	b4e8c8ac	                                        	b8 fc 00 00 00                                    	mov eax, 0xfc                                     		EAX=00000000, ECX=b4f901d8, EDX=00000000, EBX=00000008, ESP=bf90418c, EBP=b4f901e0, ESI=00000008, EDI=b4f8d2d0
-1	26897	libc.so.6           	b4e8c8b1	                                        	65 ff 15 10 00 00 00                              	call dword ptr gs:[0x10]                          		EAX=000000fc, ECX=b4f901d8, EDX=00000000, EBX=00000008, ESP=bf90418c, EBP=b4f901e0, ESI=00000008, EDI=b4f8d2d0
