-1	26889	unknown             	08048370	                                        	31 ed                                             	xor ebp, ebp                                      		EAX=b7717918, ECX=bfcd6a44, EDX=b7702880, EBX=b7717000, ESP=bfcd6a40, EBP=00000000, ESI=bfcd6a50, EDI=08048370
-1	26889	unknown             	08048372	                                        	5e                                                	pop esi                                           		EAX=b7717918, ECX=bfcd6a44, EDX=b7702880, EBX=b7717000, ESP=bfcd6a40, EBP=00000000, ESI=bfcd6a50, EDI=08048370
-1	26889	unknown             	08048373	                                        	89 e1                                             	mov ecx, esp                                      		EAX=b7717918, ECX=bfcd6a44, EDX=b7702880, EBX=b7717000, ESP=bfcd6a44, EBP=00000000, ESI=00000002, EDI=08048370
-1	26889	unknown             	08048375	                                        	83 e4 f0                                          	and esp, 0xfffffff0                               		EAX=b7717918, ECX=bfcd6a44, EDX=b7702880, EBX=b7717000, ESP=bfcd6a44, EBP=00000000, ESI=00000002, EDI=08048370
-1	26889	unknown             	08048378	                                        	50                                                	push eax                                          		EAX=b7717918, ECX=bfcd6a44, EDX=b7702880, EBX=b7717000, ESP=bfcd6a40, EBP=00000000, ESI=00000002, EDI=08048370
-1	26889	unknown             	08048379	                                        	54                                                	push esp                                          		EAX=b7717918, ECX=bfcd6a44, EDX=b7702880, EBX=b7717000, ESP=bfcd6a3c, EBP=00000000, ESI=00000002, EDI=08048370
-1	26889	unknown             	0804837a	                                        	52                                                	push edx                                          		EAX=b7717918, ECX=bfcd6a44, EDX=b7702880, EBX=b7717000, ESP=bfcd6a38, EBP=00000000, ESI=00000002, EDI=08048370
-1	26889	unknown             	0804837b	                                        	68 60 85 04 08                                    	push 0x8048560                                    		EAX=b7717918, ECX=bfcd6a44, EDX=b7702880, EBX=b7717000, ESP=bfcd6a34, EBP=00000000, ESI=00000002, EDI=08048370
-1	26889	unknown             	08048380	                                        	68 00 85 04 08                                    	push 0x8048500                                    		EAX=b7717918, ECX=bfcd6a44, EDX=b7702880, EBX=b7717000, ESP=bfcd6a30, EBP=00000000, ESI=00000002, EDI=08048370
-1	26889	unknown             	08048385	                                        	51                                                	push ecx                                          		EAX=b7717918, ECX=bfcd6a44, EDX=b7702880, EBX=b7717000, ESP=bfcd6a2c, EBP=00000000, ESI=00000002, EDI=08048370
-1	26889	unknown             	08048386	                                        	56                                                	push esi                                          		EAX=b7717918, ECX=bfcd6a44, EDX=b7702880, EBX=b7717000, ESP=bfcd6a28, EBP=00000000, ESI=00000002, EDI=08048370
-1	26889	unknown             	08048387	                                        	68 6b 84 04 08                                    	push 0x804846b                                    		EAX=b7717918, ECX=bfcd6a44, EDX=b7702880, EBX=b7717000, ESP=bfcd6a24, EBP=00000000, ESI=00000002, EDI=08048370
-1	26889	unknown             	0804838c	                                        	e8 af ff ff ff                                    	call 0x8048340                                    		EAX=b7717918, ECX=bfcd6a44, EDX=b7702880, EBX=b7717000, ESP=bfcd6a20, EBP=00000000, ESI=00000002, EDI=08048370
-1	26889	unknown             	08048340	                                        	ff 25 10 a0 04 08                                 	jmp dword ptr [0x804a010]                         		EAX=b7717918, ECX=bfcd6a44, EDX=b7702880, EBX=b7717000, ESP=bfcd6a1c, EBP=00000000, ESI=00000002, EDI=08048370
-1	26889	unknown             	08048346	                                        	68 08 00 00 00                                    	push 0x8                                          		EAX=b7717918, ECX=bfcd6a44, EDX=b7702880, EBX=b7717000, ESP=bfcd6a1c, EBP=00000000, ESI=00000002, EDI=08048370
-1	26889	unknown             	0804834b	                                        	e9 d0 ff ff ff                                    	jmp 0x8048320                                     		EAX=b7717918, ECX=bfcd6a44, EDX=b7702880, EBX=b7717000, ESP=bfcd6a18, EBP=00000000, ESI=00000002, EDI=08048370
-1	26889	unknown             	08048320	                                        	ff 35 04 a0 04 08                                 	push dword ptr [0x804a004]                        		EAX=b7717918, ECX=bfcd6a44, EDX=b7702880, EBX=b7717000, ESP=bfcd6a18, EBP=00000000, ESI=00000002, EDI=08048370
-1	26889	unknown             	08048326	                                        	ff 25 08 a0 04 08                                 	jmp dword ptr [0x804a008]                         		EAX=b7717918, ECX=bfcd6a44, EDX=b7702880, EBX=b7717000, ESP=bfcd6a14, EBP=00000000, ESI=00000002, EDI=08048370
-1	26889	ld-linux.so.2       	b7708000	                                        	50                                                	push eax                                          		EAX=b7717918, ECX=bfcd6a44, EDX=b7702880, EBX=b7717000, ESP=bfcd6a14, EBP=00000000, ESI=00000002, EDI=08048370
-1	26889	ld-linux.so.2       	b7708001	                                        	51                                                	push ecx                                          		EAX=b7717918, ECX=bfcd6a44, EDX=b7702880, EBX=b7717000, ESP=bfcd6a10, EBP=00000000, ESI=00000002, EDI=08048370
-1	26889	ld-linux.so.2       	b7708002	                                        	52                                                	push edx                                          		EAX=b7717918, ECX=bfcd6a44, EDX=b7702880, EBX=b7717000, ESP=bfcd6a0c, EBP=00000000, ESI=00000002, EDI=08048370
-1	26889	ld-linux.so.2       	b7708003	                                        	8b 54 24 10                                       	mov edx, dword ptr [esp+0x10]                     		EAX=b7717918, ECX=bfcd6a44, EDX=b7702880, EBX=b7717000, ESP=bfcd6a08, EBP=00000000, ESI=00000002, EDI=08048370
-1	26889	ld-linux.so.2       	b7708007	                                        	8b 44 24 0c                                       	mov eax, dword ptr [esp+0xc]                      		EAX=b7717918, ECX=bfcd6a44, EDX=00000008, EBX=b7717000, ESP=bfcd6a08, EBP=00000000, ESI=00000002, EDI=08048370
-1	26889	ld-linux.so.2       	b770800b	                                        	e8 d0 97 ff ff                                    	call 0xb77017e0                                   		EAX=b7717918, ECX=bfcd6a44, EDX=00000008, EBX=b7717000, ESP=bfcd6a08, EBP=00000000, ESI=00000002, EDI=08048370
-1	26889	ld-linux.so.2       	b77017e0	                                        	55                                                	push ebp                                          		EAX=b7717918, ECX=bfcd6a44, EDX=00000008, EBX=b7717000, ESP=bfcd6a04, EBP=00000000, ESI=00000002, EDI=08048370
-1	26889	ld-linux.so.2       	b77017e1	                                        	57                                                	push edi                                          		EAX=b7717918, ECX=bfcd6a44, EDX=00000008, EBX=b7717000, ESP=bfcd6a00, EBP=00000000, ESI=00000002, EDI=08048370
-1	26889	ld-linux.so.2       	b77017e2	                                        	89 c7                                             	mov edi, eax                                      		EAX=b7717918, ECX=bfcd6a44, EDX=00000008, EBX=b7717000, ESP=bfcd69fc, EBP=00000000, ESI=00000002, EDI=08048370
-1	26889	ld-linux.so.2       	b77017e4	                                        	56                                                	push esi                                          		EAX=b7717918, ECX=bfcd6a44, EDX=00000008, EBX=b7717000, ESP=bfcd69fc, EBP=00000000, ESI=00000002, EDI=b7717918
-1	26889	ld-linux.so.2       	b77017e5	                                        	53                                                	push ebx                                          		EAX=b7717918, ECX=bfcd6a44, EDX=00000008, EBX=b7717000, ESP=bfcd69f8, EBP=00000000, ESI=00000002, EDI=b7717918
-1	26889	ld-linux.so.2       	b77017e6	                                        	e8 02 b1 00 00                                    	call 0xb770c8ed                                   		EAX=b7717918, ECX=bfcd6a44, EDX=00000008, EBX=b7717000, ESP=bfcd69f4, EBP=00000000, ESI=00000002, EDI=b7717918
-1	26889	ld-linux.so.2       	b770c8ed	                                        	8b 34 24                                          	mov esi, dword ptr [esp]                          		EAX=b7717918, ECX=bfcd6a44, EDX=00000008, EBX=b7717000, ESP=bfcd69f0, EBP=00000000, ESI=00000002, EDI=b7717918
-1	26889	ld-linux.so.2       	b770c8f0	                                        	c3                                                	ret                                               		EAX=b7717918, ECX=bfcd6a44, EDX=00000008, EBX=b7717000, ESP=bfcd69f0, EBP=00000000, ESI=b77017eb, EDI=b7717918
-1	26889	ld-linux.so.2       	b77017eb	                                        	81 c6 15 58 01 00                                 	add esi, 0x15815                                  		EAX=b7717918, ECX=bfcd6a44, EDX=00000008, EBX=b7717000, ESP=bfcd69f4, EBP=00000000, ESI=b77017eb, EDI=b7717918
-1	26889	ld-linux.so.2       	b77017f1	                                        	83 ec 2c                                          	sub esp, 0x2c                                     		EAX=b7717918, ECX=bfcd6a44, EDX=00000008, EBX=b7717000, ESP=bfcd69f4, EBP=00000000, ESI=b7717000, EDI=b7717918
-1	26889	ld-linux.so.2       	b77017f4	                                        	8b 4f 7c                                          	mov ecx, dword ptr [edi+0x7c]                     		EAX=b7717918, ECX=bfcd6a44, EDX=00000008, EBX=b7717000, ESP=bfcd69c8, EBP=00000000, ESI=b7717000, EDI=b7717918
-1	26889	ld-linux.so.2       	b77017f7	                                        	8b 40 34                                          	mov eax, dword ptr [eax+0x34]                     		EAX=b7717918, ECX=08049f94, EDX=00000008, EBX=b7717000, ESP=bfcd69c8, EBP=00000000, ESI=b7717000, EDI=b7717918
-1	26889	ld-linux.so.2       	b77017fa	                                        	89 74 24 08                                       	mov dword ptr [esp+0x8], esi                      		EAX=08049f54, ECX=08049f94, EDX=00000008, EBX=b7717000, ESP=bfcd69c8, EBP=00000000, ESI=b7717000, EDI=b7717918
-1	26889	ld-linux.so.2       	b77017fe	                                        	03 51 04                                          	add edx, dword ptr [ecx+0x4]                      		EAX=08049f54, ECX=08049f94, EDX=00000008, EBX=b7717000, ESP=bfcd69c8, EBP=00000000, ESI=b7717000, EDI=b7717918
-1	26889	ld-linux.so.2       	b7701801	                                        	8b 40 04                                          	mov eax, dword ptr [eax+0x4]                      		EAX=08049f54, ECX=08049f94, EDX=080482e0, EBX=b7717000, ESP=bfcd69c8, EBP=00000000, ESI=b7717000, EDI=b7717918
-1	26889	ld-linux.so.2       	b7701804	                                        	8b 4f 38                                          	mov ecx, dword ptr [edi+0x38]                     		EAX=0804822c, ECX=08049f94, EDX=080482e0, EBX=b7717000, ESP=bfcd69c8, EBP=00000000, ESI=b7717000, EDI=b7717918
-1	26889	ld-linux.so.2       	b7701807	                                        	89 44 24 0c                                       	mov dword ptr [esp+0xc], eax                      		EAX=0804822c, ECX=08049f5c, EDX=080482e0, EBX=b7717000, ESP=bfcd69c8, EBP=00000000, ESI=b7717000, EDI=b7717918
-1	26889	ld-linux.so.2       	b770180b	                                        	89 d5                                             	mov ebp, edx                                      		EAX=0804822c, ECX=08049f5c, EDX=080482e0, EBX=b7717000, ESP=bfcd69c8, EBP=00000000, ESI=b7717000, EDI=b7717918
-1	26889	ld-linux.so.2       	b770180d	                                        	8b 52 04                                          	mov edx, dword ptr [edx+0x4]                      		EAX=0804822c, ECX=08049f5c, EDX=080482e0, EBX=b7717000, ESP=bfcd69c8, EBP=080482e0, ESI=b7717000, EDI=b7717918
-1	26889	ld-linux.so.2       	b7701810	                                        	8b 45 00                                          	mov eax, dword ptr [ebp]                          		EAX=0804822c, ECX=08049f5c, EDX=00000307, EBX=b7717000, ESP=bfcd69c8, EBP=080482e0, ESI=b7717000, EDI=b7717918
-1	26889	ld-linux.so.2       	b7701813	                                        	89 d6                                             	mov esi, edx                                      		EAX=0804a010, ECX=08049f5c, EDX=00000307, EBX=b7717000, ESP=bfcd69c8, EBP=080482e0, ESI=b7717000, EDI=b7717918
-1	26889	ld-linux.so.2       	b7701815	                                        	c1 ee 08                                          	shr esi, 0x8                                      		EAX=0804a010, ECX=08049f5c, EDX=00000307, EBX=b7717000, ESP=bfcd69c8, EBP=080482e0, ESI=00000307, EDI=b7717918
-1	26889	ld-linux.so.2       	b7701818	                                        	89 f3                                             	mov ebx, esi                                      		EAX=0804a010, ECX=08049f5c, EDX=00000307, EBX=b7717000, ESP=bfcd69c8, EBP=080482e0, ESI=00000003, EDI=b7717918
-1	26889	ld-linux.so.2       	b770181a	                                        	c1 e3 04                                          	shl ebx, 0x4                                      		EAX=0804a010, ECX=08049f5c, EDX=00000307, EBX=00000003, ESP=bfcd69c8, EBP=080482e0, ESI=00000003, EDI=b7717918
-1	26889	ld-linux.so.2       	b770181d	                                        	03 59 04                                          	add ebx, dword ptr [ecx+0x4]                      		EAX=0804a010, ECX=08049f5c, EDX=00000307, EBX=00000030, ESP=bfcd69c8, EBP=080482e0, ESI=00000003, EDI=b7717918
-1	26889	ld-linux.so.2       	b7701820	                                        	8b 0f                                             	mov ecx, dword ptr [edi]                          		EAX=0804a010, ECX=08049f5c, EDX=00000307, EBX=080481fc, ESP=bfcd69c8, EBP=080482e0, ESI=00000003, EDI=b7717918
-1	26889	ld-linux.so.2       	b7701822	                                        	01 c8                                             	add eax, ecx                                      		EAX=0804a010, ECX=00000000, EDX=00000307, EBX=080481fc, ESP=bfcd69c8, EBP=080482e0, ESI=00000003, EDI=b7717918
-1	26889	ld-linux.so.2       	b7701824	                                        	80 fa 07                                          	cmp dl, 0x7                                       		EAX=0804a010, ECX=00000000, EDX=00000307, EBX=080481fc, ESP=bfcd69c8, EBP=080482e0, ESI=00000003, EDI=b7717918
-1	26889	ld-linux.so.2       	b7701827	                                        	89 5c 24 1c                                       	mov dword ptr [esp+0x1c], ebx                     		EAX=0804a010, ECX=00000000, EDX=00000307, EBX=080481fc, ESP=bfcd69c8, EBP=080482e0, ESI=00000003, EDI=b7717918
-1	26889	ld-linux.so.2       	b770182b	                                        	0f 85 3e 01 00 00                                 	jnz 0xb770196f                                    		EAX=0804a010, ECX=00000000, EDX=00000307, EBX=080481fc, ESP=bfcd69c8, EBP=080482e0, ESI=00000003, EDI=b7717918
-1	26889	ld-linux.so.2       	b7701831	                                        	f6 43 0d 03                                       	test byte ptr [ebx+0xd], 0x3                      		EAX=0804a010, ECX=00000000, EDX=00000307, EBX=080481fc, ESP=bfcd69c8, EBP=080482e0, ESI=00000003, EDI=b7717918
-1	26889	ld-linux.so.2       	b7701835	                                        	89 c5                                             	mov ebp, eax                                      		EAX=0804a010, ECX=00000000, EDX=00000307, EBX=080481fc, ESP=bfcd69c8, EBP=080482e0, ESI=00000003, EDI=b7717918
-1	26889	ld-linux.so.2       	b7701837	                                        	0f 85 d3 00 00 00                                 	jnz 0xb7701910                                    		EAX=0804a010, ECX=00000000, EDX=00000307, EBX=080481fc, ESP=bfcd69c8, EBP=0804a010, ESI=00000003, EDI=b7717918
-1	26889	ld-linux.so.2       	b770183d	                                        	8b 97 e4 00 00 00                                 	mov edx, dword ptr [edi+0xe4]                     		EAX=0804a010, ECX=00000000, EDX=00000307, EBX=080481fc, ESP=bfcd69c8, EBP=0804a010, ESI=00000003, EDI=b7717918
-1	26889	ld-linux.so.2       	b7701843	                                        	85 d2                                             	test edx, edx                                     		EAX=0804a010, ECX=00000000, EDX=08049fc4, EBX=080481fc, ESP=bfcd69c8, EBP=0804a010, ESI=00000003, EDI=b7717918
-1	26889	ld-linux.so.2       	b7701845	                                        	0f 84 a5 00 00 00                                 	jz 0xb77018f0                                     		EAX=0804a010, ECX=00000000, EDX=08049fc4, EBX=080481fc, ESP=bfcd69c8, EBP=0804a010, ESI=00000003, EDI=b7717918
-1	26889	ld-linux.so.2       	b770184b	                                        	8b 52 04                                          	mov edx, dword ptr [edx+0x4]                      		EAX=0804a010, ECX=00000000, EDX=08049fc4, EBX=080481fc, ESP=bfcd69c8, EBP=0804a010, ESI=00000003, EDI=b7717918
-1	26889	ld-linux.so.2       	b770184e	                                        	0f b7 14 72                                       	movzx edx, word ptr [edx+esi*2]                   		EAX=0804a010, ECX=00000000, EDX=08048292, EBX=080481fc, ESP=bfcd69c8, EBP=0804a010, ESI=00000003, EDI=b7717918
-1	26889	ld-linux.so.2       	b7701852	                                        	81 e2 ff 7f 00 00                                 	and edx, 0x7fff                                   		EAX=0804a010, ECX=00000000, EDX=00000003, EBX=080481fc, ESP=bfcd69c8, EBP=0804a010, ESI=00000003, EDI=b7717918
-1	26889	ld-linux.so.2       	b7701858	                                        	c1 e2 04                                          	shl edx, 0x4                                      		EAX=0804a010, ECX=00000000, EDX=00000003, EBX=080481fc, ESP=bfcd69c8, EBP=0804a010, ESI=00000003, EDI=b7717918
-1	26889	ld-linux.so.2       	b770185b	                                        	03 97 70 01 00 00                                 	add edx, dword ptr [edi+0x170]                    		EAX=0804a010, ECX=00000000, EDX=00000030, EBX=080481fc, ESP=bfcd69c8, EBP=0804a010, ESI=00000003, EDI=b7717918
-1	26889	ld-linux.so.2       	b7701861	                                        	8b 4a 04                                          	mov ecx, dword ptr [edx+0x4]                      		EAX=0804a010, ECX=00000000, EDX=b50284b0, EBX=080481fc, ESP=bfcd69c8, EBP=0804a010, ESI=00000003, EDI=b7717918
-1	26889	ld-linux.so.2       	b7701864	                                        	85 c9                                             	test ecx, ecx                                     		EAX=0804a010, ECX=0d696910, EDX=b50284b0, EBX=080481fc, ESP=bfcd69c8, EBP=0804a010, ESI=00000003, EDI=b7717918
-1	26889	ld-linux.so.2       	b7701866	                                        	b9 00 00 00 00                                    	mov ecx, 0x0                                      		EAX=0804a010, ECX=0d696910, EDX=b50284b0, EBX=080481fc, ESP=bfcd69c8, EBP=0804a010, ESI=00000003, EDI=b7717918
-1	26889	ld-linux.so.2       	b770186b	                                        	0f 44 d1                                          	cmovz edx, ecx                                    		EAX=0804a010, ECX=00000000, EDX=b50284b0, EBX=080481fc, ESP=bfcd69c8, EBP=0804a010, ESI=00000003, EDI=b7717918
-1	26889	ld-linux.so.2       	b770186e	                                        	65 8b 0d 0c 00 00 00                              	mov ecx, dword ptr gs:[0xc]                       		EAX=0804a010, ECX=00000000, EDX=b50284b0, EBX=080481fc, ESP=bfcd69c8, EBP=0804a010, ESI=00000003, EDI=b7717918
-1	26889	ld-linux.so.2       	b7701875	                                        	85 c9                                             	test ecx, ecx                                     		EAX=0804a010, ECX=00000000, EDX=b50284b0, EBX=080481fc, ESP=bfcd69c8, EBP=0804a010, ESI=00000003, EDI=b7717918
-1	26889	ld-linux.so.2       	b7701877	                                        	be 01 00 00 00                                    	mov esi, 0x1                                      		EAX=0804a010, ECX=00000000, EDX=b50284b0, EBX=080481fc, ESP=bfcd69c8, EBP=0804a010, ESI=00000003, EDI=b7717918
-1	26889	ld-linux.so.2       	b770187c	                                        	0f 85 ce 00 00 00                                 	jnz 0xb7701950                                    		EAX=0804a010, ECX=00000000, EDX=b50284b0, EBX=080481fc, ESP=bfcd69c8, EBP=0804a010, ESI=00000001, EDI=b7717918
-1	26889	ld-linux.so.2       	b7701882	                                        	8b 44 24 0c                                       	mov eax, dword ptr [esp+0xc]                      		EAX=0804a010, ECX=00000000, EDX=b50284b0, EBX=080481fc, ESP=bfcd69c8, EBP=0804a010, ESI=00000001, EDI=b7717918
-1	26889	ld-linux.so.2       	b7701886	                                        	03 03                                             	add eax, dword ptr [ebx]                          		EAX=0804822c, ECX=00000000, EDX=b50284b0, EBX=080481fc, ESP=bfcd69c8, EBP=0804a010, ESI=00000001, EDI=b7717918
-1	26889	ld-linux.so.2       	b7701888	                                        	8d 4c 24 1c                                       	lea ecx, ptr [esp+0x1c]                           		EAX=0804825c, ECX=00000000, EDX=b50284b0, EBX=080481fc, ESP=bfcd69c8, EBP=0804a010, ESI=00000001, EDI=b7717918
-1	26889	ld-linux.so.2       	b770188c	                                        	83 ec 0c                                          	sub esp, 0xc                                      		EAX=0804825c, ECX=bfcd69e4, EDX=b50284b0, EBX=080481fc, ESP=bfcd69c8, EBP=0804a010, ESI=00000001, EDI=b7717918
-1	26889	ld-linux.so.2       	b770188f	                                        	6a 00                                             	push 0x0                                          		EAX=0804825c, ECX=bfcd69e4, EDX=b50284b0, EBX=080481fc, ESP=bfcd69bc, EBP=0804a010, ESI=00000001, EDI=b7717918
-1	26889	ld-linux.so.2       	b7701891	                                        	56                                                	push esi                                          		EAX=0804825c, ECX=bfcd69e4, EDX=b50284b0, EBX=080481fc, ESP=bfcd69b8, EBP=0804a010, ESI=00000001, EDI=b7717918
-1	26889	ld-linux.so.2       	b7701892	                                        	6a 01                                             	push 0x1                                          		EAX=0804825c, ECX=bfcd69e4, EDX=b50284b0, EBX=080481fc, ESP=bfcd69b4, EBP=0804a010, ESI=00000001, EDI=b7717918
-1	26889	ld-linux.so.2       	b7701894	                                        	52                                                	push edx                                          		EAX=0804825c, ECX=bfcd69e4, EDX=b50284b0, EBX=080481fc, ESP=bfcd69b0, EBP=0804a010, ESI=00000001, EDI=b7717918
-1	26889	ld-linux.so.2       	b7701895	                                        	89 fa                                             	mov edx, edi                                      		EAX=0804825c, ECX=bfcd69e4, EDX=b50284b0, EBX=080481fc, ESP=bfcd69ac, EBP=0804a010, ESI=00000001, EDI=b7717918
-1	26889	ld-linux.so.2       	b7701897	                                        	ff b7 cc 01 00 00                                 	push dword ptr [edi+0x1cc]                        		EAX=0804825c, ECX=bfcd69e4, EDX=b7717918, EBX=080481fc, ESP=bfcd69ac, EBP=0804a010, ESI=00000001, EDI=b7717918
-1	26889	ld-linux.so.2       	b770189d	                                        	e8 be b1 ff ff                                    	call 0xb76fca60                                   		EAX=0804825c, ECX=bfcd69e4, EDX=b7717918, EBX=080481fc, ESP=bfcd69a8, EBP=0804a010, ESI=00000001, EDI=b7717918
-1	26889	ld-linux.so.2       	b77018a2	                                        	89 c7                                             	mov edi, eax                                      		EAX=b50281b0, ECX=b4ded2ef, EDX=b4de6dc8, EBX=080481fc, ESP=bfcd69bc, EBP=0804a010, ESI=00000001, EDI=b7717918
-1	26889	ld-linux.so.2       	b77018a4	                                        	65 a1 0c 00 00 00                                 	mov eax, dword ptr gs:[0xc]                       		EAX=b50281b0, ECX=b4ded2ef, EDX=b4de6dc8, EBX=080481fc, ESP=bfcd69bc, EBP=0804a010, ESI=00000001, EDI=b50281b0
-1	26889	ld-linux.so.2       	b77018aa	                                        	83 c4 0c                                          	add esp, 0xc                                      		EAX=00000000, ECX=b4ded2ef, EDX=b4de6dc8, EBX=080481fc, ESP=bfcd69bc, EBP=0804a010, ESI=00000001, EDI=b50281b0
-1	26889	ld-linux.so.2       	b77018ad	                                        	85 c0                                             	test eax, eax                                     		EAX=00000000, ECX=b4ded2ef, EDX=b4de6dc8, EBX=080481fc, ESP=bfcd69c8, EBP=0804a010, ESI=00000001, EDI=b50281b0
-1	26889	ld-linux.so.2       	b77018af	                                        	75 67                                             	jnz 0xb7701918                                    		EAX=00000000, ECX=b4ded2ef, EDX=b4de6dc8, EBX=080481fc, ESP=bfcd69c8, EBP=0804a010, ESI=00000001, EDI=b50281b0
-1	26889	ld-linux.so.2       	b77018b1	                                        	8b 5c 24 1c                                       	mov ebx, dword ptr [esp+0x1c]                     		EAX=00000000, ECX=b4ded2ef, EDX=b4de6dc8, EBX=080481fc, ESP=bfcd69c8, EBP=0804a010, ESI=00000001, EDI=b50281b0
-1	26889	ld-linux.so.2       	b77018b5	                                        	85 db                                             	test ebx, ebx                                     		EAX=00000000, ECX=b4ded2ef, EDX=b4de6dc8, EBX=b4de6dc8, ESP=bfcd69c8, EBP=0804a010, ESI=00000001, EDI=b50281b0
-1	26889	ld-linux.so.2       	b77018b7	                                        	74 47                                             	jz 0xb7701900                                     		EAX=00000000, ECX=b4ded2ef, EDX=b4de6dc8, EBX=b4de6dc8, ESP=bfcd69c8, EBP=0804a010, ESI=00000001, EDI=b50281b0
-1	26889	ld-linux.so.2       	b77018b9	                                        	85 ff                                             	test edi, edi                                     		EAX=00000000, ECX=b4ded2ef, EDX=b4de6dc8, EBX=b4de6dc8, ESP=bfcd69c8, EBP=0804a010, ESI=00000001, EDI=b50281b0
-1	26889	ld-linux.so.2       	b77018bb	                                        	74 4b                                             	jz 0xb7701908                                     		EAX=00000000, ECX=b4ded2ef, EDX=b4de6dc8, EBX=b4de6dc8, ESP=bfcd69c8, EBP=0804a010, ESI=00000001, EDI=b50281b0
-1	26889	ld-linux.so.2       	b77018bd	                                        	8b 07                                             	mov eax, dword ptr [edi]                          		EAX=00000000, ECX=b4ded2ef, EDX=b4de6dc8, EBX=b4de6dc8, ESP=bfcd69c8, EBP=0804a010, ESI=00000001, EDI=b50281b0
-1	26889	ld-linux.so.2       	b77018bf	                                        	0f b6 53 0c                                       	movzx edx, byte ptr [ebx+0xc]                     		EAX=b4dda000, ECX=b4ded2ef, EDX=b4de6dc8, EBX=b4de6dc8, ESP=bfcd69c8, EBP=0804a010, ESI=00000001, EDI=b50281b0
-1	26889	ld-linux.so.2       	b77018c3	                                        	03 43 04                                          	add eax, dword ptr [ebx+0x4]                      		EAX=b4dda000, ECX=b4ded2ef, EDX=00000012, EBX=b4de6dc8, ESP=bfcd69c8, EBP=0804a010, ESI=00000001, EDI=b50281b0
-1	26889	ld-linux.so.2       	b77018c6	                                        	83 e2 0f                                          	and edx, 0xf                                      		EAX=b4df2550, ECX=b4ded2ef, EDX=00000012, EBX=b4de6dc8, ESP=bfcd69c8, EBP=0804a010, ESI=00000001, EDI=b50281b0
-1	26889	ld-linux.so.2       	b77018c9	                                        	80 fa 0a                                          	cmp dl, 0xa                                       		EAX=b4df2550, ECX=b4ded2ef, EDX=00000002, EBX=b4de6dc8, ESP=bfcd69c8, EBP=0804a010, ESI=00000001, EDI=b50281b0
-1	26889	ld-linux.so.2       	b77018cc	                                        	0f 84 96 00 00 00                                 	jz 0xb7701968                                     		EAX=b4df2550, ECX=b4ded2ef, EDX=00000002, EBX=b4de6dc8, ESP=bfcd69c8, EBP=0804a010, ESI=00000001, EDI=b50281b0
-1	26889	ld-linux.so.2       	b77018d2	                                        	8b 74 24 08                                       	mov esi, dword ptr [esp+0x8]                      		EAX=b4df2550, ECX=b4ded2ef, EDX=00000002, EBX=b4de6dc8, ESP=bfcd69c8, EBP=0804a010, ESI=00000001, EDI=b50281b0
-1	26889	ld-linux.so.2       	b77018d6	                                        	8b 96 30 fd ff ff                                 	mov edx, dword ptr [esi-0x2d0]                    		EAX=b4df2550, ECX=b4ded2ef, EDX=00000002, EBX=b4de6dc8, ESP=bfcd69c8, EBP=0804a010, ESI=b7717000, EDI=b50281b0
-1	26889	ld-linux.so.2       	b77018dc	                                        	85 d2                                             	test edx, edx                                     		EAX=b4df2550, ECX=b4ded2ef, EDX=00000000, EBX=b4de6dc8, ESP=bfcd69c8, EBP=0804a010, ESI=b7717000, EDI=b50281b0
-1	26889	ld-linux.so.2       	b77018de	                                        	75 03                                             	jnz 0xb77018e3                                    		EAX=b4df2550, ECX=b4ded2ef, EDX=00000000, EBX=b4de6dc8, ESP=bfcd69c8, EBP=0804a010, ESI=b7717000, EDI=b50281b0
-1	26889	ld-linux.so.2       	b77018e0	                                        	89 45 00                                          	mov dword ptr [ebp], eax                          		EAX=b4df2550, ECX=b4ded2ef, EDX=00000000, EBX=b4de6dc8, ESP=bfcd69c8, EBP=0804a010, ESI=b7717000, EDI=b50281b0
-1	26889	ld-linux.so.2       	b77018e3	                                        	83 c4 2c                                          	add esp, 0x2c                                     		EAX=b4df2550, ECX=b4ded2ef, EDX=00000000, EBX=b4de6dc8, ESP=bfcd69c8, EBP=0804a010, ESI=b7717000, EDI=b50281b0
-1	26889	ld-linux.so.2       	b77018e6	                                        	5b                                                	pop ebx                                           		EAX=b4df2550, ECX=b4ded2ef, EDX=00000000, EBX=b4de6dc8, ESP=bfcd69f4, EBP=0804a010, ESI=b7717000, EDI=b50281b0
-1	26889	ld-linux.so.2       	b77018e7	                                        	5e                                                	pop esi                                           		EAX=b4df2550, ECX=b4ded2ef, EDX=00000000, EBX=b7717000, ESP=bfcd69f8, EBP=0804a010, ESI=b7717000, EDI=b50281b0
-1	26889	ld-linux.so.2       	b77018e8	                                        	5f                                                	pop edi                                           		EAX=b4df2550, ECX=b4ded2ef, EDX=00000000, EBX=b7717000, ESP=bfcd69fc, EBP=0804a010, ESI=00000002, EDI=b50281b0
-1	26889	ld-linux.so.2       	b77018e9	                                        	5d                                                	pop ebp                                           		EAX=b4df2550, ECX=b4ded2ef, EDX=00000000, EBX=b7717000, ESP=bfcd6a00, EBP=0804a010, ESI=00000002, EDI=08048370
-1	26889	ld-linux.so.2       	b77018ea	                                        	c3                                                	ret                                               		EAX=b4df2550, ECX=b4ded2ef, EDX=00000000, EBX=b7717000, ESP=bfcd6a04, EBP=00000000, ESI=00000002, EDI=08048370
-1	26889	ld-linux.so.2       	b7708010	                                        	5a                                                	pop edx                                           		EAX=b4df2550, ECX=b4ded2ef, EDX=00000000, EBX=b7717000, ESP=bfcd6a08, EBP=00000000, ESI=00000002, EDI=08048370
-1	26889	ld-linux.so.2       	b7708011	                                        	8b 0c 24                                          	mov ecx, dword ptr [esp]                          		EAX=b4df2550, ECX=b4ded2ef, EDX=b7702880, EBX=b7717000, ESP=bfcd6a0c, EBP=00000000, ESI=00000002, EDI=08048370
-1	26889	ld-linux.so.2       	b7708014	                                        	89 04 24                                          	mov dword ptr [esp], eax                          		EAX=b4df2550, ECX=bfcd6a44, EDX=b7702880, EBX=b7717000, ESP=bfcd6a0c, EBP=00000000, ESI=00000002, EDI=08048370
-1	26889	ld-linux.so.2       	b7708017	                                        	8b 44 24 04                                       	mov eax, dword ptr [esp+0x4]                      		EAX=b4df2550, ECX=bfcd6a44, EDX=b7702880, EBX=b7717000, ESP=bfcd6a0c, EBP=00000000, ESI=00000002, EDI=08048370
-1	26889	ld-linux.so.2       	b770801b	                                        	c2 0c 00                                          	ret 0xc                                           		EAX=b7717918, ECX=bfcd6a44, EDX=b7702880, EBX=b7717000, ESP=bfcd6a0c, EBP=00000000, ESI=00000002, EDI=08048370
-1	26889	libc.so.6           	b4df2550	                                        	e8 24 77 10 00                                    	call 0xb4ef9c79                                   		EAX=b7717918, ECX=bfcd6a44, EDX=b7702880, EBX=b7717000, ESP=bfcd6a1c, EBP=00000000, ESI=00000002, EDI=08048370
-1	26889	libc.so.6           	b4ef9c79	__libc_start_main                       	8b 04 24                                          	mov eax, dword ptr [esp]                          		EAX=b7717918, ECX=bfcd6a44, EDX=b7702880, EBX=b7717000, ESP=bfcd6a18, EBP=00000000, ESI=00000002, EDI=08048370
-1	26889	libc.so.6           	b4ef9c7c	                                        	c3                                                	ret                                               		EAX=b4df2555, ECX=bfcd6a44, EDX=b7702880, EBX=b7717000, ESP=bfcd6a18, EBP=00000000, ESI=00000002, EDI=08048370
-1	26889	libc.so.6           	b4df2555	                                        	05 ab aa 19 00                                    	add eax, 0x19aaab                                 		EAX=b4df2555, ECX=bfcd6a44, EDX=b7702880, EBX=b7717000, ESP=bfcd6a1c, EBP=00000000, ESI=00000002, EDI=08048370
-1	26889	libc.so.6           	b4df255a	                                        	55                                                	push ebp                                          		EAX=b4f8d000, ECX=bfcd6a44, EDX=b7702880, EBX=b7717000, ESP=bfcd6a1c, EBP=00000000, ESI=00000002, EDI=08048370
-1	26889	libc.so.6           	b4df255b	                                        	57                                                	push edi                                          		EAX=b4f8d000, ECX=bfcd6a44, EDX=b7702880, EBX=b7717000, ESP=bfcd6a18, EBP=00000000, ESI=00000002, EDI=08048370
-1	26889	libc.so.6           	b4df255c	                                        	56                                                	push esi                                          		EAX=b4f8d000, ECX=bfcd6a44, EDX=b7702880, EBX=b7717000, ESP=bfcd6a14, EBP=00000000, ESI=00000002, EDI=08048370
-1	26889	libc.so.6           	b4df255d	                                        	53                                                	push ebx                                          		EAX=b4f8d000, ECX=bfcd6a44, EDX=b7702880, EBX=b7717000, ESP=bfcd6a10, EBP=00000000, ESI=00000002, EDI=08048370
-1	26889	libc.so.6           	b4df255e	                                        	89 c7                                             	mov edi, eax                                      		EAX=b4f8d000, ECX=bfcd6a44, EDX=b7702880, EBX=b7717000, ESP=bfcd6a0c, EBP=00000000, ESI=00000002, EDI=08048370
-1	26889	libc.so.6           	b4df2560	                                        	83 ec 4c                                          	sub esp, 0x4c                                     		EAX=b4f8d000, ECX=bfcd6a44, EDX=b7702880, EBX=b7717000, ESP=bfcd6a0c, EBP=00000000, ESI=00000002, EDI=b4f8d000
-1	26889	libc.so.6           	b4df2563	                                        	8b 97 94 ff ff ff                                 	mov edx, dword ptr [edi-0x6c]                     		EAX=b4f8d000, ECX=bfcd6a44, EDX=b7702880, EBX=b7717000, ESP=bfcd69c0, EBP=00000000, ESI=00000002, EDI=b4f8d000
-1	26889	libc.so.6           	b4df2569	                                        	89 44 24 08                                       	mov dword ptr [esp+0x8], eax                      		EAX=b4f8d000, ECX=bfcd6a44, EDX=00000000, EBX=b7717000, ESP=bfcd69c0, EBP=00000000, ESI=00000002, EDI=b4f8d000
-1	26889	libc.so.6           	b4df256d	                                        	8b 44 24 74                                       	mov eax, dword ptr [esp+0x74]                     		EAX=b4f8d000, ECX=bfcd6a44, EDX=00000000, EBX=b7717000, ESP=bfcd69c0, EBP=00000000, ESI=00000002, EDI=b4f8d000
-1	26889	libc.so.6           	b4df2571	                                        	85 d2                                             	test edx, edx                                     		EAX=b7702880, ECX=bfcd6a44, EDX=00000000, EBX=b7717000, ESP=bfcd69c0, EBP=00000000, ESI=00000002, EDI=b4f8d000
-1	26889	libc.so.6           	b4df2573	                                        	0f 84 da 00 00 00                                 	jz 0xb4df2653                                     		EAX=b7702880, ECX=bfcd6a44, EDX=00000000, EBX=b7717000, ESP=bfcd69c0, EBP=00000000, ESI=00000002, EDI=b4f8d000
-1	26889	libc.so.6           	b4df2653	                                        	31 c9                                             	xor ecx, ecx                                      		EAX=b7702880, ECX=bfcd6a44, EDX=00000000, EBX=b7717000, ESP=bfcd69c0, EBP=00000000, ESI=00000002, EDI=b4f8d000
-1	26889	libc.so.6           	b4df2655	                                        	e9 28 ff ff ff                                    	jmp 0xb4df2582                                    		EAX=b7702880, ECX=00000000, EDX=00000000, EBX=b7717000, ESP=bfcd69c0, EBP=00000000, ESI=00000002, EDI=b4f8d000
-1	26889	libc.so.6           	b4df2582	                                        	8b 74 24 08                                       	mov esi, dword ptr [esp+0x8]                      		EAX=b7702880, ECX=00000000, EDX=00000000, EBX=b7717000, ESP=bfcd69c0, EBP=00000000, ESI=00000002, EDI=b4f8d000
-1	26889	libc.so.6           	b4df2586	                                        	85 c0                                             	test eax, eax                                     		EAX=b7702880, ECX=00000000, EDX=00000000, EBX=b7717000, ESP=bfcd69c0, EBP=00000000, ESI=b4f8d000, EDI=b4f8d000
-1	26889	libc.so.6           	b4df2588	                                        	8d 96 40 00 00 00                                 	lea edx, ptr [esi+0x40]                           		EAX=b7702880, ECX=00000000, EDX=00000000, EBX=b7717000, ESP=bfcd69c0, EBP=00000000, ESI=b4f8d000, EDI=b4f8d000
-1	26889	libc.so.6           	b4df258e	                                        	89 0a                                             	mov dword ptr [edx], ecx                          		EAX=b7702880, ECX=00000000, EDX=b4f8d040, EBX=b7717000, ESP=bfcd69c0, EBP=00000000, ESI=b4f8d000, EDI=b4f8d000
-1	26889	libc.so.6           	b4df2590	                                        	74 10                                             	jz 0xb4df25a2                                     		EAX=b7702880, ECX=00000000, EDX=b4f8d040, EBX=b7717000, ESP=bfcd69c0, EBP=00000000, ESI=b4f8d000, EDI=b4f8d000
-1	26889	libc.so.6           	b4df2592	                                        	83 ec 04                                          	sub esp, 0x4                                      		EAX=b7702880, ECX=00000000, EDX=b4f8d040, EBX=b7717000, ESP=bfcd69c0, EBP=00000000, ESI=b4f8d000, EDI=b4f8d000
-1	26889	libc.so.6           	b4df2595	                                        	6a 00                                             	push 0x0                                          		EAX=b7702880, ECX=00000000, EDX=b4f8d040, EBX=b7717000, ESP=bfcd69bc, EBP=00000000, ESI=b4f8d000, EDI=b4f8d000
-1	26889	libc.so.6           	b4df2597	                                        	6a 00                                             	push 0x0                                          		EAX=b7702880, ECX=00000000, EDX=b4f8d040, EBX=b7717000, ESP=bfcd69b8, EBP=00000000, ESI=b4f8d000, EDI=b4f8d000
-1	26889	libc.so.6           	b4df2599	                                        	50                                                	push eax                                          		EAX=b7702880, ECX=00000000, EDX=b4f8d040, EBX=b7717000, ESP=bfcd69b4, EBP=00000000, ESI=b4f8d000, EDI=b4f8d000
-1	26889	libc.so.6           	b4df259a	                                        	e8 61 66 01 00                                    	call 0xb4e08c00                                   		EAX=b7702880, ECX=00000000, EDX=b4f8d040, EBX=b7717000, ESP=bfcd69b0, EBP=00000000, ESI=b4f8d000, EDI=b4f8d000
-1	26889	libc.so.6           	b4e08c00	                                        	53                                                	push ebx                                          		EAX=b7702880, ECX=00000000, EDX=b4f8d040, EBX=b7717000, ESP=bfcd69ac, EBP=00000000, ESI=b4f8d000, EDI=b4f8d000
-1	26889	libc.so.6           	b4e08c01	                                        	e8 6f 10 0f 00                                    	call 0xb4ef9c75                                   		EAX=b7702880, ECX=00000000, EDX=b4f8d040, EBX=b7717000, ESP=bfcd69a8, EBP=00000000, ESI=b4f8d000, EDI=b4f8d000
-1	26889	libc.so.6           	b4ef9c75	__cxa_atexit                            	8b 1c 24                                          	mov ebx, dword ptr [esp]                          		EAX=b7702880, ECX=00000000, EDX=b4f8d040, EBX=b7717000, ESP=bfcd69a4, EBP=00000000, ESI=b4f8d000, EDI=b4f8d000
-1	26889	libc.so.6           	b4ef9c78	                                        	c3                                                	ret                                               		EAX=b7702880, ECX=00000000, EDX=b4f8d040, EBX=b4e08c06, ESP=bfcd69a4, EBP=00000000, ESI=b4f8d000, EDI=b4f8d000
-1	26889	libc.so.6           	b4e08c06	                                        	81 c3 fa 43 18 00                                 	add ebx, 0x1843fa                                 		EAX=b7702880, ECX=00000000, EDX=b4f8d040, EBX=b4e08c06, ESP=bfcd69a8, EBP=00000000, ESI=b4f8d000, EDI=b4f8d000
-1	26889	libc.so.6           	b4e08c0c	                                        	83 ec 14                                          	sub esp, 0x14                                     		EAX=b7702880, ECX=00000000, EDX=b4f8d040, EBX=b4f8d000, ESP=bfcd69a8, EBP=00000000, ESI=b4f8d000, EDI=b4f8d000
-1	26889	libc.so.6           	b4e08c0f	                                        	8d 83 dc 03 00 00                                 	lea eax, ptr [ebx+0x3dc]                          		EAX=b7702880, ECX=00000000, EDX=b4f8d040, EBX=b4f8d000, ESP=bfcd6994, EBP=00000000, ESI=b4f8d000, EDI=b4f8d000
-1	26889	libc.so.6           	b4e08c15	                                        	50                                                	push eax                                          		EAX=b4f8d3dc, ECX=00000000, EDX=b4f8d040, EBX=b4f8d000, ESP=bfcd6994, EBP=00000000, ESI=b4f8d000, EDI=b4f8d000
-1	26889	libc.so.6           	b4e08c16	                                        	e8 35 fe ff ff                                    	call 0xb4e08a50                                   		EAX=b4f8d3dc, ECX=00000000, EDX=b4f8d040, EBX=b4f8d000, ESP=bfcd6990, EBP=00000000, ESI=b4f8d000, EDI=b4f8d000
-1	26889	libc.so.6           	b4e08a50	                                        	55                                                	push ebp                                          		EAX=b4f8d3dc, ECX=00000000, EDX=b4f8d040, EBX=b4f8d000, ESP=bfcd698c, EBP=00000000, ESI=b4f8d000, EDI=b4f8d000
-1	26889	libc.so.6           	b4e08a51	                                        	57                                                	push edi                                          		EAX=b4f8d3dc, ECX=00000000, EDX=b4f8d040, EBX=b4f8d000, ESP=bfcd6988, EBP=00000000, ESI=b4f8d000, EDI=b4f8d000
-1	26889	libc.so.6           	b4e08a52	                                        	31 c0                                             	xor eax, eax                                      		EAX=b4f8d3dc, ECX=00000000, EDX=b4f8d040, EBX=b4f8d000, ESP=bfcd6984, EBP=00000000, ESI=b4f8d000, EDI=b4f8d000
-1	26889	libc.so.6           	b4e08a54	                                        	56                                                	push esi                                          		EAX=00000000, ECX=00000000, EDX=b4f8d040, EBX=b4f8d000, ESP=bfcd6984, EBP=00000000, ESI=b4f8d000, EDI=b4f8d000
-1	26889	libc.so.6           	b4e08a55	                                        	53                                                	push ebx                                          		EAX=00000000, ECX=00000000, EDX=b4f8d040, EBX=b4f8d000, ESP=bfcd6980, EBP=00000000, ESI=b4f8d000, EDI=b4f8d000
-1	26889	libc.so.6           	b4e08a56	                                        	b9 01 00 00 00                                    	mov ecx, 0x1                                      		EAX=00000000, ECX=00000000, EDX=b4f8d040, EBX=b4f8d000, ESP=bfcd697c, EBP=00000000, ESI=b4f8d000, EDI=b4f8d000
-1	26889	libc.so.6           	b4e08a5b	                                        	e8 15 12 0f 00                                    	call 0xb4ef9c75                                   		EAX=00000000, ECX=00000001, EDX=b4f8d040, EBX=b4f8d000, ESP=bfcd697c, EBP=00000000, ESI=b4f8d000, EDI=b4f8d000
-1	26889	libc.so.6           	b4ef9c75	                                        	8b 1c 24                                          	mov ebx, dword ptr [esp]                          		EAX=00000000, ECX=00000001, EDX=b4f8d040, EBX=b4f8d000, ESP=bfcd6978, EBP=00000000, ESI=b4f8d000, EDI=b4f8d000
-1	26889	libc.so.6           	b4ef9c78	                                        	c3                                                	ret                                               		EAX=00000000, ECX=00000001, EDX=b4f8d040, EBX=b4e08a60, ESP=bfcd6978, EBP=00000000, ESI=b4f8d000, EDI=b4f8d000
-1	26889	libc.so.6           	b4e08a60	                                        	81 c3 a0 45 18 00                                 	add ebx, 0x1845a0                                 		EAX=00000000, ECX=00000001, EDX=b4f8d040, EBX=b4e08a60, ESP=bfcd697c, EBP=00000000, ESI=b4f8d000, EDI=b4f8d000
-1	26889	libc.so.6           	b4e08a66	                                        	83 ec 0c                                          	sub esp, 0xc                                      		EAX=00000000, ECX=00000001, EDX=b4f8d040, EBX=b4f8d000, ESP=bfcd697c, EBP=00000000, ESI=b4f8d000, EDI=b4f8d000
-1	26889	libc.so.6           	b4e08a69	                                        	65 83 3d 0c 00 00 00 00                           	cmp dword ptr gs:[0xc], 0x0                       		EAX=00000000, ECX=00000001, EDX=b4f8d040, EBX=b4f8d000, ESP=bfcd6970, EBP=00000000, ESI=b4f8d000, EDI=b4f8d000
-1	26889	libc.so.6           	b4e08a71	                                        	74 01                                             	jz 0xb4e08a74                                     		EAX=00000000, ECX=00000001, EDX=b4f8d040, EBX=b4f8d000, ESP=bfcd6970, EBP=00000000, ESI=b4f8d000, EDI=b4f8d000
-1	26889	libc.so.6           	b4e08a74	                                        	0f b1 8b e8 13 00 00                              	cmpxchg dword ptr [ebx+0x13e8], ecx               		EAX=00000000, ECX=00000001, EDX=b4f8d040, EBX=b4f8d000, ESP=bfcd6970, EBP=00000000, ESI=b4f8d000, EDI=b4f8d000
-1	26889	libc.so.6           	b4e08a7b	                                        	74 0b                                             	jz 0xb4e08a88                                     		EAX=00000000, ECX=00000001, EDX=b4f8d040, EBX=b4f8d000, ESP=bfcd6970, EBP=00000000, ESI=b4f8d000, EDI=b4f8d000
-1	26889	libc.so.6           	b4e08a88	                                        	8b 44 24 20                                       	mov eax, dword ptr [esp+0x20]                     		EAX=00000000, ECX=00000001, EDX=b4f8d040, EBX=b4f8d000, ESP=bfcd6970, EBP=00000000, ESI=b4f8d000, EDI=b4f8d000
-1	26889	libc.so.6           	b4e08a8c	                                        	31 ed                                             	xor ebp, ebp                                      		EAX=b4f8d3dc, ECX=00000001, EDX=b4f8d040, EBX=b4f8d000, ESP=bfcd6970, EBP=00000000, ESI=b4f8d000, EDI=b4f8d000
-1	26889	libc.so.6           	b4e08a8e	                                        	8b 30                                             	mov esi, dword ptr [eax]                          		EAX=b4f8d3dc, ECX=00000001, EDX=b4f8d040, EBX=b4f8d000, ESP=bfcd6970, EBP=00000000, ESI=b4f8d000, EDI=b4f8d000
-1	26889	libc.so.6           	b4e08a90	                                        	85 f6                                             	test esi, esi                                     		EAX=b4f8d3dc, ECX=00000001, EDX=b4f8d040, EBX=b4f8d000, ESP=bfcd6970, EBP=00000000, ESI=b4f8e1e0, EDI=b4f8d000
-1	26889	libc.so.6           	b4e08a92	                                        	89 f7                                             	mov edi, esi                                      		EAX=b4f8d3dc, ECX=00000001, EDX=b4f8d040, EBX=b4f8d000, ESP=bfcd6970, EBP=00000000, ESI=b4f8e1e0, EDI=b4f8d000
-1	26889	libc.so.6           	b4e08a94	                                        	0f 84 d9 00 00 00                                 	jz 0xb4e08b73                                     		EAX=b4f8d3dc, ECX=00000001, EDX=b4f8d040, EBX=b4f8d000, ESP=bfcd6970, EBP=00000000, ESI=b4f8e1e0, EDI=b4f8e1e0
-1	26889	libc.so.6           	b4e08a9a	                                        	8d b6 00 00 00 00                                 	lea esi, ptr [esi]                                		EAX=b4f8d3dc, ECX=00000001, EDX=b4f8d040, EBX=b4f8d000, ESP=bfcd6970, EBP=00000000, ESI=b4f8e1e0, EDI=b4f8e1e0
-1	26889	libc.so.6           	b4e08aa0	                                        	8b 47 04                                          	mov eax, dword ptr [edi+0x4]                      		EAX=b4f8d3dc, ECX=00000001, EDX=b4f8d040, EBX=b4f8d000, ESP=bfcd6970, EBP=00000000, ESI=b4f8e1e0, EDI=b4f8e1e0
-1	26889	libc.so.6           	b4e08aa3	                                        	85 c0                                             	test eax, eax                                     		EAX=00000000, ECX=00000001, EDX=b4f8d040, EBX=b4f8d000, ESP=bfcd6970, EBP=00000000, ESI=b4f8e1e0, EDI=b4f8e1e0
-1	26889	libc.so.6           	b4e08aa5	                                        	74 2b                                             	jz 0xb4e08ad2                                     		EAX=00000000, ECX=00000001, EDX=b4f8d040, EBX=b4f8d000, ESP=bfcd6970, EBP=00000000, ESI=b4f8e1e0, EDI=b4f8e1e0
-1	26889	libc.so.6           	b4e08ad2	                                        	8b 07                                             	mov eax, dword ptr [edi]                          		EAX=00000000, ECX=00000001, EDX=b4f8d040, EBX=b4f8d000, ESP=bfcd6970, EBP=00000000, ESI=b4f8e1e0, EDI=b4f8e1e0
-1	26889	libc.so.6           	b4e08ad4	                                        	c7 47 04 00 00 00 00                              	mov dword ptr [edi+0x4], 0x0                      		EAX=00000000, ECX=00000001, EDX=b4f8d040, EBX=b4f8d000, ESP=bfcd6970, EBP=00000000, ESI=b4f8e1e0, EDI=b4f8e1e0
-1	26889	libc.so.6           	b4e08adb	                                        	89 fd                                             	mov ebp, edi                                      		EAX=00000000, ECX=00000001, EDX=b4f8d040, EBX=b4f8d000, ESP=bfcd6970, EBP=00000000, ESI=b4f8e1e0, EDI=b4f8e1e0
-1	26889	libc.so.6           	b4e08add	                                        	85 c0                                             	test eax, eax                                     		EAX=00000000, ECX=00000001, EDX=b4f8d040, EBX=b4f8d000, ESP=bfcd6970, EBP=b4f8e1e0, ESI=b4f8e1e0, EDI=b4f8e1e0
-1	26889	libc.so.6           	b4e08adf	                                        	0f 84 82 00 00 00                                 	jz 0xb4e08b67                                     		EAX=00000000, ECX=00000001, EDX=b4f8d040, EBX=b4f8d000, ESP=bfcd6970, EBP=b4f8e1e0, ESI=b4f8e1e0, EDI=b4f8e1e0
-1	26889	libc.so.6           	b4e08b67	                                        	8d 4f 08                                          	lea ecx, ptr [edi+0x8]                            		EAX=00000000, ECX=00000001, EDX=b4f8d040, EBX=b4f8d000, ESP=bfcd6970, EBP=b4f8e1e0, ESI=b4f8e1e0, EDI=b4f8e1e0
-1	26889	libc.so.6           	b4e08b6a	                                        	c7 47 04 01 00 00 00                              	mov dword ptr [edi+0x4], 0x1                      		EAX=00000000, ECX=b4f8e1e8, EDX=b4f8d040, EBX=b4f8d000, ESP=bfcd6970, EBP=b4f8e1e0, ESI=b4f8e1e0, EDI=b4f8e1e0
-1	26889	libc.so.6           	b4e08b71	                                        	eb 91                                             	jmp 0xb4e08b04                                    		EAX=00000000, ECX=b4f8e1e8, EDX=b4f8d040, EBX=b4f8d000, ESP=bfcd6970, EBP=b4f8e1e0, ESI=b4f8e1e0, EDI=b4f8e1e0
-1	26889	libc.so.6           	b4e08b04	                                        	c7 01 01 00 00 00                                 	mov dword ptr [ecx], 0x1                          		EAX=00000000, ECX=b4f8e1e8, EDX=b4f8d040, EBX=b4f8d000, ESP=bfcd6970, EBP=b4f8e1e0, ESI=b4f8e1e0, EDI=b4f8e1e0
-1	26889	libc.so.6           	b4e08b0a	                                        	83 83 e0 36 00 00 01                              	add dword ptr [ebx+0x36e0], 0x1                   		EAX=00000000, ECX=b4f8e1e8, EDX=b4f8d040, EBX=b4f8d000, ESP=bfcd6970, EBP=b4f8e1e0, ESI=b4f8e1e0, EDI=b4f8e1e0
-1	26889	libc.so.6           	b4e08b11	                                        	83 93 e4 36 00 00 00                              	adc dword ptr [ebx+0x36e4], 0x0                   		EAX=00000000, ECX=b4f8e1e8, EDX=b4f8d040, EBX=b4f8d000, ESP=bfcd6970, EBP=b4f8e1e0, ESI=b4f8e1e0, EDI=b4f8e1e0
-1	26889	libc.so.6           	b4e08b18	                                        	65 83 3d 0c 00 00 00 00                           	cmp dword ptr gs:[0xc], 0x0                       		EAX=00000000, ECX=b4f8e1e8, EDX=b4f8d040, EBX=b4f8d000, ESP=bfcd6970, EBP=b4f8e1e0, ESI=b4f8e1e0, EDI=b4f8e1e0
-1	26889	libc.so.6           	b4e08b20	                                        	74 01                                             	jz 0xb4e08b23                                     		EAX=00000000, ECX=b4f8e1e8, EDX=b4f8d040, EBX=b4f8d000, ESP=bfcd6970, EBP=b4f8e1e0, ESI=b4f8e1e0, EDI=b4f8e1e0
-1	26889	libc.so.6           	b4e08b23	                                        	83 ab e8 13 00 00 01                              	sub dword ptr [ebx+0x13e8], 0x1                   		EAX=00000000, ECX=b4f8e1e8, EDX=b4f8d040, EBX=b4f8d000, ESP=bfcd6970, EBP=b4f8e1e0, ESI=b4f8e1e0, EDI=b4f8e1e0
-1	26889	libc.so.6           	b4e08b2a	                                        	74 0b                                             	jz 0xb4e08b37                                     		EAX=00000000, ECX=b4f8e1e8, EDX=b4f8d040, EBX=b4f8d000, ESP=bfcd6970, EBP=b4f8e1e0, ESI=b4f8e1e0, EDI=b4f8e1e0
-1	26889	libc.so.6           	b4e08b37	                                        	83 c4 0c                                          	add esp, 0xc                                      		EAX=00000000, ECX=b4f8e1e8, EDX=b4f8d040, EBX=b4f8d000, ESP=bfcd6970, EBP=b4f8e1e0, ESI=b4f8e1e0, EDI=b4f8e1e0
-1	26889	libc.so.6           	b4e08b3a	                                        	89 c8                                             	mov eax, ecx                                      		EAX=00000000, ECX=b4f8e1e8, EDX=b4f8d040, EBX=b4f8d000, ESP=bfcd697c, EBP=b4f8e1e0, ESI=b4f8e1e0, EDI=b4f8e1e0
-1	26889	libc.so.6           	b4e08b3c	                                        	5b                                                	pop ebx                                           		EAX=b4f8e1e8, ECX=b4f8e1e8, EDX=b4f8d040, EBX=b4f8d000, ESP=bfcd697c, EBP=b4f8e1e0, ESI=b4f8e1e0, EDI=b4f8e1e0
-1	26889	libc.so.6           	b4e08b3d	                                        	5e                                                	pop esi                                           		EAX=b4f8e1e8, ECX=b4f8e1e8, EDX=b4f8d040, EBX=b4f8d000, ESP=bfcd6980, EBP=b4f8e1e0, ESI=b4f8e1e0, EDI=b4f8e1e0
-1	26889	libc.so.6           	b4e08b3e	                                        	5f                                                	pop edi                                           		EAX=b4f8e1e8, ECX=b4f8e1e8, EDX=b4f8d040, EBX=b4f8d000, ESP=bfcd6984, EBP=b4f8e1e0, ESI=b4f8d000, EDI=b4f8e1e0
-1	26889	libc.so.6           	b4e08b3f	                                        	5d                                                	pop ebp                                           		EAX=b4f8e1e8, ECX=b4f8e1e8, EDX=b4f8d040, EBX=b4f8d000, ESP=bfcd6988, EBP=b4f8e1e0, ESI=b4f8d000, EDI=b4f8d000
-1	26889	libc.so.6           	b4e08b40	                                        	c3                                                	ret                                               		EAX=b4f8e1e8, ECX=b4f8e1e8, EDX=b4f8d040, EBX=b4f8d000, ESP=bfcd698c, EBP=00000000, ESI=b4f8d000, EDI=b4f8d000
-1	26889	libc.so.6           	b4e08c1b	                                        	83 c4 10                                          	add esp, 0x10                                     		EAX=b4f8e1e8, ECX=b4f8e1e8, EDX=b4f8d040, EBX=b4f8d000, ESP=bfcd6990, EBP=00000000, ESI=b4f8d000, EDI=b4f8d000
-1	26889	libc.so.6           	b4e08c1e	                                        	85 c0                                             	test eax, eax                                     		EAX=b4f8e1e8, ECX=b4f8e1e8, EDX=b4f8d040, EBX=b4f8d000, ESP=bfcd69a0, EBP=00000000, ESI=b4f8d000, EDI=b4f8d000
-1	26889	libc.so.6           	b4e08c20	                                        	74 2c                                             	jz 0xb4e08c4e                                     		EAX=b4f8e1e8, ECX=b4f8e1e8, EDX=b4f8d040, EBX=b4f8d000, ESP=bfcd69a0, EBP=00000000, ESI=b4f8d000, EDI=b4f8d000
-1	26889	libc.so.6           	b4e08c22	                                        	8b 54 24 10                                       	mov edx, dword ptr [esp+0x10]                     		EAX=b4f8e1e8, ECX=b4f8e1e8, EDX=b4f8d040, EBX=b4f8d000, ESP=bfcd69a0, EBP=00000000, ESI=b4f8d000, EDI=b4f8d000
-1	26889	libc.so.6           	b4e08c26	                                        	65 33 15 18 00 00 00                              	xor edx, dword ptr gs:[0x18]                      		EAX=b4f8e1e8, ECX=b4f8e1e8, EDX=b7702880, EBX=b4f8d000, ESP=bfcd69a0, EBP=00000000, ESI=b4f8d000, EDI=b4f8d000
-1	26889	libc.so.6           	b4e08c2d	                                        	c1 c2 09                                          	rol edx, 0x9                                      		EAX=b4f8e1e8, ECX=b4f8e1e8, EDX=b18fd4c1, EBX=b4f8d000, ESP=bfcd69a0, EBP=00000000, ESI=b4f8d000, EDI=b4f8d000
-1	26889	libc.so.6           	b4e08c30	                                        	89 50 04                                          	mov dword ptr [eax+0x4], edx                      		EAX=b4f8e1e8, ECX=b4f8e1e8, EDX=1fa98363, EBX=b4f8d000, ESP=bfcd69a0, EBP=00000000, ESI=b4f8d000, EDI=b4f8d000
-1	26889	libc.so.6           	b4e08c33	                                        	8b 54 24 14                                       	mov edx, dword ptr [esp+0x14]                     		EAX=b4f8e1e8, ECX=b4f8e1e8, EDX=1fa98363, EBX=b4f8d000, ESP=bfcd69a0, EBP=00000000, ESI=b4f8d000, EDI=b4f8d000
-1	26889	libc.so.6           	b4e08c37	                                        	89 50 08                                          	mov dword ptr [eax+0x8], edx                      		EAX=b4f8e1e8, ECX=b4f8e1e8, EDX=00000000, EBX=b4f8d000, ESP=bfcd69a0, EBP=00000000, ESI=b4f8d000, EDI=b4f8d000
-1	26889	libc.so.6           	b4e08c3a	                                        	8b 54 24 18                                       	mov edx, dword ptr [esp+0x18]                     		EAX=b4f8e1e8, ECX=b4f8e1e8, EDX=00000000, EBX=b4f8d000, ESP=bfcd69a0, EBP=00000000, ESI=b4f8d000, EDI=b4f8d000
-1	26889	libc.so.6           	b4e08c3e	                                        	89 50 0c                                          	mov dword ptr [eax+0xc], edx                      		EAX=b4f8e1e8, ECX=b4f8e1e8, EDX=00000000, EBX=b4f8d000, ESP=bfcd69a0, EBP=00000000, ESI=b4f8d000, EDI=b4f8d000
-1	26889	libc.so.6           	b4e08c41	                                        	c7 00 04 00 00 00                                 	mov dword ptr [eax], 0x4                          		EAX=b4f8e1e8, ECX=b4f8e1e8, EDX=00000000, EBX=b4f8d000, ESP=bfcd69a0, EBP=00000000, ESI=b4f8d000, EDI=b4f8d000
-1	26889	libc.so.6           	b4e08c47	                                        	31 c0                                             	xor eax, eax                                      		EAX=b4f8e1e8, ECX=b4f8e1e8, EDX=00000000, EBX=b4f8d000, ESP=bfcd69a0, EBP=00000000, ESI=b4f8d000, EDI=b4f8d000
-1	26889	libc.so.6           	b4e08c49	                                        	83 c4 08                                          	add esp, 0x8                                      		EAX=00000000, ECX=b4f8e1e8, EDX=00000000, EBX=b4f8d000, ESP=bfcd69a0, EBP=00000000, ESI=b4f8d000, EDI=b4f8d000
-1	26889	libc.so.6           	b4e08c4c	                                        	5b                                                	pop ebx                                           		EAX=00000000, ECX=b4f8e1e8, EDX=00000000, EBX=b4f8d000, ESP=bfcd69a8, EBP=00000000, ESI=b4f8d000, EDI=b4f8d000
-1	26889	libc.so.6           	b4e08c4d	                                        	c3                                                	ret                                               		EAX=00000000, ECX=b4f8e1e8, EDX=00000000, EBX=b7717000, ESP=bfcd69ac, EBP=00000000, ESI=b4f8d000, EDI=b4f8d000
-1	26889	libc.so.6           	b4df259f	                                        	83 c4 10                                          	add esp, 0x10                                     		EAX=00000000, ECX=b4f8e1e8, EDX=00000000, EBX=b7717000, ESP=bfcd69b0, EBP=00000000, ESI=b4f8d000, EDI=b4f8d000
-1	26889	libc.so.6           	b4df25a2	                                        	8b 44 24 08                                       	mov eax, dword ptr [esp+0x8]                      		EAX=00000000, ECX=b4f8e1e8, EDX=00000000, EBX=b7717000, ESP=bfcd69c0, EBP=00000000, ESI=b4f8d000, EDI=b4f8d000
-1	26889	libc.so.6           	b4df25a6	                                        	8b 80 24 ff ff ff                                 	mov eax, dword ptr [eax-0xdc]                     		EAX=b4f8d000, ECX=b4f8e1e8, EDX=00000000, EBX=b7717000, ESP=bfcd69c0, EBP=00000000, ESI=b4f8d000, EDI=b4f8d000
-1	26889	libc.so.6           	b4df25ac	                                        	8b 18                                             	mov ebx, dword ptr [eax]                          		EAX=b7716d00, ECX=b4f8e1e8, EDX=00000000, EBX=b7717000, ESP=bfcd69c0, EBP=00000000, ESI=b4f8d000, EDI=b4f8d000
-1	26889	libc.so.6           	b4df25ae	                                        	83 e3 02                                          	and ebx, 0x2                                      		EAX=b7716d00, ECX=b4f8e1e8, EDX=00000000, EBX=00000000, ESP=bfcd69c0, EBP=00000000, ESI=b4f8d000, EDI=b4f8d000
-1	26889	libc.so.6           	b4df25b1	                                        	0f 85 d7 00 00 00                                 	jnz 0xb4df268e                                    		EAX=b7716d00, ECX=b4f8e1e8, EDX=00000000, EBX=00000000, ESP=bfcd69c0, EBP=00000000, ESI=b4f8d000, EDI=b4f8d000
-1	26889	libc.so.6           	b4df25b7	                                        	83 7c 24 6c 00                                    	cmp dword ptr [esp+0x6c], 0x0                     		EAX=b7716d00, ECX=b4f8e1e8, EDX=00000000, EBX=00000000, ESP=bfcd69c0, EBP=00000000, ESI=b4f8d000, EDI=b4f8d000
-1	26889	libc.so.6           	b4df25bc	                                        	74 1c                                             	jz 0xb4df25da                                     		EAX=b7716d00, ECX=b4f8e1e8, EDX=00000000, EBX=00000000, ESP=bfcd69c0, EBP=00000000, ESI=b4f8d000, EDI=b4f8d000
-1	26889	libc.so.6           	b4df25be	                                        	52                                                	push edx                                          		EAX=b7716d00, ECX=b4f8e1e8, EDX=00000000, EBX=00000000, ESP=bfcd69c0, EBP=00000000, ESI=b4f8d000, EDI=b4f8d000
-1	26889	libc.so.6           	b4df25bf	                                        	8b 44 24 0c                                       	mov eax, dword ptr [esp+0xc]                      		EAX=b7716d00, ECX=b4f8e1e8, EDX=00000000, EBX=00000000, ESP=bfcd69bc, EBP=00000000, ESI=b4f8d000, EDI=b4f8d000
-1	26889	libc.so.6           	b4df25c3	                                        	8b 80 48 ff ff ff                                 	mov eax, dword ptr [eax-0xb8]                     		EAX=b4f8d000, ECX=b4f8e1e8, EDX=00000000, EBX=00000000, ESP=bfcd69bc, EBP=00000000, ESI=b4f8d000, EDI=b4f8d000
-1	26889	libc.so.6           	b4df25c9	                                        	ff 30                                             	push dword ptr [eax]                              		EAX=b4f8edbc, ECX=b4f8e1e8, EDX=00000000, EBX=00000000, ESP=bfcd69bc, EBP=00000000, ESI=b4f8d000, EDI=b4f8d000
-1	26889	libc.so.6           	b4df25cb	                                        	ff 74 24 70                                       	push dword ptr [esp+0x70]                         		EAX=b4f8edbc, ECX=b4f8e1e8, EDX=00000000, EBX=00000000, ESP=bfcd69b8, EBP=00000000, ESI=b4f8d000, EDI=b4f8d000
-1	26889	libc.so.6           	b4df25cf	                                        	ff 74 24 70                                       	push dword ptr [esp+0x70]                         		EAX=b4f8edbc, ECX=b4f8e1e8, EDX=00000000, EBX=00000000, ESP=bfcd69b4, EBP=00000000, ESI=b4f8d000, EDI=b4f8d000
-1	26889	libc.so.6           	b4df25d3	                                        	ff 54 24 7c                                       	call dword ptr [esp+0x7c]                         		EAX=b4f8edbc, ECX=b4f8e1e8, EDX=00000000, EBX=00000000, ESP=bfcd69b0, EBP=00000000, ESI=b4f8d000, EDI=b4f8d000
-1	26889	unknown             	08048500	                                        	55                                                	push ebp                                          		EAX=b4f8edbc, ECX=b4f8e1e8, EDX=00000000, EBX=00000000, ESP=bfcd69ac, EBP=00000000, ESI=b4f8d000, EDI=b4f8d000
-1	26889	unknown             	08048501	                                        	57                                                	push edi                                          		EAX=b4f8edbc, ECX=b4f8e1e8, EDX=00000000, EBX=00000000, ESP=bfcd69a8, EBP=00000000, ESI=b4f8d000, EDI=b4f8d000
-1	26889	unknown             	08048502	                                        	56                                                	push esi                                          		EAX=b4f8edbc, ECX=b4f8e1e8, EDX=00000000, EBX=00000000, ESP=bfcd69a4, EBP=00000000, ESI=b4f8d000, EDI=b4f8d000
-1	26889	unknown             	08048503	                                        	53                                                	push ebx                                          		EAX=b4f8edbc, ECX=b4f8e1e8, EDX=00000000, EBX=00000000, ESP=bfcd69a0, EBP=00000000, ESI=b4f8d000, EDI=b4f8d000
-1	26889	unknown             	08048504	                                        	e8 97 fe ff ff                                    	call 0x80483a0                                    		EAX=b4f8edbc, ECX=b4f8e1e8, EDX=00000000, EBX=00000000, ESP=bfcd699c, EBP=00000000, ESI=b4f8d000, EDI=b4f8d000
-1	26889	unknown             	080483a0	                                        	8b 1c 24                                          	mov ebx, dword ptr [esp]                          		EAX=b4f8edbc, ECX=b4f8e1e8, EDX=00000000, EBX=00000000, ESP=bfcd6998, EBP=00000000, ESI=b4f8d000, EDI=b4f8d000
-1	26889	unknown             	080483a3	                                        	c3                                                	ret                                               		EAX=b4f8edbc, ECX=b4f8e1e8, EDX=00000000, EBX=08048509, ESP=bfcd6998, EBP=00000000, ESI=b4f8d000, EDI=b4f8d000
-1	26889	unknown             	08048509	                                        	81 c3 f7 1a 00 00                                 	add ebx, 0x1af7                                   		EAX=b4f8edbc, ECX=b4f8e1e8, EDX=00000000, EBX=08048509, ESP=bfcd699c, EBP=00000000, ESI=b4f8d000, EDI=b4f8d000
-1	26889	unknown             	0804850f	                                        	83 ec 0c                                          	sub esp, 0xc                                      		EAX=b4f8edbc, ECX=b4f8e1e8, EDX=00000000, EBX=0804a000, ESP=bfcd699c, EBP=00000000, ESI=b4f8d000, EDI=b4f8d000
-1	26889	unknown             	08048512	                                        	8b 6c 24 20                                       	mov ebp, dword ptr [esp+0x20]                     		EAX=b4f8edbc, ECX=b4f8e1e8, EDX=00000000, EBX=0804a000, ESP=bfcd6990, EBP=00000000, ESI=b4f8d000, EDI=b4f8d000
-1	26889	unknown             	08048516	                                        	8d b3 0c ff ff ff                                 	lea esi, ptr [ebx-0xf4]                           		EAX=b4f8edbc, ECX=b4f8e1e8, EDX=00000000, EBX=0804a000, ESP=bfcd6990, EBP=00000002, ESI=b4f8d000, EDI=b4f8d000
-1	26889	unknown             	0804851c	                                        	e8 cf fd ff ff                                    	call 0x80482f0                                    		EAX=b4f8edbc, ECX=b4f8e1e8, EDX=00000000, EBX=0804a000, ESP=bfcd6990, EBP=00000002, ESI=08049f0c, EDI=b4f8d000
-1	26889	unknown             	080482f0	                                        	53                                                	push ebx                                          		EAX=b4f8edbc, ECX=b4f8e1e8, EDX=00000000, EBX=0804a000, ESP=bfcd698c, EBP=00000002, ESI=08049f0c, EDI=b4f8d000
-1	26889	unknown             	080482f1	                                        	83 ec 08                                          	sub esp, 0x8                                      		EAX=b4f8edbc, ECX=b4f8e1e8, EDX=00000000, EBX=0804a000, ESP=bfcd6988, EBP=00000002, ESI=08049f0c, EDI=b4f8d000
-1	26889	unknown             	080482f4	                                        	e8 a7 00 00 00                                    	call 0x80483a0                                    		EAX=b4f8edbc, ECX=b4f8e1e8, EDX=00000000, EBX=0804a000, ESP=bfcd6980, EBP=00000002, ESI=08049f0c, EDI=b4f8d000
-1	26889	unknown             	080483a0	                                        	8b 1c 24                                          	mov ebx, dword ptr [esp]                          		EAX=b4f8edbc, ECX=b4f8e1e8, EDX=00000000, EBX=0804a000, ESP=bfcd697c, EBP=00000002, ESI=08049f0c, EDI=b4f8d000
-1	26889	unknown             	080483a3	                                        	c3                                                	ret                                               		EAX=b4f8edbc, ECX=b4f8e1e8, EDX=00000000, EBX=080482f9, ESP=bfcd697c, EBP=00000002, ESI=08049f0c, EDI=b4f8d000
-1	26889	unknown             	080482f9	                                        	81 c3 07 1d 00 00                                 	add ebx, 0x1d07                                   		EAX=b4f8edbc, ECX=b4f8e1e8, EDX=00000000, EBX=080482f9, ESP=bfcd6980, EBP=00000002, ESI=08049f0c, EDI=b4f8d000
-1	26889	unknown             	080482ff	                                        	8b 83 fc ff ff ff                                 	mov eax, dword ptr [ebx-0x4]                      		EAX=b4f8edbc, ECX=b4f8e1e8, EDX=00000000, EBX=0804a000, ESP=bfcd6980, EBP=00000002, ESI=08049f0c, EDI=b4f8d000
-1	26889	unknown             	08048305	                                        	85 c0                                             	test eax, eax                                     		EAX=00000000, ECX=b4f8e1e8, EDX=00000000, EBX=0804a000, ESP=bfcd6980, EBP=00000002, ESI=08049f0c, EDI=b4f8d000
-1	26889	unknown             	08048307	                                        	74 05                                             	jz 0x804830e                                      		EAX=00000000, ECX=b4f8e1e8, EDX=00000000, EBX=0804a000, ESP=bfcd6980, EBP=00000002, ESI=08049f0c, EDI=b4f8d000
-1	26889	unknown             	0804830e	                                        	83 c4 08                                          	add esp, 0x8                                      		EAX=00000000, ECX=b4f8e1e8, EDX=00000000, EBX=0804a000, ESP=bfcd6980, EBP=00000002, ESI=08049f0c, EDI=b4f8d000
-1	26889	unknown             	08048311	                                        	5b                                                	pop ebx                                           		EAX=00000000, ECX=b4f8e1e8, EDX=00000000, EBX=0804a000, ESP=bfcd6988, EBP=00000002, ESI=08049f0c, EDI=b4f8d000
-1	26889	unknown             	08048312	                                        	c3                                                	ret                                               		EAX=00000000, ECX=b4f8e1e8, EDX=00000000, EBX=0804a000, ESP=bfcd698c, EBP=00000002, ESI=08049f0c, EDI=b4f8d000
-1	26889	unknown             	08048521	                                        	8d 83 08 ff ff ff                                 	lea eax, ptr [ebx-0xf8]                           		EAX=00000000, ECX=b4f8e1e8, EDX=00000000, EBX=0804a000, ESP=bfcd6990, EBP=00000002, ESI=08049f0c, EDI=b4f8d000
-1	26889	unknown             	08048527	                                        	29 c6                                             	sub esi, eax                                      		EAX=08049f08, ECX=b4f8e1e8, EDX=00000000, EBX=0804a000, ESP=bfcd6990, EBP=00000002, ESI=08049f0c, EDI=b4f8d000
-1	26889	unknown             	08048529	                                        	c1 fe 02                                          	sar esi, 0x2                                      		EAX=08049f08, ECX=b4f8e1e8, EDX=00000000, EBX=0804a000, ESP=bfcd6990, EBP=00000002, ESI=00000004, EDI=b4f8d000
-1	26889	unknown             	0804852c	                                        	85 f6                                             	test esi, esi                                     		EAX=08049f08, ECX=b4f8e1e8, EDX=00000000, EBX=0804a000, ESP=bfcd6990, EBP=00000002, ESI=00000001, EDI=b4f8d000
-1	26889	unknown             	0804852e	                                        	74 25                                             	jz 0x8048555                                      		EAX=08049f08, ECX=b4f8e1e8, EDX=00000000, EBX=0804a000, ESP=bfcd6990, EBP=00000002, ESI=00000001, EDI=b4f8d000
-1	26889	unknown             	08048530	                                        	31 ff                                             	xor edi, edi                                      		EAX=08049f08, ECX=b4f8e1e8, EDX=00000000, EBX=0804a000, ESP=bfcd6990, EBP=00000002, ESI=00000001, EDI=b4f8d000
-1	26889	unknown             	08048532	                                        	8d b6 00 00 00 00                                 	lea esi, ptr [esi]                                		EAX=08049f08, ECX=b4f8e1e8, EDX=00000000, EBX=0804a000, ESP=bfcd6990, EBP=00000002, ESI=00000001, EDI=00000000
-1	26889	unknown             	08048538	                                        	83 ec 04                                          	sub esp, 0x4                                      		EAX=08049f08, ECX=b4f8e1e8, EDX=00000000, EBX=0804a000, ESP=bfcd6990, EBP=00000002, ESI=00000001, EDI=00000000
-1	26889	unknown             	0804853b	                                        	ff 74 24 2c                                       	push dword ptr [esp+0x2c]                         		EAX=08049f08, ECX=b4f8e1e8, EDX=00000000, EBX=0804a000, ESP=bfcd698c, EBP=00000002, ESI=00000001, EDI=00000000
-1	26889	unknown             	0804853f	                                        	ff 74 24 2c                                       	push dword ptr [esp+0x2c]                         		EAX=08049f08, ECX=b4f8e1e8, EDX=00000000, EBX=0804a000, ESP=bfcd6988, EBP=00000002, ESI=00000001, EDI=00000000
-1	26889	unknown             	08048543	                                        	55                                                	push ebp                                          		EAX=08049f08, ECX=b4f8e1e8, EDX=00000000, EBX=0804a000, ESP=bfcd6984, EBP=00000002, ESI=00000001, EDI=00000000
-1	26889	unknown             	08048544	                                        	ff 94 bb 08 ff ff ff                              	call dword ptr [ebx+edi*4-0xf8]                   		EAX=08049f08, ECX=b4f8e1e8, EDX=00000000, EBX=0804a000, ESP=bfcd6980, EBP=00000002, ESI=00000001, EDI=00000000
-1	26889	unknown             	08048440	                                        	b8 10 9f 04 08                                    	mov eax, 0x8049f10                                		EAX=08049f08, ECX=b4f8e1e8, EDX=00000000, EBX=0804a000, ESP=bfcd697c, EBP=00000002, ESI=00000001, EDI=00000000
-1	26889	unknown             	08048445	                                        	8b 10                                             	mov edx, dword ptr [eax]                          		EAX=08049f10, ECX=b4f8e1e8, EDX=00000000, EBX=0804a000, ESP=bfcd697c, EBP=00000002, ESI=00000001, EDI=00000000
-1	26889	unknown             	08048447	                                        	85 d2                                             	test edx, edx                                     		EAX=08049f10, ECX=b4f8e1e8, EDX=00000000, EBX=0804a000, ESP=bfcd697c, EBP=00000002, ESI=00000001, EDI=00000000
-1	26889	unknown             	08048449	                                        	75 05                                             	jnz 0x8048450                                     		EAX=08049f10, ECX=b4f8e1e8, EDX=00000000, EBX=0804a000, ESP=bfcd697c, EBP=00000002, ESI=00000001, EDI=00000000
-1	26889	unknown             	0804844b	                                        	eb 93                                             	jmp 0x80483e0                                     		EAX=08049f10, ECX=b4f8e1e8, EDX=00000000, EBX=0804a000, ESP=bfcd697c, EBP=00000002, ESI=00000001, EDI=00000000
-1	26889	unknown             	080483e0	                                        	b8 20 a0 04 08                                    	mov eax, 0x804a020                                		EAX=08049f10, ECX=b4f8e1e8, EDX=00000000, EBX=0804a000, ESP=bfcd697c, EBP=00000002, ESI=00000001, EDI=00000000
-1	26889	unknown             	080483e5	                                        	2d 20 a0 04 08                                    	sub eax, 0x804a020                                		EAX=0804a020, ECX=b4f8e1e8, EDX=00000000, EBX=0804a000, ESP=bfcd697c, EBP=00000002, ESI=00000001, EDI=00000000
-1	26889	unknown             	080483ea	                                        	c1 f8 02                                          	sar eax, 0x2                                      		EAX=00000000, ECX=b4f8e1e8, EDX=00000000, EBX=0804a000, ESP=bfcd697c, EBP=00000002, ESI=00000001, EDI=00000000
-1	26889	unknown             	080483ed	                                        	89 c2                                             	mov edx, eax                                      		EAX=00000000, ECX=b4f8e1e8, EDX=00000000, EBX=0804a000, ESP=bfcd697c, EBP=00000002, ESI=00000001, EDI=00000000
-1	26889	unknown             	080483ef	                                        	c1 ea 1f                                          	shr edx, 0x1f                                     		EAX=00000000, ECX=b4f8e1e8, EDX=00000000, EBX=0804a000, ESP=bfcd697c, EBP=00000002, ESI=00000001, EDI=00000000
-1	26889	unknown             	080483f2	                                        	01 d0                                             	add eax, edx                                      		EAX=00000000, ECX=b4f8e1e8, EDX=00000000, EBX=0804a000, ESP=bfcd697c, EBP=00000002, ESI=00000001, EDI=00000000
-1	26889	unknown             	080483f4	                                        	d1 f8                                             	sar eax, 0x1                                      		EAX=00000000, ECX=b4f8e1e8, EDX=00000000, EBX=0804a000, ESP=bfcd697c, EBP=00000002, ESI=00000001, EDI=00000000
-1	26889	unknown             	080483f6	                                        	74 1b                                             	jz 0x8048413                                      		EAX=00000000, ECX=b4f8e1e8, EDX=00000000, EBX=0804a000, ESP=bfcd697c, EBP=00000002, ESI=00000001, EDI=00000000
-1	26889	unknown             	08048413	                                        	f3 c3                                             	ret                                               		EAX=00000000, ECX=b4f8e1e8, EDX=00000000, EBX=0804a000, ESP=bfcd697c, EBP=00000002, ESI=00000001, EDI=00000000
-1	26889	unknown             	0804854b	                                        	83 c7 01                                          	add edi, 0x1                                      		EAX=00000000, ECX=b4f8e1e8, EDX=00000000, EBX=0804a000, ESP=bfcd6980, EBP=00000002, ESI=00000001, EDI=00000000
-1	26889	unknown             	0804854e	                                        	83 c4 10                                          	add esp, 0x10                                     		EAX=00000000, ECX=b4f8e1e8, EDX=00000000, EBX=0804a000, ESP=bfcd6980, EBP=00000002, ESI=00000001, EDI=00000001
-1	26889	unknown             	08048551	                                        	39 f7                                             	cmp edi, esi                                      		EAX=00000000, ECX=b4f8e1e8, EDX=00000000, EBX=0804a000, ESP=bfcd6990, EBP=00000002, ESI=00000001, EDI=00000001
-1	26889	unknown             	08048553	                                        	75 e3                                             	jnz 0x8048538                                     		EAX=00000000, ECX=b4f8e1e8, EDX=00000000, EBX=0804a000, ESP=bfcd6990, EBP=00000002, ESI=00000001, EDI=00000001
-1	26889	unknown             	08048555	                                        	83 c4 0c                                          	add esp, 0xc                                      		EAX=00000000, ECX=b4f8e1e8, EDX=00000000, EBX=0804a000, ESP=bfcd6990, EBP=00000002, ESI=00000001, EDI=00000001
-1	26889	unknown             	08048558	                                        	5b                                                	pop ebx                                           		EAX=00000000, ECX=b4f8e1e8, EDX=00000000, EBX=0804a000, ESP=bfcd699c, EBP=00000002, ESI=00000001, EDI=00000001
-1	26889	unknown             	08048559	                                        	5e                                                	pop esi                                           		EAX=00000000, ECX=b4f8e1e8, EDX=00000000, EBX=00000000, ESP=bfcd69a0, EBP=00000002, ESI=00000001, EDI=00000001
-1	26889	unknown             	0804855a	                                        	5f                                                	pop edi                                           		EAX=00000000, ECX=b4f8e1e8, EDX=00000000, EBX=00000000, ESP=bfcd69a4, EBP=00000002, ESI=b4f8d000, EDI=00000001
-1	26889	unknown             	0804855b	                                        	5d                                                	pop ebp                                           		EAX=00000000, ECX=b4f8e1e8, EDX=00000000, EBX=00000000, ESP=bfcd69a8, EBP=00000002, ESI=b4f8d000, EDI=b4f8d000
-1	26889	unknown             	0804855c	                                        	c3                                                	ret                                               		EAX=00000000, ECX=b4f8e1e8, EDX=00000000, EBX=00000000, ESP=bfcd69ac, EBP=00000000, ESI=b4f8d000, EDI=b4f8d000
-1	26889	libc.so.6           	b4df25d7	                                        	83 c4 10                                          	add esp, 0x10                                     		EAX=00000000, ECX=b4f8e1e8, EDX=00000000, EBX=00000000, ESP=bfcd69b0, EBP=00000000, ESI=b4f8d000, EDI=b4f8d000
-1	26889	libc.so.6           	b4df25da	                                        	8b 44 24 08                                       	mov eax, dword ptr [esp+0x8]                      		EAX=00000000, ECX=b4f8e1e8, EDX=00000000, EBX=00000000, ESP=bfcd69c0, EBP=00000000, ESI=b4f8d000, EDI=b4f8d000
-1	26889	libc.so.6           	b4df25de	                                        	8b 80 24 ff ff ff                                 	mov eax, dword ptr [eax-0xdc]                     		EAX=b4f8d000, ECX=b4f8e1e8, EDX=00000000, EBX=00000000, ESP=bfcd69c0, EBP=00000000, ESI=b4f8d000, EDI=b4f8d000
-1	26889	libc.so.6           	b4df25e4	                                        	8b 90 10 02 00 00                                 	mov edx, dword ptr [eax+0x210]                    		EAX=b7716d00, ECX=b4f8e1e8, EDX=00000000, EBX=00000000, ESP=bfcd69c0, EBP=00000000, ESI=b4f8d000, EDI=b4f8d000
-1	26889	libc.so.6           	b4df25ea	                                        	85 d2                                             	test edx, edx                                     		EAX=b7716d00, ECX=b4f8e1e8, EDX=00000000, EBX=00000000, ESP=bfcd69c0, EBP=00000000, ESI=b4f8d000, EDI=b4f8d000
-1	26889	libc.so.6           	b4df25ec	                                        	0f 85 00 01 00 00                                 	jnz 0xb4df26f2                                    		EAX=b7716d00, ECX=b4f8e1e8, EDX=00000000, EBX=00000000, ESP=bfcd69c0, EBP=00000000, ESI=b4f8d000, EDI=b4f8d000
-1	26889	libc.so.6           	b4df25f2	                                        	85 db                                             	test ebx, ebx                                     		EAX=b7716d00, ECX=b4f8e1e8, EDX=00000000, EBX=00000000, ESP=bfcd69c0, EBP=00000000, ESI=b4f8d000, EDI=b4f8d000
-1	26889	libc.so.6           	b4df25f4	                                        	0f 85 d1 00 00 00                                 	jnz 0xb4df26cb                                    		EAX=b7716d00, ECX=b4f8e1e8, EDX=00000000, EBX=00000000, ESP=bfcd69c0, EBP=00000000, ESI=b4f8d000, EDI=b4f8d000
-1	26889	libc.so.6           	b4df25fa	                                        	83 ec 0c                                          	sub esp, 0xc                                      		EAX=b7716d00, ECX=b4f8e1e8, EDX=00000000, EBX=00000000, ESP=bfcd69c0, EBP=00000000, ESI=b4f8d000, EDI=b4f8d000
-1	26889	libc.so.6           	b4df25fd	                                        	8d 44 24 20                                       	lea eax, ptr [esp+0x20]                           		EAX=b7716d00, ECX=b4f8e1e8, EDX=00000000, EBX=00000000, ESP=bfcd69b4, EBP=00000000, ESI=b4f8d000, EDI=b4f8d000
-1	26889	libc.so.6           	b4df2601	                                        	50                                                	push eax                                          		EAX=bfcd69d4, ECX=b4f8e1e8, EDX=00000000, EBX=00000000, ESP=bfcd69b4, EBP=00000000, ESI=b4f8d000, EDI=b4f8d000
-1	26889	libc.so.6           	b4df2602	                                        	e8 79 36 01 00                                    	call 0xb4e05c80                                   		EAX=bfcd69d4, ECX=b4f8e1e8, EDX=00000000, EBX=00000000, ESP=bfcd69b0, EBP=00000000, ESI=b4f8d000, EDI=b4f8d000
-1	26889	libc.so.6           	b4e05c80	                                        	31 c0                                             	xor eax, eax                                      		EAX=bfcd69d4, ECX=b4f8e1e8, EDX=00000000, EBX=00000000, ESP=bfcd69ac, EBP=00000000, ESI=b4f8d000, EDI=b4f8d000
-1	26889	libc.so.6           	b4e05c82	                                        	8b 54 24 04                                       	mov edx, dword ptr [esp+0x4]                      		EAX=00000000, ECX=b4f8e1e8, EDX=00000000, EBX=00000000, ESP=bfcd69ac, EBP=00000000, ESI=b4f8d000, EDI=b4f8d000
-1	26889	libc.so.6           	b4e05c86	                                        	89 1a                                             	mov dword ptr [edx], ebx                          		EAX=00000000, ECX=b4f8e1e8, EDX=bfcd69d4, EBX=00000000, ESP=bfcd69ac, EBP=00000000, ESI=b4f8d000, EDI=b4f8d000
-1	26889	libc.so.6           	b4e05c88	                                        	89 72 04                                          	mov dword ptr [edx+0x4], esi                      		EAX=00000000, ECX=b4f8e1e8, EDX=bfcd69d4, EBX=00000000, ESP=bfcd69ac, EBP=00000000, ESI=b4f8d000, EDI=b4f8d000
-1	26889	libc.so.6           	b4e05c8b	                                        	89 7a 08                                          	mov dword ptr [edx+0x8], edi                      		EAX=00000000, ECX=b4f8e1e8, EDX=bfcd69d4, EBX=00000000, ESP=bfcd69ac, EBP=00000000, ESI=b4f8d000, EDI=b4f8d000
-1	26889	libc.so.6           	b4e05c8e	                                        	8d 4c 24 04                                       	lea ecx, ptr [esp+0x4]                            		EAX=00000000, ECX=b4f8e1e8, EDX=bfcd69d4, EBX=00000000, ESP=bfcd69ac, EBP=00000000, ESI=b4f8d000, EDI=b4f8d000
-1	26889	libc.so.6           	b4e05c92	                                        	65 33 0d 18 00 00 00                              	xor ecx, dword ptr gs:[0x18]                      		EAX=00000000, ECX=bfcd69b0, EDX=bfcd69d4, EBX=00000000, ESP=bfcd69ac, EBP=00000000, ESI=b4f8d000, EDI=b4f8d000
-1	26889	libc.so.6           	b4e05c99	                                        	c1 c1 09                                          	rol ecx, 0x9                                      		EAX=00000000, ECX=b93295f1, EDX=bfcd69d4, EBX=00000000, ESP=bfcd69ac, EBP=00000000, ESI=b4f8d000, EDI=b4f8d000
-1	26889	libc.so.6           	b4e05c9c	                                        	89 4a 10                                          	mov dword ptr [edx+0x10], ecx                     		EAX=00000000, ECX=652be372, EDX=bfcd69d4, EBX=00000000, ESP=bfcd69ac, EBP=00000000, ESI=b4f8d000, EDI=b4f8d000
-1	26889	libc.so.6           	b4e05c9f	                                        	8b 0c 24                                          	mov ecx, dword ptr [esp]                          		EAX=00000000, ECX=652be372, EDX=bfcd69d4, EBX=00000000, ESP=bfcd69ac, EBP=00000000, ESI=b4f8d000, EDI=b4f8d000
-1	26889	libc.so.6           	b4e05ca2	                                        	90                                                	nop                                               		EAX=00000000, ECX=b4df2607, EDX=bfcd69d4, EBX=00000000, ESP=bfcd69ac, EBP=00000000, ESI=b4f8d000, EDI=b4f8d000
-1	26889	libc.so.6           	b4e05ca3	                                        	65 33 0d 18 00 00 00                              	xor ecx, dword ptr gs:[0x18]                      		EAX=00000000, ECX=b4df2607, EDX=bfcd69d4, EBX=00000000, ESP=bfcd69ac, EBP=00000000, ESI=b4f8d000, EDI=b4f8d000
-1	26889	libc.so.6           	b4e05caa	                                        	c1 c1 09                                          	rol ecx, 0x9                                      		EAX=00000000, ECX=b220da46, EDX=bfcd69d4, EBX=00000000, ESP=bfcd69ac, EBP=00000000, ESI=b4f8d000, EDI=b4f8d000
-1	26889	libc.so.6           	b4e05cad	                                        	89 4a 14                                          	mov dword ptr [edx+0x14], ecx                     		EAX=00000000, ECX=41b48d64, EDX=bfcd69d4, EBX=00000000, ESP=bfcd69ac, EBP=00000000, ESI=b4f8d000, EDI=b4f8d000
-1	26889	libc.so.6           	b4e05cb0	                                        	89 6a 0c                                          	mov dword ptr [edx+0xc], ebp                      		EAX=00000000, ECX=41b48d64, EDX=bfcd69d4, EBX=00000000, ESP=bfcd69ac, EBP=00000000, ESI=b4f8d000, EDI=b4f8d000
-1	26889	libc.so.6           	b4e05cb3	                                        	89 42 18                                          	mov dword ptr [edx+0x18], eax                     		EAX=00000000, ECX=41b48d64, EDX=bfcd69d4, EBX=00000000, ESP=bfcd69ac, EBP=00000000, ESI=b4f8d000, EDI=b4f8d000
-1	26889	libc.so.6           	b4e05cb6	                                        	c3                                                	ret                                               		EAX=00000000, ECX=41b48d64, EDX=bfcd69d4, EBX=00000000, ESP=bfcd69ac, EBP=00000000, ESI=b4f8d000, EDI=b4f8d000
-1	26889	libc.so.6           	b4df2607	_setjmp                                 	83 c4 10                                          	add esp, 0x10                                     		EAX=00000000, ECX=41b48d64, EDX=bfcd69d4, EBX=00000000, ESP=bfcd69b0, EBP=00000000, ESI=b4f8d000, EDI=b4f8d000
-1	26889	libc.so.6           	b4df260a	                                        	85 c0                                             	test eax, eax                                     		EAX=00000000, ECX=41b48d64, EDX=bfcd69d4, EBX=00000000, ESP=bfcd69c0, EBP=00000000, ESI=b4f8d000, EDI=b4f8d000
-1	26889	libc.so.6           	b4df260c	                                        	75 4c                                             	jnz 0xb4df265a                                    		EAX=00000000, ECX=41b48d64, EDX=bfcd69d4, EBX=00000000, ESP=bfcd69c0, EBP=00000000, ESI=b4f8d000, EDI=b4f8d000
-1	26889	libc.so.6           	b4df260e	                                        	65 a1 80 00 00 00                                 	mov eax, dword ptr gs:[0x80]                      		EAX=00000000, ECX=41b48d64, EDX=bfcd69d4, EBX=00000000, ESP=bfcd69c0, EBP=00000000, ESI=b4f8d000, EDI=b4f8d000
-1	26889	libc.so.6           	b4df2614	                                        	89 44 24 30                                       	mov dword ptr [esp+0x30], eax                     		EAX=00000000, ECX=41b48d64, EDX=bfcd69d4, EBX=00000000, ESP=bfcd69c0, EBP=00000000, ESI=b4f8d000, EDI=b4f8d000
-1	26889	libc.so.6           	b4df2618	                                        	65 a1 7c 00 00 00                                 	mov eax, dword ptr gs:[0x7c]                      		EAX=00000000, ECX=41b48d64, EDX=bfcd69d4, EBX=00000000, ESP=bfcd69c0, EBP=00000000, ESI=b4f8d000, EDI=b4f8d000
-1	26889	libc.so.6           	b4df261e	                                        	89 44 24 34                                       	mov dword ptr [esp+0x34], eax                     		EAX=00000000, ECX=41b48d64, EDX=bfcd69d4, EBX=00000000, ESP=bfcd69c0, EBP=00000000, ESI=b4f8d000, EDI=b4f8d000
-1	26889	libc.so.6           	b4df2622	                                        	8d 44 24 14                                       	lea eax, ptr [esp+0x14]                           		EAX=00000000, ECX=41b48d64, EDX=bfcd69d4, EBX=00000000, ESP=bfcd69c0, EBP=00000000, ESI=b4f8d000, EDI=b4f8d000
-1	26889	libc.so.6           	b4df2626	                                        	65 a3 80 00 00 00                                 	mov dword ptr gs:[0x80], eax                      		EAX=bfcd69d4, ECX=41b48d64, EDX=bfcd69d4, EBX=00000000, ESP=bfcd69c0, EBP=00000000, ESI=b4f8d000, EDI=b4f8d000
-1	26889	libc.so.6           	b4df262c	                                        	83 ec 04                                          	sub esp, 0x4                                      		EAX=bfcd69d4, ECX=41b48d64, EDX=bfcd69d4, EBX=00000000, ESP=bfcd69c0, EBP=00000000, ESI=b4f8d000, EDI=b4f8d000
-1	26889	libc.so.6           	b4df262f	                                        	8b 44 24 0c                                       	mov eax, dword ptr [esp+0xc]                      		EAX=bfcd69d4, ECX=41b48d64, EDX=bfcd69d4, EBX=00000000, ESP=bfcd69bc, EBP=00000000, ESI=b4f8d000, EDI=b4f8d000
-1	26889	libc.so.6           	b4df2633	                                        	8b 80 48 ff ff ff                                 	mov eax, dword ptr [eax-0xb8]                     		EAX=b4f8d000, ECX=41b48d64, EDX=bfcd69d4, EBX=00000000, ESP=bfcd69bc, EBP=00000000, ESI=b4f8d000, EDI=b4f8d000
-1	26889	libc.so.6           	b4df2639	                                        	ff 30                                             	push dword ptr [eax]                              		EAX=b4f8edbc, ECX=41b48d64, EDX=bfcd69d4, EBX=00000000, ESP=bfcd69bc, EBP=00000000, ESI=b4f8d000, EDI=b4f8d000
-1	26889	libc.so.6           	b4df263b	                                        	ff 74 24 70                                       	push dword ptr [esp+0x70]                         		EAX=b4f8edbc, ECX=41b48d64, EDX=bfcd69d4, EBX=00000000, ESP=bfcd69b8, EBP=00000000, ESI=b4f8d000, EDI=b4f8d000
-1	26889	libc.so.6           	b4df263f	                                        	ff 74 24 70                                       	push dword ptr [esp+0x70]                         		EAX=b4f8edbc, ECX=41b48d64, EDX=bfcd69d4, EBX=00000000, ESP=bfcd69b4, EBP=00000000, ESI=b4f8d000, EDI=b4f8d000
-1	26889	libc.so.6           	b4df2643	                                        	ff 54 24 70                                       	call dword ptr [esp+0x70]                         		EAX=b4f8edbc, ECX=41b48d64, EDX=bfcd69d4, EBX=00000000, ESP=bfcd69b0, EBP=00000000, ESI=b4f8d000, EDI=b4f8d000
-1	26889	unknown             	0804846b	                                        	8d 4c 24 04                                       	lea ecx, ptr [esp+0x4]                            		EAX=b4f8edbc, ECX=41b48d64, EDX=bfcd69d4, EBX=00000000, ESP=bfcd69ac, EBP=00000000, ESI=b4f8d000, EDI=b4f8d000
-1	26889	unknown             	0804846f	                                        	83 e4 f0                                          	and esp, 0xfffffff0                               		EAX=b4f8edbc, ECX=bfcd69b0, EDX=bfcd69d4, EBX=00000000, ESP=bfcd69ac, EBP=00000000, ESI=b4f8d000, EDI=b4f8d000
-1	26889	unknown             	08048472	                                        	ff 71 fc                                          	push dword ptr [ecx-0x4]                          		EAX=b4f8edbc, ECX=bfcd69b0, EDX=bfcd69d4, EBX=00000000, ESP=bfcd69a0, EBP=00000000, ESI=b4f8d000, EDI=b4f8d000
-1	26889	unknown             	08048475	                                        	55                                                	push ebp                                          		EAX=b4f8edbc, ECX=bfcd69b0, EDX=bfcd69d4, EBX=00000000, ESP=bfcd699c, EBP=00000000, ESI=b4f8d000, EDI=b4f8d000
-1	26889	unknown             	08048476	                                        	89 e5                                             	mov ebp, esp                                      		EAX=b4f8edbc, ECX=bfcd69b0, EDX=bfcd69d4, EBX=00000000, ESP=bfcd6998, EBP=00000000, ESI=b4f8d000, EDI=b4f8d000
-1	26889	unknown             	08048478	                                        	51                                                	push ecx                                          		EAX=b4f8edbc, ECX=bfcd69b0, EDX=bfcd69d4, EBX=00000000, ESP=bfcd6998, EBP=bfcd6998, ESI=b4f8d000, EDI=b4f8d000
-1	26889	unknown             	08048479	                                        	83 ec 34                                          	sub esp, 0x34                                     		EAX=b4f8edbc, ECX=bfcd69b0, EDX=bfcd69d4, EBX=00000000, ESP=bfcd6994, EBP=bfcd6998, ESI=b4f8d000, EDI=b4f8d000
-1	26889	unknown             	0804847c	                                        	89 c8                                             	mov eax, ecx                                      		EAX=b4f8edbc, ECX=bfcd69b0, EDX=bfcd69d4, EBX=00000000, ESP=bfcd6960, EBP=bfcd6998, ESI=b4f8d000, EDI=b4f8d000
-1	26889	unknown             	0804847e	                                        	8b 40 04                                          	mov eax, dword ptr [eax+0x4]                      		EAX=bfcd69b0, ECX=bfcd69b0, EDX=bfcd69d4, EBX=00000000, ESP=bfcd6960, EBP=bfcd6998, ESI=b4f8d000, EDI=b4f8d000
-1	26889	unknown             	08048481	                                        	89 45 d4                                          	mov dword ptr [ebp-0x2c], eax                     		EAX=bfcd6a44, ECX=bfcd69b0, EDX=bfcd69d4, EBX=00000000, ESP=bfcd6960, EBP=bfcd6998, ESI=b4f8d000, EDI=b4f8d000
-1	26889	unknown             	08048484	                                        	65 a1 14 00 00 00                                 	mov eax, dword ptr gs:[0x14]                      		EAX=bfcd6a44, ECX=bfcd69b0, EDX=bfcd69d4, EBX=00000000, ESP=bfcd6960, EBP=bfcd6998, ESI=b4f8d000, EDI=b4f8d000
-1	26889	unknown             	0804848a	                                        	89 45 f4                                          	mov dword ptr [ebp-0xc], eax                      		EAX=e76eb300, ECX=bfcd69b0, EDX=bfcd69d4, EBX=00000000, ESP=bfcd6960, EBP=bfcd6998, ESI=b4f8d000, EDI=b4f8d000
-1	26889	unknown             	0804848d	                                        	31 c0                                             	xor eax, eax                                      		EAX=e76eb300, ECX=bfcd69b0, EDX=bfcd69d4, EBX=00000000, ESP=bfcd6960, EBP=bfcd6998, ESI=b4f8d000, EDI=b4f8d000
-1	26889	unknown             	0804848f	                                        	8b 45 d4                                          	mov eax, dword ptr [ebp-0x2c]                     		EAX=00000000, ECX=bfcd69b0, EDX=bfcd69d4, EBX=00000000, ESP=bfcd6960, EBP=bfcd6998, ESI=b4f8d000, EDI=b4f8d000
-1	26889	unknown             	08048492	                                        	83 c0 04                                          	add eax, 0x4                                      		EAX=bfcd6a44, ECX=bfcd69b0, EDX=bfcd69d4, EBX=00000000, ESP=bfcd6960, EBP=bfcd6998, ESI=b4f8d000, EDI=b4f8d000
-1	26889	unknown             	08048495	                                        	8b 00                                             	mov eax, dword ptr [eax]                          		EAX=bfcd6a48, ECX=bfcd69b0, EDX=bfcd69d4, EBX=00000000, ESP=bfcd6960, EBP=bfcd6998, ESI=b4f8d000, EDI=b4f8d000
-1	26889	unknown             	08048497	                                        	83 ec 0c                                          	sub esp, 0xc                                      		EAX=bfcd84e6, ECX=bfcd69b0, EDX=bfcd69d4, EBX=00000000, ESP=bfcd6960, EBP=bfcd6998, ESI=b4f8d000, EDI=b4f8d000
-1	26889	unknown             	0804849a	                                        	50                                                	push eax                                          		EAX=bfcd84e6, ECX=bfcd69b0, EDX=bfcd69d4, EBX=00000000, ESP=bfcd6954, EBP=bfcd6998, ESI=b4f8d000, EDI=b4f8d000
-1	26889	unknown             	0804849b	                                        	e8 b0 fe ff ff                                    	call 0x8048350                                    		EAX=bfcd84e6, ECX=bfcd69b0, EDX=bfcd69d4, EBX=00000000, ESP=bfcd6950, EBP=bfcd6998, ESI=b4f8d000, EDI=b4f8d000
-1	26889	unknown             	08048350	                                        	ff 25 14 a0 04 08                                 	jmp dword ptr [0x804a014]                         		EAX=bfcd84e6, ECX=bfcd69b0, EDX=bfcd69d4, EBX=00000000, ESP=bfcd694c, EBP=bfcd6998, ESI=b4f8d000, EDI=b4f8d000
-1	26889	unknown             	08048356	                                        	68 10 00 00 00                                    	push 0x10                                         		EAX=bfcd84e6, ECX=bfcd69b0, EDX=bfcd69d4, EBX=00000000, ESP=bfcd694c, EBP=bfcd6998, ESI=b4f8d000, EDI=b4f8d000
-1	26889	unknown             	0804835b	                                        	e9 c0 ff ff ff                                    	jmp 0x8048320                                     		EAX=bfcd84e6, ECX=bfcd69b0, EDX=bfcd69d4, EBX=00000000, ESP=bfcd6948, EBP=bfcd6998, ESI=b4f8d000, EDI=b4f8d000
-1	26889	unknown             	08048320	                                        	ff 35 04 a0 04 08                                 	push dword ptr [0x804a004]                        		EAX=bfcd84e6, ECX=bfcd69b0, EDX=bfcd69d4, EBX=00000000, ESP=bfcd6948, EBP=bfcd6998, ESI=b4f8d000, EDI=b4f8d000
-1	26889	unknown             	08048326	                                        	ff 25 08 a0 04 08                                 	jmp dword ptr [0x804a008]                         		EAX=bfcd84e6, ECX=bfcd69b0, EDX=bfcd69d4, EBX=00000000, ESP=bfcd6944, EBP=bfcd6998, ESI=b4f8d000, EDI=b4f8d000
-1	26889	ld-linux.so.2       	b7708000	                                        	50                                                	push eax                                          		EAX=bfcd84e6, ECX=bfcd69b0, EDX=bfcd69d4, EBX=00000000, ESP=bfcd6944, EBP=bfcd6998, ESI=b4f8d000, EDI=b4f8d000
-1	26889	ld-linux.so.2       	b7708001	                                        	51                                                	push ecx                                          		EAX=bfcd84e6, ECX=bfcd69b0, EDX=bfcd69d4, EBX=00000000, ESP=bfcd6940, EBP=bfcd6998, ESI=b4f8d000, EDI=b4f8d000
-1	26889	ld-linux.so.2       	b7708002	                                        	52                                                	push edx                                          		EAX=bfcd84e6, ECX=bfcd69b0, EDX=bfcd69d4, EBX=00000000, ESP=bfcd693c, EBP=bfcd6998, ESI=b4f8d000, EDI=b4f8d000
-1	26889	ld-linux.so.2       	b7708003	                                        	8b 54 24 10                                       	mov edx, dword ptr [esp+0x10]                     		EAX=bfcd84e6, ECX=bfcd69b0, EDX=bfcd69d4, EBX=00000000, ESP=bfcd6938, EBP=bfcd6998, ESI=b4f8d000, EDI=b4f8d000
-1	26889	ld-linux.so.2       	b7708007	                                        	8b 44 24 0c                                       	mov eax, dword ptr [esp+0xc]                      		EAX=bfcd84e6, ECX=bfcd69b0, EDX=00000010, EBX=00000000, ESP=bfcd6938, EBP=bfcd6998, ESI=b4f8d000, EDI=b4f8d000
-1	26889	ld-linux.so.2       	b770800b	                                        	e8 d0 97 ff ff                                    	call 0xb77017e0                                   		EAX=b7717918, ECX=bfcd69b0, EDX=00000010, EBX=00000000, ESP=bfcd6938, EBP=bfcd6998, ESI=b4f8d000, EDI=b4f8d000
-1	26889	ld-linux.so.2       	b77017e0	                                        	55                                                	push ebp                                          		EAX=b7717918, ECX=bfcd69b0, EDX=00000010, EBX=00000000, ESP=bfcd6934, EBP=bfcd6998, ESI=b4f8d000, EDI=b4f8d000
-1	26889	ld-linux.so.2       	b77017e1	                                        	57                                                	push edi                                          		EAX=b7717918, ECX=bfcd69b0, EDX=00000010, EBX=00000000, ESP=bfcd6930, EBP=bfcd6998, ESI=b4f8d000, EDI=b4f8d000
-1	26889	ld-linux.so.2       	b77017e2	                                        	89 c7                                             	mov edi, eax                                      		EAX=b7717918, ECX=bfcd69b0, EDX=00000010, EBX=00000000, ESP=bfcd692c, EBP=bfcd6998, ESI=b4f8d000, EDI=b4f8d000
-1	26889	ld-linux.so.2       	b77017e4	                                        	56                                                	push esi                                          		EAX=b7717918, ECX=bfcd69b0, EDX=00000010, EBX=00000000, ESP=bfcd692c, EBP=bfcd6998, ESI=b4f8d000, EDI=b7717918
-1	26889	ld-linux.so.2       	b77017e5	                                        	53                                                	push ebx                                          		EAX=b7717918, ECX=bfcd69b0, EDX=00000010, EBX=00000000, ESP=bfcd6928, EBP=bfcd6998, ESI=b4f8d000, EDI=b7717918
-1	26889	ld-linux.so.2       	b77017e6	                                        	e8 02 b1 00 00                                    	call 0xb770c8ed                                   		EAX=b7717918, ECX=bfcd69b0, EDX=00000010, EBX=00000000, ESP=bfcd6924, EBP=bfcd6998, ESI=b4f8d000, EDI=b7717918
-1	26889	ld-linux.so.2       	b770c8ed	                                        	8b 34 24                                          	mov esi, dword ptr [esp]                          		EAX=b7717918, ECX=bfcd69b0, EDX=00000010, EBX=00000000, ESP=bfcd6920, EBP=bfcd6998, ESI=b4f8d000, EDI=b7717918
-1	26889	ld-linux.so.2       	b770c8f0	                                        	c3                                                	ret                                               		EAX=b7717918, ECX=bfcd69b0, EDX=00000010, EBX=00000000, ESP=bfcd6920, EBP=bfcd6998, ESI=b77017eb, EDI=b7717918
-1	26889	ld-linux.so.2       	b77017eb	                                        	81 c6 15 58 01 00                                 	add esi, 0x15815                                  		EAX=b7717918, ECX=bfcd69b0, EDX=00000010, EBX=00000000, ESP=bfcd6924, EBP=bfcd6998, ESI=b77017eb, EDI=b7717918
-1	26889	ld-linux.so.2       	b77017f1	                                        	83 ec 2c                                          	sub esp, 0x2c                                     		EAX=b7717918, ECX=bfcd69b0, EDX=00000010, EBX=00000000, ESP=bfcd6924, EBP=bfcd6998, ESI=b7717000, EDI=b7717918
-1	26889	ld-linux.so.2       	b77017f4	                                        	8b 4f 7c                                          	mov ecx, dword ptr [edi+0x7c]                     		EAX=b7717918, ECX=bfcd69b0, EDX=00000010, EBX=00000000, ESP=bfcd68f8, EBP=bfcd6998, ESI=b7717000, EDI=b7717918
-1	26889	ld-linux.so.2       	b77017f7	                                        	8b 40 34                                          	mov eax, dword ptr [eax+0x34]                     		EAX=b7717918, ECX=08049f94, EDX=00000010, EBX=00000000, ESP=bfcd68f8, EBP=bfcd6998, ESI=b7717000, EDI=b7717918
-1	26889	ld-linux.so.2       	b77017fa	                                        	89 74 24 08                                       	mov dword ptr [esp+0x8], esi                      		EAX=08049f54, ECX=08049f94, EDX=00000010, EBX=00000000, ESP=bfcd68f8, EBP=bfcd6998, ESI=b7717000, EDI=b7717918
-1	26889	ld-linux.so.2       	b77017fe	                                        	03 51 04                                          	add edx, dword ptr [ecx+0x4]                      		EAX=08049f54, ECX=08049f94, EDX=00000010, EBX=00000000, ESP=bfcd68f8, EBP=bfcd6998, ESI=b7717000, EDI=b7717918
-1	26889	ld-linux.so.2       	b7701801	                                        	8b 40 04                                          	mov eax, dword ptr [eax+0x4]                      		EAX=08049f54, ECX=08049f94, EDX=080482e8, EBX=00000000, ESP=bfcd68f8, EBP=bfcd6998, ESI=b7717000, EDI=b7717918
-1	26889	ld-linux.so.2       	b7701804	                                        	8b 4f 38                                          	mov ecx, dword ptr [edi+0x38]                     		EAX=0804822c, ECX=08049f94, EDX=080482e8, EBX=00000000, ESP=bfcd68f8, EBP=bfcd6998, ESI=b7717000, EDI=b7717918
-1	26889	ld-linux.so.2       	b7701807	                                        	89 44 24 0c                                       	mov dword ptr [esp+0xc], eax                      		EAX=0804822c, ECX=08049f5c, EDX=080482e8, EBX=00000000, ESP=bfcd68f8, EBP=bfcd6998, ESI=b7717000, EDI=b7717918
-1	26889	ld-linux.so.2       	b770180b	                                        	89 d5                                             	mov ebp, edx                                      		EAX=0804822c, ECX=08049f5c, EDX=080482e8, EBX=00000000, ESP=bfcd68f8, EBP=bfcd6998, ESI=b7717000, EDI=b7717918
-1	26889	ld-linux.so.2       	b770180d	                                        	8b 52 04                                          	mov edx, dword ptr [edx+0x4]                      		EAX=0804822c, ECX=08049f5c, EDX=080482e8, EBX=00000000, ESP=bfcd68f8, EBP=080482e8, ESI=b7717000, EDI=b7717918
-1	26889	ld-linux.so.2       	b7701810	                                        	8b 45 00                                          	mov eax, dword ptr [ebp]                          		EAX=0804822c, ECX=08049f5c, EDX=00000407, EBX=00000000, ESP=bfcd68f8, EBP=080482e8, ESI=b7717000, EDI=b7717918
-1	26889	ld-linux.so.2       	b7701813	                                        	89 d6                                             	mov esi, edx                                      		EAX=0804a014, ECX=08049f5c, EDX=00000407, EBX=00000000, ESP=bfcd68f8, EBP=080482e8, ESI=b7717000, EDI=b7717918
-1	26889	ld-linux.so.2       	b7701815	                                        	c1 ee 08                                          	shr esi, 0x8                                      		EAX=0804a014, ECX=08049f5c, EDX=00000407, EBX=00000000, ESP=bfcd68f8, EBP=080482e8, ESI=00000407, EDI=b7717918
-1	26889	ld-linux.so.2       	b7701818	                                        	89 f3                                             	mov ebx, esi                                      		EAX=0804a014, ECX=08049f5c, EDX=00000407, EBX=00000000, ESP=bfcd68f8, EBP=080482e8, ESI=00000004, EDI=b7717918
-1	26889	ld-linux.so.2       	b770181a	                                        	c1 e3 04                                          	shl ebx, 0x4                                      		EAX=0804a014, ECX=08049f5c, EDX=00000407, EBX=00000004, ESP=bfcd68f8, EBP=080482e8, ESI=00000004, EDI=b7717918
-1	26889	ld-linux.so.2       	b770181d	                                        	03 59 04                                          	add ebx, dword ptr [ecx+0x4]                      		EAX=0804a014, ECX=08049f5c, EDX=00000407, EBX=00000040, ESP=bfcd68f8, EBP=080482e8, ESI=00000004, EDI=b7717918
-1	26889	ld-linux.so.2       	b7701820	                                        	8b 0f                                             	mov ecx, dword ptr [edi]                          		EAX=0804a014, ECX=08049f5c, EDX=00000407, EBX=0804820c, ESP=bfcd68f8, EBP=080482e8, ESI=00000004, EDI=b7717918
-1	26889	ld-linux.so.2       	b7701822	                                        	01 c8                                             	add eax, ecx                                      		EAX=0804a014, ECX=00000000, EDX=00000407, EBX=0804820c, ESP=bfcd68f8, EBP=080482e8, ESI=00000004, EDI=b7717918
-1	26889	ld-linux.so.2       	b7701824	                                        	80 fa 07                                          	cmp dl, 0x7                                       		EAX=0804a014, ECX=00000000, EDX=00000407, EBX=0804820c, ESP=bfcd68f8, EBP=080482e8, ESI=00000004, EDI=b7717918
-1	26889	ld-linux.so.2       	b7701827	                                        	89 5c 24 1c                                       	mov dword ptr [esp+0x1c], ebx                     		EAX=0804a014, ECX=00000000, EDX=00000407, EBX=0804820c, ESP=bfcd68f8, EBP=080482e8, ESI=00000004, EDI=b7717918
-1	26889	ld-linux.so.2       	b770182b	                                        	0f 85 3e 01 00 00                                 	jnz 0xb770196f                                    		EAX=0804a014, ECX=00000000, EDX=00000407, EBX=0804820c, ESP=bfcd68f8, EBP=080482e8, ESI=00000004, EDI=b7717918
-1	26889	ld-linux.so.2       	b7701831	                                        	f6 43 0d 03                                       	test byte ptr [ebx+0xd], 0x3                      		EAX=0804a014, ECX=00000000, EDX=00000407, EBX=0804820c, ESP=bfcd68f8, EBP=080482e8, ESI=00000004, EDI=b7717918
-1	26889	ld-linux.so.2       	b7701835	                                        	89 c5                                             	mov ebp, eax                                      		EAX=0804a014, ECX=00000000, EDX=00000407, EBX=0804820c, ESP=bfcd68f8, EBP=080482e8, ESI=00000004, EDI=b7717918
-1	26889	ld-linux.so.2       	b7701837	                                        	0f 85 d3 00 00 00                                 	jnz 0xb7701910                                    		EAX=0804a014, ECX=00000000, EDX=00000407, EBX=0804820c, ESP=bfcd68f8, EBP=0804a014, ESI=00000004, EDI=b7717918
-1	26889	ld-linux.so.2       	b770183d	                                        	8b 97 e4 00 00 00                                 	mov edx, dword ptr [edi+0xe4]                     		EAX=0804a014, ECX=00000000, EDX=00000407, EBX=0804820c, ESP=bfcd68f8, EBP=0804a014, ESI=00000004, EDI=b7717918
-1	26889	ld-linux.so.2       	b7701843	                                        	85 d2                                             	test edx, edx                                     		EAX=0804a014, ECX=00000000, EDX=08049fc4, EBX=0804820c, ESP=bfcd68f8, EBP=0804a014, ESI=00000004, EDI=b7717918
-1	26889	ld-linux.so.2       	b7701845	                                        	0f 84 a5 00 00 00                                 	jz 0xb77018f0                                     		EAX=0804a014, ECX=00000000, EDX=08049fc4, EBX=0804820c, ESP=bfcd68f8, EBP=0804a014, ESI=00000004, EDI=b7717918
-1	26889	ld-linux.so.2       	b770184b	                                        	8b 52 04                                          	mov edx, dword ptr [edx+0x4]                      		EAX=0804a014, ECX=00000000, EDX=08049fc4, EBX=0804820c, ESP=bfcd68f8, EBP=0804a014, ESI=00000004, EDI=b7717918
-1	26889	ld-linux.so.2       	b770184e	                                        	0f b7 14 72                                       	movzx edx, word ptr [edx+esi*2]                   		EAX=0804a014, ECX=00000000, EDX=08048292, EBX=0804820c, ESP=bfcd68f8, EBP=0804a014, ESI=00000004, EDI=b7717918
-1	26889	ld-linux.so.2       	b7701852	                                        	81 e2 ff 7f 00 00                                 	and edx, 0x7fff                                   		EAX=0804a014, ECX=00000000, EDX=00000003, EBX=0804820c, ESP=bfcd68f8, EBP=0804a014, ESI=00000004, EDI=b7717918
-1	26889	ld-linux.so.2       	b7701858	                                        	c1 e2 04                                          	shl edx, 0x4                                      		EAX=0804a014, ECX=00000000, EDX=00000003, EBX=0804820c, ESP=bfcd68f8, EBP=0804a014, ESI=00000004, EDI=b7717918
-1	26889	ld-linux.so.2       	b770185b	                                        	03 97 70 01 00 00                                 	add edx, dword ptr [edi+0x170]                    		EAX=0804a014, ECX=00000000, EDX=00000030, EBX=0804820c, ESP=bfcd68f8, EBP=0804a014, ESI=00000004, EDI=b7717918
-1	26889	ld-linux.so.2       	b7701861	                                        	8b 4a 04                                          	mov ecx, dword ptr [edx+0x4]                      		EAX=0804a014, ECX=00000000, EDX=b50284b0, EBX=0804820c, ESP=bfcd68f8, EBP=0804a014, ESI=00000004, EDI=b7717918
-1	26889	ld-linux.so.2       	b7701864	                                        	85 c9                                             	test ecx, ecx                                     		EAX=0804a014, ECX=0d696910, EDX=b50284b0, EBX=0804820c, ESP=bfcd68f8, EBP=0804a014, ESI=00000004, EDI=b7717918
-1	26889	ld-linux.so.2       	b7701866	                                        	b9 00 00 00 00                                    	mov ecx, 0x0                                      		EAX=0804a014, ECX=0d696910, EDX=b50284b0, EBX=0804820c, ESP=bfcd68f8, EBP=0804a014, ESI=00000004, EDI=b7717918
-1	26889	ld-linux.so.2       	b770186b	                                        	0f 44 d1                                          	cmovz edx, ecx                                    		EAX=0804a014, ECX=00000000, EDX=b50284b0, EBX=0804820c, ESP=bfcd68f8, EBP=0804a014, ESI=00000004, EDI=b7717918
-1	26889	ld-linux.so.2       	b770186e	                                        	65 8b 0d 0c 00 00 00                              	mov ecx, dword ptr gs:[0xc]                       		EAX=0804a014, ECX=00000000, EDX=b50284b0, EBX=0804820c, ESP=bfcd68f8, EBP=0804a014, ESI=00000004, EDI=b7717918
-1	26889	ld-linux.so.2       	b7701875	                                        	85 c9                                             	test ecx, ecx                                     		EAX=0804a014, ECX=00000000, EDX=b50284b0, EBX=0804820c, ESP=bfcd68f8, EBP=0804a014, ESI=00000004, EDI=b7717918
-1	26889	ld-linux.so.2       	b7701877	                                        	be 01 00 00 00                                    	mov esi, 0x1                                      		EAX=0804a014, ECX=00000000, EDX=b50284b0, EBX=0804820c, ESP=bfcd68f8, EBP=0804a014, ESI=00000004, EDI=b7717918
-1	26889	ld-linux.so.2       	b770187c	                                        	0f 85 ce 00 00 00                                 	jnz 0xb7701950                                    		EAX=0804a014, ECX=00000000, EDX=b50284b0, EBX=0804820c, ESP=bfcd68f8, EBP=0804a014, ESI=00000001, EDI=b7717918
-1	26889	ld-linux.so.2       	b7701882	                                        	8b 44 24 0c                                       	mov eax, dword ptr [esp+0xc]                      		EAX=0804a014, ECX=00000000, EDX=b50284b0, EBX=0804820c, ESP=bfcd68f8, EBP=0804a014, ESI=00000001, EDI=b7717918
-1	26889	ld-linux.so.2       	b7701886	                                        	03 03                                             	add eax, dword ptr [ebx]                          		EAX=0804822c, ECX=00000000, EDX=b50284b0, EBX=0804820c, ESP=bfcd68f8, EBP=0804a014, ESI=00000001, EDI=b7717918
-1	26889	ld-linux.so.2       	b7701888	                                        	8d 4c 24 1c                                       	lea ecx, ptr [esp+0x1c]                           		EAX=08048257, ECX=00000000, EDX=b50284b0, EBX=0804820c, ESP=bfcd68f8, EBP=0804a014, ESI=00000001, EDI=b7717918
-1	26889	ld-linux.so.2       	b770188c	                                        	83 ec 0c                                          	sub esp, 0xc                                      		EAX=08048257, ECX=bfcd6914, EDX=b50284b0, EBX=0804820c, ESP=bfcd68f8, EBP=0804a014, ESI=00000001, EDI=b7717918
-1	26889	ld-linux.so.2       	b770188f	                                        	6a 00                                             	push 0x0                                          		EAX=08048257, ECX=bfcd6914, EDX=b50284b0, EBX=0804820c, ESP=bfcd68ec, EBP=0804a014, ESI=00000001, EDI=b7717918
-1	26889	ld-linux.so.2       	b7701891	                                        	56                                                	push esi                                          		EAX=08048257, ECX=bfcd6914, EDX=b50284b0, EBX=0804820c, ESP=bfcd68e8, EBP=0804a014, ESI=00000001, EDI=b7717918
-1	26889	ld-linux.so.2       	b7701892	                                        	6a 01                                             	push 0x1                                          		EAX=08048257, ECX=bfcd6914, EDX=b50284b0, EBX=0804820c, ESP=bfcd68e4, EBP=0804a014, ESI=00000001, EDI=b7717918
-1	26889	ld-linux.so.2       	b7701894	                                        	52                                                	push edx                                          		EAX=08048257, ECX=bfcd6914, EDX=b50284b0, EBX=0804820c, ESP=bfcd68e0, EBP=0804a014, ESI=00000001, EDI=b7717918
-1	26889	ld-linux.so.2       	b7701895	                                        	89 fa                                             	mov edx, edi                                      		EAX=08048257, ECX=bfcd6914, EDX=b50284b0, EBX=0804820c, ESP=bfcd68dc, EBP=0804a014, ESI=00000001, EDI=b7717918
-1	26889	ld-linux.so.2       	b7701897	                                        	ff b7 cc 01 00 00                                 	push dword ptr [edi+0x1cc]                        		EAX=08048257, ECX=bfcd6914, EDX=b7717918, EBX=0804820c, ESP=bfcd68dc, EBP=0804a014, ESI=00000001, EDI=b7717918
-1	26889	ld-linux.so.2       	b770189d	                                        	e8 be b1 ff ff                                    	call 0xb76fca60                                   		EAX=08048257, ECX=bfcd6914, EDX=b7717918, EBX=0804820c, ESP=bfcd68d8, EBP=0804a014, ESI=00000001, EDI=b7717918
-1	26889	ld-linux.so.2       	b77018a2	                                        	89 c7                                             	mov edi, eax                                      		EAX=b50281b0, ECX=b4ded2ef, EDX=b4de4e98, EBX=0804820c, ESP=bfcd68ec, EBP=0804a014, ESI=00000001, EDI=b7717918
-1	26889	ld-linux.so.2       	b77018a4	                                        	65 a1 0c 00 00 00                                 	mov eax, dword ptr gs:[0xc]                       		EAX=b50281b0, ECX=b4ded2ef, EDX=b4de4e98, EBX=0804820c, ESP=bfcd68ec, EBP=0804a014, ESI=00000001, EDI=b50281b0
-1	26889	ld-linux.so.2       	b77018aa	                                        	83 c4 0c                                          	add esp, 0xc                                      		EAX=00000000, ECX=b4ded2ef, EDX=b4de4e98, EBX=0804820c, ESP=bfcd68ec, EBP=0804a014, ESI=00000001, EDI=b50281b0
-1	26889	ld-linux.so.2       	b77018ad	                                        	85 c0                                             	test eax, eax                                     		EAX=00000000, ECX=b4ded2ef, EDX=b4de4e98, EBX=0804820c, ESP=bfcd68f8, EBP=0804a014, ESI=00000001, EDI=b50281b0
-1	26889	ld-linux.so.2       	b77018af	                                        	75 67                                             	jnz 0xb7701918                                    		EAX=00000000, ECX=b4ded2ef, EDX=b4de4e98, EBX=0804820c, ESP=bfcd68f8, EBP=0804a014, ESI=00000001, EDI=b50281b0
-1	26889	ld-linux.so.2       	b77018b1	                                        	8b 5c 24 1c                                       	mov ebx, dword ptr [esp+0x1c]                     		EAX=00000000, ECX=b4ded2ef, EDX=b4de4e98, EBX=0804820c, ESP=bfcd68f8, EBP=0804a014, ESI=00000001, EDI=b50281b0
-1	26889	ld-linux.so.2       	b77018b5	                                        	85 db                                             	test ebx, ebx                                     		EAX=00000000, ECX=b4ded2ef, EDX=b4de4e98, EBX=b4de4e98, ESP=bfcd68f8, EBP=0804a014, ESI=00000001, EDI=b50281b0
-1	26889	ld-linux.so.2       	b77018b7	                                        	74 47                                             	jz 0xb7701900                                     		EAX=00000000, ECX=b4ded2ef, EDX=b4de4e98, EBX=b4de4e98, ESP=bfcd68f8, EBP=0804a014, ESI=00000001, EDI=b50281b0
-1	26889	ld-linux.so.2       	b77018b9	                                        	85 ff                                             	test edi, edi                                     		EAX=00000000, ECX=b4ded2ef, EDX=b4de4e98, EBX=b4de4e98, ESP=bfcd68f8, EBP=0804a014, ESI=00000001, EDI=b50281b0
-1	26889	ld-linux.so.2       	b77018bb	                                        	74 4b                                             	jz 0xb7701908                                     		EAX=00000000, ECX=b4ded2ef, EDX=b4de4e98, EBX=b4de4e98, ESP=bfcd68f8, EBP=0804a014, ESI=00000001, EDI=b50281b0
-1	26889	ld-linux.so.2       	b77018bd	                                        	8b 07                                             	mov eax, dword ptr [edi]                          		EAX=00000000, ECX=b4ded2ef, EDX=b4de4e98, EBX=b4de4e98, ESP=bfcd68f8, EBP=0804a014, ESI=00000001, EDI=b50281b0
-1	26889	ld-linux.so.2       	b77018bf	                                        	0f b6 53 0c                                       	movzx edx, byte ptr [ebx+0xc]                     		EAX=b4dda000, ECX=b4ded2ef, EDX=b4de4e98, EBX=b4de4e98, ESP=bfcd68f8, EBP=0804a014, ESI=00000001, EDI=b50281b0
-1	26889	ld-linux.so.2       	b77018c3	                                        	03 43 04                                          	add eax, dword ptr [ebx+0x4]                      		EAX=b4dda000, ECX=b4ded2ef, EDX=00000012, EBX=b4de4e98, ESP=bfcd68f8, EBP=0804a014, ESI=00000001, EDI=b50281b0
-1	26889	ld-linux.so.2       	b77018c6	                                        	83 e2 0f                                          	and edx, 0xf                                      		EAX=b4e07260, ECX=b4ded2ef, EDX=00000012, EBX=b4de4e98, ESP=bfcd68f8, EBP=0804a014, ESI=00000001, EDI=b50281b0
-1	26889	ld-linux.so.2       	b77018c9	                                        	80 fa 0a                                          	cmp dl, 0xa                                       		EAX=b4e07260, ECX=b4ded2ef, EDX=00000002, EBX=b4de4e98, ESP=bfcd68f8, EBP=0804a014, ESI=00000001, EDI=b50281b0
-1	26889	ld-linux.so.2       	b77018cc	                                        	0f 84 96 00 00 00                                 	jz 0xb7701968                                     		EAX=b4e07260, ECX=b4ded2ef, EDX=00000002, EBX=b4de4e98, ESP=bfcd68f8, EBP=0804a014, ESI=00000001, EDI=b50281b0
-1	26889	ld-linux.so.2       	b77018d2	                                        	8b 74 24 08                                       	mov esi, dword ptr [esp+0x8]                      		EAX=b4e07260, ECX=b4ded2ef, EDX=00000002, EBX=b4de4e98, ESP=bfcd68f8, EBP=0804a014, ESI=00000001, EDI=b50281b0
-1	26889	ld-linux.so.2       	b77018d6	                                        	8b 96 30 fd ff ff                                 	mov edx, dword ptr [esi-0x2d0]                    		EAX=b4e07260, ECX=b4ded2ef, EDX=00000002, EBX=b4de4e98, ESP=bfcd68f8, EBP=0804a014, ESI=b7717000, EDI=b50281b0
-1	26889	ld-linux.so.2       	b77018dc	                                        	85 d2                                             	test edx, edx                                     		EAX=b4e07260, ECX=b4ded2ef, EDX=00000000, EBX=b4de4e98, ESP=bfcd68f8, EBP=0804a014, ESI=b7717000, EDI=b50281b0
-1	26889	ld-linux.so.2       	b77018de	                                        	75 03                                             	jnz 0xb77018e3                                    		EAX=b4e07260, ECX=b4ded2ef, EDX=00000000, EBX=b4de4e98, ESP=bfcd68f8, EBP=0804a014, ESI=b7717000, EDI=b50281b0
-1	26889	ld-linux.so.2       	b77018e0	                                        	89 45 00                                          	mov dword ptr [ebp], eax                          		EAX=b4e07260, ECX=b4ded2ef, EDX=00000000, EBX=b4de4e98, ESP=bfcd68f8, EBP=0804a014, ESI=b7717000, EDI=b50281b0
-1	26889	ld-linux.so.2       	b77018e3	                                        	83 c4 2c                                          	add esp, 0x2c                                     		EAX=b4e07260, ECX=b4ded2ef, EDX=00000000, EBX=b4de4e98, ESP=bfcd68f8, EBP=0804a014, ESI=b7717000, EDI=b50281b0
-1	26889	ld-linux.so.2       	b77018e6	                                        	5b                                                	pop ebx                                           		EAX=b4e07260, ECX=b4ded2ef, EDX=00000000, EBX=b4de4e98, ESP=bfcd6924, EBP=0804a014, ESI=b7717000, EDI=b50281b0
-1	26889	ld-linux.so.2       	b77018e7	                                        	5e                                                	pop esi                                           		EAX=b4e07260, ECX=b4ded2ef, EDX=00000000, EBX=00000000, ESP=bfcd6928, EBP=0804a014, ESI=b7717000, EDI=b50281b0
-1	26889	ld-linux.so.2       	b77018e8	                                        	5f                                                	pop edi                                           		EAX=b4e07260, ECX=b4ded2ef, EDX=00000000, EBX=00000000, ESP=bfcd692c, EBP=0804a014, ESI=b4f8d000, EDI=b50281b0
-1	26889	ld-linux.so.2       	b77018e9	                                        	5d                                                	pop ebp                                           		EAX=b4e07260, ECX=b4ded2ef, EDX=00000000, EBX=00000000, ESP=bfcd6930, EBP=0804a014, ESI=b4f8d000, EDI=b4f8d000
-1	26889	ld-linux.so.2       	b77018ea	                                        	c3                                                	ret                                               		EAX=b4e07260, ECX=b4ded2ef, EDX=00000000, EBX=00000000, ESP=bfcd6934, EBP=bfcd6998, ESI=b4f8d000, EDI=b4f8d000
-1	26889	ld-linux.so.2       	b7708010	                                        	5a                                                	pop edx                                           		EAX=b4e07260, ECX=b4ded2ef, EDX=00000000, EBX=00000000, ESP=bfcd6938, EBP=bfcd6998, ESI=b4f8d000, EDI=b4f8d000
-1	26889	ld-linux.so.2       	b7708011	                                        	8b 0c 24                                          	mov ecx, dword ptr [esp]                          		EAX=b4e07260, ECX=b4ded2ef, EDX=bfcd69d4, EBX=00000000, ESP=bfcd693c, EBP=bfcd6998, ESI=b4f8d000, EDI=b4f8d000
-1	26889	ld-linux.so.2       	b7708014	                                        	89 04 24                                          	mov dword ptr [esp], eax                          		EAX=b4e07260, ECX=bfcd69b0, EDX=bfcd69d4, EBX=00000000, ESP=bfcd693c, EBP=bfcd6998, ESI=b4f8d000, EDI=b4f8d000
-1	26889	ld-linux.so.2       	b7708017	                                        	8b 44 24 04                                       	mov eax, dword ptr [esp+0x4]                      		EAX=b4e07260, ECX=bfcd69b0, EDX=bfcd69d4, EBX=00000000, ESP=bfcd693c, EBP=bfcd6998, ESI=b4f8d000, EDI=b4f8d000
-1	26889	ld-linux.so.2       	b770801b	                                        	c2 0c 00                                          	ret 0xc                                           		EAX=bfcd84e6, ECX=bfcd69b0, EDX=bfcd69d4, EBX=00000000, ESP=bfcd693c, EBP=bfcd6998, ESI=b4f8d000, EDI=b4f8d000
-1	26889	libc.so.6           	b4e07260	                                        	83 ec 10                                          	sub esp, 0x10                                     		EAX=bfcd84e6, ECX=bfcd69b0, EDX=bfcd69d4, EBX=00000000, ESP=bfcd694c, EBP=bfcd6998, ESI=b4f8d000, EDI=b4f8d000
-1	26889	libc.so.6           	b4e07263	                                        	6a 0a                                             	push 0xa                                          		EAX=bfcd84e6, ECX=bfcd69b0, EDX=bfcd69d4, EBX=00000000, ESP=bfcd693c, EBP=bfcd6998, ESI=b4f8d000, EDI=b4f8d000
-1	26889	libc.so.6           	b4e07265	                                        	6a 00                                             	push 0x0                                          		EAX=bfcd84e6, ECX=bfcd69b0, EDX=bfcd69d4, EBX=00000000, ESP=bfcd6938, EBP=bfcd6998, ESI=b4f8d000, EDI=b4f8d000
-1	26889	libc.so.6           	b4e07267	                                        	ff 74 24 1c                                       	push dword ptr [esp+0x1c]                         		EAX=bfcd84e6, ECX=bfcd69b0, EDX=bfcd69d4, EBX=00000000, ESP=bfcd6934, EBP=bfcd6998, ESI=b4f8d000, EDI=b4f8d000
-1	26889	libc.so.6           	b4e0726b	                                        	e8 90 2c 00 00                                    	call 0xb4e09f00                                   		EAX=bfcd84e6, ECX=bfcd69b0, EDX=bfcd69d4, EBX=00000000, ESP=bfcd6930, EBP=bfcd6998, ESI=b4f8d000, EDI=b4f8d000
-1	26889	libc.so.6           	b4e09f00	atoi                                    	e8 74 fd 0e 00                                    	call 0xb4ef9c79                                   		EAX=bfcd84e6, ECX=bfcd69b0, EDX=bfcd69d4, EBX=00000000, ESP=bfcd692c, EBP=bfcd6998, ESI=b4f8d000, EDI=b4f8d000
-1	26889	libc.so.6           	b4ef9c79	strtol                                  	8b 04 24                                          	mov eax, dword ptr [esp]                          		EAX=bfcd84e6, ECX=bfcd69b0, EDX=bfcd69d4, EBX=00000000, ESP=bfcd6928, EBP=bfcd6998, ESI=b4f8d000, EDI=b4f8d000
-1	26889	libc.so.6           	b4ef9c7c	                                        	c3                                                	ret                                               		EAX=b4e09f05, ECX=bfcd69b0, EDX=bfcd69d4, EBX=00000000, ESP=bfcd6928, EBP=bfcd6998, ESI=b4f8d000, EDI=b4f8d000
-1	26889	libc.so.6           	b4e09f05	                                        	05 fb 30 18 00                                    	add eax, 0x1830fb                                 		EAX=b4e09f05, ECX=bfcd69b0, EDX=bfcd69d4, EBX=00000000, ESP=bfcd692c, EBP=bfcd6998, ESI=b4f8d000, EDI=b4f8d000
-1	26889	libc.so.6           	b4e09f0a	                                        	83 ec 18                                          	sub esp, 0x18                                     		EAX=b4f8d000, ECX=bfcd69b0, EDX=bfcd69d4, EBX=00000000, ESP=bfcd692c, EBP=bfcd6998, ESI=b4f8d000, EDI=b4f8d000
-1	26889	libc.so.6           	b4e09f0d	                                        	65 8b 15 00 00 00 00                              	mov edx, dword ptr gs:[0x0]                       		EAX=b4f8d000, ECX=bfcd69b0, EDX=bfcd69d4, EBX=00000000, ESP=bfcd6914, EBP=bfcd6998, ESI=b4f8d000, EDI=b4f8d000
-1	26889	libc.so.6           	b4e09f14	                                        	8b 80 d0 fe ff ff                                 	mov eax, dword ptr [eax-0x130]                    		EAX=b4f8d000, ECX=bfcd69b0, EDX=b4dc6700, EBX=00000000, ESP=bfcd6914, EBP=bfcd6998, ESI=b4f8d000, EDI=b4f8d000
-1	26889	libc.so.6           	b4e09f1a	                                        	ff 34 02                                          	push dword ptr [edx+eax*1]                        		EAX=ffffffb8, ECX=bfcd69b0, EDX=b4dc6700, EBX=00000000, ESP=bfcd6914, EBP=bfcd6998, ESI=b4f8d000, EDI=b4f8d000
-1	26889	libc.so.6           	b4e09f1d	                                        	6a 00                                             	push 0x0                                          		EAX=ffffffb8, ECX=bfcd69b0, EDX=b4dc6700, EBX=00000000, ESP=bfcd6910, EBP=bfcd6998, ESI=b4f8d000, EDI=b4f8d000
-1	26889	libc.so.6           	b4e09f1f	                                        	ff 74 24 2c                                       	push dword ptr [esp+0x2c]                         		EAX=ffffffb8, ECX=bfcd69b0, EDX=b4dc6700, EBX=00000000, ESP=bfcd690c, EBP=bfcd6998, ESI=b4f8d000, EDI=b4f8d000
-1	26889	libc.so.6           	b4e09f23	                                        	ff 74 24 2c                                       	push dword ptr [esp+0x2c]                         		EAX=ffffffb8, ECX=bfcd69b0, EDX=b4dc6700, EBX=00000000, ESP=bfcd6908, EBP=bfcd6998, ESI=b4f8d000, EDI=b4f8d000
-1	26889	libc.so.6           	b4e09f27	                                        	ff 74 24 2c                                       	push dword ptr [esp+0x2c]                         		EAX=ffffffb8, ECX=bfcd69b0, EDX=b4dc6700, EBX=00000000, ESP=bfcd6904, EBP=bfcd6998, ESI=b4f8d000, EDI=b4f8d000
-1	26889	libc.so.6           	b4e09f2b	                                        	e8 90 01 00 00                                    	call 0xb4e0a0c0                                   		EAX=ffffffb8, ECX=bfcd69b0, EDX=b4dc6700, EBX=00000000, ESP=bfcd6900, EBP=bfcd6998, ESI=b4f8d000, EDI=b4f8d000
-1	26889	libc.so.6           	b4e0a0c0	                                        	55                                                	push ebp                                          		EAX=ffffffb8, ECX=bfcd69b0, EDX=b4dc6700, EBX=00000000, ESP=bfcd68fc, EBP=bfcd6998, ESI=b4f8d000, EDI=b4f8d000
-1	26889	libc.so.6           	b4e0a0c1	                                        	57                                                	push edi                                          		EAX=ffffffb8, ECX=bfcd69b0, EDX=b4dc6700, EBX=00000000, ESP=bfcd68f8, EBP=bfcd6998, ESI=b4f8d000, EDI=b4f8d000
-1	26889	libc.so.6           	b4e0a0c2	                                        	56                                                	push esi                                          		EAX=ffffffb8, ECX=bfcd69b0, EDX=b4dc6700, EBX=00000000, ESP=bfcd68f4, EBP=bfcd6998, ESI=b4f8d000, EDI=b4f8d000
-1	26889	libc.so.6           	b4e0a0c3	                                        	53                                                	push ebx                                          		EAX=ffffffb8, ECX=bfcd69b0, EDX=b4dc6700, EBX=00000000, ESP=bfcd68f0, EBP=bfcd6998, ESI=b4f8d000, EDI=b4f8d000
-1	26889	libc.so.6           	b4e0a0c4	                                        	e8 b0 fb 0e 00                                    	call 0xb4ef9c79                                   		EAX=ffffffb8, ECX=bfcd69b0, EDX=b4dc6700, EBX=00000000, ESP=bfcd68ec, EBP=bfcd6998, ESI=b4f8d000, EDI=b4f8d000
-1	26889	libc.so.6           	b4ef9c79	                                        	8b 04 24                                          	mov eax, dword ptr [esp]                          		EAX=ffffffb8, ECX=bfcd69b0, EDX=b4dc6700, EBX=00000000, ESP=bfcd68e8, EBP=bfcd6998, ESI=b4f8d000, EDI=b4f8d000
-1	26889	libc.so.6           	b4ef9c7c	                                        	c3                                                	ret                                               		EAX=b4e0a0c9, ECX=bfcd69b0, EDX=b4dc6700, EBX=00000000, ESP=bfcd68e8, EBP=bfcd6998, ESI=b4f8d000, EDI=b4f8d000
-1	26889	libc.so.6           	b4e0a0c9	                                        	05 37 2f 18 00                                    	add eax, 0x182f37                                 		EAX=b4e0a0c9, ECX=bfcd69b0, EDX=b4dc6700, EBX=00000000, ESP=bfcd68ec, EBP=bfcd6998, ESI=b4f8d000, EDI=b4f8d000
-1	26889	libc.so.6           	b4e0a0ce	                                        	83 ec 3c                                          	sub esp, 0x3c                                     		EAX=b4f8d000, ECX=bfcd69b0, EDX=b4dc6700, EBX=00000000, ESP=bfcd68ec, EBP=bfcd6998, ESI=b4f8d000, EDI=b4f8d000
-1	26889	libc.so.6           	b4e0a0d1	                                        	8b 54 24 5c                                       	mov edx, dword ptr [esp+0x5c]                     		EAX=b4f8d000, ECX=bfcd69b0, EDX=b4dc6700, EBX=00000000, ESP=bfcd68b0, EBP=bfcd6998, ESI=b4f8d000, EDI=b4f8d000
-1	26889	libc.so.6           	b4e0a0d5	                                        	89 44 24 10                                       	mov dword ptr [esp+0x10], eax                     		EAX=b4f8d000, ECX=bfcd69b0, EDX=00000000, EBX=00000000, ESP=bfcd68b0, EBP=bfcd6998, ESI=b4f8d000, EDI=b4f8d000
-1	26889	libc.so.6           	b4e0a0d9	                                        	8b 44 24 60                                       	mov eax, dword ptr [esp+0x60]                     		EAX=b4f8d000, ECX=bfcd69b0, EDX=00000000, EBX=00000000, ESP=bfcd68b0, EBP=bfcd6998, ESI=b4f8d000, EDI=b4f8d000
-1	26889	libc.so.6           	b4e0a0dd	                                        	85 d2                                             	test edx, edx                                     		EAX=b4f8dc20, ECX=bfcd69b0, EDX=00000000, EBX=00000000, ESP=bfcd68b0, EBP=bfcd6998, ESI=b4f8d000, EDI=b4f8d000
-1	26889	libc.so.6           	b4e0a0df	                                        	74 1f                                             	jz 0xb4e0a100                                     		EAX=b4f8dc20, ECX=bfcd69b0, EDX=00000000, EBX=00000000, ESP=bfcd68b0, EBP=bfcd6998, ESI=b4f8d000, EDI=b4f8d000
-1	26889	libc.so.6           	b4e0a100	                                        	c7 44 24 0c 00 00 00 00                           	mov dword ptr [esp+0xc], 0x0                      		EAX=b4f8dc20, ECX=bfcd69b0, EDX=00000000, EBX=00000000, ESP=bfcd68b0, EBP=bfcd6998, ESI=b4f8d000, EDI=b4f8d000
-1	26889	libc.so.6           	b4e0a108	                                        	31 db                                             	xor ebx, ebx                                      		EAX=b4f8dc20, ECX=bfcd69b0, EDX=00000000, EBX=00000000, ESP=bfcd68b0, EBP=bfcd6998, ESI=b4f8d000, EDI=b4f8d000
-1	26889	libc.so.6           	b4e0a10a	                                        	83 7c 24 58 01                                    	cmp dword ptr [esp+0x58], 0x1                     		EAX=b4f8dc20, ECX=bfcd69b0, EDX=00000000, EBX=00000000, ESP=bfcd68b0, EBP=bfcd6998, ESI=b4f8d000, EDI=b4f8d000
-1	26889	libc.so.6           	b4e0a10f	                                        	0f 84 cb 00 00 00                                 	jz 0xb4e0a1e0                                     		EAX=b4f8dc20, ECX=bfcd69b0, EDX=00000000, EBX=00000000, ESP=bfcd68b0, EBP=bfcd6998, ESI=b4f8d000, EDI=b4f8d000
-1	26889	libc.so.6           	b4e0a115	                                        	83 7c 24 58 24                                    	cmp dword ptr [esp+0x58], 0x24                    		EAX=b4f8dc20, ECX=bfcd69b0, EDX=00000000, EBX=00000000, ESP=bfcd68b0, EBP=bfcd6998, ESI=b4f8d000, EDI=b4f8d000
-1	26889	libc.so.6           	b4e0a11a	                                        	0f 87 c0 00 00 00                                 	jnbe 0xb4e0a1e0                                   		EAX=b4f8dc20, ECX=bfcd69b0, EDX=00000000, EBX=00000000, ESP=bfcd68b0, EBP=bfcd6998, ESI=b4f8d000, EDI=b4f8d000
-1	26889	libc.so.6           	b4e0a120	                                        	8b 48 34                                          	mov ecx, dword ptr [eax+0x34]                     		EAX=b4f8dc20, ECX=bfcd69b0, EDX=00000000, EBX=00000000, ESP=bfcd68b0, EBP=bfcd6998, ESI=b4f8d000, EDI=b4f8d000
-1	26889	libc.so.6           	b4e0a123	                                        	8b 44 24 50                                       	mov eax, dword ptr [esp+0x50]                     		EAX=b4f8dc20, ECX=b4f20820, EDX=00000000, EBX=00000000, ESP=bfcd68b0, EBP=bfcd6998, ESI=b4f8d000, EDI=b4f8d000
-1	26889	libc.so.6           	b4e0a127	                                        	8b 74 24 50                                       	mov esi, dword ptr [esp+0x50]                     		EAX=bfcd84e6, ECX=b4f20820, EDX=00000000, EBX=00000000, ESP=bfcd68b0, EBP=bfcd6998, ESI=b4f8d000, EDI=b4f8d000
-1	26889	libc.so.6           	b4e0a12b	                                        	0f be 10                                          	movsx edx, byte ptr [eax]                         		EAX=bfcd84e6, ECX=b4f20820, EDX=00000000, EBX=00000000, ESP=bfcd68b0, EBP=bfcd6998, ESI=bfcd84e6, EDI=b4f8d000
-1	26889	libc.so.6           	b4e0a12e	                                        	f6 44 51 01 20                                    	test byte ptr [ecx+edx*2+0x1], 0x20               		EAX=bfcd84e6, ECX=b4f20820, EDX=00000034, EBX=00000000, ESP=bfcd68b0, EBP=bfcd6998, ESI=bfcd84e6, EDI=b4f8d000
-1	26889	libc.so.6           	b4e0a133	                                        	89 d0                                             	mov eax, edx                                      		EAX=bfcd84e6, ECX=b4f20820, EDX=00000034, EBX=00000000, ESP=bfcd68b0, EBP=bfcd6998, ESI=bfcd84e6, EDI=b4f8d000
-1	26889	libc.so.6           	b4e0a135	                                        	74 18                                             	jz 0xb4e0a14f                                     		EAX=00000034, ECX=b4f20820, EDX=00000034, EBX=00000000, ESP=bfcd68b0, EBP=bfcd6998, ESI=bfcd84e6, EDI=b4f8d000
-1	26889	libc.so.6           	b4e0a14f	                                        	84 c0                                             	test al, al                                       		EAX=00000034, ECX=b4f20820, EDX=00000034, EBX=00000000, ESP=bfcd68b0, EBP=bfcd6998, ESI=bfcd84e6, EDI=b4f8d000
-1	26889	libc.so.6           	b4e0a151	                                        	0f 84 c9 00 00 00                                 	jz 0xb4e0a220                                     		EAX=00000034, ECX=b4f20820, EDX=00000034, EBX=00000000, ESP=bfcd68b0, EBP=bfcd6998, ESI=bfcd84e6, EDI=b4f8d000
-1	26889	libc.so.6           	b4e0a157	                                        	3c 2d                                             	cmp al, 0x2d                                      		EAX=00000034, ECX=b4f20820, EDX=00000034, EBX=00000000, ESP=bfcd68b0, EBP=bfcd6998, ESI=bfcd84e6, EDI=b4f8d000
-1	26889	libc.so.6           	b4e0a159	                                        	0f 84 b1 03 00 00                                 	jz 0xb4e0a510                                     		EAX=00000034, ECX=b4f20820, EDX=00000034, EBX=00000000, ESP=bfcd68b0, EBP=bfcd6998, ESI=bfcd84e6, EDI=b4f8d000
-1	26889	libc.so.6           	b4e0a15f	                                        	3c 2b                                             	cmp al, 0x2b                                      		EAX=00000034, ECX=b4f20820, EDX=00000034, EBX=00000000, ESP=bfcd68b0, EBP=bfcd6998, ESI=bfcd84e6, EDI=b4f8d000
-1	26889	libc.so.6           	b4e0a161	                                        	c7 44 24 28 00 00 00 00                           	mov dword ptr [esp+0x28], 0x0                     		EAX=00000034, ECX=b4f20820, EDX=00000034, EBX=00000000, ESP=bfcd68b0, EBP=bfcd6998, ESI=bfcd84e6, EDI=b4f8d000
-1	26889	libc.so.6           	b4e0a169	                                        	0f 94 c0                                          	setz al                                           		EAX=00000034, ECX=b4f20820, EDX=00000034, EBX=00000000, ESP=bfcd68b0, EBP=bfcd6998, ESI=bfcd84e6, EDI=b4f8d000
-1	26889	libc.so.6           	b4e0a16c	                                        	0f b6 c0                                          	movzx eax, al                                     		EAX=00000000, ECX=b4f20820, EDX=00000034, EBX=00000000, ESP=bfcd68b0, EBP=bfcd6998, ESI=bfcd84e6, EDI=b4f8d000
-1	26889	libc.so.6           	b4e0a16f	                                        	01 c6                                             	add esi, eax                                      		EAX=00000000, ECX=b4f20820, EDX=00000034, EBX=00000000, ESP=bfcd68b0, EBP=bfcd6998, ESI=bfcd84e6, EDI=b4f8d000
-1	26889	libc.so.6           	b4e0a171	                                        	0f b6 2e                                          	movzx ebp, byte ptr [esi]                         		EAX=00000000, ECX=b4f20820, EDX=00000034, EBX=00000000, ESP=bfcd68b0, EBP=bfcd6998, ESI=bfcd84e6, EDI=b4f8d000
-1	26889	libc.so.6           	b4e0a174	                                        	89 e8                                             	mov eax, ebp                                      		EAX=00000000, ECX=b4f20820, EDX=00000034, EBX=00000000, ESP=bfcd68b0, EBP=00000034, ESI=bfcd84e6, EDI=b4f8d000
-1	26889	libc.so.6           	b4e0a176	                                        	3c 30                                             	cmp al, 0x30                                      		EAX=00000034, ECX=b4f20820, EDX=00000034, EBX=00000000, ESP=bfcd68b0, EBP=00000034, ESI=bfcd84e6, EDI=b4f8d000
-1	26889	libc.so.6           	b4e0a178	                                        	0f 84 e9 00 00 00                                 	jz 0xb4e0a267                                     		EAX=00000034, ECX=b4f20820, EDX=00000034, EBX=00000000, ESP=bfcd68b0, EBP=00000034, ESI=bfcd84e6, EDI=b4f8d000
-1	26889	libc.so.6           	b4e0a17e	                                        	8b 44 24 58                                       	mov eax, dword ptr [esp+0x58]                     		EAX=00000034, ECX=b4f20820, EDX=00000034, EBX=00000000, ESP=bfcd68b0, EBP=00000034, ESI=bfcd84e6, EDI=b4f8d000
-1	26889	libc.so.6           	b4e0a182	                                        	85 c0                                             	test eax, eax                                     		EAX=0000000a, ECX=b4f20820, EDX=00000034, EBX=00000000, ESP=bfcd68b0, EBP=00000034, ESI=bfcd84e6, EDI=b4f8d000
-1	26889	libc.so.6           	b4e0a184	                                        	0f 85 eb 00 00 00                                 	jnz 0xb4e0a275                                    		EAX=0000000a, ECX=b4f20820, EDX=00000034, EBX=00000000, ESP=bfcd68b0, EBP=00000034, ESI=bfcd84e6, EDI=b4f8d000
-1	26889	libc.so.6           	b4e0a275	                                        	83 7c 24 58 0a                                    	cmp dword ptr [esp+0x58], 0xa                     		EAX=0000000a, ECX=b4f20820, EDX=00000034, EBX=00000000, ESP=bfcd68b0, EBP=00000034, ESI=bfcd84e6, EDI=b4f8d000
-1	26889	libc.so.6           	b4e0a27a	                                        	0f 84 0a ff ff ff                                 	jz 0xb4e0a18a                                     		EAX=0000000a, ECX=b4f20820, EDX=00000034, EBX=00000000, ESP=bfcd68b0, EBP=00000034, ESI=bfcd84e6, EDI=b4f8d000
-1	26889	libc.so.6           	b4e0a18a	                                        	8b 7c 24 0c                                       	mov edi, dword ptr [esp+0xc]                      		EAX=0000000a, ECX=b4f20820, EDX=00000034, EBX=00000000, ESP=bfcd68b0, EBP=00000034, ESI=bfcd84e6, EDI=b4f8d000
-1	26889	libc.so.6           	b4e0a18e	                                        	85 ff                                             	test edi, edi                                     		EAX=0000000a, ECX=b4f20820, EDX=00000034, EBX=00000000, ESP=bfcd68b0, EBP=00000034, ESI=bfcd84e6, EDI=00000000
-1	26889	libc.so.6           	b4e0a190	                                        	0f 84 3e 04 00 00                                 	jz 0xb4e0a5d4                                     		EAX=0000000a, ECX=b4f20820, EDX=00000034, EBX=00000000, ESP=bfcd68b0, EBP=00000034, ESI=bfcd84e6, EDI=00000000
-1	26889	libc.so.6           	b4e0a5d4	                                        	c6 44 24 23 05                                    	mov byte ptr [esp+0x23], 0x5                      		EAX=0000000a, ECX=b4f20820, EDX=00000034, EBX=00000000, ESP=bfcd68b0, EBP=00000034, ESI=bfcd84e6, EDI=00000000
-1	26889	libc.so.6           	b4e0a5d9	                                        	c7 44 24 0c 99 99 99 19                           	mov dword ptr [esp+0xc], 0x19999999               		EAX=0000000a, ECX=b4f20820, EDX=00000034, EBX=00000000, ESP=bfcd68b0, EBP=00000034, ESI=bfcd84e6, EDI=00000000
-1	26889	libc.so.6           	b4e0a5e1	                                        	c7 44 24 58 0a 00 00 00                           	mov dword ptr [esp+0x58], 0xa                     		EAX=0000000a, ECX=b4f20820, EDX=00000034, EBX=00000000, ESP=bfcd68b0, EBP=00000034, ESI=bfcd84e6, EDI=00000000
-1	26889	libc.so.6           	b4e0a5e9	                                        	e9 b5 fc ff ff                                    	jmp 0xb4e0a2a3                                    		EAX=0000000a, ECX=b4f20820, EDX=00000034, EBX=00000000, ESP=bfcd68b0, EBP=00000034, ESI=bfcd84e6, EDI=00000000
-1	26889	libc.so.6           	b4e0a2a3	                                        	31 ff                                             	xor edi, edi                                      		EAX=0000000a, ECX=b4f20820, EDX=00000034, EBX=00000000, ESP=bfcd68b0, EBP=00000034, ESI=bfcd84e6, EDI=00000000
-1	26889	libc.so.6           	b4e0a2a5	                                        	c7 44 24 08 00 00 00 00                           	mov dword ptr [esp+0x8], 0x0                      		EAX=0000000a, ECX=b4f20820, EDX=00000034, EBX=00000000, ESP=bfcd68b0, EBP=00000034, ESI=bfcd84e6, EDI=00000000
-1	26889	libc.so.6           	b4e0a2ad	                                        	39 74 24 08                                       	cmp dword ptr [esp+0x8], esi                      		EAX=0000000a, ECX=b4f20820, EDX=00000034, EBX=00000000, ESP=bfcd68b0, EBP=00000034, ESI=bfcd84e6, EDI=00000000
-1	26889	libc.so.6           	b4e0a2b1	                                        	89 e8                                             	mov eax, ebp                                      		EAX=0000000a, ECX=b4f20820, EDX=00000034, EBX=00000000, ESP=bfcd68b0, EBP=00000034, ESI=bfcd84e6, EDI=00000000
-1	26889	libc.so.6           	b4e0a2b3	                                        	0f 84 6b ff ff ff                                 	jz 0xb4e0a224                                     		EAX=00000034, ECX=b4f20820, EDX=00000034, EBX=00000000, ESP=bfcd68b0, EBP=00000034, ESI=bfcd84e6, EDI=00000000
-1	26889	libc.so.6           	b4e0a2b9	                                        	84 c0                                             	test al, al                                       		EAX=00000034, ECX=b4f20820, EDX=00000034, EBX=00000000, ESP=bfcd68b0, EBP=00000034, ESI=bfcd84e6, EDI=00000000
-1	26889	libc.so.6           	b4e0a2bb	                                        	0f 84 63 ff ff ff                                 	jz 0xb4e0a224                                     		EAX=00000034, ECX=b4f20820, EDX=00000034, EBX=00000000, ESP=bfcd68b0, EBP=00000034, ESI=bfcd84e6, EDI=00000000
-1	26889	libc.so.6           	b4e0a2c1	                                        	8b 4c 24 10                                       	mov ecx, dword ptr [esp+0x10]                     		EAX=00000034, ECX=b4f20820, EDX=00000034, EBX=00000000, ESP=bfcd68b0, EBP=00000034, ESI=bfcd84e6, EDI=00000000
-1	26889	libc.so.6           	b4e0a2c5	                                        	89 74 24 2c                                       	mov dword ptr [esp+0x2c], esi                     		EAX=00000034, ECX=b4f8d000, EDX=00000034, EBX=00000000, ESP=bfcd68b0, EBP=00000034, ESI=bfcd84e6, EDI=00000000
-1	26889	libc.so.6           	b4e0a2c9	                                        	31 ed                                             	xor ebp, ebp                                      		EAX=00000034, ECX=b4f8d000, EDX=00000034, EBX=00000000, ESP=bfcd68b0, EBP=00000034, ESI=bfcd84e6, EDI=00000000
-1	26889	libc.so.6           	b4e0a2cb	                                        	c7 44 24 14 00 00 00 00                           	mov dword ptr [esp+0x14], 0x0                     		EAX=00000034, ECX=b4f8d000, EDX=00000034, EBX=00000000, ESP=bfcd68b0, EBP=00000000, ESI=bfcd84e6, EDI=00000000
-1	26889	libc.so.6           	b4e0a2d3	                                        	8b 91 74 f4 ff ff                                 	mov edx, dword ptr [ecx-0xb8c]                    		EAX=00000034, ECX=b4f8d000, EDX=00000034, EBX=00000000, ESP=bfcd68b0, EBP=00000000, ESI=bfcd84e6, EDI=00000000
-1	26889	libc.so.6           	b4e0a2d9	                                        	8b 89 7c f4 ff ff                                 	mov ecx, dword ptr [ecx-0xb84]                    		EAX=00000034, ECX=b4f8d000, EDX=b4f20820, EBX=00000000, ESP=bfcd68b0, EBP=00000000, ESI=bfcd84e6, EDI=00000000
-1	26889	libc.so.6           	b4e0a2df	                                        	89 54 24 18                                       	mov dword ptr [esp+0x18], edx                     		EAX=00000034, ECX=b4f1ff20, EDX=b4f20820, EBX=00000000, ESP=bfcd68b0, EBP=00000000, ESI=bfcd84e6, EDI=00000000
-1	26889	libc.so.6           	b4e0a2e3	                                        	89 4c 24 1c                                       	mov dword ptr [esp+0x1c], ecx                     		EAX=00000034, ECX=b4f1ff20, EDX=b4f20820, EBX=00000000, ESP=bfcd68b0, EBP=00000000, ESI=bfcd84e6, EDI=00000000
-1	26889	libc.so.6           	b4e0a2e7	                                        	8d 57 ff                                          	lea edx, ptr [edi-0x1]                            		EAX=00000034, ECX=b4f1ff20, EDX=b4f20820, EBX=00000000, ESP=bfcd68b0, EBP=00000000, ESI=bfcd84e6, EDI=00000000
-1	26889	libc.so.6           	b4e0a2ea	                                        	89 f1                                             	mov ecx, esi                                      		EAX=00000034, ECX=b4f1ff20, EDX=ffffffff, EBX=00000000, ESP=bfcd68b0, EBP=00000000, ESI=bfcd84e6, EDI=00000000
-1	26889	libc.so.6           	b4e0a2ec	                                        	8b 74 24 58                                       	mov esi, dword ptr [esp+0x58]                     		EAX=00000034, ECX=bfcd84e6, EDX=ffffffff, EBX=00000000, ESP=bfcd68b0, EBP=00000000, ESI=bfcd84e6, EDI=00000000
-1	26889	libc.so.6           	b4e0a2f0	                                        	89 54 24 24                                       	mov dword ptr [esp+0x24], edx                     		EAX=00000034, ECX=bfcd84e6, EDX=ffffffff, EBX=00000000, ESP=bfcd68b0, EBP=00000000, ESI=0000000a, EDI=00000000
-1	26889	libc.so.6           	b4e0a2f4	                                        	8d 74 26 00                                       	lea esi, ptr [esi]                                		EAX=00000034, ECX=bfcd84e6, EDX=ffffffff, EBX=00000000, ESP=bfcd68b0, EBP=00000000, ESI=0000000a, EDI=00000000
-1	26889	libc.so.6           	b4e0a2f8	                                        	8d 50 d0                                          	lea edx, ptr [eax-0x30]                           		EAX=00000034, ECX=bfcd84e6, EDX=ffffffff, EBX=00000000, ESP=bfcd68b0, EBP=00000000, ESI=0000000a, EDI=00000000
-1	26889	libc.so.6           	b4e0a2fb	                                        	80 fa 09                                          	cmp dl, 0x9                                       		EAX=00000034, ECX=bfcd84e6, EDX=00000004, EBX=00000000, ESP=bfcd68b0, EBP=00000000, ESI=0000000a, EDI=00000000
-1	26889	libc.so.6           	b4e0a2fe	                                        	0f 86 d1 00 00 00                                 	jbe 0xb4e0a3d5                                    		EAX=00000034, ECX=bfcd84e6, EDX=00000004, EBX=00000000, ESP=bfcd68b0, EBP=00000000, ESI=0000000a, EDI=00000000
-1	26889	libc.so.6           	b4e0a3d5	                                        	0f b6 c2                                          	movzx eax, dl                                     		EAX=00000034, ECX=bfcd84e6, EDX=00000004, EBX=00000000, ESP=bfcd68b0, EBP=00000000, ESI=0000000a, EDI=00000000
-1	26889	libc.so.6           	b4e0a3d8	                                        	39 f0                                             	cmp eax, esi                                      		EAX=00000004, ECX=bfcd84e6, EDX=00000004, EBX=00000000, ESP=bfcd68b0, EBP=00000000, ESI=0000000a, EDI=00000000
-1	26889	libc.so.6           	b4e0a3da	                                        	0f 8d 71 ff ff ff                                 	jnl 0xb4e0a351                                    		EAX=00000004, ECX=bfcd84e6, EDX=00000004, EBX=00000000, ESP=bfcd68b0, EBP=00000000, ESI=0000000a, EDI=00000000
-1	26889	libc.so.6           	b4e0a3e0	                                        	3b 6c 24 0c                                       	cmp ebp, dword ptr [esp+0xc]                      		EAX=00000004, ECX=bfcd84e6, EDX=00000004, EBX=00000000, ESP=bfcd68b0, EBP=00000000, ESI=0000000a, EDI=00000000
-1	26889	libc.so.6           	b4e0a3e4	                                        	77 12                                             	jnbe 0xb4e0a3f8                                   		EAX=00000004, ECX=bfcd84e6, EDX=00000004, EBX=00000000, ESP=bfcd68b0, EBP=00000000, ESI=0000000a, EDI=00000000
-1	26889	libc.so.6           	b4e0a3e6	                                        	3a 54 24 23                                       	cmp dl, byte ptr [esp+0x23]                       		EAX=00000004, ECX=bfcd84e6, EDX=00000004, EBX=00000000, ESP=bfcd68b0, EBP=00000000, ESI=0000000a, EDI=00000000
-1	26889	libc.so.6           	b4e0a3ea	                                        	76 24                                             	jbe 0xb4e0a410                                    		EAX=00000004, ECX=bfcd84e6, EDX=00000004, EBX=00000000, ESP=bfcd68b0, EBP=00000000, ESI=0000000a, EDI=00000000
-1	26889	libc.so.6           	b4e0a410	                                        	0f af ee                                          	imul ebp, esi                                     		EAX=00000004, ECX=bfcd84e6, EDX=00000004, EBX=00000000, ESP=bfcd68b0, EBP=00000000, ESI=0000000a, EDI=00000000
-1	26889	libc.so.6           	b4e0a413	                                        	01 c5                                             	add ebp, eax                                      		EAX=00000004, ECX=bfcd84e6, EDX=00000004, EBX=00000000, ESP=bfcd68b0, EBP=00000000, ESI=0000000a, EDI=00000000
-1	26889	libc.so.6           	b4e0a415	                                        	89 c8                                             	mov eax, ecx                                      		EAX=00000004, ECX=bfcd84e6, EDX=00000004, EBX=00000000, ESP=bfcd68b0, EBP=00000004, ESI=0000000a, EDI=00000000
-1	26889	libc.so.6           	b4e0a417	                                        	e9 24 ff ff ff                                    	jmp 0xb4e0a340                                    		EAX=bfcd84e6, ECX=bfcd84e6, EDX=00000004, EBX=00000000, ESP=bfcd68b0, EBP=00000004, ESI=0000000a, EDI=00000000
-1	26889	libc.so.6           	b4e0a340	                                        	8d 48 01                                          	lea ecx, ptr [eax+0x1]                            		EAX=bfcd84e6, ECX=bfcd84e6, EDX=00000004, EBX=00000000, ESP=bfcd68b0, EBP=00000004, ESI=0000000a, EDI=00000000
-1	26889	libc.so.6           	b4e0a343	                                        	39 4c 24 08                                       	cmp dword ptr [esp+0x8], ecx                      		EAX=bfcd84e6, ECX=bfcd84e7, EDX=00000004, EBX=00000000, ESP=bfcd68b0, EBP=00000004, ESI=0000000a, EDI=00000000
-1	26889	libc.so.6           	b4e0a347	                                        	0f b6 40 01                                       	movzx eax, byte ptr [eax+0x1]                     		EAX=bfcd84e6, ECX=bfcd84e7, EDX=00000004, EBX=00000000, ESP=bfcd68b0, EBP=00000004, ESI=0000000a, EDI=00000000
-1	26889	libc.so.6           	b4e0a34b	                                        	74 04                                             	jz 0xb4e0a351                                     		EAX=00000000, ECX=bfcd84e7, EDX=00000004, EBX=00000000, ESP=bfcd68b0, EBP=00000004, ESI=0000000a, EDI=00000000
-1	26889	libc.so.6           	b4e0a34d	                                        	84 c0                                             	test al, al                                       		EAX=00000000, ECX=bfcd84e7, EDX=00000004, EBX=00000000, ESP=bfcd68b0, EBP=00000004, ESI=0000000a, EDI=00000000
-1	26889	libc.so.6           	b4e0a34f	                                        	75 a7                                             	jnz 0xb4e0a2f8                                    		EAX=00000000, ECX=bfcd84e7, EDX=00000004, EBX=00000000, ESP=bfcd68b0, EBP=00000004, ESI=0000000a, EDI=00000000
-1	26889	libc.so.6           	b4e0a351	                                        	8b 74 24 2c                                       	mov esi, dword ptr [esp+0x2c]                     		EAX=00000000, ECX=bfcd84e7, EDX=00000004, EBX=00000000, ESP=bfcd68b0, EBP=00000004, ESI=0000000a, EDI=00000000
-1	26889	libc.so.6           	b4e0a355	                                        	39 ce                                             	cmp esi, ecx                                      		EAX=00000000, ECX=bfcd84e7, EDX=00000004, EBX=00000000, ESP=bfcd68b0, EBP=00000004, ESI=bfcd84e6, EDI=00000000
-1	26889	libc.so.6           	b4e0a357	                                        	0f 84 c7 fe ff ff                                 	jz 0xb4e0a224                                     		EAX=00000000, ECX=bfcd84e7, EDX=00000004, EBX=00000000, ESP=bfcd68b0, EBP=00000004, ESI=bfcd84e6, EDI=00000000
-1	26889	libc.so.6           	b4e0a35d	                                        	8b 5c 24 54                                       	mov ebx, dword ptr [esp+0x54]                     		EAX=00000000, ECX=bfcd84e7, EDX=00000004, EBX=00000000, ESP=bfcd68b0, EBP=00000004, ESI=bfcd84e6, EDI=00000000
-1	26889	libc.so.6           	b4e0a361	                                        	85 db                                             	test ebx, ebx                                     		EAX=00000000, ECX=bfcd84e7, EDX=00000004, EBX=00000000, ESP=bfcd68b0, EBP=00000004, ESI=bfcd84e6, EDI=00000000
-1	26889	libc.so.6           	b4e0a363	                                        	74 06                                             	jz 0xb4e0a36b                                     		EAX=00000000, ECX=bfcd84e7, EDX=00000004, EBX=00000000, ESP=bfcd68b0, EBP=00000004, ESI=bfcd84e6, EDI=00000000
-1	26889	libc.so.6           	b4e0a36b	                                        	8b 4c 24 14                                       	mov ecx, dword ptr [esp+0x14]                     		EAX=00000000, ECX=bfcd84e7, EDX=00000004, EBX=00000000, ESP=bfcd68b0, EBP=00000004, ESI=bfcd84e6, EDI=00000000
-1	26889	libc.so.6           	b4e0a36f	                                        	85 c9                                             	test ecx, ecx                                     		EAX=00000000, ECX=00000000, EDX=00000004, EBX=00000000, ESP=bfcd68b0, EBP=00000004, ESI=bfcd84e6, EDI=00000000
-1	26889	libc.so.6           	b4e0a371	                                        	0f 85 a5 00 00 00                                 	jnz 0xb4e0a41c                                    		EAX=00000000, ECX=00000000, EDX=00000004, EBX=00000000, ESP=bfcd68b0, EBP=00000004, ESI=bfcd84e6, EDI=00000000
-1	26889	libc.so.6           	b4e0a377	                                        	8b 54 24 28                                       	mov edx, dword ptr [esp+0x28]                     		EAX=00000000, ECX=00000000, EDX=00000004, EBX=00000000, ESP=bfcd68b0, EBP=00000004, ESI=bfcd84e6, EDI=00000000
-1	26889	libc.so.6           	b4e0a37b	                                        	85 d2                                             	test edx, edx                                     		EAX=00000000, ECX=00000000, EDX=00000000, EBX=00000000, ESP=bfcd68b0, EBP=00000004, ESI=bfcd84e6, EDI=00000000
-1	26889	libc.so.6           	b4e0a37d	                                        	0f 84 9d 01 00 00                                 	jz 0xb4e0a520                                     		EAX=00000000, ECX=00000000, EDX=00000000, EBX=00000000, ESP=bfcd68b0, EBP=00000004, ESI=bfcd84e6, EDI=00000000
-1	26889	libc.so.6           	b4e0a520	                                        	81 fd ff ff ff 7f                                 	cmp ebp, 0x7fffffff                               		EAX=00000000, ECX=00000000, EDX=00000000, EBX=00000000, ESP=bfcd68b0, EBP=00000004, ESI=bfcd84e6, EDI=00000000
-1	26889	libc.so.6           	b4e0a526	                                        	76 76                                             	jbe 0xb4e0a59e                                    		EAX=00000000, ECX=00000000, EDX=00000000, EBX=00000000, ESP=bfcd68b0, EBP=00000004, ESI=bfcd84e6, EDI=00000000
-1	26889	libc.so.6           	b4e0a59e	                                        	89 e8                                             	mov eax, ebp                                      		EAX=00000000, ECX=00000000, EDX=00000000, EBX=00000000, ESP=bfcd68b0, EBP=00000004, ESI=bfcd84e6, EDI=00000000
-1	26889	libc.so.6           	b4e0a5a0	                                        	e9 55 fc ff ff                                    	jmp 0xb4e0a1fa                                    		EAX=00000004, ECX=00000000, EDX=00000000, EBX=00000000, ESP=bfcd68b0, EBP=00000004, ESI=bfcd84e6, EDI=00000000
-1	26889	libc.so.6           	b4e0a1fa	                                        	83 c4 3c                                          	add esp, 0x3c                                     		EAX=00000004, ECX=00000000, EDX=00000000, EBX=00000000, ESP=bfcd68b0, EBP=00000004, ESI=bfcd84e6, EDI=00000000
-1	26889	libc.so.6           	b4e0a1fd	                                        	5b                                                	pop ebx                                           		EAX=00000004, ECX=00000000, EDX=00000000, EBX=00000000, ESP=bfcd68ec, EBP=00000004, ESI=bfcd84e6, EDI=00000000
-1	26889	libc.so.6           	b4e0a1fe	                                        	5e                                                	pop esi                                           		EAX=00000004, ECX=00000000, EDX=00000000, EBX=00000000, ESP=bfcd68f0, EBP=00000004, ESI=bfcd84e6, EDI=00000000
-1	26889	libc.so.6           	b4e0a1ff	                                        	5f                                                	pop edi                                           		EAX=00000004, ECX=00000000, EDX=00000000, EBX=00000000, ESP=bfcd68f4, EBP=00000004, ESI=b4f8d000, EDI=00000000
-1	26889	libc.so.6           	b4e0a200	                                        	5d                                                	pop ebp                                           		EAX=00000004, ECX=00000000, EDX=00000000, EBX=00000000, ESP=bfcd68f8, EBP=00000004, ESI=b4f8d000, EDI=b4f8d000
-1	26889	libc.so.6           	b4e0a201	                                        	c3                                                	ret                                               		EAX=00000004, ECX=00000000, EDX=00000000, EBX=00000000, ESP=bfcd68fc, EBP=bfcd6998, ESI=b4f8d000, EDI=b4f8d000
-1	26889	libc.so.6           	b4e09f30	                                        	83 c4 2c                                          	add esp, 0x2c                                     		EAX=00000004, ECX=00000000, EDX=00000000, EBX=00000000, ESP=bfcd6900, EBP=bfcd6998, ESI=b4f8d000, EDI=b4f8d000
-1	26889	libc.so.6           	b4e09f33	                                        	c3                                                	ret                                               		EAX=00000004, ECX=00000000, EDX=00000000, EBX=00000000, ESP=bfcd692c, EBP=bfcd6998, ESI=b4f8d000, EDI=b4f8d000
-1	26889	libc.so.6           	b4e07270	                                        	83 c4 1c                                          	add esp, 0x1c                                     		EAX=00000004, ECX=00000000, EDX=00000000, EBX=00000000, ESP=bfcd6930, EBP=bfcd6998, ESI=b4f8d000, EDI=b4f8d000
-1	26889	libc.so.6           	b4e07273	                                        	c3                                                	ret                                               		EAX=00000004, ECX=00000000, EDX=00000000, EBX=00000000, ESP=bfcd694c, EBP=bfcd6998, ESI=b4f8d000, EDI=b4f8d000
-1	26889	unknown             	080484a0	                                        	83 c4 10                                          	add esp, 0x10                                     		EAX=00000004, ECX=00000000, EDX=00000000, EBX=00000000, ESP=bfcd6950, EBP=bfcd6998, ESI=b4f8d000, EDI=b4f8d000
-1	26889	unknown             	080484a3	                                        	89 45 e4                                          	mov dword ptr [ebp-0x1c], eax                     		EAX=00000004, ECX=00000000, EDX=00000000, EBX=00000000, ESP=bfcd6960, EBP=bfcd6998, ESI=b4f8d000, EDI=b4f8d000
-1	26889	unknown             	080484a6	                                        	c7 45 e8 00 00 00 00                              	mov dword ptr [ebp-0x18], 0x0                     		EAX=00000004, ECX=00000000, EDX=00000000, EBX=00000000, ESP=bfcd6960, EBP=bfcd6998, ESI=b4f8d000, EDI=b4f8d000
-1	26889	unknown             	080484ad	                                        	8d 45 e4                                          	lea eax, ptr [ebp-0x1c]                           		EAX=00000004, ECX=00000000, EDX=00000000, EBX=00000000, ESP=bfcd6960, EBP=bfcd6998, ESI=b4f8d000, EDI=b4f8d000
-1	26889	unknown             	080484b0	                                        	89 45 f0                                          	mov dword ptr [ebp-0x10], eax                     		EAX=bfcd697c, ECX=00000000, EDX=00000000, EBX=00000000, ESP=bfcd6960, EBP=bfcd6998, ESI=b4f8d000, EDI=b4f8d000
-1	26889	unknown             	080484b3	                                        	c7 45 ec 00 00 00 00                              	mov dword ptr [ebp-0x14], 0x0                     		EAX=bfcd697c, ECX=00000000, EDX=00000000, EBX=00000000, ESP=bfcd6960, EBP=bfcd6998, ESI=b4f8d000, EDI=b4f8d000
-1	26889	unknown             	080484ba	                                        	eb 18                                             	jmp 0x80484d4                                     		EAX=bfcd697c, ECX=00000000, EDX=00000000, EBX=00000000, ESP=bfcd6960, EBP=bfcd6998, ESI=b4f8d000, EDI=b4f8d000
-1	26889	unknown             	080484d4	                                        	8b 45 e4                                          	mov eax, dword ptr [ebp-0x1c]                     		EAX=bfcd697c, ECX=00000000, EDX=00000000, EBX=00000000, ESP=bfcd6960, EBP=bfcd6998, ESI=b4f8d000, EDI=b4f8d000
-1	26889	unknown             	080484d7	                                        	39 45 ec                                          	cmp dword ptr [ebp-0x14], eax                     		EAX=00000004, ECX=00000000, EDX=00000000, EBX=00000000, ESP=bfcd6960, EBP=bfcd6998, ESI=b4f8d000, EDI=b4f8d000
-1	26889	unknown             	080484da	                                        	7c e0                                             	jl 0x80484bc                                      		EAX=00000004, ECX=00000000, EDX=00000000, EBX=00000000, ESP=bfcd6960, EBP=bfcd6998, ESI=b4f8d000, EDI=b4f8d000
-1	26889	unknown             	080484bc	                                        	8b 45 f0                                          	mov eax, dword ptr [ebp-0x10]                     		EAX=00000004, ECX=00000000, EDX=00000000, EBX=00000000, ESP=bfcd6960, EBP=bfcd6998, ESI=b4f8d000, EDI=b4f8d000
-1	26889	unknown             	080484bf	                                        	8b 00                                             	mov eax, dword ptr [eax]                          		EAX=bfcd697c, ECX=00000000, EDX=00000000, EBX=00000000, ESP=bfcd6960, EBP=bfcd6998, ESI=b4f8d000, EDI=b4f8d000
-1	26889	unknown             	080484c1	                                        	3b 45 ec                                          	cmp eax, dword ptr [ebp-0x14]                     		EAX=00000004, ECX=00000000, EDX=00000000, EBX=00000000, ESP=bfcd6960, EBP=bfcd6998, ESI=b4f8d000, EDI=b4f8d000
-1	26889	unknown             	080484c4	                                        	7f 06                                             	jnle 0x80484cc                                    		EAX=00000004, ECX=00000000, EDX=00000000, EBX=00000000, ESP=bfcd6960, EBP=bfcd6998, ESI=b4f8d000, EDI=b4f8d000
-1	26889	unknown             	080484cc	                                        	83 45 e8 02                                       	add dword ptr [ebp-0x18], 0x2                     		EAX=00000004, ECX=00000000, EDX=00000000, EBX=00000000, ESP=bfcd6960, EBP=bfcd6998, ESI=b4f8d000, EDI=b4f8d000
-1	26889	unknown             	080484d0	                                        	83 45 ec 01                                       	add dword ptr [ebp-0x14], 0x1                     		EAX=00000004, ECX=00000000, EDX=00000000, EBX=00000000, ESP=bfcd6960, EBP=bfcd6998, ESI=b4f8d000, EDI=b4f8d000
-1	26889	unknown             	080484d4	                                        	8b 45 e4                                          	mov eax, dword ptr [ebp-0x1c]                     		EAX=00000004, ECX=00000000, EDX=00000000, EBX=00000000, ESP=bfcd6960, EBP=bfcd6998, ESI=b4f8d000, EDI=b4f8d000
-1	26889	unknown             	080484d7	                                        	39 45 ec                                          	cmp dword ptr [ebp-0x14], eax                     		EAX=00000004, ECX=00000000, EDX=00000000, EBX=00000000, ESP=bfcd6960, EBP=bfcd6998, ESI=b4f8d000, EDI=b4f8d000
-1	26889	unknown             	080484da	                                        	7c e0                                             	jl 0x80484bc                                      		EAX=00000004, ECX=00000000, EDX=00000000, EBX=00000000, ESP=bfcd6960, EBP=bfcd6998, ESI=b4f8d000, EDI=b4f8d000
-1	26889	unknown             	080484bc	                                        	8b 45 f0                                          	mov eax, dword ptr [ebp-0x10]                     		EAX=00000004, ECX=00000000, EDX=00000000, EBX=00000000, ESP=bfcd6960, EBP=bfcd6998, ESI=b4f8d000, EDI=b4f8d000
-1	26889	unknown             	080484bf	                                        	8b 00                                             	mov eax, dword ptr [eax]                          		EAX=bfcd697c, ECX=00000000, EDX=00000000, EBX=00000000, ESP=bfcd6960, EBP=bfcd6998, ESI=b4f8d000, EDI=b4f8d000
-1	26889	unknown             	080484c1	                                        	3b 45 ec                                          	cmp eax, dword ptr [ebp-0x14]                     		EAX=00000004, ECX=00000000, EDX=00000000, EBX=00000000, ESP=bfcd6960, EBP=bfcd6998, ESI=b4f8d000, EDI=b4f8d000
-1	26889	unknown             	080484c4	                                        	7f 06                                             	jnle 0x80484cc                                    		EAX=00000004, ECX=00000000, EDX=00000000, EBX=00000000, ESP=bfcd6960, EBP=bfcd6998, ESI=b4f8d000, EDI=b4f8d000
-1	26889	unknown             	080484cc	                                        	83 45 e8 02                                       	add dword ptr [ebp-0x18], 0x2                     		EAX=00000004, ECX=00000000, EDX=00000000, EBX=00000000, ESP=bfcd6960, EBP=bfcd6998, ESI=b4f8d000, EDI=b4f8d000
-1	26889	unknown             	080484d0	                                        	83 45 ec 01                                       	add dword ptr [ebp-0x14], 0x1                     		EAX=00000004, ECX=00000000, EDX=00000000, EBX=00000000, ESP=bfcd6960, EBP=bfcd6998, ESI=b4f8d000, EDI=b4f8d000
-1	26889	unknown             	080484d4	                                        	8b 45 e4                                          	mov eax, dword ptr [ebp-0x1c]                     		EAX=00000004, ECX=00000000, EDX=00000000, EBX=00000000, ESP=bfcd6960, EBP=bfcd6998, ESI=b4f8d000, EDI=b4f8d000
-1	26889	unknown             	080484d7	                                        	39 45 ec                                          	cmp dword ptr [ebp-0x14], eax                     		EAX=00000004, ECX=00000000, EDX=00000000, EBX=00000000, ESP=bfcd6960, EBP=bfcd6998, ESI=b4f8d000, EDI=b4f8d000
-1	26889	unknown             	080484da	                                        	7c e0                                             	jl 0x80484bc                                      		EAX=00000004, ECX=00000000, EDX=00000000, EBX=00000000, ESP=bfcd6960, EBP=bfcd6998, ESI=b4f8d000, EDI=b4f8d000
-1	26889	unknown             	080484bc	                                        	8b 45 f0                                          	mov eax, dword ptr [ebp-0x10]                     		EAX=00000004, ECX=00000000, EDX=00000000, EBX=00000000, ESP=bfcd6960, EBP=bfcd6998, ESI=b4f8d000, EDI=b4f8d000
-1	26889	unknown             	080484bf	                                        	8b 00                                             	mov eax, dword ptr [eax]                          		EAX=bfcd697c, ECX=00000000, EDX=00000000, EBX=00000000, ESP=bfcd6960, EBP=bfcd6998, ESI=b4f8d000, EDI=b4f8d000
-1	26889	unknown             	080484c1	                                        	3b 45 ec                                          	cmp eax, dword ptr [ebp-0x14]                     		EAX=00000004, ECX=00000000, EDX=00000000, EBX=00000000, ESP=bfcd6960, EBP=bfcd6998, ESI=b4f8d000, EDI=b4f8d000
-1	26889	unknown             	080484c4	                                        	7f 06                                             	jnle 0x80484cc                                    		EAX=00000004, ECX=00000000, EDX=00000000, EBX=00000000, ESP=bfcd6960, EBP=bfcd6998, ESI=b4f8d000, EDI=b4f8d000
-1	26889	unknown             	080484cc	                                        	83 45 e8 02                                       	add dword ptr [ebp-0x18], 0x2                     		EAX=00000004, ECX=00000000, EDX=00000000, EBX=00000000, ESP=bfcd6960, EBP=bfcd6998, ESI=b4f8d000, EDI=b4f8d000
-1	26889	unknown             	080484d0	                                        	83 45 ec 01                                       	add dword ptr [ebp-0x14], 0x1                     		EAX=00000004, ECX=00000000, EDX=00000000, EBX=00000000, ESP=bfcd6960, EBP=bfcd6998, ESI=b4f8d000, EDI=b4f8d000
-1	26889	unknown             	080484d4	                                        	8b 45 e4                                          	mov eax, dword ptr [ebp-0x1c]                     		EAX=00000004, ECX=00000000, EDX=00000000, EBX=00000000, ESP=bfcd6960, EBP=bfcd6998, ESI=b4f8d000, EDI=b4f8d000
-1	26889	unknown             	080484d7	                                        	39 45 ec                                          	cmp dword ptr [ebp-0x14], eax                     		EAX=00000004, ECX=00000000, EDX=00000000, EBX=00000000, ESP=bfcd6960, EBP=bfcd6998, ESI=b4f8d000, EDI=b4f8d000
-1	26889	unknown             	080484da	                                        	7c e0                                             	jl 0x80484bc                                      		EAX=00000004, ECX=00000000, EDX=00000000, EBX=00000000, ESP=bfcd6960, EBP=bfcd6998, ESI=b4f8d000, EDI=b4f8d000
-1	26889	unknown             	080484bc	                                        	8b 45 f0                                          	mov eax, dword ptr [ebp-0x10]                     		EAX=00000004, ECX=00000000, EDX=00000000, EBX=00000000, ESP=bfcd6960, EBP=bfcd6998, ESI=b4f8d000, EDI=b4f8d000
-1	26889	unknown             	080484bf	                                        	8b 00                                             	mov eax, dword ptr [eax]                          		EAX=bfcd697c, ECX=00000000, EDX=00000000, EBX=00000000, ESP=bfcd6960, EBP=bfcd6998, ESI=b4f8d000, EDI=b4f8d000
-1	26889	unknown             	080484c1	                                        	3b 45 ec                                          	cmp eax, dword ptr [ebp-0x14]                     		EAX=00000004, ECX=00000000, EDX=00000000, EBX=00000000, ESP=bfcd6960, EBP=bfcd6998, ESI=b4f8d000, EDI=b4f8d000
-1	26889	unknown             	080484c4	                                        	7f 06                                             	jnle 0x80484cc                                    		EAX=00000004, ECX=00000000, EDX=00000000, EBX=00000000, ESP=bfcd6960, EBP=bfcd6998, ESI=b4f8d000, EDI=b4f8d000
-1	26889	unknown             	080484cc	                                        	83 45 e8 02                                       	add dword ptr [ebp-0x18], 0x2                     		EAX=00000004, ECX=00000000, EDX=00000000, EBX=00000000, ESP=bfcd6960, EBP=bfcd6998, ESI=b4f8d000, EDI=b4f8d000
-1	26889	unknown             	080484d0	                                        	83 45 ec 01                                       	add dword ptr [ebp-0x14], 0x1                     		EAX=00000004, ECX=00000000, EDX=00000000, EBX=00000000, ESP=bfcd6960, EBP=bfcd6998, ESI=b4f8d000, EDI=b4f8d000
-1	26889	unknown             	080484d4	                                        	8b 45 e4                                          	mov eax, dword ptr [ebp-0x1c]                     		EAX=00000004, ECX=00000000, EDX=00000000, EBX=00000000, ESP=bfcd6960, EBP=bfcd6998, ESI=b4f8d000, EDI=b4f8d000
-1	26889	unknown             	080484d7	                                        	39 45 ec                                          	cmp dword ptr [ebp-0x14], eax                     		EAX=00000004, ECX=00000000, EDX=00000000, EBX=00000000, ESP=bfcd6960, EBP=bfcd6998, ESI=b4f8d000, EDI=b4f8d000
-1	26889	unknown             	080484da	                                        	7c e0                                             	jl 0x80484bc                                      		EAX=00000004, ECX=00000000, EDX=00000000, EBX=00000000, ESP=bfcd6960, EBP=bfcd6998, ESI=b4f8d000, EDI=b4f8d000
-1	26889	unknown             	080484dc	                                        	8b 45 e8                                          	mov eax, dword ptr [ebp-0x18]                     		EAX=00000004, ECX=00000000, EDX=00000000, EBX=00000000, ESP=bfcd6960, EBP=bfcd6998, ESI=b4f8d000, EDI=b4f8d000
-1	26889	unknown             	080484df	                                        	8b 55 f4                                          	mov edx, dword ptr [ebp-0xc]                      		EAX=00000008, ECX=00000000, EDX=00000000, EBX=00000000, ESP=bfcd6960, EBP=bfcd6998, ESI=b4f8d000, EDI=b4f8d000
-1	26889	unknown             	080484e2	                                        	65 33 15 14 00 00 00                              	xor edx, dword ptr gs:[0x14]                      		EAX=00000008, ECX=00000000, EDX=e76eb300, EBX=00000000, ESP=bfcd6960, EBP=bfcd6998, ESI=b4f8d000, EDI=b4f8d000
-1	26889	unknown             	080484e9	                                        	74 05                                             	jz 0x80484f0                                      		EAX=00000008, ECX=00000000, EDX=00000000, EBX=00000000, ESP=bfcd6960, EBP=bfcd6998, ESI=b4f8d000, EDI=b4f8d000
-1	26889	unknown             	080484f0	                                        	8b 4d fc                                          	mov ecx, dword ptr [ebp-0x4]                      		EAX=00000008, ECX=00000000, EDX=00000000, EBX=00000000, ESP=bfcd6960, EBP=bfcd6998, ESI=b4f8d000, EDI=b4f8d000
-1	26889	unknown             	080484f3	                                        	c9                                                	leave                                             		EAX=00000008, ECX=bfcd69b0, EDX=00000000, EBX=00000000, ESP=bfcd6960, EBP=bfcd6998, ESI=b4f8d000, EDI=b4f8d000
-1	26889	unknown             	080484f4	                                        	8d 61 fc                                          	lea esp, ptr [ecx-0x4]                            		EAX=00000008, ECX=bfcd69b0, EDX=00000000, EBX=00000000, ESP=bfcd699c, EBP=00000000, ESI=b4f8d000, EDI=b4f8d000
-1	26889	unknown             	080484f7	                                        	c3                                                	ret                                               		EAX=00000008, ECX=bfcd69b0, EDX=00000000, EBX=00000000, ESP=bfcd69ac, EBP=00000000, ESI=b4f8d000, EDI=b4f8d000
-1	26889	libc.so.6           	b4df2647	                                        	83 c4 10                                          	add esp, 0x10                                     		EAX=00000008, ECX=bfcd69b0, EDX=00000000, EBX=00000000, ESP=bfcd69b0, EBP=00000000, ESI=b4f8d000, EDI=b4f8d000
-1	26889	libc.so.6           	b4df264a	                                        	83 ec 0c                                          	sub esp, 0xc                                      		EAX=00000008, ECX=bfcd69b0, EDX=00000000, EBX=00000000, ESP=bfcd69c0, EBP=00000000, ESI=b4f8d000, EDI=b4f8d000
-1	26889	libc.so.6           	b4df264d	                                        	50                                                	push eax                                          		EAX=00000008, ECX=bfcd69b0, EDX=00000000, EBX=00000000, ESP=bfcd69b4, EBP=00000000, ESI=b4f8d000, EDI=b4f8d000
-1	26889	libc.so.6           	b4df264e	                                        	e8 8d 63 01 00                                    	call 0xb4e089e0                                   		EAX=00000008, ECX=bfcd69b0, EDX=00000000, EBX=00000000, ESP=bfcd69b0, EBP=00000000, ESI=b4f8d000, EDI=b4f8d000
-1	26889	libc.so.6           	b4e089e0	                                        	e8 94 12 0f 00                                    	call 0xb4ef9c79                                   		EAX=00000008, ECX=bfcd69b0, EDX=00000000, EBX=00000000, ESP=bfcd69ac, EBP=00000000, ESI=b4f8d000, EDI=b4f8d000
-1	26889	libc.so.6           	b4ef9c79	exit                                    	8b 04 24                                          	mov eax, dword ptr [esp]                          		EAX=00000008, ECX=bfcd69b0, EDX=00000000, EBX=00000000, ESP=bfcd69a8, EBP=00000000, ESI=b4f8d000, EDI=b4f8d000
-1	26889	libc.so.6           	b4ef9c7c	                                        	c3                                                	ret                                               		EAX=b4e089e5, ECX=bfcd69b0, EDX=00000000, EBX=00000000, ESP=bfcd69a8, EBP=00000000, ESI=b4f8d000, EDI=b4f8d000
-1	26889	libc.so.6           	b4e089e5	                                        	05 1b 46 18 00                                    	add eax, 0x18461b                                 		EAX=b4e089e5, ECX=bfcd69b0, EDX=00000000, EBX=00000000, ESP=bfcd69ac, EBP=00000000, ESI=b4f8d000, EDI=b4f8d000
-1	26889	libc.so.6           	b4e089ea	                                        	83 ec 10                                          	sub esp, 0x10                                     		EAX=b4f8d000, ECX=bfcd69b0, EDX=00000000, EBX=00000000, ESP=bfcd69ac, EBP=00000000, ESI=b4f8d000, EDI=b4f8d000
-1	26889	libc.so.6           	b4e089ed	                                        	8d 80 dc 03 00 00                                 	lea eax, ptr [eax+0x3dc]                          		EAX=b4f8d000, ECX=bfcd69b0, EDX=00000000, EBX=00000000, ESP=bfcd699c, EBP=00000000, ESI=b4f8d000, EDI=b4f8d000
-1	26889	libc.so.6           	b4e089f3	                                        	6a 01                                             	push 0x1                                          		EAX=b4f8d3dc, ECX=bfcd69b0, EDX=00000000, EBX=00000000, ESP=bfcd699c, EBP=00000000, ESI=b4f8d000, EDI=b4f8d000
-1	26889	libc.so.6           	b4e089f5	                                        	50                                                	push eax                                          		EAX=b4f8d3dc, ECX=bfcd69b0, EDX=00000000, EBX=00000000, ESP=bfcd6998, EBP=00000000, ESI=b4f8d000, EDI=b4f8d000
-1	26889	libc.so.6           	b4e089f6	                                        	ff 74 24 1c                                       	push dword ptr [esp+0x1c]                         		EAX=b4f8d3dc, ECX=bfcd69b0, EDX=00000000, EBX=00000000, ESP=bfcd6994, EBP=00000000, ESI=b4f8d000, EDI=b4f8d000
-1	26889	libc.so.6           	b4e089fa	                                        	e8 c1 fe ff ff                                    	call 0xb4e088c0                                   		EAX=b4f8d3dc, ECX=bfcd69b0, EDX=00000000, EBX=00000000, ESP=bfcd6990, EBP=00000000, ESI=b4f8d000, EDI=b4f8d000
-1	26889	libc.so.6           	b4e088c0	                                        	55                                                	push ebp                                          		EAX=b4f8d3dc, ECX=bfcd69b0, EDX=00000000, EBX=00000000, ESP=bfcd698c, EBP=00000000, ESI=b4f8d000, EDI=b4f8d000
-1	26889	libc.so.6           	b4e088c1	                                        	57                                                	push edi                                          		EAX=b4f8d3dc, ECX=bfcd69b0, EDX=00000000, EBX=00000000, ESP=bfcd6988, EBP=00000000, ESI=b4f8d000, EDI=b4f8d000
-1	26889	libc.so.6           	b4e088c2	                                        	56                                                	push esi                                          		EAX=b4f8d3dc, ECX=bfcd69b0, EDX=00000000, EBX=00000000, ESP=bfcd6984, EBP=00000000, ESI=b4f8d000, EDI=b4f8d000
-1	26889	libc.so.6           	b4e088c3	                                        	53                                                	push ebx                                          		EAX=b4f8d3dc, ECX=bfcd69b0, EDX=00000000, EBX=00000000, ESP=bfcd6980, EBP=00000000, ESI=b4f8d000, EDI=b4f8d000
-1	26889	libc.so.6           	b4e088c4	                                        	e8 ac 13 0f 00                                    	call 0xb4ef9c75                                   		EAX=b4f8d3dc, ECX=bfcd69b0, EDX=00000000, EBX=00000000, ESP=bfcd697c, EBP=00000000, ESI=b4f8d000, EDI=b4f8d000
-1	26889	libc.so.6           	b4ef9c75	                                        	8b 1c 24                                          	mov ebx, dword ptr [esp]                          		EAX=b4f8d3dc, ECX=bfcd69b0, EDX=00000000, EBX=00000000, ESP=bfcd6978, EBP=00000000, ESI=b4f8d000, EDI=b4f8d000
-1	26889	libc.so.6           	b4ef9c78	                                        	c3                                                	ret                                               		EAX=b4f8d3dc, ECX=bfcd69b0, EDX=00000000, EBX=b4e088c9, ESP=bfcd6978, EBP=00000000, ESI=b4f8d000, EDI=b4f8d000
-1	26889	libc.so.6           	b4e088c9	                                        	81 c3 37 47 18 00                                 	add ebx, 0x184737                                 		EAX=b4f8d3dc, ECX=bfcd69b0, EDX=00000000, EBX=b4e088c9, ESP=bfcd697c, EBP=00000000, ESI=b4f8d000, EDI=b4f8d000
-1	26889	libc.so.6           	b4e088cf	                                        	83 ec 1c                                          	sub esp, 0x1c                                     		EAX=b4f8d3dc, ECX=bfcd69b0, EDX=00000000, EBX=b4f8d000, ESP=bfcd697c, EBP=00000000, ESI=b4f8d000, EDI=b4f8d000
-1	26889	libc.so.6           	b4e088d2	                                        	8b 44 24 38                                       	mov eax, dword ptr [esp+0x38]                     		EAX=b4f8d3dc, ECX=bfcd69b0, EDX=00000000, EBX=b4f8d000, ESP=bfcd6960, EBP=00000000, ESI=b4f8d000, EDI=b4f8d000
-1	26889	libc.so.6           	b4e088d6	                                        	8b 74 24 30                                       	mov esi, dword ptr [esp+0x30]                     		EAX=00000001, ECX=bfcd69b0, EDX=00000000, EBX=b4f8d000, ESP=bfcd6960, EBP=00000000, ESI=b4f8d000, EDI=b4f8d000
-1	26889	libc.so.6           	b4e088da	                                        	8b 7c 24 34                                       	mov edi, dword ptr [esp+0x34]                     		EAX=00000001, ECX=bfcd69b0, EDX=00000000, EBX=b4f8d000, ESP=bfcd6960, EBP=00000000, ESI=00000008, EDI=b4f8d000
-1	26889	libc.so.6           	b4e088de	                                        	89 44 24 0c                                       	mov dword ptr [esp+0xc], eax                      		EAX=00000001, ECX=bfcd69b0, EDX=00000000, EBX=b4f8d000, ESP=bfcd6960, EBP=00000000, ESI=00000008, EDI=b4f8d3dc
-1	26889	libc.so.6           	b4e088e2	                                        	e8 e9 05 00 00                                    	call 0xb4e08ed0                                   		EAX=00000001, ECX=bfcd69b0, EDX=00000000, EBX=b4f8d000, ESP=bfcd6960, EBP=00000000, ESI=00000008, EDI=b4f8d3dc
-1	26889	libc.so.6           	b4e08ed0	                                        	55                                                	push ebp                                          		EAX=00000001, ECX=bfcd69b0, EDX=00000000, EBX=b4f8d000, ESP=bfcd695c, EBP=00000000, ESI=00000008, EDI=b4f8d3dc
-1	26889	libc.so.6           	b4e08ed1	                                        	57                                                	push edi                                          		EAX=00000001, ECX=bfcd69b0, EDX=00000000, EBX=b4f8d000, ESP=bfcd6958, EBP=00000000, ESI=00000008, EDI=b4f8d3dc
-1	26889	libc.so.6           	b4e08ed2	                                        	56                                                	push esi                                          		EAX=00000001, ECX=bfcd69b0, EDX=00000000, EBX=b4f8d000, ESP=bfcd6954, EBP=00000000, ESI=00000008, EDI=b4f8d3dc
-1	26889	libc.so.6           	b4e08ed3	                                        	53                                                	push ebx                                          		EAX=00000001, ECX=bfcd69b0, EDX=00000000, EBX=b4f8d000, ESP=bfcd6950, EBP=00000000, ESI=00000008, EDI=b4f8d3dc
-1	26889	libc.so.6           	b4e08ed4	                                        	e8 9c 0d 0f 00                                    	call 0xb4ef9c75                                   		EAX=00000001, ECX=bfcd69b0, EDX=00000000, EBX=b4f8d000, ESP=bfcd694c, EBP=00000000, ESI=00000008, EDI=b4f8d3dc
-1	26889	libc.so.6           	b4ef9c75	__call_tls_dtors                        	8b 1c 24                                          	mov ebx, dword ptr [esp]                          		EAX=00000001, ECX=bfcd69b0, EDX=00000000, EBX=b4f8d000, ESP=bfcd6948, EBP=00000000, ESI=00000008, EDI=b4f8d3dc
-1	26889	libc.so.6           	b4ef9c78	                                        	c3                                                	ret                                               		EAX=00000001, ECX=bfcd69b0, EDX=00000000, EBX=b4e08ed9, ESP=bfcd6948, EBP=00000000, ESI=00000008, EDI=b4f8d3dc
-1	26889	libc.so.6           	b4e08ed9	                                        	81 c3 27 41 18 00                                 	add ebx, 0x184127                                 		EAX=00000001, ECX=bfcd69b0, EDX=00000000, EBX=b4e08ed9, ESP=bfcd694c, EBP=00000000, ESI=00000008, EDI=b4f8d3dc
-1	26889	libc.so.6           	b4e08edf	                                        	83 ec 0c                                          	sub esp, 0xc                                      		EAX=00000001, ECX=bfcd69b0, EDX=00000000, EBX=b4f8d000, ESP=bfcd694c, EBP=00000000, ESI=00000008, EDI=b4f8d3dc
-1	26889	libc.so.6           	b4e08ee2	                                        	65 8b 2d 00 00 00 00                              	mov ebp, dword ptr gs:[0x0]                       		EAX=00000001, ECX=bfcd69b0, EDX=00000000, EBX=b4f8d000, ESP=bfcd6940, EBP=00000000, ESI=00000008, EDI=b4f8d3dc
-1	26889	libc.so.6           	b4e08ee9	                                        	8b bb a0 fe ff ff                                 	mov edi, dword ptr [ebx-0x160]                    		EAX=00000001, ECX=bfcd69b0, EDX=00000000, EBX=b4f8d000, ESP=bfcd6940, EBP=b4dc6700, ESI=00000008, EDI=b4f8d3dc
-1	26889	libc.so.6           	b4e08eef	                                        	8b 74 3d 00                                       	mov esi, dword ptr [ebp+edi*1]                    		EAX=00000001, ECX=bfcd69b0, EDX=00000000, EBX=b4f8d000, ESP=bfcd6940, EBP=b4dc6700, ESI=00000008, EDI=ffffffd4
-1	26889	libc.so.6           	b4e08ef3	                                        	85 f6                                             	test esi, esi                                     		EAX=00000001, ECX=bfcd69b0, EDX=00000000, EBX=b4f8d000, ESP=bfcd6940, EBP=b4dc6700, ESI=00000000, EDI=ffffffd4
-1	26889	libc.so.6           	b4e08ef5	                                        	74 42                                             	jz 0xb4e08f39                                     		EAX=00000001, ECX=bfcd69b0, EDX=00000000, EBX=b4f8d000, ESP=bfcd6940, EBP=b4dc6700, ESI=00000000, EDI=ffffffd4
-1	26889	libc.so.6           	b4e08f39	                                        	83 c4 0c                                          	add esp, 0xc                                      		EAX=00000001, ECX=bfcd69b0, EDX=00000000, EBX=b4f8d000, ESP=bfcd6940, EBP=b4dc6700, ESI=00000000, EDI=ffffffd4
-1	26889	libc.so.6           	b4e08f3c	                                        	5b                                                	pop ebx                                           		EAX=00000001, ECX=bfcd69b0, EDX=00000000, EBX=b4f8d000, ESP=bfcd694c, EBP=b4dc6700, ESI=00000000, EDI=ffffffd4
-1	26889	libc.so.6           	b4e08f3d	                                        	5e                                                	pop esi                                           		EAX=00000001, ECX=bfcd69b0, EDX=00000000, EBX=b4f8d000, ESP=bfcd6950, EBP=b4dc6700, ESI=00000000, EDI=ffffffd4
-1	26889	libc.so.6           	b4e08f3e	                                        	5f                                                	pop edi                                           		EAX=00000001, ECX=bfcd69b0, EDX=00000000, EBX=b4f8d000, ESP=bfcd6954, EBP=b4dc6700, ESI=00000008, EDI=ffffffd4
-1	26889	libc.so.6           	b4e08f3f	                                        	5d                                                	pop ebp                                           		EAX=00000001, ECX=bfcd69b0, EDX=00000000, EBX=b4f8d000, ESP=bfcd6958, EBP=b4dc6700, ESI=00000008, EDI=b4f8d3dc
-1	26889	libc.so.6           	b4e08f40	                                        	c3                                                	ret                                               		EAX=00000001, ECX=bfcd69b0, EDX=00000000, EBX=b4f8d000, ESP=bfcd695c, EBP=00000000, ESI=00000008, EDI=b4f8d3dc
-1	26889	libc.so.6           	b4e088e7	                                        	8b 2f                                             	mov ebp, dword ptr [edi]                          		EAX=00000001, ECX=bfcd69b0, EDX=00000000, EBX=b4f8d000, ESP=bfcd6960, EBP=00000000, ESI=00000008, EDI=b4f8d3dc
-1	26889	libc.so.6           	b4e088e9	                                        	85 ed                                             	test ebp, ebp                                     		EAX=00000001, ECX=bfcd69b0, EDX=00000000, EBX=b4f8d000, ESP=bfcd6960, EBP=b4f8e1e0, ESI=00000008, EDI=b4f8d3dc
-1	26889	libc.so.6           	b4e088eb	                                        	74 42                                             	jz 0xb4e0892f                                     		EAX=00000001, ECX=bfcd69b0, EDX=00000000, EBX=b4f8d000, ESP=bfcd6960, EBP=b4f8e1e0, ESI=00000008, EDI=b4f8d3dc
-1	26889	libc.so.6           	b4e088ed	                                        	8d 76 00                                          	lea esi, ptr [esi]                                		EAX=00000001, ECX=bfcd69b0, EDX=00000000, EBX=b4f8d000, ESP=bfcd6960, EBP=b4f8e1e0, ESI=00000008, EDI=b4f8d3dc
-1	26889	libc.so.6           	b4e088f0	                                        	8b 45 04                                          	mov eax, dword ptr [ebp+0x4]                      		EAX=00000001, ECX=bfcd69b0, EDX=00000000, EBX=b4f8d000, ESP=bfcd6960, EBP=b4f8e1e0, ESI=00000008, EDI=b4f8d3dc
-1	26889	libc.so.6           	b4e088f3	                                        	89 c2                                             	mov edx, eax                                      		EAX=00000001, ECX=bfcd69b0, EDX=00000000, EBX=b4f8d000, ESP=bfcd6960, EBP=b4f8e1e0, ESI=00000008, EDI=b4f8d3dc
-1	26889	libc.so.6           	b4e088f5	                                        	c1 e2 04                                          	shl edx, 0x4                                      		EAX=00000001, ECX=bfcd69b0, EDX=00000001, EBX=b4f8d000, ESP=bfcd6960, EBP=b4f8e1e0, ESI=00000008, EDI=b4f8d3dc
-1	26889	libc.so.6           	b4e088f8	                                        	85 c0                                             	test eax, eax                                     		EAX=00000001, ECX=bfcd69b0, EDX=00000010, EBX=b4f8d000, ESP=bfcd6960, EBP=b4f8e1e0, ESI=00000008, EDI=b4f8d3dc
-1	26889	libc.so.6           	b4e088fa	                                        	8d 4c 15 f8                                       	lea ecx, ptr [ebp+edx*1-0x8]                      		EAX=00000001, ECX=bfcd69b0, EDX=00000010, EBX=b4f8d000, ESP=bfcd6960, EBP=b4f8e1e0, ESI=00000008, EDI=b4f8d3dc
-1	26889	libc.so.6           	b4e088fe	                                        	74 22                                             	jz 0xb4e08922                                     		EAX=00000001, ECX=b4f8e1e8, EDX=00000010, EBX=b4f8d000, ESP=bfcd6960, EBP=b4f8e1e0, ESI=00000008, EDI=b4f8d3dc
-1	26889	libc.so.6           	b4e08900	                                        	8b 11                                             	mov edx, dword ptr [ecx]                          		EAX=00000001, ECX=b4f8e1e8, EDX=00000010, EBX=b4f8d000, ESP=bfcd6960, EBP=b4f8e1e0, ESI=00000008, EDI=b4f8d3dc
-1	26889	libc.so.6           	b4e08902	                                        	83 e8 01                                          	sub eax, 0x1                                      		EAX=00000001, ECX=b4f8e1e8, EDX=00000004, EBX=b4f8d000, ESP=bfcd6960, EBP=b4f8e1e0, ESI=00000008, EDI=b4f8d3dc
-1	26889	libc.so.6           	b4e08905	                                        	89 45 04                                          	mov dword ptr [ebp+0x4], eax                      		EAX=00000000, ECX=b4f8e1e8, EDX=00000004, EBX=b4f8d000, ESP=bfcd6960, EBP=b4f8e1e0, ESI=00000008, EDI=b4f8d3dc
-1	26889	libc.so.6           	b4e08908	                                        	83 fa 03                                          	cmp edx, 0x3                                      		EAX=00000000, ECX=b4f8e1e8, EDX=00000004, EBX=b4f8d000, ESP=bfcd6960, EBP=b4f8e1e0, ESI=00000008, EDI=b4f8d3dc
-1	26889	libc.so.6           	b4e0890b	                                        	0f 84 9f 00 00 00                                 	jz 0xb4e089b0                                     		EAX=00000000, ECX=b4f8e1e8, EDX=00000004, EBX=b4f8d000, ESP=bfcd6960, EBP=b4f8e1e0, ESI=00000008, EDI=b4f8d3dc
-1	26889	libc.so.6           	b4e08911	                                        	83 fa 04                                          	cmp edx, 0x4                                      		EAX=00000000, ECX=b4f8e1e8, EDX=00000004, EBX=b4f8d000, ESP=bfcd6960, EBP=b4f8e1e0, ESI=00000008, EDI=b4f8d3dc
-1	26889	libc.so.6           	b4e08914	                                        	74 72                                             	jz 0xb4e08988                                     		EAX=00000000, ECX=b4f8e1e8, EDX=00000004, EBX=b4f8d000, ESP=bfcd6960, EBP=b4f8e1e0, ESI=00000008, EDI=b4f8d3dc
-1	26889	libc.so.6           	b4e08988	                                        	c1 e0 04                                          	shl eax, 0x4                                      		EAX=00000000, ECX=b4f8e1e8, EDX=00000004, EBX=b4f8d000, ESP=bfcd6960, EBP=b4f8e1e0, ESI=00000008, EDI=b4f8d3dc
-1	26889	libc.so.6           	b4e0898b	                                        	83 ec 08                                          	sub esp, 0x8                                      		EAX=00000000, ECX=b4f8e1e8, EDX=00000004, EBX=b4f8d000, ESP=bfcd6960, EBP=b4f8e1e0, ESI=00000008, EDI=b4f8d3dc
-1	26889	libc.so.6           	b4e0898e	                                        	01 e8                                             	add eax, ebp                                      		EAX=00000000, ECX=b4f8e1e8, EDX=00000004, EBX=b4f8d000, ESP=bfcd6958, EBP=b4f8e1e0, ESI=00000008, EDI=b4f8d3dc
-1	26889	libc.so.6           	b4e08990	                                        	8b 50 0c                                          	mov edx, dword ptr [eax+0xc]                      		EAX=b4f8e1e0, ECX=b4f8e1e8, EDX=00000004, EBX=b4f8d000, ESP=bfcd6958, EBP=b4f8e1e0, ESI=00000008, EDI=b4f8d3dc
-1	26889	libc.so.6           	b4e08993	                                        	56                                                	push esi                                          		EAX=b4f8e1e0, ECX=b4f8e1e8, EDX=1fa98363, EBX=b4f8d000, ESP=bfcd6958, EBP=b4f8e1e0, ESI=00000008, EDI=b4f8d3dc
-1	26889	libc.so.6           	b4e08994	                                        	ff 70 10                                          	push dword ptr [eax+0x10]                         		EAX=b4f8e1e0, ECX=b4f8e1e8, EDX=1fa98363, EBX=b4f8d000, ESP=bfcd6954, EBP=b4f8e1e0, ESI=00000008, EDI=b4f8d3dc
-1	26889	libc.so.6           	b4e08997	                                        	c1 ca 09                                          	ror edx, 0x9                                      		EAX=b4f8e1e0, ECX=b4f8e1e8, EDX=1fa98363, EBX=b4f8d000, ESP=bfcd6950, EBP=b4f8e1e0, ESI=00000008, EDI=b4f8d3dc
-1	26889	libc.so.6           	b4e0899a	                                        	65 33 15 18 00 00 00                              	xor edx, dword ptr gs:[0x18]                      		EAX=b4f8e1e0, ECX=b4f8e1e8, EDX=b18fd4c1, EBX=b4f8d000, ESP=bfcd6950, EBP=b4f8e1e0, ESI=00000008, EDI=b4f8d3dc
-1	26889	libc.so.6           	b4e089a1	                                        	ff d2                                             	call edx                                          		EAX=b4f8e1e0, ECX=b4f8e1e8, EDX=b7702880, EBX=b4f8d000, ESP=bfcd6950, EBP=b4f8e1e0, ESI=00000008, EDI=b4f8d3dc
-1	26889	ld-linux.so.2       	b7702880	                                        	55                                                	push ebp                                          		EAX=b4f8e1e0, ECX=b4f8e1e8, EDX=b7702880, EBX=b4f8d000, ESP=bfcd694c, EBP=b4f8e1e0, ESI=00000008, EDI=b4f8d3dc
-1	26889	ld-linux.so.2       	b7702881	                                        	8d 0d 20 00 00 00                                 	lea ecx, ptr [0x20]                               		EAX=b4f8e1e0, ECX=b4f8e1e8, EDX=b7702880, EBX=b4f8d000, ESP=bfcd6948, EBP=b4f8e1e0, ESI=00000008, EDI=b4f8d3dc
-1	26889	ld-linux.so.2       	b7702887	                                        	e8 55 a0 00 00                                    	call 0xb770c8e1                                   		EAX=b4f8e1e0, ECX=00000020, EDX=b7702880, EBX=b4f8d000, ESP=bfcd6948, EBP=b4f8e1e0, ESI=00000008, EDI=b4f8d3dc
-1	26889	ld-linux.so.2       	b770c8e1	                                        	8b 04 24                                          	mov eax, dword ptr [esp]                          		EAX=b4f8e1e0, ECX=00000020, EDX=b7702880, EBX=b4f8d000, ESP=bfcd6944, EBP=b4f8e1e0, ESI=00000008, EDI=b4f8d3dc
-1	26889	ld-linux.so.2       	b770c8e4	                                        	c3                                                	ret                                               		EAX=b770288c, ECX=00000020, EDX=b7702880, EBX=b4f8d000, ESP=bfcd6944, EBP=b4f8e1e0, ESI=00000008, EDI=b4f8d3dc
-1	26889	ld-linux.so.2       	b770288c	                                        	05 74 47 01 00                                    	add eax, 0x14774                                  		EAX=b770288c, ECX=00000020, EDX=b7702880, EBX=b4f8d000, ESP=bfcd6948, EBP=b4f8e1e0, ESI=00000008, EDI=b4f8d3dc
-1	26889	ld-linux.so.2       	b7702891	                                        	89 e5                                             	mov ebp, esp                                      		EAX=b7717000, ECX=00000020, EDX=b7702880, EBX=b4f8d000, ESP=bfcd6948, EBP=b4f8e1e0, ESI=00000008, EDI=b4f8d3dc
-1	26889	ld-linux.so.2       	b7702893	                                        	57                                                	push edi                                          		EAX=b7717000, ECX=00000020, EDX=b7702880, EBX=b4f8d000, ESP=bfcd6948, EBP=bfcd6948, ESI=00000008, EDI=b4f8d3dc
-1	26889	ld-linux.so.2       	b7702894	                                        	56                                                	push esi                                          		EAX=b7717000, ECX=00000020, EDX=b7702880, EBX=b4f8d000, ESP=bfcd6944, EBP=bfcd6948, ESI=00000008, EDI=b4f8d3dc
-1	26889	ld-linux.so.2       	b7702895	                                        	53                                                	push ebx                                          		EAX=b7717000, ECX=00000020, EDX=b7702880, EBX=b4f8d000, ESP=bfcd6940, EBP=bfcd6948, ESI=00000008, EDI=b4f8d3dc
-1	26889	ld-linux.so.2       	b7702896	                                        	83 ec 4c                                          	sub esp, 0x4c                                     		EAX=b7717000, ECX=00000020, EDX=b7702880, EBX=b4f8d000, ESP=bfcd693c, EBP=bfcd6948, ESI=00000008, EDI=b4f8d3dc
-1	26889	ld-linux.so.2       	b7702899	                                        	89 45 dc                                          	mov dword ptr [ebp-0x24], eax                     		EAX=b7717000, ECX=00000020, EDX=b7702880, EBX=b4f8d000, ESP=bfcd68f0, EBP=bfcd6948, ESI=00000008, EDI=b4f8d3dc
-1	26889	ld-linux.so.2       	b770289c	                                        	89 4d d8                                          	mov dword ptr [ebp-0x28], ecx                     		EAX=b7717000, ECX=00000020, EDX=b7702880, EBX=b4f8d000, ESP=bfcd68f0, EBP=bfcd6948, ESI=00000008, EDI=b4f8d3dc
-1	26889	ld-linux.so.2       	b770289f	                                        	8d 88 20 00 00 00                                 	lea ecx, ptr [eax+0x20]                           		EAX=b7717000, ECX=00000020, EDX=b7702880, EBX=b4f8d000, ESP=bfcd68f0, EBP=bfcd6948, ESI=00000008, EDI=b4f8d3dc
-1	26889	ld-linux.so.2       	b77028a5	                                        	8d 80 e4 04 00 00                                 	lea eax, ptr [eax+0x4e4]                          		EAX=b7717000, ECX=b7717020, EDX=b7702880, EBX=b4f8d000, ESP=bfcd68f0, EBP=bfcd6948, ESI=00000008, EDI=b4f8d3dc
-1	26889	ld-linux.so.2       	b77028ab	                                        	c7 45 cc 00 00 00 00                              	mov dword ptr [ebp-0x34], 0x0                     		EAX=b77174e4, ECX=b7717020, EDX=b7702880, EBX=b4f8d000, ESP=bfcd68f0, EBP=bfcd6948, ESI=00000008, EDI=b4f8d3dc
-1	26889	ld-linux.so.2       	b77028b2	                                        	89 4d ac                                          	mov dword ptr [ebp-0x54], ecx                     		EAX=b77174e4, ECX=b7717020, EDX=b7702880, EBX=b4f8d000, ESP=bfcd68f0, EBP=bfcd6948, ESI=00000008, EDI=b4f8d3dc
-1	26889	ld-linux.so.2       	b77028b5	                                        	89 45 d0                                          	mov dword ptr [ebp-0x30], eax                     		EAX=b77174e4, ECX=b7717020, EDX=b7702880, EBX=b4f8d000, ESP=bfcd68f0, EBP=bfcd6948, ESI=00000008, EDI=b4f8d3dc
-1	26889	ld-linux.so.2       	b77028b8	                                        	8b 4d dc                                          	mov ecx, dword ptr [ebp-0x24]                     		EAX=b77174e4, ECX=b7717020, EDX=b7702880, EBX=b4f8d000, ESP=bfcd68f0, EBP=bfcd6948, ESI=00000008, EDI=b4f8d3dc
-1	26889	ld-linux.so.2       	b77028bb	                                        	8b 45 d8                                          	mov eax, dword ptr [ebp-0x28]                     		EAX=b77174e4, ECX=b7717000, EDX=b7702880, EBX=b4f8d000, ESP=bfcd68f0, EBP=bfcd6948, ESI=00000008, EDI=b4f8d3dc
-1	26889	ld-linux.so.2       	b77028be	                                        	8b 84 08 c0 04 00 00                              	mov eax, dword ptr [eax+ecx*1+0x4c0]              		EAX=00000020, ECX=b7717000, EDX=b7702880, EBX=b4f8d000, ESP=bfcd68f0, EBP=bfcd6948, ESI=00000008, EDI=b4f8d3dc
-1	26889	ld-linux.so.2       	b77028c5	                                        	89 c1                                             	mov ecx, eax                                      		EAX=00000001, ECX=b7717000, EDX=b7702880, EBX=b4f8d000, ESP=bfcd68f0, EBP=bfcd6948, ESI=00000008, EDI=b4f8d3dc
-1	26889	ld-linux.so.2       	b77028c7	                                        	83 e9 01                                          	sub ecx, 0x1                                      		EAX=00000001, ECX=00000001, EDX=b7702880, EBX=b4f8d000, ESP=bfcd68f0, EBP=bfcd6948, ESI=00000008, EDI=b4f8d3dc
-1	26889	ld-linux.so.2       	b77028ca	                                        	89 4d e0                                          	mov dword ptr [ebp-0x20], ecx                     		EAX=00000001, ECX=00000000, EDX=b7702880, EBX=b4f8d000, ESP=bfcd68f0, EBP=bfcd6948, ESI=00000008, EDI=b4f8d3dc
-1	26889	ld-linux.so.2       	b77028cd	                                        	0f 88 00 02 00 00                                 	js 0xb7702ad3                                     		EAX=00000001, ECX=00000000, EDX=b7702880, EBX=b4f8d000, ESP=bfcd68f0, EBP=bfcd6948, ESI=00000008, EDI=b4f8d3dc
-1	26889	ld-linux.so.2       	b77028d3	                                        	8b 4d ac                                          	mov ecx, dword ptr [ebp-0x54]                     		EAX=00000001, ECX=00000000, EDX=b7702880, EBX=b4f8d000, ESP=bfcd68f0, EBP=bfcd6948, ESI=00000008, EDI=b4f8d3dc
-1	26889	ld-linux.so.2       	b77028d6	                                        	6b c0 4c                                          	imul eax, eax, 0x4c                               		EAX=00000001, ECX=b7717020, EDX=b7702880, EBX=b4f8d000, ESP=bfcd68f0, EBP=bfcd6948, ESI=00000008, EDI=b4f8d3dc
-1	26889	ld-linux.so.2       	b77028d9	                                        	8d 44 01 b8                                       	lea eax, ptr [ecx+eax*1-0x48]                     		EAX=0000004c, ECX=b7717020, EDX=b7702880, EBX=b4f8d000, ESP=bfcd68f0, EBP=bfcd6948, ESI=00000008, EDI=b4f8d3dc
-1	26889	ld-linux.so.2       	b77028dd	                                        	89 45 d4                                          	mov dword ptr [ebp-0x2c], eax                     		EAX=b7717024, ECX=b7717020, EDX=b7702880, EBX=b4f8d000, ESP=bfcd68f0, EBP=bfcd6948, ESI=00000008, EDI=b4f8d3dc
-1	26889	ld-linux.so.2       	b77028e0	                                        	8b 45 dc                                          	mov eax, dword ptr [ebp-0x24]                     		EAX=b7717024, ECX=b7717020, EDX=b7702880, EBX=b4f8d000, ESP=bfcd68f0, EBP=bfcd6948, ESI=00000008, EDI=b4f8d3dc
-1	26889	ld-linux.so.2       	b77028e3	                                        	8d 88 8b 73 ff ff                                 	lea ecx, ptr [eax-0x8c75]                         		EAX=b7717000, ECX=b7717020, EDX=b7702880, EBX=b4f8d000, ESP=bfcd68f0, EBP=bfcd6948, ESI=00000008, EDI=b4f8d3dc
-1	26889	ld-linux.so.2       	b77028e9	                                        	8d 80 73 6b ff ff                                 	lea eax, ptr [eax-0x948d]                         		EAX=b7717000, ECX=b770e38b, EDX=b7702880, EBX=b4f8d000, ESP=bfcd68f0, EBP=bfcd6948, ESI=00000008, EDI=b4f8d3dc
-1	26889	ld-linux.so.2       	b77028ef	                                        	89 4d b8                                          	mov dword ptr [ebp-0x48], ecx                     		EAX=b770db73, ECX=b770e38b, EDX=b7702880, EBX=b4f8d000, ESP=bfcd68f0, EBP=bfcd6948, ESI=00000008, EDI=b4f8d3dc
-1	26889	ld-linux.so.2       	b77028f2	                                        	89 45 b4                                          	mov dword ptr [ebp-0x4c], eax                     		EAX=b770db73, ECX=b770e38b, EDX=b7702880, EBX=b4f8d000, ESP=bfcd68f0, EBP=bfcd6948, ESI=00000008, EDI=b4f8d3dc
-1	26889	ld-linux.so.2       	b77028f5	                                        	eb 33                                             	jmp 0xb770292a                                    		EAX=b770db73, ECX=b770e38b, EDX=b7702880, EBX=b4f8d000, ESP=bfcd68f0, EBP=bfcd6948, ESI=00000008, EDI=b4f8d3dc
-1	26889	ld-linux.so.2       	b770292a	                                        	8b 45 d8                                          	mov eax, dword ptr [ebp-0x28]                     		EAX=b770db73, ECX=b770e38b, EDX=b7702880, EBX=b4f8d000, ESP=bfcd68f0, EBP=bfcd6948, ESI=00000008, EDI=b4f8d3dc
-1	26889	ld-linux.so.2       	b770292d	                                        	8b 4d dc                                          	mov ecx, dword ptr [ebp-0x24]                     		EAX=00000020, ECX=b770e38b, EDX=b7702880, EBX=b4f8d000, ESP=bfcd68f0, EBP=bfcd6948, ESI=00000008, EDI=b4f8d3dc
-1	26889	ld-linux.so.2       	b7702930	                                        	83 ec 0c                                          	sub esp, 0xc                                      		EAX=00000020, ECX=b7717000, EDX=b7702880, EBX=b4f8d000, ESP=bfcd68f0, EBP=bfcd6948, ESI=00000008, EDI=b4f8d3dc
-1	26889	ld-linux.so.2       	b7702933	                                        	ff 75 d0                                          	push dword ptr [ebp-0x30]                         		EAX=00000020, ECX=b7717000, EDX=b7702880, EBX=b4f8d000, ESP=bfcd68e4, EBP=bfcd6948, ESI=00000008, EDI=b4f8d3dc
-1	26889	ld-linux.so.2       	b7702936	                                        	ff 94 08 f8 07 00 00                              	call dword ptr [eax+ecx*1+0x7f8]                  		EAX=00000020, ECX=b7717000, EDX=b7702880, EBX=b4f8d000, ESP=bfcd68e0, EBP=bfcd6948, ESI=00000008, EDI=b4f8d3dc
-1	26889	ld-linux.so.2       	b770293d	                                        	8b 45 d4                                          	mov eax, dword ptr [ebp-0x2c]                     		EAX=b77174e4, ECX=b7717000, EDX=b7702880, EBX=b4f8d000, ESP=bfcd68e0, EBP=bfcd6948, ESI=00000008, EDI=b4f8d3dc
-1	26889	ld-linux.so.2       	b7702940	                                        	83 c4 10                                          	add esp, 0x10                                     		EAX=b7717024, ECX=b7717000, EDX=b7702880, EBX=b4f8d000, ESP=bfcd68e0, EBP=bfcd6948, ESI=00000008, EDI=b4f8d3dc
-1	26889	ld-linux.so.2       	b7702943	                                        	8b 08                                             	mov ecx, dword ptr [eax]                          		EAX=b7717024, ECX=b7717000, EDX=b7702880, EBX=b4f8d000, ESP=bfcd68f0, EBP=bfcd6948, ESI=00000008, EDI=b4f8d3dc
-1	26889	ld-linux.so.2       	b7702945	                                        	85 c9                                             	test ecx, ecx                                     		EAX=b7717024, ECX=00000004, EDX=b7702880, EBX=b4f8d000, ESP=bfcd68f0, EBP=bfcd6948, ESI=00000008, EDI=b4f8d3dc
-1	26889	ld-linux.so.2       	b7702947	                                        	74 b7                                             	jz 0xb7702900                                     		EAX=b7717024, ECX=00000004, EDX=b7702880, EBX=b4f8d000, ESP=bfcd68f0, EBP=bfcd6948, ESI=00000008, EDI=b4f8d3dc
-1	26889	ld-linux.so.2       	b7702949	                                        	8b 40 fc                                          	mov eax, dword ptr [eax-0x4]                      		EAX=b7717024, ECX=00000004, EDX=b7702880, EBX=b4f8d000, ESP=bfcd68f0, EBP=bfcd6948, ESI=00000008, EDI=b4f8d3dc
-1	26889	ld-linux.so.2       	b770294c	                                        	0f b6 90 95 01 00 00                              	movzx edx, byte ptr [eax+0x195]                   		EAX=b7717918, ECX=00000004, EDX=b7702880, EBX=b4f8d000, ESP=bfcd68f0, EBP=bfcd6948, ESI=00000008, EDI=b4f8d3dc
-1	26889	ld-linux.so.2       	b7702953	                                        	c0 ea 03                                          	shr dl, 0x3                                       		EAX=b7717918, ECX=00000004, EDX=00000000, EBX=b4f8d000, ESP=bfcd68f0, EBP=bfcd6948, ESI=00000008, EDI=b4f8d3dc
-1	26889	ld-linux.so.2       	b7702956	                                        	83 e2 01                                          	and edx, 0x1                                      		EAX=b7717918, ECX=00000004, EDX=00000000, EBX=b4f8d000, ESP=bfcd68f0, EBP=bfcd6948, ESI=00000008, EDI=b4f8d3dc
-1	26889	ld-linux.so.2       	b7702959	                                        	39 55 cc                                          	cmp dword ptr [ebp-0x34], edx                     		EAX=b7717918, ECX=00000004, EDX=00000000, EBX=b4f8d000, ESP=bfcd68f0, EBP=bfcd6948, ESI=00000008, EDI=b4f8d3dc
-1	26889	ld-linux.so.2       	b770295c	                                        	75 a2                                             	jnz 0xb7702900                                    		EAX=b7717918, ECX=00000004, EDX=00000000, EBX=b4f8d000, ESP=bfcd68f0, EBP=bfcd6948, ESI=00000008, EDI=b4f8d3dc
-1	26889	ld-linux.so.2       	b770295e	                                        	8d 14 8d 12 00 00 00                              	lea edx, ptr [ecx*4+0x12]                         		EAX=b7717918, ECX=00000004, EDX=00000000, EBX=b4f8d000, ESP=bfcd68f0, EBP=bfcd6948, ESI=00000008, EDI=b4f8d3dc
-1	26889	ld-linux.so.2       	b7702965	                                        	89 65 bc                                          	mov dword ptr [ebp-0x44], esp                     		EAX=b7717918, ECX=00000004, EDX=00000022, EBX=b4f8d000, ESP=bfcd68f0, EBP=bfcd6948, ESI=00000008, EDI=b4f8d3dc
-1	26889	ld-linux.so.2       	b7702968	                                        	83 e2 f0                                          	and edx, 0xfffffff0                               		EAX=b7717918, ECX=00000004, EDX=00000022, EBX=b4f8d000, ESP=bfcd68f0, EBP=bfcd6948, ESI=00000008, EDI=b4f8d3dc
-1	26889	ld-linux.so.2       	b770296b	                                        	29 d4                                             	sub esp, edx                                      		EAX=b7717918, ECX=00000004, EDX=00000020, EBX=b4f8d000, ESP=bfcd68f0, EBP=bfcd6948, ESI=00000008, EDI=b4f8d3dc
-1	26889	ld-linux.so.2       	b770296d	                                        	31 d2                                             	xor edx, edx                                      		EAX=b7717918, ECX=00000004, EDX=00000020, EBX=b4f8d000, ESP=bfcd68d0, EBP=bfcd6948, ESI=00000008, EDI=b4f8d3dc
-1	26889	ld-linux.so.2       	b770296f	                                        	89 e3                                             	mov ebx, esp                                      		EAX=b7717918, ECX=00000004, EDX=00000000, EBX=b4f8d000, ESP=bfcd68d0, EBP=bfcd6948, ESI=00000008, EDI=b4f8d3dc
-1	26889	ld-linux.so.2       	b7702971	                                        	89 65 c4                                          	mov dword ptr [ebp-0x3c], esp                     		EAX=b7717918, ECX=00000004, EDX=00000000, EBX=bfcd68d0, ESP=bfcd68d0, EBP=bfcd6948, ESI=00000008, EDI=b4f8d3dc
-1	26889	ld-linux.so.2       	b7702974	                                        	eb 11                                             	jmp 0xb7702987                                    		EAX=b7717918, ECX=00000004, EDX=00000000, EBX=bfcd68d0, ESP=bfcd68d0, EBP=bfcd6948, ESI=00000008, EDI=b4f8d3dc
-1	26889	ld-linux.so.2       	b7702987	                                        	3b 40 14                                          	cmp eax, dword ptr [eax+0x14]                     		EAX=b7717918, ECX=00000004, EDX=00000000, EBX=bfcd68d0, ESP=bfcd68d0, EBP=bfcd6948, ESI=00000008, EDI=b4f8d3dc
-1	26889	ld-linux.so.2       	b770298a	                                        	75 f4                                             	jnz 0xb7702980                                    		EAX=b7717918, ECX=00000004, EDX=00000000, EBX=bfcd68d0, ESP=bfcd68d0, EBP=bfcd6948, ESI=00000008, EDI=b4f8d3dc
-1	26889	ld-linux.so.2       	b770298c	                                        	39 d1                                             	cmp ecx, edx                                      		EAX=b7717918, ECX=00000004, EDX=00000000, EBX=bfcd68d0, ESP=bfcd68d0, EBP=bfcd6948, ESI=00000008, EDI=b4f8d3dc
-1	26889	ld-linux.so.2       	b770298e	                                        	0f 86 74 02 00 00                                 	jbe 0xb7702c08                                    		EAX=b7717918, ECX=00000004, EDX=00000000, EBX=bfcd68d0, ESP=bfcd68d0, EBP=bfcd6948, ESI=00000008, EDI=b4f8d3dc
-1	26889	ld-linux.so.2       	b7702994	                                        	89 04 93                                          	mov dword ptr [ebx+edx*4], eax                    		EAX=b7717918, ECX=00000004, EDX=00000000, EBX=bfcd68d0, ESP=bfcd68d0, EBP=bfcd6948, ESI=00000008, EDI=b4f8d3dc
-1	26889	ld-linux.so.2       	b7702997	                                        	89 90 0c 02 00 00                                 	mov dword ptr [eax+0x20c], edx                    		EAX=b7717918, ECX=00000004, EDX=00000000, EBX=bfcd68d0, ESP=bfcd68d0, EBP=bfcd6948, ESI=00000008, EDI=b4f8d3dc
-1	26889	ld-linux.so.2       	b770299d	                                        	83 c2 01                                          	add edx, 0x1                                      		EAX=b7717918, ECX=00000004, EDX=00000000, EBX=bfcd68d0, ESP=bfcd68d0, EBP=bfcd6948, ESI=00000008, EDI=b4f8d3dc
-1	26889	ld-linux.so.2       	b77029a0	                                        	83 80 90 01 00 00 01                              	add dword ptr [eax+0x190], 0x1                    		EAX=b7717918, ECX=00000004, EDX=00000001, EBX=bfcd68d0, ESP=bfcd68d0, EBP=bfcd6948, ESI=00000008, EDI=b4f8d3dc
-1	26889	ld-linux.so.2       	b77029a7	                                        	8b 40 0c                                          	mov eax, dword ptr [eax+0xc]                      		EAX=b7717918, ECX=00000004, EDX=00000001, EBX=bfcd68d0, ESP=bfcd68d0, EBP=bfcd6948, ESI=00000008, EDI=b4f8d3dc
-1	26889	ld-linux.so.2       	b77029aa	                                        	85 c0                                             	test eax, eax                                     		EAX=b7717c08, ECX=00000004, EDX=00000001, EBX=bfcd68d0, ESP=bfcd68d0, EBP=bfcd6948, ESI=00000008, EDI=b4f8d3dc
-1	26889	ld-linux.so.2       	b77029ac	                                        	75 d9                                             	jnz 0xb7702987                                    		EAX=b7717c08, ECX=00000004, EDX=00000001, EBX=bfcd68d0, ESP=bfcd68d0, EBP=bfcd6948, ESI=00000008, EDI=b4f8d3dc
-1	26889	ld-linux.so.2       	b7702987	                                        	3b 40 14                                          	cmp eax, dword ptr [eax+0x14]                     		EAX=b7717c08, ECX=00000004, EDX=00000001, EBX=bfcd68d0, ESP=bfcd68d0, EBP=bfcd6948, ESI=00000008, EDI=b4f8d3dc
-1	26889	ld-linux.so.2       	b770298a	                                        	75 f4                                             	jnz 0xb7702980                                    		EAX=b7717c08, ECX=00000004, EDX=00000001, EBX=bfcd68d0, ESP=bfcd68d0, EBP=bfcd6948, ESI=00000008, EDI=b4f8d3dc
-1	26889	ld-linux.so.2       	b770298c	                                        	39 d1                                             	cmp ecx, edx                                      		EAX=b7717c08, ECX=00000004, EDX=00000001, EBX=bfcd68d0, ESP=bfcd68d0, EBP=bfcd6948, ESI=00000008, EDI=b4f8d3dc
-1	26889	ld-linux.so.2       	b770298e	                                        	0f 86 74 02 00 00                                 	jbe 0xb7702c08                                    		EAX=b7717c08, ECX=00000004, EDX=00000001, EBX=bfcd68d0, ESP=bfcd68d0, EBP=bfcd6948, ESI=00000008, EDI=b4f8d3dc
-1	26889	ld-linux.so.2       	b7702994	                                        	89 04 93                                          	mov dword ptr [ebx+edx*4], eax                    		EAX=b7717c08, ECX=00000004, EDX=00000001, EBX=bfcd68d0, ESP=bfcd68d0, EBP=bfcd6948, ESI=00000008, EDI=b4f8d3dc
-1	26889	ld-linux.so.2       	b7702997	                                        	89 90 0c 02 00 00                                 	mov dword ptr [eax+0x20c], edx                    		EAX=b7717c08, ECX=00000004, EDX=00000001, EBX=bfcd68d0, ESP=bfcd68d0, EBP=bfcd6948, ESI=00000008, EDI=b4f8d3dc
-1	26889	ld-linux.so.2       	b770299d	                                        	83 c2 01                                          	add edx, 0x1                                      		EAX=b7717c08, ECX=00000004, EDX=00000001, EBX=bfcd68d0, ESP=bfcd68d0, EBP=bfcd6948, ESI=00000008, EDI=b4f8d3dc
-1	26889	ld-linux.so.2       	b77029a0	                                        	83 80 90 01 00 00 01                              	add dword ptr [eax+0x190], 0x1                    		EAX=b7717c08, ECX=00000004, EDX=00000002, EBX=bfcd68d0, ESP=bfcd68d0, EBP=bfcd6948, ESI=00000008, EDI=b4f8d3dc
-1	26889	ld-linux.so.2       	b77029a7	                                        	8b 40 0c                                          	mov eax, dword ptr [eax+0xc]                      		EAX=b7717c08, ECX=00000004, EDX=00000002, EBX=bfcd68d0, ESP=bfcd68d0, EBP=bfcd6948, ESI=00000008, EDI=b4f8d3dc
-1	26889	ld-linux.so.2       	b77029aa	                                        	85 c0                                             	test eax, eax                                     		EAX=b50281b0, ECX=00000004, EDX=00000002, EBX=bfcd68d0, ESP=bfcd68d0, EBP=bfcd6948, ESI=00000008, EDI=b4f8d3dc
-1	26889	ld-linux.so.2       	b77029ac	                                        	75 d9                                             	jnz 0xb7702987                                    		EAX=b50281b0, ECX=00000004, EDX=00000002, EBX=bfcd68d0, ESP=bfcd68d0, EBP=bfcd6948, ESI=00000008, EDI=b4f8d3dc
-1	26889	ld-linux.so.2       	b7702987	                                        	3b 40 14                                          	cmp eax, dword ptr [eax+0x14]                     		EAX=b50281b0, ECX=00000004, EDX=00000002, EBX=bfcd68d0, ESP=bfcd68d0, EBP=bfcd6948, ESI=00000008, EDI=b4f8d3dc
-1	26889	ld-linux.so.2       	b770298a	                                        	75 f4                                             	jnz 0xb7702980                                    		EAX=b50281b0, ECX=00000004, EDX=00000002, EBX=bfcd68d0, ESP=bfcd68d0, EBP=bfcd6948, ESI=00000008, EDI=b4f8d3dc
-1	26889	ld-linux.so.2       	b770298c	                                        	39 d1                                             	cmp ecx, edx                                      		EAX=b50281b0, ECX=00000004, EDX=00000002, EBX=bfcd68d0, ESP=bfcd68d0, EBP=bfcd6948, ESI=00000008, EDI=b4f8d3dc
-1	26889	ld-linux.so.2       	b770298e	                                        	0f 86 74 02 00 00                                 	jbe 0xb7702c08                                    		EAX=b50281b0, ECX=00000004, EDX=00000002, EBX=bfcd68d0, ESP=bfcd68d0, EBP=bfcd6948, ESI=00000008, EDI=b4f8d3dc
-1	26889	ld-linux.so.2       	b7702994	                                        	89 04 93                                          	mov dword ptr [ebx+edx*4], eax                    		EAX=b50281b0, ECX=00000004, EDX=00000002, EBX=bfcd68d0, ESP=bfcd68d0, EBP=bfcd6948, ESI=00000008, EDI=b4f8d3dc
-1	26889	ld-linux.so.2       	b7702997	                                        	89 90 0c 02 00 00                                 	mov dword ptr [eax+0x20c], edx                    		EAX=b50281b0, ECX=00000004, EDX=00000002, EBX=bfcd68d0, ESP=bfcd68d0, EBP=bfcd6948, ESI=00000008, EDI=b4f8d3dc
-1	26889	ld-linux.so.2       	b770299d	                                        	83 c2 01                                          	add edx, 0x1                                      		EAX=b50281b0, ECX=00000004, EDX=00000002, EBX=bfcd68d0, ESP=bfcd68d0, EBP=bfcd6948, ESI=00000008, EDI=b4f8d3dc
-1	26889	ld-linux.so.2       	b77029a0	                                        	83 80 90 01 00 00 01                              	add dword ptr [eax+0x190], 0x1                    		EAX=b50281b0, ECX=00000004, EDX=00000003, EBX=bfcd68d0, ESP=bfcd68d0, EBP=bfcd6948, ESI=00000008, EDI=b4f8d3dc
-1	26889	ld-linux.so.2       	b77029a7	                                        	8b 40 0c                                          	mov eax, dword ptr [eax+0xc]                      		EAX=b50281b0, ECX=00000004, EDX=00000003, EBX=bfcd68d0, ESP=bfcd68d0, EBP=bfcd6948, ESI=00000008, EDI=b4f8d3dc
-1	26889	ld-linux.so.2       	b77029aa	                                        	85 c0                                             	test eax, eax                                     		EAX=b771753c, ECX=00000004, EDX=00000003, EBX=bfcd68d0, ESP=bfcd68d0, EBP=bfcd6948, ESI=00000008, EDI=b4f8d3dc
-1	26889	ld-linux.so.2       	b77029ac	                                        	75 d9                                             	jnz 0xb7702987                                    		EAX=b771753c, ECX=00000004, EDX=00000003, EBX=bfcd68d0, ESP=bfcd68d0, EBP=bfcd6948, ESI=00000008, EDI=b4f8d3dc
-1	26889	ld-linux.so.2       	b7702987	                                        	3b 40 14                                          	cmp eax, dword ptr [eax+0x14]                     		EAX=b771753c, ECX=00000004, EDX=00000003, EBX=bfcd68d0, ESP=bfcd68d0, EBP=bfcd6948, ESI=00000008, EDI=b4f8d3dc
-1	26889	ld-linux.so.2       	b770298a	                                        	75 f4                                             	jnz 0xb7702980                                    		EAX=b771753c, ECX=00000004, EDX=00000003, EBX=bfcd68d0, ESP=bfcd68d0, EBP=bfcd6948, ESI=00000008, EDI=b4f8d3dc
-1	26889	ld-linux.so.2       	b770298c	                                        	39 d1                                             	cmp ecx, edx                                      		EAX=b771753c, ECX=00000004, EDX=00000003, EBX=bfcd68d0, ESP=bfcd68d0, EBP=bfcd6948, ESI=00000008, EDI=b4f8d3dc
-1	26889	ld-linux.so.2       	b770298e	                                        	0f 86 74 02 00 00                                 	jbe 0xb7702c08                                    		EAX=b771753c, ECX=00000004, EDX=00000003, EBX=bfcd68d0, ESP=bfcd68d0, EBP=bfcd6948, ESI=00000008, EDI=b4f8d3dc
-1	26889	ld-linux.so.2       	b7702994	                                        	89 04 93                                          	mov dword ptr [ebx+edx*4], eax                    		EAX=b771753c, ECX=00000004, EDX=00000003, EBX=bfcd68d0, ESP=bfcd68d0, EBP=bfcd6948, ESI=00000008, EDI=b4f8d3dc
-1	26889	ld-linux.so.2       	b7702997	                                        	89 90 0c 02 00 00                                 	mov dword ptr [eax+0x20c], edx                    		EAX=b771753c, ECX=00000004, EDX=00000003, EBX=bfcd68d0, ESP=bfcd68d0, EBP=bfcd6948, ESI=00000008, EDI=b4f8d3dc
-1	26889	ld-linux.so.2       	b770299d	                                        	83 c2 01                                          	add edx, 0x1                                      		EAX=b771753c, ECX=00000004, EDX=00000003, EBX=bfcd68d0, ESP=bfcd68d0, EBP=bfcd6948, ESI=00000008, EDI=b4f8d3dc
-1	26889	ld-linux.so.2       	b77029a0	                                        	83 80 90 01 00 00 01                              	add dword ptr [eax+0x190], 0x1                    		EAX=b771753c, ECX=00000004, EDX=00000004, EBX=bfcd68d0, ESP=bfcd68d0, EBP=bfcd6948, ESI=00000008, EDI=b4f8d3dc
-1	26889	ld-linux.so.2       	b77029a7	                                        	8b 40 0c                                          	mov eax, dword ptr [eax+0xc]                      		EAX=b771753c, ECX=00000004, EDX=00000004, EBX=bfcd68d0, ESP=bfcd68d0, EBP=bfcd6948, ESI=00000008, EDI=b4f8d3dc
-1	26889	ld-linux.so.2       	b77029aa	                                        	85 c0                                             	test eax, eax                                     		EAX=00000000, ECX=00000004, EDX=00000004, EBX=bfcd68d0, ESP=bfcd68d0, EBP=bfcd6948, ESI=00000008, EDI=b4f8d3dc
-1	26889	ld-linux.so.2       	b77029ac	                                        	75 d9                                             	jnz 0xb7702987                                    		EAX=00000000, ECX=00000004, EDX=00000004, EBX=bfcd68d0, ESP=bfcd68d0, EBP=bfcd6948, ESI=00000008, EDI=b4f8d3dc
-1	26889	ld-linux.so.2       	b77029ae	                                        	66 90                                             	data16 nop                                        		EAX=00000000, ECX=00000004, EDX=00000004, EBX=bfcd68d0, ESP=bfcd68d0, EBP=bfcd6948, ESI=00000008, EDI=b4f8d3dc
-1	26889	ld-linux.so.2       	b77029b0	                                        	8b 75 e0                                          	mov esi, dword ptr [ebp-0x20]                     		EAX=00000000, ECX=00000004, EDX=00000004, EBX=bfcd68d0, ESP=bfcd68d0, EBP=bfcd6948, ESI=00000008, EDI=b4f8d3dc
-1	26889	ld-linux.so.2       	b77029b3	                                        	39 ca                                             	cmp edx, ecx                                      		EAX=00000000, ECX=00000004, EDX=00000004, EBX=bfcd68d0, ESP=bfcd68d0, EBP=bfcd6948, ESI=00000000, EDI=b4f8d3dc
-1	26889	ld-linux.so.2       	b77029b5	                                        	89 55 c8                                          	mov dword ptr [ebp-0x38], edx                     		EAX=00000000, ECX=00000004, EDX=00000004, EBX=bfcd68d0, ESP=bfcd68d0, EBP=bfcd6948, ESI=00000000, EDI=b4f8d3dc
-1	26889	ld-linux.so.2       	b77029b8	                                        	0f 95 c0                                          	setnz al                                          		EAX=00000000, ECX=00000004, EDX=00000004, EBX=bfcd68d0, ESP=bfcd68d0, EBP=bfcd6948, ESI=00000000, EDI=b4f8d3dc
-1	26889	ld-linux.so.2       	b77029bb	                                        	85 f6                                             	test esi, esi                                     		EAX=00000000, ECX=00000004, EDX=00000004, EBX=bfcd68d0, ESP=bfcd68d0, EBP=bfcd6948, ESI=00000000, EDI=b4f8d3dc
-1	26889	ld-linux.so.2       	b77029bd	                                        	75 08                                             	jnz 0xb77029c7                                    		EAX=00000000, ECX=00000004, EDX=00000004, EBX=bfcd68d0, ESP=bfcd68d0, EBP=bfcd6948, ESI=00000000, EDI=b4f8d3dc
-1	26889	ld-linux.so.2       	b77029bf	                                        	84 c0                                             	test al, al                                       		EAX=00000000, ECX=00000004, EDX=00000004, EBX=bfcd68d0, ESP=bfcd68d0, EBP=bfcd6948, ESI=00000000, EDI=b4f8d3dc
-1	26889	ld-linux.so.2       	b77029c1	                                        	0f 85 63 02 00 00                                 	jnz 0xb7702c2a                                    		EAX=00000000, ECX=00000004, EDX=00000004, EBX=bfcd68d0, ESP=bfcd68d0, EBP=bfcd6948, ESI=00000000, EDI=b4f8d3dc
-1	26889	ld-linux.so.2       	b77029c7	                                        	8b 5d e0                                          	mov ebx, dword ptr [ebp-0x20]                     		EAX=00000000, ECX=00000004, EDX=00000004, EBX=bfcd68d0, ESP=bfcd68d0, EBP=bfcd6948, ESI=00000000, EDI=b4f8d3dc
-1	26889	ld-linux.so.2       	b77029ca	                                        	85 db                                             	test ebx, ebx                                     		EAX=00000000, ECX=00000004, EDX=00000004, EBX=00000000, ESP=bfcd68d0, EBP=bfcd6948, ESI=00000000, EDI=b4f8d3dc
-1	26889	ld-linux.so.2       	b77029cc	                                        	74 10                                             	jz 0xb77029de                                     		EAX=00000000, ECX=00000004, EDX=00000004, EBX=00000000, ESP=bfcd68d0, EBP=bfcd6948, ESI=00000000, EDI=b4f8d3dc
-1	26889	ld-linux.so.2       	b77029de	                                        	8b 5d c8                                          	mov ebx, dword ptr [ebp-0x38]                     		EAX=00000000, ECX=00000004, EDX=00000004, EBX=00000000, ESP=bfcd68d0, EBP=bfcd6948, ESI=00000000, EDI=b4f8d3dc
-1	26889	ld-linux.so.2       	b77029e1	                                        	8b 45 c4                                          	mov eax, dword ptr [ebp-0x3c]                     		EAX=00000000, ECX=00000004, EDX=00000004, EBX=00000004, ESP=bfcd68d0, EBP=bfcd6948, ESI=00000000, EDI=b4f8d3dc
-1	26889	ld-linux.so.2       	b77029e4	                                        	83 ec 0c                                          	sub esp, 0xc                                      		EAX=bfcd68d0, ECX=00000004, EDX=00000004, EBX=00000004, ESP=bfcd68d0, EBP=bfcd6948, ESI=00000000, EDI=b4f8d3dc
-1	26889	ld-linux.so.2       	b77029e7	                                        	ff 75 e0                                          	push dword ptr [ebp-0x20]                         		EAX=bfcd68d0, ECX=00000004, EDX=00000004, EBX=00000004, ESP=bfcd68c4, EBP=bfcd6948, ESI=00000000, EDI=b4f8d3dc
-1	26889	ld-linux.so.2       	b77029ea	                                        	31 c9                                             	xor ecx, ecx                                      		EAX=bfcd68d0, ECX=00000004, EDX=00000004, EBX=00000004, ESP=bfcd68c0, EBP=bfcd6948, ESI=00000000, EDI=b4f8d3dc
-1	26889	ld-linux.so.2       	b77029ec	                                        	89 da                                             	mov edx, ebx                                      		EAX=bfcd68d0, ECX=00000000, EDX=00000004, EBX=00000004, ESP=bfcd68c0, EBP=bfcd6948, ESI=00000000, EDI=b4f8d3dc
-1	26889	ld-linux.so.2       	b77029ee	                                        	e8 4d fc ff ff                                    	call 0xb7702640                                   		EAX=bfcd68d0, ECX=00000000, EDX=00000004, EBX=00000004, ESP=bfcd68c0, EBP=bfcd6948, ESI=00000000, EDI=b4f8d3dc
-1	26889	ld-linux.so.2       	b7702640	                                        	55                                                	push ebp                                          		EAX=bfcd68d0, ECX=00000000, EDX=00000004, EBX=00000004, ESP=bfcd68bc, EBP=bfcd6948, ESI=00000000, EDI=b4f8d3dc
-1	26889	ld-linux.so.2       	b7702641	                                        	89 e5                                             	mov ebp, esp                                      		EAX=bfcd68d0, ECX=00000000, EDX=00000004, EBX=00000004, ESP=bfcd68b8, EBP=bfcd6948, ESI=00000000, EDI=b4f8d3dc
-1	26889	ld-linux.so.2       	b7702643	                                        	57                                                	push edi                                          		EAX=bfcd68d0, ECX=00000000, EDX=00000004, EBX=00000004, ESP=bfcd68b8, EBP=bfcd68b8, ESI=00000000, EDI=b4f8d3dc
-1	26889	ld-linux.so.2       	b7702644	                                        	56                                                	push esi                                          		EAX=bfcd68d0, ECX=00000000, EDX=00000004, EBX=00000004, ESP=bfcd68b4, EBP=bfcd68b8, ESI=00000000, EDI=b4f8d3dc
-1	26889	ld-linux.so.2       	b7702645	                                        	53                                                	push ebx                                          		EAX=bfcd68d0, ECX=00000000, EDX=00000004, EBX=00000004, ESP=bfcd68b0, EBP=bfcd68b8, ESI=00000000, EDI=b4f8d3dc
-1	26889	ld-linux.so.2       	b7702646	                                        	e8 a6 a2 00 00                                    	call 0xb770c8f1                                   		EAX=bfcd68d0, ECX=00000000, EDX=00000004, EBX=00000004, ESP=bfcd68ac, EBP=bfcd68b8, ESI=00000000, EDI=b4f8d3dc
-1	26889	ld-linux.so.2       	b770c8f1	                                        	8b 3c 24                                          	mov edi, dword ptr [esp]                          		EAX=bfcd68d0, ECX=00000000, EDX=00000004, EBX=00000004, ESP=bfcd68a8, EBP=bfcd68b8, ESI=00000000, EDI=b4f8d3dc
-1	26889	ld-linux.so.2       	b770c8f4	                                        	c3                                                	ret                                               		EAX=bfcd68d0, ECX=00000000, EDX=00000004, EBX=00000004, ESP=bfcd68a8, EBP=bfcd68b8, ESI=00000000, EDI=b770264b
-1	26889	ld-linux.so.2       	b770264b	                                        	81 c7 b5 49 01 00                                 	add edi, 0x149b5                                  		EAX=bfcd68d0, ECX=00000000, EDX=00000004, EBX=00000004, ESP=bfcd68ac, EBP=bfcd68b8, ESI=00000000, EDI=b770264b
-1	26889	ld-linux.so.2       	b7702651	                                        	83 ec 4c                                          	sub esp, 0x4c                                     		EAX=bfcd68d0, ECX=00000000, EDX=00000004, EBX=00000004, ESP=bfcd68ac, EBP=bfcd68b8, ESI=00000000, EDI=b7717000
-1	26889	ld-linux.so.2       	b7702654	                                        	83 fa 01                                          	cmp edx, 0x1                                      		EAX=bfcd68d0, ECX=00000000, EDX=00000004, EBX=00000004, ESP=bfcd6860, EBP=bfcd68b8, ESI=00000000, EDI=b7717000
-1	26889	ld-linux.so.2       	b7702657	                                        	89 7d cc                                          	mov dword ptr [ebp-0x34], edi                     		EAX=bfcd68d0, ECX=00000000, EDX=00000004, EBX=00000004, ESP=bfcd6860, EBP=bfcd68b8, ESI=00000000, EDI=b7717000
-1	26889	ld-linux.so.2       	b770265a	                                        	0f 84 73 01 00 00                                 	jz 0xb77027d3                                     		EAX=bfcd68d0, ECX=00000000, EDX=00000004, EBX=00000004, ESP=bfcd6860, EBP=bfcd68b8, ESI=00000000, EDI=b7717000
-1	26889	ld-linux.so.2       	b7702660	                                        	89 45 d8                                          	mov dword ptr [ebp-0x28], eax                     		EAX=bfcd68d0, ECX=00000000, EDX=00000004, EBX=00000004, ESP=bfcd6860, EBP=bfcd68b8, ESI=00000000, EDI=b7717000
-1	26889	ld-linux.so.2       	b7702663	                                        	8b 45 08                                          	mov eax, dword ptr [ebp+0x8]                      		EAX=bfcd68d0, ECX=00000000, EDX=00000004, EBX=00000004, ESP=bfcd6860, EBP=bfcd68b8, ESI=00000000, EDI=b7717000
-1	26889	ld-linux.so.2       	b7702666	                                        	89 fe                                             	mov esi, edi                                      		EAX=00000000, ECX=00000000, EDX=00000004, EBX=00000004, ESP=bfcd6860, EBP=bfcd68b8, ESI=00000000, EDI=b7717000
-1	26889	ld-linux.so.2       	b7702668	                                        	89 55 e0                                          	mov dword ptr [ebp-0x20], edx                     		EAX=00000000, ECX=00000000, EDX=00000004, EBX=00000004, ESP=bfcd6860, EBP=bfcd68b8, ESI=b7717000, EDI=b7717000
-1	26889	ld-linux.so.2       	b770266b	                                        	89 d7                                             	mov edi, edx                                      		EAX=00000000, ECX=00000000, EDX=00000004, EBX=00000004, ESP=bfcd6860, EBP=bfcd68b8, ESI=b7717000, EDI=b7717000
-1	26889	ld-linux.so.2       	b770266d	                                        	8d 14 12                                          	lea edx, ptr [edx+edx*1]                          		EAX=00000000, ECX=00000000, EDX=00000004, EBX=00000004, ESP=bfcd6860, EBP=bfcd68b8, ESI=b7717000, EDI=00000004
-1	26889	ld-linux.so.2       	b7702670	                                        	89 4d c0                                          	mov dword ptr [ebp-0x40], ecx                     		EAX=00000000, ECX=00000000, EDX=00000008, EBX=00000004, ESP=bfcd6860, EBP=bfcd68b8, ESI=b7717000, EDI=00000004
-1	26889	ld-linux.so.2       	b7702673	                                        	31 c9                                             	xor ecx, ecx                                      		EAX=00000000, ECX=00000000, EDX=00000008, EBX=00000004, ESP=bfcd6860, EBP=bfcd68b8, ESI=b7717000, EDI=00000004
-1	26889	ld-linux.so.2       	b7702675	                                        	89 65 b4                                          	mov dword ptr [ebp-0x4c], esp                     		EAX=00000000, ECX=00000000, EDX=00000008, EBX=00000004, ESP=bfcd6860, EBP=bfcd68b8, ESI=b7717000, EDI=00000004
-1	26889	ld-linux.so.2       	b7702678	                                        	85 c0                                             	test eax, eax                                     		EAX=00000000, ECX=00000000, EDX=00000008, EBX=00000004, ESP=bfcd6860, EBP=bfcd68b8, ESI=b7717000, EDI=00000004
-1	26889	ld-linux.so.2       	b770267a	                                        	8d 42 10                                          	lea eax, ptr [edx+0x10]                           		EAX=00000000, ECX=00000000, EDX=00000008, EBX=00000004, ESP=bfcd6860, EBP=bfcd68b8, ESI=b7717000, EDI=00000004
-1	26889	ld-linux.so.2       	b770267d	                                        	0f 94 c1                                          	setz cl                                           		EAX=00000018, ECX=00000000, EDX=00000008, EBX=00000004, ESP=bfcd6860, EBP=bfcd68b8, ESI=b7717000, EDI=00000004
-1	26889	ld-linux.so.2       	b7702680	                                        	83 e0 f0                                          	and eax, 0xfffffff0                               		EAX=00000018, ECX=00000001, EDX=00000008, EBX=00000004, ESP=bfcd6860, EBP=bfcd68b8, ESI=b7717000, EDI=00000004
-1	26889	ld-linux.so.2       	b7702683	                                        	89 4d e4                                          	mov dword ptr [ebp-0x1c], ecx                     		EAX=00000010, ECX=00000001, EDX=00000008, EBX=00000004, ESP=bfcd6860, EBP=bfcd68b8, ESI=b7717000, EDI=00000004
-1	26889	ld-linux.so.2       	b7702686	                                        	29 c4                                             	sub esp, eax                                      		EAX=00000010, ECX=00000001, EDX=00000008, EBX=00000004, ESP=bfcd6860, EBP=bfcd68b8, ESI=b7717000, EDI=00000004
-1	26889	ld-linux.so.2       	b7702688	                                        	89 65 dc                                          	mov dword ptr [ebp-0x24], esp                     		EAX=00000010, ECX=00000001, EDX=00000008, EBX=00000004, ESP=bfcd6850, EBP=bfcd68b8, ESI=b7717000, EDI=00000004
-1	26889	ld-linux.so.2       	b770268b	                                        	89 e3                                             	mov ebx, esp                                      		EAX=00000010, ECX=00000001, EDX=00000008, EBX=00000004, ESP=bfcd6850, EBP=bfcd68b8, ESI=b7717000, EDI=00000004
-1	26889	ld-linux.so.2       	b770268d	                                        	83 ec 04                                          	sub esp, 0x4                                      		EAX=00000010, ECX=00000001, EDX=00000008, EBX=bfcd6850, ESP=bfcd6850, EBP=bfcd68b8, ESI=b7717000, EDI=00000004
-1	26889	ld-linux.so.2       	b7702690	                                        	52                                                	push edx                                          		EAX=00000010, ECX=00000001, EDX=00000008, EBX=bfcd6850, ESP=bfcd684c, EBP=bfcd68b8, ESI=b7717000, EDI=00000004
-1	26889	ld-linux.so.2       	b7702691	                                        	6a 00                                             	push 0x0                                          		EAX=00000010, ECX=00000001, EDX=00000008, EBX=bfcd6850, ESP=bfcd6848, EBP=bfcd68b8, ESI=b7717000, EDI=00000004
-1	26889	ld-linux.so.2       	b7702693	                                        	53                                                	push ebx                                          		EAX=00000010, ECX=00000001, EDX=00000008, EBX=bfcd6850, ESP=bfcd6844, EBP=bfcd68b8, ESI=b7717000, EDI=00000004
-1	26889	ld-linux.so.2       	b7702694	                                        	89 f3                                             	mov ebx, esi                                      		EAX=00000010, ECX=00000001, EDX=00000008, EBX=bfcd6850, ESP=bfcd6840, EBP=bfcd68b8, ESI=b7717000, EDI=00000004
-1	26889	ld-linux.so.2       	b7702696	                                        	e8 d5 9f 00 00                                    	call 0xb770c670                                   		EAX=00000010, ECX=00000001, EDX=00000008, EBX=b7717000, ESP=bfcd6840, EBP=bfcd68b8, ESI=b7717000, EDI=00000004
-1	26889	ld-linux.so.2       	b770269b	                                        	8b 45 d8                                          	mov eax, dword ptr [ebp-0x28]                     		EAX=bfcd6850, ECX=00000000, EDX=00000000, EBX=b7717000, ESP=bfcd6840, EBP=bfcd68b8, ESI=b7717000, EDI=00000004
-1	26889	ld-linux.so.2       	b770269e	                                        	8b 4d e4                                          	mov ecx, dword ptr [ebp-0x1c]                     		EAX=bfcd68d0, ECX=00000000, EDX=00000000, EBX=b7717000, ESP=bfcd6840, EBP=bfcd68b8, ESI=b7717000, EDI=00000004
-1	26889	ld-linux.so.2       	b77026a1	                                        	83 c4 10                                          	add esp, 0x10                                     		EAX=bfcd68d0, ECX=00000001, EDX=00000000, EBX=b7717000, ESP=bfcd6840, EBP=bfcd68b8, ESI=b7717000, EDI=00000004
-1	26889	ld-linux.so.2       	b77026a4	                                        	8d 44 b8 fc                                       	lea eax, ptr [eax+edi*4-0x4]                      		EAX=bfcd68d0, ECX=00000001, EDX=00000000, EBX=b7717000, ESP=bfcd6850, EBP=bfcd68b8, ESI=b7717000, EDI=00000004
-1	26889	ld-linux.so.2       	b77026a8	                                        	8d 79 01                                          	lea edi, ptr [ecx+0x1]                            		EAX=bfcd68dc, ECX=00000001, EDX=00000000, EBX=b7717000, ESP=bfcd6850, EBP=bfcd68b8, ESI=b7717000, EDI=00000004
-1	26889	ld-linux.so.2       	b77026ab	                                        	89 45 b8                                          	mov dword ptr [ebp-0x48], eax                     		EAX=bfcd68dc, ECX=00000001, EDX=00000000, EBX=b7717000, ESP=bfcd6850, EBP=bfcd68b8, ESI=b7717000, EDI=00000002
-1	26889	ld-linux.so.2       	b77026ae	                                        	eb 2e                                             	jmp 0xb77026de                                    		EAX=bfcd68dc, ECX=00000001, EDX=00000000, EBX=b7717000, ESP=bfcd6850, EBP=bfcd68b8, ESI=b7717000, EDI=00000002
-1	26889	ld-linux.so.2       	b77026de	                                        	8b 45 e4                                          	mov eax, dword ptr [ebp-0x1c]                     		EAX=bfcd68dc, ECX=00000001, EDX=00000000, EBX=b7717000, ESP=bfcd6850, EBP=bfcd68b8, ESI=b7717000, EDI=00000002
-1	26889	ld-linux.so.2       	b77026e1	                                        	8b 75 dc                                          	mov esi, dword ptr [ebp-0x24]                     		EAX=00000001, ECX=00000001, EDX=00000000, EBX=b7717000, ESP=bfcd6850, EBP=bfcd68b8, ESI=b7717000, EDI=00000002
-1	26889	ld-linux.so.2       	b77026e4	                                        	8d 34 46                                          	lea esi, ptr [esi+eax*2]                          		EAX=00000001, ECX=00000001, EDX=00000000, EBX=b7717000, ESP=bfcd6850, EBP=bfcd68b8, ESI=bfcd6850, EDI=00000002
-1	26889	ld-linux.so.2       	b77026e7	                                        	0f b7 1e                                          	movzx ebx, word ptr [esi]                         		EAX=00000001, ECX=00000001, EDX=00000000, EBX=b7717000, ESP=bfcd6850, EBP=bfcd68b8, ESI=bfcd6852, EDI=00000002
-1	26889	ld-linux.so.2       	b77026ea	                                        	8d 4b 01                                          	lea ecx, ptr [ebx+0x1]                            		EAX=00000001, ECX=00000001, EDX=00000000, EBX=00000000, ESP=bfcd6850, EBP=bfcd68b8, ESI=bfcd6852, EDI=00000002
-1	26889	ld-linux.so.2       	b77026ed	                                        	66 89 4d d2                                       	mov word ptr [ebp-0x2e], cx                       		EAX=00000001, ECX=00000001, EDX=00000000, EBX=00000000, ESP=bfcd6850, EBP=bfcd68b8, ESI=bfcd6852, EDI=00000002
-1	26889	ld-linux.so.2       	b77026f1	                                        	66 89 0e                                          	mov word ptr [esi], cx                            		EAX=00000001, ECX=00000001, EDX=00000000, EBX=00000000, ESP=bfcd6850, EBP=bfcd68b8, ESI=bfcd6852, EDI=00000002
-1	26889	ld-linux.so.2       	b77026f4	                                        	8d 0c 85 00 00 00 00                              	lea ecx, ptr [eax*4]                              		EAX=00000001, ECX=00000001, EDX=00000000, EBX=00000000, ESP=bfcd6850, EBP=bfcd68b8, ESI=bfcd6852, EDI=00000002
-1	26889	ld-linux.so.2       	b77026fb	                                        	8b 45 d8                                          	mov eax, dword ptr [ebp-0x28]                     		EAX=00000001, ECX=00000004, EDX=00000000, EBX=00000000, ESP=bfcd6850, EBP=bfcd68b8, ESI=bfcd6852, EDI=00000002
-1	26889	ld-linux.so.2       	b77026fe	                                        	01 c8                                             	add eax, ecx                                      		EAX=bfcd68d0, ECX=00000004, EDX=00000000, EBX=00000000, ESP=bfcd6850, EBP=bfcd68b8, ESI=bfcd6852, EDI=00000002
-1	26889	ld-linux.so.2       	b7702700	                                        	8b 18                                             	mov ebx, dword ptr [eax]                          		EAX=bfcd68d4, ECX=00000004, EDX=00000000, EBX=00000000, ESP=bfcd6850, EBP=bfcd68b8, ESI=bfcd6852, EDI=00000002
-1	26889	ld-linux.so.2       	b7702702	                                        	89 45 d4                                          	mov dword ptr [ebp-0x2c], eax                     		EAX=bfcd68d4, ECX=00000004, EDX=00000000, EBX=b7717c08, ESP=bfcd6850, EBP=bfcd68b8, ESI=bfcd6852, EDI=00000002
-1	26889	ld-linux.so.2       	b7702705	                                        	3b 5b 14                                          	cmp ebx, dword ptr [ebx+0x14]                     		EAX=bfcd68d4, ECX=00000004, EDX=00000000, EBX=b7717c08, ESP=bfcd6850, EBP=bfcd68b8, ESI=bfcd6852, EDI=00000002
-1	26889	ld-linux.so.2       	b7702708	                                        	75 a6                                             	jnz 0xb77026b0                                    		EAX=bfcd68d4, ECX=00000004, EDX=00000000, EBX=b7717c08, ESP=bfcd6850, EBP=bfcd68b8, ESI=bfcd6852, EDI=00000002
-1	26889	ld-linux.so.2       	b770270a	                                        	83 bb 0c 02 00 00 ff                              	cmp dword ptr [ebx+0x20c], 0xffffffff             		EAX=bfcd68d4, ECX=00000004, EDX=00000000, EBX=b7717c08, ESP=bfcd6850, EBP=bfcd68b8, ESI=bfcd6852, EDI=00000002
-1	26889	ld-linux.so.2       	b7702711	                                        	74 9d                                             	jz 0xb77026b0                                     		EAX=bfcd68d4, ECX=00000004, EDX=00000000, EBX=b7717c08, ESP=bfcd6850, EBP=bfcd68b8, ESI=bfcd6852, EDI=00000002
-1	26889	ld-linux.so.2       	b7702713	                                        	8b 45 e0                                          	mov eax, dword ptr [ebp-0x20]                     		EAX=bfcd68d4, ECX=00000004, EDX=00000000, EBX=b7717c08, ESP=bfcd6850, EBP=bfcd68b8, ESI=bfcd6852, EDI=00000002
-1	26889	ld-linux.so.2       	b7702716	                                        	83 e8 01                                          	sub eax, 0x1                                      		EAX=00000004, ECX=00000004, EDX=00000000, EBX=b7717c08, ESP=bfcd6850, EBP=bfcd68b8, ESI=bfcd6852, EDI=00000002
-1	26889	ld-linux.so.2       	b7702719	                                        	39 45 e4                                          	cmp dword ptr [ebp-0x1c], eax                     		EAX=00000003, ECX=00000004, EDX=00000000, EBX=b7717c08, ESP=bfcd6850, EBP=bfcd68b8, ESI=bfcd6852, EDI=00000002
-1	26889	ld-linux.so.2       	b770271c	                                        	89 45 c8                                          	mov dword ptr [ebp-0x38], eax                     		EAX=00000003, ECX=00000004, EDX=00000000, EBX=b7717c08, ESP=bfcd6850, EBP=bfcd68b8, ESI=bfcd6852, EDI=00000002
-1	26889	ld-linux.so.2       	b770271f	                                        	73 8f                                             	jnb 0xb77026b0                                    		EAX=00000003, ECX=00000004, EDX=00000000, EBX=b7717c08, ESP=bfcd6850, EBP=bfcd68b8, ESI=bfcd6852, EDI=00000002
-1	26889	ld-linux.so.2       	b7702721	                                        	8b 45 b8                                          	mov eax, dword ptr [ebp-0x48]                     		EAX=00000003, ECX=00000004, EDX=00000000, EBX=b7717c08, ESP=bfcd6850, EBP=bfcd68b8, ESI=bfcd6852, EDI=00000002
-1	26889	ld-linux.so.2       	b7702724	                                        	89 4d bc                                          	mov dword ptr [ebp-0x44], ecx                     		EAX=bfcd68dc, ECX=00000004, EDX=00000000, EBX=b7717c08, ESP=bfcd6850, EBP=bfcd68b8, ESI=bfcd6852, EDI=00000002
-1	26889	ld-linux.so.2       	b7702727	                                        	89 45 c4                                          	mov dword ptr [ebp-0x3c], eax                     		EAX=bfcd68dc, ECX=00000004, EDX=00000000, EBX=b7717c08, ESP=bfcd6850, EBP=bfcd68b8, ESI=bfcd6852, EDI=00000002
-1	26889	ld-linux.so.2       	b770272a	                                        	8b 45 c4                                          	mov eax, dword ptr [ebp-0x3c]                     		EAX=bfcd68dc, ECX=00000004, EDX=00000000, EBX=b7717c08, ESP=bfcd6850, EBP=bfcd68b8, ESI=bfcd6852, EDI=00000002
-1	26889	ld-linux.so.2       	b770272d	                                        	8b 08                                             	mov ecx, dword ptr [eax]                          		EAX=bfcd68dc, ECX=00000004, EDX=00000000, EBX=b7717c08, ESP=bfcd6850, EBP=bfcd68b8, ESI=bfcd6852, EDI=00000002
-1	26889	ld-linux.so.2       	b770272f	                                        	8b 81 f0 01 00 00                                 	mov eax, dword ptr [ecx+0x1f0]                    		EAX=bfcd68dc, ECX=b771753c, EDX=00000000, EBX=b7717c08, ESP=bfcd6850, EBP=bfcd68b8, ESI=bfcd6852, EDI=00000002
-1	26889	ld-linux.so.2       	b7702735	                                        	85 c0                                             	test eax, eax                                     		EAX=00000000, ECX=b771753c, EDX=00000000, EBX=b7717c08, ESP=bfcd6850, EBP=bfcd68b8, ESI=bfcd6852, EDI=00000002
-1	26889	ld-linux.so.2       	b7702737	                                        	0f 84 a3 00 00 00                                 	jz 0xb77027e0                                     		EAX=00000000, ECX=b771753c, EDX=00000000, EBX=b7717c08, ESP=bfcd6850, EBP=bfcd68b8, ESI=bfcd6852, EDI=00000002
-1	26889	ld-linux.so.2       	b77027e0	                                        	8b 81 f4 01 00 00                                 	mov eax, dword ptr [ecx+0x1f4]                    		EAX=00000000, ECX=b771753c, EDX=00000000, EBX=b7717c08, ESP=bfcd6850, EBP=bfcd68b8, ESI=bfcd6852, EDI=00000002
-1	26889	ld-linux.so.2       	b77027e6	                                        	85 c0                                             	test eax, eax                                     		EAX=00000000, ECX=b771753c, EDX=00000000, EBX=b7717c08, ESP=bfcd6850, EBP=bfcd68b8, ESI=bfcd6852, EDI=00000002
-1	26889	ld-linux.so.2       	b77027e8	                                        	75 4d                                             	jnz 0xb7702837                                    		EAX=00000000, ECX=b771753c, EDX=00000000, EBX=b7717c08, ESP=bfcd6850, EBP=bfcd68b8, ESI=bfcd6852, EDI=00000002
-1	26889	ld-linux.so.2       	b77027ea	                                        	83 6d c8 01                                       	sub dword ptr [ebp-0x38], 0x1                     		EAX=00000000, ECX=b771753c, EDX=00000000, EBX=b7717c08, ESP=bfcd6850, EBP=bfcd68b8, ESI=bfcd6852, EDI=00000002
-1	26889	ld-linux.so.2       	b77027ee	                                        	83 6d c4 04                                       	sub dword ptr [ebp-0x3c], 0x4                     		EAX=00000000, ECX=b771753c, EDX=00000000, EBX=b7717c08, ESP=bfcd6850, EBP=bfcd68b8, ESI=bfcd6852, EDI=00000002
-1	26889	ld-linux.so.2       	b77027f2	                                        	8b 45 c8                                          	mov eax, dword ptr [ebp-0x38]                     		EAX=00000000, ECX=b771753c, EDX=00000000, EBX=b7717c08, ESP=bfcd6850, EBP=bfcd68b8, ESI=bfcd6852, EDI=00000002
-1	26889	ld-linux.so.2       	b77027f5	                                        	39 45 e4                                          	cmp dword ptr [ebp-0x1c], eax                     		EAX=00000002, ECX=b771753c, EDX=00000000, EBX=b7717c08, ESP=bfcd6850, EBP=bfcd68b8, ESI=bfcd6852, EDI=00000002
-1	26889	ld-linux.so.2       	b77027f8	                                        	0f 82 2c ff ff ff                                 	jb 0xb770272a                                     		EAX=00000002, ECX=b771753c, EDX=00000000, EBX=b7717c08, ESP=bfcd6850, EBP=bfcd68b8, ESI=bfcd6852, EDI=00000002
-1	26889	ld-linux.so.2       	b770272a	                                        	8b 45 c4                                          	mov eax, dword ptr [ebp-0x3c]                     		EAX=00000002, ECX=b771753c, EDX=00000000, EBX=b7717c08, ESP=bfcd6850, EBP=bfcd68b8, ESI=bfcd6852, EDI=00000002
-1	26889	ld-linux.so.2       	b770272d	                                        	8b 08                                             	mov ecx, dword ptr [eax]                          		EAX=bfcd68d8, ECX=b771753c, EDX=00000000, EBX=b7717c08, ESP=bfcd6850, EBP=bfcd68b8, ESI=bfcd6852, EDI=00000002
-1	26889	ld-linux.so.2       	b770272f	                                        	8b 81 f0 01 00 00                                 	mov eax, dword ptr [ecx+0x1f0]                    		EAX=bfcd68d8, ECX=b50281b0, EDX=00000000, EBX=b7717c08, ESP=bfcd6850, EBP=bfcd68b8, ESI=bfcd6852, EDI=00000002
-1	26889	ld-linux.so.2       	b7702735	                                        	85 c0                                             	test eax, eax                                     		EAX=b5028448, ECX=b50281b0, EDX=00000000, EBX=b7717c08, ESP=bfcd6850, EBP=bfcd68b8, ESI=bfcd6852, EDI=00000002
-1	26889	ld-linux.so.2       	b7702737	                                        	0f 84 a3 00 00 00                                 	jz 0xb77027e0                                     		EAX=b5028448, ECX=b50281b0, EDX=00000000, EBX=b7717c08, ESP=bfcd6850, EBP=bfcd68b8, ESI=bfcd6852, EDI=00000002
-1	26889	ld-linux.so.2       	b770273d	                                        	8d 76 00                                          	lea esi, ptr [esi]                                		EAX=b5028448, ECX=b50281b0, EDX=00000000, EBX=b7717c08, ESP=bfcd6850, EBP=bfcd68b8, ESI=bfcd6852, EDI=00000002
-1	26889	ld-linux.so.2       	b7702740	                                        	8b 10                                             	mov edx, dword ptr [eax]                          		EAX=b5028448, ECX=b50281b0, EDX=00000000, EBX=b7717c08, ESP=bfcd6850, EBP=bfcd68b8, ESI=bfcd6852, EDI=00000002
-1	26889	ld-linux.so.2       	b7702742	                                        	85 d2                                             	test edx, edx                                     		EAX=b5028448, ECX=b50281b0, EDX=b50281b0, EBX=b7717c08, ESP=bfcd6850, EBP=bfcd68b8, ESI=bfcd6852, EDI=00000002
-1	26889	ld-linux.so.2       	b7702744	                                        	0f 84 96 00 00 00                                 	jz 0xb77027e0                                     		EAX=b5028448, ECX=b50281b0, EDX=b50281b0, EBX=b7717c08, ESP=bfcd6850, EBP=bfcd68b8, ESI=bfcd6852, EDI=00000002
-1	26889	ld-linux.so.2       	b770274a	                                        	83 c0 04                                          	add eax, 0x4                                      		EAX=b5028448, ECX=b50281b0, EDX=b50281b0, EBX=b7717c08, ESP=bfcd6850, EBP=bfcd68b8, ESI=bfcd6852, EDI=00000002
-1	26889	ld-linux.so.2       	b770274d	                                        	39 d3                                             	cmp ebx, edx                                      		EAX=b502844c, ECX=b50281b0, EDX=b50281b0, EBX=b7717c08, ESP=bfcd6850, EBP=bfcd68b8, ESI=bfcd6852, EDI=00000002
-1	26889	ld-linux.so.2       	b770274f	                                        	75 ef                                             	jnz 0xb7702740                                    		EAX=b502844c, ECX=b50281b0, EDX=b50281b0, EBX=b7717c08, ESP=bfcd6850, EBP=bfcd68b8, ESI=bfcd6852, EDI=00000002
-1	26889	ld-linux.so.2       	b7702740	                                        	8b 10                                             	mov edx, dword ptr [eax]                          		EAX=b502844c, ECX=b50281b0, EDX=b50281b0, EBX=b7717c08, ESP=bfcd6850, EBP=bfcd68b8, ESI=bfcd6852, EDI=00000002
-1	26889	ld-linux.so.2       	b7702742	                                        	85 d2                                             	test edx, edx                                     		EAX=b502844c, ECX=b50281b0, EDX=b771753c, EBX=b7717c08, ESP=bfcd6850, EBP=bfcd68b8, ESI=bfcd6852, EDI=00000002
-1	26889	ld-linux.so.2       	b7702744	                                        	0f 84 96 00 00 00                                 	jz 0xb77027e0                                     		EAX=b502844c, ECX=b50281b0, EDX=b771753c, EBX=b7717c08, ESP=bfcd6850, EBP=bfcd68b8, ESI=bfcd6852, EDI=00000002
-1	26889	ld-linux.so.2       	b770274a	                                        	83 c0 04                                          	add eax, 0x4                                      		EAX=b502844c, ECX=b50281b0, EDX=b771753c, EBX=b7717c08, ESP=bfcd6850, EBP=bfcd68b8, ESI=bfcd6852, EDI=00000002
-1	26889	ld-linux.so.2       	b770274d	                                        	39 d3                                             	cmp ebx, edx                                      		EAX=b5028450, ECX=b50281b0, EDX=b771753c, EBX=b7717c08, ESP=bfcd6850, EBP=bfcd68b8, ESI=bfcd6852, EDI=00000002
-1	26889	ld-linux.so.2       	b770274f	                                        	75 ef                                             	jnz 0xb7702740                                    		EAX=b5028450, ECX=b50281b0, EDX=b771753c, EBX=b7717c08, ESP=bfcd6850, EBP=bfcd68b8, ESI=bfcd6852, EDI=00000002
-1	26889	ld-linux.so.2       	b7702740	                                        	8b 10                                             	mov edx, dword ptr [eax]                          		EAX=b5028450, ECX=b50281b0, EDX=b771753c, EBX=b7717c08, ESP=bfcd6850, EBP=bfcd68b8, ESI=bfcd6852, EDI=00000002
-1	26889	ld-linux.so.2       	b7702742	                                        	85 d2                                             	test edx, edx                                     		EAX=b5028450, ECX=b50281b0, EDX=00000000, EBX=b7717c08, ESP=bfcd6850, EBP=bfcd68b8, ESI=bfcd6852, EDI=00000002
-1	26889	ld-linux.so.2       	b7702744	                                        	0f 84 96 00 00 00                                 	jz 0xb77027e0                                     		EAX=b5028450, ECX=b50281b0, EDX=00000000, EBX=b7717c08, ESP=bfcd6850, EBP=bfcd68b8, ESI=bfcd6852, EDI=00000002
-1	26889	ld-linux.so.2       	b77027e0	                                        	8b 81 f4 01 00 00                                 	mov eax, dword ptr [ecx+0x1f4]                    		EAX=b5028450, ECX=b50281b0, EDX=00000000, EBX=b7717c08, ESP=bfcd6850, EBP=bfcd68b8, ESI=bfcd6852, EDI=00000002
-1	26889	ld-linux.so.2       	b77027e6	                                        	85 c0                                             	test eax, eax                                     		EAX=00000000, ECX=b50281b0, EDX=00000000, EBX=b7717c08, ESP=bfcd6850, EBP=bfcd68b8, ESI=bfcd6852, EDI=00000002
-1	26889	ld-linux.so.2       	b77027e8	                                        	75 4d                                             	jnz 0xb7702837                                    		EAX=00000000, ECX=b50281b0, EDX=00000000, EBX=b7717c08, ESP=bfcd6850, EBP=bfcd68b8, ESI=bfcd6852, EDI=00000002
-1	26889	ld-linux.so.2       	b77027ea	                                        	83 6d c8 01                                       	sub dword ptr [ebp-0x38], 0x1                     		EAX=00000000, ECX=b50281b0, EDX=00000000, EBX=b7717c08, ESP=bfcd6850, EBP=bfcd68b8, ESI=bfcd6852, EDI=00000002
-1	26889	ld-linux.so.2       	b77027ee	                                        	83 6d c4 04                                       	sub dword ptr [ebp-0x3c], 0x4                     		EAX=00000000, ECX=b50281b0, EDX=00000000, EBX=b7717c08, ESP=bfcd6850, EBP=bfcd68b8, ESI=bfcd6852, EDI=00000002
-1	26889	ld-linux.so.2       	b77027f2	                                        	8b 45 c8                                          	mov eax, dword ptr [ebp-0x38]                     		EAX=00000000, ECX=b50281b0, EDX=00000000, EBX=b7717c08, ESP=bfcd6850, EBP=bfcd68b8, ESI=bfcd6852, EDI=00000002
-1	26889	ld-linux.so.2       	b77027f5	                                        	39 45 e4                                          	cmp dword ptr [ebp-0x1c], eax                     		EAX=00000001, ECX=b50281b0, EDX=00000000, EBX=b7717c08, ESP=bfcd6850, EBP=bfcd68b8, ESI=bfcd6852, EDI=00000002
-1	26889	ld-linux.so.2       	b77027f8	                                        	0f 82 2c ff ff ff                                 	jb 0xb770272a                                     		EAX=00000001, ECX=b50281b0, EDX=00000000, EBX=b7717c08, ESP=bfcd6850, EBP=bfcd68b8, ESI=bfcd6852, EDI=00000002
-1	26889	ld-linux.so.2       	b77027fe	                                        	e9 ad fe ff ff                                    	jmp 0xb77026b0                                    		EAX=00000001, ECX=b50281b0, EDX=00000000, EBX=b7717c08, ESP=bfcd6850, EBP=bfcd68b8, ESI=bfcd6852, EDI=00000002
-1	26889	ld-linux.so.2       	b77026b0	                                        	39 7d e0                                          	cmp dword ptr [ebp-0x20], edi                     		EAX=00000001, ECX=b50281b0, EDX=00000000, EBX=b7717c08, ESP=bfcd6850, EBP=bfcd68b8, ESI=bfcd6852, EDI=00000002
-1	26889	ld-linux.so.2       	b77026b3	                                        	89 7d e4                                          	mov dword ptr [ebp-0x1c], edi                     		EAX=00000001, ECX=b50281b0, EDX=00000000, EBX=b7717c08, ESP=bfcd6850, EBP=bfcd68b8, ESI=bfcd6852, EDI=00000002
-1	26889	ld-linux.so.2       	b77026b6	                                        	0f 84 14 01 00 00                                 	jz 0xb77027d0                                     		EAX=00000001, ECX=b50281b0, EDX=00000000, EBX=b7717c08, ESP=bfcd6850, EBP=bfcd68b8, ESI=bfcd6852, EDI=00000002
-1	26889	ld-linux.so.2       	b77026bc	                                        	8b 45 e0                                          	mov eax, dword ptr [ebp-0x20]                     		EAX=00000001, ECX=b50281b0, EDX=00000000, EBX=b7717c08, ESP=bfcd6850, EBP=bfcd68b8, ESI=bfcd6852, EDI=00000002
-1	26889	ld-linux.so.2       	b77026bf	                                        	8b 75 dc                                          	mov esi, dword ptr [ebp-0x24]                     		EAX=00000004, ECX=b50281b0, EDX=00000000, EBX=b7717c08, ESP=bfcd6850, EBP=bfcd68b8, ESI=bfcd6852, EDI=00000002
-1	26889	ld-linux.so.2       	b77026c2	                                        	83 ec 04                                          	sub esp, 0x4                                      		EAX=00000004, ECX=b50281b0, EDX=00000000, EBX=b7717c08, ESP=bfcd6850, EBP=bfcd68b8, ESI=bfcd6850, EDI=00000002
-1	26889	ld-linux.so.2       	b77026c5	                                        	8b 5d cc                                          	mov ebx, dword ptr [ebp-0x34]                     		EAX=00000004, ECX=b50281b0, EDX=00000000, EBX=b7717c08, ESP=bfcd684c, EBP=bfcd68b8, ESI=bfcd6850, EDI=00000002
-1	26889	ld-linux.so.2       	b77026c8	                                        	8d 14 7e                                          	lea edx, ptr [esi+edi*2]                          		EAX=00000004, ECX=b50281b0, EDX=00000000, EBX=b7717000, ESP=bfcd684c, EBP=bfcd68b8, ESI=bfcd6850, EDI=00000002
-1	26889	ld-linux.so.2       	b77026cb	                                        	29 f8                                             	sub eax, edi                                      		EAX=00000004, ECX=b50281b0, EDX=bfcd6854, EBX=b7717000, ESP=bfcd684c, EBP=bfcd68b8, ESI=bfcd6850, EDI=00000002
-1	26889	ld-linux.so.2       	b77026cd	                                        	83 c7 01                                          	add edi, 0x1                                      		EAX=00000002, ECX=b50281b0, EDX=bfcd6854, EBX=b7717000, ESP=bfcd684c, EBP=bfcd68b8, ESI=bfcd6850, EDI=00000002
-1	26889	ld-linux.so.2       	b77026d0	                                        	01 c0                                             	add eax, eax                                      		EAX=00000002, ECX=b50281b0, EDX=bfcd6854, EBX=b7717000, ESP=bfcd684c, EBP=bfcd68b8, ESI=bfcd6850, EDI=00000003
-1	26889	ld-linux.so.2       	b77026d2	                                        	50                                                	push eax                                          		EAX=00000004, ECX=b50281b0, EDX=bfcd6854, EBX=b7717000, ESP=bfcd684c, EBP=bfcd68b8, ESI=bfcd6850, EDI=00000003
-1	26889	ld-linux.so.2       	b77026d3	                                        	6a 00                                             	push 0x0                                          		EAX=00000004, ECX=b50281b0, EDX=bfcd6854, EBX=b7717000, ESP=bfcd6848, EBP=bfcd68b8, ESI=bfcd6850, EDI=00000003
-1	26889	ld-linux.so.2       	b77026d5	                                        	52                                                	push edx                                          		EAX=00000004, ECX=b50281b0, EDX=bfcd6854, EBX=b7717000, ESP=bfcd6844, EBP=bfcd68b8, ESI=bfcd6850, EDI=00000003
-1	26889	ld-linux.so.2       	b77026d6	                                        	e8 95 9f 00 00                                    	call 0xb770c670                                   		EAX=00000004, ECX=b50281b0, EDX=bfcd6854, EBX=b7717000, ESP=bfcd6840, EBP=bfcd68b8, ESI=bfcd6850, EDI=00000003
-1	26889	ld-linux.so.2       	b77026db	                                        	83 c4 10                                          	add esp, 0x10                                     		EAX=bfcd6854, ECX=00000000, EDX=00000000, EBX=b7717000, ESP=bfcd6840, EBP=bfcd68b8, ESI=bfcd6850, EDI=00000003
-1	26889	ld-linux.so.2       	b77026de	                                        	8b 45 e4                                          	mov eax, dword ptr [ebp-0x1c]                     		EAX=bfcd6854, ECX=00000000, EDX=00000000, EBX=b7717000, ESP=bfcd6850, EBP=bfcd68b8, ESI=bfcd6850, EDI=00000003
-1	26889	ld-linux.so.2       	b77026e1	                                        	8b 75 dc                                          	mov esi, dword ptr [ebp-0x24]                     		EAX=00000002, ECX=00000000, EDX=00000000, EBX=b7717000, ESP=bfcd6850, EBP=bfcd68b8, ESI=bfcd6850, EDI=00000003
-1	26889	ld-linux.so.2       	b77026e4	                                        	8d 34 46                                          	lea esi, ptr [esi+eax*2]                          		EAX=00000002, ECX=00000000, EDX=00000000, EBX=b7717000, ESP=bfcd6850, EBP=bfcd68b8, ESI=bfcd6850, EDI=00000003
-1	26889	ld-linux.so.2       	b77026e7	                                        	0f b7 1e                                          	movzx ebx, word ptr [esi]                         		EAX=00000002, ECX=00000000, EDX=00000000, EBX=b7717000, ESP=bfcd6850, EBP=bfcd68b8, ESI=bfcd6854, EDI=00000003
-1	26889	ld-linux.so.2       	b77026ea	                                        	8d 4b 01                                          	lea ecx, ptr [ebx+0x1]                            		EAX=00000002, ECX=00000000, EDX=00000000, EBX=00000000, ESP=bfcd6850, EBP=bfcd68b8, ESI=bfcd6854, EDI=00000003
-1	26889	ld-linux.so.2       	b77026ed	                                        	66 89 4d d2                                       	mov word ptr [ebp-0x2e], cx                       		EAX=00000002, ECX=00000001, EDX=00000000, EBX=00000000, ESP=bfcd6850, EBP=bfcd68b8, ESI=bfcd6854, EDI=00000003
-1	26889	ld-linux.so.2       	b77026f1	                                        	66 89 0e                                          	mov word ptr [esi], cx                            		EAX=00000002, ECX=00000001, EDX=00000000, EBX=00000000, ESP=bfcd6850, EBP=bfcd68b8, ESI=bfcd6854, EDI=00000003
-1	26889	ld-linux.so.2       	b77026f4	                                        	8d 0c 85 00 00 00 00                              	lea ecx, ptr [eax*4]                              		EAX=00000002, ECX=00000001, EDX=00000000, EBX=00000000, ESP=bfcd6850, EBP=bfcd68b8, ESI=bfcd6854, EDI=00000003
-1	26889	ld-linux.so.2       	b77026fb	                                        	8b 45 d8                                          	mov eax, dword ptr [ebp-0x28]                     		EAX=00000002, ECX=00000008, EDX=00000000, EBX=00000000, ESP=bfcd6850, EBP=bfcd68b8, ESI=bfcd6854, EDI=00000003
-1	26889	ld-linux.so.2       	b77026fe	                                        	01 c8                                             	add eax, ecx                                      		EAX=bfcd68d0, ECX=00000008, EDX=00000000, EBX=00000000, ESP=bfcd6850, EBP=bfcd68b8, ESI=bfcd6854, EDI=00000003
-1	26889	ld-linux.so.2       	b7702700	                                        	8b 18                                             	mov ebx, dword ptr [eax]                          		EAX=bfcd68d8, ECX=00000008, EDX=00000000, EBX=00000000, ESP=bfcd6850, EBP=bfcd68b8, ESI=bfcd6854, EDI=00000003
-1	26889	ld-linux.so.2       	b7702702	                                        	89 45 d4                                          	mov dword ptr [ebp-0x2c], eax                     		EAX=bfcd68d8, ECX=00000008, EDX=00000000, EBX=b50281b0, ESP=bfcd6850, EBP=bfcd68b8, ESI=bfcd6854, EDI=00000003
-1	26889	ld-linux.so.2       	b7702705	                                        	3b 5b 14                                          	cmp ebx, dword ptr [ebx+0x14]                     		EAX=bfcd68d8, ECX=00000008, EDX=00000000, EBX=b50281b0, ESP=bfcd6850, EBP=bfcd68b8, ESI=bfcd6854, EDI=00000003
-1	26889	ld-linux.so.2       	b7702708	                                        	75 a6                                             	jnz 0xb77026b0                                    		EAX=bfcd68d8, ECX=00000008, EDX=00000000, EBX=b50281b0, ESP=bfcd6850, EBP=bfcd68b8, ESI=bfcd6854, EDI=00000003
-1	26889	ld-linux.so.2       	b770270a	                                        	83 bb 0c 02 00 00 ff                              	cmp dword ptr [ebx+0x20c], 0xffffffff             		EAX=bfcd68d8, ECX=00000008, EDX=00000000, EBX=b50281b0, ESP=bfcd6850, EBP=bfcd68b8, ESI=bfcd6854, EDI=00000003
-1	26889	ld-linux.so.2       	b7702711	                                        	74 9d                                             	jz 0xb77026b0                                     		EAX=bfcd68d8, ECX=00000008, EDX=00000000, EBX=b50281b0, ESP=bfcd6850, EBP=bfcd68b8, ESI=bfcd6854, EDI=00000003
-1	26889	ld-linux.so.2       	b7702713	                                        	8b 45 e0                                          	mov eax, dword ptr [ebp-0x20]                     		EAX=bfcd68d8, ECX=00000008, EDX=00000000, EBX=b50281b0, ESP=bfcd6850, EBP=bfcd68b8, ESI=bfcd6854, EDI=00000003
-1	26889	ld-linux.so.2       	b7702716	                                        	83 e8 01                                          	sub eax, 0x1                                      		EAX=00000004, ECX=00000008, EDX=00000000, EBX=b50281b0, ESP=bfcd6850, EBP=bfcd68b8, ESI=bfcd6854, EDI=00000003
-1	26889	ld-linux.so.2       	b7702719	                                        	39 45 e4                                          	cmp dword ptr [ebp-0x1c], eax                     		EAX=00000003, ECX=00000008, EDX=00000000, EBX=b50281b0, ESP=bfcd6850, EBP=bfcd68b8, ESI=bfcd6854, EDI=00000003
-1	26889	ld-linux.so.2       	b770271c	                                        	89 45 c8                                          	mov dword ptr [ebp-0x38], eax                     		EAX=00000003, ECX=00000008, EDX=00000000, EBX=b50281b0, ESP=bfcd6850, EBP=bfcd68b8, ESI=bfcd6854, EDI=00000003
-1	26889	ld-linux.so.2       	b770271f	                                        	73 8f                                             	jnb 0xb77026b0                                    		EAX=00000003, ECX=00000008, EDX=00000000, EBX=b50281b0, ESP=bfcd6850, EBP=bfcd68b8, ESI=bfcd6854, EDI=00000003
-1	26889	ld-linux.so.2       	b7702721	                                        	8b 45 b8                                          	mov eax, dword ptr [ebp-0x48]                     		EAX=00000003, ECX=00000008, EDX=00000000, EBX=b50281b0, ESP=bfcd6850, EBP=bfcd68b8, ESI=bfcd6854, EDI=00000003
-1	26889	ld-linux.so.2       	b7702724	                                        	89 4d bc                                          	mov dword ptr [ebp-0x44], ecx                     		EAX=bfcd68dc, ECX=00000008, EDX=00000000, EBX=b50281b0, ESP=bfcd6850, EBP=bfcd68b8, ESI=bfcd6854, EDI=00000003
-1	26889	ld-linux.so.2       	b7702727	                                        	89 45 c4                                          	mov dword ptr [ebp-0x3c], eax                     		EAX=bfcd68dc, ECX=00000008, EDX=00000000, EBX=b50281b0, ESP=bfcd6850, EBP=bfcd68b8, ESI=bfcd6854, EDI=00000003
-1	26889	ld-linux.so.2       	b770272a	                                        	8b 45 c4                                          	mov eax, dword ptr [ebp-0x3c]                     		EAX=bfcd68dc, ECX=00000008, EDX=00000000, EBX=b50281b0, ESP=bfcd6850, EBP=bfcd68b8, ESI=bfcd6854, EDI=00000003
-1	26889	ld-linux.so.2       	b770272d	                                        	8b 08                                             	mov ecx, dword ptr [eax]                          		EAX=bfcd68dc, ECX=00000008, EDX=00000000, EBX=b50281b0, ESP=bfcd6850, EBP=bfcd68b8, ESI=bfcd6854, EDI=00000003
-1	26889	ld-linux.so.2       	b770272f	                                        	8b 81 f0 01 00 00                                 	mov eax, dword ptr [ecx+0x1f0]                    		EAX=bfcd68dc, ECX=b771753c, EDX=00000000, EBX=b50281b0, ESP=bfcd6850, EBP=bfcd68b8, ESI=bfcd6854, EDI=00000003
-1	26889	ld-linux.so.2       	b7702735	                                        	85 c0                                             	test eax, eax                                     		EAX=00000000, ECX=b771753c, EDX=00000000, EBX=b50281b0, ESP=bfcd6850, EBP=bfcd68b8, ESI=bfcd6854, EDI=00000003
-1	26889	ld-linux.so.2       	b7702737	                                        	0f 84 a3 00 00 00                                 	jz 0xb77027e0                                     		EAX=00000000, ECX=b771753c, EDX=00000000, EBX=b50281b0, ESP=bfcd6850, EBP=bfcd68b8, ESI=bfcd6854, EDI=00000003
-1	26889	ld-linux.so.2       	b77027e0	                                        	8b 81 f4 01 00 00                                 	mov eax, dword ptr [ecx+0x1f4]                    		EAX=00000000, ECX=b771753c, EDX=00000000, EBX=b50281b0, ESP=bfcd6850, EBP=bfcd68b8, ESI=bfcd6854, EDI=00000003
-1	26889	ld-linux.so.2       	b77027e6	                                        	85 c0                                             	test eax, eax                                     		EAX=00000000, ECX=b771753c, EDX=00000000, EBX=b50281b0, ESP=bfcd6850, EBP=bfcd68b8, ESI=bfcd6854, EDI=00000003
-1	26889	ld-linux.so.2       	b77027e8	                                        	75 4d                                             	jnz 0xb7702837                                    		EAX=00000000, ECX=b771753c, EDX=00000000, EBX=b50281b0, ESP=bfcd6850, EBP=bfcd68b8, ESI=bfcd6854, EDI=00000003
-1	26889	ld-linux.so.2       	b77027ea	                                        	83 6d c8 01                                       	sub dword ptr [ebp-0x38], 0x1                     		EAX=00000000, ECX=b771753c, EDX=00000000, EBX=b50281b0, ESP=bfcd6850, EBP=bfcd68b8, ESI=bfcd6854, EDI=00000003
-1	26889	ld-linux.so.2       	b77027ee	                                        	83 6d c4 04                                       	sub dword ptr [ebp-0x3c], 0x4                     		EAX=00000000, ECX=b771753c, EDX=00000000, EBX=b50281b0, ESP=bfcd6850, EBP=bfcd68b8, ESI=bfcd6854, EDI=00000003
-1	26889	ld-linux.so.2       	b77027f2	                                        	8b 45 c8                                          	mov eax, dword ptr [ebp-0x38]                     		EAX=00000000, ECX=b771753c, EDX=00000000, EBX=b50281b0, ESP=bfcd6850, EBP=bfcd68b8, ESI=bfcd6854, EDI=00000003
-1	26889	ld-linux.so.2       	b77027f5	                                        	39 45 e4                                          	cmp dword ptr [ebp-0x1c], eax                     		EAX=00000002, ECX=b771753c, EDX=00000000, EBX=b50281b0, ESP=bfcd6850, EBP=bfcd68b8, ESI=bfcd6854, EDI=00000003
-1	26889	ld-linux.so.2       	b77027f8	                                        	0f 82 2c ff ff ff                                 	jb 0xb770272a                                     		EAX=00000002, ECX=b771753c, EDX=00000000, EBX=b50281b0, ESP=bfcd6850, EBP=bfcd68b8, ESI=bfcd6854, EDI=00000003
-1	26889	ld-linux.so.2       	b77027fe	                                        	e9 ad fe ff ff                                    	jmp 0xb77026b0                                    		EAX=00000002, ECX=b771753c, EDX=00000000, EBX=b50281b0, ESP=bfcd6850, EBP=bfcd68b8, ESI=bfcd6854, EDI=00000003
-1	26889	ld-linux.so.2       	b77026b0	                                        	39 7d e0                                          	cmp dword ptr [ebp-0x20], edi                     		EAX=00000002, ECX=b771753c, EDX=00000000, EBX=b50281b0, ESP=bfcd6850, EBP=bfcd68b8, ESI=bfcd6854, EDI=00000003
-1	26889	ld-linux.so.2       	b77026b3	                                        	89 7d e4                                          	mov dword ptr [ebp-0x1c], edi                     		EAX=00000002, ECX=b771753c, EDX=00000000, EBX=b50281b0, ESP=bfcd6850, EBP=bfcd68b8, ESI=bfcd6854, EDI=00000003
-1	26889	ld-linux.so.2       	b77026b6	                                        	0f 84 14 01 00 00                                 	jz 0xb77027d0                                     		EAX=00000002, ECX=b771753c, EDX=00000000, EBX=b50281b0, ESP=bfcd6850, EBP=bfcd68b8, ESI=bfcd6854, EDI=00000003
-1	26889	ld-linux.so.2       	b77026bc	                                        	8b 45 e0                                          	mov eax, dword ptr [ebp-0x20]                     		EAX=00000002, ECX=b771753c, EDX=00000000, EBX=b50281b0, ESP=bfcd6850, EBP=bfcd68b8, ESI=bfcd6854, EDI=00000003
-1	26889	ld-linux.so.2       	b77026bf	                                        	8b 75 dc                                          	mov esi, dword ptr [ebp-0x24]                     		EAX=00000004, ECX=b771753c, EDX=00000000, EBX=b50281b0, ESP=bfcd6850, EBP=bfcd68b8, ESI=bfcd6854, EDI=00000003
-1	26889	ld-linux.so.2       	b77026c2	                                        	83 ec 04                                          	sub esp, 0x4                                      		EAX=00000004, ECX=b771753c, EDX=00000000, EBX=b50281b0, ESP=bfcd6850, EBP=bfcd68b8, ESI=bfcd6850, EDI=00000003
-1	26889	ld-linux.so.2       	b77026c5	                                        	8b 5d cc                                          	mov ebx, dword ptr [ebp-0x34]                     		EAX=00000004, ECX=b771753c, EDX=00000000, EBX=b50281b0, ESP=bfcd684c, EBP=bfcd68b8, ESI=bfcd6850, EDI=00000003
-1	26889	ld-linux.so.2       	b77026c8	                                        	8d 14 7e                                          	lea edx, ptr [esi+edi*2]                          		EAX=00000004, ECX=b771753c, EDX=00000000, EBX=b7717000, ESP=bfcd684c, EBP=bfcd68b8, ESI=bfcd6850, EDI=00000003
-1	26889	ld-linux.so.2       	b77026cb	                                        	29 f8                                             	sub eax, edi                                      		EAX=00000004, ECX=b771753c, EDX=bfcd6856, EBX=b7717000, ESP=bfcd684c, EBP=bfcd68b8, ESI=bfcd6850, EDI=00000003
-1	26889	ld-linux.so.2       	b77026cd	                                        	83 c7 01                                          	add edi, 0x1                                      		EAX=00000001, ECX=b771753c, EDX=bfcd6856, EBX=b7717000, ESP=bfcd684c, EBP=bfcd68b8, ESI=bfcd6850, EDI=00000003
-1	26889	ld-linux.so.2       	b77026d0	                                        	01 c0                                             	add eax, eax                                      		EAX=00000001, ECX=b771753c, EDX=bfcd6856, EBX=b7717000, ESP=bfcd684c, EBP=bfcd68b8, ESI=bfcd6850, EDI=00000004
-1	26889	ld-linux.so.2       	b77026d2	                                        	50                                                	push eax                                          		EAX=00000002, ECX=b771753c, EDX=bfcd6856, EBX=b7717000, ESP=bfcd684c, EBP=bfcd68b8, ESI=bfcd6850, EDI=00000004
-1	26889	ld-linux.so.2       	b77026d3	                                        	6a 00                                             	push 0x0                                          		EAX=00000002, ECX=b771753c, EDX=bfcd6856, EBX=b7717000, ESP=bfcd6848, EBP=bfcd68b8, ESI=bfcd6850, EDI=00000004
-1	26889	ld-linux.so.2       	b77026d5	                                        	52                                                	push edx                                          		EAX=00000002, ECX=b771753c, EDX=bfcd6856, EBX=b7717000, ESP=bfcd6844, EBP=bfcd68b8, ESI=bfcd6850, EDI=00000004
-1	26889	ld-linux.so.2       	b77026d6	                                        	e8 95 9f 00 00                                    	call 0xb770c670                                   		EAX=00000002, ECX=b771753c, EDX=bfcd6856, EBX=b7717000, ESP=bfcd6840, EBP=bfcd68b8, ESI=bfcd6850, EDI=00000004
-1	26889	ld-linux.so.2       	b770c68a	                                        	aa                                                	stosb byte ptr [edi]                              		EAX=00000000, ECX=00000002, EDX=00000002, EBX=b7717000, ESP=bfcd6838, EBP=bfcd68b8, ESI=bfcd6850, EDI=bfcd6856
-1	26889	ld-linux.so.2       	b770c68b	                                        	49                                                	dec ecx                                           		EAX=00000000, ECX=00000002, EDX=00000002, EBX=b7717000, ESP=bfcd6838, EBP=bfcd68b8, ESI=bfcd6850, EDI=bfcd6857
-1	26889	ld-linux.so.2       	b770c68c	                                        	74 1f                                             	jz 0xb770c6ad                                     		EAX=00000000, ECX=00000001, EDX=00000002, EBX=b7717000, ESP=bfcd6838, EBP=bfcd68b8, ESI=bfcd6850, EDI=bfcd6857
-1	26889	ld-linux.so.2       	b770c68e	                                        	aa                                                	stosb byte ptr [edi]                              		EAX=00000000, ECX=00000001, EDX=00000002, EBX=b7717000, ESP=bfcd6838, EBP=bfcd68b8, ESI=bfcd6850, EDI=bfcd6857
-1	26889	ld-linux.so.2       	b770c68f	                                        	49                                                	dec ecx                                           		EAX=00000000, ECX=00000001, EDX=00000002, EBX=b7717000, ESP=bfcd6838, EBP=bfcd68b8, ESI=bfcd6850, EDI=bfcd6858
-1	26889	ld-linux.so.2       	b770c690	                                        	74 1b                                             	jz 0xb770c6ad                                     		EAX=00000000, ECX=00000000, EDX=00000002, EBX=b7717000, ESP=bfcd6838, EBP=bfcd68b8, ESI=bfcd6850, EDI=bfcd6858
-1	26889	ld-linux.so.2       	b77026db	                                        	83 c4 10                                          	add esp, 0x10                                     		EAX=bfcd6856, ECX=00000000, EDX=00000002, EBX=b7717000, ESP=bfcd6840, EBP=bfcd68b8, ESI=bfcd6850, EDI=00000004
-1	26889	ld-linux.so.2       	b77026de	                                        	8b 45 e4                                          	mov eax, dword ptr [ebp-0x1c]                     		EAX=bfcd6856, ECX=00000000, EDX=00000002, EBX=b7717000, ESP=bfcd6850, EBP=bfcd68b8, ESI=bfcd6850, EDI=00000004
-1	26889	ld-linux.so.2       	b77026e1	                                        	8b 75 dc                                          	mov esi, dword ptr [ebp-0x24]                     		EAX=00000003, ECX=00000000, EDX=00000002, EBX=b7717000, ESP=bfcd6850, EBP=bfcd68b8, ESI=bfcd6850, EDI=00000004
-1	26889	ld-linux.so.2       	b77026e4	                                        	8d 34 46                                          	lea esi, ptr [esi+eax*2]                          		EAX=00000003, ECX=00000000, EDX=00000002, EBX=b7717000, ESP=bfcd6850, EBP=bfcd68b8, ESI=bfcd6850, EDI=00000004
-1	26889	ld-linux.so.2       	b77026e7	                                        	0f b7 1e                                          	movzx ebx, word ptr [esi]                         		EAX=00000003, ECX=00000000, EDX=00000002, EBX=b7717000, ESP=bfcd6850, EBP=bfcd68b8, ESI=bfcd6856, EDI=00000004
-1	26889	ld-linux.so.2       	b77026ea	                                        	8d 4b 01                                          	lea ecx, ptr [ebx+0x1]                            		EAX=00000003, ECX=00000000, EDX=00000002, EBX=00000000, ESP=bfcd6850, EBP=bfcd68b8, ESI=bfcd6856, EDI=00000004
-1	26889	ld-linux.so.2       	b77026ed	                                        	66 89 4d d2                                       	mov word ptr [ebp-0x2e], cx                       		EAX=00000003, ECX=00000001, EDX=00000002, EBX=00000000, ESP=bfcd6850, EBP=bfcd68b8, ESI=bfcd6856, EDI=00000004
-1	26889	ld-linux.so.2       	b77026f1	                                        	66 89 0e                                          	mov word ptr [esi], cx                            		EAX=00000003, ECX=00000001, EDX=00000002, EBX=00000000, ESP=bfcd6850, EBP=bfcd68b8, ESI=bfcd6856, EDI=00000004
-1	26889	ld-linux.so.2       	b77026f4	                                        	8d 0c 85 00 00 00 00                              	lea ecx, ptr [eax*4]                              		EAX=00000003, ECX=00000001, EDX=00000002, EBX=00000000, ESP=bfcd6850, EBP=bfcd68b8, ESI=bfcd6856, EDI=00000004
-1	26889	ld-linux.so.2       	b77026fb	                                        	8b 45 d8                                          	mov eax, dword ptr [ebp-0x28]                     		EAX=00000003, ECX=0000000c, EDX=00000002, EBX=00000000, ESP=bfcd6850, EBP=bfcd68b8, ESI=bfcd6856, EDI=00000004
-1	26889	ld-linux.so.2       	b77026fe	                                        	01 c8                                             	add eax, ecx                                      		EAX=bfcd68d0, ECX=0000000c, EDX=00000002, EBX=00000000, ESP=bfcd6850, EBP=bfcd68b8, ESI=bfcd6856, EDI=00000004
-1	26889	ld-linux.so.2       	b7702700	                                        	8b 18                                             	mov ebx, dword ptr [eax]                          		EAX=bfcd68dc, ECX=0000000c, EDX=00000002, EBX=00000000, ESP=bfcd6850, EBP=bfcd68b8, ESI=bfcd6856, EDI=00000004
-1	26889	ld-linux.so.2       	b7702702	                                        	89 45 d4                                          	mov dword ptr [ebp-0x2c], eax                     		EAX=bfcd68dc, ECX=0000000c, EDX=00000002, EBX=b771753c, ESP=bfcd6850, EBP=bfcd68b8, ESI=bfcd6856, EDI=00000004
-1	26889	ld-linux.so.2       	b7702705	                                        	3b 5b 14                                          	cmp ebx, dword ptr [ebx+0x14]                     		EAX=bfcd68dc, ECX=0000000c, EDX=00000002, EBX=b771753c, ESP=bfcd6850, EBP=bfcd68b8, ESI=bfcd6856, EDI=00000004
-1	26889	ld-linux.so.2       	b7702708	                                        	75 a6                                             	jnz 0xb77026b0                                    		EAX=bfcd68dc, ECX=0000000c, EDX=00000002, EBX=b771753c, ESP=bfcd6850, EBP=bfcd68b8, ESI=bfcd6856, EDI=00000004
-1	26889	ld-linux.so.2       	b770270a	                                        	83 bb 0c 02 00 00 ff                              	cmp dword ptr [ebx+0x20c], 0xffffffff             		EAX=bfcd68dc, ECX=0000000c, EDX=00000002, EBX=b771753c, ESP=bfcd6850, EBP=bfcd68b8, ESI=bfcd6856, EDI=00000004
-1	26889	ld-linux.so.2       	b7702711	                                        	74 9d                                             	jz 0xb77026b0                                     		EAX=bfcd68dc, ECX=0000000c, EDX=00000002, EBX=b771753c, ESP=bfcd6850, EBP=bfcd68b8, ESI=bfcd6856, EDI=00000004
-1	26889	ld-linux.so.2       	b7702713	                                        	8b 45 e0                                          	mov eax, dword ptr [ebp-0x20]                     		EAX=bfcd68dc, ECX=0000000c, EDX=00000002, EBX=b771753c, ESP=bfcd6850, EBP=bfcd68b8, ESI=bfcd6856, EDI=00000004
-1	26889	ld-linux.so.2       	b7702716	                                        	83 e8 01                                          	sub eax, 0x1                                      		EAX=00000004, ECX=0000000c, EDX=00000002, EBX=b771753c, ESP=bfcd6850, EBP=bfcd68b8, ESI=bfcd6856, EDI=00000004
-1	26889	ld-linux.so.2       	b7702719	                                        	39 45 e4                                          	cmp dword ptr [ebp-0x1c], eax                     		EAX=00000003, ECX=0000000c, EDX=00000002, EBX=b771753c, ESP=bfcd6850, EBP=bfcd68b8, ESI=bfcd6856, EDI=00000004
-1	26889	ld-linux.so.2       	b770271c	                                        	89 45 c8                                          	mov dword ptr [ebp-0x38], eax                     		EAX=00000003, ECX=0000000c, EDX=00000002, EBX=b771753c, ESP=bfcd6850, EBP=bfcd68b8, ESI=bfcd6856, EDI=00000004
-1	26889	ld-linux.so.2       	b770271f	                                        	73 8f                                             	jnb 0xb77026b0                                    		EAX=00000003, ECX=0000000c, EDX=00000002, EBX=b771753c, ESP=bfcd6850, EBP=bfcd68b8, ESI=bfcd6856, EDI=00000004
-1	26889	ld-linux.so.2       	b77026b0	                                        	39 7d e0                                          	cmp dword ptr [ebp-0x20], edi                     		EAX=00000003, ECX=0000000c, EDX=00000002, EBX=b771753c, ESP=bfcd6850, EBP=bfcd68b8, ESI=bfcd6856, EDI=00000004
-1	26889	ld-linux.so.2       	b77026b3	                                        	89 7d e4                                          	mov dword ptr [ebp-0x1c], edi                     		EAX=00000003, ECX=0000000c, EDX=00000002, EBX=b771753c, ESP=bfcd6850, EBP=bfcd68b8, ESI=bfcd6856, EDI=00000004
-1	26889	ld-linux.so.2       	b77026b6	                                        	0f 84 14 01 00 00                                 	jz 0xb77027d0                                     		EAX=00000003, ECX=0000000c, EDX=00000002, EBX=b771753c, ESP=bfcd6850, EBP=bfcd68b8, ESI=bfcd6856, EDI=00000004
-1	26889	ld-linux.so.2       	b77027d0	                                        	8b 65 b4                                          	mov esp, dword ptr [ebp-0x4c]                     		EAX=00000003, ECX=0000000c, EDX=00000002, EBX=b771753c, ESP=bfcd6850, EBP=bfcd68b8, ESI=bfcd6856, EDI=00000004
-1	26889	ld-linux.so.2       	b77027d3	                                        	8d 65 f4                                          	lea esp, ptr [ebp-0xc]                            		EAX=00000003, ECX=0000000c, EDX=00000002, EBX=b771753c, ESP=bfcd6860, EBP=bfcd68b8, ESI=bfcd6856, EDI=00000004
-1	26889	ld-linux.so.2       	b77027d6	                                        	5b                                                	pop ebx                                           		EAX=00000003, ECX=0000000c, EDX=00000002, EBX=b771753c, ESP=bfcd68ac, EBP=bfcd68b8, ESI=bfcd6856, EDI=00000004
-1	26889	ld-linux.so.2       	b77027d7	                                        	5e                                                	pop esi                                           		EAX=00000003, ECX=0000000c, EDX=00000002, EBX=00000004, ESP=bfcd68b0, EBP=bfcd68b8, ESI=bfcd6856, EDI=00000004
-1	26889	ld-linux.so.2       	b77027d8	                                        	5f                                                	pop edi                                           		EAX=00000003, ECX=0000000c, EDX=00000002, EBX=00000004, ESP=bfcd68b4, EBP=bfcd68b8, ESI=00000000, EDI=00000004
-1	26889	ld-linux.so.2       	b77027d9	                                        	5d                                                	pop ebp                                           		EAX=00000003, ECX=0000000c, EDX=00000002, EBX=00000004, ESP=bfcd68b8, EBP=bfcd68b8, ESI=00000000, EDI=b4f8d3dc
-1	26889	ld-linux.so.2       	b77027da	                                        	c2 04 00                                          	ret 0x4                                           		EAX=00000003, ECX=0000000c, EDX=00000002, EBX=00000004, ESP=bfcd68bc, EBP=bfcd6948, ESI=00000000, EDI=b4f8d3dc
-1	26889	ld-linux.so.2       	b77029f3	                                        	8b 45 d8                                          	mov eax, dword ptr [ebp-0x28]                     		EAX=00000003, ECX=0000000c, EDX=00000002, EBX=00000004, ESP=bfcd68c4, EBP=bfcd6948, ESI=00000000, EDI=b4f8d3dc
-1	26889	ld-linux.so.2       	b77029f6	                                        	8b 4d dc                                          	mov ecx, dword ptr [ebp-0x24]                     		EAX=00000020, ECX=0000000c, EDX=00000002, EBX=00000004, ESP=bfcd68c4, EBP=bfcd6948, ESI=00000000, EDI=b4f8d3dc
-1	26889	ld-linux.so.2       	b77029f9	                                        	ff 75 d0                                          	push dword ptr [ebp-0x30]                         		EAX=00000020, ECX=b7717000, EDX=00000002, EBX=00000004, ESP=bfcd68c4, EBP=bfcd6948, ESI=00000000, EDI=b4f8d3dc
-1	26889	ld-linux.so.2       	b77029fc	                                        	ff 94 08 fc 07 00 00                              	call dword ptr [eax+ecx*1+0x7fc]                  		EAX=00000020, ECX=b7717000, EDX=00000002, EBX=00000004, ESP=bfcd68c0, EBP=bfcd6948, ESI=00000000, EDI=b4f8d3dc
-1	26889	ld-linux.so.2       	b7702a03	                                        	83 c4 10                                          	add esp, 0x10                                     		EAX=b77174e4, ECX=b7717000, EDX=00000002, EBX=00000004, ESP=bfcd68c0, EBP=bfcd6948, ESI=00000000, EDI=b4f8d3dc
-1	26889	ld-linux.so.2       	b7702a06	                                        	85 db                                             	test ebx, ebx                                     		EAX=b77174e4, ECX=b7717000, EDX=00000002, EBX=00000004, ESP=bfcd68d0, EBP=bfcd6948, ESI=00000000, EDI=b4f8d3dc
-1	26889	ld-linux.so.2       	b7702a08	                                        	c7 45 e4 00 00 00 00                              	mov dword ptr [ebp-0x1c], 0x0                     		EAX=b77174e4, ECX=b7717000, EDX=00000002, EBX=00000004, ESP=bfcd68d0, EBP=bfcd6948, ESI=00000000, EDI=b4f8d3dc
-1	26889	ld-linux.so.2       	b7702a0f	                                        	0f 84 a7 00 00 00                                 	jz 0xb7702abc                                     		EAX=b77174e4, ECX=b7717000, EDX=00000002, EBX=00000004, ESP=bfcd68d0, EBP=bfcd6948, ESI=00000000, EDI=b4f8d3dc
-1	26889	ld-linux.so.2       	b7702a15	                                        	8d 76 00                                          	lea esi, ptr [esi]                                		EAX=b77174e4, ECX=b7717000, EDX=00000002, EBX=00000004, ESP=bfcd68d0, EBP=bfcd6948, ESI=00000000, EDI=b4f8d3dc
-1	26889	ld-linux.so.2       	b7702a18	                                        	8b 45 c4                                          	mov eax, dword ptr [ebp-0x3c]                     		EAX=b77174e4, ECX=b7717000, EDX=00000002, EBX=00000004, ESP=bfcd68d0, EBP=bfcd6948, ESI=00000000, EDI=b4f8d3dc
-1	26889	ld-linux.so.2       	b7702a1b	                                        	8b 7d e4                                          	mov edi, dword ptr [ebp-0x1c]                     		EAX=bfcd68d0, ECX=b7717000, EDX=00000002, EBX=00000004, ESP=bfcd68d0, EBP=bfcd6948, ESI=00000000, EDI=b4f8d3dc
-1	26889	ld-linux.so.2       	b7702a1e	                                        	8b 1c b8                                          	mov ebx, dword ptr [eax+edi*4]                    		EAX=bfcd68d0, ECX=b7717000, EDX=00000002, EBX=00000004, ESP=bfcd68d0, EBP=bfcd6948, ESI=00000000, EDI=00000000
-1	26889	ld-linux.so.2       	b7702a21	                                        	0f b6 83 94 01 00 00                              	movzx eax, byte ptr [ebx+0x194]                   		EAX=bfcd68d0, ECX=b7717000, EDX=00000002, EBX=b7717918, ESP=bfcd68d0, EBP=bfcd6948, ESI=00000000, EDI=00000000
-1	26889	ld-linux.so.2       	b7702a28	                                        	a8 08                                             	test al, 0x8                                      		EAX=0000001c, ECX=b7717000, EDX=00000002, EBX=b7717918, ESP=bfcd68d0, EBP=bfcd6948, ESI=00000000, EDI=00000000
-1	26889	ld-linux.so.2       	b7702a2a	                                        	74 79                                             	jz 0xb7702aa5                                     		EAX=0000001c, ECX=b7717000, EDX=00000002, EBX=b7717918, ESP=bfcd68d0, EBP=bfcd6948, ESI=00000000, EDI=00000000
-1	26889	ld-linux.so.2       	b7702a2c	                                        	83 e0 f7                                          	and eax, 0xfffffff7                               		EAX=0000001c, ECX=b7717000, EDX=00000002, EBX=b7717918, ESP=bfcd68d0, EBP=bfcd6948, ESI=00000000, EDI=00000000
-1	26889	ld-linux.so.2       	b7702a2f	                                        	88 83 94 01 00 00                                 	mov byte ptr [ebx+0x194], al                      		EAX=00000014, ECX=b7717000, EDX=00000002, EBX=b7717918, ESP=bfcd68d0, EBP=bfcd6948, ESI=00000000, EDI=00000000
-1	26889	ld-linux.so.2       	b7702a35	                                        	8b 83 88 00 00 00                                 	mov eax, dword ptr [ebx+0x88]                     		EAX=00000014, ECX=b7717000, EDX=00000002, EBX=b7717918, ESP=bfcd68d0, EBP=bfcd6948, ESI=00000000, EDI=00000000
-1	26889	ld-linux.so.2       	b7702a3b	                                        	85 c0                                             	test eax, eax                                     		EAX=08049f3c, ECX=b7717000, EDX=00000002, EBX=b7717918, ESP=bfcd68d0, EBP=bfcd6948, ESI=00000000, EDI=00000000
-1	26889	ld-linux.so.2       	b7702a3d	                                        	0f 84 cd 00 00 00                                 	jz 0xb7702b10                                     		EAX=08049f3c, ECX=b7717000, EDX=00000002, EBX=b7717918, ESP=bfcd68d0, EBP=bfcd6948, ESI=00000000, EDI=00000000
-1	26889	ld-linux.so.2       	b7702a43	                                        	8b 4d dc                                          	mov ecx, dword ptr [ebp-0x24]                     		EAX=08049f3c, ECX=b7717000, EDX=00000002, EBX=b7717918, ESP=bfcd68d0, EBP=bfcd6948, ESI=00000000, EDI=00000000
-1	26889	ld-linux.so.2       	b7702a46	                                        	f6 81 00 fd ff ff 02                              	test byte ptr [ecx-0x300], 0x2                    		EAX=08049f3c, ECX=b7717000, EDX=00000002, EBX=b7717918, ESP=bfcd68d0, EBP=bfcd6948, ESI=00000000, EDI=00000000
-1	26889	ld-linux.so.2       	b7702a4d	                                        	0f 85 dd 00 00 00                                 	jnz 0xb7702b30                                    		EAX=08049f3c, ECX=b7717000, EDX=00000002, EBX=b7717918, ESP=bfcd68d0, EBP=bfcd6948, ESI=00000000, EDI=00000000
-1	26889	ld-linux.so.2       	b7702a53	                                        	8b 78 04                                          	mov edi, dword ptr [eax+0x4]                      		EAX=08049f3c, ECX=b7717000, EDX=00000002, EBX=b7717918, ESP=bfcd68d0, EBP=bfcd6948, ESI=00000000, EDI=00000000
-1	26889	ld-linux.so.2       	b7702a56	                                        	8b 83 90 00 00 00                                 	mov eax, dword ptr [ebx+0x90]                     		EAX=08049f3c, ECX=b7717000, EDX=00000002, EBX=b7717918, ESP=bfcd68d0, EBP=bfcd6948, ESI=00000000, EDI=08049f0c
-1	26889	ld-linux.so.2       	b7702a5c	                                        	03 3b                                             	add edi, dword ptr [ebx]                          		EAX=08049f44, ECX=b7717000, EDX=00000002, EBX=b7717918, ESP=bfcd68d0, EBP=bfcd6948, ESI=00000000, EDI=08049f0c
-1	26889	ld-linux.so.2       	b7702a5e	                                        	8b 40 04                                          	mov eax, dword ptr [eax+0x4]                      		EAX=08049f44, ECX=b7717000, EDX=00000002, EBX=b7717918, ESP=bfcd68d0, EBP=bfcd6948, ESI=00000000, EDI=08049f0c
-1	26889	ld-linux.so.2       	b7702a61	                                        	c1 e8 02                                          	shr eax, 0x2                                      		EAX=00000004, ECX=b7717000, EDX=00000002, EBX=b7717918, ESP=bfcd68d0, EBP=bfcd6948, ESI=00000000, EDI=08049f0c
-1	26889	ld-linux.so.2       	b7702a64	                                        	85 c0                                             	test eax, eax                                     		EAX=00000001, ECX=b7717000, EDX=00000002, EBX=b7717918, ESP=bfcd68d0, EBP=bfcd6948, ESI=00000000, EDI=08049f0c
-1	26889	ld-linux.so.2       	b7702a66	                                        	89 c6                                             	mov esi, eax                                      		EAX=00000001, ECX=b7717000, EDX=00000002, EBX=b7717918, ESP=bfcd68d0, EBP=bfcd6948, ESI=00000000, EDI=08049f0c
-1	26889	ld-linux.so.2       	b7702a68	                                        	74 0f                                             	jz 0xb7702a79                                     		EAX=00000001, ECX=b7717000, EDX=00000002, EBX=b7717918, ESP=bfcd68d0, EBP=bfcd6948, ESI=00000001, EDI=08049f0c
-1	26889	ld-linux.so.2       	b7702a6a	                                        	8d b6 00 00 00 00                                 	lea esi, ptr [esi]                                		EAX=00000001, ECX=b7717000, EDX=00000002, EBX=b7717918, ESP=bfcd68d0, EBP=bfcd6948, ESI=00000001, EDI=08049f0c
-1	26889	ld-linux.so.2       	b7702a70	                                        	ff 54 b7 fc                                       	call dword ptr [edi+esi*4-0x4]                    		EAX=00000001, ECX=b7717000, EDX=00000002, EBX=b7717918, ESP=bfcd68d0, EBP=bfcd6948, ESI=00000001, EDI=08049f0c
-1	26889	unknown             	08048420	                                        	80 3d 20 a0 04 08 00                              	cmp byte ptr [0x804a020], 0x0                     		EAX=00000001, ECX=b7717000, EDX=00000002, EBX=b7717918, ESP=bfcd68cc, EBP=bfcd6948, ESI=00000001, EDI=08049f0c
-1	26889	unknown             	08048427	                                        	75 13                                             	jnz 0x804843c                                     		EAX=00000001, ECX=b7717000, EDX=00000002, EBX=b7717918, ESP=bfcd68cc, EBP=bfcd6948, ESI=00000001, EDI=08049f0c
-1	26889	unknown             	08048429	                                        	55                                                	push ebp                                          		EAX=00000001, ECX=b7717000, EDX=00000002, EBX=b7717918, ESP=bfcd68cc, EBP=bfcd6948, ESI=00000001, EDI=08049f0c
-1	26889	unknown             	0804842a	                                        	89 e5                                             	mov ebp, esp                                      		EAX=00000001, ECX=b7717000, EDX=00000002, EBX=b7717918, ESP=bfcd68c8, EBP=bfcd6948, ESI=00000001, EDI=08049f0c
-1	26889	unknown             	0804842c	                                        	83 ec 08                                          	sub esp, 0x8                                      		EAX=00000001, ECX=b7717000, EDX=00000002, EBX=b7717918, ESP=bfcd68c8, EBP=bfcd68c8, ESI=00000001, EDI=08049f0c
-1	26889	unknown             	0804842f	                                        	e8 7c ff ff ff                                    	call 0x80483b0                                    		EAX=00000001, ECX=b7717000, EDX=00000002, EBX=b7717918, ESP=bfcd68c0, EBP=bfcd68c8, ESI=00000001, EDI=08049f0c
-1	26889	unknown             	080483b0	                                        	b8 23 a0 04 08                                    	mov eax, 0x804a023                                		EAX=00000001, ECX=b7717000, EDX=00000002, EBX=b7717918, ESP=bfcd68bc, EBP=bfcd68c8, ESI=00000001, EDI=08049f0c
-1	26889	unknown             	080483b5	                                        	2d 20 a0 04 08                                    	sub eax, 0x804a020                                		EAX=0804a023, ECX=b7717000, EDX=00000002, EBX=b7717918, ESP=bfcd68bc, EBP=bfcd68c8, ESI=00000001, EDI=08049f0c
-1	26889	unknown             	080483ba	                                        	83 f8 06                                          	cmp eax, 0x6                                      		EAX=00000003, ECX=b7717000, EDX=00000002, EBX=b7717918, ESP=bfcd68bc, EBP=bfcd68c8, ESI=00000001, EDI=08049f0c
-1	26889	unknown             	080483bd	                                        	76 1a                                             	jbe 0x80483d9                                     		EAX=00000003, ECX=b7717000, EDX=00000002, EBX=b7717918, ESP=bfcd68bc, EBP=bfcd68c8, ESI=00000001, EDI=08049f0c
-1	26889	unknown             	080483d9	                                        	f3 c3                                             	ret                                               		EAX=00000003, ECX=b7717000, EDX=00000002, EBX=b7717918, ESP=bfcd68bc, EBP=bfcd68c8, ESI=00000001, EDI=08049f0c
-1	26889	unknown             	08048434	                                        	c6 05 20 a0 04 08 01                              	mov byte ptr [0x804a020], 0x1                     		EAX=00000003, ECX=b7717000, EDX=00000002, EBX=b7717918, ESP=bfcd68c0, EBP=bfcd68c8, ESI=00000001, EDI=08049f0c
-1	26889	unknown             	0804843b	                                        	c9                                                	leave                                             		EAX=00000003, ECX=b7717000, EDX=00000002, EBX=b7717918, ESP=bfcd68c0, EBP=bfcd68c8, ESI=00000001, EDI=08049f0c
-1	26889	unknown             	0804843c	                                        	f3 c3                                             	ret                                               		EAX=00000003, ECX=b7717000, EDX=00000002, EBX=b7717918, ESP=bfcd68cc, EBP=bfcd6948, ESI=00000001, EDI=08049f0c
-1	26889	ld-linux.so.2       	b7702a74	                                        	83 ee 01                                          	sub esi, 0x1                                      		EAX=00000003, ECX=b7717000, EDX=00000002, EBX=b7717918, ESP=bfcd68d0, EBP=bfcd6948, ESI=00000001, EDI=08049f0c
-1	26889	ld-linux.so.2       	b7702a77	                                        	75 f7                                             	jnz 0xb7702a70                                    		EAX=00000003, ECX=b7717000, EDX=00000002, EBX=b7717918, ESP=bfcd68d0, EBP=bfcd6948, ESI=00000000, EDI=08049f0c
-1	26889	ld-linux.so.2       	b7702a79	                                        	8b 43 54                                          	mov eax, dword ptr [ebx+0x54]                     		EAX=00000003, ECX=b7717000, EDX=00000002, EBX=b7717918, ESP=bfcd68d0, EBP=bfcd6948, ESI=00000000, EDI=08049f0c
-1	26889	ld-linux.so.2       	b7702a7c	                                        	85 c0                                             	test eax, eax                                     		EAX=08049f24, ECX=b7717000, EDX=00000002, EBX=b7717918, ESP=bfcd68d0, EBP=bfcd6948, ESI=00000000, EDI=08049f0c
-1	26889	ld-linux.so.2       	b7702a7e	                                        	74 07                                             	jz 0xb7702a87                                     		EAX=08049f24, ECX=b7717000, EDX=00000002, EBX=b7717918, ESP=bfcd68d0, EBP=bfcd6948, ESI=00000000, EDI=08049f0c
-1	26889	ld-linux.so.2       	b7702a80	                                        	8b 40 04                                          	mov eax, dword ptr [eax+0x4]                      		EAX=08049f24, ECX=b7717000, EDX=00000002, EBX=b7717918, ESP=bfcd68d0, EBP=bfcd6948, ESI=00000000, EDI=08049f0c
-1	26889	ld-linux.so.2       	b7702a83	                                        	03 03                                             	add eax, dword ptr [ebx]                          		EAX=08048564, ECX=b7717000, EDX=00000002, EBX=b7717918, ESP=bfcd68d0, EBP=bfcd6948, ESI=00000000, EDI=08049f0c
-1	26889	ld-linux.so.2       	b7702a85	                                        	ff d0                                             	call eax                                          		EAX=08048564, ECX=b7717000, EDX=00000002, EBX=b7717918, ESP=bfcd68d0, EBP=bfcd6948, ESI=00000000, EDI=08049f0c
-1	26889	unknown             	08048564	                                        	53                                                	push ebx                                          		EAX=08048564, ECX=b7717000, EDX=00000002, EBX=b7717918, ESP=bfcd68cc, EBP=bfcd6948, ESI=00000000, EDI=08049f0c
-1	26889	unknown             	08048565	                                        	83 ec 08                                          	sub esp, 0x8                                      		EAX=08048564, ECX=b7717000, EDX=00000002, EBX=b7717918, ESP=bfcd68c8, EBP=bfcd6948, ESI=00000000, EDI=08049f0c
-1	26889	unknown             	08048568	                                        	e8 33 fe ff ff                                    	call 0x80483a0                                    		EAX=08048564, ECX=b7717000, EDX=00000002, EBX=b7717918, ESP=bfcd68c0, EBP=bfcd6948, ESI=00000000, EDI=08049f0c
-1	26889	unknown             	080483a0	                                        	8b 1c 24                                          	mov ebx, dword ptr [esp]                          		EAX=08048564, ECX=b7717000, EDX=00000002, EBX=b7717918, ESP=bfcd68bc, EBP=bfcd6948, ESI=00000000, EDI=08049f0c
-1	26889	unknown             	080483a3	                                        	c3                                                	ret                                               		EAX=08048564, ECX=b7717000, EDX=00000002, EBX=0804856d, ESP=bfcd68bc, EBP=bfcd6948, ESI=00000000, EDI=08049f0c
-1	26889	unknown             	0804856d	                                        	81 c3 93 1a 00 00                                 	add ebx, 0x1a93                                   		EAX=08048564, ECX=b7717000, EDX=00000002, EBX=0804856d, ESP=bfcd68c0, EBP=bfcd6948, ESI=00000000, EDI=08049f0c
-1	26889	unknown             	08048573	                                        	83 c4 08                                          	add esp, 0x8                                      		EAX=08048564, ECX=b7717000, EDX=00000002, EBX=0804a000, ESP=bfcd68c0, EBP=bfcd6948, ESI=00000000, EDI=08049f0c
-1	26889	unknown             	08048576	                                        	5b                                                	pop ebx                                           		EAX=08048564, ECX=b7717000, EDX=00000002, EBX=0804a000, ESP=bfcd68c8, EBP=bfcd6948, ESI=00000000, EDI=08049f0c
-1	26889	unknown             	08048577	                                        	c3                                                	ret                                               		EAX=08048564, ECX=b7717000, EDX=00000002, EBX=b7717918, ESP=bfcd68cc, EBP=bfcd6948, ESI=00000000, EDI=08049f0c
-1	26889	ld-linux.so.2       	b7702a87	                                        	8b 4d cc                                          	mov ecx, dword ptr [ebp-0x34]                     		EAX=08048564, ECX=b7717000, EDX=00000002, EBX=b7717918, ESP=bfcd68d0, EBP=bfcd6948, ESI=00000000, EDI=08049f0c
-1	26889	ld-linux.so.2       	b7702a8a	                                        	85 c9                                             	test ecx, ecx                                     		EAX=08048564, ECX=00000000, EDX=00000002, EBX=b7717918, ESP=bfcd68d0, EBP=bfcd6948, ESI=00000000, EDI=08049f0c
-1	26889	ld-linux.so.2       	b7702a8c	                                        	75 17                                             	jnz 0xb7702aa5                                    		EAX=08048564, ECX=00000000, EDX=00000002, EBX=b7717918, ESP=bfcd68d0, EBP=bfcd6948, ESI=00000000, EDI=08049f0c
-1	26889	ld-linux.so.2       	b7702a8e	                                        	8b 45 dc                                          	mov eax, dword ptr [ebp-0x24]                     		EAX=08048564, ECX=00000000, EDX=00000002, EBX=b7717918, ESP=bfcd68d0, EBP=bfcd6948, ESI=00000000, EDI=08049f0c
-1	26889	ld-linux.so.2       	b7702a91	                                        	8d 35 00 fd ff ff                                 	lea esi, ptr [0xfffffd00]                         		EAX=b7717000, ECX=00000000, EDX=00000002, EBX=b7717918, ESP=bfcd68d0, EBP=bfcd6948, ESI=00000000, EDI=08049f0c
-1	26889	ld-linux.so.2       	b7702a97	                                        	8b 90 10 ff ff ff                                 	mov edx, dword ptr [eax-0xf0]                     		EAX=b7717000, ECX=00000000, EDX=00000002, EBX=b7717918, ESP=bfcd68d0, EBP=bfcd6948, ESI=fffffd00, EDI=08049f0c
-1	26889	ld-linux.so.2       	b7702a9d	                                        	85 d2                                             	test edx, edx                                     		EAX=b7717000, ECX=00000000, EDX=00000000, EBX=b7717918, ESP=bfcd68d0, EBP=bfcd6948, ESI=fffffd00, EDI=08049f0c
-1	26889	ld-linux.so.2       	b7702a9f	                                        	0f 85 c9 00 00 00                                 	jnz 0xb7702b6e                                    		EAX=b7717000, ECX=00000000, EDX=00000000, EBX=b7717918, ESP=bfcd68d0, EBP=bfcd6948, ESI=fffffd00, EDI=08049f0c
-1	26889	ld-linux.so.2       	b7702aa5	                                        	83 45 e4 01                                       	add dword ptr [ebp-0x1c], 0x1                     		EAX=b7717000, ECX=00000000, EDX=00000000, EBX=b7717918, ESP=bfcd68d0, EBP=bfcd6948, ESI=fffffd00, EDI=08049f0c
-1	26889	ld-linux.so.2       	b7702aa9	                                        	83 ab 90 01 00 00 01                              	sub dword ptr [ebx+0x190], 0x1                    		EAX=b7717000, ECX=00000000, EDX=00000000, EBX=b7717918, ESP=bfcd68d0, EBP=bfcd6948, ESI=fffffd00, EDI=08049f0c
-1	26889	ld-linux.so.2       	b7702ab0	                                        	8b 45 e4                                          	mov eax, dword ptr [ebp-0x1c]                     		EAX=b7717000, ECX=00000000, EDX=00000000, EBX=b7717918, ESP=bfcd68d0, EBP=bfcd6948, ESI=fffffd00, EDI=08049f0c
-1	26889	ld-linux.so.2       	b7702ab3	                                        	39 45 c8                                          	cmp dword ptr [ebp-0x38], eax                     		EAX=00000001, ECX=00000000, EDX=00000000, EBX=b7717918, ESP=bfcd68d0, EBP=bfcd6948, ESI=fffffd00, EDI=08049f0c
-1	26889	ld-linux.so.2       	b7702ab6	                                        	0f 85 5c ff ff ff                                 	jnz 0xb7702a18                                    		EAX=00000001, ECX=00000000, EDX=00000000, EBX=b7717918, ESP=bfcd68d0, EBP=bfcd6948, ESI=fffffd00, EDI=08049f0c
-1	26889	ld-linux.so.2       	b7702a18	                                        	8b 45 c4                                          	mov eax, dword ptr [ebp-0x3c]                     		EAX=00000001, ECX=00000000, EDX=00000000, EBX=b7717918, ESP=bfcd68d0, EBP=bfcd6948, ESI=fffffd00, EDI=08049f0c
-1	26889	ld-linux.so.2       	b7702a1b	                                        	8b 7d e4                                          	mov edi, dword ptr [ebp-0x1c]                     		EAX=bfcd68d0, ECX=00000000, EDX=00000000, EBX=b7717918, ESP=bfcd68d0, EBP=bfcd6948, ESI=fffffd00, EDI=08049f0c
-1	26889	ld-linux.so.2       	b7702a1e	                                        	8b 1c b8                                          	mov ebx, dword ptr [eax+edi*4]                    		EAX=bfcd68d0, ECX=00000000, EDX=00000000, EBX=b7717918, ESP=bfcd68d0, EBP=bfcd6948, ESI=fffffd00, EDI=00000001
-1	26889	ld-linux.so.2       	b7702a21	                                        	0f b6 83 94 01 00 00                              	movzx eax, byte ptr [ebx+0x194]                   		EAX=bfcd68d0, ECX=00000000, EDX=00000000, EBX=b7717c08, ESP=bfcd68d0, EBP=bfcd6948, ESI=fffffd00, EDI=00000001
-1	26889	ld-linux.so.2       	b7702a28	                                        	a8 08                                             	test al, 0x8                                      		EAX=00000005, ECX=00000000, EDX=00000000, EBX=b7717c08, ESP=bfcd68d0, EBP=bfcd6948, ESI=fffffd00, EDI=00000001
-1	26889	ld-linux.so.2       	b7702a2a	                                        	74 79                                             	jz 0xb7702aa5                                     		EAX=00000005, ECX=00000000, EDX=00000000, EBX=b7717c08, ESP=bfcd68d0, EBP=bfcd6948, ESI=fffffd00, EDI=00000001
-1	26889	ld-linux.so.2       	b7702aa5	                                        	83 45 e4 01                                       	add dword ptr [ebp-0x1c], 0x1                     		EAX=00000005, ECX=00000000, EDX=00000000, EBX=b7717c08, ESP=bfcd68d0, EBP=bfcd6948, ESI=fffffd00, EDI=00000001
-1	26889	ld-linux.so.2       	b7702aa9	                                        	83 ab 90 01 00 00 01                              	sub dword ptr [ebx+0x190], 0x1                    		EAX=00000005, ECX=00000000, EDX=00000000, EBX=b7717c08, ESP=bfcd68d0, EBP=bfcd6948, ESI=fffffd00, EDI=00000001
-1	26889	ld-linux.so.2       	b7702ab0	                                        	8b 45 e4                                          	mov eax, dword ptr [ebp-0x1c]                     		EAX=00000005, ECX=00000000, EDX=00000000, EBX=b7717c08, ESP=bfcd68d0, EBP=bfcd6948, ESI=fffffd00, EDI=00000001
-1	26889	ld-linux.so.2       	b7702ab3	                                        	39 45 c8                                          	cmp dword ptr [ebp-0x38], eax                     		EAX=00000002, ECX=00000000, EDX=00000000, EBX=b7717c08, ESP=bfcd68d0, EBP=bfcd6948, ESI=fffffd00, EDI=00000001
-1	26889	ld-linux.so.2       	b7702ab6	                                        	0f 85 5c ff ff ff                                 	jnz 0xb7702a18                                    		EAX=00000002, ECX=00000000, EDX=00000000, EBX=b7717c08, ESP=bfcd68d0, EBP=bfcd6948, ESI=fffffd00, EDI=00000001
-1	26889	ld-linux.so.2       	b7702a18	                                        	8b 45 c4                                          	mov eax, dword ptr [ebp-0x3c]                     		EAX=00000002, ECX=00000000, EDX=00000000, EBX=b7717c08, ESP=bfcd68d0, EBP=bfcd6948, ESI=fffffd00, EDI=00000001
-1	26889	ld-linux.so.2       	b7702a1b	                                        	8b 7d e4                                          	mov edi, dword ptr [ebp-0x1c]                     		EAX=bfcd68d0, ECX=00000000, EDX=00000000, EBX=b7717c08, ESP=bfcd68d0, EBP=bfcd6948, ESI=fffffd00, EDI=00000001
-1	26889	ld-linux.so.2       	b7702a1e	                                        	8b 1c b8                                          	mov ebx, dword ptr [eax+edi*4]                    		EAX=bfcd68d0, ECX=00000000, EDX=00000000, EBX=b7717c08, ESP=bfcd68d0, EBP=bfcd6948, ESI=fffffd00, EDI=00000002
-1	26889	ld-linux.so.2       	b7702a21	                                        	0f b6 83 94 01 00 00                              	movzx eax, byte ptr [ebx+0x194]                   		EAX=bfcd68d0, ECX=00000000, EDX=00000000, EBX=b50281b0, ESP=bfcd68d0, EBP=bfcd6948, ESI=fffffd00, EDI=00000002
-1	26889	ld-linux.so.2       	b7702a28	                                        	a8 08                                             	test al, 0x8                                      		EAX=0000001d, ECX=00000000, EDX=00000000, EBX=b50281b0, ESP=bfcd68d0, EBP=bfcd6948, ESI=fffffd00, EDI=00000002
-1	26889	ld-linux.so.2       	b7702a2a	                                        	74 79                                             	jz 0xb7702aa5                                     		EAX=0000001d, ECX=00000000, EDX=00000000, EBX=b50281b0, ESP=bfcd68d0, EBP=bfcd6948, ESI=fffffd00, EDI=00000002
-1	26889	ld-linux.so.2       	b7702a2c	                                        	83 e0 f7                                          	and eax, 0xfffffff7                               		EAX=0000001d, ECX=00000000, EDX=00000000, EBX=b50281b0, ESP=bfcd68d0, EBP=bfcd6948, ESI=fffffd00, EDI=00000002
-1	26889	ld-linux.so.2       	b7702a2f	                                        	88 83 94 01 00 00                                 	mov byte ptr [ebx+0x194], al                      		EAX=00000015, ECX=00000000, EDX=00000000, EBX=b50281b0, ESP=bfcd68d0, EBP=bfcd6948, ESI=fffffd00, EDI=00000002
-1	26889	ld-linux.so.2       	b7702a35	                                        	8b 83 88 00 00 00                                 	mov eax, dword ptr [ebx+0x88]                     		EAX=00000015, ECX=00000000, EDX=00000000, EBX=b50281b0, ESP=bfcd68d0, EBP=bfcd6948, ESI=fffffd00, EDI=00000002
-1	26889	ld-linux.so.2       	b7702a3b	                                        	85 c0                                             	test eax, eax                                     		EAX=00000000, ECX=00000000, EDX=00000000, EBX=b50281b0, ESP=bfcd68d0, EBP=bfcd6948, ESI=fffffd00, EDI=00000002
-1	26889	ld-linux.so.2       	b7702a3d	                                        	0f 84 cd 00 00 00                                 	jz 0xb7702b10                                     		EAX=00000000, ECX=00000000, EDX=00000000, EBX=b50281b0, ESP=bfcd68d0, EBP=bfcd6948, ESI=fffffd00, EDI=00000002
-1	26889	ld-linux.so.2       	b7702b10	                                        	8b 43 54                                          	mov eax, dword ptr [ebx+0x54]                     		EAX=00000000, ECX=00000000, EDX=00000000, EBX=b50281b0, ESP=bfcd68d0, EBP=bfcd6948, ESI=fffffd00, EDI=00000002
-1	26889	ld-linux.so.2       	b7702b13	                                        	85 c0                                             	test eax, eax                                     		EAX=00000000, ECX=00000000, EDX=00000000, EBX=b50281b0, ESP=bfcd68d0, EBP=bfcd6948, ESI=fffffd00, EDI=00000002
-1	26889	ld-linux.so.2       	b7702b15	                                        	0f 84 6c ff ff ff                                 	jz 0xb7702a87                                     		EAX=00000000, ECX=00000000, EDX=00000000, EBX=b50281b0, ESP=bfcd68d0, EBP=bfcd6948, ESI=fffffd00, EDI=00000002
-1	26889	ld-linux.so.2       	b7702a87	                                        	8b 4d cc                                          	mov ecx, dword ptr [ebp-0x34]                     		EAX=00000000, ECX=00000000, EDX=00000000, EBX=b50281b0, ESP=bfcd68d0, EBP=bfcd6948, ESI=fffffd00, EDI=00000002
-1	26889	ld-linux.so.2       	b7702a8a	                                        	85 c9                                             	test ecx, ecx                                     		EAX=00000000, ECX=00000000, EDX=00000000, EBX=b50281b0, ESP=bfcd68d0, EBP=bfcd6948, ESI=fffffd00, EDI=00000002
-1	26889	ld-linux.so.2       	b7702a8c	                                        	75 17                                             	jnz 0xb7702aa5                                    		EAX=00000000, ECX=00000000, EDX=00000000, EBX=b50281b0, ESP=bfcd68d0, EBP=bfcd6948, ESI=fffffd00, EDI=00000002
-1	26889	ld-linux.so.2       	b7702a8e	                                        	8b 45 dc                                          	mov eax, dword ptr [ebp-0x24]                     		EAX=00000000, ECX=00000000, EDX=00000000, EBX=b50281b0, ESP=bfcd68d0, EBP=bfcd6948, ESI=fffffd00, EDI=00000002
-1	26889	ld-linux.so.2       	b7702a91	                                        	8d 35 00 fd ff ff                                 	lea esi, ptr [0xfffffd00]                         		EAX=b7717000, ECX=00000000, EDX=00000000, EBX=b50281b0, ESP=bfcd68d0, EBP=bfcd6948, ESI=fffffd00, EDI=00000002
-1	26889	ld-linux.so.2       	b7702a97	                                        	8b 90 10 ff ff ff                                 	mov edx, dword ptr [eax-0xf0]                     		EAX=b7717000, ECX=00000000, EDX=00000000, EBX=b50281b0, ESP=bfcd68d0, EBP=bfcd6948, ESI=fffffd00, EDI=00000002
-1	26889	ld-linux.so.2       	b7702a9d	                                        	85 d2                                             	test edx, edx                                     		EAX=b7717000, ECX=00000000, EDX=00000000, EBX=b50281b0, ESP=bfcd68d0, EBP=bfcd6948, ESI=fffffd00, EDI=00000002
-1	26889	ld-linux.so.2       	b7702a9f	                                        	0f 85 c9 00 00 00                                 	jnz 0xb7702b6e                                    		EAX=b7717000, ECX=00000000, EDX=00000000, EBX=b50281b0, ESP=bfcd68d0, EBP=bfcd6948, ESI=fffffd00, EDI=00000002
-1	26889	ld-linux.so.2       	b7702aa5	                                        	83 45 e4 01                                       	add dword ptr [ebp-0x1c], 0x1                     		EAX=b7717000, ECX=00000000, EDX=00000000, EBX=b50281b0, ESP=bfcd68d0, EBP=bfcd6948, ESI=fffffd00, EDI=00000002
-1	26889	ld-linux.so.2       	b7702aa9	                                        	83 ab 90 01 00 00 01                              	sub dword ptr [ebx+0x190], 0x1                    		EAX=b7717000, ECX=00000000, EDX=00000000, EBX=b50281b0, ESP=bfcd68d0, EBP=bfcd6948, ESI=fffffd00, EDI=00000002
-1	26889	ld-linux.so.2       	b7702ab0	                                        	8b 45 e4                                          	mov eax, dword ptr [ebp-0x1c]                     		EAX=b7717000, ECX=00000000, EDX=00000000, EBX=b50281b0, ESP=bfcd68d0, EBP=bfcd6948, ESI=fffffd00, EDI=00000002
-1	26889	ld-linux.so.2       	b7702ab3	                                        	39 45 c8                                          	cmp dword ptr [ebp-0x38], eax                     		EAX=00000003, ECX=00000000, EDX=00000000, EBX=b50281b0, ESP=bfcd68d0, EBP=bfcd6948, ESI=fffffd00, EDI=00000002
-1	26889	ld-linux.so.2       	b7702ab6	                                        	0f 85 5c ff ff ff                                 	jnz 0xb7702a18                                    		EAX=00000003, ECX=00000000, EDX=00000000, EBX=b50281b0, ESP=bfcd68d0, EBP=bfcd6948, ESI=fffffd00, EDI=00000002
-1	26889	ld-linux.so.2       	b7702a18	                                        	8b 45 c4                                          	mov eax, dword ptr [ebp-0x3c]                     		EAX=00000003, ECX=00000000, EDX=00000000, EBX=b50281b0, ESP=bfcd68d0, EBP=bfcd6948, ESI=fffffd00, EDI=00000002
-1	26889	ld-linux.so.2       	b7702a1b	                                        	8b 7d e4                                          	mov edi, dword ptr [ebp-0x1c]                     		EAX=bfcd68d0, ECX=00000000, EDX=00000000, EBX=b50281b0, ESP=bfcd68d0, EBP=bfcd6948, ESI=fffffd00, EDI=00000002
-1	26889	ld-linux.so.2       	b7702a1e	                                        	8b 1c b8                                          	mov ebx, dword ptr [eax+edi*4]                    		EAX=bfcd68d0, ECX=00000000, EDX=00000000, EBX=b50281b0, ESP=bfcd68d0, EBP=bfcd6948, ESI=fffffd00, EDI=00000003
-1	26889	ld-linux.so.2       	b7702a21	                                        	0f b6 83 94 01 00 00                              	movzx eax, byte ptr [ebx+0x194]                   		EAX=bfcd68d0, ECX=00000000, EDX=00000000, EBX=b771753c, ESP=bfcd68d0, EBP=bfcd6948, ESI=fffffd00, EDI=00000003
-1	26889	ld-linux.so.2       	b7702a28	                                        	a8 08                                             	test al, 0x8                                      		EAX=0000001d, ECX=00000000, EDX=00000000, EBX=b771753c, ESP=bfcd68d0, EBP=bfcd6948, ESI=fffffd00, EDI=00000003
-1	26889	ld-linux.so.2       	b7702a2a	                                        	74 79                                             	jz 0xb7702aa5                                     		EAX=0000001d, ECX=00000000, EDX=00000000, EBX=b771753c, ESP=bfcd68d0, EBP=bfcd6948, ESI=fffffd00, EDI=00000003
-1	26889	ld-linux.so.2       	b7702a2c	                                        	83 e0 f7                                          	and eax, 0xfffffff7                               		EAX=0000001d, ECX=00000000, EDX=00000000, EBX=b771753c, ESP=bfcd68d0, EBP=bfcd6948, ESI=fffffd00, EDI=00000003
-1	26889	ld-linux.so.2       	b7702a2f	                                        	88 83 94 01 00 00                                 	mov byte ptr [ebx+0x194], al                      		EAX=00000015, ECX=00000000, EDX=00000000, EBX=b771753c, ESP=bfcd68d0, EBP=bfcd6948, ESI=fffffd00, EDI=00000003
-1	26889	ld-linux.so.2       	b7702a35	                                        	8b 83 88 00 00 00                                 	mov eax, dword ptr [ebx+0x88]                     		EAX=00000015, ECX=00000000, EDX=00000000, EBX=b771753c, ESP=bfcd68d0, EBP=bfcd6948, ESI=fffffd00, EDI=00000003
-1	26889	ld-linux.so.2       	b7702a3b	                                        	85 c0                                             	test eax, eax                                     		EAX=00000000, ECX=00000000, EDX=00000000, EBX=b771753c, ESP=bfcd68d0, EBP=bfcd6948, ESI=fffffd00, EDI=00000003
-1	26889	ld-linux.so.2       	b7702a3d	                                        	0f 84 cd 00 00 00                                 	jz 0xb7702b10                                     		EAX=00000000, ECX=00000000, EDX=00000000, EBX=b771753c, ESP=bfcd68d0, EBP=bfcd6948, ESI=fffffd00, EDI=00000003
-1	26889	ld-linux.so.2       	b7702b10	                                        	8b 43 54                                          	mov eax, dword ptr [ebx+0x54]                     		EAX=00000000, ECX=00000000, EDX=00000000, EBX=b771753c, ESP=bfcd68d0, EBP=bfcd6948, ESI=fffffd00, EDI=00000003
-1	26889	ld-linux.so.2       	b7702b13	                                        	85 c0                                             	test eax, eax                                     		EAX=00000000, ECX=00000000, EDX=00000000, EBX=b771753c, ESP=bfcd68d0, EBP=bfcd6948, ESI=fffffd00, EDI=00000003
-1	26889	ld-linux.so.2       	b7702b15	                                        	0f 84 6c ff ff ff                                 	jz 0xb7702a87                                     		EAX=00000000, ECX=00000000, EDX=00000000, EBX=b771753c, ESP=bfcd68d0, EBP=bfcd6948, ESI=fffffd00, EDI=00000003
-1	26889	ld-linux.so.2       	b7702a87	                                        	8b 4d cc                                          	mov ecx, dword ptr [ebp-0x34]                     		EAX=00000000, ECX=00000000, EDX=00000000, EBX=b771753c, ESP=bfcd68d0, EBP=bfcd6948, ESI=fffffd00, EDI=00000003
-1	26889	ld-linux.so.2       	b7702a8a	                                        	85 c9                                             	test ecx, ecx                                     		EAX=00000000, ECX=00000000, EDX=00000000, EBX=b771753c, ESP=bfcd68d0, EBP=bfcd6948, ESI=fffffd00, EDI=00000003
-1	26889	ld-linux.so.2       	b7702a8c	                                        	75 17                                             	jnz 0xb7702aa5                                    		EAX=00000000, ECX=00000000, EDX=00000000, EBX=b771753c, ESP=bfcd68d0, EBP=bfcd6948, ESI=fffffd00, EDI=00000003
-1	26889	ld-linux.so.2       	b7702a8e	                                        	8b 45 dc                                          	mov eax, dword ptr [ebp-0x24]                     		EAX=00000000, ECX=00000000, EDX=00000000, EBX=b771753c, ESP=bfcd68d0, EBP=bfcd6948, ESI=fffffd00, EDI=00000003
-1	26889	ld-linux.so.2       	b7702a91	                                        	8d 35 00 fd ff ff                                 	lea esi, ptr [0xfffffd00]                         		EAX=b7717000, ECX=00000000, EDX=00000000, EBX=b771753c, ESP=bfcd68d0, EBP=bfcd6948, ESI=fffffd00, EDI=00000003
-1	26889	ld-linux.so.2       	b7702a97	                                        	8b 90 10 ff ff ff                                 	mov edx, dword ptr [eax-0xf0]                     		EAX=b7717000, ECX=00000000, EDX=00000000, EBX=b771753c, ESP=bfcd68d0, EBP=bfcd6948, ESI=fffffd00, EDI=00000003
-1	26889	ld-linux.so.2       	b7702a9d	                                        	85 d2                                             	test edx, edx                                     		EAX=b7717000, ECX=00000000, EDX=00000000, EBX=b771753c, ESP=bfcd68d0, EBP=bfcd6948, ESI=fffffd00, EDI=00000003
-1	26889	ld-linux.so.2       	b7702a9f	                                        	0f 85 c9 00 00 00                                 	jnz 0xb7702b6e                                    		EAX=b7717000, ECX=00000000, EDX=00000000, EBX=b771753c, ESP=bfcd68d0, EBP=bfcd6948, ESI=fffffd00, EDI=00000003
-1	26889	ld-linux.so.2       	b7702aa5	                                        	83 45 e4 01                                       	add dword ptr [ebp-0x1c], 0x1                     		EAX=b7717000, ECX=00000000, EDX=00000000, EBX=b771753c, ESP=bfcd68d0, EBP=bfcd6948, ESI=fffffd00, EDI=00000003
-1	26889	ld-linux.so.2       	b7702aa9	                                        	83 ab 90 01 00 00 01                              	sub dword ptr [ebx+0x190], 0x1                    		EAX=b7717000, ECX=00000000, EDX=00000000, EBX=b771753c, ESP=bfcd68d0, EBP=bfcd6948, ESI=fffffd00, EDI=00000003
-1	26889	ld-linux.so.2       	b7702ab0	                                        	8b 45 e4                                          	mov eax, dword ptr [ebp-0x1c]                     		EAX=b7717000, ECX=00000000, EDX=00000000, EBX=b771753c, ESP=bfcd68d0, EBP=bfcd6948, ESI=fffffd00, EDI=00000003
-1	26889	ld-linux.so.2       	b7702ab3	                                        	39 45 c8                                          	cmp dword ptr [ebp-0x38], eax                     		EAX=00000004, ECX=00000000, EDX=00000000, EBX=b771753c, ESP=bfcd68d0, EBP=bfcd6948, ESI=fffffd00, EDI=00000003
-1	26889	ld-linux.so.2       	b7702ab6	                                        	0f 85 5c ff ff ff                                 	jnz 0xb7702a18                                    		EAX=00000004, ECX=00000000, EDX=00000000, EBX=b771753c, ESP=bfcd68d0, EBP=bfcd6948, ESI=fffffd00, EDI=00000003
-1	26889	ld-linux.so.2       	b7702abc	                                        	83 6d e0 01                                       	sub dword ptr [ebp-0x20], 0x1                     		EAX=00000004, ECX=00000000, EDX=00000000, EBX=b771753c, ESP=bfcd68d0, EBP=bfcd6948, ESI=fffffd00, EDI=00000003
-1	26889	ld-linux.so.2       	b7702ac0	                                        	83 6d d4 4c                                       	sub dword ptr [ebp-0x2c], 0x4c                    		EAX=00000004, ECX=00000000, EDX=00000000, EBX=b771753c, ESP=bfcd68d0, EBP=bfcd6948, ESI=fffffd00, EDI=00000003
-1	26889	ld-linux.so.2       	b7702ac4	                                        	8b 45 e0                                          	mov eax, dword ptr [ebp-0x20]                     		EAX=00000004, ECX=00000000, EDX=00000000, EBX=b771753c, ESP=bfcd68d0, EBP=bfcd6948, ESI=fffffd00, EDI=00000003
-1	26889	ld-linux.so.2       	b7702ac7	                                        	8b 65 bc                                          	mov esp, dword ptr [ebp-0x44]                     		EAX=ffffffff, ECX=00000000, EDX=00000000, EBX=b771753c, ESP=bfcd68d0, EBP=bfcd6948, ESI=fffffd00, EDI=00000003
-1	26889	ld-linux.so.2       	b7702aca	                                        	83 f8 ff                                          	cmp eax, 0xffffffff                               		EAX=ffffffff, ECX=00000000, EDX=00000000, EBX=b771753c, ESP=bfcd68f0, EBP=bfcd6948, ESI=fffffd00, EDI=00000003
-1	26889	ld-linux.so.2       	b7702acd	                                        	0f 85 57 fe ff ff                                 	jnz 0xb770292a                                    		EAX=ffffffff, ECX=00000000, EDX=00000000, EBX=b771753c, ESP=bfcd68f0, EBP=bfcd6948, ESI=fffffd00, EDI=00000003
-1	26889	ld-linux.so.2       	b7702ad3	                                        	8b 7d cc                                          	mov edi, dword ptr [ebp-0x34]                     		EAX=ffffffff, ECX=00000000, EDX=00000000, EBX=b771753c, ESP=bfcd68f0, EBP=bfcd6948, ESI=fffffd00, EDI=00000003
-1	26889	ld-linux.so.2       	b7702ad6	                                        	85 ff                                             	test edi, edi                                     		EAX=ffffffff, ECX=00000000, EDX=00000000, EBX=b771753c, ESP=bfcd68f0, EBP=bfcd6948, ESI=fffffd00, EDI=00000000
-1	26889	ld-linux.so.2       	b7702ad8	                                        	75 18                                             	jnz 0xb7702af2                                    		EAX=ffffffff, ECX=00000000, EDX=00000000, EBX=b771753c, ESP=bfcd68f0, EBP=bfcd6948, ESI=fffffd00, EDI=00000000
-1	26889	ld-linux.so.2       	b7702ada	                                        	8b 45 dc                                          	mov eax, dword ptr [ebp-0x24]                     		EAX=ffffffff, ECX=00000000, EDX=00000000, EBX=b771753c, ESP=bfcd68f0, EBP=bfcd6948, ESI=fffffd00, EDI=00000000
-1	26889	ld-linux.so.2       	b7702add	                                        	c7 45 cc 01 00 00 00                              	mov dword ptr [ebp-0x34], 0x1                     		EAX=b7717000, ECX=00000000, EDX=00000000, EBX=b771753c, ESP=bfcd68f0, EBP=bfcd6948, ESI=fffffd00, EDI=00000000
-1	26889	ld-linux.so.2       	b7702ae4	                                        	8b 80 10 ff ff ff                                 	mov eax, dword ptr [eax-0xf0]                     		EAX=b7717000, ECX=00000000, EDX=00000000, EBX=b771753c, ESP=bfcd68f0, EBP=bfcd6948, ESI=fffffd00, EDI=00000000
-1	26889	ld-linux.so.2       	b7702aea	                                        	85 c0                                             	test eax, eax                                     		EAX=00000000, ECX=00000000, EDX=00000000, EBX=b771753c, ESP=bfcd68f0, EBP=bfcd6948, ESI=fffffd00, EDI=00000000
-1	26889	ld-linux.so.2       	b7702aec	                                        	0f 85 c6 fd ff ff                                 	jnz 0xb77028b8                                    		EAX=00000000, ECX=00000000, EDX=00000000, EBX=b771753c, ESP=bfcd68f0, EBP=bfcd6948, ESI=fffffd00, EDI=00000000
-1	26889	ld-linux.so.2       	b7702af2	                                        	8b 45 dc                                          	mov eax, dword ptr [ebp-0x24]                     		EAX=00000000, ECX=00000000, EDX=00000000, EBX=b771753c, ESP=bfcd68f0, EBP=bfcd6948, ESI=fffffd00, EDI=00000000
-1	26889	ld-linux.so.2       	b7702af5	                                        	f6 80 00 fd ff ff 80                              	test byte ptr [eax-0x300], 0x80                   		EAX=b7717000, ECX=00000000, EDX=00000000, EBX=b771753c, ESP=bfcd68f0, EBP=bfcd6948, ESI=fffffd00, EDI=00000000
-1	26889	ld-linux.so.2       	b7702afc	                                        	0f 85 be 00 00 00                                 	jnz 0xb7702bc0                                    		EAX=b7717000, ECX=00000000, EDX=00000000, EBX=b771753c, ESP=bfcd68f0, EBP=bfcd6948, ESI=fffffd00, EDI=00000000
-1	26889	ld-linux.so.2       	b7702b02	                                        	8d 65 f4                                          	lea esp, ptr [ebp-0xc]                            		EAX=b7717000, ECX=00000000, EDX=00000000, EBX=b771753c, ESP=bfcd68f0, EBP=bfcd6948, ESI=fffffd00, EDI=00000000
-1	26889	ld-linux.so.2       	b7702b05	                                        	5b                                                	pop ebx                                           		EAX=b7717000, ECX=00000000, EDX=00000000, EBX=b771753c, ESP=bfcd693c, EBP=bfcd6948, ESI=fffffd00, EDI=00000000
-1	26889	ld-linux.so.2       	b7702b06	                                        	5e                                                	pop esi                                           		EAX=b7717000, ECX=00000000, EDX=00000000, EBX=b4f8d000, ESP=bfcd6940, EBP=bfcd6948, ESI=fffffd00, EDI=00000000
-1	26889	ld-linux.so.2       	b7702b07	                                        	5f                                                	pop edi                                           		EAX=b7717000, ECX=00000000, EDX=00000000, EBX=b4f8d000, ESP=bfcd6944, EBP=bfcd6948, ESI=00000008, EDI=00000000
-1	26889	ld-linux.so.2       	b7702b08	                                        	5d                                                	pop ebp                                           		EAX=b7717000, ECX=00000000, EDX=00000000, EBX=b4f8d000, ESP=bfcd6948, EBP=bfcd6948, ESI=00000008, EDI=b4f8d3dc
-1	26889	ld-linux.so.2       	b7702b09	                                        	c3                                                	ret                                               		EAX=b7717000, ECX=00000000, EDX=00000000, EBX=b4f8d000, ESP=bfcd694c, EBP=b4f8e1e0, ESI=00000008, EDI=b4f8d3dc
-1	26889	libc.so.6           	b4e089a3	                                        	83 c4 10                                          	add esp, 0x10                                     		EAX=b7717000, ECX=00000000, EDX=00000000, EBX=b4f8d000, ESP=bfcd6950, EBP=b4f8e1e0, ESI=00000008, EDI=b4f8d3dc
-1	26889	libc.so.6           	b4e089a6	                                        	e9 45 ff ff ff                                    	jmp 0xb4e088f0                                    		EAX=b7717000, ECX=00000000, EDX=00000000, EBX=b4f8d000, ESP=bfcd6960, EBP=b4f8e1e0, ESI=00000008, EDI=b4f8d3dc
-1	26889	libc.so.6           	b4e088f0	                                        	8b 45 04                                          	mov eax, dword ptr [ebp+0x4]                      		EAX=b7717000, ECX=00000000, EDX=00000000, EBX=b4f8d000, ESP=bfcd6960, EBP=b4f8e1e0, ESI=00000008, EDI=b4f8d3dc
-1	26889	libc.so.6           	b4e088f3	                                        	89 c2                                             	mov edx, eax                                      		EAX=00000000, ECX=00000000, EDX=00000000, EBX=b4f8d000, ESP=bfcd6960, EBP=b4f8e1e0, ESI=00000008, EDI=b4f8d3dc
-1	26889	libc.so.6           	b4e088f5	                                        	c1 e2 04                                          	shl edx, 0x4                                      		EAX=00000000, ECX=00000000, EDX=00000000, EBX=b4f8d000, ESP=bfcd6960, EBP=b4f8e1e0, ESI=00000008, EDI=b4f8d3dc
-1	26889	libc.so.6           	b4e088f8	                                        	85 c0                                             	test eax, eax                                     		EAX=00000000, ECX=00000000, EDX=00000000, EBX=b4f8d000, ESP=bfcd6960, EBP=b4f8e1e0, ESI=00000008, EDI=b4f8d3dc
-1	26889	libc.so.6           	b4e088fa	                                        	8d 4c 15 f8                                       	lea ecx, ptr [ebp+edx*1-0x8]                      		EAX=00000000, ECX=00000000, EDX=00000000, EBX=b4f8d000, ESP=bfcd6960, EBP=b4f8e1e0, ESI=00000008, EDI=b4f8d3dc
-1	26889	libc.so.6           	b4e088fe	                                        	74 22                                             	jz 0xb4e08922                                     		EAX=00000000, ECX=b4f8e1d8, EDX=00000000, EBX=b4f8d000, ESP=bfcd6960, EBP=b4f8e1e0, ESI=00000008, EDI=b4f8d3dc
-1	26889	libc.so.6           	b4e08922	                                        	8b 45 00                                          	mov eax, dword ptr [ebp]                          		EAX=00000000, ECX=b4f8e1d8, EDX=00000000, EBX=b4f8d000, ESP=bfcd6960, EBP=b4f8e1e0, ESI=00000008, EDI=b4f8d3dc
-1	26889	libc.so.6           	b4e08925	                                        	85 c0                                             	test eax, eax                                     		EAX=00000000, ECX=b4f8e1d8, EDX=00000000, EBX=b4f8d000, ESP=bfcd6960, EBP=b4f8e1e0, ESI=00000008, EDI=b4f8d3dc
-1	26889	libc.so.6           	b4e08927	                                        	89 07                                             	mov dword ptr [edi], eax                          		EAX=00000000, ECX=b4f8e1d8, EDX=00000000, EBX=b4f8d000, ESP=bfcd6960, EBP=b4f8e1e0, ESI=00000008, EDI=b4f8d3dc
-1	26889	libc.so.6           	b4e08929	                                        	0f 85 99 00 00 00                                 	jnz 0xb4e089c8                                    		EAX=00000000, ECX=b4f8e1d8, EDX=00000000, EBX=b4f8d000, ESP=bfcd6960, EBP=b4f8e1e0, ESI=00000008, EDI=b4f8d3dc
-1	26889	libc.so.6           	b4e0892f	                                        	80 7c 24 0c 00                                    	cmp byte ptr [esp+0xc], 0x0                       		EAX=00000000, ECX=b4f8e1d8, EDX=00000000, EBX=b4f8d000, ESP=bfcd6960, EBP=b4f8e1e0, ESI=00000008, EDI=b4f8d3dc
-1	26889	libc.so.6           	b4e08934	                                        	74 1b                                             	jz 0xb4e08951                                     		EAX=00000000, ECX=b4f8e1d8, EDX=00000000, EBX=b4f8d000, ESP=bfcd6960, EBP=b4f8e1e0, ESI=00000008, EDI=b4f8d3dc
-1	26889	libc.so.6           	b4e08936	                                        	8d 83 cc e2 ff ff                                 	lea eax, ptr [ebx-0x1d34]                         		EAX=00000000, ECX=b4f8e1d8, EDX=00000000, EBX=b4f8d000, ESP=bfcd6960, EBP=b4f8e1e0, ESI=00000008, EDI=b4f8d3dc
-1	26889	libc.so.6           	b4e0893c	                                        	8d bb d0 e2 ff ff                                 	lea edi, ptr [ebx-0x1d30]                         		EAX=b4f8b2cc, ECX=b4f8e1d8, EDX=00000000, EBX=b4f8d000, ESP=bfcd6960, EBP=b4f8e1e0, ESI=00000008, EDI=b4f8d3dc
-1	26889	libc.so.6           	b4e08942	                                        	39 f8                                             	cmp eax, edi                                      		EAX=b4f8b2cc, ECX=b4f8e1d8, EDX=00000000, EBX=b4f8d000, ESP=bfcd6960, EBP=b4f8e1e0, ESI=00000008, EDI=b4f8b2d0
-1	26889	libc.so.6           	b4e08944	                                        	73 0b                                             	jnb 0xb4e08951                                    		EAX=b4f8b2cc, ECX=b4f8e1d8, EDX=00000000, EBX=b4f8d000, ESP=bfcd6960, EBP=b4f8e1e0, ESI=00000008, EDI=b4f8b2d0
-1	26889	libc.so.6           	b4e08946	                                        	89 c3                                             	mov ebx, eax                                      		EAX=b4f8b2cc, ECX=b4f8e1d8, EDX=00000000, EBX=b4f8d000, ESP=bfcd6960, EBP=b4f8e1e0, ESI=00000008, EDI=b4f8b2d0
-1	26889	libc.so.6           	b4e08948	                                        	ff 13                                             	call dword ptr [ebx]                              		EAX=b4f8b2cc, ECX=b4f8e1d8, EDX=00000000, EBX=b4f8b2cc, ESP=bfcd6960, EBP=b4f8e1e0, ESI=00000008, EDI=b4f8b2d0
-1	26889	libc.so.6           	b4e45b70	                                        	55                                                	push ebp                                          		EAX=b4f8b2cc, ECX=b4f8e1d8, EDX=00000000, EBX=b4f8b2cc, ESP=bfcd695c, EBP=b4f8e1e0, ESI=00000008, EDI=b4f8b2d0
-1	26889	libc.so.6           	b4e45b71	                                        	57                                                	push edi                                          		EAX=b4f8b2cc, ECX=b4f8e1d8, EDX=00000000, EBX=b4f8b2cc, ESP=bfcd6958, EBP=b4f8e1e0, ESI=00000008, EDI=b4f8b2d0
-1	26889	libc.so.6           	b4e45b72	                                        	56                                                	push esi                                          		EAX=b4f8b2cc, ECX=b4f8e1d8, EDX=00000000, EBX=b4f8b2cc, ESP=bfcd6954, EBP=b4f8e1e0, ESI=00000008, EDI=b4f8b2d0
-1	26889	libc.so.6           	b4e45b73	                                        	53                                                	push ebx                                          		EAX=b4f8b2cc, ECX=b4f8e1d8, EDX=00000000, EBX=b4f8b2cc, ESP=bfcd6950, EBP=b4f8e1e0, ESI=00000008, EDI=b4f8b2d0
-1	26889	libc.so.6           	b4e45b74	                                        	e8 fc 40 0b 00                                    	call 0xb4ef9c75                                   		EAX=b4f8b2cc, ECX=b4f8e1d8, EDX=00000000, EBX=b4f8b2cc, ESP=bfcd694c, EBP=b4f8e1e0, ESI=00000008, EDI=b4f8b2d0
-1	26889	libc.so.6           	b4ef9c75	                                        	8b 1c 24                                          	mov ebx, dword ptr [esp]                          		EAX=b4f8b2cc, ECX=b4f8e1d8, EDX=00000000, EBX=b4f8b2cc, ESP=bfcd6948, EBP=b4f8e1e0, ESI=00000008, EDI=b4f8b2d0
-1	26889	libc.so.6           	b4ef9c78	                                        	c3                                                	ret                                               		EAX=b4f8b2cc, ECX=b4f8e1d8, EDX=00000000, EBX=b4e45b79, ESP=bfcd6948, EBP=b4f8e1e0, ESI=00000008, EDI=b4f8b2d0
-1	26889	libc.so.6           	b4e45b79	                                        	81 c3 87 74 14 00                                 	add ebx, 0x147487                                 		EAX=b4f8b2cc, ECX=b4f8e1d8, EDX=00000000, EBX=b4e45b79, ESP=bfcd694c, EBP=b4f8e1e0, ESI=00000008, EDI=b4f8b2d0
-1	26889	libc.so.6           	b4e45b7f	                                        	83 ec 28                                          	sub esp, 0x28                                     		EAX=b4f8b2cc, ECX=b4f8e1d8, EDX=00000000, EBX=b4f8d000, ESP=bfcd694c, EBP=b4f8e1e0, ESI=00000008, EDI=b4f8b2d0
-1	26889	libc.so.6           	b4e45b82	                                        	6a 00                                             	push 0x0                                          		EAX=b4f8b2cc, ECX=b4f8e1d8, EDX=00000000, EBX=b4f8d000, ESP=bfcd6924, EBP=b4f8e1e0, ESI=00000008, EDI=b4f8b2d0
-1	26889	libc.so.6           	b4e45b84	                                        	65 8b 2d 08 00 00 00                              	mov ebp, dword ptr gs:[0x8]                       		EAX=b4f8b2cc, ECX=b4f8e1d8, EDX=00000000, EBX=b4f8d000, ESP=bfcd6920, EBP=b4f8e1e0, ESI=00000008, EDI=b4f8b2d0
-1	26889	libc.so.6           	b4e45b8b	                                        	e8 20 fd ff ff                                    	call 0xb4e458b0                                   		EAX=b4f8b2cc, ECX=b4f8e1d8, EDX=00000000, EBX=b4f8d000, ESP=bfcd6920, EBP=b4dc6700, ESI=00000008, EDI=b4f8b2d0
-1	26889	libc.so.6           	b4e458b0	                                        	55                                                	push ebp                                          		EAX=b4f8b2cc, ECX=b4f8e1d8, EDX=00000000, EBX=b4f8d000, ESP=bfcd691c, EBP=b4dc6700, ESI=00000008, EDI=b4f8b2d0
-1	26889	libc.so.6           	b4e458b1	                                        	57                                                	push edi                                          		EAX=b4f8b2cc, ECX=b4f8e1d8, EDX=00000000, EBX=b4f8d000, ESP=bfcd6918, EBP=b4dc6700, ESI=00000008, EDI=b4f8b2d0
-1	26889	libc.so.6           	b4e458b2	                                        	56                                                	push esi                                          		EAX=b4f8b2cc, ECX=b4f8e1d8, EDX=00000000, EBX=b4f8d000, ESP=bfcd6914, EBP=b4dc6700, ESI=00000008, EDI=b4f8b2d0
-1	26889	libc.so.6           	b4e458b3	                                        	53                                                	push ebx                                          		EAX=b4f8b2cc, ECX=b4f8e1d8, EDX=00000000, EBX=b4f8d000, ESP=bfcd6910, EBP=b4dc6700, ESI=00000008, EDI=b4f8b2d0
-1	26889	libc.so.6           	b4e458b4	                                        	e8 c8 43 0b 00                                    	call 0xb4ef9c81                                   		EAX=b4f8b2cc, ECX=b4f8e1d8, EDX=00000000, EBX=b4f8d000, ESP=bfcd690c, EBP=b4dc6700, ESI=00000008, EDI=b4f8b2d0
-1	26889	libc.so.6           	b4ef9c81	                                        	8b 34 24                                          	mov esi, dword ptr [esp]                          		EAX=b4f8b2cc, ECX=b4f8e1d8, EDX=00000000, EBX=b4f8d000, ESP=bfcd6908, EBP=b4dc6700, ESI=00000008, EDI=b4f8b2d0
-1	26889	libc.so.6           	b4ef9c84	                                        	c3                                                	ret                                               		EAX=b4f8b2cc, ECX=b4f8e1d8, EDX=00000000, EBX=b4f8d000, ESP=bfcd6908, EBP=b4dc6700, ESI=b4e458b9, EDI=b4f8b2d0
-1	26889	libc.so.6           	b4e458b9	                                        	81 c6 47 77 14 00                                 	add esi, 0x147747                                 		EAX=b4f8b2cc, ECX=b4f8e1d8, EDX=00000000, EBX=b4f8d000, ESP=bfcd690c, EBP=b4dc6700, ESI=b4e458b9, EDI=b4f8b2d0
-1	26889	libc.so.6           	b4e458bf	                                        	83 ec 2c                                          	sub esp, 0x2c                                     		EAX=b4f8b2cc, ECX=b4f8e1d8, EDX=00000000, EBX=b4f8d000, ESP=bfcd690c, EBP=b4dc6700, ESI=b4f8d000, EDI=b4f8b2d0
-1	26889	libc.so.6           	b4e458c2	                                        	8b 7c 24 40                                       	mov edi, dword ptr [esp+0x40]                     		EAX=b4f8b2cc, ECX=b4f8e1d8, EDX=00000000, EBX=b4f8d000, ESP=bfcd68e0, EBP=b4dc6700, ESI=b4f8d000, EDI=b4f8b2d0
-1	26889	libc.so.6           	b4e458c6	                                        	85 ff                                             	test edi, edi                                     		EAX=b4f8b2cc, ECX=b4f8e1d8, EDX=00000000, EBX=b4f8d000, ESP=bfcd68e0, EBP=b4dc6700, ESI=b4f8d000, EDI=00000000
-1	26889	libc.so.6           	b4e458c8	                                        	0f 84 e2 01 00 00                                 	jz 0xb4e45ab0                                     		EAX=b4f8b2cc, ECX=b4f8e1d8, EDX=00000000, EBX=b4f8d000, ESP=bfcd68e0, EBP=b4dc6700, ESI=b4f8d000, EDI=00000000
-1	26889	libc.so.6           	b4e45ab0	                                        	8b 9e a0 0c 00 00                                 	mov ebx, dword ptr [esi+0xca0]                    		EAX=b4f8b2cc, ECX=b4f8e1d8, EDX=00000000, EBX=b4f8d000, ESP=bfcd68e0, EBP=b4dc6700, ESI=b4f8d000, EDI=00000000
-1	26889	libc.so.6           	b4e45ab6	                                        	8b ae 54 18 00 00                                 	mov ebp, dword ptr [esi+0x1854]                   		EAX=b4f8b2cc, ECX=b4f8e1d8, EDX=00000000, EBX=b4f8dcc0, ESP=bfcd68e0, EBP=b4dc6700, ESI=b4f8d000, EDI=00000000
-1	26889	libc.so.6           	b4e45abc	                                        	c7 44 24 0c 00 00 00 00                           	mov dword ptr [esp+0xc], 0x0                      		EAX=b4f8b2cc, ECX=b4f8e1d8, EDX=00000000, EBX=b4f8dcc0, ESP=bfcd68e0, EBP=00000000, ESI=b4f8d000, EDI=00000000
-1	26889	libc.so.6           	b4e45ac4	                                        	85 db                                             	test ebx, ebx                                     		EAX=b4f8b2cc, ECX=b4f8e1d8, EDX=00000000, EBX=b4f8dcc0, ESP=bfcd68e0, EBP=00000000, ESI=b4f8d000, EDI=00000000
-1	26889	libc.so.6           	b4e45ac6	                                        	0f 85 88 fe ff ff                                 	jnz 0xb4e45954                                    		EAX=b4f8b2cc, ECX=b4f8e1d8, EDX=00000000, EBX=b4f8dcc0, ESP=bfcd68e0, EBP=00000000, ESI=b4f8d000, EDI=00000000
-1	26889	libc.so.6           	b4e45954	                                        	65 a1 08 00 00 00                                 	mov eax, dword ptr gs:[0x8]                       		EAX=b4f8b2cc, ECX=b4f8e1d8, EDX=00000000, EBX=b4f8dcc0, ESP=bfcd68e0, EBP=00000000, ESI=b4f8d000, EDI=00000000
-1	26889	libc.so.6           	b4e4595a	                                        	c7 44 24 04 00 00 00 00                           	mov dword ptr [esp+0x4], 0x0                      		EAX=b4dc6700, ECX=b4f8e1d8, EDX=00000000, EBX=b4f8dcc0, ESP=bfcd68e0, EBP=00000000, ESI=b4f8d000, EDI=00000000
-1	26889	libc.so.6           	b4e45962	                                        	89 44 24 08                                       	mov dword ptr [esp+0x8], eax                      		EAX=b4dc6700, ECX=b4f8e1d8, EDX=00000000, EBX=b4f8dcc0, ESP=bfcd68e0, EBP=00000000, ESI=b4f8d000, EDI=00000000
-1	26889	libc.so.6           	b4e45966	                                        	eb 18                                             	jmp 0xb4e45980                                    		EAX=b4dc6700, ECX=b4f8e1d8, EDX=00000000, EBX=b4f8dcc0, ESP=bfcd68e0, EBP=00000000, ESI=b4f8d000, EDI=00000000
-1	26889	libc.so.6           	b4e45980	                                        	85 ff                                             	test edi, edi                                     		EAX=b4dc6700, ECX=b4f8e1d8, EDX=00000000, EBX=b4f8dcc0, ESP=bfcd68e0, EBP=00000000, ESI=b4f8d000, EDI=00000000
-1	26889	libc.so.6           	b4e45982	                                        	89 9e 50 18 00 00                                 	mov dword ptr [esi+0x1850], ebx                   		EAX=b4dc6700, ECX=b4f8e1d8, EDX=00000000, EBX=b4f8dcc0, ESP=bfcd68e0, EBP=00000000, ESI=b4f8d000, EDI=00000000
-1	26889	libc.so.6           	b4e45988	                                        	74 3f                                             	jz 0xb4e459c9                                     		EAX=b4dc6700, ECX=b4f8e1d8, EDX=00000000, EBX=b4f8dcc0, ESP=bfcd68e0, EBP=00000000, ESI=b4f8d000, EDI=00000000
-1	26889	libc.so.6           	b4e459c9	                                        	8b 53 68                                          	mov edx, dword ptr [ebx+0x68]                     		EAX=b4dc6700, ECX=b4f8e1d8, EDX=00000000, EBX=b4f8dcc0, ESP=bfcd68e0, EBP=00000000, ESI=b4f8d000, EDI=00000000
-1	26889	libc.so.6           	b4e459cc	                                        	85 d2                                             	test edx, edx                                     		EAX=b4dc6700, ECX=b4f8e1d8, EDX=00000000, EBX=b4f8dcc0, ESP=bfcd68e0, EBP=00000000, ESI=b4f8d000, EDI=00000000
-1	26889	libc.so.6           	b4e459ce	                                        	0f 8e 0c 01 00 00                                 	jle 0xb4e45ae0                                    		EAX=b4dc6700, ECX=b4f8e1d8, EDX=00000000, EBX=b4f8dcc0, ESP=bfcd68e0, EBP=00000000, ESI=b4f8d000, EDI=00000000
-1	26889	libc.so.6           	b4e45ae0	                                        	8b 43 10                                          	mov eax, dword ptr [ebx+0x10]                     		EAX=b4dc6700, ECX=b4f8e1d8, EDX=00000000, EBX=b4f8dcc0, ESP=bfcd68e0, EBP=00000000, ESI=b4f8d000, EDI=00000000
-1	26889	libc.so.6           	b4e45ae3	                                        	39 43 14                                          	cmp dword ptr [ebx+0x14], eax                     		EAX=00000000, ECX=b4f8e1d8, EDX=00000000, EBX=b4f8dcc0, ESP=bfcd68e0, EBP=00000000, ESI=b4f8d000, EDI=00000000
-1	26889	libc.so.6           	b4e45ae6	                                        	0f 86 1f ff ff ff                                 	jbe 0xb4e45a0b                                    		EAX=00000000, ECX=b4f8e1d8, EDX=00000000, EBX=b4f8dcc0, ESP=bfcd68e0, EBP=00000000, ESI=b4f8d000, EDI=00000000
-1	26889	libc.so.6           	b4e45a0b	                                        	85 ff                                             	test edi, edi                                     		EAX=00000000, ECX=b4f8e1d8, EDX=00000000, EBX=b4f8dcc0, ESP=bfcd68e0, EBP=00000000, ESI=b4f8d000, EDI=00000000
-1	26889	libc.so.6           	b4e45a0d	                                        	74 31                                             	jz 0xb4e45a40                                     		EAX=00000000, ECX=b4f8e1d8, EDX=00000000, EBX=b4f8dcc0, ESP=bfcd68e0, EBP=00000000, ESI=b4f8d000, EDI=00000000
-1	26889	libc.so.6           	b4e45a40	                                        	8b 86 54 18 00 00                                 	mov eax, dword ptr [esi+0x1854]                   		EAX=00000000, ECX=b4f8e1d8, EDX=00000000, EBX=b4f8dcc0, ESP=bfcd68e0, EBP=00000000, ESI=b4f8d000, EDI=00000000
-1	26889	libc.so.6           	b4e45a46	                                        	c7 86 50 18 00 00 00 00 00 00                     	mov dword ptr [esi+0x1850], 0x0                   		EAX=00000000, ECX=b4f8e1d8, EDX=00000000, EBX=b4f8dcc0, ESP=bfcd68e0, EBP=00000000, ESI=b4f8d000, EDI=00000000
-1	26889	libc.so.6           	b4e45a50	                                        	39 e8                                             	cmp eax, ebp                                      		EAX=00000000, ECX=b4f8e1d8, EDX=00000000, EBX=b4f8dcc0, ESP=bfcd68e0, EBP=00000000, ESI=b4f8d000, EDI=00000000
-1	26889	libc.so.6           	b4e45a52	                                        	0f 85 18 ff ff ff                                 	jnz 0xb4e45970                                    		EAX=00000000, ECX=b4f8e1d8, EDX=00000000, EBX=b4f8dcc0, ESP=bfcd68e0, EBP=00000000, ESI=b4f8d000, EDI=00000000
-1	26889	libc.so.6           	b4e45a58	                                        	8b 5b 34                                          	mov ebx, dword ptr [ebx+0x34]                     		EAX=00000000, ECX=b4f8e1d8, EDX=00000000, EBX=b4f8dcc0, ESP=bfcd68e0, EBP=00000000, ESI=b4f8d000, EDI=00000000
-1	26889	libc.so.6           	b4e45a5b	                                        	85 db                                             	test ebx, ebx                                     		EAX=00000000, ECX=b4f8e1d8, EDX=00000000, EBX=b4f8dd60, ESP=bfcd68e0, EBP=00000000, ESI=b4f8d000, EDI=00000000
-1	26889	libc.so.6           	b4e45a5d	                                        	0f 85 1b ff ff ff                                 	jnz 0xb4e4597e                                    		EAX=00000000, ECX=b4f8e1d8, EDX=00000000, EBX=b4f8dd60, ESP=bfcd68e0, EBP=00000000, ESI=b4f8d000, EDI=00000000
-1	26889	libc.so.6           	b4e4597e	                                        	89 c5                                             	mov ebp, eax                                      		EAX=00000000, ECX=b4f8e1d8, EDX=00000000, EBX=b4f8dd60, ESP=bfcd68e0, EBP=00000000, ESI=b4f8d000, EDI=00000000
-1	26889	libc.so.6           	b4e45980	                                        	85 ff                                             	test edi, edi                                     		EAX=00000000, ECX=b4f8e1d8, EDX=00000000, EBX=b4f8dd60, ESP=bfcd68e0, EBP=00000000, ESI=b4f8d000, EDI=00000000
-1	26889	libc.so.6           	b4e45982	                                        	89 9e 50 18 00 00                                 	mov dword ptr [esi+0x1850], ebx                   		EAX=00000000, ECX=b4f8e1d8, EDX=00000000, EBX=b4f8dd60, ESP=bfcd68e0, EBP=00000000, ESI=b4f8d000, EDI=00000000
-1	26889	libc.so.6           	b4e45988	                                        	74 3f                                             	jz 0xb4e459c9                                     		EAX=00000000, ECX=b4f8e1d8, EDX=00000000, EBX=b4f8dd60, ESP=bfcd68e0, EBP=00000000, ESI=b4f8d000, EDI=00000000
-1	26889	libc.so.6           	b4e459c9	                                        	8b 53 68                                          	mov edx, dword ptr [ebx+0x68]                     		EAX=00000000, ECX=b4f8e1d8, EDX=00000000, EBX=b4f8dd60, ESP=bfcd68e0, EBP=00000000, ESI=b4f8d000, EDI=00000000
-1	26889	libc.so.6           	b4e459cc	                                        	85 d2                                             	test edx, edx                                     		EAX=00000000, ECX=b4f8e1d8, EDX=00000000, EBX=b4f8dd60, ESP=bfcd68e0, EBP=00000000, ESI=b4f8d000, EDI=00000000
-1	26889	libc.so.6           	b4e459ce	                                        	0f 8e 0c 01 00 00                                 	jle 0xb4e45ae0                                    		EAX=00000000, ECX=b4f8e1d8, EDX=00000000, EBX=b4f8dd60, ESP=bfcd68e0, EBP=00000000, ESI=b4f8d000, EDI=00000000
-1	26889	libc.so.6           	b4e45ae0	                                        	8b 43 10                                          	mov eax, dword ptr [ebx+0x10]                     		EAX=00000000, ECX=b4f8e1d8, EDX=00000000, EBX=b4f8dd60, ESP=bfcd68e0, EBP=00000000, ESI=b4f8d000, EDI=00000000
-1	26889	libc.so.6           	b4e45ae3	                                        	39 43 14                                          	cmp dword ptr [ebx+0x14], eax                     		EAX=00000000, ECX=b4f8e1d8, EDX=00000000, EBX=b4f8dd60, ESP=bfcd68e0, EBP=00000000, ESI=b4f8d000, EDI=00000000
-1	26889	libc.so.6           	b4e45ae6	                                        	0f 86 1f ff ff ff                                 	jbe 0xb4e45a0b                                    		EAX=00000000, ECX=b4f8e1d8, EDX=00000000, EBX=b4f8dd60, ESP=bfcd68e0, EBP=00000000, ESI=b4f8d000, EDI=00000000
-1	26889	libc.so.6           	b4e45a0b	                                        	85 ff                                             	test edi, edi                                     		EAX=00000000, ECX=b4f8e1d8, EDX=00000000, EBX=b4f8dd60, ESP=bfcd68e0, EBP=00000000, ESI=b4f8d000, EDI=00000000
-1	26889	libc.so.6           	b4e45a0d	                                        	74 31                                             	jz 0xb4e45a40                                     		EAX=00000000, ECX=b4f8e1d8, EDX=00000000, EBX=b4f8dd60, ESP=bfcd68e0, EBP=00000000, ESI=b4f8d000, EDI=00000000
-1	26889	libc.so.6           	b4e45a40	                                        	8b 86 54 18 00 00                                 	mov eax, dword ptr [esi+0x1854]                   		EAX=00000000, ECX=b4f8e1d8, EDX=00000000, EBX=b4f8dd60, ESP=bfcd68e0, EBP=00000000, ESI=b4f8d000, EDI=00000000
-1	26889	libc.so.6           	b4e45a46	                                        	c7 86 50 18 00 00 00 00 00 00                     	mov dword ptr [esi+0x1850], 0x0                   		EAX=00000000, ECX=b4f8e1d8, EDX=00000000, EBX=b4f8dd60, ESP=bfcd68e0, EBP=00000000, ESI=b4f8d000, EDI=00000000
-1	26889	libc.so.6           	b4e45a50	                                        	39 e8                                             	cmp eax, ebp                                      		EAX=00000000, ECX=b4f8e1d8, EDX=00000000, EBX=b4f8dd60, ESP=bfcd68e0, EBP=00000000, ESI=b4f8d000, EDI=00000000
-1	26889	libc.so.6           	b4e45a52	                                        	0f 85 18 ff ff ff                                 	jnz 0xb4e45970                                    		EAX=00000000, ECX=b4f8e1d8, EDX=00000000, EBX=b4f8dd60, ESP=bfcd68e0, EBP=00000000, ESI=b4f8d000, EDI=00000000
-1	26889	libc.so.6           	b4e45a58	                                        	8b 5b 34                                          	mov ebx, dword ptr [ebx+0x34]                     		EAX=00000000, ECX=b4f8e1d8, EDX=00000000, EBX=b4f8dd60, ESP=bfcd68e0, EBP=00000000, ESI=b4f8d000, EDI=00000000
-1	26889	libc.so.6           	b4e45a5b	                                        	85 db                                             	test ebx, ebx                                     		EAX=00000000, ECX=b4f8e1d8, EDX=00000000, EBX=b4f8d5a0, ESP=bfcd68e0, EBP=00000000, ESI=b4f8d000, EDI=00000000
-1	26889	libc.so.6           	b4e45a5d	                                        	0f 85 1b ff ff ff                                 	jnz 0xb4e4597e                                    		EAX=00000000, ECX=b4f8e1d8, EDX=00000000, EBX=b4f8d5a0, ESP=bfcd68e0, EBP=00000000, ESI=b4f8d000, EDI=00000000
-1	26889	libc.so.6           	b4e4597e	                                        	89 c5                                             	mov ebp, eax                                      		EAX=00000000, ECX=b4f8e1d8, EDX=00000000, EBX=b4f8d5a0, ESP=bfcd68e0, EBP=00000000, ESI=b4f8d000, EDI=00000000
-1	26889	libc.so.6           	b4e45980	                                        	85 ff                                             	test edi, edi                                     		EAX=00000000, ECX=b4f8e1d8, EDX=00000000, EBX=b4f8d5a0, ESP=bfcd68e0, EBP=00000000, ESI=b4f8d000, EDI=00000000
-1	26889	libc.so.6           	b4e45982	                                        	89 9e 50 18 00 00                                 	mov dword ptr [esi+0x1850], ebx                   		EAX=00000000, ECX=b4f8e1d8, EDX=00000000, EBX=b4f8d5a0, ESP=bfcd68e0, EBP=00000000, ESI=b4f8d000, EDI=00000000
-1	26889	libc.so.6           	b4e45988	                                        	74 3f                                             	jz 0xb4e459c9                                     		EAX=00000000, ECX=b4f8e1d8, EDX=00000000, EBX=b4f8d5a0, ESP=bfcd68e0, EBP=00000000, ESI=b4f8d000, EDI=00000000
-1	26889	libc.so.6           	b4e459c9	                                        	8b 53 68                                          	mov edx, dword ptr [ebx+0x68]                     		EAX=00000000, ECX=b4f8e1d8, EDX=00000000, EBX=b4f8d5a0, ESP=bfcd68e0, EBP=00000000, ESI=b4f8d000, EDI=00000000
-1	26889	libc.so.6           	b4e459cc	                                        	85 d2                                             	test edx, edx                                     		EAX=00000000, ECX=b4f8e1d8, EDX=00000000, EBX=b4f8d5a0, ESP=bfcd68e0, EBP=00000000, ESI=b4f8d000, EDI=00000000
-1	26889	libc.so.6           	b4e459ce	                                        	0f 8e 0c 01 00 00                                 	jle 0xb4e45ae0                                    		EAX=00000000, ECX=b4f8e1d8, EDX=00000000, EBX=b4f8d5a0, ESP=bfcd68e0, EBP=00000000, ESI=b4f8d000, EDI=00000000
-1	26889	libc.so.6           	b4e45ae0	                                        	8b 43 10                                          	mov eax, dword ptr [ebx+0x10]                     		EAX=00000000, ECX=b4f8e1d8, EDX=00000000, EBX=b4f8d5a0, ESP=bfcd68e0, EBP=00000000, ESI=b4f8d000, EDI=00000000
-1	26889	libc.so.6           	b4e45ae3	                                        	39 43 14                                          	cmp dword ptr [ebx+0x14], eax                     		EAX=00000000, ECX=b4f8e1d8, EDX=00000000, EBX=b4f8d5a0, ESP=bfcd68e0, EBP=00000000, ESI=b4f8d000, EDI=00000000
-1	26889	libc.so.6           	b4e45ae6	                                        	0f 86 1f ff ff ff                                 	jbe 0xb4e45a0b                                    		EAX=00000000, ECX=b4f8e1d8, EDX=00000000, EBX=b4f8d5a0, ESP=bfcd68e0, EBP=00000000, ESI=b4f8d000, EDI=00000000
-1	26889	libc.so.6           	b4e45a0b	                                        	85 ff                                             	test edi, edi                                     		EAX=00000000, ECX=b4f8e1d8, EDX=00000000, EBX=b4f8d5a0, ESP=bfcd68e0, EBP=00000000, ESI=b4f8d000, EDI=00000000
-1	26889	libc.so.6           	b4e45a0d	                                        	74 31                                             	jz 0xb4e45a40                                     		EAX=00000000, ECX=b4f8e1d8, EDX=00000000, EBX=b4f8d5a0, ESP=bfcd68e0, EBP=00000000, ESI=b4f8d000, EDI=00000000
-1	26889	libc.so.6           	b4e45a40	                                        	8b 86 54 18 00 00                                 	mov eax, dword ptr [esi+0x1854]                   		EAX=00000000, ECX=b4f8e1d8, EDX=00000000, EBX=b4f8d5a0, ESP=bfcd68e0, EBP=00000000, ESI=b4f8d000, EDI=00000000
-1	26889	libc.so.6           	b4e45a46	                                        	c7 86 50 18 00 00 00 00 00 00                     	mov dword ptr [esi+0x1850], 0x0                   		EAX=00000000, ECX=b4f8e1d8, EDX=00000000, EBX=b4f8d5a0, ESP=bfcd68e0, EBP=00000000, ESI=b4f8d000, EDI=00000000
-1	26889	libc.so.6           	b4e45a50	                                        	39 e8                                             	cmp eax, ebp                                      		EAX=00000000, ECX=b4f8e1d8, EDX=00000000, EBX=b4f8d5a0, ESP=bfcd68e0, EBP=00000000, ESI=b4f8d000, EDI=00000000
-1	26889	libc.so.6           	b4e45a52	                                        	0f 85 18 ff ff ff                                 	jnz 0xb4e45970                                    		EAX=00000000, ECX=b4f8e1d8, EDX=00000000, EBX=b4f8d5a0, ESP=bfcd68e0, EBP=00000000, ESI=b4f8d000, EDI=00000000
-1	26889	libc.so.6           	b4e45a58	                                        	8b 5b 34                                          	mov ebx, dword ptr [ebx+0x34]                     		EAX=00000000, ECX=b4f8e1d8, EDX=00000000, EBX=b4f8d5a0, ESP=bfcd68e0, EBP=00000000, ESI=b4f8d000, EDI=00000000
-1	26889	libc.so.6           	b4e45a5b	                                        	85 db                                             	test ebx, ebx                                     		EAX=00000000, ECX=b4f8e1d8, EDX=00000000, EBX=00000000, ESP=bfcd68e0, EBP=00000000, ESI=b4f8d000, EDI=00000000
-1	26889	libc.so.6           	b4e45a5d	                                        	0f 85 1b ff ff ff                                 	jnz 0xb4e4597e                                    		EAX=00000000, ECX=b4f8e1d8, EDX=00000000, EBX=00000000, ESP=bfcd68e0, EBP=00000000, ESI=b4f8d000, EDI=00000000
-1	26889	libc.so.6           	b4e45a63	                                        	85 ff                                             	test edi, edi                                     		EAX=00000000, ECX=b4f8e1d8, EDX=00000000, EBX=00000000, ESP=bfcd68e0, EBP=00000000, ESI=b4f8d000, EDI=00000000
-1	26889	libc.so.6           	b4e45a65	                                        	74 13                                             	jz 0xb4e45a7a                                     		EAX=00000000, ECX=b4f8e1d8, EDX=00000000, EBX=00000000, ESP=bfcd68e0, EBP=00000000, ESI=b4f8d000, EDI=00000000
-1	26889	libc.so.6           	b4e45a7a	                                        	8b 44 24 0c                                       	mov eax, dword ptr [esp+0xc]                      		EAX=00000000, ECX=b4f8e1d8, EDX=00000000, EBX=00000000, ESP=bfcd68e0, EBP=00000000, ESI=b4f8d000, EDI=00000000
-1	26889	libc.so.6           	b4e45a7e	                                        	85 c0                                             	test eax, eax                                     		EAX=00000000, ECX=b4f8e1d8, EDX=00000000, EBX=00000000, ESP=bfcd68e0, EBP=00000000, ESI=b4f8d000, EDI=00000000
-1	26889	libc.so.6           	b4e45a80	                                        	74 1f                                             	jz 0xb4e45aa1                                     		EAX=00000000, ECX=b4f8e1d8, EDX=00000000, EBX=00000000, ESP=bfcd68e0, EBP=00000000, ESI=b4f8d000, EDI=00000000
-1	26889	libc.so.6           	b4e45aa1	                                        	8b 44 24 04                                       	mov eax, dword ptr [esp+0x4]                      		EAX=00000000, ECX=b4f8e1d8, EDX=00000000, EBX=00000000, ESP=bfcd68e0, EBP=00000000, ESI=b4f8d000, EDI=00000000
-1	26889	libc.so.6           	b4e45aa5	                                        	83 c4 2c                                          	add esp, 0x2c                                     		EAX=00000000, ECX=b4f8e1d8, EDX=00000000, EBX=00000000, ESP=bfcd68e0, EBP=00000000, ESI=b4f8d000, EDI=00000000
-1	26889	libc.so.6           	b4e45aa8	                                        	5b                                                	pop ebx                                           		EAX=00000000, ECX=b4f8e1d8, EDX=00000000, EBX=00000000, ESP=bfcd690c, EBP=00000000, ESI=b4f8d000, EDI=00000000
-1	26889	libc.so.6           	b4e45aa9	                                        	5e                                                	pop esi                                           		EAX=00000000, ECX=b4f8e1d8, EDX=00000000, EBX=b4f8d000, ESP=bfcd6910, EBP=00000000, ESI=b4f8d000, EDI=00000000
-1	26889	libc.so.6           	b4e45aaa	                                        	5f                                                	pop edi                                           		EAX=00000000, ECX=b4f8e1d8, EDX=00000000, EBX=b4f8d000, ESP=bfcd6914, EBP=00000000, ESI=00000008, EDI=00000000
-1	26889	libc.so.6           	b4e45aab	                                        	5d                                                	pop ebp                                           		EAX=00000000, ECX=b4f8e1d8, EDX=00000000, EBX=b4f8d000, ESP=bfcd6918, EBP=00000000, ESI=00000008, EDI=b4f8b2d0
-1	26889	libc.so.6           	b4e45aac	                                        	c3                                                	ret                                               		EAX=00000000, ECX=b4f8e1d8, EDX=00000000, EBX=b4f8d000, ESP=bfcd691c, EBP=b4dc6700, ESI=00000008, EDI=b4f8b2d0
-1	26889	libc.so.6           	b4e45b90	                                        	8b bb a0 0c 00 00                                 	mov edi, dword ptr [ebx+0xca0]                    		EAX=00000000, ECX=b4f8e1d8, EDX=00000000, EBX=b4f8d000, ESP=bfcd6920, EBP=b4dc6700, ESI=00000008, EDI=b4f8b2d0
-1	26889	libc.so.6           	b4e45b96	                                        	89 44 24 1c                                       	mov dword ptr [esp+0x1c], eax                     		EAX=00000000, ECX=b4f8e1d8, EDX=00000000, EBX=b4f8d000, ESP=bfcd6920, EBP=b4dc6700, ESI=00000008, EDI=b4f8dcc0
-1	26889	libc.so.6           	b4e45b9a	                                        	83 c4 10                                          	add esp, 0x10                                     		EAX=00000000, ECX=b4f8e1d8, EDX=00000000, EBX=b4f8d000, ESP=bfcd6920, EBP=b4dc6700, ESI=00000008, EDI=b4f8dcc0
-1	26889	libc.so.6           	b4e45b9d	                                        	85 ff                                             	test edi, edi                                     		EAX=00000000, ECX=b4f8e1d8, EDX=00000000, EBX=b4f8d000, ESP=bfcd6930, EBP=b4dc6700, ESI=00000008, EDI=b4f8dcc0
-1	26889	libc.so.6           	b4e45b9f	                                        	0f 85 89 00 00 00                                 	jnz 0xb4e45c2e                                    		EAX=00000000, ECX=b4f8e1d8, EDX=00000000, EBX=b4f8d000, ESP=bfcd6930, EBP=b4dc6700, ESI=00000008, EDI=b4f8dcc0
-1	26889	libc.so.6           	b4e45c2e	                                        	f6 07 02                                          	test byte ptr [edi], 0x2                          		EAX=00000000, ECX=b4f8e1d8, EDX=00000000, EBX=b4f8d000, ESP=bfcd6930, EBP=b4dc6700, ESI=00000008, EDI=b4f8dcc0
-1	26889	libc.so.6           	b4e45c31	                                        	75 ed                                             	jnz 0xb4e45c20                                    		EAX=00000000, ECX=b4f8e1d8, EDX=00000000, EBX=b4f8d000, ESP=bfcd6930, EBP=b4dc6700, ESI=00000008, EDI=b4f8dcc0
-1	26889	libc.so.6           	b4e45c20	                                        	c7 47 68 ff ff ff ff                              	mov dword ptr [edi+0x68], 0xffffffff              		EAX=00000000, ECX=b4f8e1d8, EDX=00000000, EBX=b4f8d000, ESP=bfcd6930, EBP=b4dc6700, ESI=00000008, EDI=b4f8dcc0
-1	26889	libc.so.6           	b4e45c27	                                        	8b 7f 34                                          	mov edi, dword ptr [edi+0x34]                     		EAX=00000000, ECX=b4f8e1d8, EDX=00000000, EBX=b4f8d000, ESP=bfcd6930, EBP=b4dc6700, ESI=00000008, EDI=b4f8dcc0
-1	26889	libc.so.6           	b4e45c2a	                                        	85 ff                                             	test edi, edi                                     		EAX=00000000, ECX=b4f8e1d8, EDX=00000000, EBX=b4f8d000, ESP=bfcd6930, EBP=b4dc6700, ESI=00000008, EDI=b4f8dd60
-1	26889	libc.so.6           	b4e45c2c	                                        	74 52                                             	jz 0xb4e45c80                                     		EAX=00000000, ECX=b4f8e1d8, EDX=00000000, EBX=b4f8d000, ESP=bfcd6930, EBP=b4dc6700, ESI=00000008, EDI=b4f8dd60
-1	26889	libc.so.6           	b4e45c2e	                                        	f6 07 02                                          	test byte ptr [edi], 0x2                          		EAX=00000000, ECX=b4f8e1d8, EDX=00000000, EBX=b4f8d000, ESP=bfcd6930, EBP=b4dc6700, ESI=00000008, EDI=b4f8dd60
-1	26889	libc.so.6           	b4e45c31	                                        	75 ed                                             	jnz 0xb4e45c20                                    		EAX=00000000, ECX=b4f8e1d8, EDX=00000000, EBX=b4f8d000, ESP=bfcd6930, EBP=b4dc6700, ESI=00000008, EDI=b4f8dd60
-1	26889	libc.so.6           	b4e45c33	                                        	8b 57 68                                          	mov edx, dword ptr [edi+0x68]                     		EAX=00000000, ECX=b4f8e1d8, EDX=00000000, EBX=b4f8d000, ESP=bfcd6930, EBP=b4dc6700, ESI=00000008, EDI=b4f8dd60
-1	26889	libc.so.6           	b4e45c36	                                        	85 d2                                             	test edx, edx                                     		EAX=00000000, ECX=b4f8e1d8, EDX=00000000, EBX=b4f8d000, ESP=bfcd6930, EBP=b4dc6700, ESI=00000008, EDI=b4f8dd60
-1	26889	libc.so.6           	b4e45c38	                                        	74 e6                                             	jz 0xb4e45c20                                     		EAX=00000000, ECX=b4f8e1d8, EDX=00000000, EBX=b4f8d000, ESP=bfcd6930, EBP=b4dc6700, ESI=00000008, EDI=b4f8dd60
-1	26889	libc.so.6           	b4e45c20	                                        	c7 47 68 ff ff ff ff                              	mov dword ptr [edi+0x68], 0xffffffff              		EAX=00000000, ECX=b4f8e1d8, EDX=00000000, EBX=b4f8d000, ESP=bfcd6930, EBP=b4dc6700, ESI=00000008, EDI=b4f8dd60
-1	26889	libc.so.6           	b4e45c27	                                        	8b 7f 34                                          	mov edi, dword ptr [edi+0x34]                     		EAX=00000000, ECX=b4f8e1d8, EDX=00000000, EBX=b4f8d000, ESP=bfcd6930, EBP=b4dc6700, ESI=00000008, EDI=b4f8dd60
-1	26889	libc.so.6           	b4e45c2a	                                        	85 ff                                             	test edi, edi                                     		EAX=00000000, ECX=b4f8e1d8, EDX=00000000, EBX=b4f8d000, ESP=bfcd6930, EBP=b4dc6700, ESI=00000008, EDI=b4f8d5a0
-1	26889	libc.so.6           	b4e45c2c	                                        	74 52                                             	jz 0xb4e45c80                                     		EAX=00000000, ECX=b4f8e1d8, EDX=00000000, EBX=b4f8d000, ESP=bfcd6930, EBP=b4dc6700, ESI=00000008, EDI=b4f8d5a0
-1	26889	libc.so.6           	b4e45c2e	                                        	f6 07 02                                          	test byte ptr [edi], 0x2                          		EAX=00000000, ECX=b4f8e1d8, EDX=00000000, EBX=b4f8d000, ESP=bfcd6930, EBP=b4dc6700, ESI=00000008, EDI=b4f8d5a0
-1	26889	libc.so.6           	b4e45c31	                                        	75 ed                                             	jnz 0xb4e45c20                                    		EAX=00000000, ECX=b4f8e1d8, EDX=00000000, EBX=b4f8d000, ESP=bfcd6930, EBP=b4dc6700, ESI=00000008, EDI=b4f8d5a0
-1	26889	libc.so.6           	b4e45c33	                                        	8b 57 68                                          	mov edx, dword ptr [edi+0x68]                     		EAX=00000000, ECX=b4f8e1d8, EDX=00000000, EBX=b4f8d000, ESP=bfcd6930, EBP=b4dc6700, ESI=00000008, EDI=b4f8d5a0
-1	26889	libc.so.6           	b4e45c36	                                        	85 d2                                             	test edx, edx                                     		EAX=00000000, ECX=b4f8e1d8, EDX=00000000, EBX=b4f8d000, ESP=bfcd6930, EBP=b4dc6700, ESI=00000008, EDI=b4f8d5a0
-1	26889	libc.so.6           	b4e45c38	                                        	74 e6                                             	jz 0xb4e45c20                                     		EAX=00000000, ECX=b4f8e1d8, EDX=00000000, EBX=b4f8d000, ESP=bfcd6930, EBP=b4dc6700, ESI=00000008, EDI=b4f8d5a0
-1	26889	libc.so.6           	b4e45c20	                                        	c7 47 68 ff ff ff ff                              	mov dword ptr [edi+0x68], 0xffffffff              		EAX=00000000, ECX=b4f8e1d8, EDX=00000000, EBX=b4f8d000, ESP=bfcd6930, EBP=b4dc6700, ESI=00000008, EDI=b4f8d5a0
-1	26889	libc.so.6           	b4e45c27	                                        	8b 7f 34                                          	mov edi, dword ptr [edi+0x34]                     		EAX=00000000, ECX=b4f8e1d8, EDX=00000000, EBX=b4f8d000, ESP=bfcd6930, EBP=b4dc6700, ESI=00000008, EDI=b4f8d5a0
-1	26889	libc.so.6           	b4e45c2a	                                        	85 ff                                             	test edi, edi                                     		EAX=00000000, ECX=b4f8e1d8, EDX=00000000, EBX=b4f8d000, ESP=bfcd6930, EBP=b4dc6700, ESI=00000008, EDI=00000000
-1	26889	libc.so.6           	b4e45c2c	                                        	74 52                                             	jz 0xb4e45c80                                     		EAX=00000000, ECX=b4f8e1d8, EDX=00000000, EBX=b4f8d000, ESP=bfcd6930, EBP=b4dc6700, ESI=00000008, EDI=00000000
-1	26889	libc.so.6           	b4e45c80	                                        	8b 44 24 0c                                       	mov eax, dword ptr [esp+0xc]                      		EAX=00000000, ECX=b4f8e1d8, EDX=00000000, EBX=b4f8d000, ESP=bfcd6930, EBP=b4dc6700, ESI=00000008, EDI=00000000
-1	26889	libc.so.6           	b4e45c84	                                        	83 c4 1c                                          	add esp, 0x1c                                     		EAX=00000000, ECX=b4f8e1d8, EDX=00000000, EBX=b4f8d000, ESP=bfcd6930, EBP=b4dc6700, ESI=00000008, EDI=00000000
-1	26889	libc.so.6           	b4e45c87	                                        	5b                                                	pop ebx                                           		EAX=00000000, ECX=b4f8e1d8, EDX=00000000, EBX=b4f8d000, ESP=bfcd694c, EBP=b4dc6700, ESI=00000008, EDI=00000000
-1	26889	libc.so.6           	b4e45c88	                                        	5e                                                	pop esi                                           		EAX=00000000, ECX=b4f8e1d8, EDX=00000000, EBX=b4f8b2cc, ESP=bfcd6950, EBP=b4dc6700, ESI=00000008, EDI=00000000
-1	26889	libc.so.6           	b4e45c89	                                        	5f                                                	pop edi                                           		EAX=00000000, ECX=b4f8e1d8, EDX=00000000, EBX=b4f8b2cc, ESP=bfcd6954, EBP=b4dc6700, ESI=00000008, EDI=00000000
-1	26889	libc.so.6           	b4e45c8a	                                        	5d                                                	pop ebp                                           		EAX=00000000, ECX=b4f8e1d8, EDX=00000000, EBX=b4f8b2cc, ESP=bfcd6958, EBP=b4dc6700, ESI=00000008, EDI=b4f8b2d0
-1	26889	libc.so.6           	b4e45c8b	                                        	c3                                                	ret                                               		EAX=00000000, ECX=b4f8e1d8, EDX=00000000, EBX=b4f8b2cc, ESP=bfcd695c, EBP=b4f8e1e0, ESI=00000008, EDI=b4f8b2d0
-1	26889	libc.so.6           	b4e0894a	                                        	83 c3 04                                          	add ebx, 0x4                                      		EAX=00000000, ECX=b4f8e1d8, EDX=00000000, EBX=b4f8b2cc, ESP=bfcd6960, EBP=b4f8e1e0, ESI=00000008, EDI=b4f8b2d0
-1	26889	libc.so.6           	b4e0894d	                                        	39 fb                                             	cmp ebx, edi                                      		EAX=00000000, ECX=b4f8e1d8, EDX=00000000, EBX=b4f8b2d0, ESP=bfcd6960, EBP=b4f8e1e0, ESI=00000008, EDI=b4f8b2d0
-1	26889	libc.so.6           	b4e0894f	                                        	72 f7                                             	jb 0xb4e08948                                     		EAX=00000000, ECX=b4f8e1d8, EDX=00000000, EBX=b4f8b2d0, ESP=bfcd6960, EBP=b4f8e1e0, ESI=00000008, EDI=b4f8b2d0
-1	26889	libc.so.6           	b4e08951	                                        	83 ec 0c                                          	sub esp, 0xc                                      		EAX=00000000, ECX=b4f8e1d8, EDX=00000000, EBX=b4f8b2d0, ESP=bfcd6960, EBP=b4f8e1e0, ESI=00000008, EDI=b4f8b2d0
-1	26889	libc.so.6           	b4e08954	                                        	56                                                	push esi                                          		EAX=00000000, ECX=b4f8e1d8, EDX=00000000, EBX=b4f8b2d0, ESP=bfcd6954, EBP=b4f8e1e0, ESI=00000008, EDI=b4f8b2d0
-1	26889	libc.so.6           	b4e08955	                                        	e8 4e 1f 08 00                                    	call 0xb4e8a8a8                                   		EAX=00000000, ECX=b4f8e1d8, EDX=00000000, EBX=b4f8b2d0, ESP=bfcd6950, EBP=b4f8e1e0, ESI=00000008, EDI=b4f8b2d0
-1	26889	libc.so.6           	b4e8a8a8	                                        	8b 5c 24 04                                       	mov ebx, dword ptr [esp+0x4]                      		EAX=00000000, ECX=b4f8e1d8, EDX=00000000, EBX=b4f8b2d0, ESP=bfcd694c, EBP=b4f8e1e0, ESI=00000008, EDI=b4f8b2d0
-1	26889	libc.so.6           	b4e8a8ac	                                        	b8 fc 00 00 00                                    	mov eax, 0xfc                                     		EAX=00000000, ECX=b4f8e1d8, EDX=00000000, EBX=00000008, ESP=bfcd694c, EBP=b4f8e1e0, ESI=00000008, EDI=b4f8b2d0
-1	26889	libc.so.6           	b4e8a8b1	                                        	65 ff 15 10 00 00 00                              	call dword ptr gs:[0x10]                          		EAX=000000fc, ECX=b4f8e1d8, EDX=00000000, EBX=00000008, ESP=bfcd694c, EBP=b4f8e1e0, ESI=00000008, EDI=b4f8b2d0
