-1	25715	unknown             	08048310	                                        	31 ed                                             	xor ebp, ebp                                      		EAX=b7711918, ECX=bf840744, EDX=b76fc880, EBX=b7711000, ESP=bf840740, EBP=00000000, ESI=bf840750, EDI=08048310
-1	25715	unknown             	08048312	                                        	5e                                                	pop esi                                           		EAX=b7711918, ECX=bf840744, EDX=b76fc880, EBX=b7711000, ESP=bf840740, EBP=00000000, ESI=bf840750, EDI=08048310
-1	25715	unknown             	08048313	                                        	89 e1                                             	mov ecx, esp                                      		EAX=b7711918, ECX=bf840744, EDX=b76fc880, EBX=b7711000, ESP=bf840744, EBP=00000000, ESI=00000002, EDI=08048310
-1	25715	unknown             	08048315	                                        	83 e4 f0                                          	and esp, 0xfffffff0                               		EAX=b7711918, ECX=bf840744, EDX=b76fc880, EBX=b7711000, ESP=bf840744, EBP=00000000, ESI=00000002, EDI=08048310
-1	25715	unknown             	08048318	                                        	50                                                	push eax                                          		EAX=b7711918, ECX=bf840744, EDX=b76fc880, EBX=b7711000, ESP=bf840740, EBP=00000000, ESI=00000002, EDI=08048310
-1	25715	unknown             	08048319	                                        	54                                                	push esp                                          		EAX=b7711918, ECX=bf840744, EDX=b76fc880, EBX=b7711000, ESP=bf84073c, EBP=00000000, ESI=00000002, EDI=08048310
-1	25715	unknown             	0804831a	                                        	52                                                	push edx                                          		EAX=b7711918, ECX=bf840744, EDX=b76fc880, EBX=b7711000, ESP=bf840738, EBP=00000000, ESI=00000002, EDI=08048310
-1	25715	unknown             	0804831b	                                        	68 00 85 04 08                                    	push 0x8048500                                    		EAX=b7711918, ECX=bf840744, EDX=b76fc880, EBX=b7711000, ESP=bf840734, EBP=00000000, ESI=00000002, EDI=08048310
-1	25715	unknown             	08048320	                                        	68 a0 84 04 08                                    	push 0x80484a0                                    		EAX=b7711918, ECX=bf840744, EDX=b76fc880, EBX=b7711000, ESP=bf840730, EBP=00000000, ESI=00000002, EDI=08048310
-1	25715	unknown             	08048325	                                        	51                                                	push ecx                                          		EAX=b7711918, ECX=bf840744, EDX=b76fc880, EBX=b7711000, ESP=bf84072c, EBP=00000000, ESI=00000002, EDI=08048310
-1	25715	unknown             	08048326	                                        	56                                                	push esi                                          		EAX=b7711918, ECX=bf840744, EDX=b76fc880, EBX=b7711000, ESP=bf840728, EBP=00000000, ESI=00000002, EDI=08048310
-1	25715	unknown             	08048327	                                        	68 18 84 04 08                                    	push 0x8048418                                    		EAX=b7711918, ECX=bf840744, EDX=b76fc880, EBX=b7711000, ESP=bf840724, EBP=00000000, ESI=00000002, EDI=08048310
-1	25715	unknown             	0804832c	                                        	e8 af ff ff ff                                    	call 0x80482e0                                    		EAX=b7711918, ECX=bf840744, EDX=b76fc880, EBX=b7711000, ESP=bf840720, EBP=00000000, ESI=00000002, EDI=08048310
-1	25715	unknown             	080482e0	                                        	ff 25 0c a0 04 08                                 	jmp dword ptr [0x804a00c]                         		EAX=b7711918, ECX=bf840744, EDX=b76fc880, EBX=b7711000, ESP=bf84071c, EBP=00000000, ESI=00000002, EDI=08048310
-1	25715	unknown             	080482e6	                                        	68 00 00 00 00                                    	push 0x0                                          		EAX=b7711918, ECX=bf840744, EDX=b76fc880, EBX=b7711000, ESP=bf84071c, EBP=00000000, ESI=00000002, EDI=08048310
-1	25715	unknown             	080482eb	                                        	e9 e0 ff ff ff                                    	jmp 0x80482d0                                     		EAX=b7711918, ECX=bf840744, EDX=b76fc880, EBX=b7711000, ESP=bf840718, EBP=00000000, ESI=00000002, EDI=08048310
-1	25715	unknown             	080482d0	                                        	ff 35 04 a0 04 08                                 	push dword ptr [0x804a004]                        		EAX=b7711918, ECX=bf840744, EDX=b76fc880, EBX=b7711000, ESP=bf840718, EBP=00000000, ESI=00000002, EDI=08048310
-1	25715	unknown             	080482d6	                                        	ff 25 08 a0 04 08                                 	jmp dword ptr [0x804a008]                         		EAX=b7711918, ECX=bf840744, EDX=b76fc880, EBX=b7711000, ESP=bf840714, EBP=00000000, ESI=00000002, EDI=08048310
-1	25715	ld-linux.so.2       	b7702000	                                        	50                                                	push eax                                          		EAX=b7711918, ECX=bf840744, EDX=b76fc880, EBX=b7711000, ESP=bf840714, EBP=00000000, ESI=00000002, EDI=08048310
-1	25715	ld-linux.so.2       	b7702001	                                        	51                                                	push ecx                                          		EAX=b7711918, ECX=bf840744, EDX=b76fc880, EBX=b7711000, ESP=bf840710, EBP=00000000, ESI=00000002, EDI=08048310
-1	25715	ld-linux.so.2       	b7702002	                                        	52                                                	push edx                                          		EAX=b7711918, ECX=bf840744, EDX=b76fc880, EBX=b7711000, ESP=bf84070c, EBP=00000000, ESI=00000002, EDI=08048310
-1	25715	ld-linux.so.2       	b7702003	                                        	8b 54 24 10                                       	mov edx, dword ptr [esp+0x10]                     		EAX=b7711918, ECX=bf840744, EDX=b76fc880, EBX=b7711000, ESP=bf840708, EBP=00000000, ESI=00000002, EDI=08048310
-1	25715	ld-linux.so.2       	b7702007	                                        	8b 44 24 0c                                       	mov eax, dword ptr [esp+0xc]                      		EAX=b7711918, ECX=bf840744, EDX=00000000, EBX=b7711000, ESP=bf840708, EBP=00000000, ESI=00000002, EDI=08048310
-1	25715	ld-linux.so.2       	b770200b	                                        	e8 d0 97 ff ff                                    	call 0xb76fb7e0                                   		EAX=b7711918, ECX=bf840744, EDX=00000000, EBX=b7711000, ESP=bf840708, EBP=00000000, ESI=00000002, EDI=08048310
-1	25715	ld-linux.so.2       	b76fb7e0	                                        	55                                                	push ebp                                          		EAX=b7711918, ECX=bf840744, EDX=00000000, EBX=b7711000, ESP=bf840704, EBP=00000000, ESI=00000002, EDI=08048310
-1	25715	ld-linux.so.2       	b76fb7e1	                                        	57                                                	push edi                                          		EAX=b7711918, ECX=bf840744, EDX=00000000, EBX=b7711000, ESP=bf840700, EBP=00000000, ESI=00000002, EDI=08048310
-1	25715	ld-linux.so.2       	b76fb7e2	                                        	89 c7                                             	mov edi, eax                                      		EAX=b7711918, ECX=bf840744, EDX=00000000, EBX=b7711000, ESP=bf8406fc, EBP=00000000, ESI=00000002, EDI=08048310
-1	25715	ld-linux.so.2       	b76fb7e4	                                        	56                                                	push esi                                          		EAX=b7711918, ECX=bf840744, EDX=00000000, EBX=b7711000, ESP=bf8406fc, EBP=00000000, ESI=00000002, EDI=b7711918
-1	25715	ld-linux.so.2       	b76fb7e5	                                        	53                                                	push ebx                                          		EAX=b7711918, ECX=bf840744, EDX=00000000, EBX=b7711000, ESP=bf8406f8, EBP=00000000, ESI=00000002, EDI=b7711918
-1	25715	ld-linux.so.2       	b76fb7e6	                                        	e8 02 b1 00 00                                    	call 0xb77068ed                                   		EAX=b7711918, ECX=bf840744, EDX=00000000, EBX=b7711000, ESP=bf8406f4, EBP=00000000, ESI=00000002, EDI=b7711918
-1	25715	ld-linux.so.2       	b77068ed	                                        	8b 34 24                                          	mov esi, dword ptr [esp]                          		EAX=b7711918, ECX=bf840744, EDX=00000000, EBX=b7711000, ESP=bf8406f0, EBP=00000000, ESI=00000002, EDI=b7711918
-1	25715	ld-linux.so.2       	b77068f0	                                        	c3                                                	ret                                               		EAX=b7711918, ECX=bf840744, EDX=00000000, EBX=b7711000, ESP=bf8406f0, EBP=00000000, ESI=b76fb7eb, EDI=b7711918
-1	25715	ld-linux.so.2       	b76fb7eb	                                        	81 c6 15 58 01 00                                 	add esi, 0x15815                                  		EAX=b7711918, ECX=bf840744, EDX=00000000, EBX=b7711000, ESP=bf8406f4, EBP=00000000, ESI=b76fb7eb, EDI=b7711918
-1	25715	ld-linux.so.2       	b76fb7f1	                                        	83 ec 2c                                          	sub esp, 0x2c                                     		EAX=b7711918, ECX=bf840744, EDX=00000000, EBX=b7711000, ESP=bf8406f4, EBP=00000000, ESI=b7711000, EDI=b7711918
-1	25715	ld-linux.so.2       	b76fb7f4	                                        	8b 4f 7c                                          	mov ecx, dword ptr [edi+0x7c]                     		EAX=b7711918, ECX=bf840744, EDX=00000000, EBX=b7711000, ESP=bf8406c8, EBP=00000000, ESI=b7711000, EDI=b7711918
-1	25715	ld-linux.so.2       	b76fb7f7	                                        	8b 40 34                                          	mov eax, dword ptr [eax+0x34]                     		EAX=b7711918, ECX=08049f94, EDX=00000000, EBX=b7711000, ESP=bf8406c8, EBP=00000000, ESI=b7711000, EDI=b7711918
-1	25715	ld-linux.so.2       	b76fb7fa	                                        	89 74 24 08                                       	mov dword ptr [esp+0x8], esi                      		EAX=08049f54, ECX=08049f94, EDX=00000000, EBX=b7711000, ESP=bf8406c8, EBP=00000000, ESI=b7711000, EDI=b7711918
-1	25715	ld-linux.so.2       	b76fb7fe	                                        	03 51 04                                          	add edx, dword ptr [ecx+0x4]                      		EAX=08049f54, ECX=08049f94, EDX=00000000, EBX=b7711000, ESP=bf8406c8, EBP=00000000, ESI=b7711000, EDI=b7711918
-1	25715	ld-linux.so.2       	b76fb801	                                        	8b 40 04                                          	mov eax, dword ptr [eax+0x4]                      		EAX=08049f54, ECX=08049f94, EDX=08048298, EBX=b7711000, ESP=bf8406c8, EBP=00000000, ESI=b7711000, EDI=b7711918
-1	25715	ld-linux.so.2       	b76fb804	                                        	8b 4f 38                                          	mov ecx, dword ptr [edi+0x38]                     		EAX=0804821c, ECX=08049f94, EDX=08048298, EBX=b7711000, ESP=bf8406c8, EBP=00000000, ESI=b7711000, EDI=b7711918
-1	25715	ld-linux.so.2       	b76fb807	                                        	89 44 24 0c                                       	mov dword ptr [esp+0xc], eax                      		EAX=0804821c, ECX=08049f5c, EDX=08048298, EBX=b7711000, ESP=bf8406c8, EBP=00000000, ESI=b7711000, EDI=b7711918
-1	25715	ld-linux.so.2       	b76fb80b	                                        	89 d5                                             	mov ebp, edx                                      		EAX=0804821c, ECX=08049f5c, EDX=08048298, EBX=b7711000, ESP=bf8406c8, EBP=00000000, ESI=b7711000, EDI=b7711918
-1	25715	ld-linux.so.2       	b76fb80d	                                        	8b 52 04                                          	mov edx, dword ptr [edx+0x4]                      		EAX=0804821c, ECX=08049f5c, EDX=08048298, EBX=b7711000, ESP=bf8406c8, EBP=08048298, ESI=b7711000, EDI=b7711918
-1	25715	ld-linux.so.2       	b76fb810	                                        	8b 45 00                                          	mov eax, dword ptr [ebp]                          		EAX=0804821c, ECX=08049f5c, EDX=00000207, EBX=b7711000, ESP=bf8406c8, EBP=08048298, ESI=b7711000, EDI=b7711918
-1	25715	ld-linux.so.2       	b76fb813	                                        	89 d6                                             	mov esi, edx                                      		EAX=0804a00c, ECX=08049f5c, EDX=00000207, EBX=b7711000, ESP=bf8406c8, EBP=08048298, ESI=b7711000, EDI=b7711918
-1	25715	ld-linux.so.2       	b76fb815	                                        	c1 ee 08                                          	shr esi, 0x8                                      		EAX=0804a00c, ECX=08049f5c, EDX=00000207, EBX=b7711000, ESP=bf8406c8, EBP=08048298, ESI=00000207, EDI=b7711918
-1	25715	ld-linux.so.2       	b76fb818	                                        	89 f3                                             	mov ebx, esi                                      		EAX=0804a00c, ECX=08049f5c, EDX=00000207, EBX=b7711000, ESP=bf8406c8, EBP=08048298, ESI=00000002, EDI=b7711918
-1	25715	ld-linux.so.2       	b76fb81a	                                        	c1 e3 04                                          	shl ebx, 0x4                                      		EAX=0804a00c, ECX=08049f5c, EDX=00000207, EBX=00000002, ESP=bf8406c8, EBP=08048298, ESI=00000002, EDI=b7711918
-1	25715	ld-linux.so.2       	b76fb81d	                                        	03 59 04                                          	add ebx, dword ptr [ecx+0x4]                      		EAX=0804a00c, ECX=08049f5c, EDX=00000207, EBX=00000020, ESP=bf8406c8, EBP=08048298, ESI=00000002, EDI=b7711918
-1	25715	ld-linux.so.2       	b76fb820	                                        	8b 0f                                             	mov ecx, dword ptr [edi]                          		EAX=0804a00c, ECX=08049f5c, EDX=00000207, EBX=080481ec, ESP=bf8406c8, EBP=08048298, ESI=00000002, EDI=b7711918
-1	25715	ld-linux.so.2       	b76fb822	                                        	01 c8                                             	add eax, ecx                                      		EAX=0804a00c, ECX=00000000, EDX=00000207, EBX=080481ec, ESP=bf8406c8, EBP=08048298, ESI=00000002, EDI=b7711918
-1	25715	ld-linux.so.2       	b76fb824	                                        	80 fa 07                                          	cmp dl, 0x7                                       		EAX=0804a00c, ECX=00000000, EDX=00000207, EBX=080481ec, ESP=bf8406c8, EBP=08048298, ESI=00000002, EDI=b7711918
-1	25715	ld-linux.so.2       	b76fb827	                                        	89 5c 24 1c                                       	mov dword ptr [esp+0x1c], ebx                     		EAX=0804a00c, ECX=00000000, EDX=00000207, EBX=080481ec, ESP=bf8406c8, EBP=08048298, ESI=00000002, EDI=b7711918
-1	25715	ld-linux.so.2       	b76fb82b	                                        	0f 85 3e 01 00 00                                 	jnz 0xb76fb96f                                    		EAX=0804a00c, ECX=00000000, EDX=00000207, EBX=080481ec, ESP=bf8406c8, EBP=08048298, ESI=00000002, EDI=b7711918
-1	25715	ld-linux.so.2       	b76fb831	                                        	f6 43 0d 03                                       	test byte ptr [ebx+0xd], 0x3                      		EAX=0804a00c, ECX=00000000, EDX=00000207, EBX=080481ec, ESP=bf8406c8, EBP=08048298, ESI=00000002, EDI=b7711918
-1	25715	ld-linux.so.2       	b76fb835	                                        	89 c5                                             	mov ebp, eax                                      		EAX=0804a00c, ECX=00000000, EDX=00000207, EBX=080481ec, ESP=bf8406c8, EBP=08048298, ESI=00000002, EDI=b7711918
-1	25715	ld-linux.so.2       	b76fb837	                                        	0f 85 d3 00 00 00                                 	jnz 0xb76fb910                                    		EAX=0804a00c, ECX=00000000, EDX=00000207, EBX=080481ec, ESP=bf8406c8, EBP=0804a00c, ESI=00000002, EDI=b7711918
-1	25715	ld-linux.so.2       	b76fb83d	                                        	8b 97 e4 00 00 00                                 	mov edx, dword ptr [edi+0xe4]                     		EAX=0804a00c, ECX=00000000, EDX=00000207, EBX=080481ec, ESP=bf8406c8, EBP=0804a00c, ESI=00000002, EDI=b7711918
-1	25715	ld-linux.so.2       	b76fb843	                                        	85 d2                                             	test edx, edx                                     		EAX=0804a00c, ECX=00000000, EDX=08049fc4, EBX=080481ec, ESP=bf8406c8, EBP=0804a00c, ESI=00000002, EDI=b7711918
-1	25715	ld-linux.so.2       	b76fb845	                                        	0f 84 a5 00 00 00                                 	jz 0xb76fb8f0                                     		EAX=0804a00c, ECX=00000000, EDX=08049fc4, EBX=080481ec, ESP=bf8406c8, EBP=0804a00c, ESI=00000002, EDI=b7711918
-1	25715	ld-linux.so.2       	b76fb84b	                                        	8b 52 04                                          	mov edx, dword ptr [edx+0x4]                      		EAX=0804a00c, ECX=00000000, EDX=08049fc4, EBX=080481ec, ESP=bf8406c8, EBP=0804a00c, ESI=00000002, EDI=b7711918
-1	25715	ld-linux.so.2       	b76fb84e	                                        	0f b7 14 72                                       	movzx edx, word ptr [edx+esi*2]                   		EAX=0804a00c, ECX=00000000, EDX=08048266, EBX=080481ec, ESP=bf8406c8, EBP=0804a00c, ESI=00000002, EDI=b7711918
-1	25715	ld-linux.so.2       	b76fb852	                                        	81 e2 ff 7f 00 00                                 	and edx, 0x7fff                                   		EAX=0804a00c, ECX=00000000, EDX=00000002, EBX=080481ec, ESP=bf8406c8, EBP=0804a00c, ESI=00000002, EDI=b7711918
-1	25715	ld-linux.so.2       	b76fb858	                                        	c1 e2 04                                          	shl edx, 0x4                                      		EAX=0804a00c, ECX=00000000, EDX=00000002, EBX=080481ec, ESP=bf8406c8, EBP=0804a00c, ESI=00000002, EDI=b7711918
-1	25715	ld-linux.so.2       	b76fb85b	                                        	03 97 70 01 00 00                                 	add edx, dword ptr [edi+0x170]                    		EAX=0804a00c, ECX=00000000, EDX=00000020, EBX=080481ec, ESP=bf8406c8, EBP=0804a00c, ESI=00000002, EDI=b7711918
-1	25715	ld-linux.so.2       	b76fb861	                                        	8b 4a 04                                          	mov ecx, dword ptr [edx+0x4]                      		EAX=0804a00c, ECX=00000000, EDX=b50234a0, EBX=080481ec, ESP=bf8406c8, EBP=0804a00c, ESI=00000002, EDI=b7711918
-1	25715	ld-linux.so.2       	b76fb864	                                        	85 c9                                             	test ecx, ecx                                     		EAX=0804a00c, ECX=0d696910, EDX=b50234a0, EBX=080481ec, ESP=bf8406c8, EBP=0804a00c, ESI=00000002, EDI=b7711918
-1	25715	ld-linux.so.2       	b76fb866	                                        	b9 00 00 00 00                                    	mov ecx, 0x0                                      		EAX=0804a00c, ECX=0d696910, EDX=b50234a0, EBX=080481ec, ESP=bf8406c8, EBP=0804a00c, ESI=00000002, EDI=b7711918
-1	25715	ld-linux.so.2       	b76fb86b	                                        	0f 44 d1                                          	cmovz edx, ecx                                    		EAX=0804a00c, ECX=00000000, EDX=b50234a0, EBX=080481ec, ESP=bf8406c8, EBP=0804a00c, ESI=00000002, EDI=b7711918
-1	25715	ld-linux.so.2       	b76fb86e	                                        	65 8b 0d 0c 00 00 00                              	mov ecx, dword ptr gs:[0xc]                       		EAX=0804a00c, ECX=00000000, EDX=b50234a0, EBX=080481ec, ESP=bf8406c8, EBP=0804a00c, ESI=00000002, EDI=b7711918
-1	25715	ld-linux.so.2       	b76fb875	                                        	85 c9                                             	test ecx, ecx                                     		EAX=0804a00c, ECX=00000000, EDX=b50234a0, EBX=080481ec, ESP=bf8406c8, EBP=0804a00c, ESI=00000002, EDI=b7711918
-1	25715	ld-linux.so.2       	b76fb877	                                        	be 01 00 00 00                                    	mov esi, 0x1                                      		EAX=0804a00c, ECX=00000000, EDX=b50234a0, EBX=080481ec, ESP=bf8406c8, EBP=0804a00c, ESI=00000002, EDI=b7711918
-1	25715	ld-linux.so.2       	b76fb87c	                                        	0f 85 ce 00 00 00                                 	jnz 0xb76fb950                                    		EAX=0804a00c, ECX=00000000, EDX=b50234a0, EBX=080481ec, ESP=bf8406c8, EBP=0804a00c, ESI=00000001, EDI=b7711918
-1	25715	ld-linux.so.2       	b76fb882	                                        	8b 44 24 0c                                       	mov eax, dword ptr [esp+0xc]                      		EAX=0804a00c, ECX=00000000, EDX=b50234a0, EBX=080481ec, ESP=bf8406c8, EBP=0804a00c, ESI=00000001, EDI=b7711918
-1	25715	ld-linux.so.2       	b76fb886	                                        	03 03                                             	add eax, dword ptr [ebx]                          		EAX=0804821c, ECX=00000000, EDX=b50234a0, EBX=080481ec, ESP=bf8406c8, EBP=0804a00c, ESI=00000001, EDI=b7711918
-1	25715	ld-linux.so.2       	b76fb888	                                        	8d 4c 24 1c                                       	lea ecx, ptr [esp+0x1c]                           		EAX=0804823b, ECX=00000000, EDX=b50234a0, EBX=080481ec, ESP=bf8406c8, EBP=0804a00c, ESI=00000001, EDI=b7711918
-1	25715	ld-linux.so.2       	b76fb88c	                                        	83 ec 0c                                          	sub esp, 0xc                                      		EAX=0804823b, ECX=bf8406e4, EDX=b50234a0, EBX=080481ec, ESP=bf8406c8, EBP=0804a00c, ESI=00000001, EDI=b7711918
-1	25715	ld-linux.so.2       	b76fb88f	                                        	6a 00                                             	push 0x0                                          		EAX=0804823b, ECX=bf8406e4, EDX=b50234a0, EBX=080481ec, ESP=bf8406bc, EBP=0804a00c, ESI=00000001, EDI=b7711918
-1	25715	ld-linux.so.2       	b76fb891	                                        	56                                                	push esi                                          		EAX=0804823b, ECX=bf8406e4, EDX=b50234a0, EBX=080481ec, ESP=bf8406b8, EBP=0804a00c, ESI=00000001, EDI=b7711918
-1	25715	ld-linux.so.2       	b76fb892	                                        	6a 01                                             	push 0x1                                          		EAX=0804823b, ECX=bf8406e4, EDX=b50234a0, EBX=080481ec, ESP=bf8406b4, EBP=0804a00c, ESI=00000001, EDI=b7711918
-1	25715	ld-linux.so.2       	b76fb894	                                        	52                                                	push edx                                          		EAX=0804823b, ECX=bf8406e4, EDX=b50234a0, EBX=080481ec, ESP=bf8406b0, EBP=0804a00c, ESI=00000001, EDI=b7711918
-1	25715	ld-linux.so.2       	b76fb895	                                        	89 fa                                             	mov edx, edi                                      		EAX=0804823b, ECX=bf8406e4, EDX=b50234a0, EBX=080481ec, ESP=bf8406ac, EBP=0804a00c, ESI=00000001, EDI=b7711918
-1	25715	ld-linux.so.2       	b76fb897	                                        	ff b7 cc 01 00 00                                 	push dword ptr [edi+0x1cc]                        		EAX=0804823b, ECX=bf8406e4, EDX=b7711918, EBX=080481ec, ESP=bf8406ac, EBP=0804a00c, ESI=00000001, EDI=b7711918
-1	25715	ld-linux.so.2       	b76fb89d	                                        	e8 be b1 ff ff                                    	call 0xb76f6a60                                   		EAX=0804823b, ECX=bf8406e4, EDX=b7711918, EBX=080481ec, ESP=bf8406a8, EBP=0804a00c, ESI=00000001, EDI=b7711918
-1	25715	ld-linux.so.2       	b76fb8a2	                                        	89 c7                                             	mov edi, eax                                      		EAX=b50231b0, ECX=b4de12ef, EDX=b4ddadc8, EBX=080481ec, ESP=bf8406bc, EBP=0804a00c, ESI=00000001, EDI=b7711918
-1	25715	ld-linux.so.2       	b76fb8a4	                                        	65 a1 0c 00 00 00                                 	mov eax, dword ptr gs:[0xc]                       		EAX=b50231b0, ECX=b4de12ef, EDX=b4ddadc8, EBX=080481ec, ESP=bf8406bc, EBP=0804a00c, ESI=00000001, EDI=b50231b0
-1	25715	ld-linux.so.2       	b76fb8aa	                                        	83 c4 0c                                          	add esp, 0xc                                      		EAX=00000000, ECX=b4de12ef, EDX=b4ddadc8, EBX=080481ec, ESP=bf8406bc, EBP=0804a00c, ESI=00000001, EDI=b50231b0
-1	25715	ld-linux.so.2       	b76fb8ad	                                        	85 c0                                             	test eax, eax                                     		EAX=00000000, ECX=b4de12ef, EDX=b4ddadc8, EBX=080481ec, ESP=bf8406c8, EBP=0804a00c, ESI=00000001, EDI=b50231b0
-1	25715	ld-linux.so.2       	b76fb8af	                                        	75 67                                             	jnz 0xb76fb918                                    		EAX=00000000, ECX=b4de12ef, EDX=b4ddadc8, EBX=080481ec, ESP=bf8406c8, EBP=0804a00c, ESI=00000001, EDI=b50231b0
-1	25715	ld-linux.so.2       	b76fb8b1	                                        	8b 5c 24 1c                                       	mov ebx, dword ptr [esp+0x1c]                     		EAX=00000000, ECX=b4de12ef, EDX=b4ddadc8, EBX=080481ec, ESP=bf8406c8, EBP=0804a00c, ESI=00000001, EDI=b50231b0
-1	25715	ld-linux.so.2       	b76fb8b5	                                        	85 db                                             	test ebx, ebx                                     		EAX=00000000, ECX=b4de12ef, EDX=b4ddadc8, EBX=b4ddadc8, ESP=bf8406c8, EBP=0804a00c, ESI=00000001, EDI=b50231b0
-1	25715	ld-linux.so.2       	b76fb8b7	                                        	74 47                                             	jz 0xb76fb900                                     		EAX=00000000, ECX=b4de12ef, EDX=b4ddadc8, EBX=b4ddadc8, ESP=bf8406c8, EBP=0804a00c, ESI=00000001, EDI=b50231b0
-1	25715	ld-linux.so.2       	b76fb8b9	                                        	85 ff                                             	test edi, edi                                     		EAX=00000000, ECX=b4de12ef, EDX=b4ddadc8, EBX=b4ddadc8, ESP=bf8406c8, EBP=0804a00c, ESI=00000001, EDI=b50231b0
-1	25715	ld-linux.so.2       	b76fb8bb	                                        	74 4b                                             	jz 0xb76fb908                                     		EAX=00000000, ECX=b4de12ef, EDX=b4ddadc8, EBX=b4ddadc8, ESP=bf8406c8, EBP=0804a00c, ESI=00000001, EDI=b50231b0
-1	25715	ld-linux.so.2       	b76fb8bd	                                        	8b 07                                             	mov eax, dword ptr [edi]                          		EAX=00000000, ECX=b4de12ef, EDX=b4ddadc8, EBX=b4ddadc8, ESP=bf8406c8, EBP=0804a00c, ESI=00000001, EDI=b50231b0
-1	25715	ld-linux.so.2       	b76fb8bf	                                        	0f b6 53 0c                                       	movzx edx, byte ptr [ebx+0xc]                     		EAX=b4dce000, ECX=b4de12ef, EDX=b4ddadc8, EBX=b4ddadc8, ESP=bf8406c8, EBP=0804a00c, ESI=00000001, EDI=b50231b0
-1	25715	ld-linux.so.2       	b76fb8c3	                                        	03 43 04                                          	add eax, dword ptr [ebx+0x4]                      		EAX=b4dce000, ECX=b4de12ef, EDX=00000012, EBX=b4ddadc8, ESP=bf8406c8, EBP=0804a00c, ESI=00000001, EDI=b50231b0
-1	25715	ld-linux.so.2       	b76fb8c6	                                        	83 e2 0f                                          	and edx, 0xf                                      		EAX=b4de6550, ECX=b4de12ef, EDX=00000012, EBX=b4ddadc8, ESP=bf8406c8, EBP=0804a00c, ESI=00000001, EDI=b50231b0
-1	25715	ld-linux.so.2       	b76fb8c9	                                        	80 fa 0a                                          	cmp dl, 0xa                                       		EAX=b4de6550, ECX=b4de12ef, EDX=00000002, EBX=b4ddadc8, ESP=bf8406c8, EBP=0804a00c, ESI=00000001, EDI=b50231b0
-1	25715	ld-linux.so.2       	b76fb8cc	                                        	0f 84 96 00 00 00                                 	jz 0xb76fb968                                     		EAX=b4de6550, ECX=b4de12ef, EDX=00000002, EBX=b4ddadc8, ESP=bf8406c8, EBP=0804a00c, ESI=00000001, EDI=b50231b0
-1	25715	ld-linux.so.2       	b76fb8d2	                                        	8b 74 24 08                                       	mov esi, dword ptr [esp+0x8]                      		EAX=b4de6550, ECX=b4de12ef, EDX=00000002, EBX=b4ddadc8, ESP=bf8406c8, EBP=0804a00c, ESI=00000001, EDI=b50231b0
-1	25715	ld-linux.so.2       	b76fb8d6	                                        	8b 96 30 fd ff ff                                 	mov edx, dword ptr [esi-0x2d0]                    		EAX=b4de6550, ECX=b4de12ef, EDX=00000002, EBX=b4ddadc8, ESP=bf8406c8, EBP=0804a00c, ESI=b7711000, EDI=b50231b0
-1	25715	ld-linux.so.2       	b76fb8dc	                                        	85 d2                                             	test edx, edx                                     		EAX=b4de6550, ECX=b4de12ef, EDX=00000000, EBX=b4ddadc8, ESP=bf8406c8, EBP=0804a00c, ESI=b7711000, EDI=b50231b0
-1	25715	ld-linux.so.2       	b76fb8de	                                        	75 03                                             	jnz 0xb76fb8e3                                    		EAX=b4de6550, ECX=b4de12ef, EDX=00000000, EBX=b4ddadc8, ESP=bf8406c8, EBP=0804a00c, ESI=b7711000, EDI=b50231b0
-1	25715	ld-linux.so.2       	b76fb8e0	                                        	89 45 00                                          	mov dword ptr [ebp], eax                          		EAX=b4de6550, ECX=b4de12ef, EDX=00000000, EBX=b4ddadc8, ESP=bf8406c8, EBP=0804a00c, ESI=b7711000, EDI=b50231b0
-1	25715	ld-linux.so.2       	b76fb8e3	                                        	83 c4 2c                                          	add esp, 0x2c                                     		EAX=b4de6550, ECX=b4de12ef, EDX=00000000, EBX=b4ddadc8, ESP=bf8406c8, EBP=0804a00c, ESI=b7711000, EDI=b50231b0
-1	25715	ld-linux.so.2       	b76fb8e6	                                        	5b                                                	pop ebx                                           		EAX=b4de6550, ECX=b4de12ef, EDX=00000000, EBX=b4ddadc8, ESP=bf8406f4, EBP=0804a00c, ESI=b7711000, EDI=b50231b0
-1	25715	ld-linux.so.2       	b76fb8e7	                                        	5e                                                	pop esi                                           		EAX=b4de6550, ECX=b4de12ef, EDX=00000000, EBX=b7711000, ESP=bf8406f8, EBP=0804a00c, ESI=b7711000, EDI=b50231b0
-1	25715	ld-linux.so.2       	b76fb8e8	                                        	5f                                                	pop edi                                           		EAX=b4de6550, ECX=b4de12ef, EDX=00000000, EBX=b7711000, ESP=bf8406fc, EBP=0804a00c, ESI=00000002, EDI=b50231b0
-1	25715	ld-linux.so.2       	b76fb8e9	                                        	5d                                                	pop ebp                                           		EAX=b4de6550, ECX=b4de12ef, EDX=00000000, EBX=b7711000, ESP=bf840700, EBP=0804a00c, ESI=00000002, EDI=08048310
-1	25715	ld-linux.so.2       	b76fb8ea	                                        	c3                                                	ret                                               		EAX=b4de6550, ECX=b4de12ef, EDX=00000000, EBX=b7711000, ESP=bf840704, EBP=00000000, ESI=00000002, EDI=08048310
-1	25715	ld-linux.so.2       	b7702010	                                        	5a                                                	pop edx                                           		EAX=b4de6550, ECX=b4de12ef, EDX=00000000, EBX=b7711000, ESP=bf840708, EBP=00000000, ESI=00000002, EDI=08048310
-1	25715	ld-linux.so.2       	b7702011	                                        	8b 0c 24                                          	mov ecx, dword ptr [esp]                          		EAX=b4de6550, ECX=b4de12ef, EDX=b76fc880, EBX=b7711000, ESP=bf84070c, EBP=00000000, ESI=00000002, EDI=08048310
-1	25715	ld-linux.so.2       	b7702014	                                        	89 04 24                                          	mov dword ptr [esp], eax                          		EAX=b4de6550, ECX=bf840744, EDX=b76fc880, EBX=b7711000, ESP=bf84070c, EBP=00000000, ESI=00000002, EDI=08048310
-1	25715	ld-linux.so.2       	b7702017	                                        	8b 44 24 04                                       	mov eax, dword ptr [esp+0x4]                      		EAX=b4de6550, ECX=bf840744, EDX=b76fc880, EBX=b7711000, ESP=bf84070c, EBP=00000000, ESI=00000002, EDI=08048310
-1	25715	ld-linux.so.2       	b770201b	                                        	c2 0c 00                                          	ret 0xc                                           		EAX=b7711918, ECX=bf840744, EDX=b76fc880, EBX=b7711000, ESP=bf84070c, EBP=00000000, ESI=00000002, EDI=08048310
-1	25715	libc.so.6           	b4de6550	                                        	e8 24 77 10 00                                    	call 0xb4eedc79                                   		EAX=b7711918, ECX=bf840744, EDX=b76fc880, EBX=b7711000, ESP=bf84071c, EBP=00000000, ESI=00000002, EDI=08048310
-1	25715	libc.so.6           	b4eedc79	__libc_start_main                       	8b 04 24                                          	mov eax, dword ptr [esp]                          		EAX=b7711918, ECX=bf840744, EDX=b76fc880, EBX=b7711000, ESP=bf840718, EBP=00000000, ESI=00000002, EDI=08048310
-1	25715	libc.so.6           	b4eedc7c	                                        	c3                                                	ret                                               		EAX=b4de6555, ECX=bf840744, EDX=b76fc880, EBX=b7711000, ESP=bf840718, EBP=00000000, ESI=00000002, EDI=08048310
-1	25715	libc.so.6           	b4de6555	                                        	05 ab aa 19 00                                    	add eax, 0x19aaab                                 		EAX=b4de6555, ECX=bf840744, EDX=b76fc880, EBX=b7711000, ESP=bf84071c, EBP=00000000, ESI=00000002, EDI=08048310
-1	25715	libc.so.6           	b4de655a	                                        	55                                                	push ebp                                          		EAX=b4f81000, ECX=bf840744, EDX=b76fc880, EBX=b7711000, ESP=bf84071c, EBP=00000000, ESI=00000002, EDI=08048310
-1	25715	libc.so.6           	b4de655b	                                        	57                                                	push edi                                          		EAX=b4f81000, ECX=bf840744, EDX=b76fc880, EBX=b7711000, ESP=bf840718, EBP=00000000, ESI=00000002, EDI=08048310
-1	25715	libc.so.6           	b4de655c	                                        	56                                                	push esi                                          		EAX=b4f81000, ECX=bf840744, EDX=b76fc880, EBX=b7711000, ESP=bf840714, EBP=00000000, ESI=00000002, EDI=08048310
-1	25715	libc.so.6           	b4de655d	                                        	53                                                	push ebx                                          		EAX=b4f81000, ECX=bf840744, EDX=b76fc880, EBX=b7711000, ESP=bf840710, EBP=00000000, ESI=00000002, EDI=08048310
-1	25715	libc.so.6           	b4de655e	                                        	89 c7                                             	mov edi, eax                                      		EAX=b4f81000, ECX=bf840744, EDX=b76fc880, EBX=b7711000, ESP=bf84070c, EBP=00000000, ESI=00000002, EDI=08048310
-1	25715	libc.so.6           	b4de6560	                                        	83 ec 4c                                          	sub esp, 0x4c                                     		EAX=b4f81000, ECX=bf840744, EDX=b76fc880, EBX=b7711000, ESP=bf84070c, EBP=00000000, ESI=00000002, EDI=b4f81000
-1	25715	libc.so.6           	b4de6563	                                        	8b 97 94 ff ff ff                                 	mov edx, dword ptr [edi-0x6c]                     		EAX=b4f81000, ECX=bf840744, EDX=b76fc880, EBX=b7711000, ESP=bf8406c0, EBP=00000000, ESI=00000002, EDI=b4f81000
-1	25715	libc.so.6           	b4de6569	                                        	89 44 24 08                                       	mov dword ptr [esp+0x8], eax                      		EAX=b4f81000, ECX=bf840744, EDX=00000000, EBX=b7711000, ESP=bf8406c0, EBP=00000000, ESI=00000002, EDI=b4f81000
-1	25715	libc.so.6           	b4de656d	                                        	8b 44 24 74                                       	mov eax, dword ptr [esp+0x74]                     		EAX=b4f81000, ECX=bf840744, EDX=00000000, EBX=b7711000, ESP=bf8406c0, EBP=00000000, ESI=00000002, EDI=b4f81000
-1	25715	libc.so.6           	b4de6571	                                        	85 d2                                             	test edx, edx                                     		EAX=b76fc880, ECX=bf840744, EDX=00000000, EBX=b7711000, ESP=bf8406c0, EBP=00000000, ESI=00000002, EDI=b4f81000
-1	25715	libc.so.6           	b4de6573	                                        	0f 84 da 00 00 00                                 	jz 0xb4de6653                                     		EAX=b76fc880, ECX=bf840744, EDX=00000000, EBX=b7711000, ESP=bf8406c0, EBP=00000000, ESI=00000002, EDI=b4f81000
-1	25715	libc.so.6           	b4de6653	                                        	31 c9                                             	xor ecx, ecx                                      		EAX=b76fc880, ECX=bf840744, EDX=00000000, EBX=b7711000, ESP=bf8406c0, EBP=00000000, ESI=00000002, EDI=b4f81000
-1	25715	libc.so.6           	b4de6655	                                        	e9 28 ff ff ff                                    	jmp 0xb4de6582                                    		EAX=b76fc880, ECX=00000000, EDX=00000000, EBX=b7711000, ESP=bf8406c0, EBP=00000000, ESI=00000002, EDI=b4f81000
-1	25715	libc.so.6           	b4de6582	                                        	8b 74 24 08                                       	mov esi, dword ptr [esp+0x8]                      		EAX=b76fc880, ECX=00000000, EDX=00000000, EBX=b7711000, ESP=bf8406c0, EBP=00000000, ESI=00000002, EDI=b4f81000
-1	25715	libc.so.6           	b4de6586	                                        	85 c0                                             	test eax, eax                                     		EAX=b76fc880, ECX=00000000, EDX=00000000, EBX=b7711000, ESP=bf8406c0, EBP=00000000, ESI=b4f81000, EDI=b4f81000
-1	25715	libc.so.6           	b4de6588	                                        	8d 96 40 00 00 00                                 	lea edx, ptr [esi+0x40]                           		EAX=b76fc880, ECX=00000000, EDX=00000000, EBX=b7711000, ESP=bf8406c0, EBP=00000000, ESI=b4f81000, EDI=b4f81000
-1	25715	libc.so.6           	b4de658e	                                        	89 0a                                             	mov dword ptr [edx], ecx                          		EAX=b76fc880, ECX=00000000, EDX=b4f81040, EBX=b7711000, ESP=bf8406c0, EBP=00000000, ESI=b4f81000, EDI=b4f81000
-1	25715	libc.so.6           	b4de6590	                                        	74 10                                             	jz 0xb4de65a2                                     		EAX=b76fc880, ECX=00000000, EDX=b4f81040, EBX=b7711000, ESP=bf8406c0, EBP=00000000, ESI=b4f81000, EDI=b4f81000
-1	25715	libc.so.6           	b4de6592	                                        	83 ec 04                                          	sub esp, 0x4                                      		EAX=b76fc880, ECX=00000000, EDX=b4f81040, EBX=b7711000, ESP=bf8406c0, EBP=00000000, ESI=b4f81000, EDI=b4f81000
-1	25715	libc.so.6           	b4de6595	                                        	6a 00                                             	push 0x0                                          		EAX=b76fc880, ECX=00000000, EDX=b4f81040, EBX=b7711000, ESP=bf8406bc, EBP=00000000, ESI=b4f81000, EDI=b4f81000
-1	25715	libc.so.6           	b4de6597	                                        	6a 00                                             	push 0x0                                          		EAX=b76fc880, ECX=00000000, EDX=b4f81040, EBX=b7711000, ESP=bf8406b8, EBP=00000000, ESI=b4f81000, EDI=b4f81000
-1	25715	libc.so.6           	b4de6599	                                        	50                                                	push eax                                          		EAX=b76fc880, ECX=00000000, EDX=b4f81040, EBX=b7711000, ESP=bf8406b4, EBP=00000000, ESI=b4f81000, EDI=b4f81000
-1	25715	libc.so.6           	b4de659a	                                        	e8 61 66 01 00                                    	call 0xb4dfcc00                                   		EAX=b76fc880, ECX=00000000, EDX=b4f81040, EBX=b7711000, ESP=bf8406b0, EBP=00000000, ESI=b4f81000, EDI=b4f81000
-1	25715	libc.so.6           	b4dfcc00	                                        	53                                                	push ebx                                          		EAX=b76fc880, ECX=00000000, EDX=b4f81040, EBX=b7711000, ESP=bf8406ac, EBP=00000000, ESI=b4f81000, EDI=b4f81000
-1	25715	libc.so.6           	b4dfcc01	                                        	e8 6f 10 0f 00                                    	call 0xb4eedc75                                   		EAX=b76fc880, ECX=00000000, EDX=b4f81040, EBX=b7711000, ESP=bf8406a8, EBP=00000000, ESI=b4f81000, EDI=b4f81000
-1	25715	libc.so.6           	b4eedc75	__cxa_atexit                            	8b 1c 24                                          	mov ebx, dword ptr [esp]                          		EAX=b76fc880, ECX=00000000, EDX=b4f81040, EBX=b7711000, ESP=bf8406a4, EBP=00000000, ESI=b4f81000, EDI=b4f81000
-1	25715	libc.so.6           	b4eedc78	                                        	c3                                                	ret                                               		EAX=b76fc880, ECX=00000000, EDX=b4f81040, EBX=b4dfcc06, ESP=bf8406a4, EBP=00000000, ESI=b4f81000, EDI=b4f81000
-1	25715	libc.so.6           	b4dfcc06	                                        	81 c3 fa 43 18 00                                 	add ebx, 0x1843fa                                 		EAX=b76fc880, ECX=00000000, EDX=b4f81040, EBX=b4dfcc06, ESP=bf8406a8, EBP=00000000, ESI=b4f81000, EDI=b4f81000
-1	25715	libc.so.6           	b4dfcc0c	                                        	83 ec 14                                          	sub esp, 0x14                                     		EAX=b76fc880, ECX=00000000, EDX=b4f81040, EBX=b4f81000, ESP=bf8406a8, EBP=00000000, ESI=b4f81000, EDI=b4f81000
-1	25715	libc.so.6           	b4dfcc0f	                                        	8d 83 dc 03 00 00                                 	lea eax, ptr [ebx+0x3dc]                          		EAX=b76fc880, ECX=00000000, EDX=b4f81040, EBX=b4f81000, ESP=bf840694, EBP=00000000, ESI=b4f81000, EDI=b4f81000
-1	25715	libc.so.6           	b4dfcc15	                                        	50                                                	push eax                                          		EAX=b4f813dc, ECX=00000000, EDX=b4f81040, EBX=b4f81000, ESP=bf840694, EBP=00000000, ESI=b4f81000, EDI=b4f81000
-1	25715	libc.so.6           	b4dfcc16	                                        	e8 35 fe ff ff                                    	call 0xb4dfca50                                   		EAX=b4f813dc, ECX=00000000, EDX=b4f81040, EBX=b4f81000, ESP=bf840690, EBP=00000000, ESI=b4f81000, EDI=b4f81000
-1	25715	libc.so.6           	b4dfca50	                                        	55                                                	push ebp                                          		EAX=b4f813dc, ECX=00000000, EDX=b4f81040, EBX=b4f81000, ESP=bf84068c, EBP=00000000, ESI=b4f81000, EDI=b4f81000
-1	25715	libc.so.6           	b4dfca51	                                        	57                                                	push edi                                          		EAX=b4f813dc, ECX=00000000, EDX=b4f81040, EBX=b4f81000, ESP=bf840688, EBP=00000000, ESI=b4f81000, EDI=b4f81000
-1	25715	libc.so.6           	b4dfca52	                                        	31 c0                                             	xor eax, eax                                      		EAX=b4f813dc, ECX=00000000, EDX=b4f81040, EBX=b4f81000, ESP=bf840684, EBP=00000000, ESI=b4f81000, EDI=b4f81000
-1	25715	libc.so.6           	b4dfca54	                                        	56                                                	push esi                                          		EAX=00000000, ECX=00000000, EDX=b4f81040, EBX=b4f81000, ESP=bf840684, EBP=00000000, ESI=b4f81000, EDI=b4f81000
-1	25715	libc.so.6           	b4dfca55	                                        	53                                                	push ebx                                          		EAX=00000000, ECX=00000000, EDX=b4f81040, EBX=b4f81000, ESP=bf840680, EBP=00000000, ESI=b4f81000, EDI=b4f81000
-1	25715	libc.so.6           	b4dfca56	                                        	b9 01 00 00 00                                    	mov ecx, 0x1                                      		EAX=00000000, ECX=00000000, EDX=b4f81040, EBX=b4f81000, ESP=bf84067c, EBP=00000000, ESI=b4f81000, EDI=b4f81000
-1	25715	libc.so.6           	b4dfca5b	                                        	e8 15 12 0f 00                                    	call 0xb4eedc75                                   		EAX=00000000, ECX=00000001, EDX=b4f81040, EBX=b4f81000, ESP=bf84067c, EBP=00000000, ESI=b4f81000, EDI=b4f81000
-1	25715	libc.so.6           	b4eedc75	                                        	8b 1c 24                                          	mov ebx, dword ptr [esp]                          		EAX=00000000, ECX=00000001, EDX=b4f81040, EBX=b4f81000, ESP=bf840678, EBP=00000000, ESI=b4f81000, EDI=b4f81000
-1	25715	libc.so.6           	b4eedc78	                                        	c3                                                	ret                                               		EAX=00000000, ECX=00000001, EDX=b4f81040, EBX=b4dfca60, ESP=bf840678, EBP=00000000, ESI=b4f81000, EDI=b4f81000
-1	25715	libc.so.6           	b4dfca60	                                        	81 c3 a0 45 18 00                                 	add ebx, 0x1845a0                                 		EAX=00000000, ECX=00000001, EDX=b4f81040, EBX=b4dfca60, ESP=bf84067c, EBP=00000000, ESI=b4f81000, EDI=b4f81000
-1	25715	libc.so.6           	b4dfca66	                                        	83 ec 0c                                          	sub esp, 0xc                                      		EAX=00000000, ECX=00000001, EDX=b4f81040, EBX=b4f81000, ESP=bf84067c, EBP=00000000, ESI=b4f81000, EDI=b4f81000
-1	25715	libc.so.6           	b4dfca69	                                        	65 83 3d 0c 00 00 00 00                           	cmp dword ptr gs:[0xc], 0x0                       		EAX=00000000, ECX=00000001, EDX=b4f81040, EBX=b4f81000, ESP=bf840670, EBP=00000000, ESI=b4f81000, EDI=b4f81000
-1	25715	libc.so.6           	b4dfca71	                                        	74 01                                             	jz 0xb4dfca74                                     		EAX=00000000, ECX=00000001, EDX=b4f81040, EBX=b4f81000, ESP=bf840670, EBP=00000000, ESI=b4f81000, EDI=b4f81000
-1	25715	libc.so.6           	b4dfca74	                                        	0f b1 8b e8 13 00 00                              	cmpxchg dword ptr [ebx+0x13e8], ecx               		EAX=00000000, ECX=00000001, EDX=b4f81040, EBX=b4f81000, ESP=bf840670, EBP=00000000, ESI=b4f81000, EDI=b4f81000
-1	25715	libc.so.6           	b4dfca7b	                                        	74 0b                                             	jz 0xb4dfca88                                     		EAX=00000000, ECX=00000001, EDX=b4f81040, EBX=b4f81000, ESP=bf840670, EBP=00000000, ESI=b4f81000, EDI=b4f81000
-1	25715	libc.so.6           	b4dfca88	                                        	8b 44 24 20                                       	mov eax, dword ptr [esp+0x20]                     		EAX=00000000, ECX=00000001, EDX=b4f81040, EBX=b4f81000, ESP=bf840670, EBP=00000000, ESI=b4f81000, EDI=b4f81000
-1	25715	libc.so.6           	b4dfca8c	                                        	31 ed                                             	xor ebp, ebp                                      		EAX=b4f813dc, ECX=00000001, EDX=b4f81040, EBX=b4f81000, ESP=bf840670, EBP=00000000, ESI=b4f81000, EDI=b4f81000
-1	25715	libc.so.6           	b4dfca8e	                                        	8b 30                                             	mov esi, dword ptr [eax]                          		EAX=b4f813dc, ECX=00000001, EDX=b4f81040, EBX=b4f81000, ESP=bf840670, EBP=00000000, ESI=b4f81000, EDI=b4f81000
-1	25715	libc.so.6           	b4dfca90	                                        	85 f6                                             	test esi, esi                                     		EAX=b4f813dc, ECX=00000001, EDX=b4f81040, EBX=b4f81000, ESP=bf840670, EBP=00000000, ESI=b4f821e0, EDI=b4f81000
-1	25715	libc.so.6           	b4dfca92	                                        	89 f7                                             	mov edi, esi                                      		EAX=b4f813dc, ECX=00000001, EDX=b4f81040, EBX=b4f81000, ESP=bf840670, EBP=00000000, ESI=b4f821e0, EDI=b4f81000
-1	25715	libc.so.6           	b4dfca94	                                        	0f 84 d9 00 00 00                                 	jz 0xb4dfcb73                                     		EAX=b4f813dc, ECX=00000001, EDX=b4f81040, EBX=b4f81000, ESP=bf840670, EBP=00000000, ESI=b4f821e0, EDI=b4f821e0
-1	25715	libc.so.6           	b4dfca9a	                                        	8d b6 00 00 00 00                                 	lea esi, ptr [esi]                                		EAX=b4f813dc, ECX=00000001, EDX=b4f81040, EBX=b4f81000, ESP=bf840670, EBP=00000000, ESI=b4f821e0, EDI=b4f821e0
-1	25715	libc.so.6           	b4dfcaa0	                                        	8b 47 04                                          	mov eax, dword ptr [edi+0x4]                      		EAX=b4f813dc, ECX=00000001, EDX=b4f81040, EBX=b4f81000, ESP=bf840670, EBP=00000000, ESI=b4f821e0, EDI=b4f821e0
-1	25715	libc.so.6           	b4dfcaa3	                                        	85 c0                                             	test eax, eax                                     		EAX=00000000, ECX=00000001, EDX=b4f81040, EBX=b4f81000, ESP=bf840670, EBP=00000000, ESI=b4f821e0, EDI=b4f821e0
-1	25715	libc.so.6           	b4dfcaa5	                                        	74 2b                                             	jz 0xb4dfcad2                                     		EAX=00000000, ECX=00000001, EDX=b4f81040, EBX=b4f81000, ESP=bf840670, EBP=00000000, ESI=b4f821e0, EDI=b4f821e0
-1	25715	libc.so.6           	b4dfcad2	                                        	8b 07                                             	mov eax, dword ptr [edi]                          		EAX=00000000, ECX=00000001, EDX=b4f81040, EBX=b4f81000, ESP=bf840670, EBP=00000000, ESI=b4f821e0, EDI=b4f821e0
-1	25715	libc.so.6           	b4dfcad4	                                        	c7 47 04 00 00 00 00                              	mov dword ptr [edi+0x4], 0x0                      		EAX=00000000, ECX=00000001, EDX=b4f81040, EBX=b4f81000, ESP=bf840670, EBP=00000000, ESI=b4f821e0, EDI=b4f821e0
-1	25715	libc.so.6           	b4dfcadb	                                        	89 fd                                             	mov ebp, edi                                      		EAX=00000000, ECX=00000001, EDX=b4f81040, EBX=b4f81000, ESP=bf840670, EBP=00000000, ESI=b4f821e0, EDI=b4f821e0
-1	25715	libc.so.6           	b4dfcadd	                                        	85 c0                                             	test eax, eax                                     		EAX=00000000, ECX=00000001, EDX=b4f81040, EBX=b4f81000, ESP=bf840670, EBP=b4f821e0, ESI=b4f821e0, EDI=b4f821e0
-1	25715	libc.so.6           	b4dfcadf	                                        	0f 84 82 00 00 00                                 	jz 0xb4dfcb67                                     		EAX=00000000, ECX=00000001, EDX=b4f81040, EBX=b4f81000, ESP=bf840670, EBP=b4f821e0, ESI=b4f821e0, EDI=b4f821e0
-1	25715	libc.so.6           	b4dfcb67	                                        	8d 4f 08                                          	lea ecx, ptr [edi+0x8]                            		EAX=00000000, ECX=00000001, EDX=b4f81040, EBX=b4f81000, ESP=bf840670, EBP=b4f821e0, ESI=b4f821e0, EDI=b4f821e0
-1	25715	libc.so.6           	b4dfcb6a	                                        	c7 47 04 01 00 00 00                              	mov dword ptr [edi+0x4], 0x1                      		EAX=00000000, ECX=b4f821e8, EDX=b4f81040, EBX=b4f81000, ESP=bf840670, EBP=b4f821e0, ESI=b4f821e0, EDI=b4f821e0
-1	25715	libc.so.6           	b4dfcb71	                                        	eb 91                                             	jmp 0xb4dfcb04                                    		EAX=00000000, ECX=b4f821e8, EDX=b4f81040, EBX=b4f81000, ESP=bf840670, EBP=b4f821e0, ESI=b4f821e0, EDI=b4f821e0
-1	25715	libc.so.6           	b4dfcb04	                                        	c7 01 01 00 00 00                                 	mov dword ptr [ecx], 0x1                          		EAX=00000000, ECX=b4f821e8, EDX=b4f81040, EBX=b4f81000, ESP=bf840670, EBP=b4f821e0, ESI=b4f821e0, EDI=b4f821e0
-1	25715	libc.so.6           	b4dfcb0a	                                        	83 83 e0 36 00 00 01                              	add dword ptr [ebx+0x36e0], 0x1                   		EAX=00000000, ECX=b4f821e8, EDX=b4f81040, EBX=b4f81000, ESP=bf840670, EBP=b4f821e0, ESI=b4f821e0, EDI=b4f821e0
-1	25715	libc.so.6           	b4dfcb11	                                        	83 93 e4 36 00 00 00                              	adc dword ptr [ebx+0x36e4], 0x0                   		EAX=00000000, ECX=b4f821e8, EDX=b4f81040, EBX=b4f81000, ESP=bf840670, EBP=b4f821e0, ESI=b4f821e0, EDI=b4f821e0
-1	25715	libc.so.6           	b4dfcb18	                                        	65 83 3d 0c 00 00 00 00                           	cmp dword ptr gs:[0xc], 0x0                       		EAX=00000000, ECX=b4f821e8, EDX=b4f81040, EBX=b4f81000, ESP=bf840670, EBP=b4f821e0, ESI=b4f821e0, EDI=b4f821e0
-1	25715	libc.so.6           	b4dfcb20	                                        	74 01                                             	jz 0xb4dfcb23                                     		EAX=00000000, ECX=b4f821e8, EDX=b4f81040, EBX=b4f81000, ESP=bf840670, EBP=b4f821e0, ESI=b4f821e0, EDI=b4f821e0
-1	25715	libc.so.6           	b4dfcb23	                                        	83 ab e8 13 00 00 01                              	sub dword ptr [ebx+0x13e8], 0x1                   		EAX=00000000, ECX=b4f821e8, EDX=b4f81040, EBX=b4f81000, ESP=bf840670, EBP=b4f821e0, ESI=b4f821e0, EDI=b4f821e0
-1	25715	libc.so.6           	b4dfcb2a	                                        	74 0b                                             	jz 0xb4dfcb37                                     		EAX=00000000, ECX=b4f821e8, EDX=b4f81040, EBX=b4f81000, ESP=bf840670, EBP=b4f821e0, ESI=b4f821e0, EDI=b4f821e0
-1	25715	libc.so.6           	b4dfcb37	                                        	83 c4 0c                                          	add esp, 0xc                                      		EAX=00000000, ECX=b4f821e8, EDX=b4f81040, EBX=b4f81000, ESP=bf840670, EBP=b4f821e0, ESI=b4f821e0, EDI=b4f821e0
-1	25715	libc.so.6           	b4dfcb3a	                                        	89 c8                                             	mov eax, ecx                                      		EAX=00000000, ECX=b4f821e8, EDX=b4f81040, EBX=b4f81000, ESP=bf84067c, EBP=b4f821e0, ESI=b4f821e0, EDI=b4f821e0
-1	25715	libc.so.6           	b4dfcb3c	                                        	5b                                                	pop ebx                                           		EAX=b4f821e8, ECX=b4f821e8, EDX=b4f81040, EBX=b4f81000, ESP=bf84067c, EBP=b4f821e0, ESI=b4f821e0, EDI=b4f821e0
-1	25715	libc.so.6           	b4dfcb3d	                                        	5e                                                	pop esi                                           		EAX=b4f821e8, ECX=b4f821e8, EDX=b4f81040, EBX=b4f81000, ESP=bf840680, EBP=b4f821e0, ESI=b4f821e0, EDI=b4f821e0
-1	25715	libc.so.6           	b4dfcb3e	                                        	5f                                                	pop edi                                           		EAX=b4f821e8, ECX=b4f821e8, EDX=b4f81040, EBX=b4f81000, ESP=bf840684, EBP=b4f821e0, ESI=b4f81000, EDI=b4f821e0
-1	25715	libc.so.6           	b4dfcb3f	                                        	5d                                                	pop ebp                                           		EAX=b4f821e8, ECX=b4f821e8, EDX=b4f81040, EBX=b4f81000, ESP=bf840688, EBP=b4f821e0, ESI=b4f81000, EDI=b4f81000
-1	25715	libc.so.6           	b4dfcb40	                                        	c3                                                	ret                                               		EAX=b4f821e8, ECX=b4f821e8, EDX=b4f81040, EBX=b4f81000, ESP=bf84068c, EBP=00000000, ESI=b4f81000, EDI=b4f81000
-1	25715	libc.so.6           	b4dfcc1b	                                        	83 c4 10                                          	add esp, 0x10                                     		EAX=b4f821e8, ECX=b4f821e8, EDX=b4f81040, EBX=b4f81000, ESP=bf840690, EBP=00000000, ESI=b4f81000, EDI=b4f81000
-1	25715	libc.so.6           	b4dfcc1e	                                        	85 c0                                             	test eax, eax                                     		EAX=b4f821e8, ECX=b4f821e8, EDX=b4f81040, EBX=b4f81000, ESP=bf8406a0, EBP=00000000, ESI=b4f81000, EDI=b4f81000
-1	25715	libc.so.6           	b4dfcc20	                                        	74 2c                                             	jz 0xb4dfcc4e                                     		EAX=b4f821e8, ECX=b4f821e8, EDX=b4f81040, EBX=b4f81000, ESP=bf8406a0, EBP=00000000, ESI=b4f81000, EDI=b4f81000
-1	25715	libc.so.6           	b4dfcc22	                                        	8b 54 24 10                                       	mov edx, dword ptr [esp+0x10]                     		EAX=b4f821e8, ECX=b4f821e8, EDX=b4f81040, EBX=b4f81000, ESP=bf8406a0, EBP=00000000, ESI=b4f81000, EDI=b4f81000
-1	25715	libc.so.6           	b4dfcc26	                                        	65 33 15 18 00 00 00                              	xor edx, dword ptr gs:[0x18]                      		EAX=b4f821e8, ECX=b4f821e8, EDX=b76fc880, EBX=b4f81000, ESP=bf8406a0, EBP=00000000, ESI=b4f81000, EDI=b4f81000
-1	25715	libc.so.6           	b4dfcc2d	                                        	c1 c2 09                                          	rol edx, 0x9                                      		EAX=b4f821e8, ECX=b4f821e8, EDX=7023f1cb, EBX=b4f81000, ESP=bf8406a0, EBP=00000000, ESI=b4f81000, EDI=b4f81000
-1	25715	libc.so.6           	b4dfcc30	                                        	89 50 04                                          	mov dword ptr [eax+0x4], edx                      		EAX=b4f821e8, ECX=b4f821e8, EDX=47e396e0, EBX=b4f81000, ESP=bf8406a0, EBP=00000000, ESI=b4f81000, EDI=b4f81000
-1	25715	libc.so.6           	b4dfcc33	                                        	8b 54 24 14                                       	mov edx, dword ptr [esp+0x14]                     		EAX=b4f821e8, ECX=b4f821e8, EDX=47e396e0, EBX=b4f81000, ESP=bf8406a0, EBP=00000000, ESI=b4f81000, EDI=b4f81000
-1	25715	libc.so.6           	b4dfcc37	                                        	89 50 08                                          	mov dword ptr [eax+0x8], edx                      		EAX=b4f821e8, ECX=b4f821e8, EDX=00000000, EBX=b4f81000, ESP=bf8406a0, EBP=00000000, ESI=b4f81000, EDI=b4f81000
-1	25715	libc.so.6           	b4dfcc3a	                                        	8b 54 24 18                                       	mov edx, dword ptr [esp+0x18]                     		EAX=b4f821e8, ECX=b4f821e8, EDX=00000000, EBX=b4f81000, ESP=bf8406a0, EBP=00000000, ESI=b4f81000, EDI=b4f81000
-1	25715	libc.so.6           	b4dfcc3e	                                        	89 50 0c                                          	mov dword ptr [eax+0xc], edx                      		EAX=b4f821e8, ECX=b4f821e8, EDX=00000000, EBX=b4f81000, ESP=bf8406a0, EBP=00000000, ESI=b4f81000, EDI=b4f81000
-1	25715	libc.so.6           	b4dfcc41	                                        	c7 00 04 00 00 00                                 	mov dword ptr [eax], 0x4                          		EAX=b4f821e8, ECX=b4f821e8, EDX=00000000, EBX=b4f81000, ESP=bf8406a0, EBP=00000000, ESI=b4f81000, EDI=b4f81000
-1	25715	libc.so.6           	b4dfcc47	                                        	31 c0                                             	xor eax, eax                                      		EAX=b4f821e8, ECX=b4f821e8, EDX=00000000, EBX=b4f81000, ESP=bf8406a0, EBP=00000000, ESI=b4f81000, EDI=b4f81000
-1	25715	libc.so.6           	b4dfcc49	                                        	83 c4 08                                          	add esp, 0x8                                      		EAX=00000000, ECX=b4f821e8, EDX=00000000, EBX=b4f81000, ESP=bf8406a0, EBP=00000000, ESI=b4f81000, EDI=b4f81000
-1	25715	libc.so.6           	b4dfcc4c	                                        	5b                                                	pop ebx                                           		EAX=00000000, ECX=b4f821e8, EDX=00000000, EBX=b4f81000, ESP=bf8406a8, EBP=00000000, ESI=b4f81000, EDI=b4f81000
-1	25715	libc.so.6           	b4dfcc4d	                                        	c3                                                	ret                                               		EAX=00000000, ECX=b4f821e8, EDX=00000000, EBX=b7711000, ESP=bf8406ac, EBP=00000000, ESI=b4f81000, EDI=b4f81000
-1	25715	libc.so.6           	b4de659f	                                        	83 c4 10                                          	add esp, 0x10                                     		EAX=00000000, ECX=b4f821e8, EDX=00000000, EBX=b7711000, ESP=bf8406b0, EBP=00000000, ESI=b4f81000, EDI=b4f81000
-1	25715	libc.so.6           	b4de65a2	                                        	8b 44 24 08                                       	mov eax, dword ptr [esp+0x8]                      		EAX=00000000, ECX=b4f821e8, EDX=00000000, EBX=b7711000, ESP=bf8406c0, EBP=00000000, ESI=b4f81000, EDI=b4f81000
-1	25715	libc.so.6           	b4de65a6	                                        	8b 80 24 ff ff ff                                 	mov eax, dword ptr [eax-0xdc]                     		EAX=b4f81000, ECX=b4f821e8, EDX=00000000, EBX=b7711000, ESP=bf8406c0, EBP=00000000, ESI=b4f81000, EDI=b4f81000
-1	25715	libc.so.6           	b4de65ac	                                        	8b 18                                             	mov ebx, dword ptr [eax]                          		EAX=b7710d00, ECX=b4f821e8, EDX=00000000, EBX=b7711000, ESP=bf8406c0, EBP=00000000, ESI=b4f81000, EDI=b4f81000
-1	25715	libc.so.6           	b4de65ae	                                        	83 e3 02                                          	and ebx, 0x2                                      		EAX=b7710d00, ECX=b4f821e8, EDX=00000000, EBX=00000000, ESP=bf8406c0, EBP=00000000, ESI=b4f81000, EDI=b4f81000
-1	25715	libc.so.6           	b4de65b1	                                        	0f 85 d7 00 00 00                                 	jnz 0xb4de668e                                    		EAX=b7710d00, ECX=b4f821e8, EDX=00000000, EBX=00000000, ESP=bf8406c0, EBP=00000000, ESI=b4f81000, EDI=b4f81000
-1	25715	libc.so.6           	b4de65b7	                                        	83 7c 24 6c 00                                    	cmp dword ptr [esp+0x6c], 0x0                     		EAX=b7710d00, ECX=b4f821e8, EDX=00000000, EBX=00000000, ESP=bf8406c0, EBP=00000000, ESI=b4f81000, EDI=b4f81000
-1	25715	libc.so.6           	b4de65bc	                                        	74 1c                                             	jz 0xb4de65da                                     		EAX=b7710d00, ECX=b4f821e8, EDX=00000000, EBX=00000000, ESP=bf8406c0, EBP=00000000, ESI=b4f81000, EDI=b4f81000
-1	25715	libc.so.6           	b4de65be	                                        	52                                                	push edx                                          		EAX=b7710d00, ECX=b4f821e8, EDX=00000000, EBX=00000000, ESP=bf8406c0, EBP=00000000, ESI=b4f81000, EDI=b4f81000
-1	25715	libc.so.6           	b4de65bf	                                        	8b 44 24 0c                                       	mov eax, dword ptr [esp+0xc]                      		EAX=b7710d00, ECX=b4f821e8, EDX=00000000, EBX=00000000, ESP=bf8406bc, EBP=00000000, ESI=b4f81000, EDI=b4f81000
-1	25715	libc.so.6           	b4de65c3	                                        	8b 80 48 ff ff ff                                 	mov eax, dword ptr [eax-0xb8]                     		EAX=b4f81000, ECX=b4f821e8, EDX=00000000, EBX=00000000, ESP=bf8406bc, EBP=00000000, ESI=b4f81000, EDI=b4f81000
-1	25715	libc.so.6           	b4de65c9	                                        	ff 30                                             	push dword ptr [eax]                              		EAX=b4f82dbc, ECX=b4f821e8, EDX=00000000, EBX=00000000, ESP=bf8406bc, EBP=00000000, ESI=b4f81000, EDI=b4f81000
-1	25715	libc.so.6           	b4de65cb	                                        	ff 74 24 70                                       	push dword ptr [esp+0x70]                         		EAX=b4f82dbc, ECX=b4f821e8, EDX=00000000, EBX=00000000, ESP=bf8406b8, EBP=00000000, ESI=b4f81000, EDI=b4f81000
-1	25715	libc.so.6           	b4de65cf	                                        	ff 74 24 70                                       	push dword ptr [esp+0x70]                         		EAX=b4f82dbc, ECX=b4f821e8, EDX=00000000, EBX=00000000, ESP=bf8406b4, EBP=00000000, ESI=b4f81000, EDI=b4f81000
-1	25715	libc.so.6           	b4de65d3	                                        	ff 54 24 7c                                       	call dword ptr [esp+0x7c]                         		EAX=b4f82dbc, ECX=b4f821e8, EDX=00000000, EBX=00000000, ESP=bf8406b0, EBP=00000000, ESI=b4f81000, EDI=b4f81000
-1	25715	unknown             	080484a0	                                        	55                                                	push ebp                                          		EAX=b4f82dbc, ECX=b4f821e8, EDX=00000000, EBX=00000000, ESP=bf8406ac, EBP=00000000, ESI=b4f81000, EDI=b4f81000
-1	25715	unknown             	080484a1	                                        	57                                                	push edi                                          		EAX=b4f82dbc, ECX=b4f821e8, EDX=00000000, EBX=00000000, ESP=bf8406a8, EBP=00000000, ESI=b4f81000, EDI=b4f81000
-1	25715	unknown             	080484a2	                                        	56                                                	push esi                                          		EAX=b4f82dbc, ECX=b4f821e8, EDX=00000000, EBX=00000000, ESP=bf8406a4, EBP=00000000, ESI=b4f81000, EDI=b4f81000
-1	25715	unknown             	080484a3	                                        	53                                                	push ebx                                          		EAX=b4f82dbc, ECX=b4f821e8, EDX=00000000, EBX=00000000, ESP=bf8406a0, EBP=00000000, ESI=b4f81000, EDI=b4f81000
-1	25715	unknown             	080484a4	                                        	e8 97 fe ff ff                                    	call 0x8048340                                    		EAX=b4f82dbc, ECX=b4f821e8, EDX=00000000, EBX=00000000, ESP=bf84069c, EBP=00000000, ESI=b4f81000, EDI=b4f81000
-1	25715	unknown             	08048340	                                        	8b 1c 24                                          	mov ebx, dword ptr [esp]                          		EAX=b4f82dbc, ECX=b4f821e8, EDX=00000000, EBX=00000000, ESP=bf840698, EBP=00000000, ESI=b4f81000, EDI=b4f81000
-1	25715	unknown             	08048343	                                        	c3                                                	ret                                               		EAX=b4f82dbc, ECX=b4f821e8, EDX=00000000, EBX=080484a9, ESP=bf840698, EBP=00000000, ESI=b4f81000, EDI=b4f81000
-1	25715	unknown             	080484a9	                                        	81 c3 57 1b 00 00                                 	add ebx, 0x1b57                                   		EAX=b4f82dbc, ECX=b4f821e8, EDX=00000000, EBX=080484a9, ESP=bf84069c, EBP=00000000, ESI=b4f81000, EDI=b4f81000
-1	25715	unknown             	080484af	                                        	83 ec 0c                                          	sub esp, 0xc                                      		EAX=b4f82dbc, ECX=b4f821e8, EDX=00000000, EBX=0804a000, ESP=bf84069c, EBP=00000000, ESI=b4f81000, EDI=b4f81000
-1	25715	unknown             	080484b2	                                        	8b 6c 24 20                                       	mov ebp, dword ptr [esp+0x20]                     		EAX=b4f82dbc, ECX=b4f821e8, EDX=00000000, EBX=0804a000, ESP=bf840690, EBP=00000000, ESI=b4f81000, EDI=b4f81000
-1	25715	unknown             	080484b6	                                        	8d b3 0c ff ff ff                                 	lea esi, ptr [ebx-0xf4]                           		EAX=b4f82dbc, ECX=b4f821e8, EDX=00000000, EBX=0804a000, ESP=bf840690, EBP=00000002, ESI=b4f81000, EDI=b4f81000
-1	25715	unknown             	080484bc	                                        	e8 e7 fd ff ff                                    	call 0x80482a8                                    		EAX=b4f82dbc, ECX=b4f821e8, EDX=00000000, EBX=0804a000, ESP=bf840690, EBP=00000002, ESI=08049f0c, EDI=b4f81000
-1	25715	unknown             	080482a8	                                        	53                                                	push ebx                                          		EAX=b4f82dbc, ECX=b4f821e8, EDX=00000000, EBX=0804a000, ESP=bf84068c, EBP=00000002, ESI=08049f0c, EDI=b4f81000
-1	25715	unknown             	080482a9	                                        	83 ec 08                                          	sub esp, 0x8                                      		EAX=b4f82dbc, ECX=b4f821e8, EDX=00000000, EBX=0804a000, ESP=bf840688, EBP=00000002, ESI=08049f0c, EDI=b4f81000
-1	25715	unknown             	080482ac	                                        	e8 8f 00 00 00                                    	call 0x8048340                                    		EAX=b4f82dbc, ECX=b4f821e8, EDX=00000000, EBX=0804a000, ESP=bf840680, EBP=00000002, ESI=08049f0c, EDI=b4f81000
-1	25715	unknown             	08048340	                                        	8b 1c 24                                          	mov ebx, dword ptr [esp]                          		EAX=b4f82dbc, ECX=b4f821e8, EDX=00000000, EBX=0804a000, ESP=bf84067c, EBP=00000002, ESI=08049f0c, EDI=b4f81000
-1	25715	unknown             	08048343	                                        	c3                                                	ret                                               		EAX=b4f82dbc, ECX=b4f821e8, EDX=00000000, EBX=080482b1, ESP=bf84067c, EBP=00000002, ESI=08049f0c, EDI=b4f81000
-1	25715	unknown             	080482b1	                                        	81 c3 4f 1d 00 00                                 	add ebx, 0x1d4f                                   		EAX=b4f82dbc, ECX=b4f821e8, EDX=00000000, EBX=080482b1, ESP=bf840680, EBP=00000002, ESI=08049f0c, EDI=b4f81000
-1	25715	unknown             	080482b7	                                        	8b 83 fc ff ff ff                                 	mov eax, dword ptr [ebx-0x4]                      		EAX=b4f82dbc, ECX=b4f821e8, EDX=00000000, EBX=0804a000, ESP=bf840680, EBP=00000002, ESI=08049f0c, EDI=b4f81000
-1	25715	unknown             	080482bd	                                        	85 c0                                             	test eax, eax                                     		EAX=00000000, ECX=b4f821e8, EDX=00000000, EBX=0804a000, ESP=bf840680, EBP=00000002, ESI=08049f0c, EDI=b4f81000
-1	25715	unknown             	080482bf	                                        	74 05                                             	jz 0x80482c6                                      		EAX=00000000, ECX=b4f821e8, EDX=00000000, EBX=0804a000, ESP=bf840680, EBP=00000002, ESI=08049f0c, EDI=b4f81000
-1	25715	unknown             	080482c6	                                        	83 c4 08                                          	add esp, 0x8                                      		EAX=00000000, ECX=b4f821e8, EDX=00000000, EBX=0804a000, ESP=bf840680, EBP=00000002, ESI=08049f0c, EDI=b4f81000
-1	25715	unknown             	080482c9	                                        	5b                                                	pop ebx                                           		EAX=00000000, ECX=b4f821e8, EDX=00000000, EBX=0804a000, ESP=bf840688, EBP=00000002, ESI=08049f0c, EDI=b4f81000
-1	25715	unknown             	080482ca	                                        	c3                                                	ret                                               		EAX=00000000, ECX=b4f821e8, EDX=00000000, EBX=0804a000, ESP=bf84068c, EBP=00000002, ESI=08049f0c, EDI=b4f81000
-1	25715	unknown             	080484c1	                                        	8d 83 08 ff ff ff                                 	lea eax, ptr [ebx-0xf8]                           		EAX=00000000, ECX=b4f821e8, EDX=00000000, EBX=0804a000, ESP=bf840690, EBP=00000002, ESI=08049f0c, EDI=b4f81000
-1	25715	unknown             	080484c7	                                        	29 c6                                             	sub esi, eax                                      		EAX=08049f08, ECX=b4f821e8, EDX=00000000, EBX=0804a000, ESP=bf840690, EBP=00000002, ESI=08049f0c, EDI=b4f81000
-1	25715	unknown             	080484c9	                                        	c1 fe 02                                          	sar esi, 0x2                                      		EAX=08049f08, ECX=b4f821e8, EDX=00000000, EBX=0804a000, ESP=bf840690, EBP=00000002, ESI=00000004, EDI=b4f81000
-1	25715	unknown             	080484cc	                                        	85 f6                                             	test esi, esi                                     		EAX=08049f08, ECX=b4f821e8, EDX=00000000, EBX=0804a000, ESP=bf840690, EBP=00000002, ESI=00000001, EDI=b4f81000
-1	25715	unknown             	080484ce	                                        	74 25                                             	jz 0x80484f5                                      		EAX=08049f08, ECX=b4f821e8, EDX=00000000, EBX=0804a000, ESP=bf840690, EBP=00000002, ESI=00000001, EDI=b4f81000
-1	25715	unknown             	080484d0	                                        	31 ff                                             	xor edi, edi                                      		EAX=08049f08, ECX=b4f821e8, EDX=00000000, EBX=0804a000, ESP=bf840690, EBP=00000002, ESI=00000001, EDI=b4f81000
-1	25715	unknown             	080484d2	                                        	8d b6 00 00 00 00                                 	lea esi, ptr [esi]                                		EAX=08049f08, ECX=b4f821e8, EDX=00000000, EBX=0804a000, ESP=bf840690, EBP=00000002, ESI=00000001, EDI=00000000
-1	25715	unknown             	080484d8	                                        	83 ec 04                                          	sub esp, 0x4                                      		EAX=08049f08, ECX=b4f821e8, EDX=00000000, EBX=0804a000, ESP=bf840690, EBP=00000002, ESI=00000001, EDI=00000000
-1	25715	unknown             	080484db	                                        	ff 74 24 2c                                       	push dword ptr [esp+0x2c]                         		EAX=08049f08, ECX=b4f821e8, EDX=00000000, EBX=0804a000, ESP=bf84068c, EBP=00000002, ESI=00000001, EDI=00000000
-1	25715	unknown             	080484df	                                        	ff 74 24 2c                                       	push dword ptr [esp+0x2c]                         		EAX=08049f08, ECX=b4f821e8, EDX=00000000, EBX=0804a000, ESP=bf840688, EBP=00000002, ESI=00000001, EDI=00000000
-1	25715	unknown             	080484e3	                                        	55                                                	push ebp                                          		EAX=08049f08, ECX=b4f821e8, EDX=00000000, EBX=0804a000, ESP=bf840684, EBP=00000002, ESI=00000001, EDI=00000000
-1	25715	unknown             	080484e4	                                        	ff 94 bb 08 ff ff ff                              	call dword ptr [ebx+edi*4-0xf8]                   		EAX=08049f08, ECX=b4f821e8, EDX=00000000, EBX=0804a000, ESP=bf840680, EBP=00000002, ESI=00000001, EDI=00000000
-1	25715	unknown             	080483e0	                                        	b8 10 9f 04 08                                    	mov eax, 0x8049f10                                		EAX=08049f08, ECX=b4f821e8, EDX=00000000, EBX=0804a000, ESP=bf84067c, EBP=00000002, ESI=00000001, EDI=00000000
-1	25715	unknown             	080483e5	                                        	8b 10                                             	mov edx, dword ptr [eax]                          		EAX=08049f10, ECX=b4f821e8, EDX=00000000, EBX=0804a000, ESP=bf84067c, EBP=00000002, ESI=00000001, EDI=00000000
-1	25715	unknown             	080483e7	                                        	85 d2                                             	test edx, edx                                     		EAX=08049f10, ECX=b4f821e8, EDX=00000000, EBX=0804a000, ESP=bf84067c, EBP=00000002, ESI=00000001, EDI=00000000
-1	25715	unknown             	080483e9	                                        	75 05                                             	jnz 0x80483f0                                     		EAX=08049f10, ECX=b4f821e8, EDX=00000000, EBX=0804a000, ESP=bf84067c, EBP=00000002, ESI=00000001, EDI=00000000
-1	25715	unknown             	080483eb	                                        	eb 93                                             	jmp 0x8048380                                     		EAX=08049f10, ECX=b4f821e8, EDX=00000000, EBX=0804a000, ESP=bf84067c, EBP=00000002, ESI=00000001, EDI=00000000
-1	25715	unknown             	08048380	                                        	b8 1c a0 04 08                                    	mov eax, 0x804a01c                                		EAX=08049f10, ECX=b4f821e8, EDX=00000000, EBX=0804a000, ESP=bf84067c, EBP=00000002, ESI=00000001, EDI=00000000
-1	25715	unknown             	08048385	                                        	2d 1c a0 04 08                                    	sub eax, 0x804a01c                                		EAX=0804a01c, ECX=b4f821e8, EDX=00000000, EBX=0804a000, ESP=bf84067c, EBP=00000002, ESI=00000001, EDI=00000000
-1	25715	unknown             	0804838a	                                        	c1 f8 02                                          	sar eax, 0x2                                      		EAX=00000000, ECX=b4f821e8, EDX=00000000, EBX=0804a000, ESP=bf84067c, EBP=00000002, ESI=00000001, EDI=00000000
-1	25715	unknown             	0804838d	                                        	89 c2                                             	mov edx, eax                                      		EAX=00000000, ECX=b4f821e8, EDX=00000000, EBX=0804a000, ESP=bf84067c, EBP=00000002, ESI=00000001, EDI=00000000
-1	25715	unknown             	0804838f	                                        	c1 ea 1f                                          	shr edx, 0x1f                                     		EAX=00000000, ECX=b4f821e8, EDX=00000000, EBX=0804a000, ESP=bf84067c, EBP=00000002, ESI=00000001, EDI=00000000
-1	25715	unknown             	08048392	                                        	01 d0                                             	add eax, edx                                      		EAX=00000000, ECX=b4f821e8, EDX=00000000, EBX=0804a000, ESP=bf84067c, EBP=00000002, ESI=00000001, EDI=00000000
-1	25715	unknown             	08048394	                                        	d1 f8                                             	sar eax, 0x1                                      		EAX=00000000, ECX=b4f821e8, EDX=00000000, EBX=0804a000, ESP=bf84067c, EBP=00000002, ESI=00000001, EDI=00000000
-1	25715	unknown             	08048396	                                        	74 1b                                             	jz 0x80483b3                                      		EAX=00000000, ECX=b4f821e8, EDX=00000000, EBX=0804a000, ESP=bf84067c, EBP=00000002, ESI=00000001, EDI=00000000
-1	25715	unknown             	080483b3	                                        	f3 c3                                             	ret                                               		EAX=00000000, ECX=b4f821e8, EDX=00000000, EBX=0804a000, ESP=bf84067c, EBP=00000002, ESI=00000001, EDI=00000000
-1	25715	unknown             	080484eb	                                        	83 c7 01                                          	add edi, 0x1                                      		EAX=00000000, ECX=b4f821e8, EDX=00000000, EBX=0804a000, ESP=bf840680, EBP=00000002, ESI=00000001, EDI=00000000
-1	25715	unknown             	080484ee	                                        	83 c4 10                                          	add esp, 0x10                                     		EAX=00000000, ECX=b4f821e8, EDX=00000000, EBX=0804a000, ESP=bf840680, EBP=00000002, ESI=00000001, EDI=00000001
-1	25715	unknown             	080484f1	                                        	39 f7                                             	cmp edi, esi                                      		EAX=00000000, ECX=b4f821e8, EDX=00000000, EBX=0804a000, ESP=bf840690, EBP=00000002, ESI=00000001, EDI=00000001
-1	25715	unknown             	080484f3	                                        	75 e3                                             	jnz 0x80484d8                                     		EAX=00000000, ECX=b4f821e8, EDX=00000000, EBX=0804a000, ESP=bf840690, EBP=00000002, ESI=00000001, EDI=00000001
-1	25715	unknown             	080484f5	                                        	83 c4 0c                                          	add esp, 0xc                                      		EAX=00000000, ECX=b4f821e8, EDX=00000000, EBX=0804a000, ESP=bf840690, EBP=00000002, ESI=00000001, EDI=00000001
-1	25715	unknown             	080484f8	                                        	5b                                                	pop ebx                                           		EAX=00000000, ECX=b4f821e8, EDX=00000000, EBX=0804a000, ESP=bf84069c, EBP=00000002, ESI=00000001, EDI=00000001
-1	25715	unknown             	080484f9	                                        	5e                                                	pop esi                                           		EAX=00000000, ECX=b4f821e8, EDX=00000000, EBX=00000000, ESP=bf8406a0, EBP=00000002, ESI=00000001, EDI=00000001
-1	25715	unknown             	080484fa	                                        	5f                                                	pop edi                                           		EAX=00000000, ECX=b4f821e8, EDX=00000000, EBX=00000000, ESP=bf8406a4, EBP=00000002, ESI=b4f81000, EDI=00000001
-1	25715	unknown             	080484fb	                                        	5d                                                	pop ebp                                           		EAX=00000000, ECX=b4f821e8, EDX=00000000, EBX=00000000, ESP=bf8406a8, EBP=00000002, ESI=b4f81000, EDI=b4f81000
-1	25715	unknown             	080484fc	                                        	c3                                                	ret                                               		EAX=00000000, ECX=b4f821e8, EDX=00000000, EBX=00000000, ESP=bf8406ac, EBP=00000000, ESI=b4f81000, EDI=b4f81000
-1	25715	libc.so.6           	b4de65d7	                                        	83 c4 10                                          	add esp, 0x10                                     		EAX=00000000, ECX=b4f821e8, EDX=00000000, EBX=00000000, ESP=bf8406b0, EBP=00000000, ESI=b4f81000, EDI=b4f81000
-1	25715	libc.so.6           	b4de65da	                                        	8b 44 24 08                                       	mov eax, dword ptr [esp+0x8]                      		EAX=00000000, ECX=b4f821e8, EDX=00000000, EBX=00000000, ESP=bf8406c0, EBP=00000000, ESI=b4f81000, EDI=b4f81000
-1	25715	libc.so.6           	b4de65de	                                        	8b 80 24 ff ff ff                                 	mov eax, dword ptr [eax-0xdc]                     		EAX=b4f81000, ECX=b4f821e8, EDX=00000000, EBX=00000000, ESP=bf8406c0, EBP=00000000, ESI=b4f81000, EDI=b4f81000
-1	25715	libc.so.6           	b4de65e4	                                        	8b 90 10 02 00 00                                 	mov edx, dword ptr [eax+0x210]                    		EAX=b7710d00, ECX=b4f821e8, EDX=00000000, EBX=00000000, ESP=bf8406c0, EBP=00000000, ESI=b4f81000, EDI=b4f81000
-1	25715	libc.so.6           	b4de65ea	                                        	85 d2                                             	test edx, edx                                     		EAX=b7710d00, ECX=b4f821e8, EDX=00000000, EBX=00000000, ESP=bf8406c0, EBP=00000000, ESI=b4f81000, EDI=b4f81000
-1	25715	libc.so.6           	b4de65ec	                                        	0f 85 00 01 00 00                                 	jnz 0xb4de66f2                                    		EAX=b7710d00, ECX=b4f821e8, EDX=00000000, EBX=00000000, ESP=bf8406c0, EBP=00000000, ESI=b4f81000, EDI=b4f81000
-1	25715	libc.so.6           	b4de65f2	                                        	85 db                                             	test ebx, ebx                                     		EAX=b7710d00, ECX=b4f821e8, EDX=00000000, EBX=00000000, ESP=bf8406c0, EBP=00000000, ESI=b4f81000, EDI=b4f81000
-1	25715	libc.so.6           	b4de65f4	                                        	0f 85 d1 00 00 00                                 	jnz 0xb4de66cb                                    		EAX=b7710d00, ECX=b4f821e8, EDX=00000000, EBX=00000000, ESP=bf8406c0, EBP=00000000, ESI=b4f81000, EDI=b4f81000
-1	25715	libc.so.6           	b4de65fa	                                        	83 ec 0c                                          	sub esp, 0xc                                      		EAX=b7710d00, ECX=b4f821e8, EDX=00000000, EBX=00000000, ESP=bf8406c0, EBP=00000000, ESI=b4f81000, EDI=b4f81000
-1	25715	libc.so.6           	b4de65fd	                                        	8d 44 24 20                                       	lea eax, ptr [esp+0x20]                           		EAX=b7710d00, ECX=b4f821e8, EDX=00000000, EBX=00000000, ESP=bf8406b4, EBP=00000000, ESI=b4f81000, EDI=b4f81000
-1	25715	libc.so.6           	b4de6601	                                        	50                                                	push eax                                          		EAX=bf8406d4, ECX=b4f821e8, EDX=00000000, EBX=00000000, ESP=bf8406b4, EBP=00000000, ESI=b4f81000, EDI=b4f81000
-1	25715	libc.so.6           	b4de6602	                                        	e8 79 36 01 00                                    	call 0xb4df9c80                                   		EAX=bf8406d4, ECX=b4f821e8, EDX=00000000, EBX=00000000, ESP=bf8406b0, EBP=00000000, ESI=b4f81000, EDI=b4f81000
-1	25715	libc.so.6           	b4df9c80	                                        	31 c0                                             	xor eax, eax                                      		EAX=bf8406d4, ECX=b4f821e8, EDX=00000000, EBX=00000000, ESP=bf8406ac, EBP=00000000, ESI=b4f81000, EDI=b4f81000
-1	25715	libc.so.6           	b4df9c82	                                        	8b 54 24 04                                       	mov edx, dword ptr [esp+0x4]                      		EAX=00000000, ECX=b4f821e8, EDX=00000000, EBX=00000000, ESP=bf8406ac, EBP=00000000, ESI=b4f81000, EDI=b4f81000
-1	25715	libc.so.6           	b4df9c86	                                        	89 1a                                             	mov dword ptr [edx], ebx                          		EAX=00000000, ECX=b4f821e8, EDX=bf8406d4, EBX=00000000, ESP=bf8406ac, EBP=00000000, ESI=b4f81000, EDI=b4f81000
-1	25715	libc.so.6           	b4df9c88	                                        	89 72 04                                          	mov dword ptr [edx+0x4], esi                      		EAX=00000000, ECX=b4f821e8, EDX=bf8406d4, EBX=00000000, ESP=bf8406ac, EBP=00000000, ESI=b4f81000, EDI=b4f81000
-1	25715	libc.so.6           	b4df9c8b	                                        	89 7a 08                                          	mov dword ptr [edx+0x8], edi                      		EAX=00000000, ECX=b4f821e8, EDX=bf8406d4, EBX=00000000, ESP=bf8406ac, EBP=00000000, ESI=b4f81000, EDI=b4f81000
-1	25715	libc.so.6           	b4df9c8e	                                        	8d 4c 24 04                                       	lea ecx, ptr [esp+0x4]                            		EAX=00000000, ECX=b4f821e8, EDX=bf8406d4, EBX=00000000, ESP=bf8406ac, EBP=00000000, ESI=b4f81000, EDI=b4f81000
-1	25715	libc.so.6           	b4df9c92	                                        	65 33 0d 18 00 00 00                              	xor ecx, dword ptr gs:[0x18]                      		EAX=00000000, ECX=bf8406b0, EDX=bf8406d4, EBX=00000000, ESP=bf8406ac, EBP=00000000, ESI=b4f81000, EDI=b4f81000
-1	25715	libc.so.6           	b4df9c99	                                        	c1 c1 09                                          	rol ecx, 0x9                                      		EAX=00000000, ECX=78c83ffb, EDX=bf8406d4, EBX=00000000, ESP=bf8406ac, EBP=00000000, ESI=b4f81000, EDI=b4f81000
-1	25715	libc.so.6           	b4df9c9c	                                        	89 4a 10                                          	mov dword ptr [edx+0x10], ecx                     		EAX=00000000, ECX=907ff6f1, EDX=bf8406d4, EBX=00000000, ESP=bf8406ac, EBP=00000000, ESI=b4f81000, EDI=b4f81000
-1	25715	libc.so.6           	b4df9c9f	                                        	8b 0c 24                                          	mov ecx, dword ptr [esp]                          		EAX=00000000, ECX=907ff6f1, EDX=bf8406d4, EBX=00000000, ESP=bf8406ac, EBP=00000000, ESI=b4f81000, EDI=b4f81000
-1	25715	libc.so.6           	b4df9ca2	                                        	90                                                	nop                                               		EAX=00000000, ECX=b4de6607, EDX=bf8406d4, EBX=00000000, ESP=bf8406ac, EBP=00000000, ESI=b4f81000, EDI=b4f81000
-1	25715	libc.so.6           	b4df9ca3	                                        	65 33 0d 18 00 00 00                              	xor ecx, dword ptr gs:[0x18]                      		EAX=00000000, ECX=b4de6607, EDX=bf8406d4, EBX=00000000, ESP=bf8406ac, EBP=00000000, ESI=b4f81000, EDI=b4f81000
-1	25715	libc.so.6           	b4df9caa	                                        	c1 c1 09                                          	rol ecx, 0x9                                      		EAX=00000000, ECX=73925f4c, EDX=bf8406d4, EBX=00000000, ESP=bf8406ac, EBP=00000000, ESI=b4f81000, EDI=b4f81000
-1	25715	libc.so.6           	b4df9cad	                                        	89 4a 14                                          	mov dword ptr [edx+0x14], ecx                     		EAX=00000000, ECX=24be98e7, EDX=bf8406d4, EBX=00000000, ESP=bf8406ac, EBP=00000000, ESI=b4f81000, EDI=b4f81000
-1	25715	libc.so.6           	b4df9cb0	                                        	89 6a 0c                                          	mov dword ptr [edx+0xc], ebp                      		EAX=00000000, ECX=24be98e7, EDX=bf8406d4, EBX=00000000, ESP=bf8406ac, EBP=00000000, ESI=b4f81000, EDI=b4f81000
-1	25715	libc.so.6           	b4df9cb3	                                        	89 42 18                                          	mov dword ptr [edx+0x18], eax                     		EAX=00000000, ECX=24be98e7, EDX=bf8406d4, EBX=00000000, ESP=bf8406ac, EBP=00000000, ESI=b4f81000, EDI=b4f81000
-1	25715	libc.so.6           	b4df9cb6	                                        	c3                                                	ret                                               		EAX=00000000, ECX=24be98e7, EDX=bf8406d4, EBX=00000000, ESP=bf8406ac, EBP=00000000, ESI=b4f81000, EDI=b4f81000
-1	25715	libc.so.6           	b4de6607	_setjmp                                 	83 c4 10                                          	add esp, 0x10                                     		EAX=00000000, ECX=24be98e7, EDX=bf8406d4, EBX=00000000, ESP=bf8406b0, EBP=00000000, ESI=b4f81000, EDI=b4f81000
-1	25715	libc.so.6           	b4de660a	                                        	85 c0                                             	test eax, eax                                     		EAX=00000000, ECX=24be98e7, EDX=bf8406d4, EBX=00000000, ESP=bf8406c0, EBP=00000000, ESI=b4f81000, EDI=b4f81000
-1	25715	libc.so.6           	b4de660c	                                        	75 4c                                             	jnz 0xb4de665a                                    		EAX=00000000, ECX=24be98e7, EDX=bf8406d4, EBX=00000000, ESP=bf8406c0, EBP=00000000, ESI=b4f81000, EDI=b4f81000
-1	25715	libc.so.6           	b4de660e	                                        	65 a1 80 00 00 00                                 	mov eax, dword ptr gs:[0x80]                      		EAX=00000000, ECX=24be98e7, EDX=bf8406d4, EBX=00000000, ESP=bf8406c0, EBP=00000000, ESI=b4f81000, EDI=b4f81000
-1	25715	libc.so.6           	b4de6614	                                        	89 44 24 30                                       	mov dword ptr [esp+0x30], eax                     		EAX=00000000, ECX=24be98e7, EDX=bf8406d4, EBX=00000000, ESP=bf8406c0, EBP=00000000, ESI=b4f81000, EDI=b4f81000
-1	25715	libc.so.6           	b4de6618	                                        	65 a1 7c 00 00 00                                 	mov eax, dword ptr gs:[0x7c]                      		EAX=00000000, ECX=24be98e7, EDX=bf8406d4, EBX=00000000, ESP=bf8406c0, EBP=00000000, ESI=b4f81000, EDI=b4f81000
-1	25715	libc.so.6           	b4de661e	                                        	89 44 24 34                                       	mov dword ptr [esp+0x34], eax                     		EAX=00000000, ECX=24be98e7, EDX=bf8406d4, EBX=00000000, ESP=bf8406c0, EBP=00000000, ESI=b4f81000, EDI=b4f81000
-1	25715	libc.so.6           	b4de6622	                                        	8d 44 24 14                                       	lea eax, ptr [esp+0x14]                           		EAX=00000000, ECX=24be98e7, EDX=bf8406d4, EBX=00000000, ESP=bf8406c0, EBP=00000000, ESI=b4f81000, EDI=b4f81000
-1	25715	libc.so.6           	b4de6626	                                        	65 a3 80 00 00 00                                 	mov dword ptr gs:[0x80], eax                      		EAX=bf8406d4, ECX=24be98e7, EDX=bf8406d4, EBX=00000000, ESP=bf8406c0, EBP=00000000, ESI=b4f81000, EDI=b4f81000
-1	25715	libc.so.6           	b4de662c	                                        	83 ec 04                                          	sub esp, 0x4                                      		EAX=bf8406d4, ECX=24be98e7, EDX=bf8406d4, EBX=00000000, ESP=bf8406c0, EBP=00000000, ESI=b4f81000, EDI=b4f81000
-1	25715	libc.so.6           	b4de662f	                                        	8b 44 24 0c                                       	mov eax, dword ptr [esp+0xc]                      		EAX=bf8406d4, ECX=24be98e7, EDX=bf8406d4, EBX=00000000, ESP=bf8406bc, EBP=00000000, ESI=b4f81000, EDI=b4f81000
-1	25715	libc.so.6           	b4de6633	                                        	8b 80 48 ff ff ff                                 	mov eax, dword ptr [eax-0xb8]                     		EAX=b4f81000, ECX=24be98e7, EDX=bf8406d4, EBX=00000000, ESP=bf8406bc, EBP=00000000, ESI=b4f81000, EDI=b4f81000
-1	25715	libc.so.6           	b4de6639	                                        	ff 30                                             	push dword ptr [eax]                              		EAX=b4f82dbc, ECX=24be98e7, EDX=bf8406d4, EBX=00000000, ESP=bf8406bc, EBP=00000000, ESI=b4f81000, EDI=b4f81000
-1	25715	libc.so.6           	b4de663b	                                        	ff 74 24 70                                       	push dword ptr [esp+0x70]                         		EAX=b4f82dbc, ECX=24be98e7, EDX=bf8406d4, EBX=00000000, ESP=bf8406b8, EBP=00000000, ESI=b4f81000, EDI=b4f81000
-1	25715	libc.so.6           	b4de663f	                                        	ff 74 24 70                                       	push dword ptr [esp+0x70]                         		EAX=b4f82dbc, ECX=24be98e7, EDX=bf8406d4, EBX=00000000, ESP=bf8406b4, EBP=00000000, ESI=b4f81000, EDI=b4f81000
-1	25715	libc.so.6           	b4de6643	                                        	ff 54 24 70                                       	call dword ptr [esp+0x70]                         		EAX=b4f82dbc, ECX=24be98e7, EDX=bf8406d4, EBX=00000000, ESP=bf8406b0, EBP=00000000, ESI=b4f81000, EDI=b4f81000
-1	25715	unknown             	08048418	                                        	8d 4c 24 04                                       	lea ecx, ptr [esp+0x4]                            		EAX=b4f82dbc, ECX=24be98e7, EDX=bf8406d4, EBX=00000000, ESP=bf8406ac, EBP=00000000, ESI=b4f81000, EDI=b4f81000
-1	25715	unknown             	0804841c	                                        	83 e4 f0                                          	and esp, 0xfffffff0                               		EAX=b4f82dbc, ECX=bf8406b0, EDX=bf8406d4, EBX=00000000, ESP=bf8406ac, EBP=00000000, ESI=b4f81000, EDI=b4f81000
-1	25715	unknown             	0804841f	                                        	ff 71 fc                                          	push dword ptr [ecx-0x4]                          		EAX=b4f82dbc, ECX=bf8406b0, EDX=bf8406d4, EBX=00000000, ESP=bf8406a0, EBP=00000000, ESI=b4f81000, EDI=b4f81000
-1	25715	unknown             	08048422	                                        	55                                                	push ebp                                          		EAX=b4f82dbc, ECX=bf8406b0, EDX=bf8406d4, EBX=00000000, ESP=bf84069c, EBP=00000000, ESI=b4f81000, EDI=b4f81000
-1	25715	unknown             	08048423	                                        	89 e5                                             	mov ebp, esp                                      		EAX=b4f82dbc, ECX=bf8406b0, EDX=bf8406d4, EBX=00000000, ESP=bf840698, EBP=00000000, ESI=b4f81000, EDI=b4f81000
-1	25715	unknown             	08048425	                                        	51                                                	push ecx                                          		EAX=b4f82dbc, ECX=bf8406b0, EDX=bf8406d4, EBX=00000000, ESP=bf840698, EBP=bf840698, ESI=b4f81000, EDI=b4f81000
-1	25715	unknown             	08048426	                                        	83 ec 14                                          	sub esp, 0x14                                     		EAX=b4f82dbc, ECX=bf8406b0, EDX=bf8406d4, EBX=00000000, ESP=bf840694, EBP=bf840698, ESI=b4f81000, EDI=b4f81000
-1	25715	unknown             	08048429	                                        	89 c8                                             	mov eax, ecx                                      		EAX=b4f82dbc, ECX=bf8406b0, EDX=bf8406d4, EBX=00000000, ESP=bf840680, EBP=bf840698, ESI=b4f81000, EDI=b4f81000
-1	25715	unknown             	0804842b	                                        	8b 40 04                                          	mov eax, dword ptr [eax+0x4]                      		EAX=bf8406b0, ECX=bf8406b0, EDX=bf8406d4, EBX=00000000, ESP=bf840680, EBP=bf840698, ESI=b4f81000, EDI=b4f81000
-1	25715	unknown             	0804842e	                                        	83 c0 04                                          	add eax, 0x4                                      		EAX=bf840744, ECX=bf8406b0, EDX=bf8406d4, EBX=00000000, ESP=bf840680, EBP=bf840698, ESI=b4f81000, EDI=b4f81000
-1	25715	unknown             	08048431	                                        	8b 00                                             	mov eax, dword ptr [eax]                          		EAX=bf840748, ECX=bf8406b0, EDX=bf8406d4, EBX=00000000, ESP=bf840680, EBP=bf840698, ESI=b4f81000, EDI=b4f81000
-1	25715	unknown             	08048433	                                        	83 ec 0c                                          	sub esp, 0xc                                      		EAX=bf8424e1, ECX=bf8406b0, EDX=bf8406d4, EBX=00000000, ESP=bf840680, EBP=bf840698, ESI=b4f81000, EDI=b4f81000
-1	25715	unknown             	08048436	                                        	50                                                	push eax                                          		EAX=bf8424e1, ECX=bf8406b0, EDX=bf8406d4, EBX=00000000, ESP=bf840674, EBP=bf840698, ESI=b4f81000, EDI=b4f81000
-1	25715	unknown             	08048437	                                        	e8 b4 fe ff ff                                    	call 0x80482f0                                    		EAX=bf8424e1, ECX=bf8406b0, EDX=bf8406d4, EBX=00000000, ESP=bf840670, EBP=bf840698, ESI=b4f81000, EDI=b4f81000
-1	25715	unknown             	080482f0	                                        	ff 25 10 a0 04 08                                 	jmp dword ptr [0x804a010]                         		EAX=bf8424e1, ECX=bf8406b0, EDX=bf8406d4, EBX=00000000, ESP=bf84066c, EBP=bf840698, ESI=b4f81000, EDI=b4f81000
-1	25715	unknown             	080482f6	                                        	68 08 00 00 00                                    	push 0x8                                          		EAX=bf8424e1, ECX=bf8406b0, EDX=bf8406d4, EBX=00000000, ESP=bf84066c, EBP=bf840698, ESI=b4f81000, EDI=b4f81000
-1	25715	unknown             	080482fb	                                        	e9 d0 ff ff ff                                    	jmp 0x80482d0                                     		EAX=bf8424e1, ECX=bf8406b0, EDX=bf8406d4, EBX=00000000, ESP=bf840668, EBP=bf840698, ESI=b4f81000, EDI=b4f81000
-1	25715	unknown             	080482d0	                                        	ff 35 04 a0 04 08                                 	push dword ptr [0x804a004]                        		EAX=bf8424e1, ECX=bf8406b0, EDX=bf8406d4, EBX=00000000, ESP=bf840668, EBP=bf840698, ESI=b4f81000, EDI=b4f81000
-1	25715	unknown             	080482d6	                                        	ff 25 08 a0 04 08                                 	jmp dword ptr [0x804a008]                         		EAX=bf8424e1, ECX=bf8406b0, EDX=bf8406d4, EBX=00000000, ESP=bf840664, EBP=bf840698, ESI=b4f81000, EDI=b4f81000
-1	25715	ld-linux.so.2       	b7702000	                                        	50                                                	push eax                                          		EAX=bf8424e1, ECX=bf8406b0, EDX=bf8406d4, EBX=00000000, ESP=bf840664, EBP=bf840698, ESI=b4f81000, EDI=b4f81000
-1	25715	ld-linux.so.2       	b7702001	                                        	51                                                	push ecx                                          		EAX=bf8424e1, ECX=bf8406b0, EDX=bf8406d4, EBX=00000000, ESP=bf840660, EBP=bf840698, ESI=b4f81000, EDI=b4f81000
-1	25715	ld-linux.so.2       	b7702002	                                        	52                                                	push edx                                          		EAX=bf8424e1, ECX=bf8406b0, EDX=bf8406d4, EBX=00000000, ESP=bf84065c, EBP=bf840698, ESI=b4f81000, EDI=b4f81000
-1	25715	ld-linux.so.2       	b7702003	                                        	8b 54 24 10                                       	mov edx, dword ptr [esp+0x10]                     		EAX=bf8424e1, ECX=bf8406b0, EDX=bf8406d4, EBX=00000000, ESP=bf840658, EBP=bf840698, ESI=b4f81000, EDI=b4f81000
-1	25715	ld-linux.so.2       	b7702007	                                        	8b 44 24 0c                                       	mov eax, dword ptr [esp+0xc]                      		EAX=bf8424e1, ECX=bf8406b0, EDX=00000008, EBX=00000000, ESP=bf840658, EBP=bf840698, ESI=b4f81000, EDI=b4f81000
-1	25715	ld-linux.so.2       	b770200b	                                        	e8 d0 97 ff ff                                    	call 0xb76fb7e0                                   		EAX=b7711918, ECX=bf8406b0, EDX=00000008, EBX=00000000, ESP=bf840658, EBP=bf840698, ESI=b4f81000, EDI=b4f81000
-1	25715	ld-linux.so.2       	b76fb7e0	                                        	55                                                	push ebp                                          		EAX=b7711918, ECX=bf8406b0, EDX=00000008, EBX=00000000, ESP=bf840654, EBP=bf840698, ESI=b4f81000, EDI=b4f81000
-1	25715	ld-linux.so.2       	b76fb7e1	                                        	57                                                	push edi                                          		EAX=b7711918, ECX=bf8406b0, EDX=00000008, EBX=00000000, ESP=bf840650, EBP=bf840698, ESI=b4f81000, EDI=b4f81000
-1	25715	ld-linux.so.2       	b76fb7e2	                                        	89 c7                                             	mov edi, eax                                      		EAX=b7711918, ECX=bf8406b0, EDX=00000008, EBX=00000000, ESP=bf84064c, EBP=bf840698, ESI=b4f81000, EDI=b4f81000
-1	25715	ld-linux.so.2       	b76fb7e4	                                        	56                                                	push esi                                          		EAX=b7711918, ECX=bf8406b0, EDX=00000008, EBX=00000000, ESP=bf84064c, EBP=bf840698, ESI=b4f81000, EDI=b7711918
-1	25715	ld-linux.so.2       	b76fb7e5	                                        	53                                                	push ebx                                          		EAX=b7711918, ECX=bf8406b0, EDX=00000008, EBX=00000000, ESP=bf840648, EBP=bf840698, ESI=b4f81000, EDI=b7711918
-1	25715	ld-linux.so.2       	b76fb7e6	                                        	e8 02 b1 00 00                                    	call 0xb77068ed                                   		EAX=b7711918, ECX=bf8406b0, EDX=00000008, EBX=00000000, ESP=bf840644, EBP=bf840698, ESI=b4f81000, EDI=b7711918
-1	25715	ld-linux.so.2       	b77068ed	                                        	8b 34 24                                          	mov esi, dword ptr [esp]                          		EAX=b7711918, ECX=bf8406b0, EDX=00000008, EBX=00000000, ESP=bf840640, EBP=bf840698, ESI=b4f81000, EDI=b7711918
-1	25715	ld-linux.so.2       	b77068f0	                                        	c3                                                	ret                                               		EAX=b7711918, ECX=bf8406b0, EDX=00000008, EBX=00000000, ESP=bf840640, EBP=bf840698, ESI=b76fb7eb, EDI=b7711918
-1	25715	ld-linux.so.2       	b76fb7eb	                                        	81 c6 15 58 01 00                                 	add esi, 0x15815                                  		EAX=b7711918, ECX=bf8406b0, EDX=00000008, EBX=00000000, ESP=bf840644, EBP=bf840698, ESI=b76fb7eb, EDI=b7711918
-1	25715	ld-linux.so.2       	b76fb7f1	                                        	83 ec 2c                                          	sub esp, 0x2c                                     		EAX=b7711918, ECX=bf8406b0, EDX=00000008, EBX=00000000, ESP=bf840644, EBP=bf840698, ESI=b7711000, EDI=b7711918
-1	25715	ld-linux.so.2       	b76fb7f4	                                        	8b 4f 7c                                          	mov ecx, dword ptr [edi+0x7c]                     		EAX=b7711918, ECX=bf8406b0, EDX=00000008, EBX=00000000, ESP=bf840618, EBP=bf840698, ESI=b7711000, EDI=b7711918
-1	25715	ld-linux.so.2       	b76fb7f7	                                        	8b 40 34                                          	mov eax, dword ptr [eax+0x34]                     		EAX=b7711918, ECX=08049f94, EDX=00000008, EBX=00000000, ESP=bf840618, EBP=bf840698, ESI=b7711000, EDI=b7711918
-1	25715	ld-linux.so.2       	b76fb7fa	                                        	89 74 24 08                                       	mov dword ptr [esp+0x8], esi                      		EAX=08049f54, ECX=08049f94, EDX=00000008, EBX=00000000, ESP=bf840618, EBP=bf840698, ESI=b7711000, EDI=b7711918
-1	25715	ld-linux.so.2       	b76fb7fe	                                        	03 51 04                                          	add edx, dword ptr [ecx+0x4]                      		EAX=08049f54, ECX=08049f94, EDX=00000008, EBX=00000000, ESP=bf840618, EBP=bf840698, ESI=b7711000, EDI=b7711918
-1	25715	ld-linux.so.2       	b76fb801	                                        	8b 40 04                                          	mov eax, dword ptr [eax+0x4]                      		EAX=08049f54, ECX=08049f94, EDX=080482a0, EBX=00000000, ESP=bf840618, EBP=bf840698, ESI=b7711000, EDI=b7711918
-1	25715	ld-linux.so.2       	b76fb804	                                        	8b 4f 38                                          	mov ecx, dword ptr [edi+0x38]                     		EAX=0804821c, ECX=08049f94, EDX=080482a0, EBX=00000000, ESP=bf840618, EBP=bf840698, ESI=b7711000, EDI=b7711918
-1	25715	ld-linux.so.2       	b76fb807	                                        	89 44 24 0c                                       	mov dword ptr [esp+0xc], eax                      		EAX=0804821c, ECX=08049f5c, EDX=080482a0, EBX=00000000, ESP=bf840618, EBP=bf840698, ESI=b7711000, EDI=b7711918
-1	25715	ld-linux.so.2       	b76fb80b	                                        	89 d5                                             	mov ebp, edx                                      		EAX=0804821c, ECX=08049f5c, EDX=080482a0, EBX=00000000, ESP=bf840618, EBP=bf840698, ESI=b7711000, EDI=b7711918
-1	25715	ld-linux.so.2       	b76fb80d	                                        	8b 52 04                                          	mov edx, dword ptr [edx+0x4]                      		EAX=0804821c, ECX=08049f5c, EDX=080482a0, EBX=00000000, ESP=bf840618, EBP=080482a0, ESI=b7711000, EDI=b7711918
-1	25715	ld-linux.so.2       	b76fb810	                                        	8b 45 00                                          	mov eax, dword ptr [ebp]                          		EAX=0804821c, ECX=08049f5c, EDX=00000307, EBX=00000000, ESP=bf840618, EBP=080482a0, ESI=b7711000, EDI=b7711918
-1	25715	ld-linux.so.2       	b76fb813	                                        	89 d6                                             	mov esi, edx                                      		EAX=0804a010, ECX=08049f5c, EDX=00000307, EBX=00000000, ESP=bf840618, EBP=080482a0, ESI=b7711000, EDI=b7711918
-1	25715	ld-linux.so.2       	b76fb815	                                        	c1 ee 08                                          	shr esi, 0x8                                      		EAX=0804a010, ECX=08049f5c, EDX=00000307, EBX=00000000, ESP=bf840618, EBP=080482a0, ESI=00000307, EDI=b7711918
-1	25715	ld-linux.so.2       	b76fb818	                                        	89 f3                                             	mov ebx, esi                                      		EAX=0804a010, ECX=08049f5c, EDX=00000307, EBX=00000000, ESP=bf840618, EBP=080482a0, ESI=00000003, EDI=b7711918
-1	25715	ld-linux.so.2       	b76fb81a	                                        	c1 e3 04                                          	shl ebx, 0x4                                      		EAX=0804a010, ECX=08049f5c, EDX=00000307, EBX=00000003, ESP=bf840618, EBP=080482a0, ESI=00000003, EDI=b7711918
-1	25715	ld-linux.so.2       	b76fb81d	                                        	03 59 04                                          	add ebx, dword ptr [ecx+0x4]                      		EAX=0804a010, ECX=08049f5c, EDX=00000307, EBX=00000030, ESP=bf840618, EBP=080482a0, ESI=00000003, EDI=b7711918
-1	25715	ld-linux.so.2       	b76fb820	                                        	8b 0f                                             	mov ecx, dword ptr [edi]                          		EAX=0804a010, ECX=08049f5c, EDX=00000307, EBX=080481fc, ESP=bf840618, EBP=080482a0, ESI=00000003, EDI=b7711918
-1	25715	ld-linux.so.2       	b76fb822	                                        	01 c8                                             	add eax, ecx                                      		EAX=0804a010, ECX=00000000, EDX=00000307, EBX=080481fc, ESP=bf840618, EBP=080482a0, ESI=00000003, EDI=b7711918
-1	25715	ld-linux.so.2       	b76fb824	                                        	80 fa 07                                          	cmp dl, 0x7                                       		EAX=0804a010, ECX=00000000, EDX=00000307, EBX=080481fc, ESP=bf840618, EBP=080482a0, ESI=00000003, EDI=b7711918
-1	25715	ld-linux.so.2       	b76fb827	                                        	89 5c 24 1c                                       	mov dword ptr [esp+0x1c], ebx                     		EAX=0804a010, ECX=00000000, EDX=00000307, EBX=080481fc, ESP=bf840618, EBP=080482a0, ESI=00000003, EDI=b7711918
-1	25715	ld-linux.so.2       	b76fb82b	                                        	0f 85 3e 01 00 00                                 	jnz 0xb76fb96f                                    		EAX=0804a010, ECX=00000000, EDX=00000307, EBX=080481fc, ESP=bf840618, EBP=080482a0, ESI=00000003, EDI=b7711918
-1	25715	ld-linux.so.2       	b76fb831	                                        	f6 43 0d 03                                       	test byte ptr [ebx+0xd], 0x3                      		EAX=0804a010, ECX=00000000, EDX=00000307, EBX=080481fc, ESP=bf840618, EBP=080482a0, ESI=00000003, EDI=b7711918
-1	25715	ld-linux.so.2       	b76fb835	                                        	89 c5                                             	mov ebp, eax                                      		EAX=0804a010, ECX=00000000, EDX=00000307, EBX=080481fc, ESP=bf840618, EBP=080482a0, ESI=00000003, EDI=b7711918
-1	25715	ld-linux.so.2       	b76fb837	                                        	0f 85 d3 00 00 00                                 	jnz 0xb76fb910                                    		EAX=0804a010, ECX=00000000, EDX=00000307, EBX=080481fc, ESP=bf840618, EBP=0804a010, ESI=00000003, EDI=b7711918
-1	25715	ld-linux.so.2       	b76fb83d	                                        	8b 97 e4 00 00 00                                 	mov edx, dword ptr [edi+0xe4]                     		EAX=0804a010, ECX=00000000, EDX=00000307, EBX=080481fc, ESP=bf840618, EBP=0804a010, ESI=00000003, EDI=b7711918
-1	25715	ld-linux.so.2       	b76fb843	                                        	85 d2                                             	test edx, edx                                     		EAX=0804a010, ECX=00000000, EDX=08049fc4, EBX=080481fc, ESP=bf840618, EBP=0804a010, ESI=00000003, EDI=b7711918
-1	25715	ld-linux.so.2       	b76fb845	                                        	0f 84 a5 00 00 00                                 	jz 0xb76fb8f0                                     		EAX=0804a010, ECX=00000000, EDX=08049fc4, EBX=080481fc, ESP=bf840618, EBP=0804a010, ESI=00000003, EDI=b7711918
-1	25715	ld-linux.so.2       	b76fb84b	                                        	8b 52 04                                          	mov edx, dword ptr [edx+0x4]                      		EAX=0804a010, ECX=00000000, EDX=08049fc4, EBX=080481fc, ESP=bf840618, EBP=0804a010, ESI=00000003, EDI=b7711918
-1	25715	ld-linux.so.2       	b76fb84e	                                        	0f b7 14 72                                       	movzx edx, word ptr [edx+esi*2]                   		EAX=0804a010, ECX=00000000, EDX=08048266, EBX=080481fc, ESP=bf840618, EBP=0804a010, ESI=00000003, EDI=b7711918
-1	25715	ld-linux.so.2       	b76fb852	                                        	81 e2 ff 7f 00 00                                 	and edx, 0x7fff                                   		EAX=0804a010, ECX=00000000, EDX=00000002, EBX=080481fc, ESP=bf840618, EBP=0804a010, ESI=00000003, EDI=b7711918
-1	25715	ld-linux.so.2       	b76fb858	                                        	c1 e2 04                                          	shl edx, 0x4                                      		EAX=0804a010, ECX=00000000, EDX=00000002, EBX=080481fc, ESP=bf840618, EBP=0804a010, ESI=00000003, EDI=b7711918
-1	25715	ld-linux.so.2       	b76fb85b	                                        	03 97 70 01 00 00                                 	add edx, dword ptr [edi+0x170]                    		EAX=0804a010, ECX=00000000, EDX=00000020, EBX=080481fc, ESP=bf840618, EBP=0804a010, ESI=00000003, EDI=b7711918
-1	25715	ld-linux.so.2       	b76fb861	                                        	8b 4a 04                                          	mov ecx, dword ptr [edx+0x4]                      		EAX=0804a010, ECX=00000000, EDX=b50234a0, EBX=080481fc, ESP=bf840618, EBP=0804a010, ESI=00000003, EDI=b7711918
-1	25715	ld-linux.so.2       	b76fb864	                                        	85 c9                                             	test ecx, ecx                                     		EAX=0804a010, ECX=0d696910, EDX=b50234a0, EBX=080481fc, ESP=bf840618, EBP=0804a010, ESI=00000003, EDI=b7711918
-1	25715	ld-linux.so.2       	b76fb866	                                        	b9 00 00 00 00                                    	mov ecx, 0x0                                      		EAX=0804a010, ECX=0d696910, EDX=b50234a0, EBX=080481fc, ESP=bf840618, EBP=0804a010, ESI=00000003, EDI=b7711918
-1	25715	ld-linux.so.2       	b76fb86b	                                        	0f 44 d1                                          	cmovz edx, ecx                                    		EAX=0804a010, ECX=00000000, EDX=b50234a0, EBX=080481fc, ESP=bf840618, EBP=0804a010, ESI=00000003, EDI=b7711918
-1	25715	ld-linux.so.2       	b76fb86e	                                        	65 8b 0d 0c 00 00 00                              	mov ecx, dword ptr gs:[0xc]                       		EAX=0804a010, ECX=00000000, EDX=b50234a0, EBX=080481fc, ESP=bf840618, EBP=0804a010, ESI=00000003, EDI=b7711918
-1	25715	ld-linux.so.2       	b76fb875	                                        	85 c9                                             	test ecx, ecx                                     		EAX=0804a010, ECX=00000000, EDX=b50234a0, EBX=080481fc, ESP=bf840618, EBP=0804a010, ESI=00000003, EDI=b7711918
-1	25715	ld-linux.so.2       	b76fb877	                                        	be 01 00 00 00                                    	mov esi, 0x1                                      		EAX=0804a010, ECX=00000000, EDX=b50234a0, EBX=080481fc, ESP=bf840618, EBP=0804a010, ESI=00000003, EDI=b7711918
-1	25715	ld-linux.so.2       	b76fb87c	                                        	0f 85 ce 00 00 00                                 	jnz 0xb76fb950                                    		EAX=0804a010, ECX=00000000, EDX=b50234a0, EBX=080481fc, ESP=bf840618, EBP=0804a010, ESI=00000001, EDI=b7711918
-1	25715	ld-linux.so.2       	b76fb882	                                        	8b 44 24 0c                                       	mov eax, dword ptr [esp+0xc]                      		EAX=0804a010, ECX=00000000, EDX=b50234a0, EBX=080481fc, ESP=bf840618, EBP=0804a010, ESI=00000001, EDI=b7711918
-1	25715	ld-linux.so.2       	b76fb886	                                        	03 03                                             	add eax, dword ptr [ebx]                          		EAX=0804821c, ECX=00000000, EDX=b50234a0, EBX=080481fc, ESP=bf840618, EBP=0804a010, ESI=00000001, EDI=b7711918
-1	25715	ld-linux.so.2       	b76fb888	                                        	8d 4c 24 1c                                       	lea ecx, ptr [esp+0x1c]                           		EAX=08048236, ECX=00000000, EDX=b50234a0, EBX=080481fc, ESP=bf840618, EBP=0804a010, ESI=00000001, EDI=b7711918
-1	25715	ld-linux.so.2       	b76fb88c	                                        	83 ec 0c                                          	sub esp, 0xc                                      		EAX=08048236, ECX=bf840634, EDX=b50234a0, EBX=080481fc, ESP=bf840618, EBP=0804a010, ESI=00000001, EDI=b7711918
-1	25715	ld-linux.so.2       	b76fb88f	                                        	6a 00                                             	push 0x0                                          		EAX=08048236, ECX=bf840634, EDX=b50234a0, EBX=080481fc, ESP=bf84060c, EBP=0804a010, ESI=00000001, EDI=b7711918
-1	25715	ld-linux.so.2       	b76fb891	                                        	56                                                	push esi                                          		EAX=08048236, ECX=bf840634, EDX=b50234a0, EBX=080481fc, ESP=bf840608, EBP=0804a010, ESI=00000001, EDI=b7711918
-1	25715	ld-linux.so.2       	b76fb892	                                        	6a 01                                             	push 0x1                                          		EAX=08048236, ECX=bf840634, EDX=b50234a0, EBX=080481fc, ESP=bf840604, EBP=0804a010, ESI=00000001, EDI=b7711918
-1	25715	ld-linux.so.2       	b76fb894	                                        	52                                                	push edx                                          		EAX=08048236, ECX=bf840634, EDX=b50234a0, EBX=080481fc, ESP=bf840600, EBP=0804a010, ESI=00000001, EDI=b7711918
-1	25715	ld-linux.so.2       	b76fb895	                                        	89 fa                                             	mov edx, edi                                      		EAX=08048236, ECX=bf840634, EDX=b50234a0, EBX=080481fc, ESP=bf8405fc, EBP=0804a010, ESI=00000001, EDI=b7711918
-1	25715	ld-linux.so.2       	b76fb897	                                        	ff b7 cc 01 00 00                                 	push dword ptr [edi+0x1cc]                        		EAX=08048236, ECX=bf840634, EDX=b7711918, EBX=080481fc, ESP=bf8405fc, EBP=0804a010, ESI=00000001, EDI=b7711918
-1	25715	ld-linux.so.2       	b76fb89d	                                        	e8 be b1 ff ff                                    	call 0xb76f6a60                                   		EAX=08048236, ECX=bf840634, EDX=b7711918, EBX=080481fc, ESP=bf8405f8, EBP=0804a010, ESI=00000001, EDI=b7711918
-1	25715	ld-linux.so.2       	b76fb8a2	                                        	89 c7                                             	mov edi, eax                                      		EAX=b50231b0, ECX=b4de12ef, EDX=b4dd8e98, EBX=080481fc, ESP=bf84060c, EBP=0804a010, ESI=00000001, EDI=b7711918
-1	25715	ld-linux.so.2       	b76fb8a4	                                        	65 a1 0c 00 00 00                                 	mov eax, dword ptr gs:[0xc]                       		EAX=b50231b0, ECX=b4de12ef, EDX=b4dd8e98, EBX=080481fc, ESP=bf84060c, EBP=0804a010, ESI=00000001, EDI=b50231b0
-1	25715	ld-linux.so.2       	b76fb8aa	                                        	83 c4 0c                                          	add esp, 0xc                                      		EAX=00000000, ECX=b4de12ef, EDX=b4dd8e98, EBX=080481fc, ESP=bf84060c, EBP=0804a010, ESI=00000001, EDI=b50231b0
-1	25715	ld-linux.so.2       	b76fb8ad	                                        	85 c0                                             	test eax, eax                                     		EAX=00000000, ECX=b4de12ef, EDX=b4dd8e98, EBX=080481fc, ESP=bf840618, EBP=0804a010, ESI=00000001, EDI=b50231b0
-1	25715	ld-linux.so.2       	b76fb8af	                                        	75 67                                             	jnz 0xb76fb918                                    		EAX=00000000, ECX=b4de12ef, EDX=b4dd8e98, EBX=080481fc, ESP=bf840618, EBP=0804a010, ESI=00000001, EDI=b50231b0
-1	25715	ld-linux.so.2       	b76fb8b1	                                        	8b 5c 24 1c                                       	mov ebx, dword ptr [esp+0x1c]                     		EAX=00000000, ECX=b4de12ef, EDX=b4dd8e98, EBX=080481fc, ESP=bf840618, EBP=0804a010, ESI=00000001, EDI=b50231b0
-1	25715	ld-linux.so.2       	b76fb8b5	                                        	85 db                                             	test ebx, ebx                                     		EAX=00000000, ECX=b4de12ef, EDX=b4dd8e98, EBX=b4dd8e98, ESP=bf840618, EBP=0804a010, ESI=00000001, EDI=b50231b0
-1	25715	ld-linux.so.2       	b76fb8b7	                                        	74 47                                             	jz 0xb76fb900                                     		EAX=00000000, ECX=b4de12ef, EDX=b4dd8e98, EBX=b4dd8e98, ESP=bf840618, EBP=0804a010, ESI=00000001, EDI=b50231b0
-1	25715	ld-linux.so.2       	b76fb8b9	                                        	85 ff                                             	test edi, edi                                     		EAX=00000000, ECX=b4de12ef, EDX=b4dd8e98, EBX=b4dd8e98, ESP=bf840618, EBP=0804a010, ESI=00000001, EDI=b50231b0
-1	25715	ld-linux.so.2       	b76fb8bb	                                        	74 4b                                             	jz 0xb76fb908                                     		EAX=00000000, ECX=b4de12ef, EDX=b4dd8e98, EBX=b4dd8e98, ESP=bf840618, EBP=0804a010, ESI=00000001, EDI=b50231b0
-1	25715	ld-linux.so.2       	b76fb8bd	                                        	8b 07                                             	mov eax, dword ptr [edi]                          		EAX=00000000, ECX=b4de12ef, EDX=b4dd8e98, EBX=b4dd8e98, ESP=bf840618, EBP=0804a010, ESI=00000001, EDI=b50231b0
-1	25715	ld-linux.so.2       	b76fb8bf	                                        	0f b6 53 0c                                       	movzx edx, byte ptr [ebx+0xc]                     		EAX=b4dce000, ECX=b4de12ef, EDX=b4dd8e98, EBX=b4dd8e98, ESP=bf840618, EBP=0804a010, ESI=00000001, EDI=b50231b0
-1	25715	ld-linux.so.2       	b76fb8c3	                                        	03 43 04                                          	add eax, dword ptr [ebx+0x4]                      		EAX=b4dce000, ECX=b4de12ef, EDX=00000012, EBX=b4dd8e98, ESP=bf840618, EBP=0804a010, ESI=00000001, EDI=b50231b0
-1	25715	ld-linux.so.2       	b76fb8c6	                                        	83 e2 0f                                          	and edx, 0xf                                      		EAX=b4dfb260, ECX=b4de12ef, EDX=00000012, EBX=b4dd8e98, ESP=bf840618, EBP=0804a010, ESI=00000001, EDI=b50231b0
-1	25715	ld-linux.so.2       	b76fb8c9	                                        	80 fa 0a                                          	cmp dl, 0xa                                       		EAX=b4dfb260, ECX=b4de12ef, EDX=00000002, EBX=b4dd8e98, ESP=bf840618, EBP=0804a010, ESI=00000001, EDI=b50231b0
-1	25715	ld-linux.so.2       	b76fb8cc	                                        	0f 84 96 00 00 00                                 	jz 0xb76fb968                                     		EAX=b4dfb260, ECX=b4de12ef, EDX=00000002, EBX=b4dd8e98, ESP=bf840618, EBP=0804a010, ESI=00000001, EDI=b50231b0
-1	25715	ld-linux.so.2       	b76fb8d2	                                        	8b 74 24 08                                       	mov esi, dword ptr [esp+0x8]                      		EAX=b4dfb260, ECX=b4de12ef, EDX=00000002, EBX=b4dd8e98, ESP=bf840618, EBP=0804a010, ESI=00000001, EDI=b50231b0
-1	25715	ld-linux.so.2       	b76fb8d6	                                        	8b 96 30 fd ff ff                                 	mov edx, dword ptr [esi-0x2d0]                    		EAX=b4dfb260, ECX=b4de12ef, EDX=00000002, EBX=b4dd8e98, ESP=bf840618, EBP=0804a010, ESI=b7711000, EDI=b50231b0
-1	25715	ld-linux.so.2       	b76fb8dc	                                        	85 d2                                             	test edx, edx                                     		EAX=b4dfb260, ECX=b4de12ef, EDX=00000000, EBX=b4dd8e98, ESP=bf840618, EBP=0804a010, ESI=b7711000, EDI=b50231b0
-1	25715	ld-linux.so.2       	b76fb8de	                                        	75 03                                             	jnz 0xb76fb8e3                                    		EAX=b4dfb260, ECX=b4de12ef, EDX=00000000, EBX=b4dd8e98, ESP=bf840618, EBP=0804a010, ESI=b7711000, EDI=b50231b0
-1	25715	ld-linux.so.2       	b76fb8e0	                                        	89 45 00                                          	mov dword ptr [ebp], eax                          		EAX=b4dfb260, ECX=b4de12ef, EDX=00000000, EBX=b4dd8e98, ESP=bf840618, EBP=0804a010, ESI=b7711000, EDI=b50231b0
-1	25715	ld-linux.so.2       	b76fb8e3	                                        	83 c4 2c                                          	add esp, 0x2c                                     		EAX=b4dfb260, ECX=b4de12ef, EDX=00000000, EBX=b4dd8e98, ESP=bf840618, EBP=0804a010, ESI=b7711000, EDI=b50231b0
-1	25715	ld-linux.so.2       	b76fb8e6	                                        	5b                                                	pop ebx                                           		EAX=b4dfb260, ECX=b4de12ef, EDX=00000000, EBX=b4dd8e98, ESP=bf840644, EBP=0804a010, ESI=b7711000, EDI=b50231b0
-1	25715	ld-linux.so.2       	b76fb8e7	                                        	5e                                                	pop esi                                           		EAX=b4dfb260, ECX=b4de12ef, EDX=00000000, EBX=00000000, ESP=bf840648, EBP=0804a010, ESI=b7711000, EDI=b50231b0
-1	25715	ld-linux.so.2       	b76fb8e8	                                        	5f                                                	pop edi                                           		EAX=b4dfb260, ECX=b4de12ef, EDX=00000000, EBX=00000000, ESP=bf84064c, EBP=0804a010, ESI=b4f81000, EDI=b50231b0
-1	25715	ld-linux.so.2       	b76fb8e9	                                        	5d                                                	pop ebp                                           		EAX=b4dfb260, ECX=b4de12ef, EDX=00000000, EBX=00000000, ESP=bf840650, EBP=0804a010, ESI=b4f81000, EDI=b4f81000
-1	25715	ld-linux.so.2       	b76fb8ea	                                        	c3                                                	ret                                               		EAX=b4dfb260, ECX=b4de12ef, EDX=00000000, EBX=00000000, ESP=bf840654, EBP=bf840698, ESI=b4f81000, EDI=b4f81000
-1	25715	ld-linux.so.2       	b7702010	                                        	5a                                                	pop edx                                           		EAX=b4dfb260, ECX=b4de12ef, EDX=00000000, EBX=00000000, ESP=bf840658, EBP=bf840698, ESI=b4f81000, EDI=b4f81000
-1	25715	ld-linux.so.2       	b7702011	                                        	8b 0c 24                                          	mov ecx, dword ptr [esp]                          		EAX=b4dfb260, ECX=b4de12ef, EDX=bf8406d4, EBX=00000000, ESP=bf84065c, EBP=bf840698, ESI=b4f81000, EDI=b4f81000
-1	25715	ld-linux.so.2       	b7702014	                                        	89 04 24                                          	mov dword ptr [esp], eax                          		EAX=b4dfb260, ECX=bf8406b0, EDX=bf8406d4, EBX=00000000, ESP=bf84065c, EBP=bf840698, ESI=b4f81000, EDI=b4f81000
-1	25715	ld-linux.so.2       	b7702017	                                        	8b 44 24 04                                       	mov eax, dword ptr [esp+0x4]                      		EAX=b4dfb260, ECX=bf8406b0, EDX=bf8406d4, EBX=00000000, ESP=bf84065c, EBP=bf840698, ESI=b4f81000, EDI=b4f81000
-1	25715	ld-linux.so.2       	b770201b	                                        	c2 0c 00                                          	ret 0xc                                           		EAX=bf8424e1, ECX=bf8406b0, EDX=bf8406d4, EBX=00000000, ESP=bf84065c, EBP=bf840698, ESI=b4f81000, EDI=b4f81000
-1	25715	libc.so.6           	b4dfb260	                                        	83 ec 10                                          	sub esp, 0x10                                     		EAX=bf8424e1, ECX=bf8406b0, EDX=bf8406d4, EBX=00000000, ESP=bf84066c, EBP=bf840698, ESI=b4f81000, EDI=b4f81000
-1	25715	libc.so.6           	b4dfb263	                                        	6a 0a                                             	push 0xa                                          		EAX=bf8424e1, ECX=bf8406b0, EDX=bf8406d4, EBX=00000000, ESP=bf84065c, EBP=bf840698, ESI=b4f81000, EDI=b4f81000
-1	25715	libc.so.6           	b4dfb265	                                        	6a 00                                             	push 0x0                                          		EAX=bf8424e1, ECX=bf8406b0, EDX=bf8406d4, EBX=00000000, ESP=bf840658, EBP=bf840698, ESI=b4f81000, EDI=b4f81000
-1	25715	libc.so.6           	b4dfb267	                                        	ff 74 24 1c                                       	push dword ptr [esp+0x1c]                         		EAX=bf8424e1, ECX=bf8406b0, EDX=bf8406d4, EBX=00000000, ESP=bf840654, EBP=bf840698, ESI=b4f81000, EDI=b4f81000
-1	25715	libc.so.6           	b4dfb26b	                                        	e8 90 2c 00 00                                    	call 0xb4dfdf00                                   		EAX=bf8424e1, ECX=bf8406b0, EDX=bf8406d4, EBX=00000000, ESP=bf840650, EBP=bf840698, ESI=b4f81000, EDI=b4f81000
-1	25715	libc.so.6           	b4dfdf00	atoi                                    	e8 74 fd 0e 00                                    	call 0xb4eedc79                                   		EAX=bf8424e1, ECX=bf8406b0, EDX=bf8406d4, EBX=00000000, ESP=bf84064c, EBP=bf840698, ESI=b4f81000, EDI=b4f81000
-1	25715	libc.so.6           	b4eedc79	strtol                                  	8b 04 24                                          	mov eax, dword ptr [esp]                          		EAX=bf8424e1, ECX=bf8406b0, EDX=bf8406d4, EBX=00000000, ESP=bf840648, EBP=bf840698, ESI=b4f81000, EDI=b4f81000
-1	25715	libc.so.6           	b4eedc7c	                                        	c3                                                	ret                                               		EAX=b4dfdf05, ECX=bf8406b0, EDX=bf8406d4, EBX=00000000, ESP=bf840648, EBP=bf840698, ESI=b4f81000, EDI=b4f81000
-1	25715	libc.so.6           	b4dfdf05	                                        	05 fb 30 18 00                                    	add eax, 0x1830fb                                 		EAX=b4dfdf05, ECX=bf8406b0, EDX=bf8406d4, EBX=00000000, ESP=bf84064c, EBP=bf840698, ESI=b4f81000, EDI=b4f81000
-1	25715	libc.so.6           	b4dfdf0a	                                        	83 ec 18                                          	sub esp, 0x18                                     		EAX=b4f81000, ECX=bf8406b0, EDX=bf8406d4, EBX=00000000, ESP=bf84064c, EBP=bf840698, ESI=b4f81000, EDI=b4f81000
-1	25715	libc.so.6           	b4dfdf0d	                                        	65 8b 15 00 00 00 00                              	mov edx, dword ptr gs:[0x0]                       		EAX=b4f81000, ECX=bf8406b0, EDX=bf8406d4, EBX=00000000, ESP=bf840634, EBP=bf840698, ESI=b4f81000, EDI=b4f81000
-1	25715	libc.so.6           	b4dfdf14	                                        	8b 80 d0 fe ff ff                                 	mov eax, dword ptr [eax-0x130]                    		EAX=b4f81000, ECX=bf8406b0, EDX=b4dbb700, EBX=00000000, ESP=bf840634, EBP=bf840698, ESI=b4f81000, EDI=b4f81000
-1	25715	libc.so.6           	b4dfdf1a	                                        	ff 34 02                                          	push dword ptr [edx+eax*1]                        		EAX=ffffffb8, ECX=bf8406b0, EDX=b4dbb700, EBX=00000000, ESP=bf840634, EBP=bf840698, ESI=b4f81000, EDI=b4f81000
-1	25715	libc.so.6           	b4dfdf1d	                                        	6a 00                                             	push 0x0                                          		EAX=ffffffb8, ECX=bf8406b0, EDX=b4dbb700, EBX=00000000, ESP=bf840630, EBP=bf840698, ESI=b4f81000, EDI=b4f81000
-1	25715	libc.so.6           	b4dfdf1f	                                        	ff 74 24 2c                                       	push dword ptr [esp+0x2c]                         		EAX=ffffffb8, ECX=bf8406b0, EDX=b4dbb700, EBX=00000000, ESP=bf84062c, EBP=bf840698, ESI=b4f81000, EDI=b4f81000
-1	25715	libc.so.6           	b4dfdf23	                                        	ff 74 24 2c                                       	push dword ptr [esp+0x2c]                         		EAX=ffffffb8, ECX=bf8406b0, EDX=b4dbb700, EBX=00000000, ESP=bf840628, EBP=bf840698, ESI=b4f81000, EDI=b4f81000
-1	25715	libc.so.6           	b4dfdf27	                                        	ff 74 24 2c                                       	push dword ptr [esp+0x2c]                         		EAX=ffffffb8, ECX=bf8406b0, EDX=b4dbb700, EBX=00000000, ESP=bf840624, EBP=bf840698, ESI=b4f81000, EDI=b4f81000
-1	25715	libc.so.6           	b4dfdf2b	                                        	e8 90 01 00 00                                    	call 0xb4dfe0c0                                   		EAX=ffffffb8, ECX=bf8406b0, EDX=b4dbb700, EBX=00000000, ESP=bf840620, EBP=bf840698, ESI=b4f81000, EDI=b4f81000
-1	25715	libc.so.6           	b4dfe0c0	                                        	55                                                	push ebp                                          		EAX=ffffffb8, ECX=bf8406b0, EDX=b4dbb700, EBX=00000000, ESP=bf84061c, EBP=bf840698, ESI=b4f81000, EDI=b4f81000
-1	25715	libc.so.6           	b4dfe0c1	                                        	57                                                	push edi                                          		EAX=ffffffb8, ECX=bf8406b0, EDX=b4dbb700, EBX=00000000, ESP=bf840618, EBP=bf840698, ESI=b4f81000, EDI=b4f81000
-1	25715	libc.so.6           	b4dfe0c2	                                        	56                                                	push esi                                          		EAX=ffffffb8, ECX=bf8406b0, EDX=b4dbb700, EBX=00000000, ESP=bf840614, EBP=bf840698, ESI=b4f81000, EDI=b4f81000
-1	25715	libc.so.6           	b4dfe0c3	                                        	53                                                	push ebx                                          		EAX=ffffffb8, ECX=bf8406b0, EDX=b4dbb700, EBX=00000000, ESP=bf840610, EBP=bf840698, ESI=b4f81000, EDI=b4f81000
-1	25715	libc.so.6           	b4dfe0c4	                                        	e8 b0 fb 0e 00                                    	call 0xb4eedc79                                   		EAX=ffffffb8, ECX=bf8406b0, EDX=b4dbb700, EBX=00000000, ESP=bf84060c, EBP=bf840698, ESI=b4f81000, EDI=b4f81000
-1	25715	libc.so.6           	b4eedc79	                                        	8b 04 24                                          	mov eax, dword ptr [esp]                          		EAX=ffffffb8, ECX=bf8406b0, EDX=b4dbb700, EBX=00000000, ESP=bf840608, EBP=bf840698, ESI=b4f81000, EDI=b4f81000
-1	25715	libc.so.6           	b4eedc7c	                                        	c3                                                	ret                                               		EAX=b4dfe0c9, ECX=bf8406b0, EDX=b4dbb700, EBX=00000000, ESP=bf840608, EBP=bf840698, ESI=b4f81000, EDI=b4f81000
-1	25715	libc.so.6           	b4dfe0c9	                                        	05 37 2f 18 00                                    	add eax, 0x182f37                                 		EAX=b4dfe0c9, ECX=bf8406b0, EDX=b4dbb700, EBX=00000000, ESP=bf84060c, EBP=bf840698, ESI=b4f81000, EDI=b4f81000
-1	25715	libc.so.6           	b4dfe0ce	                                        	83 ec 3c                                          	sub esp, 0x3c                                     		EAX=b4f81000, ECX=bf8406b0, EDX=b4dbb700, EBX=00000000, ESP=bf84060c, EBP=bf840698, ESI=b4f81000, EDI=b4f81000
-1	25715	libc.so.6           	b4dfe0d1	                                        	8b 54 24 5c                                       	mov edx, dword ptr [esp+0x5c]                     		EAX=b4f81000, ECX=bf8406b0, EDX=b4dbb700, EBX=00000000, ESP=bf8405d0, EBP=bf840698, ESI=b4f81000, EDI=b4f81000
-1	25715	libc.so.6           	b4dfe0d5	                                        	89 44 24 10                                       	mov dword ptr [esp+0x10], eax                     		EAX=b4f81000, ECX=bf8406b0, EDX=00000000, EBX=00000000, ESP=bf8405d0, EBP=bf840698, ESI=b4f81000, EDI=b4f81000
-1	25715	libc.so.6           	b4dfe0d9	                                        	8b 44 24 60                                       	mov eax, dword ptr [esp+0x60]                     		EAX=b4f81000, ECX=bf8406b0, EDX=00000000, EBX=00000000, ESP=bf8405d0, EBP=bf840698, ESI=b4f81000, EDI=b4f81000
-1	25715	libc.so.6           	b4dfe0dd	                                        	85 d2                                             	test edx, edx                                     		EAX=b4f81c20, ECX=bf8406b0, EDX=00000000, EBX=00000000, ESP=bf8405d0, EBP=bf840698, ESI=b4f81000, EDI=b4f81000
-1	25715	libc.so.6           	b4dfe0df	                                        	74 1f                                             	jz 0xb4dfe100                                     		EAX=b4f81c20, ECX=bf8406b0, EDX=00000000, EBX=00000000, ESP=bf8405d0, EBP=bf840698, ESI=b4f81000, EDI=b4f81000
-1	25715	libc.so.6           	b4dfe100	                                        	c7 44 24 0c 00 00 00 00                           	mov dword ptr [esp+0xc], 0x0                      		EAX=b4f81c20, ECX=bf8406b0, EDX=00000000, EBX=00000000, ESP=bf8405d0, EBP=bf840698, ESI=b4f81000, EDI=b4f81000
-1	25715	libc.so.6           	b4dfe108	                                        	31 db                                             	xor ebx, ebx                                      		EAX=b4f81c20, ECX=bf8406b0, EDX=00000000, EBX=00000000, ESP=bf8405d0, EBP=bf840698, ESI=b4f81000, EDI=b4f81000
-1	25715	libc.so.6           	b4dfe10a	                                        	83 7c 24 58 01                                    	cmp dword ptr [esp+0x58], 0x1                     		EAX=b4f81c20, ECX=bf8406b0, EDX=00000000, EBX=00000000, ESP=bf8405d0, EBP=bf840698, ESI=b4f81000, EDI=b4f81000
-1	25715	libc.so.6           	b4dfe10f	                                        	0f 84 cb 00 00 00                                 	jz 0xb4dfe1e0                                     		EAX=b4f81c20, ECX=bf8406b0, EDX=00000000, EBX=00000000, ESP=bf8405d0, EBP=bf840698, ESI=b4f81000, EDI=b4f81000
-1	25715	libc.so.6           	b4dfe115	                                        	83 7c 24 58 24                                    	cmp dword ptr [esp+0x58], 0x24                    		EAX=b4f81c20, ECX=bf8406b0, EDX=00000000, EBX=00000000, ESP=bf8405d0, EBP=bf840698, ESI=b4f81000, EDI=b4f81000
-1	25715	libc.so.6           	b4dfe11a	                                        	0f 87 c0 00 00 00                                 	jnbe 0xb4dfe1e0                                   		EAX=b4f81c20, ECX=bf8406b0, EDX=00000000, EBX=00000000, ESP=bf8405d0, EBP=bf840698, ESI=b4f81000, EDI=b4f81000
-1	25715	libc.so.6           	b4dfe120	                                        	8b 48 34                                          	mov ecx, dword ptr [eax+0x34]                     		EAX=b4f81c20, ECX=bf8406b0, EDX=00000000, EBX=00000000, ESP=bf8405d0, EBP=bf840698, ESI=b4f81000, EDI=b4f81000
-1	25715	libc.so.6           	b4dfe123	                                        	8b 44 24 50                                       	mov eax, dword ptr [esp+0x50]                     		EAX=b4f81c20, ECX=b4f14820, EDX=00000000, EBX=00000000, ESP=bf8405d0, EBP=bf840698, ESI=b4f81000, EDI=b4f81000
-1	25715	libc.so.6           	b4dfe127	                                        	8b 74 24 50                                       	mov esi, dword ptr [esp+0x50]                     		EAX=bf8424e1, ECX=b4f14820, EDX=00000000, EBX=00000000, ESP=bf8405d0, EBP=bf840698, ESI=b4f81000, EDI=b4f81000
-1	25715	libc.so.6           	b4dfe12b	                                        	0f be 10                                          	movsx edx, byte ptr [eax]                         		EAX=bf8424e1, ECX=b4f14820, EDX=00000000, EBX=00000000, ESP=bf8405d0, EBP=bf840698, ESI=bf8424e1, EDI=b4f81000
-1	25715	libc.so.6           	b4dfe12e	                                        	f6 44 51 01 20                                    	test byte ptr [ecx+edx*2+0x1], 0x20               		EAX=bf8424e1, ECX=b4f14820, EDX=00000031, EBX=00000000, ESP=bf8405d0, EBP=bf840698, ESI=bf8424e1, EDI=b4f81000
-1	25715	libc.so.6           	b4dfe133	                                        	89 d0                                             	mov eax, edx                                      		EAX=bf8424e1, ECX=b4f14820, EDX=00000031, EBX=00000000, ESP=bf8405d0, EBP=bf840698, ESI=bf8424e1, EDI=b4f81000
-1	25715	libc.so.6           	b4dfe135	                                        	74 18                                             	jz 0xb4dfe14f                                     		EAX=00000031, ECX=b4f14820, EDX=00000031, EBX=00000000, ESP=bf8405d0, EBP=bf840698, ESI=bf8424e1, EDI=b4f81000
-1	25715	libc.so.6           	b4dfe14f	                                        	84 c0                                             	test al, al                                       		EAX=00000031, ECX=b4f14820, EDX=00000031, EBX=00000000, ESP=bf8405d0, EBP=bf840698, ESI=bf8424e1, EDI=b4f81000
-1	25715	libc.so.6           	b4dfe151	                                        	0f 84 c9 00 00 00                                 	jz 0xb4dfe220                                     		EAX=00000031, ECX=b4f14820, EDX=00000031, EBX=00000000, ESP=bf8405d0, EBP=bf840698, ESI=bf8424e1, EDI=b4f81000
-1	25715	libc.so.6           	b4dfe157	                                        	3c 2d                                             	cmp al, 0x2d                                      		EAX=00000031, ECX=b4f14820, EDX=00000031, EBX=00000000, ESP=bf8405d0, EBP=bf840698, ESI=bf8424e1, EDI=b4f81000
-1	25715	libc.so.6           	b4dfe159	                                        	0f 84 b1 03 00 00                                 	jz 0xb4dfe510                                     		EAX=00000031, ECX=b4f14820, EDX=00000031, EBX=00000000, ESP=bf8405d0, EBP=bf840698, ESI=bf8424e1, EDI=b4f81000
-1	25715	libc.so.6           	b4dfe15f	                                        	3c 2b                                             	cmp al, 0x2b                                      		EAX=00000031, ECX=b4f14820, EDX=00000031, EBX=00000000, ESP=bf8405d0, EBP=bf840698, ESI=bf8424e1, EDI=b4f81000
-1	25715	libc.so.6           	b4dfe161	                                        	c7 44 24 28 00 00 00 00                           	mov dword ptr [esp+0x28], 0x0                     		EAX=00000031, ECX=b4f14820, EDX=00000031, EBX=00000000, ESP=bf8405d0, EBP=bf840698, ESI=bf8424e1, EDI=b4f81000
-1	25715	libc.so.6           	b4dfe169	                                        	0f 94 c0                                          	setz al                                           		EAX=00000031, ECX=b4f14820, EDX=00000031, EBX=00000000, ESP=bf8405d0, EBP=bf840698, ESI=bf8424e1, EDI=b4f81000
-1	25715	libc.so.6           	b4dfe16c	                                        	0f b6 c0                                          	movzx eax, al                                     		EAX=00000000, ECX=b4f14820, EDX=00000031, EBX=00000000, ESP=bf8405d0, EBP=bf840698, ESI=bf8424e1, EDI=b4f81000
-1	25715	libc.so.6           	b4dfe16f	                                        	01 c6                                             	add esi, eax                                      		EAX=00000000, ECX=b4f14820, EDX=00000031, EBX=00000000, ESP=bf8405d0, EBP=bf840698, ESI=bf8424e1, EDI=b4f81000
-1	25715	libc.so.6           	b4dfe171	                                        	0f b6 2e                                          	movzx ebp, byte ptr [esi]                         		EAX=00000000, ECX=b4f14820, EDX=00000031, EBX=00000000, ESP=bf8405d0, EBP=bf840698, ESI=bf8424e1, EDI=b4f81000
-1	25715	libc.so.6           	b4dfe174	                                        	89 e8                                             	mov eax, ebp                                      		EAX=00000000, ECX=b4f14820, EDX=00000031, EBX=00000000, ESP=bf8405d0, EBP=00000031, ESI=bf8424e1, EDI=b4f81000
-1	25715	libc.so.6           	b4dfe176	                                        	3c 30                                             	cmp al, 0x30                                      		EAX=00000031, ECX=b4f14820, EDX=00000031, EBX=00000000, ESP=bf8405d0, EBP=00000031, ESI=bf8424e1, EDI=b4f81000
-1	25715	libc.so.6           	b4dfe178	                                        	0f 84 e9 00 00 00                                 	jz 0xb4dfe267                                     		EAX=00000031, ECX=b4f14820, EDX=00000031, EBX=00000000, ESP=bf8405d0, EBP=00000031, ESI=bf8424e1, EDI=b4f81000
-1	25715	libc.so.6           	b4dfe17e	                                        	8b 44 24 58                                       	mov eax, dword ptr [esp+0x58]                     		EAX=00000031, ECX=b4f14820, EDX=00000031, EBX=00000000, ESP=bf8405d0, EBP=00000031, ESI=bf8424e1, EDI=b4f81000
-1	25715	libc.so.6           	b4dfe182	                                        	85 c0                                             	test eax, eax                                     		EAX=0000000a, ECX=b4f14820, EDX=00000031, EBX=00000000, ESP=bf8405d0, EBP=00000031, ESI=bf8424e1, EDI=b4f81000
-1	25715	libc.so.6           	b4dfe184	                                        	0f 85 eb 00 00 00                                 	jnz 0xb4dfe275                                    		EAX=0000000a, ECX=b4f14820, EDX=00000031, EBX=00000000, ESP=bf8405d0, EBP=00000031, ESI=bf8424e1, EDI=b4f81000
-1	25715	libc.so.6           	b4dfe275	                                        	83 7c 24 58 0a                                    	cmp dword ptr [esp+0x58], 0xa                     		EAX=0000000a, ECX=b4f14820, EDX=00000031, EBX=00000000, ESP=bf8405d0, EBP=00000031, ESI=bf8424e1, EDI=b4f81000
-1	25715	libc.so.6           	b4dfe27a	                                        	0f 84 0a ff ff ff                                 	jz 0xb4dfe18a                                     		EAX=0000000a, ECX=b4f14820, EDX=00000031, EBX=00000000, ESP=bf8405d0, EBP=00000031, ESI=bf8424e1, EDI=b4f81000
-1	25715	libc.so.6           	b4dfe18a	                                        	8b 7c 24 0c                                       	mov edi, dword ptr [esp+0xc]                      		EAX=0000000a, ECX=b4f14820, EDX=00000031, EBX=00000000, ESP=bf8405d0, EBP=00000031, ESI=bf8424e1, EDI=b4f81000
-1	25715	libc.so.6           	b4dfe18e	                                        	85 ff                                             	test edi, edi                                     		EAX=0000000a, ECX=b4f14820, EDX=00000031, EBX=00000000, ESP=bf8405d0, EBP=00000031, ESI=bf8424e1, EDI=00000000
-1	25715	libc.so.6           	b4dfe190	                                        	0f 84 3e 04 00 00                                 	jz 0xb4dfe5d4                                     		EAX=0000000a, ECX=b4f14820, EDX=00000031, EBX=00000000, ESP=bf8405d0, EBP=00000031, ESI=bf8424e1, EDI=00000000
-1	25715	libc.so.6           	b4dfe5d4	                                        	c6 44 24 23 05                                    	mov byte ptr [esp+0x23], 0x5                      		EAX=0000000a, ECX=b4f14820, EDX=00000031, EBX=00000000, ESP=bf8405d0, EBP=00000031, ESI=bf8424e1, EDI=00000000
-1	25715	libc.so.6           	b4dfe5d9	                                        	c7 44 24 0c 99 99 99 19                           	mov dword ptr [esp+0xc], 0x19999999               		EAX=0000000a, ECX=b4f14820, EDX=00000031, EBX=00000000, ESP=bf8405d0, EBP=00000031, ESI=bf8424e1, EDI=00000000
-1	25715	libc.so.6           	b4dfe5e1	                                        	c7 44 24 58 0a 00 00 00                           	mov dword ptr [esp+0x58], 0xa                     		EAX=0000000a, ECX=b4f14820, EDX=00000031, EBX=00000000, ESP=bf8405d0, EBP=00000031, ESI=bf8424e1, EDI=00000000
-1	25715	libc.so.6           	b4dfe5e9	                                        	e9 b5 fc ff ff                                    	jmp 0xb4dfe2a3                                    		EAX=0000000a, ECX=b4f14820, EDX=00000031, EBX=00000000, ESP=bf8405d0, EBP=00000031, ESI=bf8424e1, EDI=00000000
-1	25715	libc.so.6           	b4dfe2a3	                                        	31 ff                                             	xor edi, edi                                      		EAX=0000000a, ECX=b4f14820, EDX=00000031, EBX=00000000, ESP=bf8405d0, EBP=00000031, ESI=bf8424e1, EDI=00000000
-1	25715	libc.so.6           	b4dfe2a5	                                        	c7 44 24 08 00 00 00 00                           	mov dword ptr [esp+0x8], 0x0                      		EAX=0000000a, ECX=b4f14820, EDX=00000031, EBX=00000000, ESP=bf8405d0, EBP=00000031, ESI=bf8424e1, EDI=00000000
-1	25715	libc.so.6           	b4dfe2ad	                                        	39 74 24 08                                       	cmp dword ptr [esp+0x8], esi                      		EAX=0000000a, ECX=b4f14820, EDX=00000031, EBX=00000000, ESP=bf8405d0, EBP=00000031, ESI=bf8424e1, EDI=00000000
-1	25715	libc.so.6           	b4dfe2b1	                                        	89 e8                                             	mov eax, ebp                                      		EAX=0000000a, ECX=b4f14820, EDX=00000031, EBX=00000000, ESP=bf8405d0, EBP=00000031, ESI=bf8424e1, EDI=00000000
-1	25715	libc.so.6           	b4dfe2b3	                                        	0f 84 6b ff ff ff                                 	jz 0xb4dfe224                                     		EAX=00000031, ECX=b4f14820, EDX=00000031, EBX=00000000, ESP=bf8405d0, EBP=00000031, ESI=bf8424e1, EDI=00000000
-1	25715	libc.so.6           	b4dfe2b9	                                        	84 c0                                             	test al, al                                       		EAX=00000031, ECX=b4f14820, EDX=00000031, EBX=00000000, ESP=bf8405d0, EBP=00000031, ESI=bf8424e1, EDI=00000000
-1	25715	libc.so.6           	b4dfe2bb	                                        	0f 84 63 ff ff ff                                 	jz 0xb4dfe224                                     		EAX=00000031, ECX=b4f14820, EDX=00000031, EBX=00000000, ESP=bf8405d0, EBP=00000031, ESI=bf8424e1, EDI=00000000
-1	25715	libc.so.6           	b4dfe2c1	                                        	8b 4c 24 10                                       	mov ecx, dword ptr [esp+0x10]                     		EAX=00000031, ECX=b4f14820, EDX=00000031, EBX=00000000, ESP=bf8405d0, EBP=00000031, ESI=bf8424e1, EDI=00000000
-1	25715	libc.so.6           	b4dfe2c5	                                        	89 74 24 2c                                       	mov dword ptr [esp+0x2c], esi                     		EAX=00000031, ECX=b4f81000, EDX=00000031, EBX=00000000, ESP=bf8405d0, EBP=00000031, ESI=bf8424e1, EDI=00000000
-1	25715	libc.so.6           	b4dfe2c9	                                        	31 ed                                             	xor ebp, ebp                                      		EAX=00000031, ECX=b4f81000, EDX=00000031, EBX=00000000, ESP=bf8405d0, EBP=00000031, ESI=bf8424e1, EDI=00000000
-1	25715	libc.so.6           	b4dfe2cb	                                        	c7 44 24 14 00 00 00 00                           	mov dword ptr [esp+0x14], 0x0                     		EAX=00000031, ECX=b4f81000, EDX=00000031, EBX=00000000, ESP=bf8405d0, EBP=00000000, ESI=bf8424e1, EDI=00000000
-1	25715	libc.so.6           	b4dfe2d3	                                        	8b 91 74 f4 ff ff                                 	mov edx, dword ptr [ecx-0xb8c]                    		EAX=00000031, ECX=b4f81000, EDX=00000031, EBX=00000000, ESP=bf8405d0, EBP=00000000, ESI=bf8424e1, EDI=00000000
-1	25715	libc.so.6           	b4dfe2d9	                                        	8b 89 7c f4 ff ff                                 	mov ecx, dword ptr [ecx-0xb84]                    		EAX=00000031, ECX=b4f81000, EDX=b4f14820, EBX=00000000, ESP=bf8405d0, EBP=00000000, ESI=bf8424e1, EDI=00000000
-1	25715	libc.so.6           	b4dfe2df	                                        	89 54 24 18                                       	mov dword ptr [esp+0x18], edx                     		EAX=00000031, ECX=b4f13f20, EDX=b4f14820, EBX=00000000, ESP=bf8405d0, EBP=00000000, ESI=bf8424e1, EDI=00000000
-1	25715	libc.so.6           	b4dfe2e3	                                        	89 4c 24 1c                                       	mov dword ptr [esp+0x1c], ecx                     		EAX=00000031, ECX=b4f13f20, EDX=b4f14820, EBX=00000000, ESP=bf8405d0, EBP=00000000, ESI=bf8424e1, EDI=00000000
-1	25715	libc.so.6           	b4dfe2e7	                                        	8d 57 ff                                          	lea edx, ptr [edi-0x1]                            		EAX=00000031, ECX=b4f13f20, EDX=b4f14820, EBX=00000000, ESP=bf8405d0, EBP=00000000, ESI=bf8424e1, EDI=00000000
-1	25715	libc.so.6           	b4dfe2ea	                                        	89 f1                                             	mov ecx, esi                                      		EAX=00000031, ECX=b4f13f20, EDX=ffffffff, EBX=00000000, ESP=bf8405d0, EBP=00000000, ESI=bf8424e1, EDI=00000000
-1	25715	libc.so.6           	b4dfe2ec	                                        	8b 74 24 58                                       	mov esi, dword ptr [esp+0x58]                     		EAX=00000031, ECX=bf8424e1, EDX=ffffffff, EBX=00000000, ESP=bf8405d0, EBP=00000000, ESI=bf8424e1, EDI=00000000
-1	25715	libc.so.6           	b4dfe2f0	                                        	89 54 24 24                                       	mov dword ptr [esp+0x24], edx                     		EAX=00000031, ECX=bf8424e1, EDX=ffffffff, EBX=00000000, ESP=bf8405d0, EBP=00000000, ESI=0000000a, EDI=00000000
-1	25715	libc.so.6           	b4dfe2f4	                                        	8d 74 26 00                                       	lea esi, ptr [esi]                                		EAX=00000031, ECX=bf8424e1, EDX=ffffffff, EBX=00000000, ESP=bf8405d0, EBP=00000000, ESI=0000000a, EDI=00000000
-1	25715	libc.so.6           	b4dfe2f8	                                        	8d 50 d0                                          	lea edx, ptr [eax-0x30]                           		EAX=00000031, ECX=bf8424e1, EDX=ffffffff, EBX=00000000, ESP=bf8405d0, EBP=00000000, ESI=0000000a, EDI=00000000
-1	25715	libc.so.6           	b4dfe2fb	                                        	80 fa 09                                          	cmp dl, 0x9                                       		EAX=00000031, ECX=bf8424e1, EDX=00000001, EBX=00000000, ESP=bf8405d0, EBP=00000000, ESI=0000000a, EDI=00000000
-1	25715	libc.so.6           	b4dfe2fe	                                        	0f 86 d1 00 00 00                                 	jbe 0xb4dfe3d5                                    		EAX=00000031, ECX=bf8424e1, EDX=00000001, EBX=00000000, ESP=bf8405d0, EBP=00000000, ESI=0000000a, EDI=00000000
-1	25715	libc.so.6           	b4dfe3d5	                                        	0f b6 c2                                          	movzx eax, dl                                     		EAX=00000031, ECX=bf8424e1, EDX=00000001, EBX=00000000, ESP=bf8405d0, EBP=00000000, ESI=0000000a, EDI=00000000
-1	25715	libc.so.6           	b4dfe3d8	                                        	39 f0                                             	cmp eax, esi                                      		EAX=00000001, ECX=bf8424e1, EDX=00000001, EBX=00000000, ESP=bf8405d0, EBP=00000000, ESI=0000000a, EDI=00000000
-1	25715	libc.so.6           	b4dfe3da	                                        	0f 8d 71 ff ff ff                                 	jnl 0xb4dfe351                                    		EAX=00000001, ECX=bf8424e1, EDX=00000001, EBX=00000000, ESP=bf8405d0, EBP=00000000, ESI=0000000a, EDI=00000000
-1	25715	libc.so.6           	b4dfe3e0	                                        	3b 6c 24 0c                                       	cmp ebp, dword ptr [esp+0xc]                      		EAX=00000001, ECX=bf8424e1, EDX=00000001, EBX=00000000, ESP=bf8405d0, EBP=00000000, ESI=0000000a, EDI=00000000
-1	25715	libc.so.6           	b4dfe3e4	                                        	77 12                                             	jnbe 0xb4dfe3f8                                   		EAX=00000001, ECX=bf8424e1, EDX=00000001, EBX=00000000, ESP=bf8405d0, EBP=00000000, ESI=0000000a, EDI=00000000
-1	25715	libc.so.6           	b4dfe3e6	                                        	3a 54 24 23                                       	cmp dl, byte ptr [esp+0x23]                       		EAX=00000001, ECX=bf8424e1, EDX=00000001, EBX=00000000, ESP=bf8405d0, EBP=00000000, ESI=0000000a, EDI=00000000
-1	25715	libc.so.6           	b4dfe3ea	                                        	76 24                                             	jbe 0xb4dfe410                                    		EAX=00000001, ECX=bf8424e1, EDX=00000001, EBX=00000000, ESP=bf8405d0, EBP=00000000, ESI=0000000a, EDI=00000000
-1	25715	libc.so.6           	b4dfe410	                                        	0f af ee                                          	imul ebp, esi                                     		EAX=00000001, ECX=bf8424e1, EDX=00000001, EBX=00000000, ESP=bf8405d0, EBP=00000000, ESI=0000000a, EDI=00000000
-1	25715	libc.so.6           	b4dfe413	                                        	01 c5                                             	add ebp, eax                                      		EAX=00000001, ECX=bf8424e1, EDX=00000001, EBX=00000000, ESP=bf8405d0, EBP=00000000, ESI=0000000a, EDI=00000000
-1	25715	libc.so.6           	b4dfe415	                                        	89 c8                                             	mov eax, ecx                                      		EAX=00000001, ECX=bf8424e1, EDX=00000001, EBX=00000000, ESP=bf8405d0, EBP=00000001, ESI=0000000a, EDI=00000000
-1	25715	libc.so.6           	b4dfe417	                                        	e9 24 ff ff ff                                    	jmp 0xb4dfe340                                    		EAX=bf8424e1, ECX=bf8424e1, EDX=00000001, EBX=00000000, ESP=bf8405d0, EBP=00000001, ESI=0000000a, EDI=00000000
-1	25715	libc.so.6           	b4dfe340	                                        	8d 48 01                                          	lea ecx, ptr [eax+0x1]                            		EAX=bf8424e1, ECX=bf8424e1, EDX=00000001, EBX=00000000, ESP=bf8405d0, EBP=00000001, ESI=0000000a, EDI=00000000
-1	25715	libc.so.6           	b4dfe343	                                        	39 4c 24 08                                       	cmp dword ptr [esp+0x8], ecx                      		EAX=bf8424e1, ECX=bf8424e2, EDX=00000001, EBX=00000000, ESP=bf8405d0, EBP=00000001, ESI=0000000a, EDI=00000000
-1	25715	libc.so.6           	b4dfe347	                                        	0f b6 40 01                                       	movzx eax, byte ptr [eax+0x1]                     		EAX=bf8424e1, ECX=bf8424e2, EDX=00000001, EBX=00000000, ESP=bf8405d0, EBP=00000001, ESI=0000000a, EDI=00000000
-1	25715	libc.so.6           	b4dfe34b	                                        	74 04                                             	jz 0xb4dfe351                                     		EAX=00000000, ECX=bf8424e2, EDX=00000001, EBX=00000000, ESP=bf8405d0, EBP=00000001, ESI=0000000a, EDI=00000000
-1	25715	libc.so.6           	b4dfe34d	                                        	84 c0                                             	test al, al                                       		EAX=00000000, ECX=bf8424e2, EDX=00000001, EBX=00000000, ESP=bf8405d0, EBP=00000001, ESI=0000000a, EDI=00000000
-1	25715	libc.so.6           	b4dfe34f	                                        	75 a7                                             	jnz 0xb4dfe2f8                                    		EAX=00000000, ECX=bf8424e2, EDX=00000001, EBX=00000000, ESP=bf8405d0, EBP=00000001, ESI=0000000a, EDI=00000000
-1	25715	libc.so.6           	b4dfe351	                                        	8b 74 24 2c                                       	mov esi, dword ptr [esp+0x2c]                     		EAX=00000000, ECX=bf8424e2, EDX=00000001, EBX=00000000, ESP=bf8405d0, EBP=00000001, ESI=0000000a, EDI=00000000
-1	25715	libc.so.6           	b4dfe355	                                        	39 ce                                             	cmp esi, ecx                                      		EAX=00000000, ECX=bf8424e2, EDX=00000001, EBX=00000000, ESP=bf8405d0, EBP=00000001, ESI=bf8424e1, EDI=00000000
-1	25715	libc.so.6           	b4dfe357	                                        	0f 84 c7 fe ff ff                                 	jz 0xb4dfe224                                     		EAX=00000000, ECX=bf8424e2, EDX=00000001, EBX=00000000, ESP=bf8405d0, EBP=00000001, ESI=bf8424e1, EDI=00000000
-1	25715	libc.so.6           	b4dfe35d	                                        	8b 5c 24 54                                       	mov ebx, dword ptr [esp+0x54]                     		EAX=00000000, ECX=bf8424e2, EDX=00000001, EBX=00000000, ESP=bf8405d0, EBP=00000001, ESI=bf8424e1, EDI=00000000
-1	25715	libc.so.6           	b4dfe361	                                        	85 db                                             	test ebx, ebx                                     		EAX=00000000, ECX=bf8424e2, EDX=00000001, EBX=00000000, ESP=bf8405d0, EBP=00000001, ESI=bf8424e1, EDI=00000000
-1	25715	libc.so.6           	b4dfe363	                                        	74 06                                             	jz 0xb4dfe36b                                     		EAX=00000000, ECX=bf8424e2, EDX=00000001, EBX=00000000, ESP=bf8405d0, EBP=00000001, ESI=bf8424e1, EDI=00000000
-1	25715	libc.so.6           	b4dfe36b	                                        	8b 4c 24 14                                       	mov ecx, dword ptr [esp+0x14]                     		EAX=00000000, ECX=bf8424e2, EDX=00000001, EBX=00000000, ESP=bf8405d0, EBP=00000001, ESI=bf8424e1, EDI=00000000
-1	25715	libc.so.6           	b4dfe36f	                                        	85 c9                                             	test ecx, ecx                                     		EAX=00000000, ECX=00000000, EDX=00000001, EBX=00000000, ESP=bf8405d0, EBP=00000001, ESI=bf8424e1, EDI=00000000
-1	25715	libc.so.6           	b4dfe371	                                        	0f 85 a5 00 00 00                                 	jnz 0xb4dfe41c                                    		EAX=00000000, ECX=00000000, EDX=00000001, EBX=00000000, ESP=bf8405d0, EBP=00000001, ESI=bf8424e1, EDI=00000000
-1	25715	libc.so.6           	b4dfe377	                                        	8b 54 24 28                                       	mov edx, dword ptr [esp+0x28]                     		EAX=00000000, ECX=00000000, EDX=00000001, EBX=00000000, ESP=bf8405d0, EBP=00000001, ESI=bf8424e1, EDI=00000000
-1	25715	libc.so.6           	b4dfe37b	                                        	85 d2                                             	test edx, edx                                     		EAX=00000000, ECX=00000000, EDX=00000000, EBX=00000000, ESP=bf8405d0, EBP=00000001, ESI=bf8424e1, EDI=00000000
-1	25715	libc.so.6           	b4dfe37d	                                        	0f 84 9d 01 00 00                                 	jz 0xb4dfe520                                     		EAX=00000000, ECX=00000000, EDX=00000000, EBX=00000000, ESP=bf8405d0, EBP=00000001, ESI=bf8424e1, EDI=00000000
-1	25715	libc.so.6           	b4dfe520	                                        	81 fd ff ff ff 7f                                 	cmp ebp, 0x7fffffff                               		EAX=00000000, ECX=00000000, EDX=00000000, EBX=00000000, ESP=bf8405d0, EBP=00000001, ESI=bf8424e1, EDI=00000000
-1	25715	libc.so.6           	b4dfe526	                                        	76 76                                             	jbe 0xb4dfe59e                                    		EAX=00000000, ECX=00000000, EDX=00000000, EBX=00000000, ESP=bf8405d0, EBP=00000001, ESI=bf8424e1, EDI=00000000
-1	25715	libc.so.6           	b4dfe59e	                                        	89 e8                                             	mov eax, ebp                                      		EAX=00000000, ECX=00000000, EDX=00000000, EBX=00000000, ESP=bf8405d0, EBP=00000001, ESI=bf8424e1, EDI=00000000
-1	25715	libc.so.6           	b4dfe5a0	                                        	e9 55 fc ff ff                                    	jmp 0xb4dfe1fa                                    		EAX=00000001, ECX=00000000, EDX=00000000, EBX=00000000, ESP=bf8405d0, EBP=00000001, ESI=bf8424e1, EDI=00000000
-1	25715	libc.so.6           	b4dfe1fa	                                        	83 c4 3c                                          	add esp, 0x3c                                     		EAX=00000001, ECX=00000000, EDX=00000000, EBX=00000000, ESP=bf8405d0, EBP=00000001, ESI=bf8424e1, EDI=00000000
-1	25715	libc.so.6           	b4dfe1fd	                                        	5b                                                	pop ebx                                           		EAX=00000001, ECX=00000000, EDX=00000000, EBX=00000000, ESP=bf84060c, EBP=00000001, ESI=bf8424e1, EDI=00000000
-1	25715	libc.so.6           	b4dfe1fe	                                        	5e                                                	pop esi                                           		EAX=00000001, ECX=00000000, EDX=00000000, EBX=00000000, ESP=bf840610, EBP=00000001, ESI=bf8424e1, EDI=00000000
-1	25715	libc.so.6           	b4dfe1ff	                                        	5f                                                	pop edi                                           		EAX=00000001, ECX=00000000, EDX=00000000, EBX=00000000, ESP=bf840614, EBP=00000001, ESI=b4f81000, EDI=00000000
-1	25715	libc.so.6           	b4dfe200	                                        	5d                                                	pop ebp                                           		EAX=00000001, ECX=00000000, EDX=00000000, EBX=00000000, ESP=bf840618, EBP=00000001, ESI=b4f81000, EDI=b4f81000
-1	25715	libc.so.6           	b4dfe201	                                        	c3                                                	ret                                               		EAX=00000001, ECX=00000000, EDX=00000000, EBX=00000000, ESP=bf84061c, EBP=bf840698, ESI=b4f81000, EDI=b4f81000
-1	25715	libc.so.6           	b4dfdf30	                                        	83 c4 2c                                          	add esp, 0x2c                                     		EAX=00000001, ECX=00000000, EDX=00000000, EBX=00000000, ESP=bf840620, EBP=bf840698, ESI=b4f81000, EDI=b4f81000
-1	25715	libc.so.6           	b4dfdf33	                                        	c3                                                	ret                                               		EAX=00000001, ECX=00000000, EDX=00000000, EBX=00000000, ESP=bf84064c, EBP=bf840698, ESI=b4f81000, EDI=b4f81000
-1	25715	libc.so.6           	b4dfb270	                                        	83 c4 1c                                          	add esp, 0x1c                                     		EAX=00000001, ECX=00000000, EDX=00000000, EBX=00000000, ESP=bf840650, EBP=bf840698, ESI=b4f81000, EDI=b4f81000
-1	25715	libc.so.6           	b4dfb273	                                        	c3                                                	ret                                               		EAX=00000001, ECX=00000000, EDX=00000000, EBX=00000000, ESP=bf84066c, EBP=bf840698, ESI=b4f81000, EDI=b4f81000
-1	25715	unknown             	0804843c	                                        	83 c4 10                                          	add esp, 0x10                                     		EAX=00000001, ECX=00000000, EDX=00000000, EBX=00000000, ESP=bf840670, EBP=bf840698, ESI=b4f81000, EDI=b4f81000
-1	25715	unknown             	0804843f	                                        	89 45 f4                                          	mov dword ptr [ebp-0xc], eax                      		EAX=00000001, ECX=00000000, EDX=00000000, EBX=00000000, ESP=bf840680, EBP=bf840698, ESI=b4f81000, EDI=b4f81000
-1	25715	unknown             	08048442	                                        	8b 45 f4                                          	mov eax, dword ptr [ebp-0xc]                      		EAX=00000001, ECX=00000000, EDX=00000000, EBX=00000000, ESP=bf840680, EBP=bf840698, ESI=b4f81000, EDI=b4f81000
-1	25715	unknown             	08048445	                                        	c1 e0 02                                          	shl eax, 0x2                                      		EAX=00000001, ECX=00000000, EDX=00000000, EBX=00000000, ESP=bf840680, EBP=bf840698, ESI=b4f81000, EDI=b4f81000
-1	25715	unknown             	08048448	                                        	83 f8 0a                                          	cmp eax, 0xa                                      		EAX=00000004, ECX=00000000, EDX=00000000, EBX=00000000, ESP=bf840680, EBP=bf840698, ESI=b4f81000, EDI=b4f81000
-1	25715	unknown             	0804844b	                                        	7e 33                                             	jle 0x8048480                                     		EAX=00000004, ECX=00000000, EDX=00000000, EBX=00000000, ESP=bf840680, EBP=bf840698, ESI=b4f81000, EDI=b4f81000
-1	25715	unknown             	08048480	                                        	8b 45 f4                                          	mov eax, dword ptr [ebp-0xc]                      		EAX=00000004, ECX=00000000, EDX=00000000, EBX=00000000, ESP=bf840680, EBP=bf840698, ESI=b4f81000, EDI=b4f81000
-1	25715	unknown             	08048483	                                        	99                                                	cdq                                               		EAX=00000001, ECX=00000000, EDX=00000000, EBX=00000000, ESP=bf840680, EBP=bf840698, ESI=b4f81000, EDI=b4f81000
-1	25715	unknown             	08048484	                                        	c1 ea 1f                                          	shr edx, 0x1f                                     		EAX=00000001, ECX=00000000, EDX=00000000, EBX=00000000, ESP=bf840680, EBP=bf840698, ESI=b4f81000, EDI=b4f81000
-1	25715	unknown             	08048487	                                        	01 d0                                             	add eax, edx                                      		EAX=00000001, ECX=00000000, EDX=00000000, EBX=00000000, ESP=bf840680, EBP=bf840698, ESI=b4f81000, EDI=b4f81000
-1	25715	unknown             	08048489	                                        	83 e0 01                                          	and eax, 0x1                                      		EAX=00000001, ECX=00000000, EDX=00000000, EBX=00000000, ESP=bf840680, EBP=bf840698, ESI=b4f81000, EDI=b4f81000
-1	25715	unknown             	0804848c	                                        	29 d0                                             	sub eax, edx                                      		EAX=00000001, ECX=00000000, EDX=00000000, EBX=00000000, ESP=bf840680, EBP=bf840698, ESI=b4f81000, EDI=b4f81000
-1	25715	unknown             	0804848e	                                        	8b 4d fc                                          	mov ecx, dword ptr [ebp-0x4]                      		EAX=00000001, ECX=00000000, EDX=00000000, EBX=00000000, ESP=bf840680, EBP=bf840698, ESI=b4f81000, EDI=b4f81000
-1	25715	unknown             	08048491	                                        	c9                                                	leave                                             		EAX=00000001, ECX=bf8406b0, EDX=00000000, EBX=00000000, ESP=bf840680, EBP=bf840698, ESI=b4f81000, EDI=b4f81000
-1	25715	unknown             	08048492	                                        	8d 61 fc                                          	lea esp, ptr [ecx-0x4]                            		EAX=00000001, ECX=bf8406b0, EDX=00000000, EBX=00000000, ESP=bf84069c, EBP=00000000, ESI=b4f81000, EDI=b4f81000
-1	25715	unknown             	08048495	                                        	c3                                                	ret                                               		EAX=00000001, ECX=bf8406b0, EDX=00000000, EBX=00000000, ESP=bf8406ac, EBP=00000000, ESI=b4f81000, EDI=b4f81000
-1	25715	libc.so.6           	b4de6647	                                        	83 c4 10                                          	add esp, 0x10                                     		EAX=00000001, ECX=bf8406b0, EDX=00000000, EBX=00000000, ESP=bf8406b0, EBP=00000000, ESI=b4f81000, EDI=b4f81000
-1	25715	libc.so.6           	b4de664a	                                        	83 ec 0c                                          	sub esp, 0xc                                      		EAX=00000001, ECX=bf8406b0, EDX=00000000, EBX=00000000, ESP=bf8406c0, EBP=00000000, ESI=b4f81000, EDI=b4f81000
-1	25715	libc.so.6           	b4de664d	                                        	50                                                	push eax                                          		EAX=00000001, ECX=bf8406b0, EDX=00000000, EBX=00000000, ESP=bf8406b4, EBP=00000000, ESI=b4f81000, EDI=b4f81000
-1	25715	libc.so.6           	b4de664e	                                        	e8 8d 63 01 00                                    	call 0xb4dfc9e0                                   		EAX=00000001, ECX=bf8406b0, EDX=00000000, EBX=00000000, ESP=bf8406b0, EBP=00000000, ESI=b4f81000, EDI=b4f81000
-1	25715	libc.so.6           	b4dfc9e0	                                        	e8 94 12 0f 00                                    	call 0xb4eedc79                                   		EAX=00000001, ECX=bf8406b0, EDX=00000000, EBX=00000000, ESP=bf8406ac, EBP=00000000, ESI=b4f81000, EDI=b4f81000
-1	25715	libc.so.6           	b4eedc79	exit                                    	8b 04 24                                          	mov eax, dword ptr [esp]                          		EAX=00000001, ECX=bf8406b0, EDX=00000000, EBX=00000000, ESP=bf8406a8, EBP=00000000, ESI=b4f81000, EDI=b4f81000
-1	25715	libc.so.6           	b4eedc7c	                                        	c3                                                	ret                                               		EAX=b4dfc9e5, ECX=bf8406b0, EDX=00000000, EBX=00000000, ESP=bf8406a8, EBP=00000000, ESI=b4f81000, EDI=b4f81000
-1	25715	libc.so.6           	b4dfc9e5	                                        	05 1b 46 18 00                                    	add eax, 0x18461b                                 		EAX=b4dfc9e5, ECX=bf8406b0, EDX=00000000, EBX=00000000, ESP=bf8406ac, EBP=00000000, ESI=b4f81000, EDI=b4f81000
-1	25715	libc.so.6           	b4dfc9ea	                                        	83 ec 10                                          	sub esp, 0x10                                     		EAX=b4f81000, ECX=bf8406b0, EDX=00000000, EBX=00000000, ESP=bf8406ac, EBP=00000000, ESI=b4f81000, EDI=b4f81000
-1	25715	libc.so.6           	b4dfc9ed	                                        	8d 80 dc 03 00 00                                 	lea eax, ptr [eax+0x3dc]                          		EAX=b4f81000, ECX=bf8406b0, EDX=00000000, EBX=00000000, ESP=bf84069c, EBP=00000000, ESI=b4f81000, EDI=b4f81000
-1	25715	libc.so.6           	b4dfc9f3	                                        	6a 01                                             	push 0x1                                          		EAX=b4f813dc, ECX=bf8406b0, EDX=00000000, EBX=00000000, ESP=bf84069c, EBP=00000000, ESI=b4f81000, EDI=b4f81000
-1	25715	libc.so.6           	b4dfc9f5	                                        	50                                                	push eax                                          		EAX=b4f813dc, ECX=bf8406b0, EDX=00000000, EBX=00000000, ESP=bf840698, EBP=00000000, ESI=b4f81000, EDI=b4f81000
-1	25715	libc.so.6           	b4dfc9f6	                                        	ff 74 24 1c                                       	push dword ptr [esp+0x1c]                         		EAX=b4f813dc, ECX=bf8406b0, EDX=00000000, EBX=00000000, ESP=bf840694, EBP=00000000, ESI=b4f81000, EDI=b4f81000
-1	25715	libc.so.6           	b4dfc9fa	                                        	e8 c1 fe ff ff                                    	call 0xb4dfc8c0                                   		EAX=b4f813dc, ECX=bf8406b0, EDX=00000000, EBX=00000000, ESP=bf840690, EBP=00000000, ESI=b4f81000, EDI=b4f81000
-1	25715	libc.so.6           	b4dfc8c0	                                        	55                                                	push ebp                                          		EAX=b4f813dc, ECX=bf8406b0, EDX=00000000, EBX=00000000, ESP=bf84068c, EBP=00000000, ESI=b4f81000, EDI=b4f81000
-1	25715	libc.so.6           	b4dfc8c1	                                        	57                                                	push edi                                          		EAX=b4f813dc, ECX=bf8406b0, EDX=00000000, EBX=00000000, ESP=bf840688, EBP=00000000, ESI=b4f81000, EDI=b4f81000
-1	25715	libc.so.6           	b4dfc8c2	                                        	56                                                	push esi                                          		EAX=b4f813dc, ECX=bf8406b0, EDX=00000000, EBX=00000000, ESP=bf840684, EBP=00000000, ESI=b4f81000, EDI=b4f81000
-1	25715	libc.so.6           	b4dfc8c3	                                        	53                                                	push ebx                                          		EAX=b4f813dc, ECX=bf8406b0, EDX=00000000, EBX=00000000, ESP=bf840680, EBP=00000000, ESI=b4f81000, EDI=b4f81000
-1	25715	libc.so.6           	b4dfc8c4	                                        	e8 ac 13 0f 00                                    	call 0xb4eedc75                                   		EAX=b4f813dc, ECX=bf8406b0, EDX=00000000, EBX=00000000, ESP=bf84067c, EBP=00000000, ESI=b4f81000, EDI=b4f81000
-1	25715	libc.so.6           	b4eedc75	                                        	8b 1c 24                                          	mov ebx, dword ptr [esp]                          		EAX=b4f813dc, ECX=bf8406b0, EDX=00000000, EBX=00000000, ESP=bf840678, EBP=00000000, ESI=b4f81000, EDI=b4f81000
-1	25715	libc.so.6           	b4eedc78	                                        	c3                                                	ret                                               		EAX=b4f813dc, ECX=bf8406b0, EDX=00000000, EBX=b4dfc8c9, ESP=bf840678, EBP=00000000, ESI=b4f81000, EDI=b4f81000
-1	25715	libc.so.6           	b4dfc8c9	                                        	81 c3 37 47 18 00                                 	add ebx, 0x184737                                 		EAX=b4f813dc, ECX=bf8406b0, EDX=00000000, EBX=b4dfc8c9, ESP=bf84067c, EBP=00000000, ESI=b4f81000, EDI=b4f81000
-1	25715	libc.so.6           	b4dfc8cf	                                        	83 ec 1c                                          	sub esp, 0x1c                                     		EAX=b4f813dc, ECX=bf8406b0, EDX=00000000, EBX=b4f81000, ESP=bf84067c, EBP=00000000, ESI=b4f81000, EDI=b4f81000
-1	25715	libc.so.6           	b4dfc8d2	                                        	8b 44 24 38                                       	mov eax, dword ptr [esp+0x38]                     		EAX=b4f813dc, ECX=bf8406b0, EDX=00000000, EBX=b4f81000, ESP=bf840660, EBP=00000000, ESI=b4f81000, EDI=b4f81000
-1	25715	libc.so.6           	b4dfc8d6	                                        	8b 74 24 30                                       	mov esi, dword ptr [esp+0x30]                     		EAX=00000001, ECX=bf8406b0, EDX=00000000, EBX=b4f81000, ESP=bf840660, EBP=00000000, ESI=b4f81000, EDI=b4f81000
-1	25715	libc.so.6           	b4dfc8da	                                        	8b 7c 24 34                                       	mov edi, dword ptr [esp+0x34]                     		EAX=00000001, ECX=bf8406b0, EDX=00000000, EBX=b4f81000, ESP=bf840660, EBP=00000000, ESI=00000001, EDI=b4f81000
-1	25715	libc.so.6           	b4dfc8de	                                        	89 44 24 0c                                       	mov dword ptr [esp+0xc], eax                      		EAX=00000001, ECX=bf8406b0, EDX=00000000, EBX=b4f81000, ESP=bf840660, EBP=00000000, ESI=00000001, EDI=b4f813dc
-1	25715	libc.so.6           	b4dfc8e2	                                        	e8 e9 05 00 00                                    	call 0xb4dfced0                                   		EAX=00000001, ECX=bf8406b0, EDX=00000000, EBX=b4f81000, ESP=bf840660, EBP=00000000, ESI=00000001, EDI=b4f813dc
-1	25715	libc.so.6           	b4dfced0	                                        	55                                                	push ebp                                          		EAX=00000001, ECX=bf8406b0, EDX=00000000, EBX=b4f81000, ESP=bf84065c, EBP=00000000, ESI=00000001, EDI=b4f813dc
-1	25715	libc.so.6           	b4dfced1	                                        	57                                                	push edi                                          		EAX=00000001, ECX=bf8406b0, EDX=00000000, EBX=b4f81000, ESP=bf840658, EBP=00000000, ESI=00000001, EDI=b4f813dc
-1	25715	libc.so.6           	b4dfced2	                                        	56                                                	push esi                                          		EAX=00000001, ECX=bf8406b0, EDX=00000000, EBX=b4f81000, ESP=bf840654, EBP=00000000, ESI=00000001, EDI=b4f813dc
-1	25715	libc.so.6           	b4dfced3	                                        	53                                                	push ebx                                          		EAX=00000001, ECX=bf8406b0, EDX=00000000, EBX=b4f81000, ESP=bf840650, EBP=00000000, ESI=00000001, EDI=b4f813dc
-1	25715	libc.so.6           	b4dfced4	                                        	e8 9c 0d 0f 00                                    	call 0xb4eedc75                                   		EAX=00000001, ECX=bf8406b0, EDX=00000000, EBX=b4f81000, ESP=bf84064c, EBP=00000000, ESI=00000001, EDI=b4f813dc
-1	25715	libc.so.6           	b4eedc75	__call_tls_dtors                        	8b 1c 24                                          	mov ebx, dword ptr [esp]                          		EAX=00000001, ECX=bf8406b0, EDX=00000000, EBX=b4f81000, ESP=bf840648, EBP=00000000, ESI=00000001, EDI=b4f813dc
-1	25715	libc.so.6           	b4eedc78	                                        	c3                                                	ret                                               		EAX=00000001, ECX=bf8406b0, EDX=00000000, EBX=b4dfced9, ESP=bf840648, EBP=00000000, ESI=00000001, EDI=b4f813dc
-1	25715	libc.so.6           	b4dfced9	                                        	81 c3 27 41 18 00                                 	add ebx, 0x184127                                 		EAX=00000001, ECX=bf8406b0, EDX=00000000, EBX=b4dfced9, ESP=bf84064c, EBP=00000000, ESI=00000001, EDI=b4f813dc
-1	25715	libc.so.6           	b4dfcedf	                                        	83 ec 0c                                          	sub esp, 0xc                                      		EAX=00000001, ECX=bf8406b0, EDX=00000000, EBX=b4f81000, ESP=bf84064c, EBP=00000000, ESI=00000001, EDI=b4f813dc
-1	25715	libc.so.6           	b4dfcee2	                                        	65 8b 2d 00 00 00 00                              	mov ebp, dword ptr gs:[0x0]                       		EAX=00000001, ECX=bf8406b0, EDX=00000000, EBX=b4f81000, ESP=bf840640, EBP=00000000, ESI=00000001, EDI=b4f813dc
-1	25715	libc.so.6           	b4dfcee9	                                        	8b bb a0 fe ff ff                                 	mov edi, dword ptr [ebx-0x160]                    		EAX=00000001, ECX=bf8406b0, EDX=00000000, EBX=b4f81000, ESP=bf840640, EBP=b4dbb700, ESI=00000001, EDI=b4f813dc
-1	25715	libc.so.6           	b4dfceef	                                        	8b 74 3d 00                                       	mov esi, dword ptr [ebp+edi*1]                    		EAX=00000001, ECX=bf8406b0, EDX=00000000, EBX=b4f81000, ESP=bf840640, EBP=b4dbb700, ESI=00000001, EDI=ffffffd4
-1	25715	libc.so.6           	b4dfcef3	                                        	85 f6                                             	test esi, esi                                     		EAX=00000001, ECX=bf8406b0, EDX=00000000, EBX=b4f81000, ESP=bf840640, EBP=b4dbb700, ESI=00000000, EDI=ffffffd4
-1	25715	libc.so.6           	b4dfcef5	                                        	74 42                                             	jz 0xb4dfcf39                                     		EAX=00000001, ECX=bf8406b0, EDX=00000000, EBX=b4f81000, ESP=bf840640, EBP=b4dbb700, ESI=00000000, EDI=ffffffd4
-1	25715	libc.so.6           	b4dfcf39	                                        	83 c4 0c                                          	add esp, 0xc                                      		EAX=00000001, ECX=bf8406b0, EDX=00000000, EBX=b4f81000, ESP=bf840640, EBP=b4dbb700, ESI=00000000, EDI=ffffffd4
-1	25715	libc.so.6           	b4dfcf3c	                                        	5b                                                	pop ebx                                           		EAX=00000001, ECX=bf8406b0, EDX=00000000, EBX=b4f81000, ESP=bf84064c, EBP=b4dbb700, ESI=00000000, EDI=ffffffd4
-1	25715	libc.so.6           	b4dfcf3d	                                        	5e                                                	pop esi                                           		EAX=00000001, ECX=bf8406b0, EDX=00000000, EBX=b4f81000, ESP=bf840650, EBP=b4dbb700, ESI=00000000, EDI=ffffffd4
-1	25715	libc.so.6           	b4dfcf3e	                                        	5f                                                	pop edi                                           		EAX=00000001, ECX=bf8406b0, EDX=00000000, EBX=b4f81000, ESP=bf840654, EBP=b4dbb700, ESI=00000001, EDI=ffffffd4
-1	25715	libc.so.6           	b4dfcf3f	                                        	5d                                                	pop ebp                                           		EAX=00000001, ECX=bf8406b0, EDX=00000000, EBX=b4f81000, ESP=bf840658, EBP=b4dbb700, ESI=00000001, EDI=b4f813dc
-1	25715	libc.so.6           	b4dfcf40	                                        	c3                                                	ret                                               		EAX=00000001, ECX=bf8406b0, EDX=00000000, EBX=b4f81000, ESP=bf84065c, EBP=00000000, ESI=00000001, EDI=b4f813dc
-1	25715	libc.so.6           	b4dfc8e7	                                        	8b 2f                                             	mov ebp, dword ptr [edi]                          		EAX=00000001, ECX=bf8406b0, EDX=00000000, EBX=b4f81000, ESP=bf840660, EBP=00000000, ESI=00000001, EDI=b4f813dc
-1	25715	libc.so.6           	b4dfc8e9	                                        	85 ed                                             	test ebp, ebp                                     		EAX=00000001, ECX=bf8406b0, EDX=00000000, EBX=b4f81000, ESP=bf840660, EBP=b4f821e0, ESI=00000001, EDI=b4f813dc
-1	25715	libc.so.6           	b4dfc8eb	                                        	74 42                                             	jz 0xb4dfc92f                                     		EAX=00000001, ECX=bf8406b0, EDX=00000000, EBX=b4f81000, ESP=bf840660, EBP=b4f821e0, ESI=00000001, EDI=b4f813dc
-1	25715	libc.so.6           	b4dfc8ed	                                        	8d 76 00                                          	lea esi, ptr [esi]                                		EAX=00000001, ECX=bf8406b0, EDX=00000000, EBX=b4f81000, ESP=bf840660, EBP=b4f821e0, ESI=00000001, EDI=b4f813dc
-1	25715	libc.so.6           	b4dfc8f0	                                        	8b 45 04                                          	mov eax, dword ptr [ebp+0x4]                      		EAX=00000001, ECX=bf8406b0, EDX=00000000, EBX=b4f81000, ESP=bf840660, EBP=b4f821e0, ESI=00000001, EDI=b4f813dc
-1	25715	libc.so.6           	b4dfc8f3	                                        	89 c2                                             	mov edx, eax                                      		EAX=00000001, ECX=bf8406b0, EDX=00000000, EBX=b4f81000, ESP=bf840660, EBP=b4f821e0, ESI=00000001, EDI=b4f813dc
-1	25715	libc.so.6           	b4dfc8f5	                                        	c1 e2 04                                          	shl edx, 0x4                                      		EAX=00000001, ECX=bf8406b0, EDX=00000001, EBX=b4f81000, ESP=bf840660, EBP=b4f821e0, ESI=00000001, EDI=b4f813dc
-1	25715	libc.so.6           	b4dfc8f8	                                        	85 c0                                             	test eax, eax                                     		EAX=00000001, ECX=bf8406b0, EDX=00000010, EBX=b4f81000, ESP=bf840660, EBP=b4f821e0, ESI=00000001, EDI=b4f813dc
-1	25715	libc.so.6           	b4dfc8fa	                                        	8d 4c 15 f8                                       	lea ecx, ptr [ebp+edx*1-0x8]                      		EAX=00000001, ECX=bf8406b0, EDX=00000010, EBX=b4f81000, ESP=bf840660, EBP=b4f821e0, ESI=00000001, EDI=b4f813dc
-1	25715	libc.so.6           	b4dfc8fe	                                        	74 22                                             	jz 0xb4dfc922                                     		EAX=00000001, ECX=b4f821e8, EDX=00000010, EBX=b4f81000, ESP=bf840660, EBP=b4f821e0, ESI=00000001, EDI=b4f813dc
-1	25715	libc.so.6           	b4dfc900	                                        	8b 11                                             	mov edx, dword ptr [ecx]                          		EAX=00000001, ECX=b4f821e8, EDX=00000010, EBX=b4f81000, ESP=bf840660, EBP=b4f821e0, ESI=00000001, EDI=b4f813dc
-1	25715	libc.so.6           	b4dfc902	                                        	83 e8 01                                          	sub eax, 0x1                                      		EAX=00000001, ECX=b4f821e8, EDX=00000004, EBX=b4f81000, ESP=bf840660, EBP=b4f821e0, ESI=00000001, EDI=b4f813dc
-1	25715	libc.so.6           	b4dfc905	                                        	89 45 04                                          	mov dword ptr [ebp+0x4], eax                      		EAX=00000000, ECX=b4f821e8, EDX=00000004, EBX=b4f81000, ESP=bf840660, EBP=b4f821e0, ESI=00000001, EDI=b4f813dc
-1	25715	libc.so.6           	b4dfc908	                                        	83 fa 03                                          	cmp edx, 0x3                                      		EAX=00000000, ECX=b4f821e8, EDX=00000004, EBX=b4f81000, ESP=bf840660, EBP=b4f821e0, ESI=00000001, EDI=b4f813dc
-1	25715	libc.so.6           	b4dfc90b	                                        	0f 84 9f 00 00 00                                 	jz 0xb4dfc9b0                                     		EAX=00000000, ECX=b4f821e8, EDX=00000004, EBX=b4f81000, ESP=bf840660, EBP=b4f821e0, ESI=00000001, EDI=b4f813dc
-1	25715	libc.so.6           	b4dfc911	                                        	83 fa 04                                          	cmp edx, 0x4                                      		EAX=00000000, ECX=b4f821e8, EDX=00000004, EBX=b4f81000, ESP=bf840660, EBP=b4f821e0, ESI=00000001, EDI=b4f813dc
-1	25715	libc.so.6           	b4dfc914	                                        	74 72                                             	jz 0xb4dfc988                                     		EAX=00000000, ECX=b4f821e8, EDX=00000004, EBX=b4f81000, ESP=bf840660, EBP=b4f821e0, ESI=00000001, EDI=b4f813dc
-1	25715	libc.so.6           	b4dfc988	                                        	c1 e0 04                                          	shl eax, 0x4                                      		EAX=00000000, ECX=b4f821e8, EDX=00000004, EBX=b4f81000, ESP=bf840660, EBP=b4f821e0, ESI=00000001, EDI=b4f813dc
-1	25715	libc.so.6           	b4dfc98b	                                        	83 ec 08                                          	sub esp, 0x8                                      		EAX=00000000, ECX=b4f821e8, EDX=00000004, EBX=b4f81000, ESP=bf840660, EBP=b4f821e0, ESI=00000001, EDI=b4f813dc
-1	25715	libc.so.6           	b4dfc98e	                                        	01 e8                                             	add eax, ebp                                      		EAX=00000000, ECX=b4f821e8, EDX=00000004, EBX=b4f81000, ESP=bf840658, EBP=b4f821e0, ESI=00000001, EDI=b4f813dc
-1	25715	libc.so.6           	b4dfc990	                                        	8b 50 0c                                          	mov edx, dword ptr [eax+0xc]                      		EAX=b4f821e0, ECX=b4f821e8, EDX=00000004, EBX=b4f81000, ESP=bf840658, EBP=b4f821e0, ESI=00000001, EDI=b4f813dc
-1	25715	libc.so.6           	b4dfc993	                                        	56                                                	push esi                                          		EAX=b4f821e0, ECX=b4f821e8, EDX=47e396e0, EBX=b4f81000, ESP=bf840658, EBP=b4f821e0, ESI=00000001, EDI=b4f813dc
-1	25715	libc.so.6           	b4dfc994	                                        	ff 70 10                                          	push dword ptr [eax+0x10]                         		EAX=b4f821e0, ECX=b4f821e8, EDX=47e396e0, EBX=b4f81000, ESP=bf840654, EBP=b4f821e0, ESI=00000001, EDI=b4f813dc
-1	25715	libc.so.6           	b4dfc997	                                        	c1 ca 09                                          	ror edx, 0x9                                      		EAX=b4f821e0, ECX=b4f821e8, EDX=47e396e0, EBX=b4f81000, ESP=bf840650, EBP=b4f821e0, ESI=00000001, EDI=b4f813dc
-1	25715	libc.so.6           	b4dfc99a	                                        	65 33 15 18 00 00 00                              	xor edx, dword ptr gs:[0x18]                      		EAX=b4f821e0, ECX=b4f821e8, EDX=7023f1cb, EBX=b4f81000, ESP=bf840650, EBP=b4f821e0, ESI=00000001, EDI=b4f813dc
-1	25715	libc.so.6           	b4dfc9a1	                                        	ff d2                                             	call edx                                          		EAX=b4f821e0, ECX=b4f821e8, EDX=b76fc880, EBX=b4f81000, ESP=bf840650, EBP=b4f821e0, ESI=00000001, EDI=b4f813dc
-1	25715	ld-linux.so.2       	b76fc880	                                        	55                                                	push ebp                                          		EAX=b4f821e0, ECX=b4f821e8, EDX=b76fc880, EBX=b4f81000, ESP=bf84064c, EBP=b4f821e0, ESI=00000001, EDI=b4f813dc
-1	25715	ld-linux.so.2       	b76fc881	                                        	8d 0d 20 00 00 00                                 	lea ecx, ptr [0x20]                               		EAX=b4f821e0, ECX=b4f821e8, EDX=b76fc880, EBX=b4f81000, ESP=bf840648, EBP=b4f821e0, ESI=00000001, EDI=b4f813dc
-1	25715	ld-linux.so.2       	b76fc887	                                        	e8 55 a0 00 00                                    	call 0xb77068e1                                   		EAX=b4f821e0, ECX=00000020, EDX=b76fc880, EBX=b4f81000, ESP=bf840648, EBP=b4f821e0, ESI=00000001, EDI=b4f813dc
-1	25715	ld-linux.so.2       	b77068e1	                                        	8b 04 24                                          	mov eax, dword ptr [esp]                          		EAX=b4f821e0, ECX=00000020, EDX=b76fc880, EBX=b4f81000, ESP=bf840644, EBP=b4f821e0, ESI=00000001, EDI=b4f813dc
-1	25715	ld-linux.so.2       	b77068e4	                                        	c3                                                	ret                                               		EAX=b76fc88c, ECX=00000020, EDX=b76fc880, EBX=b4f81000, ESP=bf840644, EBP=b4f821e0, ESI=00000001, EDI=b4f813dc
-1	25715	ld-linux.so.2       	b76fc88c	                                        	05 74 47 01 00                                    	add eax, 0x14774                                  		EAX=b76fc88c, ECX=00000020, EDX=b76fc880, EBX=b4f81000, ESP=bf840648, EBP=b4f821e0, ESI=00000001, EDI=b4f813dc
-1	25715	ld-linux.so.2       	b76fc891	                                        	89 e5                                             	mov ebp, esp                                      		EAX=b7711000, ECX=00000020, EDX=b76fc880, EBX=b4f81000, ESP=bf840648, EBP=b4f821e0, ESI=00000001, EDI=b4f813dc
-1	25715	ld-linux.so.2       	b76fc893	                                        	57                                                	push edi                                          		EAX=b7711000, ECX=00000020, EDX=b76fc880, EBX=b4f81000, ESP=bf840648, EBP=bf840648, ESI=00000001, EDI=b4f813dc
-1	25715	ld-linux.so.2       	b76fc894	                                        	56                                                	push esi                                          		EAX=b7711000, ECX=00000020, EDX=b76fc880, EBX=b4f81000, ESP=bf840644, EBP=bf840648, ESI=00000001, EDI=b4f813dc
-1	25715	ld-linux.so.2       	b76fc895	                                        	53                                                	push ebx                                          		EAX=b7711000, ECX=00000020, EDX=b76fc880, EBX=b4f81000, ESP=bf840640, EBP=bf840648, ESI=00000001, EDI=b4f813dc
-1	25715	ld-linux.so.2       	b76fc896	                                        	83 ec 4c                                          	sub esp, 0x4c                                     		EAX=b7711000, ECX=00000020, EDX=b76fc880, EBX=b4f81000, ESP=bf84063c, EBP=bf840648, ESI=00000001, EDI=b4f813dc
-1	25715	ld-linux.so.2       	b76fc899	                                        	89 45 dc                                          	mov dword ptr [ebp-0x24], eax                     		EAX=b7711000, ECX=00000020, EDX=b76fc880, EBX=b4f81000, ESP=bf8405f0, EBP=bf840648, ESI=00000001, EDI=b4f813dc
-1	25715	ld-linux.so.2       	b76fc89c	                                        	89 4d d8                                          	mov dword ptr [ebp-0x28], ecx                     		EAX=b7711000, ECX=00000020, EDX=b76fc880, EBX=b4f81000, ESP=bf8405f0, EBP=bf840648, ESI=00000001, EDI=b4f813dc
-1	25715	ld-linux.so.2       	b76fc89f	                                        	8d 88 20 00 00 00                                 	lea ecx, ptr [eax+0x20]                           		EAX=b7711000, ECX=00000020, EDX=b76fc880, EBX=b4f81000, ESP=bf8405f0, EBP=bf840648, ESI=00000001, EDI=b4f813dc
-1	25715	ld-linux.so.2       	b76fc8a5	                                        	8d 80 e4 04 00 00                                 	lea eax, ptr [eax+0x4e4]                          		EAX=b7711000, ECX=b7711020, EDX=b76fc880, EBX=b4f81000, ESP=bf8405f0, EBP=bf840648, ESI=00000001, EDI=b4f813dc
-1	25715	ld-linux.so.2       	b76fc8ab	                                        	c7 45 cc 00 00 00 00                              	mov dword ptr [ebp-0x34], 0x0                     		EAX=b77114e4, ECX=b7711020, EDX=b76fc880, EBX=b4f81000, ESP=bf8405f0, EBP=bf840648, ESI=00000001, EDI=b4f813dc
-1	25715	ld-linux.so.2       	b76fc8b2	                                        	89 4d ac                                          	mov dword ptr [ebp-0x54], ecx                     		EAX=b77114e4, ECX=b7711020, EDX=b76fc880, EBX=b4f81000, ESP=bf8405f0, EBP=bf840648, ESI=00000001, EDI=b4f813dc
-1	25715	ld-linux.so.2       	b76fc8b5	                                        	89 45 d0                                          	mov dword ptr [ebp-0x30], eax                     		EAX=b77114e4, ECX=b7711020, EDX=b76fc880, EBX=b4f81000, ESP=bf8405f0, EBP=bf840648, ESI=00000001, EDI=b4f813dc
-1	25715	ld-linux.so.2       	b76fc8b8	                                        	8b 4d dc                                          	mov ecx, dword ptr [ebp-0x24]                     		EAX=b77114e4, ECX=b7711020, EDX=b76fc880, EBX=b4f81000, ESP=bf8405f0, EBP=bf840648, ESI=00000001, EDI=b4f813dc
-1	25715	ld-linux.so.2       	b76fc8bb	                                        	8b 45 d8                                          	mov eax, dword ptr [ebp-0x28]                     		EAX=b77114e4, ECX=b7711000, EDX=b76fc880, EBX=b4f81000, ESP=bf8405f0, EBP=bf840648, ESI=00000001, EDI=b4f813dc
-1	25715	ld-linux.so.2       	b76fc8be	                                        	8b 84 08 c0 04 00 00                              	mov eax, dword ptr [eax+ecx*1+0x4c0]              		EAX=00000020, ECX=b7711000, EDX=b76fc880, EBX=b4f81000, ESP=bf8405f0, EBP=bf840648, ESI=00000001, EDI=b4f813dc
-1	25715	ld-linux.so.2       	b76fc8c5	                                        	89 c1                                             	mov ecx, eax                                      		EAX=00000001, ECX=b7711000, EDX=b76fc880, EBX=b4f81000, ESP=bf8405f0, EBP=bf840648, ESI=00000001, EDI=b4f813dc
-1	25715	ld-linux.so.2       	b76fc8c7	                                        	83 e9 01                                          	sub ecx, 0x1                                      		EAX=00000001, ECX=00000001, EDX=b76fc880, EBX=b4f81000, ESP=bf8405f0, EBP=bf840648, ESI=00000001, EDI=b4f813dc
-1	25715	ld-linux.so.2       	b76fc8ca	                                        	89 4d e0                                          	mov dword ptr [ebp-0x20], ecx                     		EAX=00000001, ECX=00000000, EDX=b76fc880, EBX=b4f81000, ESP=bf8405f0, EBP=bf840648, ESI=00000001, EDI=b4f813dc
-1	25715	ld-linux.so.2       	b76fc8cd	                                        	0f 88 00 02 00 00                                 	js 0xb76fcad3                                     		EAX=00000001, ECX=00000000, EDX=b76fc880, EBX=b4f81000, ESP=bf8405f0, EBP=bf840648, ESI=00000001, EDI=b4f813dc
-1	25715	ld-linux.so.2       	b76fc8d3	                                        	8b 4d ac                                          	mov ecx, dword ptr [ebp-0x54]                     		EAX=00000001, ECX=00000000, EDX=b76fc880, EBX=b4f81000, ESP=bf8405f0, EBP=bf840648, ESI=00000001, EDI=b4f813dc
-1	25715	ld-linux.so.2       	b76fc8d6	                                        	6b c0 4c                                          	imul eax, eax, 0x4c                               		EAX=00000001, ECX=b7711020, EDX=b76fc880, EBX=b4f81000, ESP=bf8405f0, EBP=bf840648, ESI=00000001, EDI=b4f813dc
-1	25715	ld-linux.so.2       	b76fc8d9	                                        	8d 44 01 b8                                       	lea eax, ptr [ecx+eax*1-0x48]                     		EAX=0000004c, ECX=b7711020, EDX=b76fc880, EBX=b4f81000, ESP=bf8405f0, EBP=bf840648, ESI=00000001, EDI=b4f813dc
-1	25715	ld-linux.so.2       	b76fc8dd	                                        	89 45 d4                                          	mov dword ptr [ebp-0x2c], eax                     		EAX=b7711024, ECX=b7711020, EDX=b76fc880, EBX=b4f81000, ESP=bf8405f0, EBP=bf840648, ESI=00000001, EDI=b4f813dc
-1	25715	ld-linux.so.2       	b76fc8e0	                                        	8b 45 dc                                          	mov eax, dword ptr [ebp-0x24]                     		EAX=b7711024, ECX=b7711020, EDX=b76fc880, EBX=b4f81000, ESP=bf8405f0, EBP=bf840648, ESI=00000001, EDI=b4f813dc
-1	25715	ld-linux.so.2       	b76fc8e3	                                        	8d 88 8b 73 ff ff                                 	lea ecx, ptr [eax-0x8c75]                         		EAX=b7711000, ECX=b7711020, EDX=b76fc880, EBX=b4f81000, ESP=bf8405f0, EBP=bf840648, ESI=00000001, EDI=b4f813dc
-1	25715	ld-linux.so.2       	b76fc8e9	                                        	8d 80 73 6b ff ff                                 	lea eax, ptr [eax-0x948d]                         		EAX=b7711000, ECX=b770838b, EDX=b76fc880, EBX=b4f81000, ESP=bf8405f0, EBP=bf840648, ESI=00000001, EDI=b4f813dc
-1	25715	ld-linux.so.2       	b76fc8ef	                                        	89 4d b8                                          	mov dword ptr [ebp-0x48], ecx                     		EAX=b7707b73, ECX=b770838b, EDX=b76fc880, EBX=b4f81000, ESP=bf8405f0, EBP=bf840648, ESI=00000001, EDI=b4f813dc
-1	25715	ld-linux.so.2       	b76fc8f2	                                        	89 45 b4                                          	mov dword ptr [ebp-0x4c], eax                     		EAX=b7707b73, ECX=b770838b, EDX=b76fc880, EBX=b4f81000, ESP=bf8405f0, EBP=bf840648, ESI=00000001, EDI=b4f813dc
-1	25715	ld-linux.so.2       	b76fc8f5	                                        	eb 33                                             	jmp 0xb76fc92a                                    		EAX=b7707b73, ECX=b770838b, EDX=b76fc880, EBX=b4f81000, ESP=bf8405f0, EBP=bf840648, ESI=00000001, EDI=b4f813dc
-1	25715	ld-linux.so.2       	b76fc92a	                                        	8b 45 d8                                          	mov eax, dword ptr [ebp-0x28]                     		EAX=b7707b73, ECX=b770838b, EDX=b76fc880, EBX=b4f81000, ESP=bf8405f0, EBP=bf840648, ESI=00000001, EDI=b4f813dc
-1	25715	ld-linux.so.2       	b76fc92d	                                        	8b 4d dc                                          	mov ecx, dword ptr [ebp-0x24]                     		EAX=00000020, ECX=b770838b, EDX=b76fc880, EBX=b4f81000, ESP=bf8405f0, EBP=bf840648, ESI=00000001, EDI=b4f813dc
-1	25715	ld-linux.so.2       	b76fc930	                                        	83 ec 0c                                          	sub esp, 0xc                                      		EAX=00000020, ECX=b7711000, EDX=b76fc880, EBX=b4f81000, ESP=bf8405f0, EBP=bf840648, ESI=00000001, EDI=b4f813dc
-1	25715	ld-linux.so.2       	b76fc933	                                        	ff 75 d0                                          	push dword ptr [ebp-0x30]                         		EAX=00000020, ECX=b7711000, EDX=b76fc880, EBX=b4f81000, ESP=bf8405e4, EBP=bf840648, ESI=00000001, EDI=b4f813dc
-1	25715	ld-linux.so.2       	b76fc936	                                        	ff 94 08 f8 07 00 00                              	call dword ptr [eax+ecx*1+0x7f8]                  		EAX=00000020, ECX=b7711000, EDX=b76fc880, EBX=b4f81000, ESP=bf8405e0, EBP=bf840648, ESI=00000001, EDI=b4f813dc
-1	25715	ld-linux.so.2       	b76fc93d	                                        	8b 45 d4                                          	mov eax, dword ptr [ebp-0x2c]                     		EAX=b77114e4, ECX=b7711000, EDX=b76fc880, EBX=b4f81000, ESP=bf8405e0, EBP=bf840648, ESI=00000001, EDI=b4f813dc
-1	25715	ld-linux.so.2       	b76fc940	                                        	83 c4 10                                          	add esp, 0x10                                     		EAX=b7711024, ECX=b7711000, EDX=b76fc880, EBX=b4f81000, ESP=bf8405e0, EBP=bf840648, ESI=00000001, EDI=b4f813dc
-1	25715	ld-linux.so.2       	b76fc943	                                        	8b 08                                             	mov ecx, dword ptr [eax]                          		EAX=b7711024, ECX=b7711000, EDX=b76fc880, EBX=b4f81000, ESP=bf8405f0, EBP=bf840648, ESI=00000001, EDI=b4f813dc
-1	25715	ld-linux.so.2       	b76fc945	                                        	85 c9                                             	test ecx, ecx                                     		EAX=b7711024, ECX=00000004, EDX=b76fc880, EBX=b4f81000, ESP=bf8405f0, EBP=bf840648, ESI=00000001, EDI=b4f813dc
-1	25715	ld-linux.so.2       	b76fc947	                                        	74 b7                                             	jz 0xb76fc900                                     		EAX=b7711024, ECX=00000004, EDX=b76fc880, EBX=b4f81000, ESP=bf8405f0, EBP=bf840648, ESI=00000001, EDI=b4f813dc
-1	25715	ld-linux.so.2       	b76fc949	                                        	8b 40 fc                                          	mov eax, dword ptr [eax-0x4]                      		EAX=b7711024, ECX=00000004, EDX=b76fc880, EBX=b4f81000, ESP=bf8405f0, EBP=bf840648, ESI=00000001, EDI=b4f813dc
-1	25715	ld-linux.so.2       	b76fc94c	                                        	0f b6 90 95 01 00 00                              	movzx edx, byte ptr [eax+0x195]                   		EAX=b7711918, ECX=00000004, EDX=b76fc880, EBX=b4f81000, ESP=bf8405f0, EBP=bf840648, ESI=00000001, EDI=b4f813dc
-1	25715	ld-linux.so.2       	b76fc953	                                        	c0 ea 03                                          	shr dl, 0x3                                       		EAX=b7711918, ECX=00000004, EDX=00000000, EBX=b4f81000, ESP=bf8405f0, EBP=bf840648, ESI=00000001, EDI=b4f813dc
-1	25715	ld-linux.so.2       	b76fc956	                                        	83 e2 01                                          	and edx, 0x1                                      		EAX=b7711918, ECX=00000004, EDX=00000000, EBX=b4f81000, ESP=bf8405f0, EBP=bf840648, ESI=00000001, EDI=b4f813dc
-1	25715	ld-linux.so.2       	b76fc959	                                        	39 55 cc                                          	cmp dword ptr [ebp-0x34], edx                     		EAX=b7711918, ECX=00000004, EDX=00000000, EBX=b4f81000, ESP=bf8405f0, EBP=bf840648, ESI=00000001, EDI=b4f813dc
-1	25715	ld-linux.so.2       	b76fc95c	                                        	75 a2                                             	jnz 0xb76fc900                                    		EAX=b7711918, ECX=00000004, EDX=00000000, EBX=b4f81000, ESP=bf8405f0, EBP=bf840648, ESI=00000001, EDI=b4f813dc
-1	25715	ld-linux.so.2       	b76fc95e	                                        	8d 14 8d 12 00 00 00                              	lea edx, ptr [ecx*4+0x12]                         		EAX=b7711918, ECX=00000004, EDX=00000000, EBX=b4f81000, ESP=bf8405f0, EBP=bf840648, ESI=00000001, EDI=b4f813dc
-1	25715	ld-linux.so.2       	b76fc965	                                        	89 65 bc                                          	mov dword ptr [ebp-0x44], esp                     		EAX=b7711918, ECX=00000004, EDX=00000022, EBX=b4f81000, ESP=bf8405f0, EBP=bf840648, ESI=00000001, EDI=b4f813dc
-1	25715	ld-linux.so.2       	b76fc968	                                        	83 e2 f0                                          	and edx, 0xfffffff0                               		EAX=b7711918, ECX=00000004, EDX=00000022, EBX=b4f81000, ESP=bf8405f0, EBP=bf840648, ESI=00000001, EDI=b4f813dc
-1	25715	ld-linux.so.2       	b76fc96b	                                        	29 d4                                             	sub esp, edx                                      		EAX=b7711918, ECX=00000004, EDX=00000020, EBX=b4f81000, ESP=bf8405f0, EBP=bf840648, ESI=00000001, EDI=b4f813dc
-1	25715	ld-linux.so.2       	b76fc96d	                                        	31 d2                                             	xor edx, edx                                      		EAX=b7711918, ECX=00000004, EDX=00000020, EBX=b4f81000, ESP=bf8405d0, EBP=bf840648, ESI=00000001, EDI=b4f813dc
-1	25715	ld-linux.so.2       	b76fc96f	                                        	89 e3                                             	mov ebx, esp                                      		EAX=b7711918, ECX=00000004, EDX=00000000, EBX=b4f81000, ESP=bf8405d0, EBP=bf840648, ESI=00000001, EDI=b4f813dc
-1	25715	ld-linux.so.2       	b76fc971	                                        	89 65 c4                                          	mov dword ptr [ebp-0x3c], esp                     		EAX=b7711918, ECX=00000004, EDX=00000000, EBX=bf8405d0, ESP=bf8405d0, EBP=bf840648, ESI=00000001, EDI=b4f813dc
-1	25715	ld-linux.so.2       	b76fc974	                                        	eb 11                                             	jmp 0xb76fc987                                    		EAX=b7711918, ECX=00000004, EDX=00000000, EBX=bf8405d0, ESP=bf8405d0, EBP=bf840648, ESI=00000001, EDI=b4f813dc
-1	25715	ld-linux.so.2       	b76fc987	                                        	3b 40 14                                          	cmp eax, dword ptr [eax+0x14]                     		EAX=b7711918, ECX=00000004, EDX=00000000, EBX=bf8405d0, ESP=bf8405d0, EBP=bf840648, ESI=00000001, EDI=b4f813dc
-1	25715	ld-linux.so.2       	b76fc98a	                                        	75 f4                                             	jnz 0xb76fc980                                    		EAX=b7711918, ECX=00000004, EDX=00000000, EBX=bf8405d0, ESP=bf8405d0, EBP=bf840648, ESI=00000001, EDI=b4f813dc
-1	25715	ld-linux.so.2       	b76fc98c	                                        	39 d1                                             	cmp ecx, edx                                      		EAX=b7711918, ECX=00000004, EDX=00000000, EBX=bf8405d0, ESP=bf8405d0, EBP=bf840648, ESI=00000001, EDI=b4f813dc
-1	25715	ld-linux.so.2       	b76fc98e	                                        	0f 86 74 02 00 00                                 	jbe 0xb76fcc08                                    		EAX=b7711918, ECX=00000004, EDX=00000000, EBX=bf8405d0, ESP=bf8405d0, EBP=bf840648, ESI=00000001, EDI=b4f813dc
-1	25715	ld-linux.so.2       	b76fc994	                                        	89 04 93                                          	mov dword ptr [ebx+edx*4], eax                    		EAX=b7711918, ECX=00000004, EDX=00000000, EBX=bf8405d0, ESP=bf8405d0, EBP=bf840648, ESI=00000001, EDI=b4f813dc
-1	25715	ld-linux.so.2       	b76fc997	                                        	89 90 0c 02 00 00                                 	mov dword ptr [eax+0x20c], edx                    		EAX=b7711918, ECX=00000004, EDX=00000000, EBX=bf8405d0, ESP=bf8405d0, EBP=bf840648, ESI=00000001, EDI=b4f813dc
-1	25715	ld-linux.so.2       	b76fc99d	                                        	83 c2 01                                          	add edx, 0x1                                      		EAX=b7711918, ECX=00000004, EDX=00000000, EBX=bf8405d0, ESP=bf8405d0, EBP=bf840648, ESI=00000001, EDI=b4f813dc
-1	25715	ld-linux.so.2       	b76fc9a0	                                        	83 80 90 01 00 00 01                              	add dword ptr [eax+0x190], 0x1                    		EAX=b7711918, ECX=00000004, EDX=00000001, EBX=bf8405d0, ESP=bf8405d0, EBP=bf840648, ESI=00000001, EDI=b4f813dc
-1	25715	ld-linux.so.2       	b76fc9a7	                                        	8b 40 0c                                          	mov eax, dword ptr [eax+0xc]                      		EAX=b7711918, ECX=00000004, EDX=00000001, EBX=bf8405d0, ESP=bf8405d0, EBP=bf840648, ESI=00000001, EDI=b4f813dc
-1	25715	ld-linux.so.2       	b76fc9aa	                                        	85 c0                                             	test eax, eax                                     		EAX=b7711c08, ECX=00000004, EDX=00000001, EBX=bf8405d0, ESP=bf8405d0, EBP=bf840648, ESI=00000001, EDI=b4f813dc
-1	25715	ld-linux.so.2       	b76fc9ac	                                        	75 d9                                             	jnz 0xb76fc987                                    		EAX=b7711c08, ECX=00000004, EDX=00000001, EBX=bf8405d0, ESP=bf8405d0, EBP=bf840648, ESI=00000001, EDI=b4f813dc
-1	25715	ld-linux.so.2       	b76fc987	                                        	3b 40 14                                          	cmp eax, dword ptr [eax+0x14]                     		EAX=b7711c08, ECX=00000004, EDX=00000001, EBX=bf8405d0, ESP=bf8405d0, EBP=bf840648, ESI=00000001, EDI=b4f813dc
-1	25715	ld-linux.so.2       	b76fc98a	                                        	75 f4                                             	jnz 0xb76fc980                                    		EAX=b7711c08, ECX=00000004, EDX=00000001, EBX=bf8405d0, ESP=bf8405d0, EBP=bf840648, ESI=00000001, EDI=b4f813dc
-1	25715	ld-linux.so.2       	b76fc98c	                                        	39 d1                                             	cmp ecx, edx                                      		EAX=b7711c08, ECX=00000004, EDX=00000001, EBX=bf8405d0, ESP=bf8405d0, EBP=bf840648, ESI=00000001, EDI=b4f813dc
-1	25715	ld-linux.so.2       	b76fc98e	                                        	0f 86 74 02 00 00                                 	jbe 0xb76fcc08                                    		EAX=b7711c08, ECX=00000004, EDX=00000001, EBX=bf8405d0, ESP=bf8405d0, EBP=bf840648, ESI=00000001, EDI=b4f813dc
-1	25715	ld-linux.so.2       	b76fc994	                                        	89 04 93                                          	mov dword ptr [ebx+edx*4], eax                    		EAX=b7711c08, ECX=00000004, EDX=00000001, EBX=bf8405d0, ESP=bf8405d0, EBP=bf840648, ESI=00000001, EDI=b4f813dc
-1	25715	ld-linux.so.2       	b76fc997	                                        	89 90 0c 02 00 00                                 	mov dword ptr [eax+0x20c], edx                    		EAX=b7711c08, ECX=00000004, EDX=00000001, EBX=bf8405d0, ESP=bf8405d0, EBP=bf840648, ESI=00000001, EDI=b4f813dc
-1	25715	ld-linux.so.2       	b76fc99d	                                        	83 c2 01                                          	add edx, 0x1                                      		EAX=b7711c08, ECX=00000004, EDX=00000001, EBX=bf8405d0, ESP=bf8405d0, EBP=bf840648, ESI=00000001, EDI=b4f813dc
-1	25715	ld-linux.so.2       	b76fc9a0	                                        	83 80 90 01 00 00 01                              	add dword ptr [eax+0x190], 0x1                    		EAX=b7711c08, ECX=00000004, EDX=00000002, EBX=bf8405d0, ESP=bf8405d0, EBP=bf840648, ESI=00000001, EDI=b4f813dc
-1	25715	ld-linux.so.2       	b76fc9a7	                                        	8b 40 0c                                          	mov eax, dword ptr [eax+0xc]                      		EAX=b7711c08, ECX=00000004, EDX=00000002, EBX=bf8405d0, ESP=bf8405d0, EBP=bf840648, ESI=00000001, EDI=b4f813dc
-1	25715	ld-linux.so.2       	b76fc9aa	                                        	85 c0                                             	test eax, eax                                     		EAX=b50231b0, ECX=00000004, EDX=00000002, EBX=bf8405d0, ESP=bf8405d0, EBP=bf840648, ESI=00000001, EDI=b4f813dc
-1	25715	ld-linux.so.2       	b76fc9ac	                                        	75 d9                                             	jnz 0xb76fc987                                    		EAX=b50231b0, ECX=00000004, EDX=00000002, EBX=bf8405d0, ESP=bf8405d0, EBP=bf840648, ESI=00000001, EDI=b4f813dc
-1	25715	ld-linux.so.2       	b76fc987	                                        	3b 40 14                                          	cmp eax, dword ptr [eax+0x14]                     		EAX=b50231b0, ECX=00000004, EDX=00000002, EBX=bf8405d0, ESP=bf8405d0, EBP=bf840648, ESI=00000001, EDI=b4f813dc
-1	25715	ld-linux.so.2       	b76fc98a	                                        	75 f4                                             	jnz 0xb76fc980                                    		EAX=b50231b0, ECX=00000004, EDX=00000002, EBX=bf8405d0, ESP=bf8405d0, EBP=bf840648, ESI=00000001, EDI=b4f813dc
-1	25715	ld-linux.so.2       	b76fc98c	                                        	39 d1                                             	cmp ecx, edx                                      		EAX=b50231b0, ECX=00000004, EDX=00000002, EBX=bf8405d0, ESP=bf8405d0, EBP=bf840648, ESI=00000001, EDI=b4f813dc
-1	25715	ld-linux.so.2       	b76fc98e	                                        	0f 86 74 02 00 00                                 	jbe 0xb76fcc08                                    		EAX=b50231b0, ECX=00000004, EDX=00000002, EBX=bf8405d0, ESP=bf8405d0, EBP=bf840648, ESI=00000001, EDI=b4f813dc
-1	25715	ld-linux.so.2       	b76fc994	                                        	89 04 93                                          	mov dword ptr [ebx+edx*4], eax                    		EAX=b50231b0, ECX=00000004, EDX=00000002, EBX=bf8405d0, ESP=bf8405d0, EBP=bf840648, ESI=00000001, EDI=b4f813dc
-1	25715	ld-linux.so.2       	b76fc997	                                        	89 90 0c 02 00 00                                 	mov dword ptr [eax+0x20c], edx                    		EAX=b50231b0, ECX=00000004, EDX=00000002, EBX=bf8405d0, ESP=bf8405d0, EBP=bf840648, ESI=00000001, EDI=b4f813dc
-1	25715	ld-linux.so.2       	b76fc99d	                                        	83 c2 01                                          	add edx, 0x1                                      		EAX=b50231b0, ECX=00000004, EDX=00000002, EBX=bf8405d0, ESP=bf8405d0, EBP=bf840648, ESI=00000001, EDI=b4f813dc
-1	25715	ld-linux.so.2       	b76fc9a0	                                        	83 80 90 01 00 00 01                              	add dword ptr [eax+0x190], 0x1                    		EAX=b50231b0, ECX=00000004, EDX=00000003, EBX=bf8405d0, ESP=bf8405d0, EBP=bf840648, ESI=00000001, EDI=b4f813dc
-1	25715	ld-linux.so.2       	b76fc9a7	                                        	8b 40 0c                                          	mov eax, dword ptr [eax+0xc]                      		EAX=b50231b0, ECX=00000004, EDX=00000003, EBX=bf8405d0, ESP=bf8405d0, EBP=bf840648, ESI=00000001, EDI=b4f813dc
-1	25715	ld-linux.so.2       	b76fc9aa	                                        	85 c0                                             	test eax, eax                                     		EAX=b771153c, ECX=00000004, EDX=00000003, EBX=bf8405d0, ESP=bf8405d0, EBP=bf840648, ESI=00000001, EDI=b4f813dc
-1	25715	ld-linux.so.2       	b76fc9ac	                                        	75 d9                                             	jnz 0xb76fc987                                    		EAX=b771153c, ECX=00000004, EDX=00000003, EBX=bf8405d0, ESP=bf8405d0, EBP=bf840648, ESI=00000001, EDI=b4f813dc
-1	25715	ld-linux.so.2       	b76fc987	                                        	3b 40 14                                          	cmp eax, dword ptr [eax+0x14]                     		EAX=b771153c, ECX=00000004, EDX=00000003, EBX=bf8405d0, ESP=bf8405d0, EBP=bf840648, ESI=00000001, EDI=b4f813dc
-1	25715	ld-linux.so.2       	b76fc98a	                                        	75 f4                                             	jnz 0xb76fc980                                    		EAX=b771153c, ECX=00000004, EDX=00000003, EBX=bf8405d0, ESP=bf8405d0, EBP=bf840648, ESI=00000001, EDI=b4f813dc
-1	25715	ld-linux.so.2       	b76fc98c	                                        	39 d1                                             	cmp ecx, edx                                      		EAX=b771153c, ECX=00000004, EDX=00000003, EBX=bf8405d0, ESP=bf8405d0, EBP=bf840648, ESI=00000001, EDI=b4f813dc
-1	25715	ld-linux.so.2       	b76fc98e	                                        	0f 86 74 02 00 00                                 	jbe 0xb76fcc08                                    		EAX=b771153c, ECX=00000004, EDX=00000003, EBX=bf8405d0, ESP=bf8405d0, EBP=bf840648, ESI=00000001, EDI=b4f813dc
-1	25715	ld-linux.so.2       	b76fc994	                                        	89 04 93                                          	mov dword ptr [ebx+edx*4], eax                    		EAX=b771153c, ECX=00000004, EDX=00000003, EBX=bf8405d0, ESP=bf8405d0, EBP=bf840648, ESI=00000001, EDI=b4f813dc
-1	25715	ld-linux.so.2       	b76fc997	                                        	89 90 0c 02 00 00                                 	mov dword ptr [eax+0x20c], edx                    		EAX=b771153c, ECX=00000004, EDX=00000003, EBX=bf8405d0, ESP=bf8405d0, EBP=bf840648, ESI=00000001, EDI=b4f813dc
-1	25715	ld-linux.so.2       	b76fc99d	                                        	83 c2 01                                          	add edx, 0x1                                      		EAX=b771153c, ECX=00000004, EDX=00000003, EBX=bf8405d0, ESP=bf8405d0, EBP=bf840648, ESI=00000001, EDI=b4f813dc
-1	25715	ld-linux.so.2       	b76fc9a0	                                        	83 80 90 01 00 00 01                              	add dword ptr [eax+0x190], 0x1                    		EAX=b771153c, ECX=00000004, EDX=00000004, EBX=bf8405d0, ESP=bf8405d0, EBP=bf840648, ESI=00000001, EDI=b4f813dc
-1	25715	ld-linux.so.2       	b76fc9a7	                                        	8b 40 0c                                          	mov eax, dword ptr [eax+0xc]                      		EAX=b771153c, ECX=00000004, EDX=00000004, EBX=bf8405d0, ESP=bf8405d0, EBP=bf840648, ESI=00000001, EDI=b4f813dc
-1	25715	ld-linux.so.2       	b76fc9aa	                                        	85 c0                                             	test eax, eax                                     		EAX=00000000, ECX=00000004, EDX=00000004, EBX=bf8405d0, ESP=bf8405d0, EBP=bf840648, ESI=00000001, EDI=b4f813dc
-1	25715	ld-linux.so.2       	b76fc9ac	                                        	75 d9                                             	jnz 0xb76fc987                                    		EAX=00000000, ECX=00000004, EDX=00000004, EBX=bf8405d0, ESP=bf8405d0, EBP=bf840648, ESI=00000001, EDI=b4f813dc
-1	25715	ld-linux.so.2       	b76fc9ae	                                        	66 90                                             	data16 nop                                        		EAX=00000000, ECX=00000004, EDX=00000004, EBX=bf8405d0, ESP=bf8405d0, EBP=bf840648, ESI=00000001, EDI=b4f813dc
-1	25715	ld-linux.so.2       	b76fc9b0	                                        	8b 75 e0                                          	mov esi, dword ptr [ebp-0x20]                     		EAX=00000000, ECX=00000004, EDX=00000004, EBX=bf8405d0, ESP=bf8405d0, EBP=bf840648, ESI=00000001, EDI=b4f813dc
-1	25715	ld-linux.so.2       	b76fc9b3	                                        	39 ca                                             	cmp edx, ecx                                      		EAX=00000000, ECX=00000004, EDX=00000004, EBX=bf8405d0, ESP=bf8405d0, EBP=bf840648, ESI=00000000, EDI=b4f813dc
-1	25715	ld-linux.so.2       	b76fc9b5	                                        	89 55 c8                                          	mov dword ptr [ebp-0x38], edx                     		EAX=00000000, ECX=00000004, EDX=00000004, EBX=bf8405d0, ESP=bf8405d0, EBP=bf840648, ESI=00000000, EDI=b4f813dc
-1	25715	ld-linux.so.2       	b76fc9b8	                                        	0f 95 c0                                          	setnz al                                          		EAX=00000000, ECX=00000004, EDX=00000004, EBX=bf8405d0, ESP=bf8405d0, EBP=bf840648, ESI=00000000, EDI=b4f813dc
-1	25715	ld-linux.so.2       	b76fc9bb	                                        	85 f6                                             	test esi, esi                                     		EAX=00000000, ECX=00000004, EDX=00000004, EBX=bf8405d0, ESP=bf8405d0, EBP=bf840648, ESI=00000000, EDI=b4f813dc
-1	25715	ld-linux.so.2       	b76fc9bd	                                        	75 08                                             	jnz 0xb76fc9c7                                    		EAX=00000000, ECX=00000004, EDX=00000004, EBX=bf8405d0, ESP=bf8405d0, EBP=bf840648, ESI=00000000, EDI=b4f813dc
-1	25715	ld-linux.so.2       	b76fc9bf	                                        	84 c0                                             	test al, al                                       		EAX=00000000, ECX=00000004, EDX=00000004, EBX=bf8405d0, ESP=bf8405d0, EBP=bf840648, ESI=00000000, EDI=b4f813dc
-1	25715	ld-linux.so.2       	b76fc9c1	                                        	0f 85 63 02 00 00                                 	jnz 0xb76fcc2a                                    		EAX=00000000, ECX=00000004, EDX=00000004, EBX=bf8405d0, ESP=bf8405d0, EBP=bf840648, ESI=00000000, EDI=b4f813dc
-1	25715	ld-linux.so.2       	b76fc9c7	                                        	8b 5d e0                                          	mov ebx, dword ptr [ebp-0x20]                     		EAX=00000000, ECX=00000004, EDX=00000004, EBX=bf8405d0, ESP=bf8405d0, EBP=bf840648, ESI=00000000, EDI=b4f813dc
-1	25715	ld-linux.so.2       	b76fc9ca	                                        	85 db                                             	test ebx, ebx                                     		EAX=00000000, ECX=00000004, EDX=00000004, EBX=00000000, ESP=bf8405d0, EBP=bf840648, ESI=00000000, EDI=b4f813dc
-1	25715	ld-linux.so.2       	b76fc9cc	                                        	74 10                                             	jz 0xb76fc9de                                     		EAX=00000000, ECX=00000004, EDX=00000004, EBX=00000000, ESP=bf8405d0, EBP=bf840648, ESI=00000000, EDI=b4f813dc
-1	25715	ld-linux.so.2       	b76fc9de	                                        	8b 5d c8                                          	mov ebx, dword ptr [ebp-0x38]                     		EAX=00000000, ECX=00000004, EDX=00000004, EBX=00000000, ESP=bf8405d0, EBP=bf840648, ESI=00000000, EDI=b4f813dc
-1	25715	ld-linux.so.2       	b76fc9e1	                                        	8b 45 c4                                          	mov eax, dword ptr [ebp-0x3c]                     		EAX=00000000, ECX=00000004, EDX=00000004, EBX=00000004, ESP=bf8405d0, EBP=bf840648, ESI=00000000, EDI=b4f813dc
-1	25715	ld-linux.so.2       	b76fc9e4	                                        	83 ec 0c                                          	sub esp, 0xc                                      		EAX=bf8405d0, ECX=00000004, EDX=00000004, EBX=00000004, ESP=bf8405d0, EBP=bf840648, ESI=00000000, EDI=b4f813dc
-1	25715	ld-linux.so.2       	b76fc9e7	                                        	ff 75 e0                                          	push dword ptr [ebp-0x20]                         		EAX=bf8405d0, ECX=00000004, EDX=00000004, EBX=00000004, ESP=bf8405c4, EBP=bf840648, ESI=00000000, EDI=b4f813dc
-1	25715	ld-linux.so.2       	b76fc9ea	                                        	31 c9                                             	xor ecx, ecx                                      		EAX=bf8405d0, ECX=00000004, EDX=00000004, EBX=00000004, ESP=bf8405c0, EBP=bf840648, ESI=00000000, EDI=b4f813dc
-1	25715	ld-linux.so.2       	b76fc9ec	                                        	89 da                                             	mov edx, ebx                                      		EAX=bf8405d0, ECX=00000000, EDX=00000004, EBX=00000004, ESP=bf8405c0, EBP=bf840648, ESI=00000000, EDI=b4f813dc
-1	25715	ld-linux.so.2       	b76fc9ee	                                        	e8 4d fc ff ff                                    	call 0xb76fc640                                   		EAX=bf8405d0, ECX=00000000, EDX=00000004, EBX=00000004, ESP=bf8405c0, EBP=bf840648, ESI=00000000, EDI=b4f813dc
-1	25715	ld-linux.so.2       	b76fc640	                                        	55                                                	push ebp                                          		EAX=bf8405d0, ECX=00000000, EDX=00000004, EBX=00000004, ESP=bf8405bc, EBP=bf840648, ESI=00000000, EDI=b4f813dc
-1	25715	ld-linux.so.2       	b76fc641	                                        	89 e5                                             	mov ebp, esp                                      		EAX=bf8405d0, ECX=00000000, EDX=00000004, EBX=00000004, ESP=bf8405b8, EBP=bf840648, ESI=00000000, EDI=b4f813dc
-1	25715	ld-linux.so.2       	b76fc643	                                        	57                                                	push edi                                          		EAX=bf8405d0, ECX=00000000, EDX=00000004, EBX=00000004, ESP=bf8405b8, EBP=bf8405b8, ESI=00000000, EDI=b4f813dc
-1	25715	ld-linux.so.2       	b76fc644	                                        	56                                                	push esi                                          		EAX=bf8405d0, ECX=00000000, EDX=00000004, EBX=00000004, ESP=bf8405b4, EBP=bf8405b8, ESI=00000000, EDI=b4f813dc
-1	25715	ld-linux.so.2       	b76fc645	                                        	53                                                	push ebx                                          		EAX=bf8405d0, ECX=00000000, EDX=00000004, EBX=00000004, ESP=bf8405b0, EBP=bf8405b8, ESI=00000000, EDI=b4f813dc
-1	25715	ld-linux.so.2       	b76fc646	                                        	e8 a6 a2 00 00                                    	call 0xb77068f1                                   		EAX=bf8405d0, ECX=00000000, EDX=00000004, EBX=00000004, ESP=bf8405ac, EBP=bf8405b8, ESI=00000000, EDI=b4f813dc
-1	25715	ld-linux.so.2       	b77068f1	                                        	8b 3c 24                                          	mov edi, dword ptr [esp]                          		EAX=bf8405d0, ECX=00000000, EDX=00000004, EBX=00000004, ESP=bf8405a8, EBP=bf8405b8, ESI=00000000, EDI=b4f813dc
-1	25715	ld-linux.so.2       	b77068f4	                                        	c3                                                	ret                                               		EAX=bf8405d0, ECX=00000000, EDX=00000004, EBX=00000004, ESP=bf8405a8, EBP=bf8405b8, ESI=00000000, EDI=b76fc64b
-1	25715	ld-linux.so.2       	b76fc64b	                                        	81 c7 b5 49 01 00                                 	add edi, 0x149b5                                  		EAX=bf8405d0, ECX=00000000, EDX=00000004, EBX=00000004, ESP=bf8405ac, EBP=bf8405b8, ESI=00000000, EDI=b76fc64b
-1	25715	ld-linux.so.2       	b76fc651	                                        	83 ec 4c                                          	sub esp, 0x4c                                     		EAX=bf8405d0, ECX=00000000, EDX=00000004, EBX=00000004, ESP=bf8405ac, EBP=bf8405b8, ESI=00000000, EDI=b7711000
-1	25715	ld-linux.so.2       	b76fc654	                                        	83 fa 01                                          	cmp edx, 0x1                                      		EAX=bf8405d0, ECX=00000000, EDX=00000004, EBX=00000004, ESP=bf840560, EBP=bf8405b8, ESI=00000000, EDI=b7711000
-1	25715	ld-linux.so.2       	b76fc657	                                        	89 7d cc                                          	mov dword ptr [ebp-0x34], edi                     		EAX=bf8405d0, ECX=00000000, EDX=00000004, EBX=00000004, ESP=bf840560, EBP=bf8405b8, ESI=00000000, EDI=b7711000
-1	25715	ld-linux.so.2       	b76fc65a	                                        	0f 84 73 01 00 00                                 	jz 0xb76fc7d3                                     		EAX=bf8405d0, ECX=00000000, EDX=00000004, EBX=00000004, ESP=bf840560, EBP=bf8405b8, ESI=00000000, EDI=b7711000
-1	25715	ld-linux.so.2       	b76fc660	                                        	89 45 d8                                          	mov dword ptr [ebp-0x28], eax                     		EAX=bf8405d0, ECX=00000000, EDX=00000004, EBX=00000004, ESP=bf840560, EBP=bf8405b8, ESI=00000000, EDI=b7711000
-1	25715	ld-linux.so.2       	b76fc663	                                        	8b 45 08                                          	mov eax, dword ptr [ebp+0x8]                      		EAX=bf8405d0, ECX=00000000, EDX=00000004, EBX=00000004, ESP=bf840560, EBP=bf8405b8, ESI=00000000, EDI=b7711000
-1	25715	ld-linux.so.2       	b76fc666	                                        	89 fe                                             	mov esi, edi                                      		EAX=00000000, ECX=00000000, EDX=00000004, EBX=00000004, ESP=bf840560, EBP=bf8405b8, ESI=00000000, EDI=b7711000
-1	25715	ld-linux.so.2       	b76fc668	                                        	89 55 e0                                          	mov dword ptr [ebp-0x20], edx                     		EAX=00000000, ECX=00000000, EDX=00000004, EBX=00000004, ESP=bf840560, EBP=bf8405b8, ESI=b7711000, EDI=b7711000
-1	25715	ld-linux.so.2       	b76fc66b	                                        	89 d7                                             	mov edi, edx                                      		EAX=00000000, ECX=00000000, EDX=00000004, EBX=00000004, ESP=bf840560, EBP=bf8405b8, ESI=b7711000, EDI=b7711000
-1	25715	ld-linux.so.2       	b76fc66d	                                        	8d 14 12                                          	lea edx, ptr [edx+edx*1]                          		EAX=00000000, ECX=00000000, EDX=00000004, EBX=00000004, ESP=bf840560, EBP=bf8405b8, ESI=b7711000, EDI=00000004
-1	25715	ld-linux.so.2       	b76fc670	                                        	89 4d c0                                          	mov dword ptr [ebp-0x40], ecx                     		EAX=00000000, ECX=00000000, EDX=00000008, EBX=00000004, ESP=bf840560, EBP=bf8405b8, ESI=b7711000, EDI=00000004
-1	25715	ld-linux.so.2       	b76fc673	                                        	31 c9                                             	xor ecx, ecx                                      		EAX=00000000, ECX=00000000, EDX=00000008, EBX=00000004, ESP=bf840560, EBP=bf8405b8, ESI=b7711000, EDI=00000004
-1	25715	ld-linux.so.2       	b76fc675	                                        	89 65 b4                                          	mov dword ptr [ebp-0x4c], esp                     		EAX=00000000, ECX=00000000, EDX=00000008, EBX=00000004, ESP=bf840560, EBP=bf8405b8, ESI=b7711000, EDI=00000004
-1	25715	ld-linux.so.2       	b76fc678	                                        	85 c0                                             	test eax, eax                                     		EAX=00000000, ECX=00000000, EDX=00000008, EBX=00000004, ESP=bf840560, EBP=bf8405b8, ESI=b7711000, EDI=00000004
-1	25715	ld-linux.so.2       	b76fc67a	                                        	8d 42 10                                          	lea eax, ptr [edx+0x10]                           		EAX=00000000, ECX=00000000, EDX=00000008, EBX=00000004, ESP=bf840560, EBP=bf8405b8, ESI=b7711000, EDI=00000004
-1	25715	ld-linux.so.2       	b76fc67d	                                        	0f 94 c1                                          	setz cl                                           		EAX=00000018, ECX=00000000, EDX=00000008, EBX=00000004, ESP=bf840560, EBP=bf8405b8, ESI=b7711000, EDI=00000004
-1	25715	ld-linux.so.2       	b76fc680	                                        	83 e0 f0                                          	and eax, 0xfffffff0                               		EAX=00000018, ECX=00000001, EDX=00000008, EBX=00000004, ESP=bf840560, EBP=bf8405b8, ESI=b7711000, EDI=00000004
-1	25715	ld-linux.so.2       	b76fc683	                                        	89 4d e4                                          	mov dword ptr [ebp-0x1c], ecx                     		EAX=00000010, ECX=00000001, EDX=00000008, EBX=00000004, ESP=bf840560, EBP=bf8405b8, ESI=b7711000, EDI=00000004
-1	25715	ld-linux.so.2       	b76fc686	                                        	29 c4                                             	sub esp, eax                                      		EAX=00000010, ECX=00000001, EDX=00000008, EBX=00000004, ESP=bf840560, EBP=bf8405b8, ESI=b7711000, EDI=00000004
-1	25715	ld-linux.so.2       	b76fc688	                                        	89 65 dc                                          	mov dword ptr [ebp-0x24], esp                     		EAX=00000010, ECX=00000001, EDX=00000008, EBX=00000004, ESP=bf840550, EBP=bf8405b8, ESI=b7711000, EDI=00000004
-1	25715	ld-linux.so.2       	b76fc68b	                                        	89 e3                                             	mov ebx, esp                                      		EAX=00000010, ECX=00000001, EDX=00000008, EBX=00000004, ESP=bf840550, EBP=bf8405b8, ESI=b7711000, EDI=00000004
-1	25715	ld-linux.so.2       	b76fc68d	                                        	83 ec 04                                          	sub esp, 0x4                                      		EAX=00000010, ECX=00000001, EDX=00000008, EBX=bf840550, ESP=bf840550, EBP=bf8405b8, ESI=b7711000, EDI=00000004
-1	25715	ld-linux.so.2       	b76fc690	                                        	52                                                	push edx                                          		EAX=00000010, ECX=00000001, EDX=00000008, EBX=bf840550, ESP=bf84054c, EBP=bf8405b8, ESI=b7711000, EDI=00000004
-1	25715	ld-linux.so.2       	b76fc691	                                        	6a 00                                             	push 0x0                                          		EAX=00000010, ECX=00000001, EDX=00000008, EBX=bf840550, ESP=bf840548, EBP=bf8405b8, ESI=b7711000, EDI=00000004
-1	25715	ld-linux.so.2       	b76fc693	                                        	53                                                	push ebx                                          		EAX=00000010, ECX=00000001, EDX=00000008, EBX=bf840550, ESP=bf840544, EBP=bf8405b8, ESI=b7711000, EDI=00000004
-1	25715	ld-linux.so.2       	b76fc694	                                        	89 f3                                             	mov ebx, esi                                      		EAX=00000010, ECX=00000001, EDX=00000008, EBX=bf840550, ESP=bf840540, EBP=bf8405b8, ESI=b7711000, EDI=00000004
-1	25715	ld-linux.so.2       	b76fc696	                                        	e8 d5 9f 00 00                                    	call 0xb7706670                                   		EAX=00000010, ECX=00000001, EDX=00000008, EBX=b7711000, ESP=bf840540, EBP=bf8405b8, ESI=b7711000, EDI=00000004
-1	25715	ld-linux.so.2       	b76fc69b	                                        	8b 45 d8                                          	mov eax, dword ptr [ebp-0x28]                     		EAX=bf840550, ECX=00000000, EDX=00000000, EBX=b7711000, ESP=bf840540, EBP=bf8405b8, ESI=b7711000, EDI=00000004
-1	25715	ld-linux.so.2       	b76fc69e	                                        	8b 4d e4                                          	mov ecx, dword ptr [ebp-0x1c]                     		EAX=bf8405d0, ECX=00000000, EDX=00000000, EBX=b7711000, ESP=bf840540, EBP=bf8405b8, ESI=b7711000, EDI=00000004
-1	25715	ld-linux.so.2       	b76fc6a1	                                        	83 c4 10                                          	add esp, 0x10                                     		EAX=bf8405d0, ECX=00000001, EDX=00000000, EBX=b7711000, ESP=bf840540, EBP=bf8405b8, ESI=b7711000, EDI=00000004
-1	25715	ld-linux.so.2       	b76fc6a4	                                        	8d 44 b8 fc                                       	lea eax, ptr [eax+edi*4-0x4]                      		EAX=bf8405d0, ECX=00000001, EDX=00000000, EBX=b7711000, ESP=bf840550, EBP=bf8405b8, ESI=b7711000, EDI=00000004
-1	25715	ld-linux.so.2       	b76fc6a8	                                        	8d 79 01                                          	lea edi, ptr [ecx+0x1]                            		EAX=bf8405dc, ECX=00000001, EDX=00000000, EBX=b7711000, ESP=bf840550, EBP=bf8405b8, ESI=b7711000, EDI=00000004
-1	25715	ld-linux.so.2       	b76fc6ab	                                        	89 45 b8                                          	mov dword ptr [ebp-0x48], eax                     		EAX=bf8405dc, ECX=00000001, EDX=00000000, EBX=b7711000, ESP=bf840550, EBP=bf8405b8, ESI=b7711000, EDI=00000002
-1	25715	ld-linux.so.2       	b76fc6ae	                                        	eb 2e                                             	jmp 0xb76fc6de                                    		EAX=bf8405dc, ECX=00000001, EDX=00000000, EBX=b7711000, ESP=bf840550, EBP=bf8405b8, ESI=b7711000, EDI=00000002
-1	25715	ld-linux.so.2       	b76fc6de	                                        	8b 45 e4                                          	mov eax, dword ptr [ebp-0x1c]                     		EAX=bf8405dc, ECX=00000001, EDX=00000000, EBX=b7711000, ESP=bf840550, EBP=bf8405b8, ESI=b7711000, EDI=00000002
-1	25715	ld-linux.so.2       	b76fc6e1	                                        	8b 75 dc                                          	mov esi, dword ptr [ebp-0x24]                     		EAX=00000001, ECX=00000001, EDX=00000000, EBX=b7711000, ESP=bf840550, EBP=bf8405b8, ESI=b7711000, EDI=00000002
-1	25715	ld-linux.so.2       	b76fc6e4	                                        	8d 34 46                                          	lea esi, ptr [esi+eax*2]                          		EAX=00000001, ECX=00000001, EDX=00000000, EBX=b7711000, ESP=bf840550, EBP=bf8405b8, ESI=bf840550, EDI=00000002
-1	25715	ld-linux.so.2       	b76fc6e7	                                        	0f b7 1e                                          	movzx ebx, word ptr [esi]                         		EAX=00000001, ECX=00000001, EDX=00000000, EBX=b7711000, ESP=bf840550, EBP=bf8405b8, ESI=bf840552, EDI=00000002
-1	25715	ld-linux.so.2       	b76fc6ea	                                        	8d 4b 01                                          	lea ecx, ptr [ebx+0x1]                            		EAX=00000001, ECX=00000001, EDX=00000000, EBX=00000000, ESP=bf840550, EBP=bf8405b8, ESI=bf840552, EDI=00000002
-1	25715	ld-linux.so.2       	b76fc6ed	                                        	66 89 4d d2                                       	mov word ptr [ebp-0x2e], cx                       		EAX=00000001, ECX=00000001, EDX=00000000, EBX=00000000, ESP=bf840550, EBP=bf8405b8, ESI=bf840552, EDI=00000002
-1	25715	ld-linux.so.2       	b76fc6f1	                                        	66 89 0e                                          	mov word ptr [esi], cx                            		EAX=00000001, ECX=00000001, EDX=00000000, EBX=00000000, ESP=bf840550, EBP=bf8405b8, ESI=bf840552, EDI=00000002
-1	25715	ld-linux.so.2       	b76fc6f4	                                        	8d 0c 85 00 00 00 00                              	lea ecx, ptr [eax*4]                              		EAX=00000001, ECX=00000001, EDX=00000000, EBX=00000000, ESP=bf840550, EBP=bf8405b8, ESI=bf840552, EDI=00000002
-1	25715	ld-linux.so.2       	b76fc6fb	                                        	8b 45 d8                                          	mov eax, dword ptr [ebp-0x28]                     		EAX=00000001, ECX=00000004, EDX=00000000, EBX=00000000, ESP=bf840550, EBP=bf8405b8, ESI=bf840552, EDI=00000002
-1	25715	ld-linux.so.2       	b76fc6fe	                                        	01 c8                                             	add eax, ecx                                      		EAX=bf8405d0, ECX=00000004, EDX=00000000, EBX=00000000, ESP=bf840550, EBP=bf8405b8, ESI=bf840552, EDI=00000002
-1	25715	ld-linux.so.2       	b76fc700	                                        	8b 18                                             	mov ebx, dword ptr [eax]                          		EAX=bf8405d4, ECX=00000004, EDX=00000000, EBX=00000000, ESP=bf840550, EBP=bf8405b8, ESI=bf840552, EDI=00000002
-1	25715	ld-linux.so.2       	b76fc702	                                        	89 45 d4                                          	mov dword ptr [ebp-0x2c], eax                     		EAX=bf8405d4, ECX=00000004, EDX=00000000, EBX=b7711c08, ESP=bf840550, EBP=bf8405b8, ESI=bf840552, EDI=00000002
-1	25715	ld-linux.so.2       	b76fc705	                                        	3b 5b 14                                          	cmp ebx, dword ptr [ebx+0x14]                     		EAX=bf8405d4, ECX=00000004, EDX=00000000, EBX=b7711c08, ESP=bf840550, EBP=bf8405b8, ESI=bf840552, EDI=00000002
-1	25715	ld-linux.so.2       	b76fc708	                                        	75 a6                                             	jnz 0xb76fc6b0                                    		EAX=bf8405d4, ECX=00000004, EDX=00000000, EBX=b7711c08, ESP=bf840550, EBP=bf8405b8, ESI=bf840552, EDI=00000002
-1	25715	ld-linux.so.2       	b76fc70a	                                        	83 bb 0c 02 00 00 ff                              	cmp dword ptr [ebx+0x20c], 0xffffffff             		EAX=bf8405d4, ECX=00000004, EDX=00000000, EBX=b7711c08, ESP=bf840550, EBP=bf8405b8, ESI=bf840552, EDI=00000002
-1	25715	ld-linux.so.2       	b76fc711	                                        	74 9d                                             	jz 0xb76fc6b0                                     		EAX=bf8405d4, ECX=00000004, EDX=00000000, EBX=b7711c08, ESP=bf840550, EBP=bf8405b8, ESI=bf840552, EDI=00000002
-1	25715	ld-linux.so.2       	b76fc713	                                        	8b 45 e0                                          	mov eax, dword ptr [ebp-0x20]                     		EAX=bf8405d4, ECX=00000004, EDX=00000000, EBX=b7711c08, ESP=bf840550, EBP=bf8405b8, ESI=bf840552, EDI=00000002
-1	25715	ld-linux.so.2       	b76fc716	                                        	83 e8 01                                          	sub eax, 0x1                                      		EAX=00000004, ECX=00000004, EDX=00000000, EBX=b7711c08, ESP=bf840550, EBP=bf8405b8, ESI=bf840552, EDI=00000002
-1	25715	ld-linux.so.2       	b76fc719	                                        	39 45 e4                                          	cmp dword ptr [ebp-0x1c], eax                     		EAX=00000003, ECX=00000004, EDX=00000000, EBX=b7711c08, ESP=bf840550, EBP=bf8405b8, ESI=bf840552, EDI=00000002
-1	25715	ld-linux.so.2       	b76fc71c	                                        	89 45 c8                                          	mov dword ptr [ebp-0x38], eax                     		EAX=00000003, ECX=00000004, EDX=00000000, EBX=b7711c08, ESP=bf840550, EBP=bf8405b8, ESI=bf840552, EDI=00000002
-1	25715	ld-linux.so.2       	b76fc71f	                                        	73 8f                                             	jnb 0xb76fc6b0                                    		EAX=00000003, ECX=00000004, EDX=00000000, EBX=b7711c08, ESP=bf840550, EBP=bf8405b8, ESI=bf840552, EDI=00000002
-1	25715	ld-linux.so.2       	b76fc721	                                        	8b 45 b8                                          	mov eax, dword ptr [ebp-0x48]                     		EAX=00000003, ECX=00000004, EDX=00000000, EBX=b7711c08, ESP=bf840550, EBP=bf8405b8, ESI=bf840552, EDI=00000002
-1	25715	ld-linux.so.2       	b76fc724	                                        	89 4d bc                                          	mov dword ptr [ebp-0x44], ecx                     		EAX=bf8405dc, ECX=00000004, EDX=00000000, EBX=b7711c08, ESP=bf840550, EBP=bf8405b8, ESI=bf840552, EDI=00000002
-1	25715	ld-linux.so.2       	b76fc727	                                        	89 45 c4                                          	mov dword ptr [ebp-0x3c], eax                     		EAX=bf8405dc, ECX=00000004, EDX=00000000, EBX=b7711c08, ESP=bf840550, EBP=bf8405b8, ESI=bf840552, EDI=00000002
-1	25715	ld-linux.so.2       	b76fc72a	                                        	8b 45 c4                                          	mov eax, dword ptr [ebp-0x3c]                     		EAX=bf8405dc, ECX=00000004, EDX=00000000, EBX=b7711c08, ESP=bf840550, EBP=bf8405b8, ESI=bf840552, EDI=00000002
-1	25715	ld-linux.so.2       	b76fc72d	                                        	8b 08                                             	mov ecx, dword ptr [eax]                          		EAX=bf8405dc, ECX=00000004, EDX=00000000, EBX=b7711c08, ESP=bf840550, EBP=bf8405b8, ESI=bf840552, EDI=00000002
-1	25715	ld-linux.so.2       	b76fc72f	                                        	8b 81 f0 01 00 00                                 	mov eax, dword ptr [ecx+0x1f0]                    		EAX=bf8405dc, ECX=b771153c, EDX=00000000, EBX=b7711c08, ESP=bf840550, EBP=bf8405b8, ESI=bf840552, EDI=00000002
-1	25715	ld-linux.so.2       	b76fc735	                                        	85 c0                                             	test eax, eax                                     		EAX=00000000, ECX=b771153c, EDX=00000000, EBX=b7711c08, ESP=bf840550, EBP=bf8405b8, ESI=bf840552, EDI=00000002
-1	25715	ld-linux.so.2       	b76fc737	                                        	0f 84 a3 00 00 00                                 	jz 0xb76fc7e0                                     		EAX=00000000, ECX=b771153c, EDX=00000000, EBX=b7711c08, ESP=bf840550, EBP=bf8405b8, ESI=bf840552, EDI=00000002
-1	25715	ld-linux.so.2       	b76fc7e0	                                        	8b 81 f4 01 00 00                                 	mov eax, dword ptr [ecx+0x1f4]                    		EAX=00000000, ECX=b771153c, EDX=00000000, EBX=b7711c08, ESP=bf840550, EBP=bf8405b8, ESI=bf840552, EDI=00000002
-1	25715	ld-linux.so.2       	b76fc7e6	                                        	85 c0                                             	test eax, eax                                     		EAX=00000000, ECX=b771153c, EDX=00000000, EBX=b7711c08, ESP=bf840550, EBP=bf8405b8, ESI=bf840552, EDI=00000002
-1	25715	ld-linux.so.2       	b76fc7e8	                                        	75 4d                                             	jnz 0xb76fc837                                    		EAX=00000000, ECX=b771153c, EDX=00000000, EBX=b7711c08, ESP=bf840550, EBP=bf8405b8, ESI=bf840552, EDI=00000002
-1	25715	ld-linux.so.2       	b76fc7ea	                                        	83 6d c8 01                                       	sub dword ptr [ebp-0x38], 0x1                     		EAX=00000000, ECX=b771153c, EDX=00000000, EBX=b7711c08, ESP=bf840550, EBP=bf8405b8, ESI=bf840552, EDI=00000002
-1	25715	ld-linux.so.2       	b76fc7ee	                                        	83 6d c4 04                                       	sub dword ptr [ebp-0x3c], 0x4                     		EAX=00000000, ECX=b771153c, EDX=00000000, EBX=b7711c08, ESP=bf840550, EBP=bf8405b8, ESI=bf840552, EDI=00000002
-1	25715	ld-linux.so.2       	b76fc7f2	                                        	8b 45 c8                                          	mov eax, dword ptr [ebp-0x38]                     		EAX=00000000, ECX=b771153c, EDX=00000000, EBX=b7711c08, ESP=bf840550, EBP=bf8405b8, ESI=bf840552, EDI=00000002
-1	25715	ld-linux.so.2       	b76fc7f5	                                        	39 45 e4                                          	cmp dword ptr [ebp-0x1c], eax                     		EAX=00000002, ECX=b771153c, EDX=00000000, EBX=b7711c08, ESP=bf840550, EBP=bf8405b8, ESI=bf840552, EDI=00000002
-1	25715	ld-linux.so.2       	b76fc7f8	                                        	0f 82 2c ff ff ff                                 	jb 0xb76fc72a                                     		EAX=00000002, ECX=b771153c, EDX=00000000, EBX=b7711c08, ESP=bf840550, EBP=bf8405b8, ESI=bf840552, EDI=00000002
-1	25715	ld-linux.so.2       	b76fc72a	                                        	8b 45 c4                                          	mov eax, dword ptr [ebp-0x3c]                     		EAX=00000002, ECX=b771153c, EDX=00000000, EBX=b7711c08, ESP=bf840550, EBP=bf8405b8, ESI=bf840552, EDI=00000002
-1	25715	ld-linux.so.2       	b76fc72d	                                        	8b 08                                             	mov ecx, dword ptr [eax]                          		EAX=bf8405d8, ECX=b771153c, EDX=00000000, EBX=b7711c08, ESP=bf840550, EBP=bf8405b8, ESI=bf840552, EDI=00000002
-1	25715	ld-linux.so.2       	b76fc72f	                                        	8b 81 f0 01 00 00                                 	mov eax, dword ptr [ecx+0x1f0]                    		EAX=bf8405d8, ECX=b50231b0, EDX=00000000, EBX=b7711c08, ESP=bf840550, EBP=bf8405b8, ESI=bf840552, EDI=00000002
-1	25715	ld-linux.so.2       	b76fc735	                                        	85 c0                                             	test eax, eax                                     		EAX=b5023448, ECX=b50231b0, EDX=00000000, EBX=b7711c08, ESP=bf840550, EBP=bf8405b8, ESI=bf840552, EDI=00000002
-1	25715	ld-linux.so.2       	b76fc737	                                        	0f 84 a3 00 00 00                                 	jz 0xb76fc7e0                                     		EAX=b5023448, ECX=b50231b0, EDX=00000000, EBX=b7711c08, ESP=bf840550, EBP=bf8405b8, ESI=bf840552, EDI=00000002
-1	25715	ld-linux.so.2       	b76fc73d	                                        	8d 76 00                                          	lea esi, ptr [esi]                                		EAX=b5023448, ECX=b50231b0, EDX=00000000, EBX=b7711c08, ESP=bf840550, EBP=bf8405b8, ESI=bf840552, EDI=00000002
-1	25715	ld-linux.so.2       	b76fc740	                                        	8b 10                                             	mov edx, dword ptr [eax]                          		EAX=b5023448, ECX=b50231b0, EDX=00000000, EBX=b7711c08, ESP=bf840550, EBP=bf8405b8, ESI=bf840552, EDI=00000002
-1	25715	ld-linux.so.2       	b76fc742	                                        	85 d2                                             	test edx, edx                                     		EAX=b5023448, ECX=b50231b0, EDX=b50231b0, EBX=b7711c08, ESP=bf840550, EBP=bf8405b8, ESI=bf840552, EDI=00000002
-1	25715	ld-linux.so.2       	b76fc744	                                        	0f 84 96 00 00 00                                 	jz 0xb76fc7e0                                     		EAX=b5023448, ECX=b50231b0, EDX=b50231b0, EBX=b7711c08, ESP=bf840550, EBP=bf8405b8, ESI=bf840552, EDI=00000002
-1	25715	ld-linux.so.2       	b76fc74a	                                        	83 c0 04                                          	add eax, 0x4                                      		EAX=b5023448, ECX=b50231b0, EDX=b50231b0, EBX=b7711c08, ESP=bf840550, EBP=bf8405b8, ESI=bf840552, EDI=00000002
-1	25715	ld-linux.so.2       	b76fc74d	                                        	39 d3                                             	cmp ebx, edx                                      		EAX=b502344c, ECX=b50231b0, EDX=b50231b0, EBX=b7711c08, ESP=bf840550, EBP=bf8405b8, ESI=bf840552, EDI=00000002
-1	25715	ld-linux.so.2       	b76fc74f	                                        	75 ef                                             	jnz 0xb76fc740                                    		EAX=b502344c, ECX=b50231b0, EDX=b50231b0, EBX=b7711c08, ESP=bf840550, EBP=bf8405b8, ESI=bf840552, EDI=00000002
-1	25715	ld-linux.so.2       	b76fc740	                                        	8b 10                                             	mov edx, dword ptr [eax]                          		EAX=b502344c, ECX=b50231b0, EDX=b50231b0, EBX=b7711c08, ESP=bf840550, EBP=bf8405b8, ESI=bf840552, EDI=00000002
-1	25715	ld-linux.so.2       	b76fc742	                                        	85 d2                                             	test edx, edx                                     		EAX=b502344c, ECX=b50231b0, EDX=b771153c, EBX=b7711c08, ESP=bf840550, EBP=bf8405b8, ESI=bf840552, EDI=00000002
-1	25715	ld-linux.so.2       	b76fc744	                                        	0f 84 96 00 00 00                                 	jz 0xb76fc7e0                                     		EAX=b502344c, ECX=b50231b0, EDX=b771153c, EBX=b7711c08, ESP=bf840550, EBP=bf8405b8, ESI=bf840552, EDI=00000002
-1	25715	ld-linux.so.2       	b76fc74a	                                        	83 c0 04                                          	add eax, 0x4                                      		EAX=b502344c, ECX=b50231b0, EDX=b771153c, EBX=b7711c08, ESP=bf840550, EBP=bf8405b8, ESI=bf840552, EDI=00000002
-1	25715	ld-linux.so.2       	b76fc74d	                                        	39 d3                                             	cmp ebx, edx                                      		EAX=b5023450, ECX=b50231b0, EDX=b771153c, EBX=b7711c08, ESP=bf840550, EBP=bf8405b8, ESI=bf840552, EDI=00000002
-1	25715	ld-linux.so.2       	b76fc74f	                                        	75 ef                                             	jnz 0xb76fc740                                    		EAX=b5023450, ECX=b50231b0, EDX=b771153c, EBX=b7711c08, ESP=bf840550, EBP=bf8405b8, ESI=bf840552, EDI=00000002
-1	25715	ld-linux.so.2       	b76fc740	                                        	8b 10                                             	mov edx, dword ptr [eax]                          		EAX=b5023450, ECX=b50231b0, EDX=b771153c, EBX=b7711c08, ESP=bf840550, EBP=bf8405b8, ESI=bf840552, EDI=00000002
-1	25715	ld-linux.so.2       	b76fc742	                                        	85 d2                                             	test edx, edx                                     		EAX=b5023450, ECX=b50231b0, EDX=00000000, EBX=b7711c08, ESP=bf840550, EBP=bf8405b8, ESI=bf840552, EDI=00000002
-1	25715	ld-linux.so.2       	b76fc744	                                        	0f 84 96 00 00 00                                 	jz 0xb76fc7e0                                     		EAX=b5023450, ECX=b50231b0, EDX=00000000, EBX=b7711c08, ESP=bf840550, EBP=bf8405b8, ESI=bf840552, EDI=00000002
-1	25715	ld-linux.so.2       	b76fc7e0	                                        	8b 81 f4 01 00 00                                 	mov eax, dword ptr [ecx+0x1f4]                    		EAX=b5023450, ECX=b50231b0, EDX=00000000, EBX=b7711c08, ESP=bf840550, EBP=bf8405b8, ESI=bf840552, EDI=00000002
-1	25715	ld-linux.so.2       	b76fc7e6	                                        	85 c0                                             	test eax, eax                                     		EAX=00000000, ECX=b50231b0, EDX=00000000, EBX=b7711c08, ESP=bf840550, EBP=bf8405b8, ESI=bf840552, EDI=00000002
-1	25715	ld-linux.so.2       	b76fc7e8	                                        	75 4d                                             	jnz 0xb76fc837                                    		EAX=00000000, ECX=b50231b0, EDX=00000000, EBX=b7711c08, ESP=bf840550, EBP=bf8405b8, ESI=bf840552, EDI=00000002
-1	25715	ld-linux.so.2       	b76fc7ea	                                        	83 6d c8 01                                       	sub dword ptr [ebp-0x38], 0x1                     		EAX=00000000, ECX=b50231b0, EDX=00000000, EBX=b7711c08, ESP=bf840550, EBP=bf8405b8, ESI=bf840552, EDI=00000002
-1	25715	ld-linux.so.2       	b76fc7ee	                                        	83 6d c4 04                                       	sub dword ptr [ebp-0x3c], 0x4                     		EAX=00000000, ECX=b50231b0, EDX=00000000, EBX=b7711c08, ESP=bf840550, EBP=bf8405b8, ESI=bf840552, EDI=00000002
-1	25715	ld-linux.so.2       	b76fc7f2	                                        	8b 45 c8                                          	mov eax, dword ptr [ebp-0x38]                     		EAX=00000000, ECX=b50231b0, EDX=00000000, EBX=b7711c08, ESP=bf840550, EBP=bf8405b8, ESI=bf840552, EDI=00000002
-1	25715	ld-linux.so.2       	b76fc7f5	                                        	39 45 e4                                          	cmp dword ptr [ebp-0x1c], eax                     		EAX=00000001, ECX=b50231b0, EDX=00000000, EBX=b7711c08, ESP=bf840550, EBP=bf8405b8, ESI=bf840552, EDI=00000002
-1	25715	ld-linux.so.2       	b76fc7f8	                                        	0f 82 2c ff ff ff                                 	jb 0xb76fc72a                                     		EAX=00000001, ECX=b50231b0, EDX=00000000, EBX=b7711c08, ESP=bf840550, EBP=bf8405b8, ESI=bf840552, EDI=00000002
-1	25715	ld-linux.so.2       	b76fc7fe	                                        	e9 ad fe ff ff                                    	jmp 0xb76fc6b0                                    		EAX=00000001, ECX=b50231b0, EDX=00000000, EBX=b7711c08, ESP=bf840550, EBP=bf8405b8, ESI=bf840552, EDI=00000002
-1	25715	ld-linux.so.2       	b76fc6b0	                                        	39 7d e0                                          	cmp dword ptr [ebp-0x20], edi                     		EAX=00000001, ECX=b50231b0, EDX=00000000, EBX=b7711c08, ESP=bf840550, EBP=bf8405b8, ESI=bf840552, EDI=00000002
-1	25715	ld-linux.so.2       	b76fc6b3	                                        	89 7d e4                                          	mov dword ptr [ebp-0x1c], edi                     		EAX=00000001, ECX=b50231b0, EDX=00000000, EBX=b7711c08, ESP=bf840550, EBP=bf8405b8, ESI=bf840552, EDI=00000002
-1	25715	ld-linux.so.2       	b76fc6b6	                                        	0f 84 14 01 00 00                                 	jz 0xb76fc7d0                                     		EAX=00000001, ECX=b50231b0, EDX=00000000, EBX=b7711c08, ESP=bf840550, EBP=bf8405b8, ESI=bf840552, EDI=00000002
-1	25715	ld-linux.so.2       	b76fc6bc	                                        	8b 45 e0                                          	mov eax, dword ptr [ebp-0x20]                     		EAX=00000001, ECX=b50231b0, EDX=00000000, EBX=b7711c08, ESP=bf840550, EBP=bf8405b8, ESI=bf840552, EDI=00000002
-1	25715	ld-linux.so.2       	b76fc6bf	                                        	8b 75 dc                                          	mov esi, dword ptr [ebp-0x24]                     		EAX=00000004, ECX=b50231b0, EDX=00000000, EBX=b7711c08, ESP=bf840550, EBP=bf8405b8, ESI=bf840552, EDI=00000002
-1	25715	ld-linux.so.2       	b76fc6c2	                                        	83 ec 04                                          	sub esp, 0x4                                      		EAX=00000004, ECX=b50231b0, EDX=00000000, EBX=b7711c08, ESP=bf840550, EBP=bf8405b8, ESI=bf840550, EDI=00000002
-1	25715	ld-linux.so.2       	b76fc6c5	                                        	8b 5d cc                                          	mov ebx, dword ptr [ebp-0x34]                     		EAX=00000004, ECX=b50231b0, EDX=00000000, EBX=b7711c08, ESP=bf84054c, EBP=bf8405b8, ESI=bf840550, EDI=00000002
-1	25715	ld-linux.so.2       	b76fc6c8	                                        	8d 14 7e                                          	lea edx, ptr [esi+edi*2]                          		EAX=00000004, ECX=b50231b0, EDX=00000000, EBX=b7711000, ESP=bf84054c, EBP=bf8405b8, ESI=bf840550, EDI=00000002
-1	25715	ld-linux.so.2       	b76fc6cb	                                        	29 f8                                             	sub eax, edi                                      		EAX=00000004, ECX=b50231b0, EDX=bf840554, EBX=b7711000, ESP=bf84054c, EBP=bf8405b8, ESI=bf840550, EDI=00000002
-1	25715	ld-linux.so.2       	b76fc6cd	                                        	83 c7 01                                          	add edi, 0x1                                      		EAX=00000002, ECX=b50231b0, EDX=bf840554, EBX=b7711000, ESP=bf84054c, EBP=bf8405b8, ESI=bf840550, EDI=00000002
-1	25715	ld-linux.so.2       	b76fc6d0	                                        	01 c0                                             	add eax, eax                                      		EAX=00000002, ECX=b50231b0, EDX=bf840554, EBX=b7711000, ESP=bf84054c, EBP=bf8405b8, ESI=bf840550, EDI=00000003
-1	25715	ld-linux.so.2       	b76fc6d2	                                        	50                                                	push eax                                          		EAX=00000004, ECX=b50231b0, EDX=bf840554, EBX=b7711000, ESP=bf84054c, EBP=bf8405b8, ESI=bf840550, EDI=00000003
-1	25715	ld-linux.so.2       	b76fc6d3	                                        	6a 00                                             	push 0x0                                          		EAX=00000004, ECX=b50231b0, EDX=bf840554, EBX=b7711000, ESP=bf840548, EBP=bf8405b8, ESI=bf840550, EDI=00000003
-1	25715	ld-linux.so.2       	b76fc6d5	                                        	52                                                	push edx                                          		EAX=00000004, ECX=b50231b0, EDX=bf840554, EBX=b7711000, ESP=bf840544, EBP=bf8405b8, ESI=bf840550, EDI=00000003
-1	25715	ld-linux.so.2       	b76fc6d6	                                        	e8 95 9f 00 00                                    	call 0xb7706670                                   		EAX=00000004, ECX=b50231b0, EDX=bf840554, EBX=b7711000, ESP=bf840540, EBP=bf8405b8, ESI=bf840550, EDI=00000003
-1	25715	ld-linux.so.2       	b76fc6db	                                        	83 c4 10                                          	add esp, 0x10                                     		EAX=bf840554, ECX=00000000, EDX=00000000, EBX=b7711000, ESP=bf840540, EBP=bf8405b8, ESI=bf840550, EDI=00000003
-1	25715	ld-linux.so.2       	b76fc6de	                                        	8b 45 e4                                          	mov eax, dword ptr [ebp-0x1c]                     		EAX=bf840554, ECX=00000000, EDX=00000000, EBX=b7711000, ESP=bf840550, EBP=bf8405b8, ESI=bf840550, EDI=00000003
-1	25715	ld-linux.so.2       	b76fc6e1	                                        	8b 75 dc                                          	mov esi, dword ptr [ebp-0x24]                     		EAX=00000002, ECX=00000000, EDX=00000000, EBX=b7711000, ESP=bf840550, EBP=bf8405b8, ESI=bf840550, EDI=00000003
-1	25715	ld-linux.so.2       	b76fc6e4	                                        	8d 34 46                                          	lea esi, ptr [esi+eax*2]                          		EAX=00000002, ECX=00000000, EDX=00000000, EBX=b7711000, ESP=bf840550, EBP=bf8405b8, ESI=bf840550, EDI=00000003
-1	25715	ld-linux.so.2       	b76fc6e7	                                        	0f b7 1e                                          	movzx ebx, word ptr [esi]                         		EAX=00000002, ECX=00000000, EDX=00000000, EBX=b7711000, ESP=bf840550, EBP=bf8405b8, ESI=bf840554, EDI=00000003
-1	25715	ld-linux.so.2       	b76fc6ea	                                        	8d 4b 01                                          	lea ecx, ptr [ebx+0x1]                            		EAX=00000002, ECX=00000000, EDX=00000000, EBX=00000000, ESP=bf840550, EBP=bf8405b8, ESI=bf840554, EDI=00000003
-1	25715	ld-linux.so.2       	b76fc6ed	                                        	66 89 4d d2                                       	mov word ptr [ebp-0x2e], cx                       		EAX=00000002, ECX=00000001, EDX=00000000, EBX=00000000, ESP=bf840550, EBP=bf8405b8, ESI=bf840554, EDI=00000003
-1	25715	ld-linux.so.2       	b76fc6f1	                                        	66 89 0e                                          	mov word ptr [esi], cx                            		EAX=00000002, ECX=00000001, EDX=00000000, EBX=00000000, ESP=bf840550, EBP=bf8405b8, ESI=bf840554, EDI=00000003
-1	25715	ld-linux.so.2       	b76fc6f4	                                        	8d 0c 85 00 00 00 00                              	lea ecx, ptr [eax*4]                              		EAX=00000002, ECX=00000001, EDX=00000000, EBX=00000000, ESP=bf840550, EBP=bf8405b8, ESI=bf840554, EDI=00000003
-1	25715	ld-linux.so.2       	b76fc6fb	                                        	8b 45 d8                                          	mov eax, dword ptr [ebp-0x28]                     		EAX=00000002, ECX=00000008, EDX=00000000, EBX=00000000, ESP=bf840550, EBP=bf8405b8, ESI=bf840554, EDI=00000003
-1	25715	ld-linux.so.2       	b76fc6fe	                                        	01 c8                                             	add eax, ecx                                      		EAX=bf8405d0, ECX=00000008, EDX=00000000, EBX=00000000, ESP=bf840550, EBP=bf8405b8, ESI=bf840554, EDI=00000003
-1	25715	ld-linux.so.2       	b76fc700	                                        	8b 18                                             	mov ebx, dword ptr [eax]                          		EAX=bf8405d8, ECX=00000008, EDX=00000000, EBX=00000000, ESP=bf840550, EBP=bf8405b8, ESI=bf840554, EDI=00000003
-1	25715	ld-linux.so.2       	b76fc702	                                        	89 45 d4                                          	mov dword ptr [ebp-0x2c], eax                     		EAX=bf8405d8, ECX=00000008, EDX=00000000, EBX=b50231b0, ESP=bf840550, EBP=bf8405b8, ESI=bf840554, EDI=00000003
-1	25715	ld-linux.so.2       	b76fc705	                                        	3b 5b 14                                          	cmp ebx, dword ptr [ebx+0x14]                     		EAX=bf8405d8, ECX=00000008, EDX=00000000, EBX=b50231b0, ESP=bf840550, EBP=bf8405b8, ESI=bf840554, EDI=00000003
-1	25715	ld-linux.so.2       	b76fc708	                                        	75 a6                                             	jnz 0xb76fc6b0                                    		EAX=bf8405d8, ECX=00000008, EDX=00000000, EBX=b50231b0, ESP=bf840550, EBP=bf8405b8, ESI=bf840554, EDI=00000003
-1	25715	ld-linux.so.2       	b76fc70a	                                        	83 bb 0c 02 00 00 ff                              	cmp dword ptr [ebx+0x20c], 0xffffffff             		EAX=bf8405d8, ECX=00000008, EDX=00000000, EBX=b50231b0, ESP=bf840550, EBP=bf8405b8, ESI=bf840554, EDI=00000003
-1	25715	ld-linux.so.2       	b76fc711	                                        	74 9d                                             	jz 0xb76fc6b0                                     		EAX=bf8405d8, ECX=00000008, EDX=00000000, EBX=b50231b0, ESP=bf840550, EBP=bf8405b8, ESI=bf840554, EDI=00000003
-1	25715	ld-linux.so.2       	b76fc713	                                        	8b 45 e0                                          	mov eax, dword ptr [ebp-0x20]                     		EAX=bf8405d8, ECX=00000008, EDX=00000000, EBX=b50231b0, ESP=bf840550, EBP=bf8405b8, ESI=bf840554, EDI=00000003
-1	25715	ld-linux.so.2       	b76fc716	                                        	83 e8 01                                          	sub eax, 0x1                                      		EAX=00000004, ECX=00000008, EDX=00000000, EBX=b50231b0, ESP=bf840550, EBP=bf8405b8, ESI=bf840554, EDI=00000003
-1	25715	ld-linux.so.2       	b76fc719	                                        	39 45 e4                                          	cmp dword ptr [ebp-0x1c], eax                     		EAX=00000003, ECX=00000008, EDX=00000000, EBX=b50231b0, ESP=bf840550, EBP=bf8405b8, ESI=bf840554, EDI=00000003
-1	25715	ld-linux.so.2       	b76fc71c	                                        	89 45 c8                                          	mov dword ptr [ebp-0x38], eax                     		EAX=00000003, ECX=00000008, EDX=00000000, EBX=b50231b0, ESP=bf840550, EBP=bf8405b8, ESI=bf840554, EDI=00000003
-1	25715	ld-linux.so.2       	b76fc71f	                                        	73 8f                                             	jnb 0xb76fc6b0                                    		EAX=00000003, ECX=00000008, EDX=00000000, EBX=b50231b0, ESP=bf840550, EBP=bf8405b8, ESI=bf840554, EDI=00000003
-1	25715	ld-linux.so.2       	b76fc721	                                        	8b 45 b8                                          	mov eax, dword ptr [ebp-0x48]                     		EAX=00000003, ECX=00000008, EDX=00000000, EBX=b50231b0, ESP=bf840550, EBP=bf8405b8, ESI=bf840554, EDI=00000003
-1	25715	ld-linux.so.2       	b76fc724	                                        	89 4d bc                                          	mov dword ptr [ebp-0x44], ecx                     		EAX=bf8405dc, ECX=00000008, EDX=00000000, EBX=b50231b0, ESP=bf840550, EBP=bf8405b8, ESI=bf840554, EDI=00000003
-1	25715	ld-linux.so.2       	b76fc727	                                        	89 45 c4                                          	mov dword ptr [ebp-0x3c], eax                     		EAX=bf8405dc, ECX=00000008, EDX=00000000, EBX=b50231b0, ESP=bf840550, EBP=bf8405b8, ESI=bf840554, EDI=00000003
-1	25715	ld-linux.so.2       	b76fc72a	                                        	8b 45 c4                                          	mov eax, dword ptr [ebp-0x3c]                     		EAX=bf8405dc, ECX=00000008, EDX=00000000, EBX=b50231b0, ESP=bf840550, EBP=bf8405b8, ESI=bf840554, EDI=00000003
-1	25715	ld-linux.so.2       	b76fc72d	                                        	8b 08                                             	mov ecx, dword ptr [eax]                          		EAX=bf8405dc, ECX=00000008, EDX=00000000, EBX=b50231b0, ESP=bf840550, EBP=bf8405b8, ESI=bf840554, EDI=00000003
-1	25715	ld-linux.so.2       	b76fc72f	                                        	8b 81 f0 01 00 00                                 	mov eax, dword ptr [ecx+0x1f0]                    		EAX=bf8405dc, ECX=b771153c, EDX=00000000, EBX=b50231b0, ESP=bf840550, EBP=bf8405b8, ESI=bf840554, EDI=00000003
-1	25715	ld-linux.so.2       	b76fc735	                                        	85 c0                                             	test eax, eax                                     		EAX=00000000, ECX=b771153c, EDX=00000000, EBX=b50231b0, ESP=bf840550, EBP=bf8405b8, ESI=bf840554, EDI=00000003
-1	25715	ld-linux.so.2       	b76fc737	                                        	0f 84 a3 00 00 00                                 	jz 0xb76fc7e0                                     		EAX=00000000, ECX=b771153c, EDX=00000000, EBX=b50231b0, ESP=bf840550, EBP=bf8405b8, ESI=bf840554, EDI=00000003
-1	25715	ld-linux.so.2       	b76fc7e0	                                        	8b 81 f4 01 00 00                                 	mov eax, dword ptr [ecx+0x1f4]                    		EAX=00000000, ECX=b771153c, EDX=00000000, EBX=b50231b0, ESP=bf840550, EBP=bf8405b8, ESI=bf840554, EDI=00000003
-1	25715	ld-linux.so.2       	b76fc7e6	                                        	85 c0                                             	test eax, eax                                     		EAX=00000000, ECX=b771153c, EDX=00000000, EBX=b50231b0, ESP=bf840550, EBP=bf8405b8, ESI=bf840554, EDI=00000003
-1	25715	ld-linux.so.2       	b76fc7e8	                                        	75 4d                                             	jnz 0xb76fc837                                    		EAX=00000000, ECX=b771153c, EDX=00000000, EBX=b50231b0, ESP=bf840550, EBP=bf8405b8, ESI=bf840554, EDI=00000003
-1	25715	ld-linux.so.2       	b76fc7ea	                                        	83 6d c8 01                                       	sub dword ptr [ebp-0x38], 0x1                     		EAX=00000000, ECX=b771153c, EDX=00000000, EBX=b50231b0, ESP=bf840550, EBP=bf8405b8, ESI=bf840554, EDI=00000003
-1	25715	ld-linux.so.2       	b76fc7ee	                                        	83 6d c4 04                                       	sub dword ptr [ebp-0x3c], 0x4                     		EAX=00000000, ECX=b771153c, EDX=00000000, EBX=b50231b0, ESP=bf840550, EBP=bf8405b8, ESI=bf840554, EDI=00000003
-1	25715	ld-linux.so.2       	b76fc7f2	                                        	8b 45 c8                                          	mov eax, dword ptr [ebp-0x38]                     		EAX=00000000, ECX=b771153c, EDX=00000000, EBX=b50231b0, ESP=bf840550, EBP=bf8405b8, ESI=bf840554, EDI=00000003
-1	25715	ld-linux.so.2       	b76fc7f5	                                        	39 45 e4                                          	cmp dword ptr [ebp-0x1c], eax                     		EAX=00000002, ECX=b771153c, EDX=00000000, EBX=b50231b0, ESP=bf840550, EBP=bf8405b8, ESI=bf840554, EDI=00000003
-1	25715	ld-linux.so.2       	b76fc7f8	                                        	0f 82 2c ff ff ff                                 	jb 0xb76fc72a                                     		EAX=00000002, ECX=b771153c, EDX=00000000, EBX=b50231b0, ESP=bf840550, EBP=bf8405b8, ESI=bf840554, EDI=00000003
-1	25715	ld-linux.so.2       	b76fc7fe	                                        	e9 ad fe ff ff                                    	jmp 0xb76fc6b0                                    		EAX=00000002, ECX=b771153c, EDX=00000000, EBX=b50231b0, ESP=bf840550, EBP=bf8405b8, ESI=bf840554, EDI=00000003
-1	25715	ld-linux.so.2       	b76fc6b0	                                        	39 7d e0                                          	cmp dword ptr [ebp-0x20], edi                     		EAX=00000002, ECX=b771153c, EDX=00000000, EBX=b50231b0, ESP=bf840550, EBP=bf8405b8, ESI=bf840554, EDI=00000003
-1	25715	ld-linux.so.2       	b76fc6b3	                                        	89 7d e4                                          	mov dword ptr [ebp-0x1c], edi                     		EAX=00000002, ECX=b771153c, EDX=00000000, EBX=b50231b0, ESP=bf840550, EBP=bf8405b8, ESI=bf840554, EDI=00000003
-1	25715	ld-linux.so.2       	b76fc6b6	                                        	0f 84 14 01 00 00                                 	jz 0xb76fc7d0                                     		EAX=00000002, ECX=b771153c, EDX=00000000, EBX=b50231b0, ESP=bf840550, EBP=bf8405b8, ESI=bf840554, EDI=00000003
-1	25715	ld-linux.so.2       	b76fc6bc	                                        	8b 45 e0                                          	mov eax, dword ptr [ebp-0x20]                     		EAX=00000002, ECX=b771153c, EDX=00000000, EBX=b50231b0, ESP=bf840550, EBP=bf8405b8, ESI=bf840554, EDI=00000003
-1	25715	ld-linux.so.2       	b76fc6bf	                                        	8b 75 dc                                          	mov esi, dword ptr [ebp-0x24]                     		EAX=00000004, ECX=b771153c, EDX=00000000, EBX=b50231b0, ESP=bf840550, EBP=bf8405b8, ESI=bf840554, EDI=00000003
-1	25715	ld-linux.so.2       	b76fc6c2	                                        	83 ec 04                                          	sub esp, 0x4                                      		EAX=00000004, ECX=b771153c, EDX=00000000, EBX=b50231b0, ESP=bf840550, EBP=bf8405b8, ESI=bf840550, EDI=00000003
-1	25715	ld-linux.so.2       	b76fc6c5	                                        	8b 5d cc                                          	mov ebx, dword ptr [ebp-0x34]                     		EAX=00000004, ECX=b771153c, EDX=00000000, EBX=b50231b0, ESP=bf84054c, EBP=bf8405b8, ESI=bf840550, EDI=00000003
-1	25715	ld-linux.so.2       	b76fc6c8	                                        	8d 14 7e                                          	lea edx, ptr [esi+edi*2]                          		EAX=00000004, ECX=b771153c, EDX=00000000, EBX=b7711000, ESP=bf84054c, EBP=bf8405b8, ESI=bf840550, EDI=00000003
-1	25715	ld-linux.so.2       	b76fc6cb	                                        	29 f8                                             	sub eax, edi                                      		EAX=00000004, ECX=b771153c, EDX=bf840556, EBX=b7711000, ESP=bf84054c, EBP=bf8405b8, ESI=bf840550, EDI=00000003
-1	25715	ld-linux.so.2       	b76fc6cd	                                        	83 c7 01                                          	add edi, 0x1                                      		EAX=00000001, ECX=b771153c, EDX=bf840556, EBX=b7711000, ESP=bf84054c, EBP=bf8405b8, ESI=bf840550, EDI=00000003
-1	25715	ld-linux.so.2       	b76fc6d0	                                        	01 c0                                             	add eax, eax                                      		EAX=00000001, ECX=b771153c, EDX=bf840556, EBX=b7711000, ESP=bf84054c, EBP=bf8405b8, ESI=bf840550, EDI=00000004
-1	25715	ld-linux.so.2       	b76fc6d2	                                        	50                                                	push eax                                          		EAX=00000002, ECX=b771153c, EDX=bf840556, EBX=b7711000, ESP=bf84054c, EBP=bf8405b8, ESI=bf840550, EDI=00000004
-1	25715	ld-linux.so.2       	b76fc6d3	                                        	6a 00                                             	push 0x0                                          		EAX=00000002, ECX=b771153c, EDX=bf840556, EBX=b7711000, ESP=bf840548, EBP=bf8405b8, ESI=bf840550, EDI=00000004
-1	25715	ld-linux.so.2       	b76fc6d5	                                        	52                                                	push edx                                          		EAX=00000002, ECX=b771153c, EDX=bf840556, EBX=b7711000, ESP=bf840544, EBP=bf8405b8, ESI=bf840550, EDI=00000004
-1	25715	ld-linux.so.2       	b76fc6d6	                                        	e8 95 9f 00 00                                    	call 0xb7706670                                   		EAX=00000002, ECX=b771153c, EDX=bf840556, EBX=b7711000, ESP=bf840540, EBP=bf8405b8, ESI=bf840550, EDI=00000004
-1	25715	ld-linux.so.2       	b770668a	                                        	aa                                                	stosb byte ptr [edi]                              		EAX=00000000, ECX=00000002, EDX=00000002, EBX=b7711000, ESP=bf840538, EBP=bf8405b8, ESI=bf840550, EDI=bf840556
-1	25715	ld-linux.so.2       	b770668b	                                        	49                                                	dec ecx                                           		EAX=00000000, ECX=00000002, EDX=00000002, EBX=b7711000, ESP=bf840538, EBP=bf8405b8, ESI=bf840550, EDI=bf840557
-1	25715	ld-linux.so.2       	b770668c	                                        	74 1f                                             	jz 0xb77066ad                                     		EAX=00000000, ECX=00000001, EDX=00000002, EBX=b7711000, ESP=bf840538, EBP=bf8405b8, ESI=bf840550, EDI=bf840557
-1	25715	ld-linux.so.2       	b770668e	                                        	aa                                                	stosb byte ptr [edi]                              		EAX=00000000, ECX=00000001, EDX=00000002, EBX=b7711000, ESP=bf840538, EBP=bf8405b8, ESI=bf840550, EDI=bf840557
-1	25715	ld-linux.so.2       	b770668f	                                        	49                                                	dec ecx                                           		EAX=00000000, ECX=00000001, EDX=00000002, EBX=b7711000, ESP=bf840538, EBP=bf8405b8, ESI=bf840550, EDI=bf840558
-1	25715	ld-linux.so.2       	b7706690	                                        	74 1b                                             	jz 0xb77066ad                                     		EAX=00000000, ECX=00000000, EDX=00000002, EBX=b7711000, ESP=bf840538, EBP=bf8405b8, ESI=bf840550, EDI=bf840558
-1	25715	ld-linux.so.2       	b76fc6db	                                        	83 c4 10                                          	add esp, 0x10                                     		EAX=bf840556, ECX=00000000, EDX=00000002, EBX=b7711000, ESP=bf840540, EBP=bf8405b8, ESI=bf840550, EDI=00000004
-1	25715	ld-linux.so.2       	b76fc6de	                                        	8b 45 e4                                          	mov eax, dword ptr [ebp-0x1c]                     		EAX=bf840556, ECX=00000000, EDX=00000002, EBX=b7711000, ESP=bf840550, EBP=bf8405b8, ESI=bf840550, EDI=00000004
-1	25715	ld-linux.so.2       	b76fc6e1	                                        	8b 75 dc                                          	mov esi, dword ptr [ebp-0x24]                     		EAX=00000003, ECX=00000000, EDX=00000002, EBX=b7711000, ESP=bf840550, EBP=bf8405b8, ESI=bf840550, EDI=00000004
-1	25715	ld-linux.so.2       	b76fc6e4	                                        	8d 34 46                                          	lea esi, ptr [esi+eax*2]                          		EAX=00000003, ECX=00000000, EDX=00000002, EBX=b7711000, ESP=bf840550, EBP=bf8405b8, ESI=bf840550, EDI=00000004
-1	25715	ld-linux.so.2       	b76fc6e7	                                        	0f b7 1e                                          	movzx ebx, word ptr [esi]                         		EAX=00000003, ECX=00000000, EDX=00000002, EBX=b7711000, ESP=bf840550, EBP=bf8405b8, ESI=bf840556, EDI=00000004
-1	25715	ld-linux.so.2       	b76fc6ea	                                        	8d 4b 01                                          	lea ecx, ptr [ebx+0x1]                            		EAX=00000003, ECX=00000000, EDX=00000002, EBX=00000000, ESP=bf840550, EBP=bf8405b8, ESI=bf840556, EDI=00000004
-1	25715	ld-linux.so.2       	b76fc6ed	                                        	66 89 4d d2                                       	mov word ptr [ebp-0x2e], cx                       		EAX=00000003, ECX=00000001, EDX=00000002, EBX=00000000, ESP=bf840550, EBP=bf8405b8, ESI=bf840556, EDI=00000004
-1	25715	ld-linux.so.2       	b76fc6f1	                                        	66 89 0e                                          	mov word ptr [esi], cx                            		EAX=00000003, ECX=00000001, EDX=00000002, EBX=00000000, ESP=bf840550, EBP=bf8405b8, ESI=bf840556, EDI=00000004
-1	25715	ld-linux.so.2       	b76fc6f4	                                        	8d 0c 85 00 00 00 00                              	lea ecx, ptr [eax*4]                              		EAX=00000003, ECX=00000001, EDX=00000002, EBX=00000000, ESP=bf840550, EBP=bf8405b8, ESI=bf840556, EDI=00000004
-1	25715	ld-linux.so.2       	b76fc6fb	                                        	8b 45 d8                                          	mov eax, dword ptr [ebp-0x28]                     		EAX=00000003, ECX=0000000c, EDX=00000002, EBX=00000000, ESP=bf840550, EBP=bf8405b8, ESI=bf840556, EDI=00000004
-1	25715	ld-linux.so.2       	b76fc6fe	                                        	01 c8                                             	add eax, ecx                                      		EAX=bf8405d0, ECX=0000000c, EDX=00000002, EBX=00000000, ESP=bf840550, EBP=bf8405b8, ESI=bf840556, EDI=00000004
-1	25715	ld-linux.so.2       	b76fc700	                                        	8b 18                                             	mov ebx, dword ptr [eax]                          		EAX=bf8405dc, ECX=0000000c, EDX=00000002, EBX=00000000, ESP=bf840550, EBP=bf8405b8, ESI=bf840556, EDI=00000004
-1	25715	ld-linux.so.2       	b76fc702	                                        	89 45 d4                                          	mov dword ptr [ebp-0x2c], eax                     		EAX=bf8405dc, ECX=0000000c, EDX=00000002, EBX=b771153c, ESP=bf840550, EBP=bf8405b8, ESI=bf840556, EDI=00000004
-1	25715	ld-linux.so.2       	b76fc705	                                        	3b 5b 14                                          	cmp ebx, dword ptr [ebx+0x14]                     		EAX=bf8405dc, ECX=0000000c, EDX=00000002, EBX=b771153c, ESP=bf840550, EBP=bf8405b8, ESI=bf840556, EDI=00000004
-1	25715	ld-linux.so.2       	b76fc708	                                        	75 a6                                             	jnz 0xb76fc6b0                                    		EAX=bf8405dc, ECX=0000000c, EDX=00000002, EBX=b771153c, ESP=bf840550, EBP=bf8405b8, ESI=bf840556, EDI=00000004
-1	25715	ld-linux.so.2       	b76fc70a	                                        	83 bb 0c 02 00 00 ff                              	cmp dword ptr [ebx+0x20c], 0xffffffff             		EAX=bf8405dc, ECX=0000000c, EDX=00000002, EBX=b771153c, ESP=bf840550, EBP=bf8405b8, ESI=bf840556, EDI=00000004
-1	25715	ld-linux.so.2       	b76fc711	                                        	74 9d                                             	jz 0xb76fc6b0                                     		EAX=bf8405dc, ECX=0000000c, EDX=00000002, EBX=b771153c, ESP=bf840550, EBP=bf8405b8, ESI=bf840556, EDI=00000004
-1	25715	ld-linux.so.2       	b76fc713	                                        	8b 45 e0                                          	mov eax, dword ptr [ebp-0x20]                     		EAX=bf8405dc, ECX=0000000c, EDX=00000002, EBX=b771153c, ESP=bf840550, EBP=bf8405b8, ESI=bf840556, EDI=00000004
-1	25715	ld-linux.so.2       	b76fc716	                                        	83 e8 01                                          	sub eax, 0x1                                      		EAX=00000004, ECX=0000000c, EDX=00000002, EBX=b771153c, ESP=bf840550, EBP=bf8405b8, ESI=bf840556, EDI=00000004
-1	25715	ld-linux.so.2       	b76fc719	                                        	39 45 e4                                          	cmp dword ptr [ebp-0x1c], eax                     		EAX=00000003, ECX=0000000c, EDX=00000002, EBX=b771153c, ESP=bf840550, EBP=bf8405b8, ESI=bf840556, EDI=00000004
-1	25715	ld-linux.so.2       	b76fc71c	                                        	89 45 c8                                          	mov dword ptr [ebp-0x38], eax                     		EAX=00000003, ECX=0000000c, EDX=00000002, EBX=b771153c, ESP=bf840550, EBP=bf8405b8, ESI=bf840556, EDI=00000004
-1	25715	ld-linux.so.2       	b76fc71f	                                        	73 8f                                             	jnb 0xb76fc6b0                                    		EAX=00000003, ECX=0000000c, EDX=00000002, EBX=b771153c, ESP=bf840550, EBP=bf8405b8, ESI=bf840556, EDI=00000004
-1	25715	ld-linux.so.2       	b76fc6b0	                                        	39 7d e0                                          	cmp dword ptr [ebp-0x20], edi                     		EAX=00000003, ECX=0000000c, EDX=00000002, EBX=b771153c, ESP=bf840550, EBP=bf8405b8, ESI=bf840556, EDI=00000004
-1	25715	ld-linux.so.2       	b76fc6b3	                                        	89 7d e4                                          	mov dword ptr [ebp-0x1c], edi                     		EAX=00000003, ECX=0000000c, EDX=00000002, EBX=b771153c, ESP=bf840550, EBP=bf8405b8, ESI=bf840556, EDI=00000004
-1	25715	ld-linux.so.2       	b76fc6b6	                                        	0f 84 14 01 00 00                                 	jz 0xb76fc7d0                                     		EAX=00000003, ECX=0000000c, EDX=00000002, EBX=b771153c, ESP=bf840550, EBP=bf8405b8, ESI=bf840556, EDI=00000004
-1	25715	ld-linux.so.2       	b76fc7d0	                                        	8b 65 b4                                          	mov esp, dword ptr [ebp-0x4c]                     		EAX=00000003, ECX=0000000c, EDX=00000002, EBX=b771153c, ESP=bf840550, EBP=bf8405b8, ESI=bf840556, EDI=00000004
-1	25715	ld-linux.so.2       	b76fc7d3	                                        	8d 65 f4                                          	lea esp, ptr [ebp-0xc]                            		EAX=00000003, ECX=0000000c, EDX=00000002, EBX=b771153c, ESP=bf840560, EBP=bf8405b8, ESI=bf840556, EDI=00000004
-1	25715	ld-linux.so.2       	b76fc7d6	                                        	5b                                                	pop ebx                                           		EAX=00000003, ECX=0000000c, EDX=00000002, EBX=b771153c, ESP=bf8405ac, EBP=bf8405b8, ESI=bf840556, EDI=00000004
-1	25715	ld-linux.so.2       	b76fc7d7	                                        	5e                                                	pop esi                                           		EAX=00000003, ECX=0000000c, EDX=00000002, EBX=00000004, ESP=bf8405b0, EBP=bf8405b8, ESI=bf840556, EDI=00000004
-1	25715	ld-linux.so.2       	b76fc7d8	                                        	5f                                                	pop edi                                           		EAX=00000003, ECX=0000000c, EDX=00000002, EBX=00000004, ESP=bf8405b4, EBP=bf8405b8, ESI=00000000, EDI=00000004
-1	25715	ld-linux.so.2       	b76fc7d9	                                        	5d                                                	pop ebp                                           		EAX=00000003, ECX=0000000c, EDX=00000002, EBX=00000004, ESP=bf8405b8, EBP=bf8405b8, ESI=00000000, EDI=b4f813dc
-1	25715	ld-linux.so.2       	b76fc7da	                                        	c2 04 00                                          	ret 0x4                                           		EAX=00000003, ECX=0000000c, EDX=00000002, EBX=00000004, ESP=bf8405bc, EBP=bf840648, ESI=00000000, EDI=b4f813dc
-1	25715	ld-linux.so.2       	b76fc9f3	                                        	8b 45 d8                                          	mov eax, dword ptr [ebp-0x28]                     		EAX=00000003, ECX=0000000c, EDX=00000002, EBX=00000004, ESP=bf8405c4, EBP=bf840648, ESI=00000000, EDI=b4f813dc
-1	25715	ld-linux.so.2       	b76fc9f6	                                        	8b 4d dc                                          	mov ecx, dword ptr [ebp-0x24]                     		EAX=00000020, ECX=0000000c, EDX=00000002, EBX=00000004, ESP=bf8405c4, EBP=bf840648, ESI=00000000, EDI=b4f813dc
-1	25715	ld-linux.so.2       	b76fc9f9	                                        	ff 75 d0                                          	push dword ptr [ebp-0x30]                         		EAX=00000020, ECX=b7711000, EDX=00000002, EBX=00000004, ESP=bf8405c4, EBP=bf840648, ESI=00000000, EDI=b4f813dc
-1	25715	ld-linux.so.2       	b76fc9fc	                                        	ff 94 08 fc 07 00 00                              	call dword ptr [eax+ecx*1+0x7fc]                  		EAX=00000020, ECX=b7711000, EDX=00000002, EBX=00000004, ESP=bf8405c0, EBP=bf840648, ESI=00000000, EDI=b4f813dc
-1	25715	ld-linux.so.2       	b76fca03	                                        	83 c4 10                                          	add esp, 0x10                                     		EAX=b77114e4, ECX=b7711000, EDX=00000002, EBX=00000004, ESP=bf8405c0, EBP=bf840648, ESI=00000000, EDI=b4f813dc
-1	25715	ld-linux.so.2       	b76fca06	                                        	85 db                                             	test ebx, ebx                                     		EAX=b77114e4, ECX=b7711000, EDX=00000002, EBX=00000004, ESP=bf8405d0, EBP=bf840648, ESI=00000000, EDI=b4f813dc
-1	25715	ld-linux.so.2       	b76fca08	                                        	c7 45 e4 00 00 00 00                              	mov dword ptr [ebp-0x1c], 0x0                     		EAX=b77114e4, ECX=b7711000, EDX=00000002, EBX=00000004, ESP=bf8405d0, EBP=bf840648, ESI=00000000, EDI=b4f813dc
-1	25715	ld-linux.so.2       	b76fca0f	                                        	0f 84 a7 00 00 00                                 	jz 0xb76fcabc                                     		EAX=b77114e4, ECX=b7711000, EDX=00000002, EBX=00000004, ESP=bf8405d0, EBP=bf840648, ESI=00000000, EDI=b4f813dc
-1	25715	ld-linux.so.2       	b76fca15	                                        	8d 76 00                                          	lea esi, ptr [esi]                                		EAX=b77114e4, ECX=b7711000, EDX=00000002, EBX=00000004, ESP=bf8405d0, EBP=bf840648, ESI=00000000, EDI=b4f813dc
-1	25715	ld-linux.so.2       	b76fca18	                                        	8b 45 c4                                          	mov eax, dword ptr [ebp-0x3c]                     		EAX=b77114e4, ECX=b7711000, EDX=00000002, EBX=00000004, ESP=bf8405d0, EBP=bf840648, ESI=00000000, EDI=b4f813dc
-1	25715	ld-linux.so.2       	b76fca1b	                                        	8b 7d e4                                          	mov edi, dword ptr [ebp-0x1c]                     		EAX=bf8405d0, ECX=b7711000, EDX=00000002, EBX=00000004, ESP=bf8405d0, EBP=bf840648, ESI=00000000, EDI=b4f813dc
-1	25715	ld-linux.so.2       	b76fca1e	                                        	8b 1c b8                                          	mov ebx, dword ptr [eax+edi*4]                    		EAX=bf8405d0, ECX=b7711000, EDX=00000002, EBX=00000004, ESP=bf8405d0, EBP=bf840648, ESI=00000000, EDI=00000000
-1	25715	ld-linux.so.2       	b76fca21	                                        	0f b6 83 94 01 00 00                              	movzx eax, byte ptr [ebx+0x194]                   		EAX=bf8405d0, ECX=b7711000, EDX=00000002, EBX=b7711918, ESP=bf8405d0, EBP=bf840648, ESI=00000000, EDI=00000000
-1	25715	ld-linux.so.2       	b76fca28	                                        	a8 08                                             	test al, 0x8                                      		EAX=0000001c, ECX=b7711000, EDX=00000002, EBX=b7711918, ESP=bf8405d0, EBP=bf840648, ESI=00000000, EDI=00000000
-1	25715	ld-linux.so.2       	b76fca2a	                                        	74 79                                             	jz 0xb76fcaa5                                     		EAX=0000001c, ECX=b7711000, EDX=00000002, EBX=b7711918, ESP=bf8405d0, EBP=bf840648, ESI=00000000, EDI=00000000
-1	25715	ld-linux.so.2       	b76fca2c	                                        	83 e0 f7                                          	and eax, 0xfffffff7                               		EAX=0000001c, ECX=b7711000, EDX=00000002, EBX=b7711918, ESP=bf8405d0, EBP=bf840648, ESI=00000000, EDI=00000000
-1	25715	ld-linux.so.2       	b76fca2f	                                        	88 83 94 01 00 00                                 	mov byte ptr [ebx+0x194], al                      		EAX=00000014, ECX=b7711000, EDX=00000002, EBX=b7711918, ESP=bf8405d0, EBP=bf840648, ESI=00000000, EDI=00000000
-1	25715	ld-linux.so.2       	b76fca35	                                        	8b 83 88 00 00 00                                 	mov eax, dword ptr [ebx+0x88]                     		EAX=00000014, ECX=b7711000, EDX=00000002, EBX=b7711918, ESP=bf8405d0, EBP=bf840648, ESI=00000000, EDI=00000000
-1	25715	ld-linux.so.2       	b76fca3b	                                        	85 c0                                             	test eax, eax                                     		EAX=08049f3c, ECX=b7711000, EDX=00000002, EBX=b7711918, ESP=bf8405d0, EBP=bf840648, ESI=00000000, EDI=00000000
-1	25715	ld-linux.so.2       	b76fca3d	                                        	0f 84 cd 00 00 00                                 	jz 0xb76fcb10                                     		EAX=08049f3c, ECX=b7711000, EDX=00000002, EBX=b7711918, ESP=bf8405d0, EBP=bf840648, ESI=00000000, EDI=00000000
-1	25715	ld-linux.so.2       	b76fca43	                                        	8b 4d dc                                          	mov ecx, dword ptr [ebp-0x24]                     		EAX=08049f3c, ECX=b7711000, EDX=00000002, EBX=b7711918, ESP=bf8405d0, EBP=bf840648, ESI=00000000, EDI=00000000
-1	25715	ld-linux.so.2       	b76fca46	                                        	f6 81 00 fd ff ff 02                              	test byte ptr [ecx-0x300], 0x2                    		EAX=08049f3c, ECX=b7711000, EDX=00000002, EBX=b7711918, ESP=bf8405d0, EBP=bf840648, ESI=00000000, EDI=00000000
-1	25715	ld-linux.so.2       	b76fca4d	                                        	0f 85 dd 00 00 00                                 	jnz 0xb76fcb30                                    		EAX=08049f3c, ECX=b7711000, EDX=00000002, EBX=b7711918, ESP=bf8405d0, EBP=bf840648, ESI=00000000, EDI=00000000
-1	25715	ld-linux.so.2       	b76fca53	                                        	8b 78 04                                          	mov edi, dword ptr [eax+0x4]                      		EAX=08049f3c, ECX=b7711000, EDX=00000002, EBX=b7711918, ESP=bf8405d0, EBP=bf840648, ESI=00000000, EDI=00000000
-1	25715	ld-linux.so.2       	b76fca56	                                        	8b 83 90 00 00 00                                 	mov eax, dword ptr [ebx+0x90]                     		EAX=08049f3c, ECX=b7711000, EDX=00000002, EBX=b7711918, ESP=bf8405d0, EBP=bf840648, ESI=00000000, EDI=08049f0c
-1	25715	ld-linux.so.2       	b76fca5c	                                        	03 3b                                             	add edi, dword ptr [ebx]                          		EAX=08049f44, ECX=b7711000, EDX=00000002, EBX=b7711918, ESP=bf8405d0, EBP=bf840648, ESI=00000000, EDI=08049f0c
-1	25715	ld-linux.so.2       	b76fca5e	                                        	8b 40 04                                          	mov eax, dword ptr [eax+0x4]                      		EAX=08049f44, ECX=b7711000, EDX=00000002, EBX=b7711918, ESP=bf8405d0, EBP=bf840648, ESI=00000000, EDI=08049f0c
-1	25715	ld-linux.so.2       	b76fca61	                                        	c1 e8 02                                          	shr eax, 0x2                                      		EAX=00000004, ECX=b7711000, EDX=00000002, EBX=b7711918, ESP=bf8405d0, EBP=bf840648, ESI=00000000, EDI=08049f0c
-1	25715	ld-linux.so.2       	b76fca64	                                        	85 c0                                             	test eax, eax                                     		EAX=00000001, ECX=b7711000, EDX=00000002, EBX=b7711918, ESP=bf8405d0, EBP=bf840648, ESI=00000000, EDI=08049f0c
-1	25715	ld-linux.so.2       	b76fca66	                                        	89 c6                                             	mov esi, eax                                      		EAX=00000001, ECX=b7711000, EDX=00000002, EBX=b7711918, ESP=bf8405d0, EBP=bf840648, ESI=00000000, EDI=08049f0c
-1	25715	ld-linux.so.2       	b76fca68	                                        	74 0f                                             	jz 0xb76fca79                                     		EAX=00000001, ECX=b7711000, EDX=00000002, EBX=b7711918, ESP=bf8405d0, EBP=bf840648, ESI=00000001, EDI=08049f0c
-1	25715	ld-linux.so.2       	b76fca6a	                                        	8d b6 00 00 00 00                                 	lea esi, ptr [esi]                                		EAX=00000001, ECX=b7711000, EDX=00000002, EBX=b7711918, ESP=bf8405d0, EBP=bf840648, ESI=00000001, EDI=08049f0c
-1	25715	ld-linux.so.2       	b76fca70	                                        	ff 54 b7 fc                                       	call dword ptr [edi+esi*4-0x4]                    		EAX=00000001, ECX=b7711000, EDX=00000002, EBX=b7711918, ESP=bf8405d0, EBP=bf840648, ESI=00000001, EDI=08049f0c
-1	25715	unknown             	080483c0	                                        	80 3d 1c a0 04 08 00                              	cmp byte ptr [0x804a01c], 0x0                     		EAX=00000001, ECX=b7711000, EDX=00000002, EBX=b7711918, ESP=bf8405cc, EBP=bf840648, ESI=00000001, EDI=08049f0c
-1	25715	unknown             	080483c7	                                        	75 13                                             	jnz 0x80483dc                                     		EAX=00000001, ECX=b7711000, EDX=00000002, EBX=b7711918, ESP=bf8405cc, EBP=bf840648, ESI=00000001, EDI=08049f0c
-1	25715	unknown             	080483c9	                                        	55                                                	push ebp                                          		EAX=00000001, ECX=b7711000, EDX=00000002, EBX=b7711918, ESP=bf8405cc, EBP=bf840648, ESI=00000001, EDI=08049f0c
-1	25715	unknown             	080483ca	                                        	89 e5                                             	mov ebp, esp                                      		EAX=00000001, ECX=b7711000, EDX=00000002, EBX=b7711918, ESP=bf8405c8, EBP=bf840648, ESI=00000001, EDI=08049f0c
-1	25715	unknown             	080483cc	                                        	83 ec 08                                          	sub esp, 0x8                                      		EAX=00000001, ECX=b7711000, EDX=00000002, EBX=b7711918, ESP=bf8405c8, EBP=bf8405c8, ESI=00000001, EDI=08049f0c
-1	25715	unknown             	080483cf	                                        	e8 7c ff ff ff                                    	call 0x8048350                                    		EAX=00000001, ECX=b7711000, EDX=00000002, EBX=b7711918, ESP=bf8405c0, EBP=bf8405c8, ESI=00000001, EDI=08049f0c
-1	25715	unknown             	08048350	                                        	b8 1f a0 04 08                                    	mov eax, 0x804a01f                                		EAX=00000001, ECX=b7711000, EDX=00000002, EBX=b7711918, ESP=bf8405bc, EBP=bf8405c8, ESI=00000001, EDI=08049f0c
-1	25715	unknown             	08048355	                                        	2d 1c a0 04 08                                    	sub eax, 0x804a01c                                		EAX=0804a01f, ECX=b7711000, EDX=00000002, EBX=b7711918, ESP=bf8405bc, EBP=bf8405c8, ESI=00000001, EDI=08049f0c
-1	25715	unknown             	0804835a	                                        	83 f8 06                                          	cmp eax, 0x6                                      		EAX=00000003, ECX=b7711000, EDX=00000002, EBX=b7711918, ESP=bf8405bc, EBP=bf8405c8, ESI=00000001, EDI=08049f0c
-1	25715	unknown             	0804835d	                                        	76 1a                                             	jbe 0x8048379                                     		EAX=00000003, ECX=b7711000, EDX=00000002, EBX=b7711918, ESP=bf8405bc, EBP=bf8405c8, ESI=00000001, EDI=08049f0c
-1	25715	unknown             	08048379	                                        	f3 c3                                             	ret                                               		EAX=00000003, ECX=b7711000, EDX=00000002, EBX=b7711918, ESP=bf8405bc, EBP=bf8405c8, ESI=00000001, EDI=08049f0c
-1	25715	unknown             	080483d4	                                        	c6 05 1c a0 04 08 01                              	mov byte ptr [0x804a01c], 0x1                     		EAX=00000003, ECX=b7711000, EDX=00000002, EBX=b7711918, ESP=bf8405c0, EBP=bf8405c8, ESI=00000001, EDI=08049f0c
-1	25715	unknown             	080483db	                                        	c9                                                	leave                                             		EAX=00000003, ECX=b7711000, EDX=00000002, EBX=b7711918, ESP=bf8405c0, EBP=bf8405c8, ESI=00000001, EDI=08049f0c
-1	25715	unknown             	080483dc	                                        	f3 c3                                             	ret                                               		EAX=00000003, ECX=b7711000, EDX=00000002, EBX=b7711918, ESP=bf8405cc, EBP=bf840648, ESI=00000001, EDI=08049f0c
-1	25715	ld-linux.so.2       	b76fca74	                                        	83 ee 01                                          	sub esi, 0x1                                      		EAX=00000003, ECX=b7711000, EDX=00000002, EBX=b7711918, ESP=bf8405d0, EBP=bf840648, ESI=00000001, EDI=08049f0c
-1	25715	ld-linux.so.2       	b76fca77	                                        	75 f7                                             	jnz 0xb76fca70                                    		EAX=00000003, ECX=b7711000, EDX=00000002, EBX=b7711918, ESP=bf8405d0, EBP=bf840648, ESI=00000000, EDI=08049f0c
-1	25715	ld-linux.so.2       	b76fca79	                                        	8b 43 54                                          	mov eax, dword ptr [ebx+0x54]                     		EAX=00000003, ECX=b7711000, EDX=00000002, EBX=b7711918, ESP=bf8405d0, EBP=bf840648, ESI=00000000, EDI=08049f0c
-1	25715	ld-linux.so.2       	b76fca7c	                                        	85 c0                                             	test eax, eax                                     		EAX=08049f24, ECX=b7711000, EDX=00000002, EBX=b7711918, ESP=bf8405d0, EBP=bf840648, ESI=00000000, EDI=08049f0c
-1	25715	ld-linux.so.2       	b76fca7e	                                        	74 07                                             	jz 0xb76fca87                                     		EAX=08049f24, ECX=b7711000, EDX=00000002, EBX=b7711918, ESP=bf8405d0, EBP=bf840648, ESI=00000000, EDI=08049f0c
-1	25715	ld-linux.so.2       	b76fca80	                                        	8b 40 04                                          	mov eax, dword ptr [eax+0x4]                      		EAX=08049f24, ECX=b7711000, EDX=00000002, EBX=b7711918, ESP=bf8405d0, EBP=bf840648, ESI=00000000, EDI=08049f0c
-1	25715	ld-linux.so.2       	b76fca83	                                        	03 03                                             	add eax, dword ptr [ebx]                          		EAX=08048504, ECX=b7711000, EDX=00000002, EBX=b7711918, ESP=bf8405d0, EBP=bf840648, ESI=00000000, EDI=08049f0c
-1	25715	ld-linux.so.2       	b76fca85	                                        	ff d0                                             	call eax                                          		EAX=08048504, ECX=b7711000, EDX=00000002, EBX=b7711918, ESP=bf8405d0, EBP=bf840648, ESI=00000000, EDI=08049f0c
-1	25715	unknown             	08048504	                                        	53                                                	push ebx                                          		EAX=08048504, ECX=b7711000, EDX=00000002, EBX=b7711918, ESP=bf8405cc, EBP=bf840648, ESI=00000000, EDI=08049f0c
-1	25715	unknown             	08048505	                                        	83 ec 08                                          	sub esp, 0x8                                      		EAX=08048504, ECX=b7711000, EDX=00000002, EBX=b7711918, ESP=bf8405c8, EBP=bf840648, ESI=00000000, EDI=08049f0c
-1	25715	unknown             	08048508	                                        	e8 33 fe ff ff                                    	call 0x8048340                                    		EAX=08048504, ECX=b7711000, EDX=00000002, EBX=b7711918, ESP=bf8405c0, EBP=bf840648, ESI=00000000, EDI=08049f0c
-1	25715	unknown             	08048340	                                        	8b 1c 24                                          	mov ebx, dword ptr [esp]                          		EAX=08048504, ECX=b7711000, EDX=00000002, EBX=b7711918, ESP=bf8405bc, EBP=bf840648, ESI=00000000, EDI=08049f0c
-1	25715	unknown             	08048343	                                        	c3                                                	ret                                               		EAX=08048504, ECX=b7711000, EDX=00000002, EBX=0804850d, ESP=bf8405bc, EBP=bf840648, ESI=00000000, EDI=08049f0c
-1	25715	unknown             	0804850d	                                        	81 c3 f3 1a 00 00                                 	add ebx, 0x1af3                                   		EAX=08048504, ECX=b7711000, EDX=00000002, EBX=0804850d, ESP=bf8405c0, EBP=bf840648, ESI=00000000, EDI=08049f0c
-1	25715	unknown             	08048513	                                        	83 c4 08                                          	add esp, 0x8                                      		EAX=08048504, ECX=b7711000, EDX=00000002, EBX=0804a000, ESP=bf8405c0, EBP=bf840648, ESI=00000000, EDI=08049f0c
-1	25715	unknown             	08048516	                                        	5b                                                	pop ebx                                           		EAX=08048504, ECX=b7711000, EDX=00000002, EBX=0804a000, ESP=bf8405c8, EBP=bf840648, ESI=00000000, EDI=08049f0c
-1	25715	unknown             	08048517	                                        	c3                                                	ret                                               		EAX=08048504, ECX=b7711000, EDX=00000002, EBX=b7711918, ESP=bf8405cc, EBP=bf840648, ESI=00000000, EDI=08049f0c
-1	25715	ld-linux.so.2       	b76fca87	                                        	8b 4d cc                                          	mov ecx, dword ptr [ebp-0x34]                     		EAX=08048504, ECX=b7711000, EDX=00000002, EBX=b7711918, ESP=bf8405d0, EBP=bf840648, ESI=00000000, EDI=08049f0c
-1	25715	ld-linux.so.2       	b76fca8a	                                        	85 c9                                             	test ecx, ecx                                     		EAX=08048504, ECX=00000000, EDX=00000002, EBX=b7711918, ESP=bf8405d0, EBP=bf840648, ESI=00000000, EDI=08049f0c
-1	25715	ld-linux.so.2       	b76fca8c	                                        	75 17                                             	jnz 0xb76fcaa5                                    		EAX=08048504, ECX=00000000, EDX=00000002, EBX=b7711918, ESP=bf8405d0, EBP=bf840648, ESI=00000000, EDI=08049f0c
-1	25715	ld-linux.so.2       	b76fca8e	                                        	8b 45 dc                                          	mov eax, dword ptr [ebp-0x24]                     		EAX=08048504, ECX=00000000, EDX=00000002, EBX=b7711918, ESP=bf8405d0, EBP=bf840648, ESI=00000000, EDI=08049f0c
-1	25715	ld-linux.so.2       	b76fca91	                                        	8d 35 00 fd ff ff                                 	lea esi, ptr [0xfffffd00]                         		EAX=b7711000, ECX=00000000, EDX=00000002, EBX=b7711918, ESP=bf8405d0, EBP=bf840648, ESI=00000000, EDI=08049f0c
-1	25715	ld-linux.so.2       	b76fca97	                                        	8b 90 10 ff ff ff                                 	mov edx, dword ptr [eax-0xf0]                     		EAX=b7711000, ECX=00000000, EDX=00000002, EBX=b7711918, ESP=bf8405d0, EBP=bf840648, ESI=fffffd00, EDI=08049f0c
-1	25715	ld-linux.so.2       	b76fca9d	                                        	85 d2                                             	test edx, edx                                     		EAX=b7711000, ECX=00000000, EDX=00000000, EBX=b7711918, ESP=bf8405d0, EBP=bf840648, ESI=fffffd00, EDI=08049f0c
-1	25715	ld-linux.so.2       	b76fca9f	                                        	0f 85 c9 00 00 00                                 	jnz 0xb76fcb6e                                    		EAX=b7711000, ECX=00000000, EDX=00000000, EBX=b7711918, ESP=bf8405d0, EBP=bf840648, ESI=fffffd00, EDI=08049f0c
-1	25715	ld-linux.so.2       	b76fcaa5	                                        	83 45 e4 01                                       	add dword ptr [ebp-0x1c], 0x1                     		EAX=b7711000, ECX=00000000, EDX=00000000, EBX=b7711918, ESP=bf8405d0, EBP=bf840648, ESI=fffffd00, EDI=08049f0c
-1	25715	ld-linux.so.2       	b76fcaa9	                                        	83 ab 90 01 00 00 01                              	sub dword ptr [ebx+0x190], 0x1                    		EAX=b7711000, ECX=00000000, EDX=00000000, EBX=b7711918, ESP=bf8405d0, EBP=bf840648, ESI=fffffd00, EDI=08049f0c
-1	25715	ld-linux.so.2       	b76fcab0	                                        	8b 45 e4                                          	mov eax, dword ptr [ebp-0x1c]                     		EAX=b7711000, ECX=00000000, EDX=00000000, EBX=b7711918, ESP=bf8405d0, EBP=bf840648, ESI=fffffd00, EDI=08049f0c
-1	25715	ld-linux.so.2       	b76fcab3	                                        	39 45 c8                                          	cmp dword ptr [ebp-0x38], eax                     		EAX=00000001, ECX=00000000, EDX=00000000, EBX=b7711918, ESP=bf8405d0, EBP=bf840648, ESI=fffffd00, EDI=08049f0c
-1	25715	ld-linux.so.2       	b76fcab6	                                        	0f 85 5c ff ff ff                                 	jnz 0xb76fca18                                    		EAX=00000001, ECX=00000000, EDX=00000000, EBX=b7711918, ESP=bf8405d0, EBP=bf840648, ESI=fffffd00, EDI=08049f0c
-1	25715	ld-linux.so.2       	b76fca18	                                        	8b 45 c4                                          	mov eax, dword ptr [ebp-0x3c]                     		EAX=00000001, ECX=00000000, EDX=00000000, EBX=b7711918, ESP=bf8405d0, EBP=bf840648, ESI=fffffd00, EDI=08049f0c
-1	25715	ld-linux.so.2       	b76fca1b	                                        	8b 7d e4                                          	mov edi, dword ptr [ebp-0x1c]                     		EAX=bf8405d0, ECX=00000000, EDX=00000000, EBX=b7711918, ESP=bf8405d0, EBP=bf840648, ESI=fffffd00, EDI=08049f0c
-1	25715	ld-linux.so.2       	b76fca1e	                                        	8b 1c b8                                          	mov ebx, dword ptr [eax+edi*4]                    		EAX=bf8405d0, ECX=00000000, EDX=00000000, EBX=b7711918, ESP=bf8405d0, EBP=bf840648, ESI=fffffd00, EDI=00000001
-1	25715	ld-linux.so.2       	b76fca21	                                        	0f b6 83 94 01 00 00                              	movzx eax, byte ptr [ebx+0x194]                   		EAX=bf8405d0, ECX=00000000, EDX=00000000, EBX=b7711c08, ESP=bf8405d0, EBP=bf840648, ESI=fffffd00, EDI=00000001
-1	25715	ld-linux.so.2       	b76fca28	                                        	a8 08                                             	test al, 0x8                                      		EAX=00000005, ECX=00000000, EDX=00000000, EBX=b7711c08, ESP=bf8405d0, EBP=bf840648, ESI=fffffd00, EDI=00000001
-1	25715	ld-linux.so.2       	b76fca2a	                                        	74 79                                             	jz 0xb76fcaa5                                     		EAX=00000005, ECX=00000000, EDX=00000000, EBX=b7711c08, ESP=bf8405d0, EBP=bf840648, ESI=fffffd00, EDI=00000001
-1	25715	ld-linux.so.2       	b76fcaa5	                                        	83 45 e4 01                                       	add dword ptr [ebp-0x1c], 0x1                     		EAX=00000005, ECX=00000000, EDX=00000000, EBX=b7711c08, ESP=bf8405d0, EBP=bf840648, ESI=fffffd00, EDI=00000001
-1	25715	ld-linux.so.2       	b76fcaa9	                                        	83 ab 90 01 00 00 01                              	sub dword ptr [ebx+0x190], 0x1                    		EAX=00000005, ECX=00000000, EDX=00000000, EBX=b7711c08, ESP=bf8405d0, EBP=bf840648, ESI=fffffd00, EDI=00000001
-1	25715	ld-linux.so.2       	b76fcab0	                                        	8b 45 e4                                          	mov eax, dword ptr [ebp-0x1c]                     		EAX=00000005, ECX=00000000, EDX=00000000, EBX=b7711c08, ESP=bf8405d0, EBP=bf840648, ESI=fffffd00, EDI=00000001
-1	25715	ld-linux.so.2       	b76fcab3	                                        	39 45 c8                                          	cmp dword ptr [ebp-0x38], eax                     		EAX=00000002, ECX=00000000, EDX=00000000, EBX=b7711c08, ESP=bf8405d0, EBP=bf840648, ESI=fffffd00, EDI=00000001
-1	25715	ld-linux.so.2       	b76fcab6	                                        	0f 85 5c ff ff ff                                 	jnz 0xb76fca18                                    		EAX=00000002, ECX=00000000, EDX=00000000, EBX=b7711c08, ESP=bf8405d0, EBP=bf840648, ESI=fffffd00, EDI=00000001
-1	25715	ld-linux.so.2       	b76fca18	                                        	8b 45 c4                                          	mov eax, dword ptr [ebp-0x3c]                     		EAX=00000002, ECX=00000000, EDX=00000000, EBX=b7711c08, ESP=bf8405d0, EBP=bf840648, ESI=fffffd00, EDI=00000001
-1	25715	ld-linux.so.2       	b76fca1b	                                        	8b 7d e4                                          	mov edi, dword ptr [ebp-0x1c]                     		EAX=bf8405d0, ECX=00000000, EDX=00000000, EBX=b7711c08, ESP=bf8405d0, EBP=bf840648, ESI=fffffd00, EDI=00000001
-1	25715	ld-linux.so.2       	b76fca1e	                                        	8b 1c b8                                          	mov ebx, dword ptr [eax+edi*4]                    		EAX=bf8405d0, ECX=00000000, EDX=00000000, EBX=b7711c08, ESP=bf8405d0, EBP=bf840648, ESI=fffffd00, EDI=00000002
-1	25715	ld-linux.so.2       	b76fca21	                                        	0f b6 83 94 01 00 00                              	movzx eax, byte ptr [ebx+0x194]                   		EAX=bf8405d0, ECX=00000000, EDX=00000000, EBX=b50231b0, ESP=bf8405d0, EBP=bf840648, ESI=fffffd00, EDI=00000002
-1	25715	ld-linux.so.2       	b76fca28	                                        	a8 08                                             	test al, 0x8                                      		EAX=0000001d, ECX=00000000, EDX=00000000, EBX=b50231b0, ESP=bf8405d0, EBP=bf840648, ESI=fffffd00, EDI=00000002
-1	25715	ld-linux.so.2       	b76fca2a	                                        	74 79                                             	jz 0xb76fcaa5                                     		EAX=0000001d, ECX=00000000, EDX=00000000, EBX=b50231b0, ESP=bf8405d0, EBP=bf840648, ESI=fffffd00, EDI=00000002
-1	25715	ld-linux.so.2       	b76fca2c	                                        	83 e0 f7                                          	and eax, 0xfffffff7                               		EAX=0000001d, ECX=00000000, EDX=00000000, EBX=b50231b0, ESP=bf8405d0, EBP=bf840648, ESI=fffffd00, EDI=00000002
-1	25715	ld-linux.so.2       	b76fca2f	                                        	88 83 94 01 00 00                                 	mov byte ptr [ebx+0x194], al                      		EAX=00000015, ECX=00000000, EDX=00000000, EBX=b50231b0, ESP=bf8405d0, EBP=bf840648, ESI=fffffd00, EDI=00000002
-1	25715	ld-linux.so.2       	b76fca35	                                        	8b 83 88 00 00 00                                 	mov eax, dword ptr [ebx+0x88]                     		EAX=00000015, ECX=00000000, EDX=00000000, EBX=b50231b0, ESP=bf8405d0, EBP=bf840648, ESI=fffffd00, EDI=00000002
-1	25715	ld-linux.so.2       	b76fca3b	                                        	85 c0                                             	test eax, eax                                     		EAX=00000000, ECX=00000000, EDX=00000000, EBX=b50231b0, ESP=bf8405d0, EBP=bf840648, ESI=fffffd00, EDI=00000002
-1	25715	ld-linux.so.2       	b76fca3d	                                        	0f 84 cd 00 00 00                                 	jz 0xb76fcb10                                     		EAX=00000000, ECX=00000000, EDX=00000000, EBX=b50231b0, ESP=bf8405d0, EBP=bf840648, ESI=fffffd00, EDI=00000002
-1	25715	ld-linux.so.2       	b76fcb10	                                        	8b 43 54                                          	mov eax, dword ptr [ebx+0x54]                     		EAX=00000000, ECX=00000000, EDX=00000000, EBX=b50231b0, ESP=bf8405d0, EBP=bf840648, ESI=fffffd00, EDI=00000002
-1	25715	ld-linux.so.2       	b76fcb13	                                        	85 c0                                             	test eax, eax                                     		EAX=00000000, ECX=00000000, EDX=00000000, EBX=b50231b0, ESP=bf8405d0, EBP=bf840648, ESI=fffffd00, EDI=00000002
-1	25715	ld-linux.so.2       	b76fcb15	                                        	0f 84 6c ff ff ff                                 	jz 0xb76fca87                                     		EAX=00000000, ECX=00000000, EDX=00000000, EBX=b50231b0, ESP=bf8405d0, EBP=bf840648, ESI=fffffd00, EDI=00000002
-1	25715	ld-linux.so.2       	b76fca87	                                        	8b 4d cc                                          	mov ecx, dword ptr [ebp-0x34]                     		EAX=00000000, ECX=00000000, EDX=00000000, EBX=b50231b0, ESP=bf8405d0, EBP=bf840648, ESI=fffffd00, EDI=00000002
-1	25715	ld-linux.so.2       	b76fca8a	                                        	85 c9                                             	test ecx, ecx                                     		EAX=00000000, ECX=00000000, EDX=00000000, EBX=b50231b0, ESP=bf8405d0, EBP=bf840648, ESI=fffffd00, EDI=00000002
-1	25715	ld-linux.so.2       	b76fca8c	                                        	75 17                                             	jnz 0xb76fcaa5                                    		EAX=00000000, ECX=00000000, EDX=00000000, EBX=b50231b0, ESP=bf8405d0, EBP=bf840648, ESI=fffffd00, EDI=00000002
-1	25715	ld-linux.so.2       	b76fca8e	                                        	8b 45 dc                                          	mov eax, dword ptr [ebp-0x24]                     		EAX=00000000, ECX=00000000, EDX=00000000, EBX=b50231b0, ESP=bf8405d0, EBP=bf840648, ESI=fffffd00, EDI=00000002
-1	25715	ld-linux.so.2       	b76fca91	                                        	8d 35 00 fd ff ff                                 	lea esi, ptr [0xfffffd00]                         		EAX=b7711000, ECX=00000000, EDX=00000000, EBX=b50231b0, ESP=bf8405d0, EBP=bf840648, ESI=fffffd00, EDI=00000002
-1	25715	ld-linux.so.2       	b76fca97	                                        	8b 90 10 ff ff ff                                 	mov edx, dword ptr [eax-0xf0]                     		EAX=b7711000, ECX=00000000, EDX=00000000, EBX=b50231b0, ESP=bf8405d0, EBP=bf840648, ESI=fffffd00, EDI=00000002
-1	25715	ld-linux.so.2       	b76fca9d	                                        	85 d2                                             	test edx, edx                                     		EAX=b7711000, ECX=00000000, EDX=00000000, EBX=b50231b0, ESP=bf8405d0, EBP=bf840648, ESI=fffffd00, EDI=00000002
-1	25715	ld-linux.so.2       	b76fca9f	                                        	0f 85 c9 00 00 00                                 	jnz 0xb76fcb6e                                    		EAX=b7711000, ECX=00000000, EDX=00000000, EBX=b50231b0, ESP=bf8405d0, EBP=bf840648, ESI=fffffd00, EDI=00000002
-1	25715	ld-linux.so.2       	b76fcaa5	                                        	83 45 e4 01                                       	add dword ptr [ebp-0x1c], 0x1                     		EAX=b7711000, ECX=00000000, EDX=00000000, EBX=b50231b0, ESP=bf8405d0, EBP=bf840648, ESI=fffffd00, EDI=00000002
-1	25715	ld-linux.so.2       	b76fcaa9	                                        	83 ab 90 01 00 00 01                              	sub dword ptr [ebx+0x190], 0x1                    		EAX=b7711000, ECX=00000000, EDX=00000000, EBX=b50231b0, ESP=bf8405d0, EBP=bf840648, ESI=fffffd00, EDI=00000002
-1	25715	ld-linux.so.2       	b76fcab0	                                        	8b 45 e4                                          	mov eax, dword ptr [ebp-0x1c]                     		EAX=b7711000, ECX=00000000, EDX=00000000, EBX=b50231b0, ESP=bf8405d0, EBP=bf840648, ESI=fffffd00, EDI=00000002
-1	25715	ld-linux.so.2       	b76fcab3	                                        	39 45 c8                                          	cmp dword ptr [ebp-0x38], eax                     		EAX=00000003, ECX=00000000, EDX=00000000, EBX=b50231b0, ESP=bf8405d0, EBP=bf840648, ESI=fffffd00, EDI=00000002
-1	25715	ld-linux.so.2       	b76fcab6	                                        	0f 85 5c ff ff ff                                 	jnz 0xb76fca18                                    		EAX=00000003, ECX=00000000, EDX=00000000, EBX=b50231b0, ESP=bf8405d0, EBP=bf840648, ESI=fffffd00, EDI=00000002
-1	25715	ld-linux.so.2       	b76fca18	                                        	8b 45 c4                                          	mov eax, dword ptr [ebp-0x3c]                     		EAX=00000003, ECX=00000000, EDX=00000000, EBX=b50231b0, ESP=bf8405d0, EBP=bf840648, ESI=fffffd00, EDI=00000002
-1	25715	ld-linux.so.2       	b76fca1b	                                        	8b 7d e4                                          	mov edi, dword ptr [ebp-0x1c]                     		EAX=bf8405d0, ECX=00000000, EDX=00000000, EBX=b50231b0, ESP=bf8405d0, EBP=bf840648, ESI=fffffd00, EDI=00000002
-1	25715	ld-linux.so.2       	b76fca1e	                                        	8b 1c b8                                          	mov ebx, dword ptr [eax+edi*4]                    		EAX=bf8405d0, ECX=00000000, EDX=00000000, EBX=b50231b0, ESP=bf8405d0, EBP=bf840648, ESI=fffffd00, EDI=00000003
-1	25715	ld-linux.so.2       	b76fca21	                                        	0f b6 83 94 01 00 00                              	movzx eax, byte ptr [ebx+0x194]                   		EAX=bf8405d0, ECX=00000000, EDX=00000000, EBX=b771153c, ESP=bf8405d0, EBP=bf840648, ESI=fffffd00, EDI=00000003
-1	25715	ld-linux.so.2       	b76fca28	                                        	a8 08                                             	test al, 0x8                                      		EAX=0000001d, ECX=00000000, EDX=00000000, EBX=b771153c, ESP=bf8405d0, EBP=bf840648, ESI=fffffd00, EDI=00000003
-1	25715	ld-linux.so.2       	b76fca2a	                                        	74 79                                             	jz 0xb76fcaa5                                     		EAX=0000001d, ECX=00000000, EDX=00000000, EBX=b771153c, ESP=bf8405d0, EBP=bf840648, ESI=fffffd00, EDI=00000003
-1	25715	ld-linux.so.2       	b76fca2c	                                        	83 e0 f7                                          	and eax, 0xfffffff7                               		EAX=0000001d, ECX=00000000, EDX=00000000, EBX=b771153c, ESP=bf8405d0, EBP=bf840648, ESI=fffffd00, EDI=00000003
-1	25715	ld-linux.so.2       	b76fca2f	                                        	88 83 94 01 00 00                                 	mov byte ptr [ebx+0x194], al                      		EAX=00000015, ECX=00000000, EDX=00000000, EBX=b771153c, ESP=bf8405d0, EBP=bf840648, ESI=fffffd00, EDI=00000003
-1	25715	ld-linux.so.2       	b76fca35	                                        	8b 83 88 00 00 00                                 	mov eax, dword ptr [ebx+0x88]                     		EAX=00000015, ECX=00000000, EDX=00000000, EBX=b771153c, ESP=bf8405d0, EBP=bf840648, ESI=fffffd00, EDI=00000003
-1	25715	ld-linux.so.2       	b76fca3b	                                        	85 c0                                             	test eax, eax                                     		EAX=00000000, ECX=00000000, EDX=00000000, EBX=b771153c, ESP=bf8405d0, EBP=bf840648, ESI=fffffd00, EDI=00000003
-1	25715	ld-linux.so.2       	b76fca3d	                                        	0f 84 cd 00 00 00                                 	jz 0xb76fcb10                                     		EAX=00000000, ECX=00000000, EDX=00000000, EBX=b771153c, ESP=bf8405d0, EBP=bf840648, ESI=fffffd00, EDI=00000003
-1	25715	ld-linux.so.2       	b76fcb10	                                        	8b 43 54                                          	mov eax, dword ptr [ebx+0x54]                     		EAX=00000000, ECX=00000000, EDX=00000000, EBX=b771153c, ESP=bf8405d0, EBP=bf840648, ESI=fffffd00, EDI=00000003
-1	25715	ld-linux.so.2       	b76fcb13	                                        	85 c0                                             	test eax, eax                                     		EAX=00000000, ECX=00000000, EDX=00000000, EBX=b771153c, ESP=bf8405d0, EBP=bf840648, ESI=fffffd00, EDI=00000003
-1	25715	ld-linux.so.2       	b76fcb15	                                        	0f 84 6c ff ff ff                                 	jz 0xb76fca87                                     		EAX=00000000, ECX=00000000, EDX=00000000, EBX=b771153c, ESP=bf8405d0, EBP=bf840648, ESI=fffffd00, EDI=00000003
-1	25715	ld-linux.so.2       	b76fca87	                                        	8b 4d cc                                          	mov ecx, dword ptr [ebp-0x34]                     		EAX=00000000, ECX=00000000, EDX=00000000, EBX=b771153c, ESP=bf8405d0, EBP=bf840648, ESI=fffffd00, EDI=00000003
-1	25715	ld-linux.so.2       	b76fca8a	                                        	85 c9                                             	test ecx, ecx                                     		EAX=00000000, ECX=00000000, EDX=00000000, EBX=b771153c, ESP=bf8405d0, EBP=bf840648, ESI=fffffd00, EDI=00000003
-1	25715	ld-linux.so.2       	b76fca8c	                                        	75 17                                             	jnz 0xb76fcaa5                                    		EAX=00000000, ECX=00000000, EDX=00000000, EBX=b771153c, ESP=bf8405d0, EBP=bf840648, ESI=fffffd00, EDI=00000003
-1	25715	ld-linux.so.2       	b76fca8e	                                        	8b 45 dc                                          	mov eax, dword ptr [ebp-0x24]                     		EAX=00000000, ECX=00000000, EDX=00000000, EBX=b771153c, ESP=bf8405d0, EBP=bf840648, ESI=fffffd00, EDI=00000003
-1	25715	ld-linux.so.2       	b76fca91	                                        	8d 35 00 fd ff ff                                 	lea esi, ptr [0xfffffd00]                         		EAX=b7711000, ECX=00000000, EDX=00000000, EBX=b771153c, ESP=bf8405d0, EBP=bf840648, ESI=fffffd00, EDI=00000003
-1	25715	ld-linux.so.2       	b76fca97	                                        	8b 90 10 ff ff ff                                 	mov edx, dword ptr [eax-0xf0]                     		EAX=b7711000, ECX=00000000, EDX=00000000, EBX=b771153c, ESP=bf8405d0, EBP=bf840648, ESI=fffffd00, EDI=00000003
-1	25715	ld-linux.so.2       	b76fca9d	                                        	85 d2                                             	test edx, edx                                     		EAX=b7711000, ECX=00000000, EDX=00000000, EBX=b771153c, ESP=bf8405d0, EBP=bf840648, ESI=fffffd00, EDI=00000003
-1	25715	ld-linux.so.2       	b76fca9f	                                        	0f 85 c9 00 00 00                                 	jnz 0xb76fcb6e                                    		EAX=b7711000, ECX=00000000, EDX=00000000, EBX=b771153c, ESP=bf8405d0, EBP=bf840648, ESI=fffffd00, EDI=00000003
-1	25715	ld-linux.so.2       	b76fcaa5	                                        	83 45 e4 01                                       	add dword ptr [ebp-0x1c], 0x1                     		EAX=b7711000, ECX=00000000, EDX=00000000, EBX=b771153c, ESP=bf8405d0, EBP=bf840648, ESI=fffffd00, EDI=00000003
-1	25715	ld-linux.so.2       	b76fcaa9	                                        	83 ab 90 01 00 00 01                              	sub dword ptr [ebx+0x190], 0x1                    		EAX=b7711000, ECX=00000000, EDX=00000000, EBX=b771153c, ESP=bf8405d0, EBP=bf840648, ESI=fffffd00, EDI=00000003
-1	25715	ld-linux.so.2       	b76fcab0	                                        	8b 45 e4                                          	mov eax, dword ptr [ebp-0x1c]                     		EAX=b7711000, ECX=00000000, EDX=00000000, EBX=b771153c, ESP=bf8405d0, EBP=bf840648, ESI=fffffd00, EDI=00000003
-1	25715	ld-linux.so.2       	b76fcab3	                                        	39 45 c8                                          	cmp dword ptr [ebp-0x38], eax                     		EAX=00000004, ECX=00000000, EDX=00000000, EBX=b771153c, ESP=bf8405d0, EBP=bf840648, ESI=fffffd00, EDI=00000003
-1	25715	ld-linux.so.2       	b76fcab6	                                        	0f 85 5c ff ff ff                                 	jnz 0xb76fca18                                    		EAX=00000004, ECX=00000000, EDX=00000000, EBX=b771153c, ESP=bf8405d0, EBP=bf840648, ESI=fffffd00, EDI=00000003
-1	25715	ld-linux.so.2       	b76fcabc	                                        	83 6d e0 01                                       	sub dword ptr [ebp-0x20], 0x1                     		EAX=00000004, ECX=00000000, EDX=00000000, EBX=b771153c, ESP=bf8405d0, EBP=bf840648, ESI=fffffd00, EDI=00000003
-1	25715	ld-linux.so.2       	b76fcac0	                                        	83 6d d4 4c                                       	sub dword ptr [ebp-0x2c], 0x4c                    		EAX=00000004, ECX=00000000, EDX=00000000, EBX=b771153c, ESP=bf8405d0, EBP=bf840648, ESI=fffffd00, EDI=00000003
-1	25715	ld-linux.so.2       	b76fcac4	                                        	8b 45 e0                                          	mov eax, dword ptr [ebp-0x20]                     		EAX=00000004, ECX=00000000, EDX=00000000, EBX=b771153c, ESP=bf8405d0, EBP=bf840648, ESI=fffffd00, EDI=00000003
-1	25715	ld-linux.so.2       	b76fcac7	                                        	8b 65 bc                                          	mov esp, dword ptr [ebp-0x44]                     		EAX=ffffffff, ECX=00000000, EDX=00000000, EBX=b771153c, ESP=bf8405d0, EBP=bf840648, ESI=fffffd00, EDI=00000003
-1	25715	ld-linux.so.2       	b76fcaca	                                        	83 f8 ff                                          	cmp eax, 0xffffffff                               		EAX=ffffffff, ECX=00000000, EDX=00000000, EBX=b771153c, ESP=bf8405f0, EBP=bf840648, ESI=fffffd00, EDI=00000003
-1	25715	ld-linux.so.2       	b76fcacd	                                        	0f 85 57 fe ff ff                                 	jnz 0xb76fc92a                                    		EAX=ffffffff, ECX=00000000, EDX=00000000, EBX=b771153c, ESP=bf8405f0, EBP=bf840648, ESI=fffffd00, EDI=00000003
-1	25715	ld-linux.so.2       	b76fcad3	                                        	8b 7d cc                                          	mov edi, dword ptr [ebp-0x34]                     		EAX=ffffffff, ECX=00000000, EDX=00000000, EBX=b771153c, ESP=bf8405f0, EBP=bf840648, ESI=fffffd00, EDI=00000003
-1	25715	ld-linux.so.2       	b76fcad6	                                        	85 ff                                             	test edi, edi                                     		EAX=ffffffff, ECX=00000000, EDX=00000000, EBX=b771153c, ESP=bf8405f0, EBP=bf840648, ESI=fffffd00, EDI=00000000
-1	25715	ld-linux.so.2       	b76fcad8	                                        	75 18                                             	jnz 0xb76fcaf2                                    		EAX=ffffffff, ECX=00000000, EDX=00000000, EBX=b771153c, ESP=bf8405f0, EBP=bf840648, ESI=fffffd00, EDI=00000000
-1	25715	ld-linux.so.2       	b76fcada	                                        	8b 45 dc                                          	mov eax, dword ptr [ebp-0x24]                     		EAX=ffffffff, ECX=00000000, EDX=00000000, EBX=b771153c, ESP=bf8405f0, EBP=bf840648, ESI=fffffd00, EDI=00000000
-1	25715	ld-linux.so.2       	b76fcadd	                                        	c7 45 cc 01 00 00 00                              	mov dword ptr [ebp-0x34], 0x1                     		EAX=b7711000, ECX=00000000, EDX=00000000, EBX=b771153c, ESP=bf8405f0, EBP=bf840648, ESI=fffffd00, EDI=00000000
-1	25715	ld-linux.so.2       	b76fcae4	                                        	8b 80 10 ff ff ff                                 	mov eax, dword ptr [eax-0xf0]                     		EAX=b7711000, ECX=00000000, EDX=00000000, EBX=b771153c, ESP=bf8405f0, EBP=bf840648, ESI=fffffd00, EDI=00000000
-1	25715	ld-linux.so.2       	b76fcaea	                                        	85 c0                                             	test eax, eax                                     		EAX=00000000, ECX=00000000, EDX=00000000, EBX=b771153c, ESP=bf8405f0, EBP=bf840648, ESI=fffffd00, EDI=00000000
-1	25715	ld-linux.so.2       	b76fcaec	                                        	0f 85 c6 fd ff ff                                 	jnz 0xb76fc8b8                                    		EAX=00000000, ECX=00000000, EDX=00000000, EBX=b771153c, ESP=bf8405f0, EBP=bf840648, ESI=fffffd00, EDI=00000000
-1	25715	ld-linux.so.2       	b76fcaf2	                                        	8b 45 dc                                          	mov eax, dword ptr [ebp-0x24]                     		EAX=00000000, ECX=00000000, EDX=00000000, EBX=b771153c, ESP=bf8405f0, EBP=bf840648, ESI=fffffd00, EDI=00000000
-1	25715	ld-linux.so.2       	b76fcaf5	                                        	f6 80 00 fd ff ff 80                              	test byte ptr [eax-0x300], 0x80                   		EAX=b7711000, ECX=00000000, EDX=00000000, EBX=b771153c, ESP=bf8405f0, EBP=bf840648, ESI=fffffd00, EDI=00000000
-1	25715	ld-linux.so.2       	b76fcafc	                                        	0f 85 be 00 00 00                                 	jnz 0xb76fcbc0                                    		EAX=b7711000, ECX=00000000, EDX=00000000, EBX=b771153c, ESP=bf8405f0, EBP=bf840648, ESI=fffffd00, EDI=00000000
-1	25715	ld-linux.so.2       	b76fcb02	                                        	8d 65 f4                                          	lea esp, ptr [ebp-0xc]                            		EAX=b7711000, ECX=00000000, EDX=00000000, EBX=b771153c, ESP=bf8405f0, EBP=bf840648, ESI=fffffd00, EDI=00000000
-1	25715	ld-linux.so.2       	b76fcb05	                                        	5b                                                	pop ebx                                           		EAX=b7711000, ECX=00000000, EDX=00000000, EBX=b771153c, ESP=bf84063c, EBP=bf840648, ESI=fffffd00, EDI=00000000
-1	25715	ld-linux.so.2       	b76fcb06	                                        	5e                                                	pop esi                                           		EAX=b7711000, ECX=00000000, EDX=00000000, EBX=b4f81000, ESP=bf840640, EBP=bf840648, ESI=fffffd00, EDI=00000000
-1	25715	ld-linux.so.2       	b76fcb07	                                        	5f                                                	pop edi                                           		EAX=b7711000, ECX=00000000, EDX=00000000, EBX=b4f81000, ESP=bf840644, EBP=bf840648, ESI=00000001, EDI=00000000
-1	25715	ld-linux.so.2       	b76fcb08	                                        	5d                                                	pop ebp                                           		EAX=b7711000, ECX=00000000, EDX=00000000, EBX=b4f81000, ESP=bf840648, EBP=bf840648, ESI=00000001, EDI=b4f813dc
-1	25715	ld-linux.so.2       	b76fcb09	                                        	c3                                                	ret                                               		EAX=b7711000, ECX=00000000, EDX=00000000, EBX=b4f81000, ESP=bf84064c, EBP=b4f821e0, ESI=00000001, EDI=b4f813dc
-1	25715	libc.so.6           	b4dfc9a3	                                        	83 c4 10                                          	add esp, 0x10                                     		EAX=b7711000, ECX=00000000, EDX=00000000, EBX=b4f81000, ESP=bf840650, EBP=b4f821e0, ESI=00000001, EDI=b4f813dc
-1	25715	libc.so.6           	b4dfc9a6	                                        	e9 45 ff ff ff                                    	jmp 0xb4dfc8f0                                    		EAX=b7711000, ECX=00000000, EDX=00000000, EBX=b4f81000, ESP=bf840660, EBP=b4f821e0, ESI=00000001, EDI=b4f813dc
-1	25715	libc.so.6           	b4dfc8f0	                                        	8b 45 04                                          	mov eax, dword ptr [ebp+0x4]                      		EAX=b7711000, ECX=00000000, EDX=00000000, EBX=b4f81000, ESP=bf840660, EBP=b4f821e0, ESI=00000001, EDI=b4f813dc
-1	25715	libc.so.6           	b4dfc8f3	                                        	89 c2                                             	mov edx, eax                                      		EAX=00000000, ECX=00000000, EDX=00000000, EBX=b4f81000, ESP=bf840660, EBP=b4f821e0, ESI=00000001, EDI=b4f813dc
-1	25715	libc.so.6           	b4dfc8f5	                                        	c1 e2 04                                          	shl edx, 0x4                                      		EAX=00000000, ECX=00000000, EDX=00000000, EBX=b4f81000, ESP=bf840660, EBP=b4f821e0, ESI=00000001, EDI=b4f813dc
-1	25715	libc.so.6           	b4dfc8f8	                                        	85 c0                                             	test eax, eax                                     		EAX=00000000, ECX=00000000, EDX=00000000, EBX=b4f81000, ESP=bf840660, EBP=b4f821e0, ESI=00000001, EDI=b4f813dc
-1	25715	libc.so.6           	b4dfc8fa	                                        	8d 4c 15 f8                                       	lea ecx, ptr [ebp+edx*1-0x8]                      		EAX=00000000, ECX=00000000, EDX=00000000, EBX=b4f81000, ESP=bf840660, EBP=b4f821e0, ESI=00000001, EDI=b4f813dc
-1	25715	libc.so.6           	b4dfc8fe	                                        	74 22                                             	jz 0xb4dfc922                                     		EAX=00000000, ECX=b4f821d8, EDX=00000000, EBX=b4f81000, ESP=bf840660, EBP=b4f821e0, ESI=00000001, EDI=b4f813dc
-1	25715	libc.so.6           	b4dfc922	                                        	8b 45 00                                          	mov eax, dword ptr [ebp]                          		EAX=00000000, ECX=b4f821d8, EDX=00000000, EBX=b4f81000, ESP=bf840660, EBP=b4f821e0, ESI=00000001, EDI=b4f813dc
-1	25715	libc.so.6           	b4dfc925	                                        	85 c0                                             	test eax, eax                                     		EAX=00000000, ECX=b4f821d8, EDX=00000000, EBX=b4f81000, ESP=bf840660, EBP=b4f821e0, ESI=00000001, EDI=b4f813dc
-1	25715	libc.so.6           	b4dfc927	                                        	89 07                                             	mov dword ptr [edi], eax                          		EAX=00000000, ECX=b4f821d8, EDX=00000000, EBX=b4f81000, ESP=bf840660, EBP=b4f821e0, ESI=00000001, EDI=b4f813dc
-1	25715	libc.so.6           	b4dfc929	                                        	0f 85 99 00 00 00                                 	jnz 0xb4dfc9c8                                    		EAX=00000000, ECX=b4f821d8, EDX=00000000, EBX=b4f81000, ESP=bf840660, EBP=b4f821e0, ESI=00000001, EDI=b4f813dc
-1	25715	libc.so.6           	b4dfc92f	                                        	80 7c 24 0c 00                                    	cmp byte ptr [esp+0xc], 0x0                       		EAX=00000000, ECX=b4f821d8, EDX=00000000, EBX=b4f81000, ESP=bf840660, EBP=b4f821e0, ESI=00000001, EDI=b4f813dc
-1	25715	libc.so.6           	b4dfc934	                                        	74 1b                                             	jz 0xb4dfc951                                     		EAX=00000000, ECX=b4f821d8, EDX=00000000, EBX=b4f81000, ESP=bf840660, EBP=b4f821e0, ESI=00000001, EDI=b4f813dc
-1	25715	libc.so.6           	b4dfc936	                                        	8d 83 cc e2 ff ff                                 	lea eax, ptr [ebx-0x1d34]                         		EAX=00000000, ECX=b4f821d8, EDX=00000000, EBX=b4f81000, ESP=bf840660, EBP=b4f821e0, ESI=00000001, EDI=b4f813dc
-1	25715	libc.so.6           	b4dfc93c	                                        	8d bb d0 e2 ff ff                                 	lea edi, ptr [ebx-0x1d30]                         		EAX=b4f7f2cc, ECX=b4f821d8, EDX=00000000, EBX=b4f81000, ESP=bf840660, EBP=b4f821e0, ESI=00000001, EDI=b4f813dc
-1	25715	libc.so.6           	b4dfc942	                                        	39 f8                                             	cmp eax, edi                                      		EAX=b4f7f2cc, ECX=b4f821d8, EDX=00000000, EBX=b4f81000, ESP=bf840660, EBP=b4f821e0, ESI=00000001, EDI=b4f7f2d0
-1	25715	libc.so.6           	b4dfc944	                                        	73 0b                                             	jnb 0xb4dfc951                                    		EAX=b4f7f2cc, ECX=b4f821d8, EDX=00000000, EBX=b4f81000, ESP=bf840660, EBP=b4f821e0, ESI=00000001, EDI=b4f7f2d0
-1	25715	libc.so.6           	b4dfc946	                                        	89 c3                                             	mov ebx, eax                                      		EAX=b4f7f2cc, ECX=b4f821d8, EDX=00000000, EBX=b4f81000, ESP=bf840660, EBP=b4f821e0, ESI=00000001, EDI=b4f7f2d0
-1	25715	libc.so.6           	b4dfc948	                                        	ff 13                                             	call dword ptr [ebx]                              		EAX=b4f7f2cc, ECX=b4f821d8, EDX=00000000, EBX=b4f7f2cc, ESP=bf840660, EBP=b4f821e0, ESI=00000001, EDI=b4f7f2d0
-1	25715	libc.so.6           	b4e39b70	                                        	55                                                	push ebp                                          		EAX=b4f7f2cc, ECX=b4f821d8, EDX=00000000, EBX=b4f7f2cc, ESP=bf84065c, EBP=b4f821e0, ESI=00000001, EDI=b4f7f2d0
-1	25715	libc.so.6           	b4e39b71	                                        	57                                                	push edi                                          		EAX=b4f7f2cc, ECX=b4f821d8, EDX=00000000, EBX=b4f7f2cc, ESP=bf840658, EBP=b4f821e0, ESI=00000001, EDI=b4f7f2d0
-1	25715	libc.so.6           	b4e39b72	                                        	56                                                	push esi                                          		EAX=b4f7f2cc, ECX=b4f821d8, EDX=00000000, EBX=b4f7f2cc, ESP=bf840654, EBP=b4f821e0, ESI=00000001, EDI=b4f7f2d0
-1	25715	libc.so.6           	b4e39b73	                                        	53                                                	push ebx                                          		EAX=b4f7f2cc, ECX=b4f821d8, EDX=00000000, EBX=b4f7f2cc, ESP=bf840650, EBP=b4f821e0, ESI=00000001, EDI=b4f7f2d0
-1	25715	libc.so.6           	b4e39b74	                                        	e8 fc 40 0b 00                                    	call 0xb4eedc75                                   		EAX=b4f7f2cc, ECX=b4f821d8, EDX=00000000, EBX=b4f7f2cc, ESP=bf84064c, EBP=b4f821e0, ESI=00000001, EDI=b4f7f2d0
-1	25715	libc.so.6           	b4eedc75	                                        	8b 1c 24                                          	mov ebx, dword ptr [esp]                          		EAX=b4f7f2cc, ECX=b4f821d8, EDX=00000000, EBX=b4f7f2cc, ESP=bf840648, EBP=b4f821e0, ESI=00000001, EDI=b4f7f2d0
-1	25715	libc.so.6           	b4eedc78	                                        	c3                                                	ret                                               		EAX=b4f7f2cc, ECX=b4f821d8, EDX=00000000, EBX=b4e39b79, ESP=bf840648, EBP=b4f821e0, ESI=00000001, EDI=b4f7f2d0
-1	25715	libc.so.6           	b4e39b79	                                        	81 c3 87 74 14 00                                 	add ebx, 0x147487                                 		EAX=b4f7f2cc, ECX=b4f821d8, EDX=00000000, EBX=b4e39b79, ESP=bf84064c, EBP=b4f821e0, ESI=00000001, EDI=b4f7f2d0
-1	25715	libc.so.6           	b4e39b7f	                                        	83 ec 28                                          	sub esp, 0x28                                     		EAX=b4f7f2cc, ECX=b4f821d8, EDX=00000000, EBX=b4f81000, ESP=bf84064c, EBP=b4f821e0, ESI=00000001, EDI=b4f7f2d0
-1	25715	libc.so.6           	b4e39b82	                                        	6a 00                                             	push 0x0                                          		EAX=b4f7f2cc, ECX=b4f821d8, EDX=00000000, EBX=b4f81000, ESP=bf840624, EBP=b4f821e0, ESI=00000001, EDI=b4f7f2d0
-1	25715	libc.so.6           	b4e39b84	                                        	65 8b 2d 08 00 00 00                              	mov ebp, dword ptr gs:[0x8]                       		EAX=b4f7f2cc, ECX=b4f821d8, EDX=00000000, EBX=b4f81000, ESP=bf840620, EBP=b4f821e0, ESI=00000001, EDI=b4f7f2d0
-1	25715	libc.so.6           	b4e39b8b	                                        	e8 20 fd ff ff                                    	call 0xb4e398b0                                   		EAX=b4f7f2cc, ECX=b4f821d8, EDX=00000000, EBX=b4f81000, ESP=bf840620, EBP=b4dbb700, ESI=00000001, EDI=b4f7f2d0
-1	25715	libc.so.6           	b4e398b0	                                        	55                                                	push ebp                                          		EAX=b4f7f2cc, ECX=b4f821d8, EDX=00000000, EBX=b4f81000, ESP=bf84061c, EBP=b4dbb700, ESI=00000001, EDI=b4f7f2d0
-1	25715	libc.so.6           	b4e398b1	                                        	57                                                	push edi                                          		EAX=b4f7f2cc, ECX=b4f821d8, EDX=00000000, EBX=b4f81000, ESP=bf840618, EBP=b4dbb700, ESI=00000001, EDI=b4f7f2d0
-1	25715	libc.so.6           	b4e398b2	                                        	56                                                	push esi                                          		EAX=b4f7f2cc, ECX=b4f821d8, EDX=00000000, EBX=b4f81000, ESP=bf840614, EBP=b4dbb700, ESI=00000001, EDI=b4f7f2d0
-1	25715	libc.so.6           	b4e398b3	                                        	53                                                	push ebx                                          		EAX=b4f7f2cc, ECX=b4f821d8, EDX=00000000, EBX=b4f81000, ESP=bf840610, EBP=b4dbb700, ESI=00000001, EDI=b4f7f2d0
-1	25715	libc.so.6           	b4e398b4	                                        	e8 c8 43 0b 00                                    	call 0xb4eedc81                                   		EAX=b4f7f2cc, ECX=b4f821d8, EDX=00000000, EBX=b4f81000, ESP=bf84060c, EBP=b4dbb700, ESI=00000001, EDI=b4f7f2d0
-1	25715	libc.so.6           	b4eedc81	                                        	8b 34 24                                          	mov esi, dword ptr [esp]                          		EAX=b4f7f2cc, ECX=b4f821d8, EDX=00000000, EBX=b4f81000, ESP=bf840608, EBP=b4dbb700, ESI=00000001, EDI=b4f7f2d0
-1	25715	libc.so.6           	b4eedc84	                                        	c3                                                	ret                                               		EAX=b4f7f2cc, ECX=b4f821d8, EDX=00000000, EBX=b4f81000, ESP=bf840608, EBP=b4dbb700, ESI=b4e398b9, EDI=b4f7f2d0
-1	25715	libc.so.6           	b4e398b9	                                        	81 c6 47 77 14 00                                 	add esi, 0x147747                                 		EAX=b4f7f2cc, ECX=b4f821d8, EDX=00000000, EBX=b4f81000, ESP=bf84060c, EBP=b4dbb700, ESI=b4e398b9, EDI=b4f7f2d0
-1	25715	libc.so.6           	b4e398bf	                                        	83 ec 2c                                          	sub esp, 0x2c                                     		EAX=b4f7f2cc, ECX=b4f821d8, EDX=00000000, EBX=b4f81000, ESP=bf84060c, EBP=b4dbb700, ESI=b4f81000, EDI=b4f7f2d0
-1	25715	libc.so.6           	b4e398c2	                                        	8b 7c 24 40                                       	mov edi, dword ptr [esp+0x40]                     		EAX=b4f7f2cc, ECX=b4f821d8, EDX=00000000, EBX=b4f81000, ESP=bf8405e0, EBP=b4dbb700, ESI=b4f81000, EDI=b4f7f2d0
-1	25715	libc.so.6           	b4e398c6	                                        	85 ff                                             	test edi, edi                                     		EAX=b4f7f2cc, ECX=b4f821d8, EDX=00000000, EBX=b4f81000, ESP=bf8405e0, EBP=b4dbb700, ESI=b4f81000, EDI=00000000
-1	25715	libc.so.6           	b4e398c8	                                        	0f 84 e2 01 00 00                                 	jz 0xb4e39ab0                                     		EAX=b4f7f2cc, ECX=b4f821d8, EDX=00000000, EBX=b4f81000, ESP=bf8405e0, EBP=b4dbb700, ESI=b4f81000, EDI=00000000
-1	25715	libc.so.6           	b4e39ab0	                                        	8b 9e a0 0c 00 00                                 	mov ebx, dword ptr [esi+0xca0]                    		EAX=b4f7f2cc, ECX=b4f821d8, EDX=00000000, EBX=b4f81000, ESP=bf8405e0, EBP=b4dbb700, ESI=b4f81000, EDI=00000000
-1	25715	libc.so.6           	b4e39ab6	                                        	8b ae 54 18 00 00                                 	mov ebp, dword ptr [esi+0x1854]                   		EAX=b4f7f2cc, ECX=b4f821d8, EDX=00000000, EBX=b4f81cc0, ESP=bf8405e0, EBP=b4dbb700, ESI=b4f81000, EDI=00000000
-1	25715	libc.so.6           	b4e39abc	                                        	c7 44 24 0c 00 00 00 00                           	mov dword ptr [esp+0xc], 0x0                      		EAX=b4f7f2cc, ECX=b4f821d8, EDX=00000000, EBX=b4f81cc0, ESP=bf8405e0, EBP=00000000, ESI=b4f81000, EDI=00000000
-1	25715	libc.so.6           	b4e39ac4	                                        	85 db                                             	test ebx, ebx                                     		EAX=b4f7f2cc, ECX=b4f821d8, EDX=00000000, EBX=b4f81cc0, ESP=bf8405e0, EBP=00000000, ESI=b4f81000, EDI=00000000
-1	25715	libc.so.6           	b4e39ac6	                                        	0f 85 88 fe ff ff                                 	jnz 0xb4e39954                                    		EAX=b4f7f2cc, ECX=b4f821d8, EDX=00000000, EBX=b4f81cc0, ESP=bf8405e0, EBP=00000000, ESI=b4f81000, EDI=00000000
-1	25715	libc.so.6           	b4e39954	                                        	65 a1 08 00 00 00                                 	mov eax, dword ptr gs:[0x8]                       		EAX=b4f7f2cc, ECX=b4f821d8, EDX=00000000, EBX=b4f81cc0, ESP=bf8405e0, EBP=00000000, ESI=b4f81000, EDI=00000000
-1	25715	libc.so.6           	b4e3995a	                                        	c7 44 24 04 00 00 00 00                           	mov dword ptr [esp+0x4], 0x0                      		EAX=b4dbb700, ECX=b4f821d8, EDX=00000000, EBX=b4f81cc0, ESP=bf8405e0, EBP=00000000, ESI=b4f81000, EDI=00000000
-1	25715	libc.so.6           	b4e39962	                                        	89 44 24 08                                       	mov dword ptr [esp+0x8], eax                      		EAX=b4dbb700, ECX=b4f821d8, EDX=00000000, EBX=b4f81cc0, ESP=bf8405e0, EBP=00000000, ESI=b4f81000, EDI=00000000
-1	25715	libc.so.6           	b4e39966	                                        	eb 18                                             	jmp 0xb4e39980                                    		EAX=b4dbb700, ECX=b4f821d8, EDX=00000000, EBX=b4f81cc0, ESP=bf8405e0, EBP=00000000, ESI=b4f81000, EDI=00000000
-1	25715	libc.so.6           	b4e39980	                                        	85 ff                                             	test edi, edi                                     		EAX=b4dbb700, ECX=b4f821d8, EDX=00000000, EBX=b4f81cc0, ESP=bf8405e0, EBP=00000000, ESI=b4f81000, EDI=00000000
-1	25715	libc.so.6           	b4e39982	                                        	89 9e 50 18 00 00                                 	mov dword ptr [esi+0x1850], ebx                   		EAX=b4dbb700, ECX=b4f821d8, EDX=00000000, EBX=b4f81cc0, ESP=bf8405e0, EBP=00000000, ESI=b4f81000, EDI=00000000
-1	25715	libc.so.6           	b4e39988	                                        	74 3f                                             	jz 0xb4e399c9                                     		EAX=b4dbb700, ECX=b4f821d8, EDX=00000000, EBX=b4f81cc0, ESP=bf8405e0, EBP=00000000, ESI=b4f81000, EDI=00000000
-1	25715	libc.so.6           	b4e399c9	                                        	8b 53 68                                          	mov edx, dword ptr [ebx+0x68]                     		EAX=b4dbb700, ECX=b4f821d8, EDX=00000000, EBX=b4f81cc0, ESP=bf8405e0, EBP=00000000, ESI=b4f81000, EDI=00000000
-1	25715	libc.so.6           	b4e399cc	                                        	85 d2                                             	test edx, edx                                     		EAX=b4dbb700, ECX=b4f821d8, EDX=00000000, EBX=b4f81cc0, ESP=bf8405e0, EBP=00000000, ESI=b4f81000, EDI=00000000
-1	25715	libc.so.6           	b4e399ce	                                        	0f 8e 0c 01 00 00                                 	jle 0xb4e39ae0                                    		EAX=b4dbb700, ECX=b4f821d8, EDX=00000000, EBX=b4f81cc0, ESP=bf8405e0, EBP=00000000, ESI=b4f81000, EDI=00000000
-1	25715	libc.so.6           	b4e39ae0	                                        	8b 43 10                                          	mov eax, dword ptr [ebx+0x10]                     		EAX=b4dbb700, ECX=b4f821d8, EDX=00000000, EBX=b4f81cc0, ESP=bf8405e0, EBP=00000000, ESI=b4f81000, EDI=00000000
-1	25715	libc.so.6           	b4e39ae3	                                        	39 43 14                                          	cmp dword ptr [ebx+0x14], eax                     		EAX=00000000, ECX=b4f821d8, EDX=00000000, EBX=b4f81cc0, ESP=bf8405e0, EBP=00000000, ESI=b4f81000, EDI=00000000
-1	25715	libc.so.6           	b4e39ae6	                                        	0f 86 1f ff ff ff                                 	jbe 0xb4e39a0b                                    		EAX=00000000, ECX=b4f821d8, EDX=00000000, EBX=b4f81cc0, ESP=bf8405e0, EBP=00000000, ESI=b4f81000, EDI=00000000
-1	25715	libc.so.6           	b4e39a0b	                                        	85 ff                                             	test edi, edi                                     		EAX=00000000, ECX=b4f821d8, EDX=00000000, EBX=b4f81cc0, ESP=bf8405e0, EBP=00000000, ESI=b4f81000, EDI=00000000
-1	25715	libc.so.6           	b4e39a0d	                                        	74 31                                             	jz 0xb4e39a40                                     		EAX=00000000, ECX=b4f821d8, EDX=00000000, EBX=b4f81cc0, ESP=bf8405e0, EBP=00000000, ESI=b4f81000, EDI=00000000
-1	25715	libc.so.6           	b4e39a40	                                        	8b 86 54 18 00 00                                 	mov eax, dword ptr [esi+0x1854]                   		EAX=00000000, ECX=b4f821d8, EDX=00000000, EBX=b4f81cc0, ESP=bf8405e0, EBP=00000000, ESI=b4f81000, EDI=00000000
-1	25715	libc.so.6           	b4e39a46	                                        	c7 86 50 18 00 00 00 00 00 00                     	mov dword ptr [esi+0x1850], 0x0                   		EAX=00000000, ECX=b4f821d8, EDX=00000000, EBX=b4f81cc0, ESP=bf8405e0, EBP=00000000, ESI=b4f81000, EDI=00000000
-1	25715	libc.so.6           	b4e39a50	                                        	39 e8                                             	cmp eax, ebp                                      		EAX=00000000, ECX=b4f821d8, EDX=00000000, EBX=b4f81cc0, ESP=bf8405e0, EBP=00000000, ESI=b4f81000, EDI=00000000
-1	25715	libc.so.6           	b4e39a52	                                        	0f 85 18 ff ff ff                                 	jnz 0xb4e39970                                    		EAX=00000000, ECX=b4f821d8, EDX=00000000, EBX=b4f81cc0, ESP=bf8405e0, EBP=00000000, ESI=b4f81000, EDI=00000000
-1	25715	libc.so.6           	b4e39a58	                                        	8b 5b 34                                          	mov ebx, dword ptr [ebx+0x34]                     		EAX=00000000, ECX=b4f821d8, EDX=00000000, EBX=b4f81cc0, ESP=bf8405e0, EBP=00000000, ESI=b4f81000, EDI=00000000
-1	25715	libc.so.6           	b4e39a5b	                                        	85 db                                             	test ebx, ebx                                     		EAX=00000000, ECX=b4f821d8, EDX=00000000, EBX=b4f81d60, ESP=bf8405e0, EBP=00000000, ESI=b4f81000, EDI=00000000
-1	25715	libc.so.6           	b4e39a5d	                                        	0f 85 1b ff ff ff                                 	jnz 0xb4e3997e                                    		EAX=00000000, ECX=b4f821d8, EDX=00000000, EBX=b4f81d60, ESP=bf8405e0, EBP=00000000, ESI=b4f81000, EDI=00000000
-1	25715	libc.so.6           	b4e3997e	                                        	89 c5                                             	mov ebp, eax                                      		EAX=00000000, ECX=b4f821d8, EDX=00000000, EBX=b4f81d60, ESP=bf8405e0, EBP=00000000, ESI=b4f81000, EDI=00000000
-1	25715	libc.so.6           	b4e39980	                                        	85 ff                                             	test edi, edi                                     		EAX=00000000, ECX=b4f821d8, EDX=00000000, EBX=b4f81d60, ESP=bf8405e0, EBP=00000000, ESI=b4f81000, EDI=00000000
-1	25715	libc.so.6           	b4e39982	                                        	89 9e 50 18 00 00                                 	mov dword ptr [esi+0x1850], ebx                   		EAX=00000000, ECX=b4f821d8, EDX=00000000, EBX=b4f81d60, ESP=bf8405e0, EBP=00000000, ESI=b4f81000, EDI=00000000
-1	25715	libc.so.6           	b4e39988	                                        	74 3f                                             	jz 0xb4e399c9                                     		EAX=00000000, ECX=b4f821d8, EDX=00000000, EBX=b4f81d60, ESP=bf8405e0, EBP=00000000, ESI=b4f81000, EDI=00000000
-1	25715	libc.so.6           	b4e399c9	                                        	8b 53 68                                          	mov edx, dword ptr [ebx+0x68]                     		EAX=00000000, ECX=b4f821d8, EDX=00000000, EBX=b4f81d60, ESP=bf8405e0, EBP=00000000, ESI=b4f81000, EDI=00000000
-1	25715	libc.so.6           	b4e399cc	                                        	85 d2                                             	test edx, edx                                     		EAX=00000000, ECX=b4f821d8, EDX=00000000, EBX=b4f81d60, ESP=bf8405e0, EBP=00000000, ESI=b4f81000, EDI=00000000
-1	25715	libc.so.6           	b4e399ce	                                        	0f 8e 0c 01 00 00                                 	jle 0xb4e39ae0                                    		EAX=00000000, ECX=b4f821d8, EDX=00000000, EBX=b4f81d60, ESP=bf8405e0, EBP=00000000, ESI=b4f81000, EDI=00000000
-1	25715	libc.so.6           	b4e39ae0	                                        	8b 43 10                                          	mov eax, dword ptr [ebx+0x10]                     		EAX=00000000, ECX=b4f821d8, EDX=00000000, EBX=b4f81d60, ESP=bf8405e0, EBP=00000000, ESI=b4f81000, EDI=00000000
-1	25715	libc.so.6           	b4e39ae3	                                        	39 43 14                                          	cmp dword ptr [ebx+0x14], eax                     		EAX=00000000, ECX=b4f821d8, EDX=00000000, EBX=b4f81d60, ESP=bf8405e0, EBP=00000000, ESI=b4f81000, EDI=00000000
-1	25715	libc.so.6           	b4e39ae6	                                        	0f 86 1f ff ff ff                                 	jbe 0xb4e39a0b                                    		EAX=00000000, ECX=b4f821d8, EDX=00000000, EBX=b4f81d60, ESP=bf8405e0, EBP=00000000, ESI=b4f81000, EDI=00000000
-1	25715	libc.so.6           	b4e39a0b	                                        	85 ff                                             	test edi, edi                                     		EAX=00000000, ECX=b4f821d8, EDX=00000000, EBX=b4f81d60, ESP=bf8405e0, EBP=00000000, ESI=b4f81000, EDI=00000000
-1	25715	libc.so.6           	b4e39a0d	                                        	74 31                                             	jz 0xb4e39a40                                     		EAX=00000000, ECX=b4f821d8, EDX=00000000, EBX=b4f81d60, ESP=bf8405e0, EBP=00000000, ESI=b4f81000, EDI=00000000
-1	25715	libc.so.6           	b4e39a40	                                        	8b 86 54 18 00 00                                 	mov eax, dword ptr [esi+0x1854]                   		EAX=00000000, ECX=b4f821d8, EDX=00000000, EBX=b4f81d60, ESP=bf8405e0, EBP=00000000, ESI=b4f81000, EDI=00000000
-1	25715	libc.so.6           	b4e39a46	                                        	c7 86 50 18 00 00 00 00 00 00                     	mov dword ptr [esi+0x1850], 0x0                   		EAX=00000000, ECX=b4f821d8, EDX=00000000, EBX=b4f81d60, ESP=bf8405e0, EBP=00000000, ESI=b4f81000, EDI=00000000
-1	25715	libc.so.6           	b4e39a50	                                        	39 e8                                             	cmp eax, ebp                                      		EAX=00000000, ECX=b4f821d8, EDX=00000000, EBX=b4f81d60, ESP=bf8405e0, EBP=00000000, ESI=b4f81000, EDI=00000000
-1	25715	libc.so.6           	b4e39a52	                                        	0f 85 18 ff ff ff                                 	jnz 0xb4e39970                                    		EAX=00000000, ECX=b4f821d8, EDX=00000000, EBX=b4f81d60, ESP=bf8405e0, EBP=00000000, ESI=b4f81000, EDI=00000000
-1	25715	libc.so.6           	b4e39a58	                                        	8b 5b 34                                          	mov ebx, dword ptr [ebx+0x34]                     		EAX=00000000, ECX=b4f821d8, EDX=00000000, EBX=b4f81d60, ESP=bf8405e0, EBP=00000000, ESI=b4f81000, EDI=00000000
-1	25715	libc.so.6           	b4e39a5b	                                        	85 db                                             	test ebx, ebx                                     		EAX=00000000, ECX=b4f821d8, EDX=00000000, EBX=b4f815a0, ESP=bf8405e0, EBP=00000000, ESI=b4f81000, EDI=00000000
-1	25715	libc.so.6           	b4e39a5d	                                        	0f 85 1b ff ff ff                                 	jnz 0xb4e3997e                                    		EAX=00000000, ECX=b4f821d8, EDX=00000000, EBX=b4f815a0, ESP=bf8405e0, EBP=00000000, ESI=b4f81000, EDI=00000000
-1	25715	libc.so.6           	b4e3997e	                                        	89 c5                                             	mov ebp, eax                                      		EAX=00000000, ECX=b4f821d8, EDX=00000000, EBX=b4f815a0, ESP=bf8405e0, EBP=00000000, ESI=b4f81000, EDI=00000000
-1	25715	libc.so.6           	b4e39980	                                        	85 ff                                             	test edi, edi                                     		EAX=00000000, ECX=b4f821d8, EDX=00000000, EBX=b4f815a0, ESP=bf8405e0, EBP=00000000, ESI=b4f81000, EDI=00000000
-1	25715	libc.so.6           	b4e39982	                                        	89 9e 50 18 00 00                                 	mov dword ptr [esi+0x1850], ebx                   		EAX=00000000, ECX=b4f821d8, EDX=00000000, EBX=b4f815a0, ESP=bf8405e0, EBP=00000000, ESI=b4f81000, EDI=00000000
-1	25715	libc.so.6           	b4e39988	                                        	74 3f                                             	jz 0xb4e399c9                                     		EAX=00000000, ECX=b4f821d8, EDX=00000000, EBX=b4f815a0, ESP=bf8405e0, EBP=00000000, ESI=b4f81000, EDI=00000000
-1	25715	libc.so.6           	b4e399c9	                                        	8b 53 68                                          	mov edx, dword ptr [ebx+0x68]                     		EAX=00000000, ECX=b4f821d8, EDX=00000000, EBX=b4f815a0, ESP=bf8405e0, EBP=00000000, ESI=b4f81000, EDI=00000000
-1	25715	libc.so.6           	b4e399cc	                                        	85 d2                                             	test edx, edx                                     		EAX=00000000, ECX=b4f821d8, EDX=00000000, EBX=b4f815a0, ESP=bf8405e0, EBP=00000000, ESI=b4f81000, EDI=00000000
-1	25715	libc.so.6           	b4e399ce	                                        	0f 8e 0c 01 00 00                                 	jle 0xb4e39ae0                                    		EAX=00000000, ECX=b4f821d8, EDX=00000000, EBX=b4f815a0, ESP=bf8405e0, EBP=00000000, ESI=b4f81000, EDI=00000000
-1	25715	libc.so.6           	b4e39ae0	                                        	8b 43 10                                          	mov eax, dword ptr [ebx+0x10]                     		EAX=00000000, ECX=b4f821d8, EDX=00000000, EBX=b4f815a0, ESP=bf8405e0, EBP=00000000, ESI=b4f81000, EDI=00000000
-1	25715	libc.so.6           	b4e39ae3	                                        	39 43 14                                          	cmp dword ptr [ebx+0x14], eax                     		EAX=00000000, ECX=b4f821d8, EDX=00000000, EBX=b4f815a0, ESP=bf8405e0, EBP=00000000, ESI=b4f81000, EDI=00000000
-1	25715	libc.so.6           	b4e39ae6	                                        	0f 86 1f ff ff ff                                 	jbe 0xb4e39a0b                                    		EAX=00000000, ECX=b4f821d8, EDX=00000000, EBX=b4f815a0, ESP=bf8405e0, EBP=00000000, ESI=b4f81000, EDI=00000000
-1	25715	libc.so.6           	b4e39a0b	                                        	85 ff                                             	test edi, edi                                     		EAX=00000000, ECX=b4f821d8, EDX=00000000, EBX=b4f815a0, ESP=bf8405e0, EBP=00000000, ESI=b4f81000, EDI=00000000
-1	25715	libc.so.6           	b4e39a0d	                                        	74 31                                             	jz 0xb4e39a40                                     		EAX=00000000, ECX=b4f821d8, EDX=00000000, EBX=b4f815a0, ESP=bf8405e0, EBP=00000000, ESI=b4f81000, EDI=00000000
-1	25715	libc.so.6           	b4e39a40	                                        	8b 86 54 18 00 00                                 	mov eax, dword ptr [esi+0x1854]                   		EAX=00000000, ECX=b4f821d8, EDX=00000000, EBX=b4f815a0, ESP=bf8405e0, EBP=00000000, ESI=b4f81000, EDI=00000000
-1	25715	libc.so.6           	b4e39a46	                                        	c7 86 50 18 00 00 00 00 00 00                     	mov dword ptr [esi+0x1850], 0x0                   		EAX=00000000, ECX=b4f821d8, EDX=00000000, EBX=b4f815a0, ESP=bf8405e0, EBP=00000000, ESI=b4f81000, EDI=00000000
-1	25715	libc.so.6           	b4e39a50	                                        	39 e8                                             	cmp eax, ebp                                      		EAX=00000000, ECX=b4f821d8, EDX=00000000, EBX=b4f815a0, ESP=bf8405e0, EBP=00000000, ESI=b4f81000, EDI=00000000
-1	25715	libc.so.6           	b4e39a52	                                        	0f 85 18 ff ff ff                                 	jnz 0xb4e39970                                    		EAX=00000000, ECX=b4f821d8, EDX=00000000, EBX=b4f815a0, ESP=bf8405e0, EBP=00000000, ESI=b4f81000, EDI=00000000
-1	25715	libc.so.6           	b4e39a58	                                        	8b 5b 34                                          	mov ebx, dword ptr [ebx+0x34]                     		EAX=00000000, ECX=b4f821d8, EDX=00000000, EBX=b4f815a0, ESP=bf8405e0, EBP=00000000, ESI=b4f81000, EDI=00000000
-1	25715	libc.so.6           	b4e39a5b	                                        	85 db                                             	test ebx, ebx                                     		EAX=00000000, ECX=b4f821d8, EDX=00000000, EBX=00000000, ESP=bf8405e0, EBP=00000000, ESI=b4f81000, EDI=00000000
-1	25715	libc.so.6           	b4e39a5d	                                        	0f 85 1b ff ff ff                                 	jnz 0xb4e3997e                                    		EAX=00000000, ECX=b4f821d8, EDX=00000000, EBX=00000000, ESP=bf8405e0, EBP=00000000, ESI=b4f81000, EDI=00000000
-1	25715	libc.so.6           	b4e39a63	                                        	85 ff                                             	test edi, edi                                     		EAX=00000000, ECX=b4f821d8, EDX=00000000, EBX=00000000, ESP=bf8405e0, EBP=00000000, ESI=b4f81000, EDI=00000000
-1	25715	libc.so.6           	b4e39a65	                                        	74 13                                             	jz 0xb4e39a7a                                     		EAX=00000000, ECX=b4f821d8, EDX=00000000, EBX=00000000, ESP=bf8405e0, EBP=00000000, ESI=b4f81000, EDI=00000000
-1	25715	libc.so.6           	b4e39a7a	                                        	8b 44 24 0c                                       	mov eax, dword ptr [esp+0xc]                      		EAX=00000000, ECX=b4f821d8, EDX=00000000, EBX=00000000, ESP=bf8405e0, EBP=00000000, ESI=b4f81000, EDI=00000000
-1	25715	libc.so.6           	b4e39a7e	                                        	85 c0                                             	test eax, eax                                     		EAX=00000000, ECX=b4f821d8, EDX=00000000, EBX=00000000, ESP=bf8405e0, EBP=00000000, ESI=b4f81000, EDI=00000000
-1	25715	libc.so.6           	b4e39a80	                                        	74 1f                                             	jz 0xb4e39aa1                                     		EAX=00000000, ECX=b4f821d8, EDX=00000000, EBX=00000000, ESP=bf8405e0, EBP=00000000, ESI=b4f81000, EDI=00000000
-1	25715	libc.so.6           	b4e39aa1	                                        	8b 44 24 04                                       	mov eax, dword ptr [esp+0x4]                      		EAX=00000000, ECX=b4f821d8, EDX=00000000, EBX=00000000, ESP=bf8405e0, EBP=00000000, ESI=b4f81000, EDI=00000000
-1	25715	libc.so.6           	b4e39aa5	                                        	83 c4 2c                                          	add esp, 0x2c                                     		EAX=00000000, ECX=b4f821d8, EDX=00000000, EBX=00000000, ESP=bf8405e0, EBP=00000000, ESI=b4f81000, EDI=00000000
-1	25715	libc.so.6           	b4e39aa8	                                        	5b                                                	pop ebx                                           		EAX=00000000, ECX=b4f821d8, EDX=00000000, EBX=00000000, ESP=bf84060c, EBP=00000000, ESI=b4f81000, EDI=00000000
-1	25715	libc.so.6           	b4e39aa9	                                        	5e                                                	pop esi                                           		EAX=00000000, ECX=b4f821d8, EDX=00000000, EBX=b4f81000, ESP=bf840610, EBP=00000000, ESI=b4f81000, EDI=00000000
-1	25715	libc.so.6           	b4e39aaa	                                        	5f                                                	pop edi                                           		EAX=00000000, ECX=b4f821d8, EDX=00000000, EBX=b4f81000, ESP=bf840614, EBP=00000000, ESI=00000001, EDI=00000000
-1	25715	libc.so.6           	b4e39aab	                                        	5d                                                	pop ebp                                           		EAX=00000000, ECX=b4f821d8, EDX=00000000, EBX=b4f81000, ESP=bf840618, EBP=00000000, ESI=00000001, EDI=b4f7f2d0
-1	25715	libc.so.6           	b4e39aac	                                        	c3                                                	ret                                               		EAX=00000000, ECX=b4f821d8, EDX=00000000, EBX=b4f81000, ESP=bf84061c, EBP=b4dbb700, ESI=00000001, EDI=b4f7f2d0
-1	25715	libc.so.6           	b4e39b90	                                        	8b bb a0 0c 00 00                                 	mov edi, dword ptr [ebx+0xca0]                    		EAX=00000000, ECX=b4f821d8, EDX=00000000, EBX=b4f81000, ESP=bf840620, EBP=b4dbb700, ESI=00000001, EDI=b4f7f2d0
-1	25715	libc.so.6           	b4e39b96	                                        	89 44 24 1c                                       	mov dword ptr [esp+0x1c], eax                     		EAX=00000000, ECX=b4f821d8, EDX=00000000, EBX=b4f81000, ESP=bf840620, EBP=b4dbb700, ESI=00000001, EDI=b4f81cc0
-1	25715	libc.so.6           	b4e39b9a	                                        	83 c4 10                                          	add esp, 0x10                                     		EAX=00000000, ECX=b4f821d8, EDX=00000000, EBX=b4f81000, ESP=bf840620, EBP=b4dbb700, ESI=00000001, EDI=b4f81cc0
-1	25715	libc.so.6           	b4e39b9d	                                        	85 ff                                             	test edi, edi                                     		EAX=00000000, ECX=b4f821d8, EDX=00000000, EBX=b4f81000, ESP=bf840630, EBP=b4dbb700, ESI=00000001, EDI=b4f81cc0
-1	25715	libc.so.6           	b4e39b9f	                                        	0f 85 89 00 00 00                                 	jnz 0xb4e39c2e                                    		EAX=00000000, ECX=b4f821d8, EDX=00000000, EBX=b4f81000, ESP=bf840630, EBP=b4dbb700, ESI=00000001, EDI=b4f81cc0
-1	25715	libc.so.6           	b4e39c2e	                                        	f6 07 02                                          	test byte ptr [edi], 0x2                          		EAX=00000000, ECX=b4f821d8, EDX=00000000, EBX=b4f81000, ESP=bf840630, EBP=b4dbb700, ESI=00000001, EDI=b4f81cc0
-1	25715	libc.so.6           	b4e39c31	                                        	75 ed                                             	jnz 0xb4e39c20                                    		EAX=00000000, ECX=b4f821d8, EDX=00000000, EBX=b4f81000, ESP=bf840630, EBP=b4dbb700, ESI=00000001, EDI=b4f81cc0
-1	25715	libc.so.6           	b4e39c20	                                        	c7 47 68 ff ff ff ff                              	mov dword ptr [edi+0x68], 0xffffffff              		EAX=00000000, ECX=b4f821d8, EDX=00000000, EBX=b4f81000, ESP=bf840630, EBP=b4dbb700, ESI=00000001, EDI=b4f81cc0
-1	25715	libc.so.6           	b4e39c27	                                        	8b 7f 34                                          	mov edi, dword ptr [edi+0x34]                     		EAX=00000000, ECX=b4f821d8, EDX=00000000, EBX=b4f81000, ESP=bf840630, EBP=b4dbb700, ESI=00000001, EDI=b4f81cc0
-1	25715	libc.so.6           	b4e39c2a	                                        	85 ff                                             	test edi, edi                                     		EAX=00000000, ECX=b4f821d8, EDX=00000000, EBX=b4f81000, ESP=bf840630, EBP=b4dbb700, ESI=00000001, EDI=b4f81d60
-1	25715	libc.so.6           	b4e39c2c	                                        	74 52                                             	jz 0xb4e39c80                                     		EAX=00000000, ECX=b4f821d8, EDX=00000000, EBX=b4f81000, ESP=bf840630, EBP=b4dbb700, ESI=00000001, EDI=b4f81d60
-1	25715	libc.so.6           	b4e39c2e	                                        	f6 07 02                                          	test byte ptr [edi], 0x2                          		EAX=00000000, ECX=b4f821d8, EDX=00000000, EBX=b4f81000, ESP=bf840630, EBP=b4dbb700, ESI=00000001, EDI=b4f81d60
-1	25715	libc.so.6           	b4e39c31	                                        	75 ed                                             	jnz 0xb4e39c20                                    		EAX=00000000, ECX=b4f821d8, EDX=00000000, EBX=b4f81000, ESP=bf840630, EBP=b4dbb700, ESI=00000001, EDI=b4f81d60
-1	25715	libc.so.6           	b4e39c33	                                        	8b 57 68                                          	mov edx, dword ptr [edi+0x68]                     		EAX=00000000, ECX=b4f821d8, EDX=00000000, EBX=b4f81000, ESP=bf840630, EBP=b4dbb700, ESI=00000001, EDI=b4f81d60
-1	25715	libc.so.6           	b4e39c36	                                        	85 d2                                             	test edx, edx                                     		EAX=00000000, ECX=b4f821d8, EDX=00000000, EBX=b4f81000, ESP=bf840630, EBP=b4dbb700, ESI=00000001, EDI=b4f81d60
-1	25715	libc.so.6           	b4e39c38	                                        	74 e6                                             	jz 0xb4e39c20                                     		EAX=00000000, ECX=b4f821d8, EDX=00000000, EBX=b4f81000, ESP=bf840630, EBP=b4dbb700, ESI=00000001, EDI=b4f81d60
-1	25715	libc.so.6           	b4e39c20	                                        	c7 47 68 ff ff ff ff                              	mov dword ptr [edi+0x68], 0xffffffff              		EAX=00000000, ECX=b4f821d8, EDX=00000000, EBX=b4f81000, ESP=bf840630, EBP=b4dbb700, ESI=00000001, EDI=b4f81d60
-1	25715	libc.so.6           	b4e39c27	                                        	8b 7f 34                                          	mov edi, dword ptr [edi+0x34]                     		EAX=00000000, ECX=b4f821d8, EDX=00000000, EBX=b4f81000, ESP=bf840630, EBP=b4dbb700, ESI=00000001, EDI=b4f81d60
-1	25715	libc.so.6           	b4e39c2a	                                        	85 ff                                             	test edi, edi                                     		EAX=00000000, ECX=b4f821d8, EDX=00000000, EBX=b4f81000, ESP=bf840630, EBP=b4dbb700, ESI=00000001, EDI=b4f815a0
-1	25715	libc.so.6           	b4e39c2c	                                        	74 52                                             	jz 0xb4e39c80                                     		EAX=00000000, ECX=b4f821d8, EDX=00000000, EBX=b4f81000, ESP=bf840630, EBP=b4dbb700, ESI=00000001, EDI=b4f815a0
-1	25715	libc.so.6           	b4e39c2e	                                        	f6 07 02                                          	test byte ptr [edi], 0x2                          		EAX=00000000, ECX=b4f821d8, EDX=00000000, EBX=b4f81000, ESP=bf840630, EBP=b4dbb700, ESI=00000001, EDI=b4f815a0
-1	25715	libc.so.6           	b4e39c31	                                        	75 ed                                             	jnz 0xb4e39c20                                    		EAX=00000000, ECX=b4f821d8, EDX=00000000, EBX=b4f81000, ESP=bf840630, EBP=b4dbb700, ESI=00000001, EDI=b4f815a0
-1	25715	libc.so.6           	b4e39c33	                                        	8b 57 68                                          	mov edx, dword ptr [edi+0x68]                     		EAX=00000000, ECX=b4f821d8, EDX=00000000, EBX=b4f81000, ESP=bf840630, EBP=b4dbb700, ESI=00000001, EDI=b4f815a0
-1	25715	libc.so.6           	b4e39c36	                                        	85 d2                                             	test edx, edx                                     		EAX=00000000, ECX=b4f821d8, EDX=00000000, EBX=b4f81000, ESP=bf840630, EBP=b4dbb700, ESI=00000001, EDI=b4f815a0
-1	25715	libc.so.6           	b4e39c38	                                        	74 e6                                             	jz 0xb4e39c20                                     		EAX=00000000, ECX=b4f821d8, EDX=00000000, EBX=b4f81000, ESP=bf840630, EBP=b4dbb700, ESI=00000001, EDI=b4f815a0
-1	25715	libc.so.6           	b4e39c20	                                        	c7 47 68 ff ff ff ff                              	mov dword ptr [edi+0x68], 0xffffffff              		EAX=00000000, ECX=b4f821d8, EDX=00000000, EBX=b4f81000, ESP=bf840630, EBP=b4dbb700, ESI=00000001, EDI=b4f815a0
-1	25715	libc.so.6           	b4e39c27	                                        	8b 7f 34                                          	mov edi, dword ptr [edi+0x34]                     		EAX=00000000, ECX=b4f821d8, EDX=00000000, EBX=b4f81000, ESP=bf840630, EBP=b4dbb700, ESI=00000001, EDI=b4f815a0
-1	25715	libc.so.6           	b4e39c2a	                                        	85 ff                                             	test edi, edi                                     		EAX=00000000, ECX=b4f821d8, EDX=00000000, EBX=b4f81000, ESP=bf840630, EBP=b4dbb700, ESI=00000001, EDI=00000000
-1	25715	libc.so.6           	b4e39c2c	                                        	74 52                                             	jz 0xb4e39c80                                     		EAX=00000000, ECX=b4f821d8, EDX=00000000, EBX=b4f81000, ESP=bf840630, EBP=b4dbb700, ESI=00000001, EDI=00000000
-1	25715	libc.so.6           	b4e39c80	                                        	8b 44 24 0c                                       	mov eax, dword ptr [esp+0xc]                      		EAX=00000000, ECX=b4f821d8, EDX=00000000, EBX=b4f81000, ESP=bf840630, EBP=b4dbb700, ESI=00000001, EDI=00000000
-1	25715	libc.so.6           	b4e39c84	                                        	83 c4 1c                                          	add esp, 0x1c                                     		EAX=00000000, ECX=b4f821d8, EDX=00000000, EBX=b4f81000, ESP=bf840630, EBP=b4dbb700, ESI=00000001, EDI=00000000
-1	25715	libc.so.6           	b4e39c87	                                        	5b                                                	pop ebx                                           		EAX=00000000, ECX=b4f821d8, EDX=00000000, EBX=b4f81000, ESP=bf84064c, EBP=b4dbb700, ESI=00000001, EDI=00000000
-1	25715	libc.so.6           	b4e39c88	                                        	5e                                                	pop esi                                           		EAX=00000000, ECX=b4f821d8, EDX=00000000, EBX=b4f7f2cc, ESP=bf840650, EBP=b4dbb700, ESI=00000001, EDI=00000000
-1	25715	libc.so.6           	b4e39c89	                                        	5f                                                	pop edi                                           		EAX=00000000, ECX=b4f821d8, EDX=00000000, EBX=b4f7f2cc, ESP=bf840654, EBP=b4dbb700, ESI=00000001, EDI=00000000
-1	25715	libc.so.6           	b4e39c8a	                                        	5d                                                	pop ebp                                           		EAX=00000000, ECX=b4f821d8, EDX=00000000, EBX=b4f7f2cc, ESP=bf840658, EBP=b4dbb700, ESI=00000001, EDI=b4f7f2d0
-1	25715	libc.so.6           	b4e39c8b	                                        	c3                                                	ret                                               		EAX=00000000, ECX=b4f821d8, EDX=00000000, EBX=b4f7f2cc, ESP=bf84065c, EBP=b4f821e0, ESI=00000001, EDI=b4f7f2d0
-1	25715	libc.so.6           	b4dfc94a	                                        	83 c3 04                                          	add ebx, 0x4                                      		EAX=00000000, ECX=b4f821d8, EDX=00000000, EBX=b4f7f2cc, ESP=bf840660, EBP=b4f821e0, ESI=00000001, EDI=b4f7f2d0
-1	25715	libc.so.6           	b4dfc94d	                                        	39 fb                                             	cmp ebx, edi                                      		EAX=00000000, ECX=b4f821d8, EDX=00000000, EBX=b4f7f2d0, ESP=bf840660, EBP=b4f821e0, ESI=00000001, EDI=b4f7f2d0
-1	25715	libc.so.6           	b4dfc94f	                                        	72 f7                                             	jb 0xb4dfc948                                     		EAX=00000000, ECX=b4f821d8, EDX=00000000, EBX=b4f7f2d0, ESP=bf840660, EBP=b4f821e0, ESI=00000001, EDI=b4f7f2d0
-1	25715	libc.so.6           	b4dfc951	                                        	83 ec 0c                                          	sub esp, 0xc                                      		EAX=00000000, ECX=b4f821d8, EDX=00000000, EBX=b4f7f2d0, ESP=bf840660, EBP=b4f821e0, ESI=00000001, EDI=b4f7f2d0
-1	25715	libc.so.6           	b4dfc954	                                        	56                                                	push esi                                          		EAX=00000000, ECX=b4f821d8, EDX=00000000, EBX=b4f7f2d0, ESP=bf840654, EBP=b4f821e0, ESI=00000001, EDI=b4f7f2d0
-1	25715	libc.so.6           	b4dfc955	                                        	e8 4e 1f 08 00                                    	call 0xb4e7e8a8                                   		EAX=00000000, ECX=b4f821d8, EDX=00000000, EBX=b4f7f2d0, ESP=bf840650, EBP=b4f821e0, ESI=00000001, EDI=b4f7f2d0
-1	25715	libc.so.6           	b4e7e8a8	                                        	8b 5c 24 04                                       	mov ebx, dword ptr [esp+0x4]                      		EAX=00000000, ECX=b4f821d8, EDX=00000000, EBX=b4f7f2d0, ESP=bf84064c, EBP=b4f821e0, ESI=00000001, EDI=b4f7f2d0
-1	25715	libc.so.6           	b4e7e8ac	                                        	b8 fc 00 00 00                                    	mov eax, 0xfc                                     		EAX=00000000, ECX=b4f821d8, EDX=00000000, EBX=00000001, ESP=bf84064c, EBP=b4f821e0, ESI=00000001, EDI=b4f7f2d0
-1	25715	libc.so.6           	b4e7e8b1	                                        	65 ff 15 10 00 00 00                              	call dword ptr gs:[0x10]                          		EAX=000000fc, ECX=b4f821d8, EDX=00000000, EBX=00000001, ESP=bf84064c, EBP=b4f821e0, ESI=00000001, EDI=b4f7f2d0
