-1	25731	unknown             	08048310	                                        	31 ed                                             	xor ebp, ebp                                      		EAX=b77e2918, ECX=bf861eb4, EDX=b77cd880, EBX=b77e2000, ESP=bf861eb0, EBP=00000000, ESI=bf861ec0, EDI=08048310
-1	25731	unknown             	08048312	                                        	5e                                                	pop esi                                           		EAX=b77e2918, ECX=bf861eb4, EDX=b77cd880, EBX=b77e2000, ESP=bf861eb0, EBP=00000000, ESI=bf861ec0, EDI=08048310
-1	25731	unknown             	08048313	                                        	89 e1                                             	mov ecx, esp                                      		EAX=b77e2918, ECX=bf861eb4, EDX=b77cd880, EBX=b77e2000, ESP=bf861eb4, EBP=00000000, ESI=00000002, EDI=08048310
-1	25731	unknown             	08048315	                                        	83 e4 f0                                          	and esp, 0xfffffff0                               		EAX=b77e2918, ECX=bf861eb4, EDX=b77cd880, EBX=b77e2000, ESP=bf861eb4, EBP=00000000, ESI=00000002, EDI=08048310
-1	25731	unknown             	08048318	                                        	50                                                	push eax                                          		EAX=b77e2918, ECX=bf861eb4, EDX=b77cd880, EBX=b77e2000, ESP=bf861eb0, EBP=00000000, ESI=00000002, EDI=08048310
-1	25731	unknown             	08048319	                                        	54                                                	push esp                                          		EAX=b77e2918, ECX=bf861eb4, EDX=b77cd880, EBX=b77e2000, ESP=bf861eac, EBP=00000000, ESI=00000002, EDI=08048310
-1	25731	unknown             	0804831a	                                        	52                                                	push edx                                          		EAX=b77e2918, ECX=bf861eb4, EDX=b77cd880, EBX=b77e2000, ESP=bf861ea8, EBP=00000000, ESI=00000002, EDI=08048310
-1	25731	unknown             	0804831b	                                        	68 b0 84 04 08                                    	push 0x80484b0                                    		EAX=b77e2918, ECX=bf861eb4, EDX=b77cd880, EBX=b77e2000, ESP=bf861ea4, EBP=00000000, ESI=00000002, EDI=08048310
-1	25731	unknown             	08048320	                                        	68 50 84 04 08                                    	push 0x8048450                                    		EAX=b77e2918, ECX=bf861eb4, EDX=b77cd880, EBX=b77e2000, ESP=bf861ea0, EBP=00000000, ESI=00000002, EDI=08048310
-1	25731	unknown             	08048325	                                        	51                                                	push ecx                                          		EAX=b77e2918, ECX=bf861eb4, EDX=b77cd880, EBX=b77e2000, ESP=bf861e9c, EBP=00000000, ESI=00000002, EDI=08048310
-1	25731	unknown             	08048326	                                        	56                                                	push esi                                          		EAX=b77e2918, ECX=bf861eb4, EDX=b77cd880, EBX=b77e2000, ESP=bf861e98, EBP=00000000, ESI=00000002, EDI=08048310
-1	25731	unknown             	08048327	                                        	68 0b 84 04 08                                    	push 0x804840b                                    		EAX=b77e2918, ECX=bf861eb4, EDX=b77cd880, EBX=b77e2000, ESP=bf861e94, EBP=00000000, ESI=00000002, EDI=08048310
-1	25731	unknown             	0804832c	                                        	e8 af ff ff ff                                    	call 0x80482e0                                    		EAX=b77e2918, ECX=bf861eb4, EDX=b77cd880, EBX=b77e2000, ESP=bf861e90, EBP=00000000, ESI=00000002, EDI=08048310
-1	25731	unknown             	080482e0	                                        	ff 25 0c a0 04 08                                 	jmp dword ptr [0x804a00c]                         		EAX=b77e2918, ECX=bf861eb4, EDX=b77cd880, EBX=b77e2000, ESP=bf861e8c, EBP=00000000, ESI=00000002, EDI=08048310
-1	25731	unknown             	080482e6	                                        	68 00 00 00 00                                    	push 0x0                                          		EAX=b77e2918, ECX=bf861eb4, EDX=b77cd880, EBX=b77e2000, ESP=bf861e8c, EBP=00000000, ESI=00000002, EDI=08048310
-1	25731	unknown             	080482eb	                                        	e9 e0 ff ff ff                                    	jmp 0x80482d0                                     		EAX=b77e2918, ECX=bf861eb4, EDX=b77cd880, EBX=b77e2000, ESP=bf861e88, EBP=00000000, ESI=00000002, EDI=08048310
-1	25731	unknown             	080482d0	                                        	ff 35 04 a0 04 08                                 	push dword ptr [0x804a004]                        		EAX=b77e2918, ECX=bf861eb4, EDX=b77cd880, EBX=b77e2000, ESP=bf861e88, EBP=00000000, ESI=00000002, EDI=08048310
-1	25731	unknown             	080482d6	                                        	ff 25 08 a0 04 08                                 	jmp dword ptr [0x804a008]                         		EAX=b77e2918, ECX=bf861eb4, EDX=b77cd880, EBX=b77e2000, ESP=bf861e84, EBP=00000000, ESI=00000002, EDI=08048310
-1	25731	ld-linux.so.2       	b77d3000	                                        	50                                                	push eax                                          		EAX=b77e2918, ECX=bf861eb4, EDX=b77cd880, EBX=b77e2000, ESP=bf861e84, EBP=00000000, ESI=00000002, EDI=08048310
-1	25731	ld-linux.so.2       	b77d3001	                                        	51                                                	push ecx                                          		EAX=b77e2918, ECX=bf861eb4, EDX=b77cd880, EBX=b77e2000, ESP=bf861e80, EBP=00000000, ESI=00000002, EDI=08048310
-1	25731	ld-linux.so.2       	b77d3002	                                        	52                                                	push edx                                          		EAX=b77e2918, ECX=bf861eb4, EDX=b77cd880, EBX=b77e2000, ESP=bf861e7c, EBP=00000000, ESI=00000002, EDI=08048310
-1	25731	ld-linux.so.2       	b77d3003	                                        	8b 54 24 10                                       	mov edx, dword ptr [esp+0x10]                     		EAX=b77e2918, ECX=bf861eb4, EDX=b77cd880, EBX=b77e2000, ESP=bf861e78, EBP=00000000, ESI=00000002, EDI=08048310
-1	25731	ld-linux.so.2       	b77d3007	                                        	8b 44 24 0c                                       	mov eax, dword ptr [esp+0xc]                      		EAX=b77e2918, ECX=bf861eb4, EDX=00000000, EBX=b77e2000, ESP=bf861e78, EBP=00000000, ESI=00000002, EDI=08048310
-1	25731	ld-linux.so.2       	b77d300b	                                        	e8 d0 97 ff ff                                    	call 0xb77cc7e0                                   		EAX=b77e2918, ECX=bf861eb4, EDX=00000000, EBX=b77e2000, ESP=bf861e78, EBP=00000000, ESI=00000002, EDI=08048310
-1	25731	ld-linux.so.2       	b77cc7e0	                                        	55                                                	push ebp                                          		EAX=b77e2918, ECX=bf861eb4, EDX=00000000, EBX=b77e2000, ESP=bf861e74, EBP=00000000, ESI=00000002, EDI=08048310
-1	25731	ld-linux.so.2       	b77cc7e1	                                        	57                                                	push edi                                          		EAX=b77e2918, ECX=bf861eb4, EDX=00000000, EBX=b77e2000, ESP=bf861e70, EBP=00000000, ESI=00000002, EDI=08048310
-1	25731	ld-linux.so.2       	b77cc7e2	                                        	89 c7                                             	mov edi, eax                                      		EAX=b77e2918, ECX=bf861eb4, EDX=00000000, EBX=b77e2000, ESP=bf861e6c, EBP=00000000, ESI=00000002, EDI=08048310
-1	25731	ld-linux.so.2       	b77cc7e4	                                        	56                                                	push esi                                          		EAX=b77e2918, ECX=bf861eb4, EDX=00000000, EBX=b77e2000, ESP=bf861e6c, EBP=00000000, ESI=00000002, EDI=b77e2918
-1	25731	ld-linux.so.2       	b77cc7e5	                                        	53                                                	push ebx                                          		EAX=b77e2918, ECX=bf861eb4, EDX=00000000, EBX=b77e2000, ESP=bf861e68, EBP=00000000, ESI=00000002, EDI=b77e2918
-1	25731	ld-linux.so.2       	b77cc7e6	                                        	e8 02 b1 00 00                                    	call 0xb77d78ed                                   		EAX=b77e2918, ECX=bf861eb4, EDX=00000000, EBX=b77e2000, ESP=bf861e64, EBP=00000000, ESI=00000002, EDI=b77e2918
-1	25731	ld-linux.so.2       	b77d78ed	                                        	8b 34 24                                          	mov esi, dword ptr [esp]                          		EAX=b77e2918, ECX=bf861eb4, EDX=00000000, EBX=b77e2000, ESP=bf861e60, EBP=00000000, ESI=00000002, EDI=b77e2918
-1	25731	ld-linux.so.2       	b77d78f0	                                        	c3                                                	ret                                               		EAX=b77e2918, ECX=bf861eb4, EDX=00000000, EBX=b77e2000, ESP=bf861e60, EBP=00000000, ESI=b77cc7eb, EDI=b77e2918
-1	25731	ld-linux.so.2       	b77cc7eb	                                        	81 c6 15 58 01 00                                 	add esi, 0x15815                                  		EAX=b77e2918, ECX=bf861eb4, EDX=00000000, EBX=b77e2000, ESP=bf861e64, EBP=00000000, ESI=b77cc7eb, EDI=b77e2918
-1	25731	ld-linux.so.2       	b77cc7f1	                                        	83 ec 2c                                          	sub esp, 0x2c                                     		EAX=b77e2918, ECX=bf861eb4, EDX=00000000, EBX=b77e2000, ESP=bf861e64, EBP=00000000, ESI=b77e2000, EDI=b77e2918
-1	25731	ld-linux.so.2       	b77cc7f4	                                        	8b 4f 7c                                          	mov ecx, dword ptr [edi+0x7c]                     		EAX=b77e2918, ECX=bf861eb4, EDX=00000000, EBX=b77e2000, ESP=bf861e38, EBP=00000000, ESI=b77e2000, EDI=b77e2918
-1	25731	ld-linux.so.2       	b77cc7f7	                                        	8b 40 34                                          	mov eax, dword ptr [eax+0x34]                     		EAX=b77e2918, ECX=08049f94, EDX=00000000, EBX=b77e2000, ESP=bf861e38, EBP=00000000, ESI=b77e2000, EDI=b77e2918
-1	25731	ld-linux.so.2       	b77cc7fa	                                        	89 74 24 08                                       	mov dword ptr [esp+0x8], esi                      		EAX=08049f54, ECX=08049f94, EDX=00000000, EBX=b77e2000, ESP=bf861e38, EBP=00000000, ESI=b77e2000, EDI=b77e2918
-1	25731	ld-linux.so.2       	b77cc7fe	                                        	03 51 04                                          	add edx, dword ptr [ecx+0x4]                      		EAX=08049f54, ECX=08049f94, EDX=00000000, EBX=b77e2000, ESP=bf861e38, EBP=00000000, ESI=b77e2000, EDI=b77e2918
-1	25731	ld-linux.so.2       	b77cc801	                                        	8b 40 04                                          	mov eax, dword ptr [eax+0x4]                      		EAX=08049f54, ECX=08049f94, EDX=08048298, EBX=b77e2000, ESP=bf861e38, EBP=00000000, ESI=b77e2000, EDI=b77e2918
-1	25731	ld-linux.so.2       	b77cc804	                                        	8b 4f 38                                          	mov ecx, dword ptr [edi+0x38]                     		EAX=0804821c, ECX=08049f94, EDX=08048298, EBX=b77e2000, ESP=bf861e38, EBP=00000000, ESI=b77e2000, EDI=b77e2918
-1	25731	ld-linux.so.2       	b77cc807	                                        	89 44 24 0c                                       	mov dword ptr [esp+0xc], eax                      		EAX=0804821c, ECX=08049f5c, EDX=08048298, EBX=b77e2000, ESP=bf861e38, EBP=00000000, ESI=b77e2000, EDI=b77e2918
-1	25731	ld-linux.so.2       	b77cc80b	                                        	89 d5                                             	mov ebp, edx                                      		EAX=0804821c, ECX=08049f5c, EDX=08048298, EBX=b77e2000, ESP=bf861e38, EBP=00000000, ESI=b77e2000, EDI=b77e2918
-1	25731	ld-linux.so.2       	b77cc80d	                                        	8b 52 04                                          	mov edx, dword ptr [edx+0x4]                      		EAX=0804821c, ECX=08049f5c, EDX=08048298, EBX=b77e2000, ESP=bf861e38, EBP=08048298, ESI=b77e2000, EDI=b77e2918
-1	25731	ld-linux.so.2       	b77cc810	                                        	8b 45 00                                          	mov eax, dword ptr [ebp]                          		EAX=0804821c, ECX=08049f5c, EDX=00000207, EBX=b77e2000, ESP=bf861e38, EBP=08048298, ESI=b77e2000, EDI=b77e2918
-1	25731	ld-linux.so.2       	b77cc813	                                        	89 d6                                             	mov esi, edx                                      		EAX=0804a00c, ECX=08049f5c, EDX=00000207, EBX=b77e2000, ESP=bf861e38, EBP=08048298, ESI=b77e2000, EDI=b77e2918
-1	25731	ld-linux.so.2       	b77cc815	                                        	c1 ee 08                                          	shr esi, 0x8                                      		EAX=0804a00c, ECX=08049f5c, EDX=00000207, EBX=b77e2000, ESP=bf861e38, EBP=08048298, ESI=00000207, EDI=b77e2918
-1	25731	ld-linux.so.2       	b77cc818	                                        	89 f3                                             	mov ebx, esi                                      		EAX=0804a00c, ECX=08049f5c, EDX=00000207, EBX=b77e2000, ESP=bf861e38, EBP=08048298, ESI=00000002, EDI=b77e2918
-1	25731	ld-linux.so.2       	b77cc81a	                                        	c1 e3 04                                          	shl ebx, 0x4                                      		EAX=0804a00c, ECX=08049f5c, EDX=00000207, EBX=00000002, ESP=bf861e38, EBP=08048298, ESI=00000002, EDI=b77e2918
-1	25731	ld-linux.so.2       	b77cc81d	                                        	03 59 04                                          	add ebx, dword ptr [ecx+0x4]                      		EAX=0804a00c, ECX=08049f5c, EDX=00000207, EBX=00000020, ESP=bf861e38, EBP=08048298, ESI=00000002, EDI=b77e2918
-1	25731	ld-linux.so.2       	b77cc820	                                        	8b 0f                                             	mov ecx, dword ptr [edi]                          		EAX=0804a00c, ECX=08049f5c, EDX=00000207, EBX=080481ec, ESP=bf861e38, EBP=08048298, ESI=00000002, EDI=b77e2918
-1	25731	ld-linux.so.2       	b77cc822	                                        	01 c8                                             	add eax, ecx                                      		EAX=0804a00c, ECX=00000000, EDX=00000207, EBX=080481ec, ESP=bf861e38, EBP=08048298, ESI=00000002, EDI=b77e2918
-1	25731	ld-linux.so.2       	b77cc824	                                        	80 fa 07                                          	cmp dl, 0x7                                       		EAX=0804a00c, ECX=00000000, EDX=00000207, EBX=080481ec, ESP=bf861e38, EBP=08048298, ESI=00000002, EDI=b77e2918
-1	25731	ld-linux.so.2       	b77cc827	                                        	89 5c 24 1c                                       	mov dword ptr [esp+0x1c], ebx                     		EAX=0804a00c, ECX=00000000, EDX=00000207, EBX=080481ec, ESP=bf861e38, EBP=08048298, ESI=00000002, EDI=b77e2918
-1	25731	ld-linux.so.2       	b77cc82b	                                        	0f 85 3e 01 00 00                                 	jnz 0xb77cc96f                                    		EAX=0804a00c, ECX=00000000, EDX=00000207, EBX=080481ec, ESP=bf861e38, EBP=08048298, ESI=00000002, EDI=b77e2918
-1	25731	ld-linux.so.2       	b77cc831	                                        	f6 43 0d 03                                       	test byte ptr [ebx+0xd], 0x3                      		EAX=0804a00c, ECX=00000000, EDX=00000207, EBX=080481ec, ESP=bf861e38, EBP=08048298, ESI=00000002, EDI=b77e2918
-1	25731	ld-linux.so.2       	b77cc835	                                        	89 c5                                             	mov ebp, eax                                      		EAX=0804a00c, ECX=00000000, EDX=00000207, EBX=080481ec, ESP=bf861e38, EBP=08048298, ESI=00000002, EDI=b77e2918
-1	25731	ld-linux.so.2       	b77cc837	                                        	0f 85 d3 00 00 00                                 	jnz 0xb77cc910                                    		EAX=0804a00c, ECX=00000000, EDX=00000207, EBX=080481ec, ESP=bf861e38, EBP=0804a00c, ESI=00000002, EDI=b77e2918
-1	25731	ld-linux.so.2       	b77cc83d	                                        	8b 97 e4 00 00 00                                 	mov edx, dword ptr [edi+0xe4]                     		EAX=0804a00c, ECX=00000000, EDX=00000207, EBX=080481ec, ESP=bf861e38, EBP=0804a00c, ESI=00000002, EDI=b77e2918
-1	25731	ld-linux.so.2       	b77cc843	                                        	85 d2                                             	test edx, edx                                     		EAX=0804a00c, ECX=00000000, EDX=08049fc4, EBX=080481ec, ESP=bf861e38, EBP=0804a00c, ESI=00000002, EDI=b77e2918
-1	25731	ld-linux.so.2       	b77cc845	                                        	0f 84 a5 00 00 00                                 	jz 0xb77cc8f0                                     		EAX=0804a00c, ECX=00000000, EDX=08049fc4, EBX=080481ec, ESP=bf861e38, EBP=0804a00c, ESI=00000002, EDI=b77e2918
-1	25731	ld-linux.so.2       	b77cc84b	                                        	8b 52 04                                          	mov edx, dword ptr [edx+0x4]                      		EAX=0804a00c, ECX=00000000, EDX=08049fc4, EBX=080481ec, ESP=bf861e38, EBP=0804a00c, ESI=00000002, EDI=b77e2918
-1	25731	ld-linux.so.2       	b77cc84e	                                        	0f b7 14 72                                       	movzx edx, word ptr [edx+esi*2]                   		EAX=0804a00c, ECX=00000000, EDX=08048266, EBX=080481ec, ESP=bf861e38, EBP=0804a00c, ESI=00000002, EDI=b77e2918
-1	25731	ld-linux.so.2       	b77cc852	                                        	81 e2 ff 7f 00 00                                 	and edx, 0x7fff                                   		EAX=0804a00c, ECX=00000000, EDX=00000002, EBX=080481ec, ESP=bf861e38, EBP=0804a00c, ESI=00000002, EDI=b77e2918
-1	25731	ld-linux.so.2       	b77cc858	                                        	c1 e2 04                                          	shl edx, 0x4                                      		EAX=0804a00c, ECX=00000000, EDX=00000002, EBX=080481ec, ESP=bf861e38, EBP=0804a00c, ESI=00000002, EDI=b77e2918
-1	25731	ld-linux.so.2       	b77cc85b	                                        	03 97 70 01 00 00                                 	add edx, dword ptr [edi+0x170]                    		EAX=0804a00c, ECX=00000000, EDX=00000020, EBX=080481ec, ESP=bf861e38, EBP=0804a00c, ESI=00000002, EDI=b77e2918
-1	25731	ld-linux.so.2       	b77cc861	                                        	8b 4a 04                                          	mov ecx, dword ptr [edx+0x4]                      		EAX=0804a00c, ECX=00000000, EDX=b50f34a0, EBX=080481ec, ESP=bf861e38, EBP=0804a00c, ESI=00000002, EDI=b77e2918
-1	25731	ld-linux.so.2       	b77cc864	                                        	85 c9                                             	test ecx, ecx                                     		EAX=0804a00c, ECX=0d696910, EDX=b50f34a0, EBX=080481ec, ESP=bf861e38, EBP=0804a00c, ESI=00000002, EDI=b77e2918
-1	25731	ld-linux.so.2       	b77cc866	                                        	b9 00 00 00 00                                    	mov ecx, 0x0                                      		EAX=0804a00c, ECX=0d696910, EDX=b50f34a0, EBX=080481ec, ESP=bf861e38, EBP=0804a00c, ESI=00000002, EDI=b77e2918
-1	25731	ld-linux.so.2       	b77cc86b	                                        	0f 44 d1                                          	cmovz edx, ecx                                    		EAX=0804a00c, ECX=00000000, EDX=b50f34a0, EBX=080481ec, ESP=bf861e38, EBP=0804a00c, ESI=00000002, EDI=b77e2918
-1	25731	ld-linux.so.2       	b77cc86e	                                        	65 8b 0d 0c 00 00 00                              	mov ecx, dword ptr gs:[0xc]                       		EAX=0804a00c, ECX=00000000, EDX=b50f34a0, EBX=080481ec, ESP=bf861e38, EBP=0804a00c, ESI=00000002, EDI=b77e2918
-1	25731	ld-linux.so.2       	b77cc875	                                        	85 c9                                             	test ecx, ecx                                     		EAX=0804a00c, ECX=00000000, EDX=b50f34a0, EBX=080481ec, ESP=bf861e38, EBP=0804a00c, ESI=00000002, EDI=b77e2918
-1	25731	ld-linux.so.2       	b77cc877	                                        	be 01 00 00 00                                    	mov esi, 0x1                                      		EAX=0804a00c, ECX=00000000, EDX=b50f34a0, EBX=080481ec, ESP=bf861e38, EBP=0804a00c, ESI=00000002, EDI=b77e2918
-1	25731	ld-linux.so.2       	b77cc87c	                                        	0f 85 ce 00 00 00                                 	jnz 0xb77cc950                                    		EAX=0804a00c, ECX=00000000, EDX=b50f34a0, EBX=080481ec, ESP=bf861e38, EBP=0804a00c, ESI=00000001, EDI=b77e2918
-1	25731	ld-linux.so.2       	b77cc882	                                        	8b 44 24 0c                                       	mov eax, dword ptr [esp+0xc]                      		EAX=0804a00c, ECX=00000000, EDX=b50f34a0, EBX=080481ec, ESP=bf861e38, EBP=0804a00c, ESI=00000001, EDI=b77e2918
-1	25731	ld-linux.so.2       	b77cc886	                                        	03 03                                             	add eax, dword ptr [ebx]                          		EAX=0804821c, ECX=00000000, EDX=b50f34a0, EBX=080481ec, ESP=bf861e38, EBP=0804a00c, ESI=00000001, EDI=b77e2918
-1	25731	ld-linux.so.2       	b77cc888	                                        	8d 4c 24 1c                                       	lea ecx, ptr [esp+0x1c]                           		EAX=0804823b, ECX=00000000, EDX=b50f34a0, EBX=080481ec, ESP=bf861e38, EBP=0804a00c, ESI=00000001, EDI=b77e2918
-1	25731	ld-linux.so.2       	b77cc88c	                                        	83 ec 0c                                          	sub esp, 0xc                                      		EAX=0804823b, ECX=bf861e54, EDX=b50f34a0, EBX=080481ec, ESP=bf861e38, EBP=0804a00c, ESI=00000001, EDI=b77e2918
-1	25731	ld-linux.so.2       	b77cc88f	                                        	6a 00                                             	push 0x0                                          		EAX=0804823b, ECX=bf861e54, EDX=b50f34a0, EBX=080481ec, ESP=bf861e2c, EBP=0804a00c, ESI=00000001, EDI=b77e2918
-1	25731	ld-linux.so.2       	b77cc891	                                        	56                                                	push esi                                          		EAX=0804823b, ECX=bf861e54, EDX=b50f34a0, EBX=080481ec, ESP=bf861e28, EBP=0804a00c, ESI=00000001, EDI=b77e2918
-1	25731	ld-linux.so.2       	b77cc892	                                        	6a 01                                             	push 0x1                                          		EAX=0804823b, ECX=bf861e54, EDX=b50f34a0, EBX=080481ec, ESP=bf861e24, EBP=0804a00c, ESI=00000001, EDI=b77e2918
-1	25731	ld-linux.so.2       	b77cc894	                                        	52                                                	push edx                                          		EAX=0804823b, ECX=bf861e54, EDX=b50f34a0, EBX=080481ec, ESP=bf861e20, EBP=0804a00c, ESI=00000001, EDI=b77e2918
-1	25731	ld-linux.so.2       	b77cc895	                                        	89 fa                                             	mov edx, edi                                      		EAX=0804823b, ECX=bf861e54, EDX=b50f34a0, EBX=080481ec, ESP=bf861e1c, EBP=0804a00c, ESI=00000001, EDI=b77e2918
-1	25731	ld-linux.so.2       	b77cc897	                                        	ff b7 cc 01 00 00                                 	push dword ptr [edi+0x1cc]                        		EAX=0804823b, ECX=bf861e54, EDX=b77e2918, EBX=080481ec, ESP=bf861e1c, EBP=0804a00c, ESI=00000001, EDI=b77e2918
-1	25731	ld-linux.so.2       	b77cc89d	                                        	e8 be b1 ff ff                                    	call 0xb77c7a60                                   		EAX=0804823b, ECX=bf861e54, EDX=b77e2918, EBX=080481ec, ESP=bf861e18, EBP=0804a00c, ESI=00000001, EDI=b77e2918
-1	25731	ld-linux.so.2       	b77cc8a2	                                        	89 c7                                             	mov edi, eax                                      		EAX=b50f31b0, ECX=b4eb82ef, EDX=b4eb1dc8, EBX=080481ec, ESP=bf861e2c, EBP=0804a00c, ESI=00000001, EDI=b77e2918
-1	25731	ld-linux.so.2       	b77cc8a4	                                        	65 a1 0c 00 00 00                                 	mov eax, dword ptr gs:[0xc]                       		EAX=b50f31b0, ECX=b4eb82ef, EDX=b4eb1dc8, EBX=080481ec, ESP=bf861e2c, EBP=0804a00c, ESI=00000001, EDI=b50f31b0
-1	25731	ld-linux.so.2       	b77cc8aa	                                        	83 c4 0c                                          	add esp, 0xc                                      		EAX=00000000, ECX=b4eb82ef, EDX=b4eb1dc8, EBX=080481ec, ESP=bf861e2c, EBP=0804a00c, ESI=00000001, EDI=b50f31b0
-1	25731	ld-linux.so.2       	b77cc8ad	                                        	85 c0                                             	test eax, eax                                     		EAX=00000000, ECX=b4eb82ef, EDX=b4eb1dc8, EBX=080481ec, ESP=bf861e38, EBP=0804a00c, ESI=00000001, EDI=b50f31b0
-1	25731	ld-linux.so.2       	b77cc8af	                                        	75 67                                             	jnz 0xb77cc918                                    		EAX=00000000, ECX=b4eb82ef, EDX=b4eb1dc8, EBX=080481ec, ESP=bf861e38, EBP=0804a00c, ESI=00000001, EDI=b50f31b0
-1	25731	ld-linux.so.2       	b77cc8b1	                                        	8b 5c 24 1c                                       	mov ebx, dword ptr [esp+0x1c]                     		EAX=00000000, ECX=b4eb82ef, EDX=b4eb1dc8, EBX=080481ec, ESP=bf861e38, EBP=0804a00c, ESI=00000001, EDI=b50f31b0
-1	25731	ld-linux.so.2       	b77cc8b5	                                        	85 db                                             	test ebx, ebx                                     		EAX=00000000, ECX=b4eb82ef, EDX=b4eb1dc8, EBX=b4eb1dc8, ESP=bf861e38, EBP=0804a00c, ESI=00000001, EDI=b50f31b0
-1	25731	ld-linux.so.2       	b77cc8b7	                                        	74 47                                             	jz 0xb77cc900                                     		EAX=00000000, ECX=b4eb82ef, EDX=b4eb1dc8, EBX=b4eb1dc8, ESP=bf861e38, EBP=0804a00c, ESI=00000001, EDI=b50f31b0
-1	25731	ld-linux.so.2       	b77cc8b9	                                        	85 ff                                             	test edi, edi                                     		EAX=00000000, ECX=b4eb82ef, EDX=b4eb1dc8, EBX=b4eb1dc8, ESP=bf861e38, EBP=0804a00c, ESI=00000001, EDI=b50f31b0
-1	25731	ld-linux.so.2       	b77cc8bb	                                        	74 4b                                             	jz 0xb77cc908                                     		EAX=00000000, ECX=b4eb82ef, EDX=b4eb1dc8, EBX=b4eb1dc8, ESP=bf861e38, EBP=0804a00c, ESI=00000001, EDI=b50f31b0
-1	25731	ld-linux.so.2       	b77cc8bd	                                        	8b 07                                             	mov eax, dword ptr [edi]                          		EAX=00000000, ECX=b4eb82ef, EDX=b4eb1dc8, EBX=b4eb1dc8, ESP=bf861e38, EBP=0804a00c, ESI=00000001, EDI=b50f31b0
-1	25731	ld-linux.so.2       	b77cc8bf	                                        	0f b6 53 0c                                       	movzx edx, byte ptr [ebx+0xc]                     		EAX=b4ea5000, ECX=b4eb82ef, EDX=b4eb1dc8, EBX=b4eb1dc8, ESP=bf861e38, EBP=0804a00c, ESI=00000001, EDI=b50f31b0
-1	25731	ld-linux.so.2       	b77cc8c3	                                        	03 43 04                                          	add eax, dword ptr [ebx+0x4]                      		EAX=b4ea5000, ECX=b4eb82ef, EDX=00000012, EBX=b4eb1dc8, ESP=bf861e38, EBP=0804a00c, ESI=00000001, EDI=b50f31b0
-1	25731	ld-linux.so.2       	b77cc8c6	                                        	83 e2 0f                                          	and edx, 0xf                                      		EAX=b4ebd550, ECX=b4eb82ef, EDX=00000012, EBX=b4eb1dc8, ESP=bf861e38, EBP=0804a00c, ESI=00000001, EDI=b50f31b0
-1	25731	ld-linux.so.2       	b77cc8c9	                                        	80 fa 0a                                          	cmp dl, 0xa                                       		EAX=b4ebd550, ECX=b4eb82ef, EDX=00000002, EBX=b4eb1dc8, ESP=bf861e38, EBP=0804a00c, ESI=00000001, EDI=b50f31b0
-1	25731	ld-linux.so.2       	b77cc8cc	                                        	0f 84 96 00 00 00                                 	jz 0xb77cc968                                     		EAX=b4ebd550, ECX=b4eb82ef, EDX=00000002, EBX=b4eb1dc8, ESP=bf861e38, EBP=0804a00c, ESI=00000001, EDI=b50f31b0
-1	25731	ld-linux.so.2       	b77cc8d2	                                        	8b 74 24 08                                       	mov esi, dword ptr [esp+0x8]                      		EAX=b4ebd550, ECX=b4eb82ef, EDX=00000002, EBX=b4eb1dc8, ESP=bf861e38, EBP=0804a00c, ESI=00000001, EDI=b50f31b0
-1	25731	ld-linux.so.2       	b77cc8d6	                                        	8b 96 30 fd ff ff                                 	mov edx, dword ptr [esi-0x2d0]                    		EAX=b4ebd550, ECX=b4eb82ef, EDX=00000002, EBX=b4eb1dc8, ESP=bf861e38, EBP=0804a00c, ESI=b77e2000, EDI=b50f31b0
-1	25731	ld-linux.so.2       	b77cc8dc	                                        	85 d2                                             	test edx, edx                                     		EAX=b4ebd550, ECX=b4eb82ef, EDX=00000000, EBX=b4eb1dc8, ESP=bf861e38, EBP=0804a00c, ESI=b77e2000, EDI=b50f31b0
-1	25731	ld-linux.so.2       	b77cc8de	                                        	75 03                                             	jnz 0xb77cc8e3                                    		EAX=b4ebd550, ECX=b4eb82ef, EDX=00000000, EBX=b4eb1dc8, ESP=bf861e38, EBP=0804a00c, ESI=b77e2000, EDI=b50f31b0
-1	25731	ld-linux.so.2       	b77cc8e0	                                        	89 45 00                                          	mov dword ptr [ebp], eax                          		EAX=b4ebd550, ECX=b4eb82ef, EDX=00000000, EBX=b4eb1dc8, ESP=bf861e38, EBP=0804a00c, ESI=b77e2000, EDI=b50f31b0
-1	25731	ld-linux.so.2       	b77cc8e3	                                        	83 c4 2c                                          	add esp, 0x2c                                     		EAX=b4ebd550, ECX=b4eb82ef, EDX=00000000, EBX=b4eb1dc8, ESP=bf861e38, EBP=0804a00c, ESI=b77e2000, EDI=b50f31b0
-1	25731	ld-linux.so.2       	b77cc8e6	                                        	5b                                                	pop ebx                                           		EAX=b4ebd550, ECX=b4eb82ef, EDX=00000000, EBX=b4eb1dc8, ESP=bf861e64, EBP=0804a00c, ESI=b77e2000, EDI=b50f31b0
-1	25731	ld-linux.so.2       	b77cc8e7	                                        	5e                                                	pop esi                                           		EAX=b4ebd550, ECX=b4eb82ef, EDX=00000000, EBX=b77e2000, ESP=bf861e68, EBP=0804a00c, ESI=b77e2000, EDI=b50f31b0
-1	25731	ld-linux.so.2       	b77cc8e8	                                        	5f                                                	pop edi                                           		EAX=b4ebd550, ECX=b4eb82ef, EDX=00000000, EBX=b77e2000, ESP=bf861e6c, EBP=0804a00c, ESI=00000002, EDI=b50f31b0
-1	25731	ld-linux.so.2       	b77cc8e9	                                        	5d                                                	pop ebp                                           		EAX=b4ebd550, ECX=b4eb82ef, EDX=00000000, EBX=b77e2000, ESP=bf861e70, EBP=0804a00c, ESI=00000002, EDI=08048310
-1	25731	ld-linux.so.2       	b77cc8ea	                                        	c3                                                	ret                                               		EAX=b4ebd550, ECX=b4eb82ef, EDX=00000000, EBX=b77e2000, ESP=bf861e74, EBP=00000000, ESI=00000002, EDI=08048310
-1	25731	ld-linux.so.2       	b77d3010	                                        	5a                                                	pop edx                                           		EAX=b4ebd550, ECX=b4eb82ef, EDX=00000000, EBX=b77e2000, ESP=bf861e78, EBP=00000000, ESI=00000002, EDI=08048310
-1	25731	ld-linux.so.2       	b77d3011	                                        	8b 0c 24                                          	mov ecx, dword ptr [esp]                          		EAX=b4ebd550, ECX=b4eb82ef, EDX=b77cd880, EBX=b77e2000, ESP=bf861e7c, EBP=00000000, ESI=00000002, EDI=08048310
-1	25731	ld-linux.so.2       	b77d3014	                                        	89 04 24                                          	mov dword ptr [esp], eax                          		EAX=b4ebd550, ECX=bf861eb4, EDX=b77cd880, EBX=b77e2000, ESP=bf861e7c, EBP=00000000, ESI=00000002, EDI=08048310
-1	25731	ld-linux.so.2       	b77d3017	                                        	8b 44 24 04                                       	mov eax, dword ptr [esp+0x4]                      		EAX=b4ebd550, ECX=bf861eb4, EDX=b77cd880, EBX=b77e2000, ESP=bf861e7c, EBP=00000000, ESI=00000002, EDI=08048310
-1	25731	ld-linux.so.2       	b77d301b	                                        	c2 0c 00                                          	ret 0xc                                           		EAX=b77e2918, ECX=bf861eb4, EDX=b77cd880, EBX=b77e2000, ESP=bf861e7c, EBP=00000000, ESI=00000002, EDI=08048310
-1	25731	libc.so.6           	b4ebd550	                                        	e8 24 77 10 00                                    	call 0xb4fc4c79                                   		EAX=b77e2918, ECX=bf861eb4, EDX=b77cd880, EBX=b77e2000, ESP=bf861e8c, EBP=00000000, ESI=00000002, EDI=08048310
-1	25731	libc.so.6           	b4fc4c79	__libc_start_main                       	8b 04 24                                          	mov eax, dword ptr [esp]                          		EAX=b77e2918, ECX=bf861eb4, EDX=b77cd880, EBX=b77e2000, ESP=bf861e88, EBP=00000000, ESI=00000002, EDI=08048310
-1	25731	libc.so.6           	b4fc4c7c	                                        	c3                                                	ret                                               		EAX=b4ebd555, ECX=bf861eb4, EDX=b77cd880, EBX=b77e2000, ESP=bf861e88, EBP=00000000, ESI=00000002, EDI=08048310
-1	25731	libc.so.6           	b4ebd555	                                        	05 ab aa 19 00                                    	add eax, 0x19aaab                                 		EAX=b4ebd555, ECX=bf861eb4, EDX=b77cd880, EBX=b77e2000, ESP=bf861e8c, EBP=00000000, ESI=00000002, EDI=08048310
-1	25731	libc.so.6           	b4ebd55a	                                        	55                                                	push ebp                                          		EAX=b5058000, ECX=bf861eb4, EDX=b77cd880, EBX=b77e2000, ESP=bf861e8c, EBP=00000000, ESI=00000002, EDI=08048310
-1	25731	libc.so.6           	b4ebd55b	                                        	57                                                	push edi                                          		EAX=b5058000, ECX=bf861eb4, EDX=b77cd880, EBX=b77e2000, ESP=bf861e88, EBP=00000000, ESI=00000002, EDI=08048310
-1	25731	libc.so.6           	b4ebd55c	                                        	56                                                	push esi                                          		EAX=b5058000, ECX=bf861eb4, EDX=b77cd880, EBX=b77e2000, ESP=bf861e84, EBP=00000000, ESI=00000002, EDI=08048310
-1	25731	libc.so.6           	b4ebd55d	                                        	53                                                	push ebx                                          		EAX=b5058000, ECX=bf861eb4, EDX=b77cd880, EBX=b77e2000, ESP=bf861e80, EBP=00000000, ESI=00000002, EDI=08048310
-1	25731	libc.so.6           	b4ebd55e	                                        	89 c7                                             	mov edi, eax                                      		EAX=b5058000, ECX=bf861eb4, EDX=b77cd880, EBX=b77e2000, ESP=bf861e7c, EBP=00000000, ESI=00000002, EDI=08048310
-1	25731	libc.so.6           	b4ebd560	                                        	83 ec 4c                                          	sub esp, 0x4c                                     		EAX=b5058000, ECX=bf861eb4, EDX=b77cd880, EBX=b77e2000, ESP=bf861e7c, EBP=00000000, ESI=00000002, EDI=b5058000
-1	25731	libc.so.6           	b4ebd563	                                        	8b 97 94 ff ff ff                                 	mov edx, dword ptr [edi-0x6c]                     		EAX=b5058000, ECX=bf861eb4, EDX=b77cd880, EBX=b77e2000, ESP=bf861e30, EBP=00000000, ESI=00000002, EDI=b5058000
-1	25731	libc.so.6           	b4ebd569	                                        	89 44 24 08                                       	mov dword ptr [esp+0x8], eax                      		EAX=b5058000, ECX=bf861eb4, EDX=00000000, EBX=b77e2000, ESP=bf861e30, EBP=00000000, ESI=00000002, EDI=b5058000
-1	25731	libc.so.6           	b4ebd56d	                                        	8b 44 24 74                                       	mov eax, dword ptr [esp+0x74]                     		EAX=b5058000, ECX=bf861eb4, EDX=00000000, EBX=b77e2000, ESP=bf861e30, EBP=00000000, ESI=00000002, EDI=b5058000
-1	25731	libc.so.6           	b4ebd571	                                        	85 d2                                             	test edx, edx                                     		EAX=b77cd880, ECX=bf861eb4, EDX=00000000, EBX=b77e2000, ESP=bf861e30, EBP=00000000, ESI=00000002, EDI=b5058000
-1	25731	libc.so.6           	b4ebd573	                                        	0f 84 da 00 00 00                                 	jz 0xb4ebd653                                     		EAX=b77cd880, ECX=bf861eb4, EDX=00000000, EBX=b77e2000, ESP=bf861e30, EBP=00000000, ESI=00000002, EDI=b5058000
-1	25731	libc.so.6           	b4ebd653	                                        	31 c9                                             	xor ecx, ecx                                      		EAX=b77cd880, ECX=bf861eb4, EDX=00000000, EBX=b77e2000, ESP=bf861e30, EBP=00000000, ESI=00000002, EDI=b5058000
-1	25731	libc.so.6           	b4ebd655	                                        	e9 28 ff ff ff                                    	jmp 0xb4ebd582                                    		EAX=b77cd880, ECX=00000000, EDX=00000000, EBX=b77e2000, ESP=bf861e30, EBP=00000000, ESI=00000002, EDI=b5058000
-1	25731	libc.so.6           	b4ebd582	                                        	8b 74 24 08                                       	mov esi, dword ptr [esp+0x8]                      		EAX=b77cd880, ECX=00000000, EDX=00000000, EBX=b77e2000, ESP=bf861e30, EBP=00000000, ESI=00000002, EDI=b5058000
-1	25731	libc.so.6           	b4ebd586	                                        	85 c0                                             	test eax, eax                                     		EAX=b77cd880, ECX=00000000, EDX=00000000, EBX=b77e2000, ESP=bf861e30, EBP=00000000, ESI=b5058000, EDI=b5058000
-1	25731	libc.so.6           	b4ebd588	                                        	8d 96 40 00 00 00                                 	lea edx, ptr [esi+0x40]                           		EAX=b77cd880, ECX=00000000, EDX=00000000, EBX=b77e2000, ESP=bf861e30, EBP=00000000, ESI=b5058000, EDI=b5058000
-1	25731	libc.so.6           	b4ebd58e	                                        	89 0a                                             	mov dword ptr [edx], ecx                          		EAX=b77cd880, ECX=00000000, EDX=b5058040, EBX=b77e2000, ESP=bf861e30, EBP=00000000, ESI=b5058000, EDI=b5058000
-1	25731	libc.so.6           	b4ebd590	                                        	74 10                                             	jz 0xb4ebd5a2                                     		EAX=b77cd880, ECX=00000000, EDX=b5058040, EBX=b77e2000, ESP=bf861e30, EBP=00000000, ESI=b5058000, EDI=b5058000
-1	25731	libc.so.6           	b4ebd592	                                        	83 ec 04                                          	sub esp, 0x4                                      		EAX=b77cd880, ECX=00000000, EDX=b5058040, EBX=b77e2000, ESP=bf861e30, EBP=00000000, ESI=b5058000, EDI=b5058000
-1	25731	libc.so.6           	b4ebd595	                                        	6a 00                                             	push 0x0                                          		EAX=b77cd880, ECX=00000000, EDX=b5058040, EBX=b77e2000, ESP=bf861e2c, EBP=00000000, ESI=b5058000, EDI=b5058000
-1	25731	libc.so.6           	b4ebd597	                                        	6a 00                                             	push 0x0                                          		EAX=b77cd880, ECX=00000000, EDX=b5058040, EBX=b77e2000, ESP=bf861e28, EBP=00000000, ESI=b5058000, EDI=b5058000
-1	25731	libc.so.6           	b4ebd599	                                        	50                                                	push eax                                          		EAX=b77cd880, ECX=00000000, EDX=b5058040, EBX=b77e2000, ESP=bf861e24, EBP=00000000, ESI=b5058000, EDI=b5058000
-1	25731	libc.so.6           	b4ebd59a	                                        	e8 61 66 01 00                                    	call 0xb4ed3c00                                   		EAX=b77cd880, ECX=00000000, EDX=b5058040, EBX=b77e2000, ESP=bf861e20, EBP=00000000, ESI=b5058000, EDI=b5058000
-1	25731	libc.so.6           	b4ed3c00	                                        	53                                                	push ebx                                          		EAX=b77cd880, ECX=00000000, EDX=b5058040, EBX=b77e2000, ESP=bf861e1c, EBP=00000000, ESI=b5058000, EDI=b5058000
-1	25731	libc.so.6           	b4ed3c01	                                        	e8 6f 10 0f 00                                    	call 0xb4fc4c75                                   		EAX=b77cd880, ECX=00000000, EDX=b5058040, EBX=b77e2000, ESP=bf861e18, EBP=00000000, ESI=b5058000, EDI=b5058000
-1	25731	libc.so.6           	b4fc4c75	__cxa_atexit                            	8b 1c 24                                          	mov ebx, dword ptr [esp]                          		EAX=b77cd880, ECX=00000000, EDX=b5058040, EBX=b77e2000, ESP=bf861e14, EBP=00000000, ESI=b5058000, EDI=b5058000
-1	25731	libc.so.6           	b4fc4c78	                                        	c3                                                	ret                                               		EAX=b77cd880, ECX=00000000, EDX=b5058040, EBX=b4ed3c06, ESP=bf861e14, EBP=00000000, ESI=b5058000, EDI=b5058000
-1	25731	libc.so.6           	b4ed3c06	                                        	81 c3 fa 43 18 00                                 	add ebx, 0x1843fa                                 		EAX=b77cd880, ECX=00000000, EDX=b5058040, EBX=b4ed3c06, ESP=bf861e18, EBP=00000000, ESI=b5058000, EDI=b5058000
-1	25731	libc.so.6           	b4ed3c0c	                                        	83 ec 14                                          	sub esp, 0x14                                     		EAX=b77cd880, ECX=00000000, EDX=b5058040, EBX=b5058000, ESP=bf861e18, EBP=00000000, ESI=b5058000, EDI=b5058000
-1	25731	libc.so.6           	b4ed3c0f	                                        	8d 83 dc 03 00 00                                 	lea eax, ptr [ebx+0x3dc]                          		EAX=b77cd880, ECX=00000000, EDX=b5058040, EBX=b5058000, ESP=bf861e04, EBP=00000000, ESI=b5058000, EDI=b5058000
-1	25731	libc.so.6           	b4ed3c15	                                        	50                                                	push eax                                          		EAX=b50583dc, ECX=00000000, EDX=b5058040, EBX=b5058000, ESP=bf861e04, EBP=00000000, ESI=b5058000, EDI=b5058000
-1	25731	libc.so.6           	b4ed3c16	                                        	e8 35 fe ff ff                                    	call 0xb4ed3a50                                   		EAX=b50583dc, ECX=00000000, EDX=b5058040, EBX=b5058000, ESP=bf861e00, EBP=00000000, ESI=b5058000, EDI=b5058000
-1	25731	libc.so.6           	b4ed3a50	                                        	55                                                	push ebp                                          		EAX=b50583dc, ECX=00000000, EDX=b5058040, EBX=b5058000, ESP=bf861dfc, EBP=00000000, ESI=b5058000, EDI=b5058000
-1	25731	libc.so.6           	b4ed3a51	                                        	57                                                	push edi                                          		EAX=b50583dc, ECX=00000000, EDX=b5058040, EBX=b5058000, ESP=bf861df8, EBP=00000000, ESI=b5058000, EDI=b5058000
-1	25731	libc.so.6           	b4ed3a52	                                        	31 c0                                             	xor eax, eax                                      		EAX=b50583dc, ECX=00000000, EDX=b5058040, EBX=b5058000, ESP=bf861df4, EBP=00000000, ESI=b5058000, EDI=b5058000
-1	25731	libc.so.6           	b4ed3a54	                                        	56                                                	push esi                                          		EAX=00000000, ECX=00000000, EDX=b5058040, EBX=b5058000, ESP=bf861df4, EBP=00000000, ESI=b5058000, EDI=b5058000
-1	25731	libc.so.6           	b4ed3a55	                                        	53                                                	push ebx                                          		EAX=00000000, ECX=00000000, EDX=b5058040, EBX=b5058000, ESP=bf861df0, EBP=00000000, ESI=b5058000, EDI=b5058000
-1	25731	libc.so.6           	b4ed3a56	                                        	b9 01 00 00 00                                    	mov ecx, 0x1                                      		EAX=00000000, ECX=00000000, EDX=b5058040, EBX=b5058000, ESP=bf861dec, EBP=00000000, ESI=b5058000, EDI=b5058000
-1	25731	libc.so.6           	b4ed3a5b	                                        	e8 15 12 0f 00                                    	call 0xb4fc4c75                                   		EAX=00000000, ECX=00000001, EDX=b5058040, EBX=b5058000, ESP=bf861dec, EBP=00000000, ESI=b5058000, EDI=b5058000
-1	25731	libc.so.6           	b4fc4c75	                                        	8b 1c 24                                          	mov ebx, dword ptr [esp]                          		EAX=00000000, ECX=00000001, EDX=b5058040, EBX=b5058000, ESP=bf861de8, EBP=00000000, ESI=b5058000, EDI=b5058000
-1	25731	libc.so.6           	b4fc4c78	                                        	c3                                                	ret                                               		EAX=00000000, ECX=00000001, EDX=b5058040, EBX=b4ed3a60, ESP=bf861de8, EBP=00000000, ESI=b5058000, EDI=b5058000
-1	25731	libc.so.6           	b4ed3a60	                                        	81 c3 a0 45 18 00                                 	add ebx, 0x1845a0                                 		EAX=00000000, ECX=00000001, EDX=b5058040, EBX=b4ed3a60, ESP=bf861dec, EBP=00000000, ESI=b5058000, EDI=b5058000
-1	25731	libc.so.6           	b4ed3a66	                                        	83 ec 0c                                          	sub esp, 0xc                                      		EAX=00000000, ECX=00000001, EDX=b5058040, EBX=b5058000, ESP=bf861dec, EBP=00000000, ESI=b5058000, EDI=b5058000
-1	25731	libc.so.6           	b4ed3a69	                                        	65 83 3d 0c 00 00 00 00                           	cmp dword ptr gs:[0xc], 0x0                       		EAX=00000000, ECX=00000001, EDX=b5058040, EBX=b5058000, ESP=bf861de0, EBP=00000000, ESI=b5058000, EDI=b5058000
-1	25731	libc.so.6           	b4ed3a71	                                        	74 01                                             	jz 0xb4ed3a74                                     		EAX=00000000, ECX=00000001, EDX=b5058040, EBX=b5058000, ESP=bf861de0, EBP=00000000, ESI=b5058000, EDI=b5058000
-1	25731	libc.so.6           	b4ed3a74	                                        	0f b1 8b e8 13 00 00                              	cmpxchg dword ptr [ebx+0x13e8], ecx               		EAX=00000000, ECX=00000001, EDX=b5058040, EBX=b5058000, ESP=bf861de0, EBP=00000000, ESI=b5058000, EDI=b5058000
-1	25731	libc.so.6           	b4ed3a7b	                                        	74 0b                                             	jz 0xb4ed3a88                                     		EAX=00000000, ECX=00000001, EDX=b5058040, EBX=b5058000, ESP=bf861de0, EBP=00000000, ESI=b5058000, EDI=b5058000
-1	25731	libc.so.6           	b4ed3a88	                                        	8b 44 24 20                                       	mov eax, dword ptr [esp+0x20]                     		EAX=00000000, ECX=00000001, EDX=b5058040, EBX=b5058000, ESP=bf861de0, EBP=00000000, ESI=b5058000, EDI=b5058000
-1	25731	libc.so.6           	b4ed3a8c	                                        	31 ed                                             	xor ebp, ebp                                      		EAX=b50583dc, ECX=00000001, EDX=b5058040, EBX=b5058000, ESP=bf861de0, EBP=00000000, ESI=b5058000, EDI=b5058000
-1	25731	libc.so.6           	b4ed3a8e	                                        	8b 30                                             	mov esi, dword ptr [eax]                          		EAX=b50583dc, ECX=00000001, EDX=b5058040, EBX=b5058000, ESP=bf861de0, EBP=00000000, ESI=b5058000, EDI=b5058000
-1	25731	libc.so.6           	b4ed3a90	                                        	85 f6                                             	test esi, esi                                     		EAX=b50583dc, ECX=00000001, EDX=b5058040, EBX=b5058000, ESP=bf861de0, EBP=00000000, ESI=b50591e0, EDI=b5058000
-1	25731	libc.so.6           	b4ed3a92	                                        	89 f7                                             	mov edi, esi                                      		EAX=b50583dc, ECX=00000001, EDX=b5058040, EBX=b5058000, ESP=bf861de0, EBP=00000000, ESI=b50591e0, EDI=b5058000
-1	25731	libc.so.6           	b4ed3a94	                                        	0f 84 d9 00 00 00                                 	jz 0xb4ed3b73                                     		EAX=b50583dc, ECX=00000001, EDX=b5058040, EBX=b5058000, ESP=bf861de0, EBP=00000000, ESI=b50591e0, EDI=b50591e0
-1	25731	libc.so.6           	b4ed3a9a	                                        	8d b6 00 00 00 00                                 	lea esi, ptr [esi]                                		EAX=b50583dc, ECX=00000001, EDX=b5058040, EBX=b5058000, ESP=bf861de0, EBP=00000000, ESI=b50591e0, EDI=b50591e0
-1	25731	libc.so.6           	b4ed3aa0	                                        	8b 47 04                                          	mov eax, dword ptr [edi+0x4]                      		EAX=b50583dc, ECX=00000001, EDX=b5058040, EBX=b5058000, ESP=bf861de0, EBP=00000000, ESI=b50591e0, EDI=b50591e0
-1	25731	libc.so.6           	b4ed3aa3	                                        	85 c0                                             	test eax, eax                                     		EAX=00000000, ECX=00000001, EDX=b5058040, EBX=b5058000, ESP=bf861de0, EBP=00000000, ESI=b50591e0, EDI=b50591e0
-1	25731	libc.so.6           	b4ed3aa5	                                        	74 2b                                             	jz 0xb4ed3ad2                                     		EAX=00000000, ECX=00000001, EDX=b5058040, EBX=b5058000, ESP=bf861de0, EBP=00000000, ESI=b50591e0, EDI=b50591e0
-1	25731	libc.so.6           	b4ed3ad2	                                        	8b 07                                             	mov eax, dword ptr [edi]                          		EAX=00000000, ECX=00000001, EDX=b5058040, EBX=b5058000, ESP=bf861de0, EBP=00000000, ESI=b50591e0, EDI=b50591e0
-1	25731	libc.so.6           	b4ed3ad4	                                        	c7 47 04 00 00 00 00                              	mov dword ptr [edi+0x4], 0x0                      		EAX=00000000, ECX=00000001, EDX=b5058040, EBX=b5058000, ESP=bf861de0, EBP=00000000, ESI=b50591e0, EDI=b50591e0
-1	25731	libc.so.6           	b4ed3adb	                                        	89 fd                                             	mov ebp, edi                                      		EAX=00000000, ECX=00000001, EDX=b5058040, EBX=b5058000, ESP=bf861de0, EBP=00000000, ESI=b50591e0, EDI=b50591e0
-1	25731	libc.so.6           	b4ed3add	                                        	85 c0                                             	test eax, eax                                     		EAX=00000000, ECX=00000001, EDX=b5058040, EBX=b5058000, ESP=bf861de0, EBP=b50591e0, ESI=b50591e0, EDI=b50591e0
-1	25731	libc.so.6           	b4ed3adf	                                        	0f 84 82 00 00 00                                 	jz 0xb4ed3b67                                     		EAX=00000000, ECX=00000001, EDX=b5058040, EBX=b5058000, ESP=bf861de0, EBP=b50591e0, ESI=b50591e0, EDI=b50591e0
-1	25731	libc.so.6           	b4ed3b67	                                        	8d 4f 08                                          	lea ecx, ptr [edi+0x8]                            		EAX=00000000, ECX=00000001, EDX=b5058040, EBX=b5058000, ESP=bf861de0, EBP=b50591e0, ESI=b50591e0, EDI=b50591e0
-1	25731	libc.so.6           	b4ed3b6a	                                        	c7 47 04 01 00 00 00                              	mov dword ptr [edi+0x4], 0x1                      		EAX=00000000, ECX=b50591e8, EDX=b5058040, EBX=b5058000, ESP=bf861de0, EBP=b50591e0, ESI=b50591e0, EDI=b50591e0
-1	25731	libc.so.6           	b4ed3b71	                                        	eb 91                                             	jmp 0xb4ed3b04                                    		EAX=00000000, ECX=b50591e8, EDX=b5058040, EBX=b5058000, ESP=bf861de0, EBP=b50591e0, ESI=b50591e0, EDI=b50591e0
-1	25731	libc.so.6           	b4ed3b04	                                        	c7 01 01 00 00 00                                 	mov dword ptr [ecx], 0x1                          		EAX=00000000, ECX=b50591e8, EDX=b5058040, EBX=b5058000, ESP=bf861de0, EBP=b50591e0, ESI=b50591e0, EDI=b50591e0
-1	25731	libc.so.6           	b4ed3b0a	                                        	83 83 e0 36 00 00 01                              	add dword ptr [ebx+0x36e0], 0x1                   		EAX=00000000, ECX=b50591e8, EDX=b5058040, EBX=b5058000, ESP=bf861de0, EBP=b50591e0, ESI=b50591e0, EDI=b50591e0
-1	25731	libc.so.6           	b4ed3b11	                                        	83 93 e4 36 00 00 00                              	adc dword ptr [ebx+0x36e4], 0x0                   		EAX=00000000, ECX=b50591e8, EDX=b5058040, EBX=b5058000, ESP=bf861de0, EBP=b50591e0, ESI=b50591e0, EDI=b50591e0
-1	25731	libc.so.6           	b4ed3b18	                                        	65 83 3d 0c 00 00 00 00                           	cmp dword ptr gs:[0xc], 0x0                       		EAX=00000000, ECX=b50591e8, EDX=b5058040, EBX=b5058000, ESP=bf861de0, EBP=b50591e0, ESI=b50591e0, EDI=b50591e0
-1	25731	libc.so.6           	b4ed3b20	                                        	74 01                                             	jz 0xb4ed3b23                                     		EAX=00000000, ECX=b50591e8, EDX=b5058040, EBX=b5058000, ESP=bf861de0, EBP=b50591e0, ESI=b50591e0, EDI=b50591e0
-1	25731	libc.so.6           	b4ed3b23	                                        	83 ab e8 13 00 00 01                              	sub dword ptr [ebx+0x13e8], 0x1                   		EAX=00000000, ECX=b50591e8, EDX=b5058040, EBX=b5058000, ESP=bf861de0, EBP=b50591e0, ESI=b50591e0, EDI=b50591e0
-1	25731	libc.so.6           	b4ed3b2a	                                        	74 0b                                             	jz 0xb4ed3b37                                     		EAX=00000000, ECX=b50591e8, EDX=b5058040, EBX=b5058000, ESP=bf861de0, EBP=b50591e0, ESI=b50591e0, EDI=b50591e0
-1	25731	libc.so.6           	b4ed3b37	                                        	83 c4 0c                                          	add esp, 0xc                                      		EAX=00000000, ECX=b50591e8, EDX=b5058040, EBX=b5058000, ESP=bf861de0, EBP=b50591e0, ESI=b50591e0, EDI=b50591e0
-1	25731	libc.so.6           	b4ed3b3a	                                        	89 c8                                             	mov eax, ecx                                      		EAX=00000000, ECX=b50591e8, EDX=b5058040, EBX=b5058000, ESP=bf861dec, EBP=b50591e0, ESI=b50591e0, EDI=b50591e0
-1	25731	libc.so.6           	b4ed3b3c	                                        	5b                                                	pop ebx                                           		EAX=b50591e8, ECX=b50591e8, EDX=b5058040, EBX=b5058000, ESP=bf861dec, EBP=b50591e0, ESI=b50591e0, EDI=b50591e0
-1	25731	libc.so.6           	b4ed3b3d	                                        	5e                                                	pop esi                                           		EAX=b50591e8, ECX=b50591e8, EDX=b5058040, EBX=b5058000, ESP=bf861df0, EBP=b50591e0, ESI=b50591e0, EDI=b50591e0
-1	25731	libc.so.6           	b4ed3b3e	                                        	5f                                                	pop edi                                           		EAX=b50591e8, ECX=b50591e8, EDX=b5058040, EBX=b5058000, ESP=bf861df4, EBP=b50591e0, ESI=b5058000, EDI=b50591e0
-1	25731	libc.so.6           	b4ed3b3f	                                        	5d                                                	pop ebp                                           		EAX=b50591e8, ECX=b50591e8, EDX=b5058040, EBX=b5058000, ESP=bf861df8, EBP=b50591e0, ESI=b5058000, EDI=b5058000
-1	25731	libc.so.6           	b4ed3b40	                                        	c3                                                	ret                                               		EAX=b50591e8, ECX=b50591e8, EDX=b5058040, EBX=b5058000, ESP=bf861dfc, EBP=00000000, ESI=b5058000, EDI=b5058000
-1	25731	libc.so.6           	b4ed3c1b	                                        	83 c4 10                                          	add esp, 0x10                                     		EAX=b50591e8, ECX=b50591e8, EDX=b5058040, EBX=b5058000, ESP=bf861e00, EBP=00000000, ESI=b5058000, EDI=b5058000
-1	25731	libc.so.6           	b4ed3c1e	                                        	85 c0                                             	test eax, eax                                     		EAX=b50591e8, ECX=b50591e8, EDX=b5058040, EBX=b5058000, ESP=bf861e10, EBP=00000000, ESI=b5058000, EDI=b5058000
-1	25731	libc.so.6           	b4ed3c20	                                        	74 2c                                             	jz 0xb4ed3c4e                                     		EAX=b50591e8, ECX=b50591e8, EDX=b5058040, EBX=b5058000, ESP=bf861e10, EBP=00000000, ESI=b5058000, EDI=b5058000
-1	25731	libc.so.6           	b4ed3c22	                                        	8b 54 24 10                                       	mov edx, dword ptr [esp+0x10]                     		EAX=b50591e8, ECX=b50591e8, EDX=b5058040, EBX=b5058000, ESP=bf861e10, EBP=00000000, ESI=b5058000, EDI=b5058000
-1	25731	libc.so.6           	b4ed3c26	                                        	65 33 15 18 00 00 00                              	xor edx, dword ptr gs:[0x18]                      		EAX=b50591e8, ECX=b50591e8, EDX=b77cd880, EBX=b5058000, ESP=bf861e10, EBP=00000000, ESI=b5058000, EDI=b5058000
-1	25731	libc.so.6           	b4ed3c2d	                                        	c1 c2 09                                          	rol edx, 0x9                                      		EAX=b50591e8, ECX=b50591e8, EDX=b0364ee8, EBX=b5058000, ESP=bf861e10, EBP=00000000, ESI=b5058000, EDI=b5058000
-1	25731	libc.so.6           	b4ed3c30	                                        	89 50 04                                          	mov dword ptr [eax+0x4], edx                      		EAX=b50591e8, ECX=b50591e8, EDX=6c9dd160, EBX=b5058000, ESP=bf861e10, EBP=00000000, ESI=b5058000, EDI=b5058000
-1	25731	libc.so.6           	b4ed3c33	                                        	8b 54 24 14                                       	mov edx, dword ptr [esp+0x14]                     		EAX=b50591e8, ECX=b50591e8, EDX=6c9dd160, EBX=b5058000, ESP=bf861e10, EBP=00000000, ESI=b5058000, EDI=b5058000
-1	25731	libc.so.6           	b4ed3c37	                                        	89 50 08                                          	mov dword ptr [eax+0x8], edx                      		EAX=b50591e8, ECX=b50591e8, EDX=00000000, EBX=b5058000, ESP=bf861e10, EBP=00000000, ESI=b5058000, EDI=b5058000
-1	25731	libc.so.6           	b4ed3c3a	                                        	8b 54 24 18                                       	mov edx, dword ptr [esp+0x18]                     		EAX=b50591e8, ECX=b50591e8, EDX=00000000, EBX=b5058000, ESP=bf861e10, EBP=00000000, ESI=b5058000, EDI=b5058000
-1	25731	libc.so.6           	b4ed3c3e	                                        	89 50 0c                                          	mov dword ptr [eax+0xc], edx                      		EAX=b50591e8, ECX=b50591e8, EDX=00000000, EBX=b5058000, ESP=bf861e10, EBP=00000000, ESI=b5058000, EDI=b5058000
-1	25731	libc.so.6           	b4ed3c41	                                        	c7 00 04 00 00 00                                 	mov dword ptr [eax], 0x4                          		EAX=b50591e8, ECX=b50591e8, EDX=00000000, EBX=b5058000, ESP=bf861e10, EBP=00000000, ESI=b5058000, EDI=b5058000
-1	25731	libc.so.6           	b4ed3c47	                                        	31 c0                                             	xor eax, eax                                      		EAX=b50591e8, ECX=b50591e8, EDX=00000000, EBX=b5058000, ESP=bf861e10, EBP=00000000, ESI=b5058000, EDI=b5058000
-1	25731	libc.so.6           	b4ed3c49	                                        	83 c4 08                                          	add esp, 0x8                                      		EAX=00000000, ECX=b50591e8, EDX=00000000, EBX=b5058000, ESP=bf861e10, EBP=00000000, ESI=b5058000, EDI=b5058000
-1	25731	libc.so.6           	b4ed3c4c	                                        	5b                                                	pop ebx                                           		EAX=00000000, ECX=b50591e8, EDX=00000000, EBX=b5058000, ESP=bf861e18, EBP=00000000, ESI=b5058000, EDI=b5058000
-1	25731	libc.so.6           	b4ed3c4d	                                        	c3                                                	ret                                               		EAX=00000000, ECX=b50591e8, EDX=00000000, EBX=b77e2000, ESP=bf861e1c, EBP=00000000, ESI=b5058000, EDI=b5058000
-1	25731	libc.so.6           	b4ebd59f	                                        	83 c4 10                                          	add esp, 0x10                                     		EAX=00000000, ECX=b50591e8, EDX=00000000, EBX=b77e2000, ESP=bf861e20, EBP=00000000, ESI=b5058000, EDI=b5058000
-1	25731	libc.so.6           	b4ebd5a2	                                        	8b 44 24 08                                       	mov eax, dword ptr [esp+0x8]                      		EAX=00000000, ECX=b50591e8, EDX=00000000, EBX=b77e2000, ESP=bf861e30, EBP=00000000, ESI=b5058000, EDI=b5058000
-1	25731	libc.so.6           	b4ebd5a6	                                        	8b 80 24 ff ff ff                                 	mov eax, dword ptr [eax-0xdc]                     		EAX=b5058000, ECX=b50591e8, EDX=00000000, EBX=b77e2000, ESP=bf861e30, EBP=00000000, ESI=b5058000, EDI=b5058000
-1	25731	libc.so.6           	b4ebd5ac	                                        	8b 18                                             	mov ebx, dword ptr [eax]                          		EAX=b77e1d00, ECX=b50591e8, EDX=00000000, EBX=b77e2000, ESP=bf861e30, EBP=00000000, ESI=b5058000, EDI=b5058000
-1	25731	libc.so.6           	b4ebd5ae	                                        	83 e3 02                                          	and ebx, 0x2                                      		EAX=b77e1d00, ECX=b50591e8, EDX=00000000, EBX=00000000, ESP=bf861e30, EBP=00000000, ESI=b5058000, EDI=b5058000
-1	25731	libc.so.6           	b4ebd5b1	                                        	0f 85 d7 00 00 00                                 	jnz 0xb4ebd68e                                    		EAX=b77e1d00, ECX=b50591e8, EDX=00000000, EBX=00000000, ESP=bf861e30, EBP=00000000, ESI=b5058000, EDI=b5058000
-1	25731	libc.so.6           	b4ebd5b7	                                        	83 7c 24 6c 00                                    	cmp dword ptr [esp+0x6c], 0x0                     		EAX=b77e1d00, ECX=b50591e8, EDX=00000000, EBX=00000000, ESP=bf861e30, EBP=00000000, ESI=b5058000, EDI=b5058000
-1	25731	libc.so.6           	b4ebd5bc	                                        	74 1c                                             	jz 0xb4ebd5da                                     		EAX=b77e1d00, ECX=b50591e8, EDX=00000000, EBX=00000000, ESP=bf861e30, EBP=00000000, ESI=b5058000, EDI=b5058000
-1	25731	libc.so.6           	b4ebd5be	                                        	52                                                	push edx                                          		EAX=b77e1d00, ECX=b50591e8, EDX=00000000, EBX=00000000, ESP=bf861e30, EBP=00000000, ESI=b5058000, EDI=b5058000
-1	25731	libc.so.6           	b4ebd5bf	                                        	8b 44 24 0c                                       	mov eax, dword ptr [esp+0xc]                      		EAX=b77e1d00, ECX=b50591e8, EDX=00000000, EBX=00000000, ESP=bf861e2c, EBP=00000000, ESI=b5058000, EDI=b5058000
-1	25731	libc.so.6           	b4ebd5c3	                                        	8b 80 48 ff ff ff                                 	mov eax, dword ptr [eax-0xb8]                     		EAX=b5058000, ECX=b50591e8, EDX=00000000, EBX=00000000, ESP=bf861e2c, EBP=00000000, ESI=b5058000, EDI=b5058000
-1	25731	libc.so.6           	b4ebd5c9	                                        	ff 30                                             	push dword ptr [eax]                              		EAX=b5059dbc, ECX=b50591e8, EDX=00000000, EBX=00000000, ESP=bf861e2c, EBP=00000000, ESI=b5058000, EDI=b5058000
-1	25731	libc.so.6           	b4ebd5cb	                                        	ff 74 24 70                                       	push dword ptr [esp+0x70]                         		EAX=b5059dbc, ECX=b50591e8, EDX=00000000, EBX=00000000, ESP=bf861e28, EBP=00000000, ESI=b5058000, EDI=b5058000
-1	25731	libc.so.6           	b4ebd5cf	                                        	ff 74 24 70                                       	push dword ptr [esp+0x70]                         		EAX=b5059dbc, ECX=b50591e8, EDX=00000000, EBX=00000000, ESP=bf861e24, EBP=00000000, ESI=b5058000, EDI=b5058000
-1	25731	libc.so.6           	b4ebd5d3	                                        	ff 54 24 7c                                       	call dword ptr [esp+0x7c]                         		EAX=b5059dbc, ECX=b50591e8, EDX=00000000, EBX=00000000, ESP=bf861e20, EBP=00000000, ESI=b5058000, EDI=b5058000
-1	25731	unknown             	08048450	                                        	55                                                	push ebp                                          		EAX=b5059dbc, ECX=b50591e8, EDX=00000000, EBX=00000000, ESP=bf861e1c, EBP=00000000, ESI=b5058000, EDI=b5058000
-1	25731	unknown             	08048451	                                        	57                                                	push edi                                          		EAX=b5059dbc, ECX=b50591e8, EDX=00000000, EBX=00000000, ESP=bf861e18, EBP=00000000, ESI=b5058000, EDI=b5058000
-1	25731	unknown             	08048452	                                        	56                                                	push esi                                          		EAX=b5059dbc, ECX=b50591e8, EDX=00000000, EBX=00000000, ESP=bf861e14, EBP=00000000, ESI=b5058000, EDI=b5058000
-1	25731	unknown             	08048453	                                        	53                                                	push ebx                                          		EAX=b5059dbc, ECX=b50591e8, EDX=00000000, EBX=00000000, ESP=bf861e10, EBP=00000000, ESI=b5058000, EDI=b5058000
-1	25731	unknown             	08048454	                                        	e8 e7 fe ff ff                                    	call 0x8048340                                    		EAX=b5059dbc, ECX=b50591e8, EDX=00000000, EBX=00000000, ESP=bf861e0c, EBP=00000000, ESI=b5058000, EDI=b5058000
-1	25731	unknown             	08048340	                                        	8b 1c 24                                          	mov ebx, dword ptr [esp]                          		EAX=b5059dbc, ECX=b50591e8, EDX=00000000, EBX=00000000, ESP=bf861e08, EBP=00000000, ESI=b5058000, EDI=b5058000
-1	25731	unknown             	08048343	                                        	c3                                                	ret                                               		EAX=b5059dbc, ECX=b50591e8, EDX=00000000, EBX=08048459, ESP=bf861e08, EBP=00000000, ESI=b5058000, EDI=b5058000
-1	25731	unknown             	08048459	                                        	81 c3 a7 1b 00 00                                 	add ebx, 0x1ba7                                   		EAX=b5059dbc, ECX=b50591e8, EDX=00000000, EBX=08048459, ESP=bf861e0c, EBP=00000000, ESI=b5058000, EDI=b5058000
-1	25731	unknown             	0804845f	                                        	83 ec 0c                                          	sub esp, 0xc                                      		EAX=b5059dbc, ECX=b50591e8, EDX=00000000, EBX=0804a000, ESP=bf861e0c, EBP=00000000, ESI=b5058000, EDI=b5058000
-1	25731	unknown             	08048462	                                        	8b 6c 24 20                                       	mov ebp, dword ptr [esp+0x20]                     		EAX=b5059dbc, ECX=b50591e8, EDX=00000000, EBX=0804a000, ESP=bf861e00, EBP=00000000, ESI=b5058000, EDI=b5058000
-1	25731	unknown             	08048466	                                        	8d b3 0c ff ff ff                                 	lea esi, ptr [ebx-0xf4]                           		EAX=b5059dbc, ECX=b50591e8, EDX=00000000, EBX=0804a000, ESP=bf861e00, EBP=00000002, ESI=b5058000, EDI=b5058000
-1	25731	unknown             	0804846c	                                        	e8 37 fe ff ff                                    	call 0x80482a8                                    		EAX=b5059dbc, ECX=b50591e8, EDX=00000000, EBX=0804a000, ESP=bf861e00, EBP=00000002, ESI=08049f0c, EDI=b5058000
-1	25731	unknown             	080482a8	                                        	53                                                	push ebx                                          		EAX=b5059dbc, ECX=b50591e8, EDX=00000000, EBX=0804a000, ESP=bf861dfc, EBP=00000002, ESI=08049f0c, EDI=b5058000
-1	25731	unknown             	080482a9	                                        	83 ec 08                                          	sub esp, 0x8                                      		EAX=b5059dbc, ECX=b50591e8, EDX=00000000, EBX=0804a000, ESP=bf861df8, EBP=00000002, ESI=08049f0c, EDI=b5058000
-1	25731	unknown             	080482ac	                                        	e8 8f 00 00 00                                    	call 0x8048340                                    		EAX=b5059dbc, ECX=b50591e8, EDX=00000000, EBX=0804a000, ESP=bf861df0, EBP=00000002, ESI=08049f0c, EDI=b5058000
-1	25731	unknown             	08048340	                                        	8b 1c 24                                          	mov ebx, dword ptr [esp]                          		EAX=b5059dbc, ECX=b50591e8, EDX=00000000, EBX=0804a000, ESP=bf861dec, EBP=00000002, ESI=08049f0c, EDI=b5058000
-1	25731	unknown             	08048343	                                        	c3                                                	ret                                               		EAX=b5059dbc, ECX=b50591e8, EDX=00000000, EBX=080482b1, ESP=bf861dec, EBP=00000002, ESI=08049f0c, EDI=b5058000
-1	25731	unknown             	080482b1	                                        	81 c3 4f 1d 00 00                                 	add ebx, 0x1d4f                                   		EAX=b5059dbc, ECX=b50591e8, EDX=00000000, EBX=080482b1, ESP=bf861df0, EBP=00000002, ESI=08049f0c, EDI=b5058000
-1	25731	unknown             	080482b7	                                        	8b 83 fc ff ff ff                                 	mov eax, dword ptr [ebx-0x4]                      		EAX=b5059dbc, ECX=b50591e8, EDX=00000000, EBX=0804a000, ESP=bf861df0, EBP=00000002, ESI=08049f0c, EDI=b5058000
-1	25731	unknown             	080482bd	                                        	85 c0                                             	test eax, eax                                     		EAX=00000000, ECX=b50591e8, EDX=00000000, EBX=0804a000, ESP=bf861df0, EBP=00000002, ESI=08049f0c, EDI=b5058000
-1	25731	unknown             	080482bf	                                        	74 05                                             	jz 0x80482c6                                      		EAX=00000000, ECX=b50591e8, EDX=00000000, EBX=0804a000, ESP=bf861df0, EBP=00000002, ESI=08049f0c, EDI=b5058000
-1	25731	unknown             	080482c6	                                        	83 c4 08                                          	add esp, 0x8                                      		EAX=00000000, ECX=b50591e8, EDX=00000000, EBX=0804a000, ESP=bf861df0, EBP=00000002, ESI=08049f0c, EDI=b5058000
-1	25731	unknown             	080482c9	                                        	5b                                                	pop ebx                                           		EAX=00000000, ECX=b50591e8, EDX=00000000, EBX=0804a000, ESP=bf861df8, EBP=00000002, ESI=08049f0c, EDI=b5058000
-1	25731	unknown             	080482ca	                                        	c3                                                	ret                                               		EAX=00000000, ECX=b50591e8, EDX=00000000, EBX=0804a000, ESP=bf861dfc, EBP=00000002, ESI=08049f0c, EDI=b5058000
-1	25731	unknown             	08048471	                                        	8d 83 08 ff ff ff                                 	lea eax, ptr [ebx-0xf8]                           		EAX=00000000, ECX=b50591e8, EDX=00000000, EBX=0804a000, ESP=bf861e00, EBP=00000002, ESI=08049f0c, EDI=b5058000
-1	25731	unknown             	08048477	                                        	29 c6                                             	sub esi, eax                                      		EAX=08049f08, ECX=b50591e8, EDX=00000000, EBX=0804a000, ESP=bf861e00, EBP=00000002, ESI=08049f0c, EDI=b5058000
-1	25731	unknown             	08048479	                                        	c1 fe 02                                          	sar esi, 0x2                                      		EAX=08049f08, ECX=b50591e8, EDX=00000000, EBX=0804a000, ESP=bf861e00, EBP=00000002, ESI=00000004, EDI=b5058000
-1	25731	unknown             	0804847c	                                        	85 f6                                             	test esi, esi                                     		EAX=08049f08, ECX=b50591e8, EDX=00000000, EBX=0804a000, ESP=bf861e00, EBP=00000002, ESI=00000001, EDI=b5058000
-1	25731	unknown             	0804847e	                                        	74 25                                             	jz 0x80484a5                                      		EAX=08049f08, ECX=b50591e8, EDX=00000000, EBX=0804a000, ESP=bf861e00, EBP=00000002, ESI=00000001, EDI=b5058000
-1	25731	unknown             	08048480	                                        	31 ff                                             	xor edi, edi                                      		EAX=08049f08, ECX=b50591e8, EDX=00000000, EBX=0804a000, ESP=bf861e00, EBP=00000002, ESI=00000001, EDI=b5058000
-1	25731	unknown             	08048482	                                        	8d b6 00 00 00 00                                 	lea esi, ptr [esi]                                		EAX=08049f08, ECX=b50591e8, EDX=00000000, EBX=0804a000, ESP=bf861e00, EBP=00000002, ESI=00000001, EDI=00000000
-1	25731	unknown             	08048488	                                        	83 ec 04                                          	sub esp, 0x4                                      		EAX=08049f08, ECX=b50591e8, EDX=00000000, EBX=0804a000, ESP=bf861e00, EBP=00000002, ESI=00000001, EDI=00000000
-1	25731	unknown             	0804848b	                                        	ff 74 24 2c                                       	push dword ptr [esp+0x2c]                         		EAX=08049f08, ECX=b50591e8, EDX=00000000, EBX=0804a000, ESP=bf861dfc, EBP=00000002, ESI=00000001, EDI=00000000
-1	25731	unknown             	0804848f	                                        	ff 74 24 2c                                       	push dword ptr [esp+0x2c]                         		EAX=08049f08, ECX=b50591e8, EDX=00000000, EBX=0804a000, ESP=bf861df8, EBP=00000002, ESI=00000001, EDI=00000000
-1	25731	unknown             	08048493	                                        	55                                                	push ebp                                          		EAX=08049f08, ECX=b50591e8, EDX=00000000, EBX=0804a000, ESP=bf861df4, EBP=00000002, ESI=00000001, EDI=00000000
-1	25731	unknown             	08048494	                                        	ff 94 bb 08 ff ff ff                              	call dword ptr [ebx+edi*4-0xf8]                   		EAX=08049f08, ECX=b50591e8, EDX=00000000, EBX=0804a000, ESP=bf861df0, EBP=00000002, ESI=00000001, EDI=00000000
-1	25731	unknown             	080483e0	                                        	b8 10 9f 04 08                                    	mov eax, 0x8049f10                                		EAX=08049f08, ECX=b50591e8, EDX=00000000, EBX=0804a000, ESP=bf861dec, EBP=00000002, ESI=00000001, EDI=00000000
-1	25731	unknown             	080483e5	                                        	8b 10                                             	mov edx, dword ptr [eax]                          		EAX=08049f10, ECX=b50591e8, EDX=00000000, EBX=0804a000, ESP=bf861dec, EBP=00000002, ESI=00000001, EDI=00000000
-1	25731	unknown             	080483e7	                                        	85 d2                                             	test edx, edx                                     		EAX=08049f10, ECX=b50591e8, EDX=00000000, EBX=0804a000, ESP=bf861dec, EBP=00000002, ESI=00000001, EDI=00000000
-1	25731	unknown             	080483e9	                                        	75 05                                             	jnz 0x80483f0                                     		EAX=08049f10, ECX=b50591e8, EDX=00000000, EBX=0804a000, ESP=bf861dec, EBP=00000002, ESI=00000001, EDI=00000000
-1	25731	unknown             	080483eb	                                        	eb 93                                             	jmp 0x8048380                                     		EAX=08049f10, ECX=b50591e8, EDX=00000000, EBX=0804a000, ESP=bf861dec, EBP=00000002, ESI=00000001, EDI=00000000
-1	25731	unknown             	08048380	                                        	b8 1c a0 04 08                                    	mov eax, 0x804a01c                                		EAX=08049f10, ECX=b50591e8, EDX=00000000, EBX=0804a000, ESP=bf861dec, EBP=00000002, ESI=00000001, EDI=00000000
-1	25731	unknown             	08048385	                                        	2d 1c a0 04 08                                    	sub eax, 0x804a01c                                		EAX=0804a01c, ECX=b50591e8, EDX=00000000, EBX=0804a000, ESP=bf861dec, EBP=00000002, ESI=00000001, EDI=00000000
-1	25731	unknown             	0804838a	                                        	c1 f8 02                                          	sar eax, 0x2                                      		EAX=00000000, ECX=b50591e8, EDX=00000000, EBX=0804a000, ESP=bf861dec, EBP=00000002, ESI=00000001, EDI=00000000
-1	25731	unknown             	0804838d	                                        	89 c2                                             	mov edx, eax                                      		EAX=00000000, ECX=b50591e8, EDX=00000000, EBX=0804a000, ESP=bf861dec, EBP=00000002, ESI=00000001, EDI=00000000
-1	25731	unknown             	0804838f	                                        	c1 ea 1f                                          	shr edx, 0x1f                                     		EAX=00000000, ECX=b50591e8, EDX=00000000, EBX=0804a000, ESP=bf861dec, EBP=00000002, ESI=00000001, EDI=00000000
-1	25731	unknown             	08048392	                                        	01 d0                                             	add eax, edx                                      		EAX=00000000, ECX=b50591e8, EDX=00000000, EBX=0804a000, ESP=bf861dec, EBP=00000002, ESI=00000001, EDI=00000000
-1	25731	unknown             	08048394	                                        	d1 f8                                             	sar eax, 0x1                                      		EAX=00000000, ECX=b50591e8, EDX=00000000, EBX=0804a000, ESP=bf861dec, EBP=00000002, ESI=00000001, EDI=00000000
-1	25731	unknown             	08048396	                                        	74 1b                                             	jz 0x80483b3                                      		EAX=00000000, ECX=b50591e8, EDX=00000000, EBX=0804a000, ESP=bf861dec, EBP=00000002, ESI=00000001, EDI=00000000
-1	25731	unknown             	080483b3	                                        	f3 c3                                             	ret                                               		EAX=00000000, ECX=b50591e8, EDX=00000000, EBX=0804a000, ESP=bf861dec, EBP=00000002, ESI=00000001, EDI=00000000
-1	25731	unknown             	0804849b	                                        	83 c7 01                                          	add edi, 0x1                                      		EAX=00000000, ECX=b50591e8, EDX=00000000, EBX=0804a000, ESP=bf861df0, EBP=00000002, ESI=00000001, EDI=00000000
-1	25731	unknown             	0804849e	                                        	83 c4 10                                          	add esp, 0x10                                     		EAX=00000000, ECX=b50591e8, EDX=00000000, EBX=0804a000, ESP=bf861df0, EBP=00000002, ESI=00000001, EDI=00000001
-1	25731	unknown             	080484a1	                                        	39 f7                                             	cmp edi, esi                                      		EAX=00000000, ECX=b50591e8, EDX=00000000, EBX=0804a000, ESP=bf861e00, EBP=00000002, ESI=00000001, EDI=00000001
-1	25731	unknown             	080484a3	                                        	75 e3                                             	jnz 0x8048488                                     		EAX=00000000, ECX=b50591e8, EDX=00000000, EBX=0804a000, ESP=bf861e00, EBP=00000002, ESI=00000001, EDI=00000001
-1	25731	unknown             	080484a5	                                        	83 c4 0c                                          	add esp, 0xc                                      		EAX=00000000, ECX=b50591e8, EDX=00000000, EBX=0804a000, ESP=bf861e00, EBP=00000002, ESI=00000001, EDI=00000001
-1	25731	unknown             	080484a8	                                        	5b                                                	pop ebx                                           		EAX=00000000, ECX=b50591e8, EDX=00000000, EBX=0804a000, ESP=bf861e0c, EBP=00000002, ESI=00000001, EDI=00000001
-1	25731	unknown             	080484a9	                                        	5e                                                	pop esi                                           		EAX=00000000, ECX=b50591e8, EDX=00000000, EBX=00000000, ESP=bf861e10, EBP=00000002, ESI=00000001, EDI=00000001
-1	25731	unknown             	080484aa	                                        	5f                                                	pop edi                                           		EAX=00000000, ECX=b50591e8, EDX=00000000, EBX=00000000, ESP=bf861e14, EBP=00000002, ESI=b5058000, EDI=00000001
-1	25731	unknown             	080484ab	                                        	5d                                                	pop ebp                                           		EAX=00000000, ECX=b50591e8, EDX=00000000, EBX=00000000, ESP=bf861e18, EBP=00000002, ESI=b5058000, EDI=b5058000
-1	25731	unknown             	080484ac	                                        	c3                                                	ret                                               		EAX=00000000, ECX=b50591e8, EDX=00000000, EBX=00000000, ESP=bf861e1c, EBP=00000000, ESI=b5058000, EDI=b5058000
-1	25731	libc.so.6           	b4ebd5d7	                                        	83 c4 10                                          	add esp, 0x10                                     		EAX=00000000, ECX=b50591e8, EDX=00000000, EBX=00000000, ESP=bf861e20, EBP=00000000, ESI=b5058000, EDI=b5058000
-1	25731	libc.so.6           	b4ebd5da	                                        	8b 44 24 08                                       	mov eax, dword ptr [esp+0x8]                      		EAX=00000000, ECX=b50591e8, EDX=00000000, EBX=00000000, ESP=bf861e30, EBP=00000000, ESI=b5058000, EDI=b5058000
-1	25731	libc.so.6           	b4ebd5de	                                        	8b 80 24 ff ff ff                                 	mov eax, dword ptr [eax-0xdc]                     		EAX=b5058000, ECX=b50591e8, EDX=00000000, EBX=00000000, ESP=bf861e30, EBP=00000000, ESI=b5058000, EDI=b5058000
-1	25731	libc.so.6           	b4ebd5e4	                                        	8b 90 10 02 00 00                                 	mov edx, dword ptr [eax+0x210]                    		EAX=b77e1d00, ECX=b50591e8, EDX=00000000, EBX=00000000, ESP=bf861e30, EBP=00000000, ESI=b5058000, EDI=b5058000
-1	25731	libc.so.6           	b4ebd5ea	                                        	85 d2                                             	test edx, edx                                     		EAX=b77e1d00, ECX=b50591e8, EDX=00000000, EBX=00000000, ESP=bf861e30, EBP=00000000, ESI=b5058000, EDI=b5058000
-1	25731	libc.so.6           	b4ebd5ec	                                        	0f 85 00 01 00 00                                 	jnz 0xb4ebd6f2                                    		EAX=b77e1d00, ECX=b50591e8, EDX=00000000, EBX=00000000, ESP=bf861e30, EBP=00000000, ESI=b5058000, EDI=b5058000
-1	25731	libc.so.6           	b4ebd5f2	                                        	85 db                                             	test ebx, ebx                                     		EAX=b77e1d00, ECX=b50591e8, EDX=00000000, EBX=00000000, ESP=bf861e30, EBP=00000000, ESI=b5058000, EDI=b5058000
-1	25731	libc.so.6           	b4ebd5f4	                                        	0f 85 d1 00 00 00                                 	jnz 0xb4ebd6cb                                    		EAX=b77e1d00, ECX=b50591e8, EDX=00000000, EBX=00000000, ESP=bf861e30, EBP=00000000, ESI=b5058000, EDI=b5058000
-1	25731	libc.so.6           	b4ebd5fa	                                        	83 ec 0c                                          	sub esp, 0xc                                      		EAX=b77e1d00, ECX=b50591e8, EDX=00000000, EBX=00000000, ESP=bf861e30, EBP=00000000, ESI=b5058000, EDI=b5058000
-1	25731	libc.so.6           	b4ebd5fd	                                        	8d 44 24 20                                       	lea eax, ptr [esp+0x20]                           		EAX=b77e1d00, ECX=b50591e8, EDX=00000000, EBX=00000000, ESP=bf861e24, EBP=00000000, ESI=b5058000, EDI=b5058000
-1	25731	libc.so.6           	b4ebd601	                                        	50                                                	push eax                                          		EAX=bf861e44, ECX=b50591e8, EDX=00000000, EBX=00000000, ESP=bf861e24, EBP=00000000, ESI=b5058000, EDI=b5058000
-1	25731	libc.so.6           	b4ebd602	                                        	e8 79 36 01 00                                    	call 0xb4ed0c80                                   		EAX=bf861e44, ECX=b50591e8, EDX=00000000, EBX=00000000, ESP=bf861e20, EBP=00000000, ESI=b5058000, EDI=b5058000
-1	25731	libc.so.6           	b4ed0c80	                                        	31 c0                                             	xor eax, eax                                      		EAX=bf861e44, ECX=b50591e8, EDX=00000000, EBX=00000000, ESP=bf861e1c, EBP=00000000, ESI=b5058000, EDI=b5058000
-1	25731	libc.so.6           	b4ed0c82	                                        	8b 54 24 04                                       	mov edx, dword ptr [esp+0x4]                      		EAX=00000000, ECX=b50591e8, EDX=00000000, EBX=00000000, ESP=bf861e1c, EBP=00000000, ESI=b5058000, EDI=b5058000
-1	25731	libc.so.6           	b4ed0c86	                                        	89 1a                                             	mov dword ptr [edx], ebx                          		EAX=00000000, ECX=b50591e8, EDX=bf861e44, EBX=00000000, ESP=bf861e1c, EBP=00000000, ESI=b5058000, EDI=b5058000
-1	25731	libc.so.6           	b4ed0c88	                                        	89 72 04                                          	mov dword ptr [edx+0x4], esi                      		EAX=00000000, ECX=b50591e8, EDX=bf861e44, EBX=00000000, ESP=bf861e1c, EBP=00000000, ESI=b5058000, EDI=b5058000
-1	25731	libc.so.6           	b4ed0c8b	                                        	89 7a 08                                          	mov dword ptr [edx+0x8], edi                      		EAX=00000000, ECX=b50591e8, EDX=bf861e44, EBX=00000000, ESP=bf861e1c, EBP=00000000, ESI=b5058000, EDI=b5058000
-1	25731	libc.so.6           	b4ed0c8e	                                        	8d 4c 24 04                                       	lea ecx, ptr [esp+0x4]                            		EAX=00000000, ECX=b50591e8, EDX=bf861e44, EBX=00000000, ESP=bf861e1c, EBP=00000000, ESI=b5058000, EDI=b5058000
-1	25731	libc.so.6           	b4ed0c92	                                        	65 33 0d 18 00 00 00                              	xor ecx, dword ptr gs:[0x18]                      		EAX=00000000, ECX=bf861e20, EDX=bf861e44, EBX=00000000, ESP=bf861e1c, EBP=00000000, ESI=b5058000, EDI=b5058000
-1	25731	libc.so.6           	b4ed0c99	                                        	c1 c1 09                                          	rol ecx, 0x9                                      		EAX=00000000, ECX=b8cc8848, EDX=bf861e44, EBX=00000000, ESP=bf861e1c, EBP=00000000, ESI=b5058000, EDI=b5058000
-1	25731	libc.so.6           	b4ed0c9c	                                        	89 4a 10                                          	mov dword ptr [edx+0x10], ecx                     		EAX=00000000, ECX=99109171, EDX=bf861e44, EBX=00000000, ESP=bf861e1c, EBP=00000000, ESI=b5058000, EDI=b5058000
-1	25731	libc.so.6           	b4ed0c9f	                                        	8b 0c 24                                          	mov ecx, dword ptr [esp]                          		EAX=00000000, ECX=99109171, EDX=bf861e44, EBX=00000000, ESP=bf861e1c, EBP=00000000, ESI=b5058000, EDI=b5058000
-1	25731	libc.so.6           	b4ed0ca2	                                        	90                                                	nop                                               		EAX=00000000, ECX=b4ebd607, EDX=bf861e44, EBX=00000000, ESP=bf861e1c, EBP=00000000, ESI=b5058000, EDI=b5058000
-1	25731	libc.so.6           	b4ed0ca3	                                        	65 33 0d 18 00 00 00                              	xor ecx, dword ptr gs:[0x18]                      		EAX=00000000, ECX=b4ebd607, EDX=bf861e44, EBX=00000000, ESP=bf861e1c, EBP=00000000, ESI=b5058000, EDI=b5058000
-1	25731	libc.so.6           	b4ed0caa	                                        	c1 c1 09                                          	rol ecx, 0x9                                      		EAX=00000000, ECX=b3a1406f, EDX=bf861e44, EBX=00000000, ESP=bf861e1c, EBP=00000000, ESI=b5058000, EDI=b5058000
-1	25731	libc.so.6           	b4ed0cad	                                        	89 4a 14                                          	mov dword ptr [edx+0x14], ecx                     		EAX=00000000, ECX=4280df67, EDX=bf861e44, EBX=00000000, ESP=bf861e1c, EBP=00000000, ESI=b5058000, EDI=b5058000
-1	25731	libc.so.6           	b4ed0cb0	                                        	89 6a 0c                                          	mov dword ptr [edx+0xc], ebp                      		EAX=00000000, ECX=4280df67, EDX=bf861e44, EBX=00000000, ESP=bf861e1c, EBP=00000000, ESI=b5058000, EDI=b5058000
-1	25731	libc.so.6           	b4ed0cb3	                                        	89 42 18                                          	mov dword ptr [edx+0x18], eax                     		EAX=00000000, ECX=4280df67, EDX=bf861e44, EBX=00000000, ESP=bf861e1c, EBP=00000000, ESI=b5058000, EDI=b5058000
-1	25731	libc.so.6           	b4ed0cb6	                                        	c3                                                	ret                                               		EAX=00000000, ECX=4280df67, EDX=bf861e44, EBX=00000000, ESP=bf861e1c, EBP=00000000, ESI=b5058000, EDI=b5058000
-1	25731	libc.so.6           	b4ebd607	_setjmp                                 	83 c4 10                                          	add esp, 0x10                                     		EAX=00000000, ECX=4280df67, EDX=bf861e44, EBX=00000000, ESP=bf861e20, EBP=00000000, ESI=b5058000, EDI=b5058000
-1	25731	libc.so.6           	b4ebd60a	                                        	85 c0                                             	test eax, eax                                     		EAX=00000000, ECX=4280df67, EDX=bf861e44, EBX=00000000, ESP=bf861e30, EBP=00000000, ESI=b5058000, EDI=b5058000
-1	25731	libc.so.6           	b4ebd60c	                                        	75 4c                                             	jnz 0xb4ebd65a                                    		EAX=00000000, ECX=4280df67, EDX=bf861e44, EBX=00000000, ESP=bf861e30, EBP=00000000, ESI=b5058000, EDI=b5058000
-1	25731	libc.so.6           	b4ebd60e	                                        	65 a1 80 00 00 00                                 	mov eax, dword ptr gs:[0x80]                      		EAX=00000000, ECX=4280df67, EDX=bf861e44, EBX=00000000, ESP=bf861e30, EBP=00000000, ESI=b5058000, EDI=b5058000
-1	25731	libc.so.6           	b4ebd614	                                        	89 44 24 30                                       	mov dword ptr [esp+0x30], eax                     		EAX=00000000, ECX=4280df67, EDX=bf861e44, EBX=00000000, ESP=bf861e30, EBP=00000000, ESI=b5058000, EDI=b5058000
-1	25731	libc.so.6           	b4ebd618	                                        	65 a1 7c 00 00 00                                 	mov eax, dword ptr gs:[0x7c]                      		EAX=00000000, ECX=4280df67, EDX=bf861e44, EBX=00000000, ESP=bf861e30, EBP=00000000, ESI=b5058000, EDI=b5058000
-1	25731	libc.so.6           	b4ebd61e	                                        	89 44 24 34                                       	mov dword ptr [esp+0x34], eax                     		EAX=00000000, ECX=4280df67, EDX=bf861e44, EBX=00000000, ESP=bf861e30, EBP=00000000, ESI=b5058000, EDI=b5058000
-1	25731	libc.so.6           	b4ebd622	                                        	8d 44 24 14                                       	lea eax, ptr [esp+0x14]                           		EAX=00000000, ECX=4280df67, EDX=bf861e44, EBX=00000000, ESP=bf861e30, EBP=00000000, ESI=b5058000, EDI=b5058000
-1	25731	libc.so.6           	b4ebd626	                                        	65 a3 80 00 00 00                                 	mov dword ptr gs:[0x80], eax                      		EAX=bf861e44, ECX=4280df67, EDX=bf861e44, EBX=00000000, ESP=bf861e30, EBP=00000000, ESI=b5058000, EDI=b5058000
-1	25731	libc.so.6           	b4ebd62c	                                        	83 ec 04                                          	sub esp, 0x4                                      		EAX=bf861e44, ECX=4280df67, EDX=bf861e44, EBX=00000000, ESP=bf861e30, EBP=00000000, ESI=b5058000, EDI=b5058000
-1	25731	libc.so.6           	b4ebd62f	                                        	8b 44 24 0c                                       	mov eax, dword ptr [esp+0xc]                      		EAX=bf861e44, ECX=4280df67, EDX=bf861e44, EBX=00000000, ESP=bf861e2c, EBP=00000000, ESI=b5058000, EDI=b5058000
-1	25731	libc.so.6           	b4ebd633	                                        	8b 80 48 ff ff ff                                 	mov eax, dword ptr [eax-0xb8]                     		EAX=b5058000, ECX=4280df67, EDX=bf861e44, EBX=00000000, ESP=bf861e2c, EBP=00000000, ESI=b5058000, EDI=b5058000
-1	25731	libc.so.6           	b4ebd639	                                        	ff 30                                             	push dword ptr [eax]                              		EAX=b5059dbc, ECX=4280df67, EDX=bf861e44, EBX=00000000, ESP=bf861e2c, EBP=00000000, ESI=b5058000, EDI=b5058000
-1	25731	libc.so.6           	b4ebd63b	                                        	ff 74 24 70                                       	push dword ptr [esp+0x70]                         		EAX=b5059dbc, ECX=4280df67, EDX=bf861e44, EBX=00000000, ESP=bf861e28, EBP=00000000, ESI=b5058000, EDI=b5058000
-1	25731	libc.so.6           	b4ebd63f	                                        	ff 74 24 70                                       	push dword ptr [esp+0x70]                         		EAX=b5059dbc, ECX=4280df67, EDX=bf861e44, EBX=00000000, ESP=bf861e24, EBP=00000000, ESI=b5058000, EDI=b5058000
-1	25731	libc.so.6           	b4ebd643	                                        	ff 54 24 70                                       	call dword ptr [esp+0x70]                         		EAX=b5059dbc, ECX=4280df67, EDX=bf861e44, EBX=00000000, ESP=bf861e20, EBP=00000000, ESI=b5058000, EDI=b5058000
-1	25731	unknown             	0804840b	                                        	8d 4c 24 04                                       	lea ecx, ptr [esp+0x4]                            		EAX=b5059dbc, ECX=4280df67, EDX=bf861e44, EBX=00000000, ESP=bf861e1c, EBP=00000000, ESI=b5058000, EDI=b5058000
-1	25731	unknown             	0804840f	                                        	83 e4 f0                                          	and esp, 0xfffffff0                               		EAX=b5059dbc, ECX=bf861e20, EDX=bf861e44, EBX=00000000, ESP=bf861e1c, EBP=00000000, ESI=b5058000, EDI=b5058000
-1	25731	unknown             	08048412	                                        	ff 71 fc                                          	push dword ptr [ecx-0x4]                          		EAX=b5059dbc, ECX=bf861e20, EDX=bf861e44, EBX=00000000, ESP=bf861e10, EBP=00000000, ESI=b5058000, EDI=b5058000
-1	25731	unknown             	08048415	                                        	55                                                	push ebp                                          		EAX=b5059dbc, ECX=bf861e20, EDX=bf861e44, EBX=00000000, ESP=bf861e0c, EBP=00000000, ESI=b5058000, EDI=b5058000
-1	25731	unknown             	08048416	                                        	89 e5                                             	mov ebp, esp                                      		EAX=b5059dbc, ECX=bf861e20, EDX=bf861e44, EBX=00000000, ESP=bf861e08, EBP=00000000, ESI=b5058000, EDI=b5058000
-1	25731	unknown             	08048418	                                        	51                                                	push ecx                                          		EAX=b5059dbc, ECX=bf861e20, EDX=bf861e44, EBX=00000000, ESP=bf861e08, EBP=bf861e08, ESI=b5058000, EDI=b5058000
-1	25731	unknown             	08048419	                                        	83 ec 14                                          	sub esp, 0x14                                     		EAX=b5059dbc, ECX=bf861e20, EDX=bf861e44, EBX=00000000, ESP=bf861e04, EBP=bf861e08, ESI=b5058000, EDI=b5058000
-1	25731	unknown             	0804841c	                                        	89 c8                                             	mov eax, ecx                                      		EAX=b5059dbc, ECX=bf861e20, EDX=bf861e44, EBX=00000000, ESP=bf861df0, EBP=bf861e08, ESI=b5058000, EDI=b5058000
-1	25731	unknown             	0804841e	                                        	8b 40 04                                          	mov eax, dword ptr [eax+0x4]                      		EAX=bf861e20, ECX=bf861e20, EDX=bf861e44, EBX=00000000, ESP=bf861df0, EBP=bf861e08, ESI=b5058000, EDI=b5058000
-1	25731	unknown             	08048421	                                        	83 c0 04                                          	add eax, 0x4                                      		EAX=bf861eb4, ECX=bf861e20, EDX=bf861e44, EBX=00000000, ESP=bf861df0, EBP=bf861e08, ESI=b5058000, EDI=b5058000
-1	25731	unknown             	08048424	                                        	8b 00                                             	mov eax, dword ptr [eax]                          		EAX=bf861eb8, ECX=bf861e20, EDX=bf861e44, EBX=00000000, ESP=bf861df0, EBP=bf861e08, ESI=b5058000, EDI=b5058000
-1	25731	unknown             	08048426	                                        	83 ec 0c                                          	sub esp, 0xc                                      		EAX=bf8634e1, ECX=bf861e20, EDX=bf861e44, EBX=00000000, ESP=bf861df0, EBP=bf861e08, ESI=b5058000, EDI=b5058000
-1	25731	unknown             	08048429	                                        	50                                                	push eax                                          		EAX=bf8634e1, ECX=bf861e20, EDX=bf861e44, EBX=00000000, ESP=bf861de4, EBP=bf861e08, ESI=b5058000, EDI=b5058000
-1	25731	unknown             	0804842a	                                        	e8 c1 fe ff ff                                    	call 0x80482f0                                    		EAX=bf8634e1, ECX=bf861e20, EDX=bf861e44, EBX=00000000, ESP=bf861de0, EBP=bf861e08, ESI=b5058000, EDI=b5058000
-1	25731	unknown             	080482f0	                                        	ff 25 10 a0 04 08                                 	jmp dword ptr [0x804a010]                         		EAX=bf8634e1, ECX=bf861e20, EDX=bf861e44, EBX=00000000, ESP=bf861ddc, EBP=bf861e08, ESI=b5058000, EDI=b5058000
-1	25731	unknown             	080482f6	                                        	68 08 00 00 00                                    	push 0x8                                          		EAX=bf8634e1, ECX=bf861e20, EDX=bf861e44, EBX=00000000, ESP=bf861ddc, EBP=bf861e08, ESI=b5058000, EDI=b5058000
-1	25731	unknown             	080482fb	                                        	e9 d0 ff ff ff                                    	jmp 0x80482d0                                     		EAX=bf8634e1, ECX=bf861e20, EDX=bf861e44, EBX=00000000, ESP=bf861dd8, EBP=bf861e08, ESI=b5058000, EDI=b5058000
-1	25731	unknown             	080482d0	                                        	ff 35 04 a0 04 08                                 	push dword ptr [0x804a004]                        		EAX=bf8634e1, ECX=bf861e20, EDX=bf861e44, EBX=00000000, ESP=bf861dd8, EBP=bf861e08, ESI=b5058000, EDI=b5058000
-1	25731	unknown             	080482d6	                                        	ff 25 08 a0 04 08                                 	jmp dword ptr [0x804a008]                         		EAX=bf8634e1, ECX=bf861e20, EDX=bf861e44, EBX=00000000, ESP=bf861dd4, EBP=bf861e08, ESI=b5058000, EDI=b5058000
-1	25731	ld-linux.so.2       	b77d3000	                                        	50                                                	push eax                                          		EAX=bf8634e1, ECX=bf861e20, EDX=bf861e44, EBX=00000000, ESP=bf861dd4, EBP=bf861e08, ESI=b5058000, EDI=b5058000
-1	25731	ld-linux.so.2       	b77d3001	                                        	51                                                	push ecx                                          		EAX=bf8634e1, ECX=bf861e20, EDX=bf861e44, EBX=00000000, ESP=bf861dd0, EBP=bf861e08, ESI=b5058000, EDI=b5058000
-1	25731	ld-linux.so.2       	b77d3002	                                        	52                                                	push edx                                          		EAX=bf8634e1, ECX=bf861e20, EDX=bf861e44, EBX=00000000, ESP=bf861dcc, EBP=bf861e08, ESI=b5058000, EDI=b5058000
-1	25731	ld-linux.so.2       	b77d3003	                                        	8b 54 24 10                                       	mov edx, dword ptr [esp+0x10]                     		EAX=bf8634e1, ECX=bf861e20, EDX=bf861e44, EBX=00000000, ESP=bf861dc8, EBP=bf861e08, ESI=b5058000, EDI=b5058000
-1	25731	ld-linux.so.2       	b77d3007	                                        	8b 44 24 0c                                       	mov eax, dword ptr [esp+0xc]                      		EAX=bf8634e1, ECX=bf861e20, EDX=00000008, EBX=00000000, ESP=bf861dc8, EBP=bf861e08, ESI=b5058000, EDI=b5058000
-1	25731	ld-linux.so.2       	b77d300b	                                        	e8 d0 97 ff ff                                    	call 0xb77cc7e0                                   		EAX=b77e2918, ECX=bf861e20, EDX=00000008, EBX=00000000, ESP=bf861dc8, EBP=bf861e08, ESI=b5058000, EDI=b5058000
-1	25731	ld-linux.so.2       	b77cc7e0	                                        	55                                                	push ebp                                          		EAX=b77e2918, ECX=bf861e20, EDX=00000008, EBX=00000000, ESP=bf861dc4, EBP=bf861e08, ESI=b5058000, EDI=b5058000
-1	25731	ld-linux.so.2       	b77cc7e1	                                        	57                                                	push edi                                          		EAX=b77e2918, ECX=bf861e20, EDX=00000008, EBX=00000000, ESP=bf861dc0, EBP=bf861e08, ESI=b5058000, EDI=b5058000
-1	25731	ld-linux.so.2       	b77cc7e2	                                        	89 c7                                             	mov edi, eax                                      		EAX=b77e2918, ECX=bf861e20, EDX=00000008, EBX=00000000, ESP=bf861dbc, EBP=bf861e08, ESI=b5058000, EDI=b5058000
-1	25731	ld-linux.so.2       	b77cc7e4	                                        	56                                                	push esi                                          		EAX=b77e2918, ECX=bf861e20, EDX=00000008, EBX=00000000, ESP=bf861dbc, EBP=bf861e08, ESI=b5058000, EDI=b77e2918
-1	25731	ld-linux.so.2       	b77cc7e5	                                        	53                                                	push ebx                                          		EAX=b77e2918, ECX=bf861e20, EDX=00000008, EBX=00000000, ESP=bf861db8, EBP=bf861e08, ESI=b5058000, EDI=b77e2918
-1	25731	ld-linux.so.2       	b77cc7e6	                                        	e8 02 b1 00 00                                    	call 0xb77d78ed                                   		EAX=b77e2918, ECX=bf861e20, EDX=00000008, EBX=00000000, ESP=bf861db4, EBP=bf861e08, ESI=b5058000, EDI=b77e2918
-1	25731	ld-linux.so.2       	b77d78ed	                                        	8b 34 24                                          	mov esi, dword ptr [esp]                          		EAX=b77e2918, ECX=bf861e20, EDX=00000008, EBX=00000000, ESP=bf861db0, EBP=bf861e08, ESI=b5058000, EDI=b77e2918
-1	25731	ld-linux.so.2       	b77d78f0	                                        	c3                                                	ret                                               		EAX=b77e2918, ECX=bf861e20, EDX=00000008, EBX=00000000, ESP=bf861db0, EBP=bf861e08, ESI=b77cc7eb, EDI=b77e2918
-1	25731	ld-linux.so.2       	b77cc7eb	                                        	81 c6 15 58 01 00                                 	add esi, 0x15815                                  		EAX=b77e2918, ECX=bf861e20, EDX=00000008, EBX=00000000, ESP=bf861db4, EBP=bf861e08, ESI=b77cc7eb, EDI=b77e2918
-1	25731	ld-linux.so.2       	b77cc7f1	                                        	83 ec 2c                                          	sub esp, 0x2c                                     		EAX=b77e2918, ECX=bf861e20, EDX=00000008, EBX=00000000, ESP=bf861db4, EBP=bf861e08, ESI=b77e2000, EDI=b77e2918
-1	25731	ld-linux.so.2       	b77cc7f4	                                        	8b 4f 7c                                          	mov ecx, dword ptr [edi+0x7c]                     		EAX=b77e2918, ECX=bf861e20, EDX=00000008, EBX=00000000, ESP=bf861d88, EBP=bf861e08, ESI=b77e2000, EDI=b77e2918
-1	25731	ld-linux.so.2       	b77cc7f7	                                        	8b 40 34                                          	mov eax, dword ptr [eax+0x34]                     		EAX=b77e2918, ECX=08049f94, EDX=00000008, EBX=00000000, ESP=bf861d88, EBP=bf861e08, ESI=b77e2000, EDI=b77e2918
-1	25731	ld-linux.so.2       	b77cc7fa	                                        	89 74 24 08                                       	mov dword ptr [esp+0x8], esi                      		EAX=08049f54, ECX=08049f94, EDX=00000008, EBX=00000000, ESP=bf861d88, EBP=bf861e08, ESI=b77e2000, EDI=b77e2918
-1	25731	ld-linux.so.2       	b77cc7fe	                                        	03 51 04                                          	add edx, dword ptr [ecx+0x4]                      		EAX=08049f54, ECX=08049f94, EDX=00000008, EBX=00000000, ESP=bf861d88, EBP=bf861e08, ESI=b77e2000, EDI=b77e2918
-1	25731	ld-linux.so.2       	b77cc801	                                        	8b 40 04                                          	mov eax, dword ptr [eax+0x4]                      		EAX=08049f54, ECX=08049f94, EDX=080482a0, EBX=00000000, ESP=bf861d88, EBP=bf861e08, ESI=b77e2000, EDI=b77e2918
-1	25731	ld-linux.so.2       	b77cc804	                                        	8b 4f 38                                          	mov ecx, dword ptr [edi+0x38]                     		EAX=0804821c, ECX=08049f94, EDX=080482a0, EBX=00000000, ESP=bf861d88, EBP=bf861e08, ESI=b77e2000, EDI=b77e2918
-1	25731	ld-linux.so.2       	b77cc807	                                        	89 44 24 0c                                       	mov dword ptr [esp+0xc], eax                      		EAX=0804821c, ECX=08049f5c, EDX=080482a0, EBX=00000000, ESP=bf861d88, EBP=bf861e08, ESI=b77e2000, EDI=b77e2918
-1	25731	ld-linux.so.2       	b77cc80b	                                        	89 d5                                             	mov ebp, edx                                      		EAX=0804821c, ECX=08049f5c, EDX=080482a0, EBX=00000000, ESP=bf861d88, EBP=bf861e08, ESI=b77e2000, EDI=b77e2918
-1	25731	ld-linux.so.2       	b77cc80d	                                        	8b 52 04                                          	mov edx, dword ptr [edx+0x4]                      		EAX=0804821c, ECX=08049f5c, EDX=080482a0, EBX=00000000, ESP=bf861d88, EBP=080482a0, ESI=b77e2000, EDI=b77e2918
-1	25731	ld-linux.so.2       	b77cc810	                                        	8b 45 00                                          	mov eax, dword ptr [ebp]                          		EAX=0804821c, ECX=08049f5c, EDX=00000307, EBX=00000000, ESP=bf861d88, EBP=080482a0, ESI=b77e2000, EDI=b77e2918
-1	25731	ld-linux.so.2       	b77cc813	                                        	89 d6                                             	mov esi, edx                                      		EAX=0804a010, ECX=08049f5c, EDX=00000307, EBX=00000000, ESP=bf861d88, EBP=080482a0, ESI=b77e2000, EDI=b77e2918
-1	25731	ld-linux.so.2       	b77cc815	                                        	c1 ee 08                                          	shr esi, 0x8                                      		EAX=0804a010, ECX=08049f5c, EDX=00000307, EBX=00000000, ESP=bf861d88, EBP=080482a0, ESI=00000307, EDI=b77e2918
-1	25731	ld-linux.so.2       	b77cc818	                                        	89 f3                                             	mov ebx, esi                                      		EAX=0804a010, ECX=08049f5c, EDX=00000307, EBX=00000000, ESP=bf861d88, EBP=080482a0, ESI=00000003, EDI=b77e2918
-1	25731	ld-linux.so.2       	b77cc81a	                                        	c1 e3 04                                          	shl ebx, 0x4                                      		EAX=0804a010, ECX=08049f5c, EDX=00000307, EBX=00000003, ESP=bf861d88, EBP=080482a0, ESI=00000003, EDI=b77e2918
-1	25731	ld-linux.so.2       	b77cc81d	                                        	03 59 04                                          	add ebx, dword ptr [ecx+0x4]                      		EAX=0804a010, ECX=08049f5c, EDX=00000307, EBX=00000030, ESP=bf861d88, EBP=080482a0, ESI=00000003, EDI=b77e2918
-1	25731	ld-linux.so.2       	b77cc820	                                        	8b 0f                                             	mov ecx, dword ptr [edi]                          		EAX=0804a010, ECX=08049f5c, EDX=00000307, EBX=080481fc, ESP=bf861d88, EBP=080482a0, ESI=00000003, EDI=b77e2918
-1	25731	ld-linux.so.2       	b77cc822	                                        	01 c8                                             	add eax, ecx                                      		EAX=0804a010, ECX=00000000, EDX=00000307, EBX=080481fc, ESP=bf861d88, EBP=080482a0, ESI=00000003, EDI=b77e2918
-1	25731	ld-linux.so.2       	b77cc824	                                        	80 fa 07                                          	cmp dl, 0x7                                       		EAX=0804a010, ECX=00000000, EDX=00000307, EBX=080481fc, ESP=bf861d88, EBP=080482a0, ESI=00000003, EDI=b77e2918
-1	25731	ld-linux.so.2       	b77cc827	                                        	89 5c 24 1c                                       	mov dword ptr [esp+0x1c], ebx                     		EAX=0804a010, ECX=00000000, EDX=00000307, EBX=080481fc, ESP=bf861d88, EBP=080482a0, ESI=00000003, EDI=b77e2918
-1	25731	ld-linux.so.2       	b77cc82b	                                        	0f 85 3e 01 00 00                                 	jnz 0xb77cc96f                                    		EAX=0804a010, ECX=00000000, EDX=00000307, EBX=080481fc, ESP=bf861d88, EBP=080482a0, ESI=00000003, EDI=b77e2918
-1	25731	ld-linux.so.2       	b77cc831	                                        	f6 43 0d 03                                       	test byte ptr [ebx+0xd], 0x3                      		EAX=0804a010, ECX=00000000, EDX=00000307, EBX=080481fc, ESP=bf861d88, EBP=080482a0, ESI=00000003, EDI=b77e2918
-1	25731	ld-linux.so.2       	b77cc835	                                        	89 c5                                             	mov ebp, eax                                      		EAX=0804a010, ECX=00000000, EDX=00000307, EBX=080481fc, ESP=bf861d88, EBP=080482a0, ESI=00000003, EDI=b77e2918
-1	25731	ld-linux.so.2       	b77cc837	                                        	0f 85 d3 00 00 00                                 	jnz 0xb77cc910                                    		EAX=0804a010, ECX=00000000, EDX=00000307, EBX=080481fc, ESP=bf861d88, EBP=0804a010, ESI=00000003, EDI=b77e2918
-1	25731	ld-linux.so.2       	b77cc83d	                                        	8b 97 e4 00 00 00                                 	mov edx, dword ptr [edi+0xe4]                     		EAX=0804a010, ECX=00000000, EDX=00000307, EBX=080481fc, ESP=bf861d88, EBP=0804a010, ESI=00000003, EDI=b77e2918
-1	25731	ld-linux.so.2       	b77cc843	                                        	85 d2                                             	test edx, edx                                     		EAX=0804a010, ECX=00000000, EDX=08049fc4, EBX=080481fc, ESP=bf861d88, EBP=0804a010, ESI=00000003, EDI=b77e2918
-1	25731	ld-linux.so.2       	b77cc845	                                        	0f 84 a5 00 00 00                                 	jz 0xb77cc8f0                                     		EAX=0804a010, ECX=00000000, EDX=08049fc4, EBX=080481fc, ESP=bf861d88, EBP=0804a010, ESI=00000003, EDI=b77e2918
-1	25731	ld-linux.so.2       	b77cc84b	                                        	8b 52 04                                          	mov edx, dword ptr [edx+0x4]                      		EAX=0804a010, ECX=00000000, EDX=08049fc4, EBX=080481fc, ESP=bf861d88, EBP=0804a010, ESI=00000003, EDI=b77e2918
-1	25731	ld-linux.so.2       	b77cc84e	                                        	0f b7 14 72                                       	movzx edx, word ptr [edx+esi*2]                   		EAX=0804a010, ECX=00000000, EDX=08048266, EBX=080481fc, ESP=bf861d88, EBP=0804a010, ESI=00000003, EDI=b77e2918
-1	25731	ld-linux.so.2       	b77cc852	                                        	81 e2 ff 7f 00 00                                 	and edx, 0x7fff                                   		EAX=0804a010, ECX=00000000, EDX=00000002, EBX=080481fc, ESP=bf861d88, EBP=0804a010, ESI=00000003, EDI=b77e2918
-1	25731	ld-linux.so.2       	b77cc858	                                        	c1 e2 04                                          	shl edx, 0x4                                      		EAX=0804a010, ECX=00000000, EDX=00000002, EBX=080481fc, ESP=bf861d88, EBP=0804a010, ESI=00000003, EDI=b77e2918
-1	25731	ld-linux.so.2       	b77cc85b	                                        	03 97 70 01 00 00                                 	add edx, dword ptr [edi+0x170]                    		EAX=0804a010, ECX=00000000, EDX=00000020, EBX=080481fc, ESP=bf861d88, EBP=0804a010, ESI=00000003, EDI=b77e2918
-1	25731	ld-linux.so.2       	b77cc861	                                        	8b 4a 04                                          	mov ecx, dword ptr [edx+0x4]                      		EAX=0804a010, ECX=00000000, EDX=b50f34a0, EBX=080481fc, ESP=bf861d88, EBP=0804a010, ESI=00000003, EDI=b77e2918
-1	25731	ld-linux.so.2       	b77cc864	                                        	85 c9                                             	test ecx, ecx                                     		EAX=0804a010, ECX=0d696910, EDX=b50f34a0, EBX=080481fc, ESP=bf861d88, EBP=0804a010, ESI=00000003, EDI=b77e2918
-1	25731	ld-linux.so.2       	b77cc866	                                        	b9 00 00 00 00                                    	mov ecx, 0x0                                      		EAX=0804a010, ECX=0d696910, EDX=b50f34a0, EBX=080481fc, ESP=bf861d88, EBP=0804a010, ESI=00000003, EDI=b77e2918
-1	25731	ld-linux.so.2       	b77cc86b	                                        	0f 44 d1                                          	cmovz edx, ecx                                    		EAX=0804a010, ECX=00000000, EDX=b50f34a0, EBX=080481fc, ESP=bf861d88, EBP=0804a010, ESI=00000003, EDI=b77e2918
-1	25731	ld-linux.so.2       	b77cc86e	                                        	65 8b 0d 0c 00 00 00                              	mov ecx, dword ptr gs:[0xc]                       		EAX=0804a010, ECX=00000000, EDX=b50f34a0, EBX=080481fc, ESP=bf861d88, EBP=0804a010, ESI=00000003, EDI=b77e2918
-1	25731	ld-linux.so.2       	b77cc875	                                        	85 c9                                             	test ecx, ecx                                     		EAX=0804a010, ECX=00000000, EDX=b50f34a0, EBX=080481fc, ESP=bf861d88, EBP=0804a010, ESI=00000003, EDI=b77e2918
-1	25731	ld-linux.so.2       	b77cc877	                                        	be 01 00 00 00                                    	mov esi, 0x1                                      		EAX=0804a010, ECX=00000000, EDX=b50f34a0, EBX=080481fc, ESP=bf861d88, EBP=0804a010, ESI=00000003, EDI=b77e2918
-1	25731	ld-linux.so.2       	b77cc87c	                                        	0f 85 ce 00 00 00                                 	jnz 0xb77cc950                                    		EAX=0804a010, ECX=00000000, EDX=b50f34a0, EBX=080481fc, ESP=bf861d88, EBP=0804a010, ESI=00000001, EDI=b77e2918
-1	25731	ld-linux.so.2       	b77cc882	                                        	8b 44 24 0c                                       	mov eax, dword ptr [esp+0xc]                      		EAX=0804a010, ECX=00000000, EDX=b50f34a0, EBX=080481fc, ESP=bf861d88, EBP=0804a010, ESI=00000001, EDI=b77e2918
-1	25731	ld-linux.so.2       	b77cc886	                                        	03 03                                             	add eax, dword ptr [ebx]                          		EAX=0804821c, ECX=00000000, EDX=b50f34a0, EBX=080481fc, ESP=bf861d88, EBP=0804a010, ESI=00000001, EDI=b77e2918
-1	25731	ld-linux.so.2       	b77cc888	                                        	8d 4c 24 1c                                       	lea ecx, ptr [esp+0x1c]                           		EAX=08048236, ECX=00000000, EDX=b50f34a0, EBX=080481fc, ESP=bf861d88, EBP=0804a010, ESI=00000001, EDI=b77e2918
-1	25731	ld-linux.so.2       	b77cc88c	                                        	83 ec 0c                                          	sub esp, 0xc                                      		EAX=08048236, ECX=bf861da4, EDX=b50f34a0, EBX=080481fc, ESP=bf861d88, EBP=0804a010, ESI=00000001, EDI=b77e2918
-1	25731	ld-linux.so.2       	b77cc88f	                                        	6a 00                                             	push 0x0                                          		EAX=08048236, ECX=bf861da4, EDX=b50f34a0, EBX=080481fc, ESP=bf861d7c, EBP=0804a010, ESI=00000001, EDI=b77e2918
-1	25731	ld-linux.so.2       	b77cc891	                                        	56                                                	push esi                                          		EAX=08048236, ECX=bf861da4, EDX=b50f34a0, EBX=080481fc, ESP=bf861d78, EBP=0804a010, ESI=00000001, EDI=b77e2918
-1	25731	ld-linux.so.2       	b77cc892	                                        	6a 01                                             	push 0x1                                          		EAX=08048236, ECX=bf861da4, EDX=b50f34a0, EBX=080481fc, ESP=bf861d74, EBP=0804a010, ESI=00000001, EDI=b77e2918
-1	25731	ld-linux.so.2       	b77cc894	                                        	52                                                	push edx                                          		EAX=08048236, ECX=bf861da4, EDX=b50f34a0, EBX=080481fc, ESP=bf861d70, EBP=0804a010, ESI=00000001, EDI=b77e2918
-1	25731	ld-linux.so.2       	b77cc895	                                        	89 fa                                             	mov edx, edi                                      		EAX=08048236, ECX=bf861da4, EDX=b50f34a0, EBX=080481fc, ESP=bf861d6c, EBP=0804a010, ESI=00000001, EDI=b77e2918
-1	25731	ld-linux.so.2       	b77cc897	                                        	ff b7 cc 01 00 00                                 	push dword ptr [edi+0x1cc]                        		EAX=08048236, ECX=bf861da4, EDX=b77e2918, EBX=080481fc, ESP=bf861d6c, EBP=0804a010, ESI=00000001, EDI=b77e2918
-1	25731	ld-linux.so.2       	b77cc89d	                                        	e8 be b1 ff ff                                    	call 0xb77c7a60                                   		EAX=08048236, ECX=bf861da4, EDX=b77e2918, EBX=080481fc, ESP=bf861d68, EBP=0804a010, ESI=00000001, EDI=b77e2918
-1	25731	ld-linux.so.2       	b77cc8a2	                                        	89 c7                                             	mov edi, eax                                      		EAX=b50f31b0, ECX=b4eb82ef, EDX=b4eafe98, EBX=080481fc, ESP=bf861d7c, EBP=0804a010, ESI=00000001, EDI=b77e2918
-1	25731	ld-linux.so.2       	b77cc8a4	                                        	65 a1 0c 00 00 00                                 	mov eax, dword ptr gs:[0xc]                       		EAX=b50f31b0, ECX=b4eb82ef, EDX=b4eafe98, EBX=080481fc, ESP=bf861d7c, EBP=0804a010, ESI=00000001, EDI=b50f31b0
-1	25731	ld-linux.so.2       	b77cc8aa	                                        	83 c4 0c                                          	add esp, 0xc                                      		EAX=00000000, ECX=b4eb82ef, EDX=b4eafe98, EBX=080481fc, ESP=bf861d7c, EBP=0804a010, ESI=00000001, EDI=b50f31b0
-1	25731	ld-linux.so.2       	b77cc8ad	                                        	85 c0                                             	test eax, eax                                     		EAX=00000000, ECX=b4eb82ef, EDX=b4eafe98, EBX=080481fc, ESP=bf861d88, EBP=0804a010, ESI=00000001, EDI=b50f31b0
-1	25731	ld-linux.so.2       	b77cc8af	                                        	75 67                                             	jnz 0xb77cc918                                    		EAX=00000000, ECX=b4eb82ef, EDX=b4eafe98, EBX=080481fc, ESP=bf861d88, EBP=0804a010, ESI=00000001, EDI=b50f31b0
-1	25731	ld-linux.so.2       	b77cc8b1	                                        	8b 5c 24 1c                                       	mov ebx, dword ptr [esp+0x1c]                     		EAX=00000000, ECX=b4eb82ef, EDX=b4eafe98, EBX=080481fc, ESP=bf861d88, EBP=0804a010, ESI=00000001, EDI=b50f31b0
-1	25731	ld-linux.so.2       	b77cc8b5	                                        	85 db                                             	test ebx, ebx                                     		EAX=00000000, ECX=b4eb82ef, EDX=b4eafe98, EBX=b4eafe98, ESP=bf861d88, EBP=0804a010, ESI=00000001, EDI=b50f31b0
-1	25731	ld-linux.so.2       	b77cc8b7	                                        	74 47                                             	jz 0xb77cc900                                     		EAX=00000000, ECX=b4eb82ef, EDX=b4eafe98, EBX=b4eafe98, ESP=bf861d88, EBP=0804a010, ESI=00000001, EDI=b50f31b0
-1	25731	ld-linux.so.2       	b77cc8b9	                                        	85 ff                                             	test edi, edi                                     		EAX=00000000, ECX=b4eb82ef, EDX=b4eafe98, EBX=b4eafe98, ESP=bf861d88, EBP=0804a010, ESI=00000001, EDI=b50f31b0
-1	25731	ld-linux.so.2       	b77cc8bb	                                        	74 4b                                             	jz 0xb77cc908                                     		EAX=00000000, ECX=b4eb82ef, EDX=b4eafe98, EBX=b4eafe98, ESP=bf861d88, EBP=0804a010, ESI=00000001, EDI=b50f31b0
-1	25731	ld-linux.so.2       	b77cc8bd	                                        	8b 07                                             	mov eax, dword ptr [edi]                          		EAX=00000000, ECX=b4eb82ef, EDX=b4eafe98, EBX=b4eafe98, ESP=bf861d88, EBP=0804a010, ESI=00000001, EDI=b50f31b0
-1	25731	ld-linux.so.2       	b77cc8bf	                                        	0f b6 53 0c                                       	movzx edx, byte ptr [ebx+0xc]                     		EAX=b4ea5000, ECX=b4eb82ef, EDX=b4eafe98, EBX=b4eafe98, ESP=bf861d88, EBP=0804a010, ESI=00000001, EDI=b50f31b0
-1	25731	ld-linux.so.2       	b77cc8c3	                                        	03 43 04                                          	add eax, dword ptr [ebx+0x4]                      		EAX=b4ea5000, ECX=b4eb82ef, EDX=00000012, EBX=b4eafe98, ESP=bf861d88, EBP=0804a010, ESI=00000001, EDI=b50f31b0
-1	25731	ld-linux.so.2       	b77cc8c6	                                        	83 e2 0f                                          	and edx, 0xf                                      		EAX=b4ed2260, ECX=b4eb82ef, EDX=00000012, EBX=b4eafe98, ESP=bf861d88, EBP=0804a010, ESI=00000001, EDI=b50f31b0
-1	25731	ld-linux.so.2       	b77cc8c9	                                        	80 fa 0a                                          	cmp dl, 0xa                                       		EAX=b4ed2260, ECX=b4eb82ef, EDX=00000002, EBX=b4eafe98, ESP=bf861d88, EBP=0804a010, ESI=00000001, EDI=b50f31b0
-1	25731	ld-linux.so.2       	b77cc8cc	                                        	0f 84 96 00 00 00                                 	jz 0xb77cc968                                     		EAX=b4ed2260, ECX=b4eb82ef, EDX=00000002, EBX=b4eafe98, ESP=bf861d88, EBP=0804a010, ESI=00000001, EDI=b50f31b0
-1	25731	ld-linux.so.2       	b77cc8d2	                                        	8b 74 24 08                                       	mov esi, dword ptr [esp+0x8]                      		EAX=b4ed2260, ECX=b4eb82ef, EDX=00000002, EBX=b4eafe98, ESP=bf861d88, EBP=0804a010, ESI=00000001, EDI=b50f31b0
-1	25731	ld-linux.so.2       	b77cc8d6	                                        	8b 96 30 fd ff ff                                 	mov edx, dword ptr [esi-0x2d0]                    		EAX=b4ed2260, ECX=b4eb82ef, EDX=00000002, EBX=b4eafe98, ESP=bf861d88, EBP=0804a010, ESI=b77e2000, EDI=b50f31b0
-1	25731	ld-linux.so.2       	b77cc8dc	                                        	85 d2                                             	test edx, edx                                     		EAX=b4ed2260, ECX=b4eb82ef, EDX=00000000, EBX=b4eafe98, ESP=bf861d88, EBP=0804a010, ESI=b77e2000, EDI=b50f31b0
-1	25731	ld-linux.so.2       	b77cc8de	                                        	75 03                                             	jnz 0xb77cc8e3                                    		EAX=b4ed2260, ECX=b4eb82ef, EDX=00000000, EBX=b4eafe98, ESP=bf861d88, EBP=0804a010, ESI=b77e2000, EDI=b50f31b0
-1	25731	ld-linux.so.2       	b77cc8e0	                                        	89 45 00                                          	mov dword ptr [ebp], eax                          		EAX=b4ed2260, ECX=b4eb82ef, EDX=00000000, EBX=b4eafe98, ESP=bf861d88, EBP=0804a010, ESI=b77e2000, EDI=b50f31b0
-1	25731	ld-linux.so.2       	b77cc8e3	                                        	83 c4 2c                                          	add esp, 0x2c                                     		EAX=b4ed2260, ECX=b4eb82ef, EDX=00000000, EBX=b4eafe98, ESP=bf861d88, EBP=0804a010, ESI=b77e2000, EDI=b50f31b0
-1	25731	ld-linux.so.2       	b77cc8e6	                                        	5b                                                	pop ebx                                           		EAX=b4ed2260, ECX=b4eb82ef, EDX=00000000, EBX=b4eafe98, ESP=bf861db4, EBP=0804a010, ESI=b77e2000, EDI=b50f31b0
-1	25731	ld-linux.so.2       	b77cc8e7	                                        	5e                                                	pop esi                                           		EAX=b4ed2260, ECX=b4eb82ef, EDX=00000000, EBX=00000000, ESP=bf861db8, EBP=0804a010, ESI=b77e2000, EDI=b50f31b0
-1	25731	ld-linux.so.2       	b77cc8e8	                                        	5f                                                	pop edi                                           		EAX=b4ed2260, ECX=b4eb82ef, EDX=00000000, EBX=00000000, ESP=bf861dbc, EBP=0804a010, ESI=b5058000, EDI=b50f31b0
-1	25731	ld-linux.so.2       	b77cc8e9	                                        	5d                                                	pop ebp                                           		EAX=b4ed2260, ECX=b4eb82ef, EDX=00000000, EBX=00000000, ESP=bf861dc0, EBP=0804a010, ESI=b5058000, EDI=b5058000
-1	25731	ld-linux.so.2       	b77cc8ea	                                        	c3                                                	ret                                               		EAX=b4ed2260, ECX=b4eb82ef, EDX=00000000, EBX=00000000, ESP=bf861dc4, EBP=bf861e08, ESI=b5058000, EDI=b5058000
-1	25731	ld-linux.so.2       	b77d3010	                                        	5a                                                	pop edx                                           		EAX=b4ed2260, ECX=b4eb82ef, EDX=00000000, EBX=00000000, ESP=bf861dc8, EBP=bf861e08, ESI=b5058000, EDI=b5058000
-1	25731	ld-linux.so.2       	b77d3011	                                        	8b 0c 24                                          	mov ecx, dword ptr [esp]                          		EAX=b4ed2260, ECX=b4eb82ef, EDX=bf861e44, EBX=00000000, ESP=bf861dcc, EBP=bf861e08, ESI=b5058000, EDI=b5058000
-1	25731	ld-linux.so.2       	b77d3014	                                        	89 04 24                                          	mov dword ptr [esp], eax                          		EAX=b4ed2260, ECX=bf861e20, EDX=bf861e44, EBX=00000000, ESP=bf861dcc, EBP=bf861e08, ESI=b5058000, EDI=b5058000
-1	25731	ld-linux.so.2       	b77d3017	                                        	8b 44 24 04                                       	mov eax, dword ptr [esp+0x4]                      		EAX=b4ed2260, ECX=bf861e20, EDX=bf861e44, EBX=00000000, ESP=bf861dcc, EBP=bf861e08, ESI=b5058000, EDI=b5058000
-1	25731	ld-linux.so.2       	b77d301b	                                        	c2 0c 00                                          	ret 0xc                                           		EAX=bf8634e1, ECX=bf861e20, EDX=bf861e44, EBX=00000000, ESP=bf861dcc, EBP=bf861e08, ESI=b5058000, EDI=b5058000
-1	25731	libc.so.6           	b4ed2260	                                        	83 ec 10                                          	sub esp, 0x10                                     		EAX=bf8634e1, ECX=bf861e20, EDX=bf861e44, EBX=00000000, ESP=bf861ddc, EBP=bf861e08, ESI=b5058000, EDI=b5058000
-1	25731	libc.so.6           	b4ed2263	                                        	6a 0a                                             	push 0xa                                          		EAX=bf8634e1, ECX=bf861e20, EDX=bf861e44, EBX=00000000, ESP=bf861dcc, EBP=bf861e08, ESI=b5058000, EDI=b5058000
-1	25731	libc.so.6           	b4ed2265	                                        	6a 00                                             	push 0x0                                          		EAX=bf8634e1, ECX=bf861e20, EDX=bf861e44, EBX=00000000, ESP=bf861dc8, EBP=bf861e08, ESI=b5058000, EDI=b5058000
-1	25731	libc.so.6           	b4ed2267	                                        	ff 74 24 1c                                       	push dword ptr [esp+0x1c]                         		EAX=bf8634e1, ECX=bf861e20, EDX=bf861e44, EBX=00000000, ESP=bf861dc4, EBP=bf861e08, ESI=b5058000, EDI=b5058000
-1	25731	libc.so.6           	b4ed226b	                                        	e8 90 2c 00 00                                    	call 0xb4ed4f00                                   		EAX=bf8634e1, ECX=bf861e20, EDX=bf861e44, EBX=00000000, ESP=bf861dc0, EBP=bf861e08, ESI=b5058000, EDI=b5058000
-1	25731	libc.so.6           	b4ed4f00	atoi                                    	e8 74 fd 0e 00                                    	call 0xb4fc4c79                                   		EAX=bf8634e1, ECX=bf861e20, EDX=bf861e44, EBX=00000000, ESP=bf861dbc, EBP=bf861e08, ESI=b5058000, EDI=b5058000
-1	25731	libc.so.6           	b4fc4c79	strtol                                  	8b 04 24                                          	mov eax, dword ptr [esp]                          		EAX=bf8634e1, ECX=bf861e20, EDX=bf861e44, EBX=00000000, ESP=bf861db8, EBP=bf861e08, ESI=b5058000, EDI=b5058000
-1	25731	libc.so.6           	b4fc4c7c	                                        	c3                                                	ret                                               		EAX=b4ed4f05, ECX=bf861e20, EDX=bf861e44, EBX=00000000, ESP=bf861db8, EBP=bf861e08, ESI=b5058000, EDI=b5058000
-1	25731	libc.so.6           	b4ed4f05	                                        	05 fb 30 18 00                                    	add eax, 0x1830fb                                 		EAX=b4ed4f05, ECX=bf861e20, EDX=bf861e44, EBX=00000000, ESP=bf861dbc, EBP=bf861e08, ESI=b5058000, EDI=b5058000
-1	25731	libc.so.6           	b4ed4f0a	                                        	83 ec 18                                          	sub esp, 0x18                                     		EAX=b5058000, ECX=bf861e20, EDX=bf861e44, EBX=00000000, ESP=bf861dbc, EBP=bf861e08, ESI=b5058000, EDI=b5058000
-1	25731	libc.so.6           	b4ed4f0d	                                        	65 8b 15 00 00 00 00                              	mov edx, dword ptr gs:[0x0]                       		EAX=b5058000, ECX=bf861e20, EDX=bf861e44, EBX=00000000, ESP=bf861da4, EBP=bf861e08, ESI=b5058000, EDI=b5058000
-1	25731	libc.so.6           	b4ed4f14	                                        	8b 80 d0 fe ff ff                                 	mov eax, dword ptr [eax-0x130]                    		EAX=b5058000, ECX=bf861e20, EDX=b4e8c700, EBX=00000000, ESP=bf861da4, EBP=bf861e08, ESI=b5058000, EDI=b5058000
-1	25731	libc.so.6           	b4ed4f1a	                                        	ff 34 02                                          	push dword ptr [edx+eax*1]                        		EAX=ffffffb8, ECX=bf861e20, EDX=b4e8c700, EBX=00000000, ESP=bf861da4, EBP=bf861e08, ESI=b5058000, EDI=b5058000
-1	25731	libc.so.6           	b4ed4f1d	                                        	6a 00                                             	push 0x0                                          		EAX=ffffffb8, ECX=bf861e20, EDX=b4e8c700, EBX=00000000, ESP=bf861da0, EBP=bf861e08, ESI=b5058000, EDI=b5058000
-1	25731	libc.so.6           	b4ed4f1f	                                        	ff 74 24 2c                                       	push dword ptr [esp+0x2c]                         		EAX=ffffffb8, ECX=bf861e20, EDX=b4e8c700, EBX=00000000, ESP=bf861d9c, EBP=bf861e08, ESI=b5058000, EDI=b5058000
-1	25731	libc.so.6           	b4ed4f23	                                        	ff 74 24 2c                                       	push dword ptr [esp+0x2c]                         		EAX=ffffffb8, ECX=bf861e20, EDX=b4e8c700, EBX=00000000, ESP=bf861d98, EBP=bf861e08, ESI=b5058000, EDI=b5058000
-1	25731	libc.so.6           	b4ed4f27	                                        	ff 74 24 2c                                       	push dword ptr [esp+0x2c]                         		EAX=ffffffb8, ECX=bf861e20, EDX=b4e8c700, EBX=00000000, ESP=bf861d94, EBP=bf861e08, ESI=b5058000, EDI=b5058000
-1	25731	libc.so.6           	b4ed4f2b	                                        	e8 90 01 00 00                                    	call 0xb4ed50c0                                   		EAX=ffffffb8, ECX=bf861e20, EDX=b4e8c700, EBX=00000000, ESP=bf861d90, EBP=bf861e08, ESI=b5058000, EDI=b5058000
-1	25731	libc.so.6           	b4ed50c0	                                        	55                                                	push ebp                                          		EAX=ffffffb8, ECX=bf861e20, EDX=b4e8c700, EBX=00000000, ESP=bf861d8c, EBP=bf861e08, ESI=b5058000, EDI=b5058000
-1	25731	libc.so.6           	b4ed50c1	                                        	57                                                	push edi                                          		EAX=ffffffb8, ECX=bf861e20, EDX=b4e8c700, EBX=00000000, ESP=bf861d88, EBP=bf861e08, ESI=b5058000, EDI=b5058000
-1	25731	libc.so.6           	b4ed50c2	                                        	56                                                	push esi                                          		EAX=ffffffb8, ECX=bf861e20, EDX=b4e8c700, EBX=00000000, ESP=bf861d84, EBP=bf861e08, ESI=b5058000, EDI=b5058000
-1	25731	libc.so.6           	b4ed50c3	                                        	53                                                	push ebx                                          		EAX=ffffffb8, ECX=bf861e20, EDX=b4e8c700, EBX=00000000, ESP=bf861d80, EBP=bf861e08, ESI=b5058000, EDI=b5058000
-1	25731	libc.so.6           	b4ed50c4	                                        	e8 b0 fb 0e 00                                    	call 0xb4fc4c79                                   		EAX=ffffffb8, ECX=bf861e20, EDX=b4e8c700, EBX=00000000, ESP=bf861d7c, EBP=bf861e08, ESI=b5058000, EDI=b5058000
-1	25731	libc.so.6           	b4fc4c79	                                        	8b 04 24                                          	mov eax, dword ptr [esp]                          		EAX=ffffffb8, ECX=bf861e20, EDX=b4e8c700, EBX=00000000, ESP=bf861d78, EBP=bf861e08, ESI=b5058000, EDI=b5058000
-1	25731	libc.so.6           	b4fc4c7c	                                        	c3                                                	ret                                               		EAX=b4ed50c9, ECX=bf861e20, EDX=b4e8c700, EBX=00000000, ESP=bf861d78, EBP=bf861e08, ESI=b5058000, EDI=b5058000
-1	25731	libc.so.6           	b4ed50c9	                                        	05 37 2f 18 00                                    	add eax, 0x182f37                                 		EAX=b4ed50c9, ECX=bf861e20, EDX=b4e8c700, EBX=00000000, ESP=bf861d7c, EBP=bf861e08, ESI=b5058000, EDI=b5058000
-1	25731	libc.so.6           	b4ed50ce	                                        	83 ec 3c                                          	sub esp, 0x3c                                     		EAX=b5058000, ECX=bf861e20, EDX=b4e8c700, EBX=00000000, ESP=bf861d7c, EBP=bf861e08, ESI=b5058000, EDI=b5058000
-1	25731	libc.so.6           	b4ed50d1	                                        	8b 54 24 5c                                       	mov edx, dword ptr [esp+0x5c]                     		EAX=b5058000, ECX=bf861e20, EDX=b4e8c700, EBX=00000000, ESP=bf861d40, EBP=bf861e08, ESI=b5058000, EDI=b5058000
-1	25731	libc.so.6           	b4ed50d5	                                        	89 44 24 10                                       	mov dword ptr [esp+0x10], eax                     		EAX=b5058000, ECX=bf861e20, EDX=00000000, EBX=00000000, ESP=bf861d40, EBP=bf861e08, ESI=b5058000, EDI=b5058000
-1	25731	libc.so.6           	b4ed50d9	                                        	8b 44 24 60                                       	mov eax, dword ptr [esp+0x60]                     		EAX=b5058000, ECX=bf861e20, EDX=00000000, EBX=00000000, ESP=bf861d40, EBP=bf861e08, ESI=b5058000, EDI=b5058000
-1	25731	libc.so.6           	b4ed50dd	                                        	85 d2                                             	test edx, edx                                     		EAX=b5058c20, ECX=bf861e20, EDX=00000000, EBX=00000000, ESP=bf861d40, EBP=bf861e08, ESI=b5058000, EDI=b5058000
-1	25731	libc.so.6           	b4ed50df	                                        	74 1f                                             	jz 0xb4ed5100                                     		EAX=b5058c20, ECX=bf861e20, EDX=00000000, EBX=00000000, ESP=bf861d40, EBP=bf861e08, ESI=b5058000, EDI=b5058000
-1	25731	libc.so.6           	b4ed5100	                                        	c7 44 24 0c 00 00 00 00                           	mov dword ptr [esp+0xc], 0x0                      		EAX=b5058c20, ECX=bf861e20, EDX=00000000, EBX=00000000, ESP=bf861d40, EBP=bf861e08, ESI=b5058000, EDI=b5058000
-1	25731	libc.so.6           	b4ed5108	                                        	31 db                                             	xor ebx, ebx                                      		EAX=b5058c20, ECX=bf861e20, EDX=00000000, EBX=00000000, ESP=bf861d40, EBP=bf861e08, ESI=b5058000, EDI=b5058000
-1	25731	libc.so.6           	b4ed510a	                                        	83 7c 24 58 01                                    	cmp dword ptr [esp+0x58], 0x1                     		EAX=b5058c20, ECX=bf861e20, EDX=00000000, EBX=00000000, ESP=bf861d40, EBP=bf861e08, ESI=b5058000, EDI=b5058000
-1	25731	libc.so.6           	b4ed510f	                                        	0f 84 cb 00 00 00                                 	jz 0xb4ed51e0                                     		EAX=b5058c20, ECX=bf861e20, EDX=00000000, EBX=00000000, ESP=bf861d40, EBP=bf861e08, ESI=b5058000, EDI=b5058000
-1	25731	libc.so.6           	b4ed5115	                                        	83 7c 24 58 24                                    	cmp dword ptr [esp+0x58], 0x24                    		EAX=b5058c20, ECX=bf861e20, EDX=00000000, EBX=00000000, ESP=bf861d40, EBP=bf861e08, ESI=b5058000, EDI=b5058000
-1	25731	libc.so.6           	b4ed511a	                                        	0f 87 c0 00 00 00                                 	jnbe 0xb4ed51e0                                   		EAX=b5058c20, ECX=bf861e20, EDX=00000000, EBX=00000000, ESP=bf861d40, EBP=bf861e08, ESI=b5058000, EDI=b5058000
-1	25731	libc.so.6           	b4ed5120	                                        	8b 48 34                                          	mov ecx, dword ptr [eax+0x34]                     		EAX=b5058c20, ECX=bf861e20, EDX=00000000, EBX=00000000, ESP=bf861d40, EBP=bf861e08, ESI=b5058000, EDI=b5058000
-1	25731	libc.so.6           	b4ed5123	                                        	8b 44 24 50                                       	mov eax, dword ptr [esp+0x50]                     		EAX=b5058c20, ECX=b4feb820, EDX=00000000, EBX=00000000, ESP=bf861d40, EBP=bf861e08, ESI=b5058000, EDI=b5058000
-1	25731	libc.so.6           	b4ed5127	                                        	8b 74 24 50                                       	mov esi, dword ptr [esp+0x50]                     		EAX=bf8634e1, ECX=b4feb820, EDX=00000000, EBX=00000000, ESP=bf861d40, EBP=bf861e08, ESI=b5058000, EDI=b5058000
-1	25731	libc.so.6           	b4ed512b	                                        	0f be 10                                          	movsx edx, byte ptr [eax]                         		EAX=bf8634e1, ECX=b4feb820, EDX=00000000, EBX=00000000, ESP=bf861d40, EBP=bf861e08, ESI=bf8634e1, EDI=b5058000
-1	25731	libc.so.6           	b4ed512e	                                        	f6 44 51 01 20                                    	test byte ptr [ecx+edx*2+0x1], 0x20               		EAX=bf8634e1, ECX=b4feb820, EDX=00000031, EBX=00000000, ESP=bf861d40, EBP=bf861e08, ESI=bf8634e1, EDI=b5058000
-1	25731	libc.so.6           	b4ed5133	                                        	89 d0                                             	mov eax, edx                                      		EAX=bf8634e1, ECX=b4feb820, EDX=00000031, EBX=00000000, ESP=bf861d40, EBP=bf861e08, ESI=bf8634e1, EDI=b5058000
-1	25731	libc.so.6           	b4ed5135	                                        	74 18                                             	jz 0xb4ed514f                                     		EAX=00000031, ECX=b4feb820, EDX=00000031, EBX=00000000, ESP=bf861d40, EBP=bf861e08, ESI=bf8634e1, EDI=b5058000
-1	25731	libc.so.6           	b4ed514f	                                        	84 c0                                             	test al, al                                       		EAX=00000031, ECX=b4feb820, EDX=00000031, EBX=00000000, ESP=bf861d40, EBP=bf861e08, ESI=bf8634e1, EDI=b5058000
-1	25731	libc.so.6           	b4ed5151	                                        	0f 84 c9 00 00 00                                 	jz 0xb4ed5220                                     		EAX=00000031, ECX=b4feb820, EDX=00000031, EBX=00000000, ESP=bf861d40, EBP=bf861e08, ESI=bf8634e1, EDI=b5058000
-1	25731	libc.so.6           	b4ed5157	                                        	3c 2d                                             	cmp al, 0x2d                                      		EAX=00000031, ECX=b4feb820, EDX=00000031, EBX=00000000, ESP=bf861d40, EBP=bf861e08, ESI=bf8634e1, EDI=b5058000
-1	25731	libc.so.6           	b4ed5159	                                        	0f 84 b1 03 00 00                                 	jz 0xb4ed5510                                     		EAX=00000031, ECX=b4feb820, EDX=00000031, EBX=00000000, ESP=bf861d40, EBP=bf861e08, ESI=bf8634e1, EDI=b5058000
-1	25731	libc.so.6           	b4ed515f	                                        	3c 2b                                             	cmp al, 0x2b                                      		EAX=00000031, ECX=b4feb820, EDX=00000031, EBX=00000000, ESP=bf861d40, EBP=bf861e08, ESI=bf8634e1, EDI=b5058000
-1	25731	libc.so.6           	b4ed5161	                                        	c7 44 24 28 00 00 00 00                           	mov dword ptr [esp+0x28], 0x0                     		EAX=00000031, ECX=b4feb820, EDX=00000031, EBX=00000000, ESP=bf861d40, EBP=bf861e08, ESI=bf8634e1, EDI=b5058000
-1	25731	libc.so.6           	b4ed5169	                                        	0f 94 c0                                          	setz al                                           		EAX=00000031, ECX=b4feb820, EDX=00000031, EBX=00000000, ESP=bf861d40, EBP=bf861e08, ESI=bf8634e1, EDI=b5058000
-1	25731	libc.so.6           	b4ed516c	                                        	0f b6 c0                                          	movzx eax, al                                     		EAX=00000000, ECX=b4feb820, EDX=00000031, EBX=00000000, ESP=bf861d40, EBP=bf861e08, ESI=bf8634e1, EDI=b5058000
-1	25731	libc.so.6           	b4ed516f	                                        	01 c6                                             	add esi, eax                                      		EAX=00000000, ECX=b4feb820, EDX=00000031, EBX=00000000, ESP=bf861d40, EBP=bf861e08, ESI=bf8634e1, EDI=b5058000
-1	25731	libc.so.6           	b4ed5171	                                        	0f b6 2e                                          	movzx ebp, byte ptr [esi]                         		EAX=00000000, ECX=b4feb820, EDX=00000031, EBX=00000000, ESP=bf861d40, EBP=bf861e08, ESI=bf8634e1, EDI=b5058000
-1	25731	libc.so.6           	b4ed5174	                                        	89 e8                                             	mov eax, ebp                                      		EAX=00000000, ECX=b4feb820, EDX=00000031, EBX=00000000, ESP=bf861d40, EBP=00000031, ESI=bf8634e1, EDI=b5058000
-1	25731	libc.so.6           	b4ed5176	                                        	3c 30                                             	cmp al, 0x30                                      		EAX=00000031, ECX=b4feb820, EDX=00000031, EBX=00000000, ESP=bf861d40, EBP=00000031, ESI=bf8634e1, EDI=b5058000
-1	25731	libc.so.6           	b4ed5178	                                        	0f 84 e9 00 00 00                                 	jz 0xb4ed5267                                     		EAX=00000031, ECX=b4feb820, EDX=00000031, EBX=00000000, ESP=bf861d40, EBP=00000031, ESI=bf8634e1, EDI=b5058000
-1	25731	libc.so.6           	b4ed517e	                                        	8b 44 24 58                                       	mov eax, dword ptr [esp+0x58]                     		EAX=00000031, ECX=b4feb820, EDX=00000031, EBX=00000000, ESP=bf861d40, EBP=00000031, ESI=bf8634e1, EDI=b5058000
-1	25731	libc.so.6           	b4ed5182	                                        	85 c0                                             	test eax, eax                                     		EAX=0000000a, ECX=b4feb820, EDX=00000031, EBX=00000000, ESP=bf861d40, EBP=00000031, ESI=bf8634e1, EDI=b5058000
-1	25731	libc.so.6           	b4ed5184	                                        	0f 85 eb 00 00 00                                 	jnz 0xb4ed5275                                    		EAX=0000000a, ECX=b4feb820, EDX=00000031, EBX=00000000, ESP=bf861d40, EBP=00000031, ESI=bf8634e1, EDI=b5058000
-1	25731	libc.so.6           	b4ed5275	                                        	83 7c 24 58 0a                                    	cmp dword ptr [esp+0x58], 0xa                     		EAX=0000000a, ECX=b4feb820, EDX=00000031, EBX=00000000, ESP=bf861d40, EBP=00000031, ESI=bf8634e1, EDI=b5058000
-1	25731	libc.so.6           	b4ed527a	                                        	0f 84 0a ff ff ff                                 	jz 0xb4ed518a                                     		EAX=0000000a, ECX=b4feb820, EDX=00000031, EBX=00000000, ESP=bf861d40, EBP=00000031, ESI=bf8634e1, EDI=b5058000
-1	25731	libc.so.6           	b4ed518a	                                        	8b 7c 24 0c                                       	mov edi, dword ptr [esp+0xc]                      		EAX=0000000a, ECX=b4feb820, EDX=00000031, EBX=00000000, ESP=bf861d40, EBP=00000031, ESI=bf8634e1, EDI=b5058000
-1	25731	libc.so.6           	b4ed518e	                                        	85 ff                                             	test edi, edi                                     		EAX=0000000a, ECX=b4feb820, EDX=00000031, EBX=00000000, ESP=bf861d40, EBP=00000031, ESI=bf8634e1, EDI=00000000
-1	25731	libc.so.6           	b4ed5190	                                        	0f 84 3e 04 00 00                                 	jz 0xb4ed55d4                                     		EAX=0000000a, ECX=b4feb820, EDX=00000031, EBX=00000000, ESP=bf861d40, EBP=00000031, ESI=bf8634e1, EDI=00000000
-1	25731	libc.so.6           	b4ed55d4	                                        	c6 44 24 23 05                                    	mov byte ptr [esp+0x23], 0x5                      		EAX=0000000a, ECX=b4feb820, EDX=00000031, EBX=00000000, ESP=bf861d40, EBP=00000031, ESI=bf8634e1, EDI=00000000
-1	25731	libc.so.6           	b4ed55d9	                                        	c7 44 24 0c 99 99 99 19                           	mov dword ptr [esp+0xc], 0x19999999               		EAX=0000000a, ECX=b4feb820, EDX=00000031, EBX=00000000, ESP=bf861d40, EBP=00000031, ESI=bf8634e1, EDI=00000000
-1	25731	libc.so.6           	b4ed55e1	                                        	c7 44 24 58 0a 00 00 00                           	mov dword ptr [esp+0x58], 0xa                     		EAX=0000000a, ECX=b4feb820, EDX=00000031, EBX=00000000, ESP=bf861d40, EBP=00000031, ESI=bf8634e1, EDI=00000000
-1	25731	libc.so.6           	b4ed55e9	                                        	e9 b5 fc ff ff                                    	jmp 0xb4ed52a3                                    		EAX=0000000a, ECX=b4feb820, EDX=00000031, EBX=00000000, ESP=bf861d40, EBP=00000031, ESI=bf8634e1, EDI=00000000
-1	25731	libc.so.6           	b4ed52a3	                                        	31 ff                                             	xor edi, edi                                      		EAX=0000000a, ECX=b4feb820, EDX=00000031, EBX=00000000, ESP=bf861d40, EBP=00000031, ESI=bf8634e1, EDI=00000000
-1	25731	libc.so.6           	b4ed52a5	                                        	c7 44 24 08 00 00 00 00                           	mov dword ptr [esp+0x8], 0x0                      		EAX=0000000a, ECX=b4feb820, EDX=00000031, EBX=00000000, ESP=bf861d40, EBP=00000031, ESI=bf8634e1, EDI=00000000
-1	25731	libc.so.6           	b4ed52ad	                                        	39 74 24 08                                       	cmp dword ptr [esp+0x8], esi                      		EAX=0000000a, ECX=b4feb820, EDX=00000031, EBX=00000000, ESP=bf861d40, EBP=00000031, ESI=bf8634e1, EDI=00000000
-1	25731	libc.so.6           	b4ed52b1	                                        	89 e8                                             	mov eax, ebp                                      		EAX=0000000a, ECX=b4feb820, EDX=00000031, EBX=00000000, ESP=bf861d40, EBP=00000031, ESI=bf8634e1, EDI=00000000
-1	25731	libc.so.6           	b4ed52b3	                                        	0f 84 6b ff ff ff                                 	jz 0xb4ed5224                                     		EAX=00000031, ECX=b4feb820, EDX=00000031, EBX=00000000, ESP=bf861d40, EBP=00000031, ESI=bf8634e1, EDI=00000000
-1	25731	libc.so.6           	b4ed52b9	                                        	84 c0                                             	test al, al                                       		EAX=00000031, ECX=b4feb820, EDX=00000031, EBX=00000000, ESP=bf861d40, EBP=00000031, ESI=bf8634e1, EDI=00000000
-1	25731	libc.so.6           	b4ed52bb	                                        	0f 84 63 ff ff ff                                 	jz 0xb4ed5224                                     		EAX=00000031, ECX=b4feb820, EDX=00000031, EBX=00000000, ESP=bf861d40, EBP=00000031, ESI=bf8634e1, EDI=00000000
-1	25731	libc.so.6           	b4ed52c1	                                        	8b 4c 24 10                                       	mov ecx, dword ptr [esp+0x10]                     		EAX=00000031, ECX=b4feb820, EDX=00000031, EBX=00000000, ESP=bf861d40, EBP=00000031, ESI=bf8634e1, EDI=00000000
-1	25731	libc.so.6           	b4ed52c5	                                        	89 74 24 2c                                       	mov dword ptr [esp+0x2c], esi                     		EAX=00000031, ECX=b5058000, EDX=00000031, EBX=00000000, ESP=bf861d40, EBP=00000031, ESI=bf8634e1, EDI=00000000
-1	25731	libc.so.6           	b4ed52c9	                                        	31 ed                                             	xor ebp, ebp                                      		EAX=00000031, ECX=b5058000, EDX=00000031, EBX=00000000, ESP=bf861d40, EBP=00000031, ESI=bf8634e1, EDI=00000000
-1	25731	libc.so.6           	b4ed52cb	                                        	c7 44 24 14 00 00 00 00                           	mov dword ptr [esp+0x14], 0x0                     		EAX=00000031, ECX=b5058000, EDX=00000031, EBX=00000000, ESP=bf861d40, EBP=00000000, ESI=bf8634e1, EDI=00000000
-1	25731	libc.so.6           	b4ed52d3	                                        	8b 91 74 f4 ff ff                                 	mov edx, dword ptr [ecx-0xb8c]                    		EAX=00000031, ECX=b5058000, EDX=00000031, EBX=00000000, ESP=bf861d40, EBP=00000000, ESI=bf8634e1, EDI=00000000
-1	25731	libc.so.6           	b4ed52d9	                                        	8b 89 7c f4 ff ff                                 	mov ecx, dword ptr [ecx-0xb84]                    		EAX=00000031, ECX=b5058000, EDX=b4feb820, EBX=00000000, ESP=bf861d40, EBP=00000000, ESI=bf8634e1, EDI=00000000
-1	25731	libc.so.6           	b4ed52df	                                        	89 54 24 18                                       	mov dword ptr [esp+0x18], edx                     		EAX=00000031, ECX=b4feaf20, EDX=b4feb820, EBX=00000000, ESP=bf861d40, EBP=00000000, ESI=bf8634e1, EDI=00000000
-1	25731	libc.so.6           	b4ed52e3	                                        	89 4c 24 1c                                       	mov dword ptr [esp+0x1c], ecx                     		EAX=00000031, ECX=b4feaf20, EDX=b4feb820, EBX=00000000, ESP=bf861d40, EBP=00000000, ESI=bf8634e1, EDI=00000000
-1	25731	libc.so.6           	b4ed52e7	                                        	8d 57 ff                                          	lea edx, ptr [edi-0x1]                            		EAX=00000031, ECX=b4feaf20, EDX=b4feb820, EBX=00000000, ESP=bf861d40, EBP=00000000, ESI=bf8634e1, EDI=00000000
-1	25731	libc.so.6           	b4ed52ea	                                        	89 f1                                             	mov ecx, esi                                      		EAX=00000031, ECX=b4feaf20, EDX=ffffffff, EBX=00000000, ESP=bf861d40, EBP=00000000, ESI=bf8634e1, EDI=00000000
-1	25731	libc.so.6           	b4ed52ec	                                        	8b 74 24 58                                       	mov esi, dword ptr [esp+0x58]                     		EAX=00000031, ECX=bf8634e1, EDX=ffffffff, EBX=00000000, ESP=bf861d40, EBP=00000000, ESI=bf8634e1, EDI=00000000
-1	25731	libc.so.6           	b4ed52f0	                                        	89 54 24 24                                       	mov dword ptr [esp+0x24], edx                     		EAX=00000031, ECX=bf8634e1, EDX=ffffffff, EBX=00000000, ESP=bf861d40, EBP=00000000, ESI=0000000a, EDI=00000000
-1	25731	libc.so.6           	b4ed52f4	                                        	8d 74 26 00                                       	lea esi, ptr [esi]                                		EAX=00000031, ECX=bf8634e1, EDX=ffffffff, EBX=00000000, ESP=bf861d40, EBP=00000000, ESI=0000000a, EDI=00000000
-1	25731	libc.so.6           	b4ed52f8	                                        	8d 50 d0                                          	lea edx, ptr [eax-0x30]                           		EAX=00000031, ECX=bf8634e1, EDX=ffffffff, EBX=00000000, ESP=bf861d40, EBP=00000000, ESI=0000000a, EDI=00000000
-1	25731	libc.so.6           	b4ed52fb	                                        	80 fa 09                                          	cmp dl, 0x9                                       		EAX=00000031, ECX=bf8634e1, EDX=00000001, EBX=00000000, ESP=bf861d40, EBP=00000000, ESI=0000000a, EDI=00000000
-1	25731	libc.so.6           	b4ed52fe	                                        	0f 86 d1 00 00 00                                 	jbe 0xb4ed53d5                                    		EAX=00000031, ECX=bf8634e1, EDX=00000001, EBX=00000000, ESP=bf861d40, EBP=00000000, ESI=0000000a, EDI=00000000
-1	25731	libc.so.6           	b4ed53d5	                                        	0f b6 c2                                          	movzx eax, dl                                     		EAX=00000031, ECX=bf8634e1, EDX=00000001, EBX=00000000, ESP=bf861d40, EBP=00000000, ESI=0000000a, EDI=00000000
-1	25731	libc.so.6           	b4ed53d8	                                        	39 f0                                             	cmp eax, esi                                      		EAX=00000001, ECX=bf8634e1, EDX=00000001, EBX=00000000, ESP=bf861d40, EBP=00000000, ESI=0000000a, EDI=00000000
-1	25731	libc.so.6           	b4ed53da	                                        	0f 8d 71 ff ff ff                                 	jnl 0xb4ed5351                                    		EAX=00000001, ECX=bf8634e1, EDX=00000001, EBX=00000000, ESP=bf861d40, EBP=00000000, ESI=0000000a, EDI=00000000
-1	25731	libc.so.6           	b4ed53e0	                                        	3b 6c 24 0c                                       	cmp ebp, dword ptr [esp+0xc]                      		EAX=00000001, ECX=bf8634e1, EDX=00000001, EBX=00000000, ESP=bf861d40, EBP=00000000, ESI=0000000a, EDI=00000000
-1	25731	libc.so.6           	b4ed53e4	                                        	77 12                                             	jnbe 0xb4ed53f8                                   		EAX=00000001, ECX=bf8634e1, EDX=00000001, EBX=00000000, ESP=bf861d40, EBP=00000000, ESI=0000000a, EDI=00000000
-1	25731	libc.so.6           	b4ed53e6	                                        	3a 54 24 23                                       	cmp dl, byte ptr [esp+0x23]                       		EAX=00000001, ECX=bf8634e1, EDX=00000001, EBX=00000000, ESP=bf861d40, EBP=00000000, ESI=0000000a, EDI=00000000
-1	25731	libc.so.6           	b4ed53ea	                                        	76 24                                             	jbe 0xb4ed5410                                    		EAX=00000001, ECX=bf8634e1, EDX=00000001, EBX=00000000, ESP=bf861d40, EBP=00000000, ESI=0000000a, EDI=00000000
-1	25731	libc.so.6           	b4ed5410	                                        	0f af ee                                          	imul ebp, esi                                     		EAX=00000001, ECX=bf8634e1, EDX=00000001, EBX=00000000, ESP=bf861d40, EBP=00000000, ESI=0000000a, EDI=00000000
-1	25731	libc.so.6           	b4ed5413	                                        	01 c5                                             	add ebp, eax                                      		EAX=00000001, ECX=bf8634e1, EDX=00000001, EBX=00000000, ESP=bf861d40, EBP=00000000, ESI=0000000a, EDI=00000000
-1	25731	libc.so.6           	b4ed5415	                                        	89 c8                                             	mov eax, ecx                                      		EAX=00000001, ECX=bf8634e1, EDX=00000001, EBX=00000000, ESP=bf861d40, EBP=00000001, ESI=0000000a, EDI=00000000
-1	25731	libc.so.6           	b4ed5417	                                        	e9 24 ff ff ff                                    	jmp 0xb4ed5340                                    		EAX=bf8634e1, ECX=bf8634e1, EDX=00000001, EBX=00000000, ESP=bf861d40, EBP=00000001, ESI=0000000a, EDI=00000000
-1	25731	libc.so.6           	b4ed5340	                                        	8d 48 01                                          	lea ecx, ptr [eax+0x1]                            		EAX=bf8634e1, ECX=bf8634e1, EDX=00000001, EBX=00000000, ESP=bf861d40, EBP=00000001, ESI=0000000a, EDI=00000000
-1	25731	libc.so.6           	b4ed5343	                                        	39 4c 24 08                                       	cmp dword ptr [esp+0x8], ecx                      		EAX=bf8634e1, ECX=bf8634e2, EDX=00000001, EBX=00000000, ESP=bf861d40, EBP=00000001, ESI=0000000a, EDI=00000000
-1	25731	libc.so.6           	b4ed5347	                                        	0f b6 40 01                                       	movzx eax, byte ptr [eax+0x1]                     		EAX=bf8634e1, ECX=bf8634e2, EDX=00000001, EBX=00000000, ESP=bf861d40, EBP=00000001, ESI=0000000a, EDI=00000000
-1	25731	libc.so.6           	b4ed534b	                                        	74 04                                             	jz 0xb4ed5351                                     		EAX=00000000, ECX=bf8634e2, EDX=00000001, EBX=00000000, ESP=bf861d40, EBP=00000001, ESI=0000000a, EDI=00000000
-1	25731	libc.so.6           	b4ed534d	                                        	84 c0                                             	test al, al                                       		EAX=00000000, ECX=bf8634e2, EDX=00000001, EBX=00000000, ESP=bf861d40, EBP=00000001, ESI=0000000a, EDI=00000000
-1	25731	libc.so.6           	b4ed534f	                                        	75 a7                                             	jnz 0xb4ed52f8                                    		EAX=00000000, ECX=bf8634e2, EDX=00000001, EBX=00000000, ESP=bf861d40, EBP=00000001, ESI=0000000a, EDI=00000000
-1	25731	libc.so.6           	b4ed5351	                                        	8b 74 24 2c                                       	mov esi, dword ptr [esp+0x2c]                     		EAX=00000000, ECX=bf8634e2, EDX=00000001, EBX=00000000, ESP=bf861d40, EBP=00000001, ESI=0000000a, EDI=00000000
-1	25731	libc.so.6           	b4ed5355	                                        	39 ce                                             	cmp esi, ecx                                      		EAX=00000000, ECX=bf8634e2, EDX=00000001, EBX=00000000, ESP=bf861d40, EBP=00000001, ESI=bf8634e1, EDI=00000000
-1	25731	libc.so.6           	b4ed5357	                                        	0f 84 c7 fe ff ff                                 	jz 0xb4ed5224                                     		EAX=00000000, ECX=bf8634e2, EDX=00000001, EBX=00000000, ESP=bf861d40, EBP=00000001, ESI=bf8634e1, EDI=00000000
-1	25731	libc.so.6           	b4ed535d	                                        	8b 5c 24 54                                       	mov ebx, dword ptr [esp+0x54]                     		EAX=00000000, ECX=bf8634e2, EDX=00000001, EBX=00000000, ESP=bf861d40, EBP=00000001, ESI=bf8634e1, EDI=00000000
-1	25731	libc.so.6           	b4ed5361	                                        	85 db                                             	test ebx, ebx                                     		EAX=00000000, ECX=bf8634e2, EDX=00000001, EBX=00000000, ESP=bf861d40, EBP=00000001, ESI=bf8634e1, EDI=00000000
-1	25731	libc.so.6           	b4ed5363	                                        	74 06                                             	jz 0xb4ed536b                                     		EAX=00000000, ECX=bf8634e2, EDX=00000001, EBX=00000000, ESP=bf861d40, EBP=00000001, ESI=bf8634e1, EDI=00000000
-1	25731	libc.so.6           	b4ed536b	                                        	8b 4c 24 14                                       	mov ecx, dword ptr [esp+0x14]                     		EAX=00000000, ECX=bf8634e2, EDX=00000001, EBX=00000000, ESP=bf861d40, EBP=00000001, ESI=bf8634e1, EDI=00000000
-1	25731	libc.so.6           	b4ed536f	                                        	85 c9                                             	test ecx, ecx                                     		EAX=00000000, ECX=00000000, EDX=00000001, EBX=00000000, ESP=bf861d40, EBP=00000001, ESI=bf8634e1, EDI=00000000
-1	25731	libc.so.6           	b4ed5371	                                        	0f 85 a5 00 00 00                                 	jnz 0xb4ed541c                                    		EAX=00000000, ECX=00000000, EDX=00000001, EBX=00000000, ESP=bf861d40, EBP=00000001, ESI=bf8634e1, EDI=00000000
-1	25731	libc.so.6           	b4ed5377	                                        	8b 54 24 28                                       	mov edx, dword ptr [esp+0x28]                     		EAX=00000000, ECX=00000000, EDX=00000001, EBX=00000000, ESP=bf861d40, EBP=00000001, ESI=bf8634e1, EDI=00000000
-1	25731	libc.so.6           	b4ed537b	                                        	85 d2                                             	test edx, edx                                     		EAX=00000000, ECX=00000000, EDX=00000000, EBX=00000000, ESP=bf861d40, EBP=00000001, ESI=bf8634e1, EDI=00000000
-1	25731	libc.so.6           	b4ed537d	                                        	0f 84 9d 01 00 00                                 	jz 0xb4ed5520                                     		EAX=00000000, ECX=00000000, EDX=00000000, EBX=00000000, ESP=bf861d40, EBP=00000001, ESI=bf8634e1, EDI=00000000
-1	25731	libc.so.6           	b4ed5520	                                        	81 fd ff ff ff 7f                                 	cmp ebp, 0x7fffffff                               		EAX=00000000, ECX=00000000, EDX=00000000, EBX=00000000, ESP=bf861d40, EBP=00000001, ESI=bf8634e1, EDI=00000000
-1	25731	libc.so.6           	b4ed5526	                                        	76 76                                             	jbe 0xb4ed559e                                    		EAX=00000000, ECX=00000000, EDX=00000000, EBX=00000000, ESP=bf861d40, EBP=00000001, ESI=bf8634e1, EDI=00000000
-1	25731	libc.so.6           	b4ed559e	                                        	89 e8                                             	mov eax, ebp                                      		EAX=00000000, ECX=00000000, EDX=00000000, EBX=00000000, ESP=bf861d40, EBP=00000001, ESI=bf8634e1, EDI=00000000
-1	25731	libc.so.6           	b4ed55a0	                                        	e9 55 fc ff ff                                    	jmp 0xb4ed51fa                                    		EAX=00000001, ECX=00000000, EDX=00000000, EBX=00000000, ESP=bf861d40, EBP=00000001, ESI=bf8634e1, EDI=00000000
-1	25731	libc.so.6           	b4ed51fa	                                        	83 c4 3c                                          	add esp, 0x3c                                     		EAX=00000001, ECX=00000000, EDX=00000000, EBX=00000000, ESP=bf861d40, EBP=00000001, ESI=bf8634e1, EDI=00000000
-1	25731	libc.so.6           	b4ed51fd	                                        	5b                                                	pop ebx                                           		EAX=00000001, ECX=00000000, EDX=00000000, EBX=00000000, ESP=bf861d7c, EBP=00000001, ESI=bf8634e1, EDI=00000000
-1	25731	libc.so.6           	b4ed51fe	                                        	5e                                                	pop esi                                           		EAX=00000001, ECX=00000000, EDX=00000000, EBX=00000000, ESP=bf861d80, EBP=00000001, ESI=bf8634e1, EDI=00000000
-1	25731	libc.so.6           	b4ed51ff	                                        	5f                                                	pop edi                                           		EAX=00000001, ECX=00000000, EDX=00000000, EBX=00000000, ESP=bf861d84, EBP=00000001, ESI=b5058000, EDI=00000000
-1	25731	libc.so.6           	b4ed5200	                                        	5d                                                	pop ebp                                           		EAX=00000001, ECX=00000000, EDX=00000000, EBX=00000000, ESP=bf861d88, EBP=00000001, ESI=b5058000, EDI=b5058000
-1	25731	libc.so.6           	b4ed5201	                                        	c3                                                	ret                                               		EAX=00000001, ECX=00000000, EDX=00000000, EBX=00000000, ESP=bf861d8c, EBP=bf861e08, ESI=b5058000, EDI=b5058000
-1	25731	libc.so.6           	b4ed4f30	                                        	83 c4 2c                                          	add esp, 0x2c                                     		EAX=00000001, ECX=00000000, EDX=00000000, EBX=00000000, ESP=bf861d90, EBP=bf861e08, ESI=b5058000, EDI=b5058000
-1	25731	libc.so.6           	b4ed4f33	                                        	c3                                                	ret                                               		EAX=00000001, ECX=00000000, EDX=00000000, EBX=00000000, ESP=bf861dbc, EBP=bf861e08, ESI=b5058000, EDI=b5058000
-1	25731	libc.so.6           	b4ed2270	                                        	83 c4 1c                                          	add esp, 0x1c                                     		EAX=00000001, ECX=00000000, EDX=00000000, EBX=00000000, ESP=bf861dc0, EBP=bf861e08, ESI=b5058000, EDI=b5058000
-1	25731	libc.so.6           	b4ed2273	                                        	c3                                                	ret                                               		EAX=00000001, ECX=00000000, EDX=00000000, EBX=00000000, ESP=bf861ddc, EBP=bf861e08, ESI=b5058000, EDI=b5058000
-1	25731	unknown             	0804842f	                                        	83 c4 10                                          	add esp, 0x10                                     		EAX=00000001, ECX=00000000, EDX=00000000, EBX=00000000, ESP=bf861de0, EBP=bf861e08, ESI=b5058000, EDI=b5058000
-1	25731	unknown             	08048432	                                        	89 45 f4                                          	mov dword ptr [ebp-0xc], eax                      		EAX=00000001, ECX=00000000, EDX=00000000, EBX=00000000, ESP=bf861df0, EBP=bf861e08, ESI=b5058000, EDI=b5058000
-1	25731	unknown             	08048435	                                        	83 7d f4 05                                       	cmp dword ptr [ebp-0xc], 0x5                      		EAX=00000001, ECX=00000000, EDX=00000000, EBX=00000000, ESP=bf861df0, EBP=bf861e08, ESI=b5058000, EDI=b5058000
-1	25731	unknown             	08048439	                                        	7e 07                                             	jle 0x8048442                                     		EAX=00000001, ECX=00000000, EDX=00000000, EBX=00000000, ESP=bf861df0, EBP=bf861e08, ESI=b5058000, EDI=b5058000
-1	25731	unknown             	08048442	                                        	b8 01 00 00 00                                    	mov eax, 0x1                                      		EAX=00000001, ECX=00000000, EDX=00000000, EBX=00000000, ESP=bf861df0, EBP=bf861e08, ESI=b5058000, EDI=b5058000
-1	25731	unknown             	08048447	                                        	8b 4d fc                                          	mov ecx, dword ptr [ebp-0x4]                      		EAX=00000001, ECX=00000000, EDX=00000000, EBX=00000000, ESP=bf861df0, EBP=bf861e08, ESI=b5058000, EDI=b5058000
-1	25731	unknown             	0804844a	                                        	c9                                                	leave                                             		EAX=00000001, ECX=bf861e20, EDX=00000000, EBX=00000000, ESP=bf861df0, EBP=bf861e08, ESI=b5058000, EDI=b5058000
-1	25731	unknown             	0804844b	                                        	8d 61 fc                                          	lea esp, ptr [ecx-0x4]                            		EAX=00000001, ECX=bf861e20, EDX=00000000, EBX=00000000, ESP=bf861e0c, EBP=00000000, ESI=b5058000, EDI=b5058000
-1	25731	unknown             	0804844e	                                        	c3                                                	ret                                               		EAX=00000001, ECX=bf861e20, EDX=00000000, EBX=00000000, ESP=bf861e1c, EBP=00000000, ESI=b5058000, EDI=b5058000
-1	25731	libc.so.6           	b4ebd647	                                        	83 c4 10                                          	add esp, 0x10                                     		EAX=00000001, ECX=bf861e20, EDX=00000000, EBX=00000000, ESP=bf861e20, EBP=00000000, ESI=b5058000, EDI=b5058000
-1	25731	libc.so.6           	b4ebd64a	                                        	83 ec 0c                                          	sub esp, 0xc                                      		EAX=00000001, ECX=bf861e20, EDX=00000000, EBX=00000000, ESP=bf861e30, EBP=00000000, ESI=b5058000, EDI=b5058000
-1	25731	libc.so.6           	b4ebd64d	                                        	50                                                	push eax                                          		EAX=00000001, ECX=bf861e20, EDX=00000000, EBX=00000000, ESP=bf861e24, EBP=00000000, ESI=b5058000, EDI=b5058000
-1	25731	libc.so.6           	b4ebd64e	                                        	e8 8d 63 01 00                                    	call 0xb4ed39e0                                   		EAX=00000001, ECX=bf861e20, EDX=00000000, EBX=00000000, ESP=bf861e20, EBP=00000000, ESI=b5058000, EDI=b5058000
-1	25731	libc.so.6           	b4ed39e0	                                        	e8 94 12 0f 00                                    	call 0xb4fc4c79                                   		EAX=00000001, ECX=bf861e20, EDX=00000000, EBX=00000000, ESP=bf861e1c, EBP=00000000, ESI=b5058000, EDI=b5058000
-1	25731	libc.so.6           	b4fc4c79	exit                                    	8b 04 24                                          	mov eax, dword ptr [esp]                          		EAX=00000001, ECX=bf861e20, EDX=00000000, EBX=00000000, ESP=bf861e18, EBP=00000000, ESI=b5058000, EDI=b5058000
-1	25731	libc.so.6           	b4fc4c7c	                                        	c3                                                	ret                                               		EAX=b4ed39e5, ECX=bf861e20, EDX=00000000, EBX=00000000, ESP=bf861e18, EBP=00000000, ESI=b5058000, EDI=b5058000
-1	25731	libc.so.6           	b4ed39e5	                                        	05 1b 46 18 00                                    	add eax, 0x18461b                                 		EAX=b4ed39e5, ECX=bf861e20, EDX=00000000, EBX=00000000, ESP=bf861e1c, EBP=00000000, ESI=b5058000, EDI=b5058000
-1	25731	libc.so.6           	b4ed39ea	                                        	83 ec 10                                          	sub esp, 0x10                                     		EAX=b5058000, ECX=bf861e20, EDX=00000000, EBX=00000000, ESP=bf861e1c, EBP=00000000, ESI=b5058000, EDI=b5058000
-1	25731	libc.so.6           	b4ed39ed	                                        	8d 80 dc 03 00 00                                 	lea eax, ptr [eax+0x3dc]                          		EAX=b5058000, ECX=bf861e20, EDX=00000000, EBX=00000000, ESP=bf861e0c, EBP=00000000, ESI=b5058000, EDI=b5058000
-1	25731	libc.so.6           	b4ed39f3	                                        	6a 01                                             	push 0x1                                          		EAX=b50583dc, ECX=bf861e20, EDX=00000000, EBX=00000000, ESP=bf861e0c, EBP=00000000, ESI=b5058000, EDI=b5058000
-1	25731	libc.so.6           	b4ed39f5	                                        	50                                                	push eax                                          		EAX=b50583dc, ECX=bf861e20, EDX=00000000, EBX=00000000, ESP=bf861e08, EBP=00000000, ESI=b5058000, EDI=b5058000
-1	25731	libc.so.6           	b4ed39f6	                                        	ff 74 24 1c                                       	push dword ptr [esp+0x1c]                         		EAX=b50583dc, ECX=bf861e20, EDX=00000000, EBX=00000000, ESP=bf861e04, EBP=00000000, ESI=b5058000, EDI=b5058000
-1	25731	libc.so.6           	b4ed39fa	                                        	e8 c1 fe ff ff                                    	call 0xb4ed38c0                                   		EAX=b50583dc, ECX=bf861e20, EDX=00000000, EBX=00000000, ESP=bf861e00, EBP=00000000, ESI=b5058000, EDI=b5058000
-1	25731	libc.so.6           	b4ed38c0	                                        	55                                                	push ebp                                          		EAX=b50583dc, ECX=bf861e20, EDX=00000000, EBX=00000000, ESP=bf861dfc, EBP=00000000, ESI=b5058000, EDI=b5058000
-1	25731	libc.so.6           	b4ed38c1	                                        	57                                                	push edi                                          		EAX=b50583dc, ECX=bf861e20, EDX=00000000, EBX=00000000, ESP=bf861df8, EBP=00000000, ESI=b5058000, EDI=b5058000
-1	25731	libc.so.6           	b4ed38c2	                                        	56                                                	push esi                                          		EAX=b50583dc, ECX=bf861e20, EDX=00000000, EBX=00000000, ESP=bf861df4, EBP=00000000, ESI=b5058000, EDI=b5058000
-1	25731	libc.so.6           	b4ed38c3	                                        	53                                                	push ebx                                          		EAX=b50583dc, ECX=bf861e20, EDX=00000000, EBX=00000000, ESP=bf861df0, EBP=00000000, ESI=b5058000, EDI=b5058000
-1	25731	libc.so.6           	b4ed38c4	                                        	e8 ac 13 0f 00                                    	call 0xb4fc4c75                                   		EAX=b50583dc, ECX=bf861e20, EDX=00000000, EBX=00000000, ESP=bf861dec, EBP=00000000, ESI=b5058000, EDI=b5058000
-1	25731	libc.so.6           	b4fc4c75	                                        	8b 1c 24                                          	mov ebx, dword ptr [esp]                          		EAX=b50583dc, ECX=bf861e20, EDX=00000000, EBX=00000000, ESP=bf861de8, EBP=00000000, ESI=b5058000, EDI=b5058000
-1	25731	libc.so.6           	b4fc4c78	                                        	c3                                                	ret                                               		EAX=b50583dc, ECX=bf861e20, EDX=00000000, EBX=b4ed38c9, ESP=bf861de8, EBP=00000000, ESI=b5058000, EDI=b5058000
-1	25731	libc.so.6           	b4ed38c9	                                        	81 c3 37 47 18 00                                 	add ebx, 0x184737                                 		EAX=b50583dc, ECX=bf861e20, EDX=00000000, EBX=b4ed38c9, ESP=bf861dec, EBP=00000000, ESI=b5058000, EDI=b5058000
-1	25731	libc.so.6           	b4ed38cf	                                        	83 ec 1c                                          	sub esp, 0x1c                                     		EAX=b50583dc, ECX=bf861e20, EDX=00000000, EBX=b5058000, ESP=bf861dec, EBP=00000000, ESI=b5058000, EDI=b5058000
-1	25731	libc.so.6           	b4ed38d2	                                        	8b 44 24 38                                       	mov eax, dword ptr [esp+0x38]                     		EAX=b50583dc, ECX=bf861e20, EDX=00000000, EBX=b5058000, ESP=bf861dd0, EBP=00000000, ESI=b5058000, EDI=b5058000
-1	25731	libc.so.6           	b4ed38d6	                                        	8b 74 24 30                                       	mov esi, dword ptr [esp+0x30]                     		EAX=00000001, ECX=bf861e20, EDX=00000000, EBX=b5058000, ESP=bf861dd0, EBP=00000000, ESI=b5058000, EDI=b5058000
-1	25731	libc.so.6           	b4ed38da	                                        	8b 7c 24 34                                       	mov edi, dword ptr [esp+0x34]                     		EAX=00000001, ECX=bf861e20, EDX=00000000, EBX=b5058000, ESP=bf861dd0, EBP=00000000, ESI=00000001, EDI=b5058000
-1	25731	libc.so.6           	b4ed38de	                                        	89 44 24 0c                                       	mov dword ptr [esp+0xc], eax                      		EAX=00000001, ECX=bf861e20, EDX=00000000, EBX=b5058000, ESP=bf861dd0, EBP=00000000, ESI=00000001, EDI=b50583dc
-1	25731	libc.so.6           	b4ed38e2	                                        	e8 e9 05 00 00                                    	call 0xb4ed3ed0                                   		EAX=00000001, ECX=bf861e20, EDX=00000000, EBX=b5058000, ESP=bf861dd0, EBP=00000000, ESI=00000001, EDI=b50583dc
-1	25731	libc.so.6           	b4ed3ed0	                                        	55                                                	push ebp                                          		EAX=00000001, ECX=bf861e20, EDX=00000000, EBX=b5058000, ESP=bf861dcc, EBP=00000000, ESI=00000001, EDI=b50583dc
-1	25731	libc.so.6           	b4ed3ed1	                                        	57                                                	push edi                                          		EAX=00000001, ECX=bf861e20, EDX=00000000, EBX=b5058000, ESP=bf861dc8, EBP=00000000, ESI=00000001, EDI=b50583dc
-1	25731	libc.so.6           	b4ed3ed2	                                        	56                                                	push esi                                          		EAX=00000001, ECX=bf861e20, EDX=00000000, EBX=b5058000, ESP=bf861dc4, EBP=00000000, ESI=00000001, EDI=b50583dc
-1	25731	libc.so.6           	b4ed3ed3	                                        	53                                                	push ebx                                          		EAX=00000001, ECX=bf861e20, EDX=00000000, EBX=b5058000, ESP=bf861dc0, EBP=00000000, ESI=00000001, EDI=b50583dc
-1	25731	libc.so.6           	b4ed3ed4	                                        	e8 9c 0d 0f 00                                    	call 0xb4fc4c75                                   		EAX=00000001, ECX=bf861e20, EDX=00000000, EBX=b5058000, ESP=bf861dbc, EBP=00000000, ESI=00000001, EDI=b50583dc
-1	25731	libc.so.6           	b4fc4c75	__call_tls_dtors                        	8b 1c 24                                          	mov ebx, dword ptr [esp]                          		EAX=00000001, ECX=bf861e20, EDX=00000000, EBX=b5058000, ESP=bf861db8, EBP=00000000, ESI=00000001, EDI=b50583dc
-1	25731	libc.so.6           	b4fc4c78	                                        	c3                                                	ret                                               		EAX=00000001, ECX=bf861e20, EDX=00000000, EBX=b4ed3ed9, ESP=bf861db8, EBP=00000000, ESI=00000001, EDI=b50583dc
-1	25731	libc.so.6           	b4ed3ed9	                                        	81 c3 27 41 18 00                                 	add ebx, 0x184127                                 		EAX=00000001, ECX=bf861e20, EDX=00000000, EBX=b4ed3ed9, ESP=bf861dbc, EBP=00000000, ESI=00000001, EDI=b50583dc
-1	25731	libc.so.6           	b4ed3edf	                                        	83 ec 0c                                          	sub esp, 0xc                                      		EAX=00000001, ECX=bf861e20, EDX=00000000, EBX=b5058000, ESP=bf861dbc, EBP=00000000, ESI=00000001, EDI=b50583dc
-1	25731	libc.so.6           	b4ed3ee2	                                        	65 8b 2d 00 00 00 00                              	mov ebp, dword ptr gs:[0x0]                       		EAX=00000001, ECX=bf861e20, EDX=00000000, EBX=b5058000, ESP=bf861db0, EBP=00000000, ESI=00000001, EDI=b50583dc
-1	25731	libc.so.6           	b4ed3ee9	                                        	8b bb a0 fe ff ff                                 	mov edi, dword ptr [ebx-0x160]                    		EAX=00000001, ECX=bf861e20, EDX=00000000, EBX=b5058000, ESP=bf861db0, EBP=b4e8c700, ESI=00000001, EDI=b50583dc
-1	25731	libc.so.6           	b4ed3eef	                                        	8b 74 3d 00                                       	mov esi, dword ptr [ebp+edi*1]                    		EAX=00000001, ECX=bf861e20, EDX=00000000, EBX=b5058000, ESP=bf861db0, EBP=b4e8c700, ESI=00000001, EDI=ffffffd4
-1	25731	libc.so.6           	b4ed3ef3	                                        	85 f6                                             	test esi, esi                                     		EAX=00000001, ECX=bf861e20, EDX=00000000, EBX=b5058000, ESP=bf861db0, EBP=b4e8c700, ESI=00000000, EDI=ffffffd4
-1	25731	libc.so.6           	b4ed3ef5	                                        	74 42                                             	jz 0xb4ed3f39                                     		EAX=00000001, ECX=bf861e20, EDX=00000000, EBX=b5058000, ESP=bf861db0, EBP=b4e8c700, ESI=00000000, EDI=ffffffd4
-1	25731	libc.so.6           	b4ed3f39	                                        	83 c4 0c                                          	add esp, 0xc                                      		EAX=00000001, ECX=bf861e20, EDX=00000000, EBX=b5058000, ESP=bf861db0, EBP=b4e8c700, ESI=00000000, EDI=ffffffd4
-1	25731	libc.so.6           	b4ed3f3c	                                        	5b                                                	pop ebx                                           		EAX=00000001, ECX=bf861e20, EDX=00000000, EBX=b5058000, ESP=bf861dbc, EBP=b4e8c700, ESI=00000000, EDI=ffffffd4
-1	25731	libc.so.6           	b4ed3f3d	                                        	5e                                                	pop esi                                           		EAX=00000001, ECX=bf861e20, EDX=00000000, EBX=b5058000, ESP=bf861dc0, EBP=b4e8c700, ESI=00000000, EDI=ffffffd4
-1	25731	libc.so.6           	b4ed3f3e	                                        	5f                                                	pop edi                                           		EAX=00000001, ECX=bf861e20, EDX=00000000, EBX=b5058000, ESP=bf861dc4, EBP=b4e8c700, ESI=00000001, EDI=ffffffd4
-1	25731	libc.so.6           	b4ed3f3f	                                        	5d                                                	pop ebp                                           		EAX=00000001, ECX=bf861e20, EDX=00000000, EBX=b5058000, ESP=bf861dc8, EBP=b4e8c700, ESI=00000001, EDI=b50583dc
-1	25731	libc.so.6           	b4ed3f40	                                        	c3                                                	ret                                               		EAX=00000001, ECX=bf861e20, EDX=00000000, EBX=b5058000, ESP=bf861dcc, EBP=00000000, ESI=00000001, EDI=b50583dc
-1	25731	libc.so.6           	b4ed38e7	                                        	8b 2f                                             	mov ebp, dword ptr [edi]                          		EAX=00000001, ECX=bf861e20, EDX=00000000, EBX=b5058000, ESP=bf861dd0, EBP=00000000, ESI=00000001, EDI=b50583dc
-1	25731	libc.so.6           	b4ed38e9	                                        	85 ed                                             	test ebp, ebp                                     		EAX=00000001, ECX=bf861e20, EDX=00000000, EBX=b5058000, ESP=bf861dd0, EBP=b50591e0, ESI=00000001, EDI=b50583dc
-1	25731	libc.so.6           	b4ed38eb	                                        	74 42                                             	jz 0xb4ed392f                                     		EAX=00000001, ECX=bf861e20, EDX=00000000, EBX=b5058000, ESP=bf861dd0, EBP=b50591e0, ESI=00000001, EDI=b50583dc
-1	25731	libc.so.6           	b4ed38ed	                                        	8d 76 00                                          	lea esi, ptr [esi]                                		EAX=00000001, ECX=bf861e20, EDX=00000000, EBX=b5058000, ESP=bf861dd0, EBP=b50591e0, ESI=00000001, EDI=b50583dc
-1	25731	libc.so.6           	b4ed38f0	                                        	8b 45 04                                          	mov eax, dword ptr [ebp+0x4]                      		EAX=00000001, ECX=bf861e20, EDX=00000000, EBX=b5058000, ESP=bf861dd0, EBP=b50591e0, ESI=00000001, EDI=b50583dc
-1	25731	libc.so.6           	b4ed38f3	                                        	89 c2                                             	mov edx, eax                                      		EAX=00000001, ECX=bf861e20, EDX=00000000, EBX=b5058000, ESP=bf861dd0, EBP=b50591e0, ESI=00000001, EDI=b50583dc
-1	25731	libc.so.6           	b4ed38f5	                                        	c1 e2 04                                          	shl edx, 0x4                                      		EAX=00000001, ECX=bf861e20, EDX=00000001, EBX=b5058000, ESP=bf861dd0, EBP=b50591e0, ESI=00000001, EDI=b50583dc
-1	25731	libc.so.6           	b4ed38f8	                                        	85 c0                                             	test eax, eax                                     		EAX=00000001, ECX=bf861e20, EDX=00000010, EBX=b5058000, ESP=bf861dd0, EBP=b50591e0, ESI=00000001, EDI=b50583dc
-1	25731	libc.so.6           	b4ed38fa	                                        	8d 4c 15 f8                                       	lea ecx, ptr [ebp+edx*1-0x8]                      		EAX=00000001, ECX=bf861e20, EDX=00000010, EBX=b5058000, ESP=bf861dd0, EBP=b50591e0, ESI=00000001, EDI=b50583dc
-1	25731	libc.so.6           	b4ed38fe	                                        	74 22                                             	jz 0xb4ed3922                                     		EAX=00000001, ECX=b50591e8, EDX=00000010, EBX=b5058000, ESP=bf861dd0, EBP=b50591e0, ESI=00000001, EDI=b50583dc
-1	25731	libc.so.6           	b4ed3900	                                        	8b 11                                             	mov edx, dword ptr [ecx]                          		EAX=00000001, ECX=b50591e8, EDX=00000010, EBX=b5058000, ESP=bf861dd0, EBP=b50591e0, ESI=00000001, EDI=b50583dc
-1	25731	libc.so.6           	b4ed3902	                                        	83 e8 01                                          	sub eax, 0x1                                      		EAX=00000001, ECX=b50591e8, EDX=00000004, EBX=b5058000, ESP=bf861dd0, EBP=b50591e0, ESI=00000001, EDI=b50583dc
-1	25731	libc.so.6           	b4ed3905	                                        	89 45 04                                          	mov dword ptr [ebp+0x4], eax                      		EAX=00000000, ECX=b50591e8, EDX=00000004, EBX=b5058000, ESP=bf861dd0, EBP=b50591e0, ESI=00000001, EDI=b50583dc
-1	25731	libc.so.6           	b4ed3908	                                        	83 fa 03                                          	cmp edx, 0x3                                      		EAX=00000000, ECX=b50591e8, EDX=00000004, EBX=b5058000, ESP=bf861dd0, EBP=b50591e0, ESI=00000001, EDI=b50583dc
-1	25731	libc.so.6           	b4ed390b	                                        	0f 84 9f 00 00 00                                 	jz 0xb4ed39b0                                     		EAX=00000000, ECX=b50591e8, EDX=00000004, EBX=b5058000, ESP=bf861dd0, EBP=b50591e0, ESI=00000001, EDI=b50583dc
-1	25731	libc.so.6           	b4ed3911	                                        	83 fa 04                                          	cmp edx, 0x4                                      		EAX=00000000, ECX=b50591e8, EDX=00000004, EBX=b5058000, ESP=bf861dd0, EBP=b50591e0, ESI=00000001, EDI=b50583dc
-1	25731	libc.so.6           	b4ed3914	                                        	74 72                                             	jz 0xb4ed3988                                     		EAX=00000000, ECX=b50591e8, EDX=00000004, EBX=b5058000, ESP=bf861dd0, EBP=b50591e0, ESI=00000001, EDI=b50583dc
-1	25731	libc.so.6           	b4ed3988	                                        	c1 e0 04                                          	shl eax, 0x4                                      		EAX=00000000, ECX=b50591e8, EDX=00000004, EBX=b5058000, ESP=bf861dd0, EBP=b50591e0, ESI=00000001, EDI=b50583dc
-1	25731	libc.so.6           	b4ed398b	                                        	83 ec 08                                          	sub esp, 0x8                                      		EAX=00000000, ECX=b50591e8, EDX=00000004, EBX=b5058000, ESP=bf861dd0, EBP=b50591e0, ESI=00000001, EDI=b50583dc
-1	25731	libc.so.6           	b4ed398e	                                        	01 e8                                             	add eax, ebp                                      		EAX=00000000, ECX=b50591e8, EDX=00000004, EBX=b5058000, ESP=bf861dc8, EBP=b50591e0, ESI=00000001, EDI=b50583dc
-1	25731	libc.so.6           	b4ed3990	                                        	8b 50 0c                                          	mov edx, dword ptr [eax+0xc]                      		EAX=b50591e0, ECX=b50591e8, EDX=00000004, EBX=b5058000, ESP=bf861dc8, EBP=b50591e0, ESI=00000001, EDI=b50583dc
-1	25731	libc.so.6           	b4ed3993	                                        	56                                                	push esi                                          		EAX=b50591e0, ECX=b50591e8, EDX=6c9dd160, EBX=b5058000, ESP=bf861dc8, EBP=b50591e0, ESI=00000001, EDI=b50583dc
-1	25731	libc.so.6           	b4ed3994	                                        	ff 70 10                                          	push dword ptr [eax+0x10]                         		EAX=b50591e0, ECX=b50591e8, EDX=6c9dd160, EBX=b5058000, ESP=bf861dc4, EBP=b50591e0, ESI=00000001, EDI=b50583dc
-1	25731	libc.so.6           	b4ed3997	                                        	c1 ca 09                                          	ror edx, 0x9                                      		EAX=b50591e0, ECX=b50591e8, EDX=6c9dd160, EBX=b5058000, ESP=bf861dc0, EBP=b50591e0, ESI=00000001, EDI=b50583dc
-1	25731	libc.so.6           	b4ed399a	                                        	65 33 15 18 00 00 00                              	xor edx, dword ptr gs:[0x18]                      		EAX=b50591e0, ECX=b50591e8, EDX=b0364ee8, EBX=b5058000, ESP=bf861dc0, EBP=b50591e0, ESI=00000001, EDI=b50583dc
-1	25731	libc.so.6           	b4ed39a1	                                        	ff d2                                             	call edx                                          		EAX=b50591e0, ECX=b50591e8, EDX=b77cd880, EBX=b5058000, ESP=bf861dc0, EBP=b50591e0, ESI=00000001, EDI=b50583dc
-1	25731	ld-linux.so.2       	b77cd880	                                        	55                                                	push ebp                                          		EAX=b50591e0, ECX=b50591e8, EDX=b77cd880, EBX=b5058000, ESP=bf861dbc, EBP=b50591e0, ESI=00000001, EDI=b50583dc
-1	25731	ld-linux.so.2       	b77cd881	                                        	8d 0d 20 00 00 00                                 	lea ecx, ptr [0x20]                               		EAX=b50591e0, ECX=b50591e8, EDX=b77cd880, EBX=b5058000, ESP=bf861db8, EBP=b50591e0, ESI=00000001, EDI=b50583dc
-1	25731	ld-linux.so.2       	b77cd887	                                        	e8 55 a0 00 00                                    	call 0xb77d78e1                                   		EAX=b50591e0, ECX=00000020, EDX=b77cd880, EBX=b5058000, ESP=bf861db8, EBP=b50591e0, ESI=00000001, EDI=b50583dc
-1	25731	ld-linux.so.2       	b77d78e1	                                        	8b 04 24                                          	mov eax, dword ptr [esp]                          		EAX=b50591e0, ECX=00000020, EDX=b77cd880, EBX=b5058000, ESP=bf861db4, EBP=b50591e0, ESI=00000001, EDI=b50583dc
-1	25731	ld-linux.so.2       	b77d78e4	                                        	c3                                                	ret                                               		EAX=b77cd88c, ECX=00000020, EDX=b77cd880, EBX=b5058000, ESP=bf861db4, EBP=b50591e0, ESI=00000001, EDI=b50583dc
-1	25731	ld-linux.so.2       	b77cd88c	                                        	05 74 47 01 00                                    	add eax, 0x14774                                  		EAX=b77cd88c, ECX=00000020, EDX=b77cd880, EBX=b5058000, ESP=bf861db8, EBP=b50591e0, ESI=00000001, EDI=b50583dc
-1	25731	ld-linux.so.2       	b77cd891	                                        	89 e5                                             	mov ebp, esp                                      		EAX=b77e2000, ECX=00000020, EDX=b77cd880, EBX=b5058000, ESP=bf861db8, EBP=b50591e0, ESI=00000001, EDI=b50583dc
-1	25731	ld-linux.so.2       	b77cd893	                                        	57                                                	push edi                                          		EAX=b77e2000, ECX=00000020, EDX=b77cd880, EBX=b5058000, ESP=bf861db8, EBP=bf861db8, ESI=00000001, EDI=b50583dc
-1	25731	ld-linux.so.2       	b77cd894	                                        	56                                                	push esi                                          		EAX=b77e2000, ECX=00000020, EDX=b77cd880, EBX=b5058000, ESP=bf861db4, EBP=bf861db8, ESI=00000001, EDI=b50583dc
-1	25731	ld-linux.so.2       	b77cd895	                                        	53                                                	push ebx                                          		EAX=b77e2000, ECX=00000020, EDX=b77cd880, EBX=b5058000, ESP=bf861db0, EBP=bf861db8, ESI=00000001, EDI=b50583dc
-1	25731	ld-linux.so.2       	b77cd896	                                        	83 ec 4c                                          	sub esp, 0x4c                                     		EAX=b77e2000, ECX=00000020, EDX=b77cd880, EBX=b5058000, ESP=bf861dac, EBP=bf861db8, ESI=00000001, EDI=b50583dc
-1	25731	ld-linux.so.2       	b77cd899	                                        	89 45 dc                                          	mov dword ptr [ebp-0x24], eax                     		EAX=b77e2000, ECX=00000020, EDX=b77cd880, EBX=b5058000, ESP=bf861d60, EBP=bf861db8, ESI=00000001, EDI=b50583dc
-1	25731	ld-linux.so.2       	b77cd89c	                                        	89 4d d8                                          	mov dword ptr [ebp-0x28], ecx                     		EAX=b77e2000, ECX=00000020, EDX=b77cd880, EBX=b5058000, ESP=bf861d60, EBP=bf861db8, ESI=00000001, EDI=b50583dc
-1	25731	ld-linux.so.2       	b77cd89f	                                        	8d 88 20 00 00 00                                 	lea ecx, ptr [eax+0x20]                           		EAX=b77e2000, ECX=00000020, EDX=b77cd880, EBX=b5058000, ESP=bf861d60, EBP=bf861db8, ESI=00000001, EDI=b50583dc
-1	25731	ld-linux.so.2       	b77cd8a5	                                        	8d 80 e4 04 00 00                                 	lea eax, ptr [eax+0x4e4]                          		EAX=b77e2000, ECX=b77e2020, EDX=b77cd880, EBX=b5058000, ESP=bf861d60, EBP=bf861db8, ESI=00000001, EDI=b50583dc
-1	25731	ld-linux.so.2       	b77cd8ab	                                        	c7 45 cc 00 00 00 00                              	mov dword ptr [ebp-0x34], 0x0                     		EAX=b77e24e4, ECX=b77e2020, EDX=b77cd880, EBX=b5058000, ESP=bf861d60, EBP=bf861db8, ESI=00000001, EDI=b50583dc
-1	25731	ld-linux.so.2       	b77cd8b2	                                        	89 4d ac                                          	mov dword ptr [ebp-0x54], ecx                     		EAX=b77e24e4, ECX=b77e2020, EDX=b77cd880, EBX=b5058000, ESP=bf861d60, EBP=bf861db8, ESI=00000001, EDI=b50583dc
-1	25731	ld-linux.so.2       	b77cd8b5	                                        	89 45 d0                                          	mov dword ptr [ebp-0x30], eax                     		EAX=b77e24e4, ECX=b77e2020, EDX=b77cd880, EBX=b5058000, ESP=bf861d60, EBP=bf861db8, ESI=00000001, EDI=b50583dc
-1	25731	ld-linux.so.2       	b77cd8b8	                                        	8b 4d dc                                          	mov ecx, dword ptr [ebp-0x24]                     		EAX=b77e24e4, ECX=b77e2020, EDX=b77cd880, EBX=b5058000, ESP=bf861d60, EBP=bf861db8, ESI=00000001, EDI=b50583dc
-1	25731	ld-linux.so.2       	b77cd8bb	                                        	8b 45 d8                                          	mov eax, dword ptr [ebp-0x28]                     		EAX=b77e24e4, ECX=b77e2000, EDX=b77cd880, EBX=b5058000, ESP=bf861d60, EBP=bf861db8, ESI=00000001, EDI=b50583dc
-1	25731	ld-linux.so.2       	b77cd8be	                                        	8b 84 08 c0 04 00 00                              	mov eax, dword ptr [eax+ecx*1+0x4c0]              		EAX=00000020, ECX=b77e2000, EDX=b77cd880, EBX=b5058000, ESP=bf861d60, EBP=bf861db8, ESI=00000001, EDI=b50583dc
-1	25731	ld-linux.so.2       	b77cd8c5	                                        	89 c1                                             	mov ecx, eax                                      		EAX=00000001, ECX=b77e2000, EDX=b77cd880, EBX=b5058000, ESP=bf861d60, EBP=bf861db8, ESI=00000001, EDI=b50583dc
-1	25731	ld-linux.so.2       	b77cd8c7	                                        	83 e9 01                                          	sub ecx, 0x1                                      		EAX=00000001, ECX=00000001, EDX=b77cd880, EBX=b5058000, ESP=bf861d60, EBP=bf861db8, ESI=00000001, EDI=b50583dc
-1	25731	ld-linux.so.2       	b77cd8ca	                                        	89 4d e0                                          	mov dword ptr [ebp-0x20], ecx                     		EAX=00000001, ECX=00000000, EDX=b77cd880, EBX=b5058000, ESP=bf861d60, EBP=bf861db8, ESI=00000001, EDI=b50583dc
-1	25731	ld-linux.so.2       	b77cd8cd	                                        	0f 88 00 02 00 00                                 	js 0xb77cdad3                                     		EAX=00000001, ECX=00000000, EDX=b77cd880, EBX=b5058000, ESP=bf861d60, EBP=bf861db8, ESI=00000001, EDI=b50583dc
-1	25731	ld-linux.so.2       	b77cd8d3	                                        	8b 4d ac                                          	mov ecx, dword ptr [ebp-0x54]                     		EAX=00000001, ECX=00000000, EDX=b77cd880, EBX=b5058000, ESP=bf861d60, EBP=bf861db8, ESI=00000001, EDI=b50583dc
-1	25731	ld-linux.so.2       	b77cd8d6	                                        	6b c0 4c                                          	imul eax, eax, 0x4c                               		EAX=00000001, ECX=b77e2020, EDX=b77cd880, EBX=b5058000, ESP=bf861d60, EBP=bf861db8, ESI=00000001, EDI=b50583dc
-1	25731	ld-linux.so.2       	b77cd8d9	                                        	8d 44 01 b8                                       	lea eax, ptr [ecx+eax*1-0x48]                     		EAX=0000004c, ECX=b77e2020, EDX=b77cd880, EBX=b5058000, ESP=bf861d60, EBP=bf861db8, ESI=00000001, EDI=b50583dc
-1	25731	ld-linux.so.2       	b77cd8dd	                                        	89 45 d4                                          	mov dword ptr [ebp-0x2c], eax                     		EAX=b77e2024, ECX=b77e2020, EDX=b77cd880, EBX=b5058000, ESP=bf861d60, EBP=bf861db8, ESI=00000001, EDI=b50583dc
-1	25731	ld-linux.so.2       	b77cd8e0	                                        	8b 45 dc                                          	mov eax, dword ptr [ebp-0x24]                     		EAX=b77e2024, ECX=b77e2020, EDX=b77cd880, EBX=b5058000, ESP=bf861d60, EBP=bf861db8, ESI=00000001, EDI=b50583dc
-1	25731	ld-linux.so.2       	b77cd8e3	                                        	8d 88 8b 73 ff ff                                 	lea ecx, ptr [eax-0x8c75]                         		EAX=b77e2000, ECX=b77e2020, EDX=b77cd880, EBX=b5058000, ESP=bf861d60, EBP=bf861db8, ESI=00000001, EDI=b50583dc
-1	25731	ld-linux.so.2       	b77cd8e9	                                        	8d 80 73 6b ff ff                                 	lea eax, ptr [eax-0x948d]                         		EAX=b77e2000, ECX=b77d938b, EDX=b77cd880, EBX=b5058000, ESP=bf861d60, EBP=bf861db8, ESI=00000001, EDI=b50583dc
-1	25731	ld-linux.so.2       	b77cd8ef	                                        	89 4d b8                                          	mov dword ptr [ebp-0x48], ecx                     		EAX=b77d8b73, ECX=b77d938b, EDX=b77cd880, EBX=b5058000, ESP=bf861d60, EBP=bf861db8, ESI=00000001, EDI=b50583dc
-1	25731	ld-linux.so.2       	b77cd8f2	                                        	89 45 b4                                          	mov dword ptr [ebp-0x4c], eax                     		EAX=b77d8b73, ECX=b77d938b, EDX=b77cd880, EBX=b5058000, ESP=bf861d60, EBP=bf861db8, ESI=00000001, EDI=b50583dc
-1	25731	ld-linux.so.2       	b77cd8f5	                                        	eb 33                                             	jmp 0xb77cd92a                                    		EAX=b77d8b73, ECX=b77d938b, EDX=b77cd880, EBX=b5058000, ESP=bf861d60, EBP=bf861db8, ESI=00000001, EDI=b50583dc
-1	25731	ld-linux.so.2       	b77cd92a	                                        	8b 45 d8                                          	mov eax, dword ptr [ebp-0x28]                     		EAX=b77d8b73, ECX=b77d938b, EDX=b77cd880, EBX=b5058000, ESP=bf861d60, EBP=bf861db8, ESI=00000001, EDI=b50583dc
-1	25731	ld-linux.so.2       	b77cd92d	                                        	8b 4d dc                                          	mov ecx, dword ptr [ebp-0x24]                     		EAX=00000020, ECX=b77d938b, EDX=b77cd880, EBX=b5058000, ESP=bf861d60, EBP=bf861db8, ESI=00000001, EDI=b50583dc
-1	25731	ld-linux.so.2       	b77cd930	                                        	83 ec 0c                                          	sub esp, 0xc                                      		EAX=00000020, ECX=b77e2000, EDX=b77cd880, EBX=b5058000, ESP=bf861d60, EBP=bf861db8, ESI=00000001, EDI=b50583dc
-1	25731	ld-linux.so.2       	b77cd933	                                        	ff 75 d0                                          	push dword ptr [ebp-0x30]                         		EAX=00000020, ECX=b77e2000, EDX=b77cd880, EBX=b5058000, ESP=bf861d54, EBP=bf861db8, ESI=00000001, EDI=b50583dc
-1	25731	ld-linux.so.2       	b77cd936	                                        	ff 94 08 f8 07 00 00                              	call dword ptr [eax+ecx*1+0x7f8]                  		EAX=00000020, ECX=b77e2000, EDX=b77cd880, EBX=b5058000, ESP=bf861d50, EBP=bf861db8, ESI=00000001, EDI=b50583dc
-1	25731	ld-linux.so.2       	b77cd93d	                                        	8b 45 d4                                          	mov eax, dword ptr [ebp-0x2c]                     		EAX=b77e24e4, ECX=b77e2000, EDX=b77cd880, EBX=b5058000, ESP=bf861d50, EBP=bf861db8, ESI=00000001, EDI=b50583dc
-1	25731	ld-linux.so.2       	b77cd940	                                        	83 c4 10                                          	add esp, 0x10                                     		EAX=b77e2024, ECX=b77e2000, EDX=b77cd880, EBX=b5058000, ESP=bf861d50, EBP=bf861db8, ESI=00000001, EDI=b50583dc
-1	25731	ld-linux.so.2       	b77cd943	                                        	8b 08                                             	mov ecx, dword ptr [eax]                          		EAX=b77e2024, ECX=b77e2000, EDX=b77cd880, EBX=b5058000, ESP=bf861d60, EBP=bf861db8, ESI=00000001, EDI=b50583dc
-1	25731	ld-linux.so.2       	b77cd945	                                        	85 c9                                             	test ecx, ecx                                     		EAX=b77e2024, ECX=00000004, EDX=b77cd880, EBX=b5058000, ESP=bf861d60, EBP=bf861db8, ESI=00000001, EDI=b50583dc
-1	25731	ld-linux.so.2       	b77cd947	                                        	74 b7                                             	jz 0xb77cd900                                     		EAX=b77e2024, ECX=00000004, EDX=b77cd880, EBX=b5058000, ESP=bf861d60, EBP=bf861db8, ESI=00000001, EDI=b50583dc
-1	25731	ld-linux.so.2       	b77cd949	                                        	8b 40 fc                                          	mov eax, dword ptr [eax-0x4]                      		EAX=b77e2024, ECX=00000004, EDX=b77cd880, EBX=b5058000, ESP=bf861d60, EBP=bf861db8, ESI=00000001, EDI=b50583dc
-1	25731	ld-linux.so.2       	b77cd94c	                                        	0f b6 90 95 01 00 00                              	movzx edx, byte ptr [eax+0x195]                   		EAX=b77e2918, ECX=00000004, EDX=b77cd880, EBX=b5058000, ESP=bf861d60, EBP=bf861db8, ESI=00000001, EDI=b50583dc
-1	25731	ld-linux.so.2       	b77cd953	                                        	c0 ea 03                                          	shr dl, 0x3                                       		EAX=b77e2918, ECX=00000004, EDX=00000000, EBX=b5058000, ESP=bf861d60, EBP=bf861db8, ESI=00000001, EDI=b50583dc
-1	25731	ld-linux.so.2       	b77cd956	                                        	83 e2 01                                          	and edx, 0x1                                      		EAX=b77e2918, ECX=00000004, EDX=00000000, EBX=b5058000, ESP=bf861d60, EBP=bf861db8, ESI=00000001, EDI=b50583dc
-1	25731	ld-linux.so.2       	b77cd959	                                        	39 55 cc                                          	cmp dword ptr [ebp-0x34], edx                     		EAX=b77e2918, ECX=00000004, EDX=00000000, EBX=b5058000, ESP=bf861d60, EBP=bf861db8, ESI=00000001, EDI=b50583dc
-1	25731	ld-linux.so.2       	b77cd95c	                                        	75 a2                                             	jnz 0xb77cd900                                    		EAX=b77e2918, ECX=00000004, EDX=00000000, EBX=b5058000, ESP=bf861d60, EBP=bf861db8, ESI=00000001, EDI=b50583dc
-1	25731	ld-linux.so.2       	b77cd95e	                                        	8d 14 8d 12 00 00 00                              	lea edx, ptr [ecx*4+0x12]                         		EAX=b77e2918, ECX=00000004, EDX=00000000, EBX=b5058000, ESP=bf861d60, EBP=bf861db8, ESI=00000001, EDI=b50583dc
-1	25731	ld-linux.so.2       	b77cd965	                                        	89 65 bc                                          	mov dword ptr [ebp-0x44], esp                     		EAX=b77e2918, ECX=00000004, EDX=00000022, EBX=b5058000, ESP=bf861d60, EBP=bf861db8, ESI=00000001, EDI=b50583dc
-1	25731	ld-linux.so.2       	b77cd968	                                        	83 e2 f0                                          	and edx, 0xfffffff0                               		EAX=b77e2918, ECX=00000004, EDX=00000022, EBX=b5058000, ESP=bf861d60, EBP=bf861db8, ESI=00000001, EDI=b50583dc
-1	25731	ld-linux.so.2       	b77cd96b	                                        	29 d4                                             	sub esp, edx                                      		EAX=b77e2918, ECX=00000004, EDX=00000020, EBX=b5058000, ESP=bf861d60, EBP=bf861db8, ESI=00000001, EDI=b50583dc
-1	25731	ld-linux.so.2       	b77cd96d	                                        	31 d2                                             	xor edx, edx                                      		EAX=b77e2918, ECX=00000004, EDX=00000020, EBX=b5058000, ESP=bf861d40, EBP=bf861db8, ESI=00000001, EDI=b50583dc
-1	25731	ld-linux.so.2       	b77cd96f	                                        	89 e3                                             	mov ebx, esp                                      		EAX=b77e2918, ECX=00000004, EDX=00000000, EBX=b5058000, ESP=bf861d40, EBP=bf861db8, ESI=00000001, EDI=b50583dc
-1	25731	ld-linux.so.2       	b77cd971	                                        	89 65 c4                                          	mov dword ptr [ebp-0x3c], esp                     		EAX=b77e2918, ECX=00000004, EDX=00000000, EBX=bf861d40, ESP=bf861d40, EBP=bf861db8, ESI=00000001, EDI=b50583dc
-1	25731	ld-linux.so.2       	b77cd974	                                        	eb 11                                             	jmp 0xb77cd987                                    		EAX=b77e2918, ECX=00000004, EDX=00000000, EBX=bf861d40, ESP=bf861d40, EBP=bf861db8, ESI=00000001, EDI=b50583dc
-1	25731	ld-linux.so.2       	b77cd987	                                        	3b 40 14                                          	cmp eax, dword ptr [eax+0x14]                     		EAX=b77e2918, ECX=00000004, EDX=00000000, EBX=bf861d40, ESP=bf861d40, EBP=bf861db8, ESI=00000001, EDI=b50583dc
-1	25731	ld-linux.so.2       	b77cd98a	                                        	75 f4                                             	jnz 0xb77cd980                                    		EAX=b77e2918, ECX=00000004, EDX=00000000, EBX=bf861d40, ESP=bf861d40, EBP=bf861db8, ESI=00000001, EDI=b50583dc
-1	25731	ld-linux.so.2       	b77cd98c	                                        	39 d1                                             	cmp ecx, edx                                      		EAX=b77e2918, ECX=00000004, EDX=00000000, EBX=bf861d40, ESP=bf861d40, EBP=bf861db8, ESI=00000001, EDI=b50583dc
-1	25731	ld-linux.so.2       	b77cd98e	                                        	0f 86 74 02 00 00                                 	jbe 0xb77cdc08                                    		EAX=b77e2918, ECX=00000004, EDX=00000000, EBX=bf861d40, ESP=bf861d40, EBP=bf861db8, ESI=00000001, EDI=b50583dc
-1	25731	ld-linux.so.2       	b77cd994	                                        	89 04 93                                          	mov dword ptr [ebx+edx*4], eax                    		EAX=b77e2918, ECX=00000004, EDX=00000000, EBX=bf861d40, ESP=bf861d40, EBP=bf861db8, ESI=00000001, EDI=b50583dc
-1	25731	ld-linux.so.2       	b77cd997	                                        	89 90 0c 02 00 00                                 	mov dword ptr [eax+0x20c], edx                    		EAX=b77e2918, ECX=00000004, EDX=00000000, EBX=bf861d40, ESP=bf861d40, EBP=bf861db8, ESI=00000001, EDI=b50583dc
-1	25731	ld-linux.so.2       	b77cd99d	                                        	83 c2 01                                          	add edx, 0x1                                      		EAX=b77e2918, ECX=00000004, EDX=00000000, EBX=bf861d40, ESP=bf861d40, EBP=bf861db8, ESI=00000001, EDI=b50583dc
-1	25731	ld-linux.so.2       	b77cd9a0	                                        	83 80 90 01 00 00 01                              	add dword ptr [eax+0x190], 0x1                    		EAX=b77e2918, ECX=00000004, EDX=00000001, EBX=bf861d40, ESP=bf861d40, EBP=bf861db8, ESI=00000001, EDI=b50583dc
-1	25731	ld-linux.so.2       	b77cd9a7	                                        	8b 40 0c                                          	mov eax, dword ptr [eax+0xc]                      		EAX=b77e2918, ECX=00000004, EDX=00000001, EBX=bf861d40, ESP=bf861d40, EBP=bf861db8, ESI=00000001, EDI=b50583dc
-1	25731	ld-linux.so.2       	b77cd9aa	                                        	85 c0                                             	test eax, eax                                     		EAX=b77e2c08, ECX=00000004, EDX=00000001, EBX=bf861d40, ESP=bf861d40, EBP=bf861db8, ESI=00000001, EDI=b50583dc
-1	25731	ld-linux.so.2       	b77cd9ac	                                        	75 d9                                             	jnz 0xb77cd987                                    		EAX=b77e2c08, ECX=00000004, EDX=00000001, EBX=bf861d40, ESP=bf861d40, EBP=bf861db8, ESI=00000001, EDI=b50583dc
-1	25731	ld-linux.so.2       	b77cd987	                                        	3b 40 14                                          	cmp eax, dword ptr [eax+0x14]                     		EAX=b77e2c08, ECX=00000004, EDX=00000001, EBX=bf861d40, ESP=bf861d40, EBP=bf861db8, ESI=00000001, EDI=b50583dc
-1	25731	ld-linux.so.2       	b77cd98a	                                        	75 f4                                             	jnz 0xb77cd980                                    		EAX=b77e2c08, ECX=00000004, EDX=00000001, EBX=bf861d40, ESP=bf861d40, EBP=bf861db8, ESI=00000001, EDI=b50583dc
-1	25731	ld-linux.so.2       	b77cd98c	                                        	39 d1                                             	cmp ecx, edx                                      		EAX=b77e2c08, ECX=00000004, EDX=00000001, EBX=bf861d40, ESP=bf861d40, EBP=bf861db8, ESI=00000001, EDI=b50583dc
-1	25731	ld-linux.so.2       	b77cd98e	                                        	0f 86 74 02 00 00                                 	jbe 0xb77cdc08                                    		EAX=b77e2c08, ECX=00000004, EDX=00000001, EBX=bf861d40, ESP=bf861d40, EBP=bf861db8, ESI=00000001, EDI=b50583dc
-1	25731	ld-linux.so.2       	b77cd994	                                        	89 04 93                                          	mov dword ptr [ebx+edx*4], eax                    		EAX=b77e2c08, ECX=00000004, EDX=00000001, EBX=bf861d40, ESP=bf861d40, EBP=bf861db8, ESI=00000001, EDI=b50583dc
-1	25731	ld-linux.so.2       	b77cd997	                                        	89 90 0c 02 00 00                                 	mov dword ptr [eax+0x20c], edx                    		EAX=b77e2c08, ECX=00000004, EDX=00000001, EBX=bf861d40, ESP=bf861d40, EBP=bf861db8, ESI=00000001, EDI=b50583dc
-1	25731	ld-linux.so.2       	b77cd99d	                                        	83 c2 01                                          	add edx, 0x1                                      		EAX=b77e2c08, ECX=00000004, EDX=00000001, EBX=bf861d40, ESP=bf861d40, EBP=bf861db8, ESI=00000001, EDI=b50583dc
-1	25731	ld-linux.so.2       	b77cd9a0	                                        	83 80 90 01 00 00 01                              	add dword ptr [eax+0x190], 0x1                    		EAX=b77e2c08, ECX=00000004, EDX=00000002, EBX=bf861d40, ESP=bf861d40, EBP=bf861db8, ESI=00000001, EDI=b50583dc
-1	25731	ld-linux.so.2       	b77cd9a7	                                        	8b 40 0c                                          	mov eax, dword ptr [eax+0xc]                      		EAX=b77e2c08, ECX=00000004, EDX=00000002, EBX=bf861d40, ESP=bf861d40, EBP=bf861db8, ESI=00000001, EDI=b50583dc
-1	25731	ld-linux.so.2       	b77cd9aa	                                        	85 c0                                             	test eax, eax                                     		EAX=b50f31b0, ECX=00000004, EDX=00000002, EBX=bf861d40, ESP=bf861d40, EBP=bf861db8, ESI=00000001, EDI=b50583dc
-1	25731	ld-linux.so.2       	b77cd9ac	                                        	75 d9                                             	jnz 0xb77cd987                                    		EAX=b50f31b0, ECX=00000004, EDX=00000002, EBX=bf861d40, ESP=bf861d40, EBP=bf861db8, ESI=00000001, EDI=b50583dc
-1	25731	ld-linux.so.2       	b77cd987	                                        	3b 40 14                                          	cmp eax, dword ptr [eax+0x14]                     		EAX=b50f31b0, ECX=00000004, EDX=00000002, EBX=bf861d40, ESP=bf861d40, EBP=bf861db8, ESI=00000001, EDI=b50583dc
-1	25731	ld-linux.so.2       	b77cd98a	                                        	75 f4                                             	jnz 0xb77cd980                                    		EAX=b50f31b0, ECX=00000004, EDX=00000002, EBX=bf861d40, ESP=bf861d40, EBP=bf861db8, ESI=00000001, EDI=b50583dc
-1	25731	ld-linux.so.2       	b77cd98c	                                        	39 d1                                             	cmp ecx, edx                                      		EAX=b50f31b0, ECX=00000004, EDX=00000002, EBX=bf861d40, ESP=bf861d40, EBP=bf861db8, ESI=00000001, EDI=b50583dc
-1	25731	ld-linux.so.2       	b77cd98e	                                        	0f 86 74 02 00 00                                 	jbe 0xb77cdc08                                    		EAX=b50f31b0, ECX=00000004, EDX=00000002, EBX=bf861d40, ESP=bf861d40, EBP=bf861db8, ESI=00000001, EDI=b50583dc
-1	25731	ld-linux.so.2       	b77cd994	                                        	89 04 93                                          	mov dword ptr [ebx+edx*4], eax                    		EAX=b50f31b0, ECX=00000004, EDX=00000002, EBX=bf861d40, ESP=bf861d40, EBP=bf861db8, ESI=00000001, EDI=b50583dc
-1	25731	ld-linux.so.2       	b77cd997	                                        	89 90 0c 02 00 00                                 	mov dword ptr [eax+0x20c], edx                    		EAX=b50f31b0, ECX=00000004, EDX=00000002, EBX=bf861d40, ESP=bf861d40, EBP=bf861db8, ESI=00000001, EDI=b50583dc
-1	25731	ld-linux.so.2       	b77cd99d	                                        	83 c2 01                                          	add edx, 0x1                                      		EAX=b50f31b0, ECX=00000004, EDX=00000002, EBX=bf861d40, ESP=bf861d40, EBP=bf861db8, ESI=00000001, EDI=b50583dc
-1	25731	ld-linux.so.2       	b77cd9a0	                                        	83 80 90 01 00 00 01                              	add dword ptr [eax+0x190], 0x1                    		EAX=b50f31b0, ECX=00000004, EDX=00000003, EBX=bf861d40, ESP=bf861d40, EBP=bf861db8, ESI=00000001, EDI=b50583dc
-1	25731	ld-linux.so.2       	b77cd9a7	                                        	8b 40 0c                                          	mov eax, dword ptr [eax+0xc]                      		EAX=b50f31b0, ECX=00000004, EDX=00000003, EBX=bf861d40, ESP=bf861d40, EBP=bf861db8, ESI=00000001, EDI=b50583dc
-1	25731	ld-linux.so.2       	b77cd9aa	                                        	85 c0                                             	test eax, eax                                     		EAX=b77e253c, ECX=00000004, EDX=00000003, EBX=bf861d40, ESP=bf861d40, EBP=bf861db8, ESI=00000001, EDI=b50583dc
-1	25731	ld-linux.so.2       	b77cd9ac	                                        	75 d9                                             	jnz 0xb77cd987                                    		EAX=b77e253c, ECX=00000004, EDX=00000003, EBX=bf861d40, ESP=bf861d40, EBP=bf861db8, ESI=00000001, EDI=b50583dc
-1	25731	ld-linux.so.2       	b77cd987	                                        	3b 40 14                                          	cmp eax, dword ptr [eax+0x14]                     		EAX=b77e253c, ECX=00000004, EDX=00000003, EBX=bf861d40, ESP=bf861d40, EBP=bf861db8, ESI=00000001, EDI=b50583dc
-1	25731	ld-linux.so.2       	b77cd98a	                                        	75 f4                                             	jnz 0xb77cd980                                    		EAX=b77e253c, ECX=00000004, EDX=00000003, EBX=bf861d40, ESP=bf861d40, EBP=bf861db8, ESI=00000001, EDI=b50583dc
-1	25731	ld-linux.so.2       	b77cd98c	                                        	39 d1                                             	cmp ecx, edx                                      		EAX=b77e253c, ECX=00000004, EDX=00000003, EBX=bf861d40, ESP=bf861d40, EBP=bf861db8, ESI=00000001, EDI=b50583dc
-1	25731	ld-linux.so.2       	b77cd98e	                                        	0f 86 74 02 00 00                                 	jbe 0xb77cdc08                                    		EAX=b77e253c, ECX=00000004, EDX=00000003, EBX=bf861d40, ESP=bf861d40, EBP=bf861db8, ESI=00000001, EDI=b50583dc
-1	25731	ld-linux.so.2       	b77cd994	                                        	89 04 93                                          	mov dword ptr [ebx+edx*4], eax                    		EAX=b77e253c, ECX=00000004, EDX=00000003, EBX=bf861d40, ESP=bf861d40, EBP=bf861db8, ESI=00000001, EDI=b50583dc
-1	25731	ld-linux.so.2       	b77cd997	                                        	89 90 0c 02 00 00                                 	mov dword ptr [eax+0x20c], edx                    		EAX=b77e253c, ECX=00000004, EDX=00000003, EBX=bf861d40, ESP=bf861d40, EBP=bf861db8, ESI=00000001, EDI=b50583dc
-1	25731	ld-linux.so.2       	b77cd99d	                                        	83 c2 01                                          	add edx, 0x1                                      		EAX=b77e253c, ECX=00000004, EDX=00000003, EBX=bf861d40, ESP=bf861d40, EBP=bf861db8, ESI=00000001, EDI=b50583dc
-1	25731	ld-linux.so.2       	b77cd9a0	                                        	83 80 90 01 00 00 01                              	add dword ptr [eax+0x190], 0x1                    		EAX=b77e253c, ECX=00000004, EDX=00000004, EBX=bf861d40, ESP=bf861d40, EBP=bf861db8, ESI=00000001, EDI=b50583dc
-1	25731	ld-linux.so.2       	b77cd9a7	                                        	8b 40 0c                                          	mov eax, dword ptr [eax+0xc]                      		EAX=b77e253c, ECX=00000004, EDX=00000004, EBX=bf861d40, ESP=bf861d40, EBP=bf861db8, ESI=00000001, EDI=b50583dc
-1	25731	ld-linux.so.2       	b77cd9aa	                                        	85 c0                                             	test eax, eax                                     		EAX=00000000, ECX=00000004, EDX=00000004, EBX=bf861d40, ESP=bf861d40, EBP=bf861db8, ESI=00000001, EDI=b50583dc
-1	25731	ld-linux.so.2       	b77cd9ac	                                        	75 d9                                             	jnz 0xb77cd987                                    		EAX=00000000, ECX=00000004, EDX=00000004, EBX=bf861d40, ESP=bf861d40, EBP=bf861db8, ESI=00000001, EDI=b50583dc
-1	25731	ld-linux.so.2       	b77cd9ae	                                        	66 90                                             	data16 nop                                        		EAX=00000000, ECX=00000004, EDX=00000004, EBX=bf861d40, ESP=bf861d40, EBP=bf861db8, ESI=00000001, EDI=b50583dc
-1	25731	ld-linux.so.2       	b77cd9b0	                                        	8b 75 e0                                          	mov esi, dword ptr [ebp-0x20]                     		EAX=00000000, ECX=00000004, EDX=00000004, EBX=bf861d40, ESP=bf861d40, EBP=bf861db8, ESI=00000001, EDI=b50583dc
-1	25731	ld-linux.so.2       	b77cd9b3	                                        	39 ca                                             	cmp edx, ecx                                      		EAX=00000000, ECX=00000004, EDX=00000004, EBX=bf861d40, ESP=bf861d40, EBP=bf861db8, ESI=00000000, EDI=b50583dc
-1	25731	ld-linux.so.2       	b77cd9b5	                                        	89 55 c8                                          	mov dword ptr [ebp-0x38], edx                     		EAX=00000000, ECX=00000004, EDX=00000004, EBX=bf861d40, ESP=bf861d40, EBP=bf861db8, ESI=00000000, EDI=b50583dc
-1	25731	ld-linux.so.2       	b77cd9b8	                                        	0f 95 c0                                          	setnz al                                          		EAX=00000000, ECX=00000004, EDX=00000004, EBX=bf861d40, ESP=bf861d40, EBP=bf861db8, ESI=00000000, EDI=b50583dc
-1	25731	ld-linux.so.2       	b77cd9bb	                                        	85 f6                                             	test esi, esi                                     		EAX=00000000, ECX=00000004, EDX=00000004, EBX=bf861d40, ESP=bf861d40, EBP=bf861db8, ESI=00000000, EDI=b50583dc
-1	25731	ld-linux.so.2       	b77cd9bd	                                        	75 08                                             	jnz 0xb77cd9c7                                    		EAX=00000000, ECX=00000004, EDX=00000004, EBX=bf861d40, ESP=bf861d40, EBP=bf861db8, ESI=00000000, EDI=b50583dc
-1	25731	ld-linux.so.2       	b77cd9bf	                                        	84 c0                                             	test al, al                                       		EAX=00000000, ECX=00000004, EDX=00000004, EBX=bf861d40, ESP=bf861d40, EBP=bf861db8, ESI=00000000, EDI=b50583dc
-1	25731	ld-linux.so.2       	b77cd9c1	                                        	0f 85 63 02 00 00                                 	jnz 0xb77cdc2a                                    		EAX=00000000, ECX=00000004, EDX=00000004, EBX=bf861d40, ESP=bf861d40, EBP=bf861db8, ESI=00000000, EDI=b50583dc
-1	25731	ld-linux.so.2       	b77cd9c7	                                        	8b 5d e0                                          	mov ebx, dword ptr [ebp-0x20]                     		EAX=00000000, ECX=00000004, EDX=00000004, EBX=bf861d40, ESP=bf861d40, EBP=bf861db8, ESI=00000000, EDI=b50583dc
-1	25731	ld-linux.so.2       	b77cd9ca	                                        	85 db                                             	test ebx, ebx                                     		EAX=00000000, ECX=00000004, EDX=00000004, EBX=00000000, ESP=bf861d40, EBP=bf861db8, ESI=00000000, EDI=b50583dc
-1	25731	ld-linux.so.2       	b77cd9cc	                                        	74 10                                             	jz 0xb77cd9de                                     		EAX=00000000, ECX=00000004, EDX=00000004, EBX=00000000, ESP=bf861d40, EBP=bf861db8, ESI=00000000, EDI=b50583dc
-1	25731	ld-linux.so.2       	b77cd9de	                                        	8b 5d c8                                          	mov ebx, dword ptr [ebp-0x38]                     		EAX=00000000, ECX=00000004, EDX=00000004, EBX=00000000, ESP=bf861d40, EBP=bf861db8, ESI=00000000, EDI=b50583dc
-1	25731	ld-linux.so.2       	b77cd9e1	                                        	8b 45 c4                                          	mov eax, dword ptr [ebp-0x3c]                     		EAX=00000000, ECX=00000004, EDX=00000004, EBX=00000004, ESP=bf861d40, EBP=bf861db8, ESI=00000000, EDI=b50583dc
-1	25731	ld-linux.so.2       	b77cd9e4	                                        	83 ec 0c                                          	sub esp, 0xc                                      		EAX=bf861d40, ECX=00000004, EDX=00000004, EBX=00000004, ESP=bf861d40, EBP=bf861db8, ESI=00000000, EDI=b50583dc
-1	25731	ld-linux.so.2       	b77cd9e7	                                        	ff 75 e0                                          	push dword ptr [ebp-0x20]                         		EAX=bf861d40, ECX=00000004, EDX=00000004, EBX=00000004, ESP=bf861d34, EBP=bf861db8, ESI=00000000, EDI=b50583dc
-1	25731	ld-linux.so.2       	b77cd9ea	                                        	31 c9                                             	xor ecx, ecx                                      		EAX=bf861d40, ECX=00000004, EDX=00000004, EBX=00000004, ESP=bf861d30, EBP=bf861db8, ESI=00000000, EDI=b50583dc
-1	25731	ld-linux.so.2       	b77cd9ec	                                        	89 da                                             	mov edx, ebx                                      		EAX=bf861d40, ECX=00000000, EDX=00000004, EBX=00000004, ESP=bf861d30, EBP=bf861db8, ESI=00000000, EDI=b50583dc
-1	25731	ld-linux.so.2       	b77cd9ee	                                        	e8 4d fc ff ff                                    	call 0xb77cd640                                   		EAX=bf861d40, ECX=00000000, EDX=00000004, EBX=00000004, ESP=bf861d30, EBP=bf861db8, ESI=00000000, EDI=b50583dc
-1	25731	ld-linux.so.2       	b77cd640	                                        	55                                                	push ebp                                          		EAX=bf861d40, ECX=00000000, EDX=00000004, EBX=00000004, ESP=bf861d2c, EBP=bf861db8, ESI=00000000, EDI=b50583dc
-1	25731	ld-linux.so.2       	b77cd641	                                        	89 e5                                             	mov ebp, esp                                      		EAX=bf861d40, ECX=00000000, EDX=00000004, EBX=00000004, ESP=bf861d28, EBP=bf861db8, ESI=00000000, EDI=b50583dc
-1	25731	ld-linux.so.2       	b77cd643	                                        	57                                                	push edi                                          		EAX=bf861d40, ECX=00000000, EDX=00000004, EBX=00000004, ESP=bf861d28, EBP=bf861d28, ESI=00000000, EDI=b50583dc
-1	25731	ld-linux.so.2       	b77cd644	                                        	56                                                	push esi                                          		EAX=bf861d40, ECX=00000000, EDX=00000004, EBX=00000004, ESP=bf861d24, EBP=bf861d28, ESI=00000000, EDI=b50583dc
-1	25731	ld-linux.so.2       	b77cd645	                                        	53                                                	push ebx                                          		EAX=bf861d40, ECX=00000000, EDX=00000004, EBX=00000004, ESP=bf861d20, EBP=bf861d28, ESI=00000000, EDI=b50583dc
-1	25731	ld-linux.so.2       	b77cd646	                                        	e8 a6 a2 00 00                                    	call 0xb77d78f1                                   		EAX=bf861d40, ECX=00000000, EDX=00000004, EBX=00000004, ESP=bf861d1c, EBP=bf861d28, ESI=00000000, EDI=b50583dc
-1	25731	ld-linux.so.2       	b77d78f1	                                        	8b 3c 24                                          	mov edi, dword ptr [esp]                          		EAX=bf861d40, ECX=00000000, EDX=00000004, EBX=00000004, ESP=bf861d18, EBP=bf861d28, ESI=00000000, EDI=b50583dc
-1	25731	ld-linux.so.2       	b77d78f4	                                        	c3                                                	ret                                               		EAX=bf861d40, ECX=00000000, EDX=00000004, EBX=00000004, ESP=bf861d18, EBP=bf861d28, ESI=00000000, EDI=b77cd64b
-1	25731	ld-linux.so.2       	b77cd64b	                                        	81 c7 b5 49 01 00                                 	add edi, 0x149b5                                  		EAX=bf861d40, ECX=00000000, EDX=00000004, EBX=00000004, ESP=bf861d1c, EBP=bf861d28, ESI=00000000, EDI=b77cd64b
-1	25731	ld-linux.so.2       	b77cd651	                                        	83 ec 4c                                          	sub esp, 0x4c                                     		EAX=bf861d40, ECX=00000000, EDX=00000004, EBX=00000004, ESP=bf861d1c, EBP=bf861d28, ESI=00000000, EDI=b77e2000
-1	25731	ld-linux.so.2       	b77cd654	                                        	83 fa 01                                          	cmp edx, 0x1                                      		EAX=bf861d40, ECX=00000000, EDX=00000004, EBX=00000004, ESP=bf861cd0, EBP=bf861d28, ESI=00000000, EDI=b77e2000
-1	25731	ld-linux.so.2       	b77cd657	                                        	89 7d cc                                          	mov dword ptr [ebp-0x34], edi                     		EAX=bf861d40, ECX=00000000, EDX=00000004, EBX=00000004, ESP=bf861cd0, EBP=bf861d28, ESI=00000000, EDI=b77e2000
-1	25731	ld-linux.so.2       	b77cd65a	                                        	0f 84 73 01 00 00                                 	jz 0xb77cd7d3                                     		EAX=bf861d40, ECX=00000000, EDX=00000004, EBX=00000004, ESP=bf861cd0, EBP=bf861d28, ESI=00000000, EDI=b77e2000
-1	25731	ld-linux.so.2       	b77cd660	                                        	89 45 d8                                          	mov dword ptr [ebp-0x28], eax                     		EAX=bf861d40, ECX=00000000, EDX=00000004, EBX=00000004, ESP=bf861cd0, EBP=bf861d28, ESI=00000000, EDI=b77e2000
-1	25731	ld-linux.so.2       	b77cd663	                                        	8b 45 08                                          	mov eax, dword ptr [ebp+0x8]                      		EAX=bf861d40, ECX=00000000, EDX=00000004, EBX=00000004, ESP=bf861cd0, EBP=bf861d28, ESI=00000000, EDI=b77e2000
-1	25731	ld-linux.so.2       	b77cd666	                                        	89 fe                                             	mov esi, edi                                      		EAX=00000000, ECX=00000000, EDX=00000004, EBX=00000004, ESP=bf861cd0, EBP=bf861d28, ESI=00000000, EDI=b77e2000
-1	25731	ld-linux.so.2       	b77cd668	                                        	89 55 e0                                          	mov dword ptr [ebp-0x20], edx                     		EAX=00000000, ECX=00000000, EDX=00000004, EBX=00000004, ESP=bf861cd0, EBP=bf861d28, ESI=b77e2000, EDI=b77e2000
-1	25731	ld-linux.so.2       	b77cd66b	                                        	89 d7                                             	mov edi, edx                                      		EAX=00000000, ECX=00000000, EDX=00000004, EBX=00000004, ESP=bf861cd0, EBP=bf861d28, ESI=b77e2000, EDI=b77e2000
-1	25731	ld-linux.so.2       	b77cd66d	                                        	8d 14 12                                          	lea edx, ptr [edx+edx*1]                          		EAX=00000000, ECX=00000000, EDX=00000004, EBX=00000004, ESP=bf861cd0, EBP=bf861d28, ESI=b77e2000, EDI=00000004
-1	25731	ld-linux.so.2       	b77cd670	                                        	89 4d c0                                          	mov dword ptr [ebp-0x40], ecx                     		EAX=00000000, ECX=00000000, EDX=00000008, EBX=00000004, ESP=bf861cd0, EBP=bf861d28, ESI=b77e2000, EDI=00000004
-1	25731	ld-linux.so.2       	b77cd673	                                        	31 c9                                             	xor ecx, ecx                                      		EAX=00000000, ECX=00000000, EDX=00000008, EBX=00000004, ESP=bf861cd0, EBP=bf861d28, ESI=b77e2000, EDI=00000004
-1	25731	ld-linux.so.2       	b77cd675	                                        	89 65 b4                                          	mov dword ptr [ebp-0x4c], esp                     		EAX=00000000, ECX=00000000, EDX=00000008, EBX=00000004, ESP=bf861cd0, EBP=bf861d28, ESI=b77e2000, EDI=00000004
-1	25731	ld-linux.so.2       	b77cd678	                                        	85 c0                                             	test eax, eax                                     		EAX=00000000, ECX=00000000, EDX=00000008, EBX=00000004, ESP=bf861cd0, EBP=bf861d28, ESI=b77e2000, EDI=00000004
-1	25731	ld-linux.so.2       	b77cd67a	                                        	8d 42 10                                          	lea eax, ptr [edx+0x10]                           		EAX=00000000, ECX=00000000, EDX=00000008, EBX=00000004, ESP=bf861cd0, EBP=bf861d28, ESI=b77e2000, EDI=00000004
-1	25731	ld-linux.so.2       	b77cd67d	                                        	0f 94 c1                                          	setz cl                                           		EAX=00000018, ECX=00000000, EDX=00000008, EBX=00000004, ESP=bf861cd0, EBP=bf861d28, ESI=b77e2000, EDI=00000004
-1	25731	ld-linux.so.2       	b77cd680	                                        	83 e0 f0                                          	and eax, 0xfffffff0                               		EAX=00000018, ECX=00000001, EDX=00000008, EBX=00000004, ESP=bf861cd0, EBP=bf861d28, ESI=b77e2000, EDI=00000004
-1	25731	ld-linux.so.2       	b77cd683	                                        	89 4d e4                                          	mov dword ptr [ebp-0x1c], ecx                     		EAX=00000010, ECX=00000001, EDX=00000008, EBX=00000004, ESP=bf861cd0, EBP=bf861d28, ESI=b77e2000, EDI=00000004
-1	25731	ld-linux.so.2       	b77cd686	                                        	29 c4                                             	sub esp, eax                                      		EAX=00000010, ECX=00000001, EDX=00000008, EBX=00000004, ESP=bf861cd0, EBP=bf861d28, ESI=b77e2000, EDI=00000004
-1	25731	ld-linux.so.2       	b77cd688	                                        	89 65 dc                                          	mov dword ptr [ebp-0x24], esp                     		EAX=00000010, ECX=00000001, EDX=00000008, EBX=00000004, ESP=bf861cc0, EBP=bf861d28, ESI=b77e2000, EDI=00000004
-1	25731	ld-linux.so.2       	b77cd68b	                                        	89 e3                                             	mov ebx, esp                                      		EAX=00000010, ECX=00000001, EDX=00000008, EBX=00000004, ESP=bf861cc0, EBP=bf861d28, ESI=b77e2000, EDI=00000004
-1	25731	ld-linux.so.2       	b77cd68d	                                        	83 ec 04                                          	sub esp, 0x4                                      		EAX=00000010, ECX=00000001, EDX=00000008, EBX=bf861cc0, ESP=bf861cc0, EBP=bf861d28, ESI=b77e2000, EDI=00000004
-1	25731	ld-linux.so.2       	b77cd690	                                        	52                                                	push edx                                          		EAX=00000010, ECX=00000001, EDX=00000008, EBX=bf861cc0, ESP=bf861cbc, EBP=bf861d28, ESI=b77e2000, EDI=00000004
-1	25731	ld-linux.so.2       	b77cd691	                                        	6a 00                                             	push 0x0                                          		EAX=00000010, ECX=00000001, EDX=00000008, EBX=bf861cc0, ESP=bf861cb8, EBP=bf861d28, ESI=b77e2000, EDI=00000004
-1	25731	ld-linux.so.2       	b77cd693	                                        	53                                                	push ebx                                          		EAX=00000010, ECX=00000001, EDX=00000008, EBX=bf861cc0, ESP=bf861cb4, EBP=bf861d28, ESI=b77e2000, EDI=00000004
-1	25731	ld-linux.so.2       	b77cd694	                                        	89 f3                                             	mov ebx, esi                                      		EAX=00000010, ECX=00000001, EDX=00000008, EBX=bf861cc0, ESP=bf861cb0, EBP=bf861d28, ESI=b77e2000, EDI=00000004
-1	25731	ld-linux.so.2       	b77cd696	                                        	e8 d5 9f 00 00                                    	call 0xb77d7670                                   		EAX=00000010, ECX=00000001, EDX=00000008, EBX=b77e2000, ESP=bf861cb0, EBP=bf861d28, ESI=b77e2000, EDI=00000004
-1	25731	ld-linux.so.2       	b77cd69b	                                        	8b 45 d8                                          	mov eax, dword ptr [ebp-0x28]                     		EAX=bf861cc0, ECX=00000000, EDX=00000000, EBX=b77e2000, ESP=bf861cb0, EBP=bf861d28, ESI=b77e2000, EDI=00000004
-1	25731	ld-linux.so.2       	b77cd69e	                                        	8b 4d e4                                          	mov ecx, dword ptr [ebp-0x1c]                     		EAX=bf861d40, ECX=00000000, EDX=00000000, EBX=b77e2000, ESP=bf861cb0, EBP=bf861d28, ESI=b77e2000, EDI=00000004
-1	25731	ld-linux.so.2       	b77cd6a1	                                        	83 c4 10                                          	add esp, 0x10                                     		EAX=bf861d40, ECX=00000001, EDX=00000000, EBX=b77e2000, ESP=bf861cb0, EBP=bf861d28, ESI=b77e2000, EDI=00000004
-1	25731	ld-linux.so.2       	b77cd6a4	                                        	8d 44 b8 fc                                       	lea eax, ptr [eax+edi*4-0x4]                      		EAX=bf861d40, ECX=00000001, EDX=00000000, EBX=b77e2000, ESP=bf861cc0, EBP=bf861d28, ESI=b77e2000, EDI=00000004
-1	25731	ld-linux.so.2       	b77cd6a8	                                        	8d 79 01                                          	lea edi, ptr [ecx+0x1]                            		EAX=bf861d4c, ECX=00000001, EDX=00000000, EBX=b77e2000, ESP=bf861cc0, EBP=bf861d28, ESI=b77e2000, EDI=00000004
-1	25731	ld-linux.so.2       	b77cd6ab	                                        	89 45 b8                                          	mov dword ptr [ebp-0x48], eax                     		EAX=bf861d4c, ECX=00000001, EDX=00000000, EBX=b77e2000, ESP=bf861cc0, EBP=bf861d28, ESI=b77e2000, EDI=00000002
-1	25731	ld-linux.so.2       	b77cd6ae	                                        	eb 2e                                             	jmp 0xb77cd6de                                    		EAX=bf861d4c, ECX=00000001, EDX=00000000, EBX=b77e2000, ESP=bf861cc0, EBP=bf861d28, ESI=b77e2000, EDI=00000002
-1	25731	ld-linux.so.2       	b77cd6de	                                        	8b 45 e4                                          	mov eax, dword ptr [ebp-0x1c]                     		EAX=bf861d4c, ECX=00000001, EDX=00000000, EBX=b77e2000, ESP=bf861cc0, EBP=bf861d28, ESI=b77e2000, EDI=00000002
-1	25731	ld-linux.so.2       	b77cd6e1	                                        	8b 75 dc                                          	mov esi, dword ptr [ebp-0x24]                     		EAX=00000001, ECX=00000001, EDX=00000000, EBX=b77e2000, ESP=bf861cc0, EBP=bf861d28, ESI=b77e2000, EDI=00000002
-1	25731	ld-linux.so.2       	b77cd6e4	                                        	8d 34 46                                          	lea esi, ptr [esi+eax*2]                          		EAX=00000001, ECX=00000001, EDX=00000000, EBX=b77e2000, ESP=bf861cc0, EBP=bf861d28, ESI=bf861cc0, EDI=00000002
-1	25731	ld-linux.so.2       	b77cd6e7	                                        	0f b7 1e                                          	movzx ebx, word ptr [esi]                         		EAX=00000001, ECX=00000001, EDX=00000000, EBX=b77e2000, ESP=bf861cc0, EBP=bf861d28, ESI=bf861cc2, EDI=00000002
-1	25731	ld-linux.so.2       	b77cd6ea	                                        	8d 4b 01                                          	lea ecx, ptr [ebx+0x1]                            		EAX=00000001, ECX=00000001, EDX=00000000, EBX=00000000, ESP=bf861cc0, EBP=bf861d28, ESI=bf861cc2, EDI=00000002
-1	25731	ld-linux.so.2       	b77cd6ed	                                        	66 89 4d d2                                       	mov word ptr [ebp-0x2e], cx                       		EAX=00000001, ECX=00000001, EDX=00000000, EBX=00000000, ESP=bf861cc0, EBP=bf861d28, ESI=bf861cc2, EDI=00000002
-1	25731	ld-linux.so.2       	b77cd6f1	                                        	66 89 0e                                          	mov word ptr [esi], cx                            		EAX=00000001, ECX=00000001, EDX=00000000, EBX=00000000, ESP=bf861cc0, EBP=bf861d28, ESI=bf861cc2, EDI=00000002
-1	25731	ld-linux.so.2       	b77cd6f4	                                        	8d 0c 85 00 00 00 00                              	lea ecx, ptr [eax*4]                              		EAX=00000001, ECX=00000001, EDX=00000000, EBX=00000000, ESP=bf861cc0, EBP=bf861d28, ESI=bf861cc2, EDI=00000002
-1	25731	ld-linux.so.2       	b77cd6fb	                                        	8b 45 d8                                          	mov eax, dword ptr [ebp-0x28]                     		EAX=00000001, ECX=00000004, EDX=00000000, EBX=00000000, ESP=bf861cc0, EBP=bf861d28, ESI=bf861cc2, EDI=00000002
-1	25731	ld-linux.so.2       	b77cd6fe	                                        	01 c8                                             	add eax, ecx                                      		EAX=bf861d40, ECX=00000004, EDX=00000000, EBX=00000000, ESP=bf861cc0, EBP=bf861d28, ESI=bf861cc2, EDI=00000002
-1	25731	ld-linux.so.2       	b77cd700	                                        	8b 18                                             	mov ebx, dword ptr [eax]                          		EAX=bf861d44, ECX=00000004, EDX=00000000, EBX=00000000, ESP=bf861cc0, EBP=bf861d28, ESI=bf861cc2, EDI=00000002
-1	25731	ld-linux.so.2       	b77cd702	                                        	89 45 d4                                          	mov dword ptr [ebp-0x2c], eax                     		EAX=bf861d44, ECX=00000004, EDX=00000000, EBX=b77e2c08, ESP=bf861cc0, EBP=bf861d28, ESI=bf861cc2, EDI=00000002
-1	25731	ld-linux.so.2       	b77cd705	                                        	3b 5b 14                                          	cmp ebx, dword ptr [ebx+0x14]                     		EAX=bf861d44, ECX=00000004, EDX=00000000, EBX=b77e2c08, ESP=bf861cc0, EBP=bf861d28, ESI=bf861cc2, EDI=00000002
-1	25731	ld-linux.so.2       	b77cd708	                                        	75 a6                                             	jnz 0xb77cd6b0                                    		EAX=bf861d44, ECX=00000004, EDX=00000000, EBX=b77e2c08, ESP=bf861cc0, EBP=bf861d28, ESI=bf861cc2, EDI=00000002
-1	25731	ld-linux.so.2       	b77cd70a	                                        	83 bb 0c 02 00 00 ff                              	cmp dword ptr [ebx+0x20c], 0xffffffff             		EAX=bf861d44, ECX=00000004, EDX=00000000, EBX=b77e2c08, ESP=bf861cc0, EBP=bf861d28, ESI=bf861cc2, EDI=00000002
-1	25731	ld-linux.so.2       	b77cd711	                                        	74 9d                                             	jz 0xb77cd6b0                                     		EAX=bf861d44, ECX=00000004, EDX=00000000, EBX=b77e2c08, ESP=bf861cc0, EBP=bf861d28, ESI=bf861cc2, EDI=00000002
-1	25731	ld-linux.so.2       	b77cd713	                                        	8b 45 e0                                          	mov eax, dword ptr [ebp-0x20]                     		EAX=bf861d44, ECX=00000004, EDX=00000000, EBX=b77e2c08, ESP=bf861cc0, EBP=bf861d28, ESI=bf861cc2, EDI=00000002
-1	25731	ld-linux.so.2       	b77cd716	                                        	83 e8 01                                          	sub eax, 0x1                                      		EAX=00000004, ECX=00000004, EDX=00000000, EBX=b77e2c08, ESP=bf861cc0, EBP=bf861d28, ESI=bf861cc2, EDI=00000002
-1	25731	ld-linux.so.2       	b77cd719	                                        	39 45 e4                                          	cmp dword ptr [ebp-0x1c], eax                     		EAX=00000003, ECX=00000004, EDX=00000000, EBX=b77e2c08, ESP=bf861cc0, EBP=bf861d28, ESI=bf861cc2, EDI=00000002
-1	25731	ld-linux.so.2       	b77cd71c	                                        	89 45 c8                                          	mov dword ptr [ebp-0x38], eax                     		EAX=00000003, ECX=00000004, EDX=00000000, EBX=b77e2c08, ESP=bf861cc0, EBP=bf861d28, ESI=bf861cc2, EDI=00000002
-1	25731	ld-linux.so.2       	b77cd71f	                                        	73 8f                                             	jnb 0xb77cd6b0                                    		EAX=00000003, ECX=00000004, EDX=00000000, EBX=b77e2c08, ESP=bf861cc0, EBP=bf861d28, ESI=bf861cc2, EDI=00000002
-1	25731	ld-linux.so.2       	b77cd721	                                        	8b 45 b8                                          	mov eax, dword ptr [ebp-0x48]                     		EAX=00000003, ECX=00000004, EDX=00000000, EBX=b77e2c08, ESP=bf861cc0, EBP=bf861d28, ESI=bf861cc2, EDI=00000002
-1	25731	ld-linux.so.2       	b77cd724	                                        	89 4d bc                                          	mov dword ptr [ebp-0x44], ecx                     		EAX=bf861d4c, ECX=00000004, EDX=00000000, EBX=b77e2c08, ESP=bf861cc0, EBP=bf861d28, ESI=bf861cc2, EDI=00000002
-1	25731	ld-linux.so.2       	b77cd727	                                        	89 45 c4                                          	mov dword ptr [ebp-0x3c], eax                     		EAX=bf861d4c, ECX=00000004, EDX=00000000, EBX=b77e2c08, ESP=bf861cc0, EBP=bf861d28, ESI=bf861cc2, EDI=00000002
-1	25731	ld-linux.so.2       	b77cd72a	                                        	8b 45 c4                                          	mov eax, dword ptr [ebp-0x3c]                     		EAX=bf861d4c, ECX=00000004, EDX=00000000, EBX=b77e2c08, ESP=bf861cc0, EBP=bf861d28, ESI=bf861cc2, EDI=00000002
-1	25731	ld-linux.so.2       	b77cd72d	                                        	8b 08                                             	mov ecx, dword ptr [eax]                          		EAX=bf861d4c, ECX=00000004, EDX=00000000, EBX=b77e2c08, ESP=bf861cc0, EBP=bf861d28, ESI=bf861cc2, EDI=00000002
-1	25731	ld-linux.so.2       	b77cd72f	                                        	8b 81 f0 01 00 00                                 	mov eax, dword ptr [ecx+0x1f0]                    		EAX=bf861d4c, ECX=b77e253c, EDX=00000000, EBX=b77e2c08, ESP=bf861cc0, EBP=bf861d28, ESI=bf861cc2, EDI=00000002
-1	25731	ld-linux.so.2       	b77cd735	                                        	85 c0                                             	test eax, eax                                     		EAX=00000000, ECX=b77e253c, EDX=00000000, EBX=b77e2c08, ESP=bf861cc0, EBP=bf861d28, ESI=bf861cc2, EDI=00000002
-1	25731	ld-linux.so.2       	b77cd737	                                        	0f 84 a3 00 00 00                                 	jz 0xb77cd7e0                                     		EAX=00000000, ECX=b77e253c, EDX=00000000, EBX=b77e2c08, ESP=bf861cc0, EBP=bf861d28, ESI=bf861cc2, EDI=00000002
-1	25731	ld-linux.so.2       	b77cd7e0	                                        	8b 81 f4 01 00 00                                 	mov eax, dword ptr [ecx+0x1f4]                    		EAX=00000000, ECX=b77e253c, EDX=00000000, EBX=b77e2c08, ESP=bf861cc0, EBP=bf861d28, ESI=bf861cc2, EDI=00000002
-1	25731	ld-linux.so.2       	b77cd7e6	                                        	85 c0                                             	test eax, eax                                     		EAX=00000000, ECX=b77e253c, EDX=00000000, EBX=b77e2c08, ESP=bf861cc0, EBP=bf861d28, ESI=bf861cc2, EDI=00000002
-1	25731	ld-linux.so.2       	b77cd7e8	                                        	75 4d                                             	jnz 0xb77cd837                                    		EAX=00000000, ECX=b77e253c, EDX=00000000, EBX=b77e2c08, ESP=bf861cc0, EBP=bf861d28, ESI=bf861cc2, EDI=00000002
-1	25731	ld-linux.so.2       	b77cd7ea	                                        	83 6d c8 01                                       	sub dword ptr [ebp-0x38], 0x1                     		EAX=00000000, ECX=b77e253c, EDX=00000000, EBX=b77e2c08, ESP=bf861cc0, EBP=bf861d28, ESI=bf861cc2, EDI=00000002
-1	25731	ld-linux.so.2       	b77cd7ee	                                        	83 6d c4 04                                       	sub dword ptr [ebp-0x3c], 0x4                     		EAX=00000000, ECX=b77e253c, EDX=00000000, EBX=b77e2c08, ESP=bf861cc0, EBP=bf861d28, ESI=bf861cc2, EDI=00000002
-1	25731	ld-linux.so.2       	b77cd7f2	                                        	8b 45 c8                                          	mov eax, dword ptr [ebp-0x38]                     		EAX=00000000, ECX=b77e253c, EDX=00000000, EBX=b77e2c08, ESP=bf861cc0, EBP=bf861d28, ESI=bf861cc2, EDI=00000002
-1	25731	ld-linux.so.2       	b77cd7f5	                                        	39 45 e4                                          	cmp dword ptr [ebp-0x1c], eax                     		EAX=00000002, ECX=b77e253c, EDX=00000000, EBX=b77e2c08, ESP=bf861cc0, EBP=bf861d28, ESI=bf861cc2, EDI=00000002
-1	25731	ld-linux.so.2       	b77cd7f8	                                        	0f 82 2c ff ff ff                                 	jb 0xb77cd72a                                     		EAX=00000002, ECX=b77e253c, EDX=00000000, EBX=b77e2c08, ESP=bf861cc0, EBP=bf861d28, ESI=bf861cc2, EDI=00000002
-1	25731	ld-linux.so.2       	b77cd72a	                                        	8b 45 c4                                          	mov eax, dword ptr [ebp-0x3c]                     		EAX=00000002, ECX=b77e253c, EDX=00000000, EBX=b77e2c08, ESP=bf861cc0, EBP=bf861d28, ESI=bf861cc2, EDI=00000002
-1	25731	ld-linux.so.2       	b77cd72d	                                        	8b 08                                             	mov ecx, dword ptr [eax]                          		EAX=bf861d48, ECX=b77e253c, EDX=00000000, EBX=b77e2c08, ESP=bf861cc0, EBP=bf861d28, ESI=bf861cc2, EDI=00000002
-1	25731	ld-linux.so.2       	b77cd72f	                                        	8b 81 f0 01 00 00                                 	mov eax, dword ptr [ecx+0x1f0]                    		EAX=bf861d48, ECX=b50f31b0, EDX=00000000, EBX=b77e2c08, ESP=bf861cc0, EBP=bf861d28, ESI=bf861cc2, EDI=00000002
-1	25731	ld-linux.so.2       	b77cd735	                                        	85 c0                                             	test eax, eax                                     		EAX=b50f3448, ECX=b50f31b0, EDX=00000000, EBX=b77e2c08, ESP=bf861cc0, EBP=bf861d28, ESI=bf861cc2, EDI=00000002
-1	25731	ld-linux.so.2       	b77cd737	                                        	0f 84 a3 00 00 00                                 	jz 0xb77cd7e0                                     		EAX=b50f3448, ECX=b50f31b0, EDX=00000000, EBX=b77e2c08, ESP=bf861cc0, EBP=bf861d28, ESI=bf861cc2, EDI=00000002
-1	25731	ld-linux.so.2       	b77cd73d	                                        	8d 76 00                                          	lea esi, ptr [esi]                                		EAX=b50f3448, ECX=b50f31b0, EDX=00000000, EBX=b77e2c08, ESP=bf861cc0, EBP=bf861d28, ESI=bf861cc2, EDI=00000002
-1	25731	ld-linux.so.2       	b77cd740	                                        	8b 10                                             	mov edx, dword ptr [eax]                          		EAX=b50f3448, ECX=b50f31b0, EDX=00000000, EBX=b77e2c08, ESP=bf861cc0, EBP=bf861d28, ESI=bf861cc2, EDI=00000002
-1	25731	ld-linux.so.2       	b77cd742	                                        	85 d2                                             	test edx, edx                                     		EAX=b50f3448, ECX=b50f31b0, EDX=b50f31b0, EBX=b77e2c08, ESP=bf861cc0, EBP=bf861d28, ESI=bf861cc2, EDI=00000002
-1	25731	ld-linux.so.2       	b77cd744	                                        	0f 84 96 00 00 00                                 	jz 0xb77cd7e0                                     		EAX=b50f3448, ECX=b50f31b0, EDX=b50f31b0, EBX=b77e2c08, ESP=bf861cc0, EBP=bf861d28, ESI=bf861cc2, EDI=00000002
-1	25731	ld-linux.so.2       	b77cd74a	                                        	83 c0 04                                          	add eax, 0x4                                      		EAX=b50f3448, ECX=b50f31b0, EDX=b50f31b0, EBX=b77e2c08, ESP=bf861cc0, EBP=bf861d28, ESI=bf861cc2, EDI=00000002
-1	25731	ld-linux.so.2       	b77cd74d	                                        	39 d3                                             	cmp ebx, edx                                      		EAX=b50f344c, ECX=b50f31b0, EDX=b50f31b0, EBX=b77e2c08, ESP=bf861cc0, EBP=bf861d28, ESI=bf861cc2, EDI=00000002
-1	25731	ld-linux.so.2       	b77cd74f	                                        	75 ef                                             	jnz 0xb77cd740                                    		EAX=b50f344c, ECX=b50f31b0, EDX=b50f31b0, EBX=b77e2c08, ESP=bf861cc0, EBP=bf861d28, ESI=bf861cc2, EDI=00000002
-1	25731	ld-linux.so.2       	b77cd740	                                        	8b 10                                             	mov edx, dword ptr [eax]                          		EAX=b50f344c, ECX=b50f31b0, EDX=b50f31b0, EBX=b77e2c08, ESP=bf861cc0, EBP=bf861d28, ESI=bf861cc2, EDI=00000002
-1	25731	ld-linux.so.2       	b77cd742	                                        	85 d2                                             	test edx, edx                                     		EAX=b50f344c, ECX=b50f31b0, EDX=b77e253c, EBX=b77e2c08, ESP=bf861cc0, EBP=bf861d28, ESI=bf861cc2, EDI=00000002
-1	25731	ld-linux.so.2       	b77cd744	                                        	0f 84 96 00 00 00                                 	jz 0xb77cd7e0                                     		EAX=b50f344c, ECX=b50f31b0, EDX=b77e253c, EBX=b77e2c08, ESP=bf861cc0, EBP=bf861d28, ESI=bf861cc2, EDI=00000002
-1	25731	ld-linux.so.2       	b77cd74a	                                        	83 c0 04                                          	add eax, 0x4                                      		EAX=b50f344c, ECX=b50f31b0, EDX=b77e253c, EBX=b77e2c08, ESP=bf861cc0, EBP=bf861d28, ESI=bf861cc2, EDI=00000002
-1	25731	ld-linux.so.2       	b77cd74d	                                        	39 d3                                             	cmp ebx, edx                                      		EAX=b50f3450, ECX=b50f31b0, EDX=b77e253c, EBX=b77e2c08, ESP=bf861cc0, EBP=bf861d28, ESI=bf861cc2, EDI=00000002
-1	25731	ld-linux.so.2       	b77cd74f	                                        	75 ef                                             	jnz 0xb77cd740                                    		EAX=b50f3450, ECX=b50f31b0, EDX=b77e253c, EBX=b77e2c08, ESP=bf861cc0, EBP=bf861d28, ESI=bf861cc2, EDI=00000002
-1	25731	ld-linux.so.2       	b77cd740	                                        	8b 10                                             	mov edx, dword ptr [eax]                          		EAX=b50f3450, ECX=b50f31b0, EDX=b77e253c, EBX=b77e2c08, ESP=bf861cc0, EBP=bf861d28, ESI=bf861cc2, EDI=00000002
-1	25731	ld-linux.so.2       	b77cd742	                                        	85 d2                                             	test edx, edx                                     		EAX=b50f3450, ECX=b50f31b0, EDX=00000000, EBX=b77e2c08, ESP=bf861cc0, EBP=bf861d28, ESI=bf861cc2, EDI=00000002
-1	25731	ld-linux.so.2       	b77cd744	                                        	0f 84 96 00 00 00                                 	jz 0xb77cd7e0                                     		EAX=b50f3450, ECX=b50f31b0, EDX=00000000, EBX=b77e2c08, ESP=bf861cc0, EBP=bf861d28, ESI=bf861cc2, EDI=00000002
-1	25731	ld-linux.so.2       	b77cd7e0	                                        	8b 81 f4 01 00 00                                 	mov eax, dword ptr [ecx+0x1f4]                    		EAX=b50f3450, ECX=b50f31b0, EDX=00000000, EBX=b77e2c08, ESP=bf861cc0, EBP=bf861d28, ESI=bf861cc2, EDI=00000002
-1	25731	ld-linux.so.2       	b77cd7e6	                                        	85 c0                                             	test eax, eax                                     		EAX=00000000, ECX=b50f31b0, EDX=00000000, EBX=b77e2c08, ESP=bf861cc0, EBP=bf861d28, ESI=bf861cc2, EDI=00000002
-1	25731	ld-linux.so.2       	b77cd7e8	                                        	75 4d                                             	jnz 0xb77cd837                                    		EAX=00000000, ECX=b50f31b0, EDX=00000000, EBX=b77e2c08, ESP=bf861cc0, EBP=bf861d28, ESI=bf861cc2, EDI=00000002
-1	25731	ld-linux.so.2       	b77cd7ea	                                        	83 6d c8 01                                       	sub dword ptr [ebp-0x38], 0x1                     		EAX=00000000, ECX=b50f31b0, EDX=00000000, EBX=b77e2c08, ESP=bf861cc0, EBP=bf861d28, ESI=bf861cc2, EDI=00000002
-1	25731	ld-linux.so.2       	b77cd7ee	                                        	83 6d c4 04                                       	sub dword ptr [ebp-0x3c], 0x4                     		EAX=00000000, ECX=b50f31b0, EDX=00000000, EBX=b77e2c08, ESP=bf861cc0, EBP=bf861d28, ESI=bf861cc2, EDI=00000002
-1	25731	ld-linux.so.2       	b77cd7f2	                                        	8b 45 c8                                          	mov eax, dword ptr [ebp-0x38]                     		EAX=00000000, ECX=b50f31b0, EDX=00000000, EBX=b77e2c08, ESP=bf861cc0, EBP=bf861d28, ESI=bf861cc2, EDI=00000002
-1	25731	ld-linux.so.2       	b77cd7f5	                                        	39 45 e4                                          	cmp dword ptr [ebp-0x1c], eax                     		EAX=00000001, ECX=b50f31b0, EDX=00000000, EBX=b77e2c08, ESP=bf861cc0, EBP=bf861d28, ESI=bf861cc2, EDI=00000002
-1	25731	ld-linux.so.2       	b77cd7f8	                                        	0f 82 2c ff ff ff                                 	jb 0xb77cd72a                                     		EAX=00000001, ECX=b50f31b0, EDX=00000000, EBX=b77e2c08, ESP=bf861cc0, EBP=bf861d28, ESI=bf861cc2, EDI=00000002
-1	25731	ld-linux.so.2       	b77cd7fe	                                        	e9 ad fe ff ff                                    	jmp 0xb77cd6b0                                    		EAX=00000001, ECX=b50f31b0, EDX=00000000, EBX=b77e2c08, ESP=bf861cc0, EBP=bf861d28, ESI=bf861cc2, EDI=00000002
-1	25731	ld-linux.so.2       	b77cd6b0	                                        	39 7d e0                                          	cmp dword ptr [ebp-0x20], edi                     		EAX=00000001, ECX=b50f31b0, EDX=00000000, EBX=b77e2c08, ESP=bf861cc0, EBP=bf861d28, ESI=bf861cc2, EDI=00000002
-1	25731	ld-linux.so.2       	b77cd6b3	                                        	89 7d e4                                          	mov dword ptr [ebp-0x1c], edi                     		EAX=00000001, ECX=b50f31b0, EDX=00000000, EBX=b77e2c08, ESP=bf861cc0, EBP=bf861d28, ESI=bf861cc2, EDI=00000002
-1	25731	ld-linux.so.2       	b77cd6b6	                                        	0f 84 14 01 00 00                                 	jz 0xb77cd7d0                                     		EAX=00000001, ECX=b50f31b0, EDX=00000000, EBX=b77e2c08, ESP=bf861cc0, EBP=bf861d28, ESI=bf861cc2, EDI=00000002
-1	25731	ld-linux.so.2       	b77cd6bc	                                        	8b 45 e0                                          	mov eax, dword ptr [ebp-0x20]                     		EAX=00000001, ECX=b50f31b0, EDX=00000000, EBX=b77e2c08, ESP=bf861cc0, EBP=bf861d28, ESI=bf861cc2, EDI=00000002
-1	25731	ld-linux.so.2       	b77cd6bf	                                        	8b 75 dc                                          	mov esi, dword ptr [ebp-0x24]                     		EAX=00000004, ECX=b50f31b0, EDX=00000000, EBX=b77e2c08, ESP=bf861cc0, EBP=bf861d28, ESI=bf861cc2, EDI=00000002
-1	25731	ld-linux.so.2       	b77cd6c2	                                        	83 ec 04                                          	sub esp, 0x4                                      		EAX=00000004, ECX=b50f31b0, EDX=00000000, EBX=b77e2c08, ESP=bf861cc0, EBP=bf861d28, ESI=bf861cc0, EDI=00000002
-1	25731	ld-linux.so.2       	b77cd6c5	                                        	8b 5d cc                                          	mov ebx, dword ptr [ebp-0x34]                     		EAX=00000004, ECX=b50f31b0, EDX=00000000, EBX=b77e2c08, ESP=bf861cbc, EBP=bf861d28, ESI=bf861cc0, EDI=00000002
-1	25731	ld-linux.so.2       	b77cd6c8	                                        	8d 14 7e                                          	lea edx, ptr [esi+edi*2]                          		EAX=00000004, ECX=b50f31b0, EDX=00000000, EBX=b77e2000, ESP=bf861cbc, EBP=bf861d28, ESI=bf861cc0, EDI=00000002
-1	25731	ld-linux.so.2       	b77cd6cb	                                        	29 f8                                             	sub eax, edi                                      		EAX=00000004, ECX=b50f31b0, EDX=bf861cc4, EBX=b77e2000, ESP=bf861cbc, EBP=bf861d28, ESI=bf861cc0, EDI=00000002
-1	25731	ld-linux.so.2       	b77cd6cd	                                        	83 c7 01                                          	add edi, 0x1                                      		EAX=00000002, ECX=b50f31b0, EDX=bf861cc4, EBX=b77e2000, ESP=bf861cbc, EBP=bf861d28, ESI=bf861cc0, EDI=00000002
-1	25731	ld-linux.so.2       	b77cd6d0	                                        	01 c0                                             	add eax, eax                                      		EAX=00000002, ECX=b50f31b0, EDX=bf861cc4, EBX=b77e2000, ESP=bf861cbc, EBP=bf861d28, ESI=bf861cc0, EDI=00000003
-1	25731	ld-linux.so.2       	b77cd6d2	                                        	50                                                	push eax                                          		EAX=00000004, ECX=b50f31b0, EDX=bf861cc4, EBX=b77e2000, ESP=bf861cbc, EBP=bf861d28, ESI=bf861cc0, EDI=00000003
-1	25731	ld-linux.so.2       	b77cd6d3	                                        	6a 00                                             	push 0x0                                          		EAX=00000004, ECX=b50f31b0, EDX=bf861cc4, EBX=b77e2000, ESP=bf861cb8, EBP=bf861d28, ESI=bf861cc0, EDI=00000003
-1	25731	ld-linux.so.2       	b77cd6d5	                                        	52                                                	push edx                                          		EAX=00000004, ECX=b50f31b0, EDX=bf861cc4, EBX=b77e2000, ESP=bf861cb4, EBP=bf861d28, ESI=bf861cc0, EDI=00000003
-1	25731	ld-linux.so.2       	b77cd6d6	                                        	e8 95 9f 00 00                                    	call 0xb77d7670                                   		EAX=00000004, ECX=b50f31b0, EDX=bf861cc4, EBX=b77e2000, ESP=bf861cb0, EBP=bf861d28, ESI=bf861cc0, EDI=00000003
-1	25731	ld-linux.so.2       	b77cd6db	                                        	83 c4 10                                          	add esp, 0x10                                     		EAX=bf861cc4, ECX=00000000, EDX=00000000, EBX=b77e2000, ESP=bf861cb0, EBP=bf861d28, ESI=bf861cc0, EDI=00000003
-1	25731	ld-linux.so.2       	b77cd6de	                                        	8b 45 e4                                          	mov eax, dword ptr [ebp-0x1c]                     		EAX=bf861cc4, ECX=00000000, EDX=00000000, EBX=b77e2000, ESP=bf861cc0, EBP=bf861d28, ESI=bf861cc0, EDI=00000003
-1	25731	ld-linux.so.2       	b77cd6e1	                                        	8b 75 dc                                          	mov esi, dword ptr [ebp-0x24]                     		EAX=00000002, ECX=00000000, EDX=00000000, EBX=b77e2000, ESP=bf861cc0, EBP=bf861d28, ESI=bf861cc0, EDI=00000003
-1	25731	ld-linux.so.2       	b77cd6e4	                                        	8d 34 46                                          	lea esi, ptr [esi+eax*2]                          		EAX=00000002, ECX=00000000, EDX=00000000, EBX=b77e2000, ESP=bf861cc0, EBP=bf861d28, ESI=bf861cc0, EDI=00000003
-1	25731	ld-linux.so.2       	b77cd6e7	                                        	0f b7 1e                                          	movzx ebx, word ptr [esi]                         		EAX=00000002, ECX=00000000, EDX=00000000, EBX=b77e2000, ESP=bf861cc0, EBP=bf861d28, ESI=bf861cc4, EDI=00000003
-1	25731	ld-linux.so.2       	b77cd6ea	                                        	8d 4b 01                                          	lea ecx, ptr [ebx+0x1]                            		EAX=00000002, ECX=00000000, EDX=00000000, EBX=00000000, ESP=bf861cc0, EBP=bf861d28, ESI=bf861cc4, EDI=00000003
-1	25731	ld-linux.so.2       	b77cd6ed	                                        	66 89 4d d2                                       	mov word ptr [ebp-0x2e], cx                       		EAX=00000002, ECX=00000001, EDX=00000000, EBX=00000000, ESP=bf861cc0, EBP=bf861d28, ESI=bf861cc4, EDI=00000003
-1	25731	ld-linux.so.2       	b77cd6f1	                                        	66 89 0e                                          	mov word ptr [esi], cx                            		EAX=00000002, ECX=00000001, EDX=00000000, EBX=00000000, ESP=bf861cc0, EBP=bf861d28, ESI=bf861cc4, EDI=00000003
-1	25731	ld-linux.so.2       	b77cd6f4	                                        	8d 0c 85 00 00 00 00                              	lea ecx, ptr [eax*4]                              		EAX=00000002, ECX=00000001, EDX=00000000, EBX=00000000, ESP=bf861cc0, EBP=bf861d28, ESI=bf861cc4, EDI=00000003
-1	25731	ld-linux.so.2       	b77cd6fb	                                        	8b 45 d8                                          	mov eax, dword ptr [ebp-0x28]                     		EAX=00000002, ECX=00000008, EDX=00000000, EBX=00000000, ESP=bf861cc0, EBP=bf861d28, ESI=bf861cc4, EDI=00000003
-1	25731	ld-linux.so.2       	b77cd6fe	                                        	01 c8                                             	add eax, ecx                                      		EAX=bf861d40, ECX=00000008, EDX=00000000, EBX=00000000, ESP=bf861cc0, EBP=bf861d28, ESI=bf861cc4, EDI=00000003
-1	25731	ld-linux.so.2       	b77cd700	                                        	8b 18                                             	mov ebx, dword ptr [eax]                          		EAX=bf861d48, ECX=00000008, EDX=00000000, EBX=00000000, ESP=bf861cc0, EBP=bf861d28, ESI=bf861cc4, EDI=00000003
-1	25731	ld-linux.so.2       	b77cd702	                                        	89 45 d4                                          	mov dword ptr [ebp-0x2c], eax                     		EAX=bf861d48, ECX=00000008, EDX=00000000, EBX=b50f31b0, ESP=bf861cc0, EBP=bf861d28, ESI=bf861cc4, EDI=00000003
-1	25731	ld-linux.so.2       	b77cd705	                                        	3b 5b 14                                          	cmp ebx, dword ptr [ebx+0x14]                     		EAX=bf861d48, ECX=00000008, EDX=00000000, EBX=b50f31b0, ESP=bf861cc0, EBP=bf861d28, ESI=bf861cc4, EDI=00000003
-1	25731	ld-linux.so.2       	b77cd708	                                        	75 a6                                             	jnz 0xb77cd6b0                                    		EAX=bf861d48, ECX=00000008, EDX=00000000, EBX=b50f31b0, ESP=bf861cc0, EBP=bf861d28, ESI=bf861cc4, EDI=00000003
-1	25731	ld-linux.so.2       	b77cd70a	                                        	83 bb 0c 02 00 00 ff                              	cmp dword ptr [ebx+0x20c], 0xffffffff             		EAX=bf861d48, ECX=00000008, EDX=00000000, EBX=b50f31b0, ESP=bf861cc0, EBP=bf861d28, ESI=bf861cc4, EDI=00000003
-1	25731	ld-linux.so.2       	b77cd711	                                        	74 9d                                             	jz 0xb77cd6b0                                     		EAX=bf861d48, ECX=00000008, EDX=00000000, EBX=b50f31b0, ESP=bf861cc0, EBP=bf861d28, ESI=bf861cc4, EDI=00000003
-1	25731	ld-linux.so.2       	b77cd713	                                        	8b 45 e0                                          	mov eax, dword ptr [ebp-0x20]                     		EAX=bf861d48, ECX=00000008, EDX=00000000, EBX=b50f31b0, ESP=bf861cc0, EBP=bf861d28, ESI=bf861cc4, EDI=00000003
-1	25731	ld-linux.so.2       	b77cd716	                                        	83 e8 01                                          	sub eax, 0x1                                      		EAX=00000004, ECX=00000008, EDX=00000000, EBX=b50f31b0, ESP=bf861cc0, EBP=bf861d28, ESI=bf861cc4, EDI=00000003
-1	25731	ld-linux.so.2       	b77cd719	                                        	39 45 e4                                          	cmp dword ptr [ebp-0x1c], eax                     		EAX=00000003, ECX=00000008, EDX=00000000, EBX=b50f31b0, ESP=bf861cc0, EBP=bf861d28, ESI=bf861cc4, EDI=00000003
-1	25731	ld-linux.so.2       	b77cd71c	                                        	89 45 c8                                          	mov dword ptr [ebp-0x38], eax                     		EAX=00000003, ECX=00000008, EDX=00000000, EBX=b50f31b0, ESP=bf861cc0, EBP=bf861d28, ESI=bf861cc4, EDI=00000003
-1	25731	ld-linux.so.2       	b77cd71f	                                        	73 8f                                             	jnb 0xb77cd6b0                                    		EAX=00000003, ECX=00000008, EDX=00000000, EBX=b50f31b0, ESP=bf861cc0, EBP=bf861d28, ESI=bf861cc4, EDI=00000003
-1	25731	ld-linux.so.2       	b77cd721	                                        	8b 45 b8                                          	mov eax, dword ptr [ebp-0x48]                     		EAX=00000003, ECX=00000008, EDX=00000000, EBX=b50f31b0, ESP=bf861cc0, EBP=bf861d28, ESI=bf861cc4, EDI=00000003
-1	25731	ld-linux.so.2       	b77cd724	                                        	89 4d bc                                          	mov dword ptr [ebp-0x44], ecx                     		EAX=bf861d4c, ECX=00000008, EDX=00000000, EBX=b50f31b0, ESP=bf861cc0, EBP=bf861d28, ESI=bf861cc4, EDI=00000003
-1	25731	ld-linux.so.2       	b77cd727	                                        	89 45 c4                                          	mov dword ptr [ebp-0x3c], eax                     		EAX=bf861d4c, ECX=00000008, EDX=00000000, EBX=b50f31b0, ESP=bf861cc0, EBP=bf861d28, ESI=bf861cc4, EDI=00000003
-1	25731	ld-linux.so.2       	b77cd72a	                                        	8b 45 c4                                          	mov eax, dword ptr [ebp-0x3c]                     		EAX=bf861d4c, ECX=00000008, EDX=00000000, EBX=b50f31b0, ESP=bf861cc0, EBP=bf861d28, ESI=bf861cc4, EDI=00000003
-1	25731	ld-linux.so.2       	b77cd72d	                                        	8b 08                                             	mov ecx, dword ptr [eax]                          		EAX=bf861d4c, ECX=00000008, EDX=00000000, EBX=b50f31b0, ESP=bf861cc0, EBP=bf861d28, ESI=bf861cc4, EDI=00000003
-1	25731	ld-linux.so.2       	b77cd72f	                                        	8b 81 f0 01 00 00                                 	mov eax, dword ptr [ecx+0x1f0]                    		EAX=bf861d4c, ECX=b77e253c, EDX=00000000, EBX=b50f31b0, ESP=bf861cc0, EBP=bf861d28, ESI=bf861cc4, EDI=00000003
-1	25731	ld-linux.so.2       	b77cd735	                                        	85 c0                                             	test eax, eax                                     		EAX=00000000, ECX=b77e253c, EDX=00000000, EBX=b50f31b0, ESP=bf861cc0, EBP=bf861d28, ESI=bf861cc4, EDI=00000003
-1	25731	ld-linux.so.2       	b77cd737	                                        	0f 84 a3 00 00 00                                 	jz 0xb77cd7e0                                     		EAX=00000000, ECX=b77e253c, EDX=00000000, EBX=b50f31b0, ESP=bf861cc0, EBP=bf861d28, ESI=bf861cc4, EDI=00000003
-1	25731	ld-linux.so.2       	b77cd7e0	                                        	8b 81 f4 01 00 00                                 	mov eax, dword ptr [ecx+0x1f4]                    		EAX=00000000, ECX=b77e253c, EDX=00000000, EBX=b50f31b0, ESP=bf861cc0, EBP=bf861d28, ESI=bf861cc4, EDI=00000003
-1	25731	ld-linux.so.2       	b77cd7e6	                                        	85 c0                                             	test eax, eax                                     		EAX=00000000, ECX=b77e253c, EDX=00000000, EBX=b50f31b0, ESP=bf861cc0, EBP=bf861d28, ESI=bf861cc4, EDI=00000003
-1	25731	ld-linux.so.2       	b77cd7e8	                                        	75 4d                                             	jnz 0xb77cd837                                    		EAX=00000000, ECX=b77e253c, EDX=00000000, EBX=b50f31b0, ESP=bf861cc0, EBP=bf861d28, ESI=bf861cc4, EDI=00000003
-1	25731	ld-linux.so.2       	b77cd7ea	                                        	83 6d c8 01                                       	sub dword ptr [ebp-0x38], 0x1                     		EAX=00000000, ECX=b77e253c, EDX=00000000, EBX=b50f31b0, ESP=bf861cc0, EBP=bf861d28, ESI=bf861cc4, EDI=00000003
-1	25731	ld-linux.so.2       	b77cd7ee	                                        	83 6d c4 04                                       	sub dword ptr [ebp-0x3c], 0x4                     		EAX=00000000, ECX=b77e253c, EDX=00000000, EBX=b50f31b0, ESP=bf861cc0, EBP=bf861d28, ESI=bf861cc4, EDI=00000003
-1	25731	ld-linux.so.2       	b77cd7f2	                                        	8b 45 c8                                          	mov eax, dword ptr [ebp-0x38]                     		EAX=00000000, ECX=b77e253c, EDX=00000000, EBX=b50f31b0, ESP=bf861cc0, EBP=bf861d28, ESI=bf861cc4, EDI=00000003
-1	25731	ld-linux.so.2       	b77cd7f5	                                        	39 45 e4                                          	cmp dword ptr [ebp-0x1c], eax                     		EAX=00000002, ECX=b77e253c, EDX=00000000, EBX=b50f31b0, ESP=bf861cc0, EBP=bf861d28, ESI=bf861cc4, EDI=00000003
-1	25731	ld-linux.so.2       	b77cd7f8	                                        	0f 82 2c ff ff ff                                 	jb 0xb77cd72a                                     		EAX=00000002, ECX=b77e253c, EDX=00000000, EBX=b50f31b0, ESP=bf861cc0, EBP=bf861d28, ESI=bf861cc4, EDI=00000003
-1	25731	ld-linux.so.2       	b77cd7fe	                                        	e9 ad fe ff ff                                    	jmp 0xb77cd6b0                                    		EAX=00000002, ECX=b77e253c, EDX=00000000, EBX=b50f31b0, ESP=bf861cc0, EBP=bf861d28, ESI=bf861cc4, EDI=00000003
-1	25731	ld-linux.so.2       	b77cd6b0	                                        	39 7d e0                                          	cmp dword ptr [ebp-0x20], edi                     		EAX=00000002, ECX=b77e253c, EDX=00000000, EBX=b50f31b0, ESP=bf861cc0, EBP=bf861d28, ESI=bf861cc4, EDI=00000003
-1	25731	ld-linux.so.2       	b77cd6b3	                                        	89 7d e4                                          	mov dword ptr [ebp-0x1c], edi                     		EAX=00000002, ECX=b77e253c, EDX=00000000, EBX=b50f31b0, ESP=bf861cc0, EBP=bf861d28, ESI=bf861cc4, EDI=00000003
-1	25731	ld-linux.so.2       	b77cd6b6	                                        	0f 84 14 01 00 00                                 	jz 0xb77cd7d0                                     		EAX=00000002, ECX=b77e253c, EDX=00000000, EBX=b50f31b0, ESP=bf861cc0, EBP=bf861d28, ESI=bf861cc4, EDI=00000003
-1	25731	ld-linux.so.2       	b77cd6bc	                                        	8b 45 e0                                          	mov eax, dword ptr [ebp-0x20]                     		EAX=00000002, ECX=b77e253c, EDX=00000000, EBX=b50f31b0, ESP=bf861cc0, EBP=bf861d28, ESI=bf861cc4, EDI=00000003
-1	25731	ld-linux.so.2       	b77cd6bf	                                        	8b 75 dc                                          	mov esi, dword ptr [ebp-0x24]                     		EAX=00000004, ECX=b77e253c, EDX=00000000, EBX=b50f31b0, ESP=bf861cc0, EBP=bf861d28, ESI=bf861cc4, EDI=00000003
-1	25731	ld-linux.so.2       	b77cd6c2	                                        	83 ec 04                                          	sub esp, 0x4                                      		EAX=00000004, ECX=b77e253c, EDX=00000000, EBX=b50f31b0, ESP=bf861cc0, EBP=bf861d28, ESI=bf861cc0, EDI=00000003
-1	25731	ld-linux.so.2       	b77cd6c5	                                        	8b 5d cc                                          	mov ebx, dword ptr [ebp-0x34]                     		EAX=00000004, ECX=b77e253c, EDX=00000000, EBX=b50f31b0, ESP=bf861cbc, EBP=bf861d28, ESI=bf861cc0, EDI=00000003
-1	25731	ld-linux.so.2       	b77cd6c8	                                        	8d 14 7e                                          	lea edx, ptr [esi+edi*2]                          		EAX=00000004, ECX=b77e253c, EDX=00000000, EBX=b77e2000, ESP=bf861cbc, EBP=bf861d28, ESI=bf861cc0, EDI=00000003
-1	25731	ld-linux.so.2       	b77cd6cb	                                        	29 f8                                             	sub eax, edi                                      		EAX=00000004, ECX=b77e253c, EDX=bf861cc6, EBX=b77e2000, ESP=bf861cbc, EBP=bf861d28, ESI=bf861cc0, EDI=00000003
-1	25731	ld-linux.so.2       	b77cd6cd	                                        	83 c7 01                                          	add edi, 0x1                                      		EAX=00000001, ECX=b77e253c, EDX=bf861cc6, EBX=b77e2000, ESP=bf861cbc, EBP=bf861d28, ESI=bf861cc0, EDI=00000003
-1	25731	ld-linux.so.2       	b77cd6d0	                                        	01 c0                                             	add eax, eax                                      		EAX=00000001, ECX=b77e253c, EDX=bf861cc6, EBX=b77e2000, ESP=bf861cbc, EBP=bf861d28, ESI=bf861cc0, EDI=00000004
-1	25731	ld-linux.so.2       	b77cd6d2	                                        	50                                                	push eax                                          		EAX=00000002, ECX=b77e253c, EDX=bf861cc6, EBX=b77e2000, ESP=bf861cbc, EBP=bf861d28, ESI=bf861cc0, EDI=00000004
-1	25731	ld-linux.so.2       	b77cd6d3	                                        	6a 00                                             	push 0x0                                          		EAX=00000002, ECX=b77e253c, EDX=bf861cc6, EBX=b77e2000, ESP=bf861cb8, EBP=bf861d28, ESI=bf861cc0, EDI=00000004
-1	25731	ld-linux.so.2       	b77cd6d5	                                        	52                                                	push edx                                          		EAX=00000002, ECX=b77e253c, EDX=bf861cc6, EBX=b77e2000, ESP=bf861cb4, EBP=bf861d28, ESI=bf861cc0, EDI=00000004
-1	25731	ld-linux.so.2       	b77cd6d6	                                        	e8 95 9f 00 00                                    	call 0xb77d7670                                   		EAX=00000002, ECX=b77e253c, EDX=bf861cc6, EBX=b77e2000, ESP=bf861cb0, EBP=bf861d28, ESI=bf861cc0, EDI=00000004
-1	25731	ld-linux.so.2       	b77d768a	                                        	aa                                                	stosb byte ptr [edi]                              		EAX=00000000, ECX=00000002, EDX=00000002, EBX=b77e2000, ESP=bf861ca8, EBP=bf861d28, ESI=bf861cc0, EDI=bf861cc6
-1	25731	ld-linux.so.2       	b77d768b	                                        	49                                                	dec ecx                                           		EAX=00000000, ECX=00000002, EDX=00000002, EBX=b77e2000, ESP=bf861ca8, EBP=bf861d28, ESI=bf861cc0, EDI=bf861cc7
-1	25731	ld-linux.so.2       	b77d768c	                                        	74 1f                                             	jz 0xb77d76ad                                     		EAX=00000000, ECX=00000001, EDX=00000002, EBX=b77e2000, ESP=bf861ca8, EBP=bf861d28, ESI=bf861cc0, EDI=bf861cc7
-1	25731	ld-linux.so.2       	b77d768e	                                        	aa                                                	stosb byte ptr [edi]                              		EAX=00000000, ECX=00000001, EDX=00000002, EBX=b77e2000, ESP=bf861ca8, EBP=bf861d28, ESI=bf861cc0, EDI=bf861cc7
-1	25731	ld-linux.so.2       	b77d768f	                                        	49                                                	dec ecx                                           		EAX=00000000, ECX=00000001, EDX=00000002, EBX=b77e2000, ESP=bf861ca8, EBP=bf861d28, ESI=bf861cc0, EDI=bf861cc8
-1	25731	ld-linux.so.2       	b77d7690	                                        	74 1b                                             	jz 0xb77d76ad                                     		EAX=00000000, ECX=00000000, EDX=00000002, EBX=b77e2000, ESP=bf861ca8, EBP=bf861d28, ESI=bf861cc0, EDI=bf861cc8
-1	25731	ld-linux.so.2       	b77cd6db	                                        	83 c4 10                                          	add esp, 0x10                                     		EAX=bf861cc6, ECX=00000000, EDX=00000002, EBX=b77e2000, ESP=bf861cb0, EBP=bf861d28, ESI=bf861cc0, EDI=00000004
-1	25731	ld-linux.so.2       	b77cd6de	                                        	8b 45 e4                                          	mov eax, dword ptr [ebp-0x1c]                     		EAX=bf861cc6, ECX=00000000, EDX=00000002, EBX=b77e2000, ESP=bf861cc0, EBP=bf861d28, ESI=bf861cc0, EDI=00000004
-1	25731	ld-linux.so.2       	b77cd6e1	                                        	8b 75 dc                                          	mov esi, dword ptr [ebp-0x24]                     		EAX=00000003, ECX=00000000, EDX=00000002, EBX=b77e2000, ESP=bf861cc0, EBP=bf861d28, ESI=bf861cc0, EDI=00000004
-1	25731	ld-linux.so.2       	b77cd6e4	                                        	8d 34 46                                          	lea esi, ptr [esi+eax*2]                          		EAX=00000003, ECX=00000000, EDX=00000002, EBX=b77e2000, ESP=bf861cc0, EBP=bf861d28, ESI=bf861cc0, EDI=00000004
-1	25731	ld-linux.so.2       	b77cd6e7	                                        	0f b7 1e                                          	movzx ebx, word ptr [esi]                         		EAX=00000003, ECX=00000000, EDX=00000002, EBX=b77e2000, ESP=bf861cc0, EBP=bf861d28, ESI=bf861cc6, EDI=00000004
-1	25731	ld-linux.so.2       	b77cd6ea	                                        	8d 4b 01                                          	lea ecx, ptr [ebx+0x1]                            		EAX=00000003, ECX=00000000, EDX=00000002, EBX=00000000, ESP=bf861cc0, EBP=bf861d28, ESI=bf861cc6, EDI=00000004
-1	25731	ld-linux.so.2       	b77cd6ed	                                        	66 89 4d d2                                       	mov word ptr [ebp-0x2e], cx                       		EAX=00000003, ECX=00000001, EDX=00000002, EBX=00000000, ESP=bf861cc0, EBP=bf861d28, ESI=bf861cc6, EDI=00000004
-1	25731	ld-linux.so.2       	b77cd6f1	                                        	66 89 0e                                          	mov word ptr [esi], cx                            		EAX=00000003, ECX=00000001, EDX=00000002, EBX=00000000, ESP=bf861cc0, EBP=bf861d28, ESI=bf861cc6, EDI=00000004
-1	25731	ld-linux.so.2       	b77cd6f4	                                        	8d 0c 85 00 00 00 00                              	lea ecx, ptr [eax*4]                              		EAX=00000003, ECX=00000001, EDX=00000002, EBX=00000000, ESP=bf861cc0, EBP=bf861d28, ESI=bf861cc6, EDI=00000004
-1	25731	ld-linux.so.2       	b77cd6fb	                                        	8b 45 d8                                          	mov eax, dword ptr [ebp-0x28]                     		EAX=00000003, ECX=0000000c, EDX=00000002, EBX=00000000, ESP=bf861cc0, EBP=bf861d28, ESI=bf861cc6, EDI=00000004
-1	25731	ld-linux.so.2       	b77cd6fe	                                        	01 c8                                             	add eax, ecx                                      		EAX=bf861d40, ECX=0000000c, EDX=00000002, EBX=00000000, ESP=bf861cc0, EBP=bf861d28, ESI=bf861cc6, EDI=00000004
-1	25731	ld-linux.so.2       	b77cd700	                                        	8b 18                                             	mov ebx, dword ptr [eax]                          		EAX=bf861d4c, ECX=0000000c, EDX=00000002, EBX=00000000, ESP=bf861cc0, EBP=bf861d28, ESI=bf861cc6, EDI=00000004
-1	25731	ld-linux.so.2       	b77cd702	                                        	89 45 d4                                          	mov dword ptr [ebp-0x2c], eax                     		EAX=bf861d4c, ECX=0000000c, EDX=00000002, EBX=b77e253c, ESP=bf861cc0, EBP=bf861d28, ESI=bf861cc6, EDI=00000004
-1	25731	ld-linux.so.2       	b77cd705	                                        	3b 5b 14                                          	cmp ebx, dword ptr [ebx+0x14]                     		EAX=bf861d4c, ECX=0000000c, EDX=00000002, EBX=b77e253c, ESP=bf861cc0, EBP=bf861d28, ESI=bf861cc6, EDI=00000004
-1	25731	ld-linux.so.2       	b77cd708	                                        	75 a6                                             	jnz 0xb77cd6b0                                    		EAX=bf861d4c, ECX=0000000c, EDX=00000002, EBX=b77e253c, ESP=bf861cc0, EBP=bf861d28, ESI=bf861cc6, EDI=00000004
-1	25731	ld-linux.so.2       	b77cd70a	                                        	83 bb 0c 02 00 00 ff                              	cmp dword ptr [ebx+0x20c], 0xffffffff             		EAX=bf861d4c, ECX=0000000c, EDX=00000002, EBX=b77e253c, ESP=bf861cc0, EBP=bf861d28, ESI=bf861cc6, EDI=00000004
-1	25731	ld-linux.so.2       	b77cd711	                                        	74 9d                                             	jz 0xb77cd6b0                                     		EAX=bf861d4c, ECX=0000000c, EDX=00000002, EBX=b77e253c, ESP=bf861cc0, EBP=bf861d28, ESI=bf861cc6, EDI=00000004
-1	25731	ld-linux.so.2       	b77cd713	                                        	8b 45 e0                                          	mov eax, dword ptr [ebp-0x20]                     		EAX=bf861d4c, ECX=0000000c, EDX=00000002, EBX=b77e253c, ESP=bf861cc0, EBP=bf861d28, ESI=bf861cc6, EDI=00000004
-1	25731	ld-linux.so.2       	b77cd716	                                        	83 e8 01                                          	sub eax, 0x1                                      		EAX=00000004, ECX=0000000c, EDX=00000002, EBX=b77e253c, ESP=bf861cc0, EBP=bf861d28, ESI=bf861cc6, EDI=00000004
-1	25731	ld-linux.so.2       	b77cd719	                                        	39 45 e4                                          	cmp dword ptr [ebp-0x1c], eax                     		EAX=00000003, ECX=0000000c, EDX=00000002, EBX=b77e253c, ESP=bf861cc0, EBP=bf861d28, ESI=bf861cc6, EDI=00000004
-1	25731	ld-linux.so.2       	b77cd71c	                                        	89 45 c8                                          	mov dword ptr [ebp-0x38], eax                     		EAX=00000003, ECX=0000000c, EDX=00000002, EBX=b77e253c, ESP=bf861cc0, EBP=bf861d28, ESI=bf861cc6, EDI=00000004
-1	25731	ld-linux.so.2       	b77cd71f	                                        	73 8f                                             	jnb 0xb77cd6b0                                    		EAX=00000003, ECX=0000000c, EDX=00000002, EBX=b77e253c, ESP=bf861cc0, EBP=bf861d28, ESI=bf861cc6, EDI=00000004
-1	25731	ld-linux.so.2       	b77cd6b0	                                        	39 7d e0                                          	cmp dword ptr [ebp-0x20], edi                     		EAX=00000003, ECX=0000000c, EDX=00000002, EBX=b77e253c, ESP=bf861cc0, EBP=bf861d28, ESI=bf861cc6, EDI=00000004
-1	25731	ld-linux.so.2       	b77cd6b3	                                        	89 7d e4                                          	mov dword ptr [ebp-0x1c], edi                     		EAX=00000003, ECX=0000000c, EDX=00000002, EBX=b77e253c, ESP=bf861cc0, EBP=bf861d28, ESI=bf861cc6, EDI=00000004
-1	25731	ld-linux.so.2       	b77cd6b6	                                        	0f 84 14 01 00 00                                 	jz 0xb77cd7d0                                     		EAX=00000003, ECX=0000000c, EDX=00000002, EBX=b77e253c, ESP=bf861cc0, EBP=bf861d28, ESI=bf861cc6, EDI=00000004
-1	25731	ld-linux.so.2       	b77cd7d0	                                        	8b 65 b4                                          	mov esp, dword ptr [ebp-0x4c]                     		EAX=00000003, ECX=0000000c, EDX=00000002, EBX=b77e253c, ESP=bf861cc0, EBP=bf861d28, ESI=bf861cc6, EDI=00000004
-1	25731	ld-linux.so.2       	b77cd7d3	                                        	8d 65 f4                                          	lea esp, ptr [ebp-0xc]                            		EAX=00000003, ECX=0000000c, EDX=00000002, EBX=b77e253c, ESP=bf861cd0, EBP=bf861d28, ESI=bf861cc6, EDI=00000004
-1	25731	ld-linux.so.2       	b77cd7d6	                                        	5b                                                	pop ebx                                           		EAX=00000003, ECX=0000000c, EDX=00000002, EBX=b77e253c, ESP=bf861d1c, EBP=bf861d28, ESI=bf861cc6, EDI=00000004
-1	25731	ld-linux.so.2       	b77cd7d7	                                        	5e                                                	pop esi                                           		EAX=00000003, ECX=0000000c, EDX=00000002, EBX=00000004, ESP=bf861d20, EBP=bf861d28, ESI=bf861cc6, EDI=00000004
-1	25731	ld-linux.so.2       	b77cd7d8	                                        	5f                                                	pop edi                                           		EAX=00000003, ECX=0000000c, EDX=00000002, EBX=00000004, ESP=bf861d24, EBP=bf861d28, ESI=00000000, EDI=00000004
-1	25731	ld-linux.so.2       	b77cd7d9	                                        	5d                                                	pop ebp                                           		EAX=00000003, ECX=0000000c, EDX=00000002, EBX=00000004, ESP=bf861d28, EBP=bf861d28, ESI=00000000, EDI=b50583dc
-1	25731	ld-linux.so.2       	b77cd7da	                                        	c2 04 00                                          	ret 0x4                                           		EAX=00000003, ECX=0000000c, EDX=00000002, EBX=00000004, ESP=bf861d2c, EBP=bf861db8, ESI=00000000, EDI=b50583dc
-1	25731	ld-linux.so.2       	b77cd9f3	                                        	8b 45 d8                                          	mov eax, dword ptr [ebp-0x28]                     		EAX=00000003, ECX=0000000c, EDX=00000002, EBX=00000004, ESP=bf861d34, EBP=bf861db8, ESI=00000000, EDI=b50583dc
-1	25731	ld-linux.so.2       	b77cd9f6	                                        	8b 4d dc                                          	mov ecx, dword ptr [ebp-0x24]                     		EAX=00000020, ECX=0000000c, EDX=00000002, EBX=00000004, ESP=bf861d34, EBP=bf861db8, ESI=00000000, EDI=b50583dc
-1	25731	ld-linux.so.2       	b77cd9f9	                                        	ff 75 d0                                          	push dword ptr [ebp-0x30]                         		EAX=00000020, ECX=b77e2000, EDX=00000002, EBX=00000004, ESP=bf861d34, EBP=bf861db8, ESI=00000000, EDI=b50583dc
-1	25731	ld-linux.so.2       	b77cd9fc	                                        	ff 94 08 fc 07 00 00                              	call dword ptr [eax+ecx*1+0x7fc]                  		EAX=00000020, ECX=b77e2000, EDX=00000002, EBX=00000004, ESP=bf861d30, EBP=bf861db8, ESI=00000000, EDI=b50583dc
-1	25731	ld-linux.so.2       	b77cda03	                                        	83 c4 10                                          	add esp, 0x10                                     		EAX=b77e24e4, ECX=b77e2000, EDX=00000002, EBX=00000004, ESP=bf861d30, EBP=bf861db8, ESI=00000000, EDI=b50583dc
-1	25731	ld-linux.so.2       	b77cda06	                                        	85 db                                             	test ebx, ebx                                     		EAX=b77e24e4, ECX=b77e2000, EDX=00000002, EBX=00000004, ESP=bf861d40, EBP=bf861db8, ESI=00000000, EDI=b50583dc
-1	25731	ld-linux.so.2       	b77cda08	                                        	c7 45 e4 00 00 00 00                              	mov dword ptr [ebp-0x1c], 0x0                     		EAX=b77e24e4, ECX=b77e2000, EDX=00000002, EBX=00000004, ESP=bf861d40, EBP=bf861db8, ESI=00000000, EDI=b50583dc
-1	25731	ld-linux.so.2       	b77cda0f	                                        	0f 84 a7 00 00 00                                 	jz 0xb77cdabc                                     		EAX=b77e24e4, ECX=b77e2000, EDX=00000002, EBX=00000004, ESP=bf861d40, EBP=bf861db8, ESI=00000000, EDI=b50583dc
-1	25731	ld-linux.so.2       	b77cda15	                                        	8d 76 00                                          	lea esi, ptr [esi]                                		EAX=b77e24e4, ECX=b77e2000, EDX=00000002, EBX=00000004, ESP=bf861d40, EBP=bf861db8, ESI=00000000, EDI=b50583dc
-1	25731	ld-linux.so.2       	b77cda18	                                        	8b 45 c4                                          	mov eax, dword ptr [ebp-0x3c]                     		EAX=b77e24e4, ECX=b77e2000, EDX=00000002, EBX=00000004, ESP=bf861d40, EBP=bf861db8, ESI=00000000, EDI=b50583dc
-1	25731	ld-linux.so.2       	b77cda1b	                                        	8b 7d e4                                          	mov edi, dword ptr [ebp-0x1c]                     		EAX=bf861d40, ECX=b77e2000, EDX=00000002, EBX=00000004, ESP=bf861d40, EBP=bf861db8, ESI=00000000, EDI=b50583dc
-1	25731	ld-linux.so.2       	b77cda1e	                                        	8b 1c b8                                          	mov ebx, dword ptr [eax+edi*4]                    		EAX=bf861d40, ECX=b77e2000, EDX=00000002, EBX=00000004, ESP=bf861d40, EBP=bf861db8, ESI=00000000, EDI=00000000
-1	25731	ld-linux.so.2       	b77cda21	                                        	0f b6 83 94 01 00 00                              	movzx eax, byte ptr [ebx+0x194]                   		EAX=bf861d40, ECX=b77e2000, EDX=00000002, EBX=b77e2918, ESP=bf861d40, EBP=bf861db8, ESI=00000000, EDI=00000000
-1	25731	ld-linux.so.2       	b77cda28	                                        	a8 08                                             	test al, 0x8                                      		EAX=0000001c, ECX=b77e2000, EDX=00000002, EBX=b77e2918, ESP=bf861d40, EBP=bf861db8, ESI=00000000, EDI=00000000
-1	25731	ld-linux.so.2       	b77cda2a	                                        	74 79                                             	jz 0xb77cdaa5                                     		EAX=0000001c, ECX=b77e2000, EDX=00000002, EBX=b77e2918, ESP=bf861d40, EBP=bf861db8, ESI=00000000, EDI=00000000
-1	25731	ld-linux.so.2       	b77cda2c	                                        	83 e0 f7                                          	and eax, 0xfffffff7                               		EAX=0000001c, ECX=b77e2000, EDX=00000002, EBX=b77e2918, ESP=bf861d40, EBP=bf861db8, ESI=00000000, EDI=00000000
-1	25731	ld-linux.so.2       	b77cda2f	                                        	88 83 94 01 00 00                                 	mov byte ptr [ebx+0x194], al                      		EAX=00000014, ECX=b77e2000, EDX=00000002, EBX=b77e2918, ESP=bf861d40, EBP=bf861db8, ESI=00000000, EDI=00000000
-1	25731	ld-linux.so.2       	b77cda35	                                        	8b 83 88 00 00 00                                 	mov eax, dword ptr [ebx+0x88]                     		EAX=00000014, ECX=b77e2000, EDX=00000002, EBX=b77e2918, ESP=bf861d40, EBP=bf861db8, ESI=00000000, EDI=00000000
-1	25731	ld-linux.so.2       	b77cda3b	                                        	85 c0                                             	test eax, eax                                     		EAX=08049f3c, ECX=b77e2000, EDX=00000002, EBX=b77e2918, ESP=bf861d40, EBP=bf861db8, ESI=00000000, EDI=00000000
-1	25731	ld-linux.so.2       	b77cda3d	                                        	0f 84 cd 00 00 00                                 	jz 0xb77cdb10                                     		EAX=08049f3c, ECX=b77e2000, EDX=00000002, EBX=b77e2918, ESP=bf861d40, EBP=bf861db8, ESI=00000000, EDI=00000000
-1	25731	ld-linux.so.2       	b77cda43	                                        	8b 4d dc                                          	mov ecx, dword ptr [ebp-0x24]                     		EAX=08049f3c, ECX=b77e2000, EDX=00000002, EBX=b77e2918, ESP=bf861d40, EBP=bf861db8, ESI=00000000, EDI=00000000
-1	25731	ld-linux.so.2       	b77cda46	                                        	f6 81 00 fd ff ff 02                              	test byte ptr [ecx-0x300], 0x2                    		EAX=08049f3c, ECX=b77e2000, EDX=00000002, EBX=b77e2918, ESP=bf861d40, EBP=bf861db8, ESI=00000000, EDI=00000000
-1	25731	ld-linux.so.2       	b77cda4d	                                        	0f 85 dd 00 00 00                                 	jnz 0xb77cdb30                                    		EAX=08049f3c, ECX=b77e2000, EDX=00000002, EBX=b77e2918, ESP=bf861d40, EBP=bf861db8, ESI=00000000, EDI=00000000
-1	25731	ld-linux.so.2       	b77cda53	                                        	8b 78 04                                          	mov edi, dword ptr [eax+0x4]                      		EAX=08049f3c, ECX=b77e2000, EDX=00000002, EBX=b77e2918, ESP=bf861d40, EBP=bf861db8, ESI=00000000, EDI=00000000
-1	25731	ld-linux.so.2       	b77cda56	                                        	8b 83 90 00 00 00                                 	mov eax, dword ptr [ebx+0x90]                     		EAX=08049f3c, ECX=b77e2000, EDX=00000002, EBX=b77e2918, ESP=bf861d40, EBP=bf861db8, ESI=00000000, EDI=08049f0c
-1	25731	ld-linux.so.2       	b77cda5c	                                        	03 3b                                             	add edi, dword ptr [ebx]                          		EAX=08049f44, ECX=b77e2000, EDX=00000002, EBX=b77e2918, ESP=bf861d40, EBP=bf861db8, ESI=00000000, EDI=08049f0c
-1	25731	ld-linux.so.2       	b77cda5e	                                        	8b 40 04                                          	mov eax, dword ptr [eax+0x4]                      		EAX=08049f44, ECX=b77e2000, EDX=00000002, EBX=b77e2918, ESP=bf861d40, EBP=bf861db8, ESI=00000000, EDI=08049f0c
-1	25731	ld-linux.so.2       	b77cda61	                                        	c1 e8 02                                          	shr eax, 0x2                                      		EAX=00000004, ECX=b77e2000, EDX=00000002, EBX=b77e2918, ESP=bf861d40, EBP=bf861db8, ESI=00000000, EDI=08049f0c
-1	25731	ld-linux.so.2       	b77cda64	                                        	85 c0                                             	test eax, eax                                     		EAX=00000001, ECX=b77e2000, EDX=00000002, EBX=b77e2918, ESP=bf861d40, EBP=bf861db8, ESI=00000000, EDI=08049f0c
-1	25731	ld-linux.so.2       	b77cda66	                                        	89 c6                                             	mov esi, eax                                      		EAX=00000001, ECX=b77e2000, EDX=00000002, EBX=b77e2918, ESP=bf861d40, EBP=bf861db8, ESI=00000000, EDI=08049f0c
-1	25731	ld-linux.so.2       	b77cda68	                                        	74 0f                                             	jz 0xb77cda79                                     		EAX=00000001, ECX=b77e2000, EDX=00000002, EBX=b77e2918, ESP=bf861d40, EBP=bf861db8, ESI=00000001, EDI=08049f0c
-1	25731	ld-linux.so.2       	b77cda6a	                                        	8d b6 00 00 00 00                                 	lea esi, ptr [esi]                                		EAX=00000001, ECX=b77e2000, EDX=00000002, EBX=b77e2918, ESP=bf861d40, EBP=bf861db8, ESI=00000001, EDI=08049f0c
-1	25731	ld-linux.so.2       	b77cda70	                                        	ff 54 b7 fc                                       	call dword ptr [edi+esi*4-0x4]                    		EAX=00000001, ECX=b77e2000, EDX=00000002, EBX=b77e2918, ESP=bf861d40, EBP=bf861db8, ESI=00000001, EDI=08049f0c
-1	25731	unknown             	080483c0	                                        	80 3d 1c a0 04 08 00                              	cmp byte ptr [0x804a01c], 0x0                     		EAX=00000001, ECX=b77e2000, EDX=00000002, EBX=b77e2918, ESP=bf861d3c, EBP=bf861db8, ESI=00000001, EDI=08049f0c
-1	25731	unknown             	080483c7	                                        	75 13                                             	jnz 0x80483dc                                     		EAX=00000001, ECX=b77e2000, EDX=00000002, EBX=b77e2918, ESP=bf861d3c, EBP=bf861db8, ESI=00000001, EDI=08049f0c
-1	25731	unknown             	080483c9	                                        	55                                                	push ebp                                          		EAX=00000001, ECX=b77e2000, EDX=00000002, EBX=b77e2918, ESP=bf861d3c, EBP=bf861db8, ESI=00000001, EDI=08049f0c
-1	25731	unknown             	080483ca	                                        	89 e5                                             	mov ebp, esp                                      		EAX=00000001, ECX=b77e2000, EDX=00000002, EBX=b77e2918, ESP=bf861d38, EBP=bf861db8, ESI=00000001, EDI=08049f0c
-1	25731	unknown             	080483cc	                                        	83 ec 08                                          	sub esp, 0x8                                      		EAX=00000001, ECX=b77e2000, EDX=00000002, EBX=b77e2918, ESP=bf861d38, EBP=bf861d38, ESI=00000001, EDI=08049f0c
-1	25731	unknown             	080483cf	                                        	e8 7c ff ff ff                                    	call 0x8048350                                    		EAX=00000001, ECX=b77e2000, EDX=00000002, EBX=b77e2918, ESP=bf861d30, EBP=bf861d38, ESI=00000001, EDI=08049f0c
-1	25731	unknown             	08048350	                                        	b8 1f a0 04 08                                    	mov eax, 0x804a01f                                		EAX=00000001, ECX=b77e2000, EDX=00000002, EBX=b77e2918, ESP=bf861d2c, EBP=bf861d38, ESI=00000001, EDI=08049f0c
-1	25731	unknown             	08048355	                                        	2d 1c a0 04 08                                    	sub eax, 0x804a01c                                		EAX=0804a01f, ECX=b77e2000, EDX=00000002, EBX=b77e2918, ESP=bf861d2c, EBP=bf861d38, ESI=00000001, EDI=08049f0c
-1	25731	unknown             	0804835a	                                        	83 f8 06                                          	cmp eax, 0x6                                      		EAX=00000003, ECX=b77e2000, EDX=00000002, EBX=b77e2918, ESP=bf861d2c, EBP=bf861d38, ESI=00000001, EDI=08049f0c
-1	25731	unknown             	0804835d	                                        	76 1a                                             	jbe 0x8048379                                     		EAX=00000003, ECX=b77e2000, EDX=00000002, EBX=b77e2918, ESP=bf861d2c, EBP=bf861d38, ESI=00000001, EDI=08049f0c
-1	25731	unknown             	08048379	                                        	f3 c3                                             	ret                                               		EAX=00000003, ECX=b77e2000, EDX=00000002, EBX=b77e2918, ESP=bf861d2c, EBP=bf861d38, ESI=00000001, EDI=08049f0c
-1	25731	unknown             	080483d4	                                        	c6 05 1c a0 04 08 01                              	mov byte ptr [0x804a01c], 0x1                     		EAX=00000003, ECX=b77e2000, EDX=00000002, EBX=b77e2918, ESP=bf861d30, EBP=bf861d38, ESI=00000001, EDI=08049f0c
-1	25731	unknown             	080483db	                                        	c9                                                	leave                                             		EAX=00000003, ECX=b77e2000, EDX=00000002, EBX=b77e2918, ESP=bf861d30, EBP=bf861d38, ESI=00000001, EDI=08049f0c
-1	25731	unknown             	080483dc	                                        	f3 c3                                             	ret                                               		EAX=00000003, ECX=b77e2000, EDX=00000002, EBX=b77e2918, ESP=bf861d3c, EBP=bf861db8, ESI=00000001, EDI=08049f0c
-1	25731	ld-linux.so.2       	b77cda74	                                        	83 ee 01                                          	sub esi, 0x1                                      		EAX=00000003, ECX=b77e2000, EDX=00000002, EBX=b77e2918, ESP=bf861d40, EBP=bf861db8, ESI=00000001, EDI=08049f0c
-1	25731	ld-linux.so.2       	b77cda77	                                        	75 f7                                             	jnz 0xb77cda70                                    		EAX=00000003, ECX=b77e2000, EDX=00000002, EBX=b77e2918, ESP=bf861d40, EBP=bf861db8, ESI=00000000, EDI=08049f0c
-1	25731	ld-linux.so.2       	b77cda79	                                        	8b 43 54                                          	mov eax, dword ptr [ebx+0x54]                     		EAX=00000003, ECX=b77e2000, EDX=00000002, EBX=b77e2918, ESP=bf861d40, EBP=bf861db8, ESI=00000000, EDI=08049f0c
-1	25731	ld-linux.so.2       	b77cda7c	                                        	85 c0                                             	test eax, eax                                     		EAX=08049f24, ECX=b77e2000, EDX=00000002, EBX=b77e2918, ESP=bf861d40, EBP=bf861db8, ESI=00000000, EDI=08049f0c
-1	25731	ld-linux.so.2       	b77cda7e	                                        	74 07                                             	jz 0xb77cda87                                     		EAX=08049f24, ECX=b77e2000, EDX=00000002, EBX=b77e2918, ESP=bf861d40, EBP=bf861db8, ESI=00000000, EDI=08049f0c
-1	25731	ld-linux.so.2       	b77cda80	                                        	8b 40 04                                          	mov eax, dword ptr [eax+0x4]                      		EAX=08049f24, ECX=b77e2000, EDX=00000002, EBX=b77e2918, ESP=bf861d40, EBP=bf861db8, ESI=00000000, EDI=08049f0c
-1	25731	ld-linux.so.2       	b77cda83	                                        	03 03                                             	add eax, dword ptr [ebx]                          		EAX=080484b4, ECX=b77e2000, EDX=00000002, EBX=b77e2918, ESP=bf861d40, EBP=bf861db8, ESI=00000000, EDI=08049f0c
-1	25731	ld-linux.so.2       	b77cda85	                                        	ff d0                                             	call eax                                          		EAX=080484b4, ECX=b77e2000, EDX=00000002, EBX=b77e2918, ESP=bf861d40, EBP=bf861db8, ESI=00000000, EDI=08049f0c
-1	25731	unknown             	080484b4	                                        	53                                                	push ebx                                          		EAX=080484b4, ECX=b77e2000, EDX=00000002, EBX=b77e2918, ESP=bf861d3c, EBP=bf861db8, ESI=00000000, EDI=08049f0c
-1	25731	unknown             	080484b5	                                        	83 ec 08                                          	sub esp, 0x8                                      		EAX=080484b4, ECX=b77e2000, EDX=00000002, EBX=b77e2918, ESP=bf861d38, EBP=bf861db8, ESI=00000000, EDI=08049f0c
-1	25731	unknown             	080484b8	                                        	e8 83 fe ff ff                                    	call 0x8048340                                    		EAX=080484b4, ECX=b77e2000, EDX=00000002, EBX=b77e2918, ESP=bf861d30, EBP=bf861db8, ESI=00000000, EDI=08049f0c
-1	25731	unknown             	08048340	                                        	8b 1c 24                                          	mov ebx, dword ptr [esp]                          		EAX=080484b4, ECX=b77e2000, EDX=00000002, EBX=b77e2918, ESP=bf861d2c, EBP=bf861db8, ESI=00000000, EDI=08049f0c
-1	25731	unknown             	08048343	                                        	c3                                                	ret                                               		EAX=080484b4, ECX=b77e2000, EDX=00000002, EBX=080484bd, ESP=bf861d2c, EBP=bf861db8, ESI=00000000, EDI=08049f0c
-1	25731	unknown             	080484bd	                                        	81 c3 43 1b 00 00                                 	add ebx, 0x1b43                                   		EAX=080484b4, ECX=b77e2000, EDX=00000002, EBX=080484bd, ESP=bf861d30, EBP=bf861db8, ESI=00000000, EDI=08049f0c
-1	25731	unknown             	080484c3	                                        	83 c4 08                                          	add esp, 0x8                                      		EAX=080484b4, ECX=b77e2000, EDX=00000002, EBX=0804a000, ESP=bf861d30, EBP=bf861db8, ESI=00000000, EDI=08049f0c
-1	25731	unknown             	080484c6	                                        	5b                                                	pop ebx                                           		EAX=080484b4, ECX=b77e2000, EDX=00000002, EBX=0804a000, ESP=bf861d38, EBP=bf861db8, ESI=00000000, EDI=08049f0c
-1	25731	unknown             	080484c7	                                        	c3                                                	ret                                               		EAX=080484b4, ECX=b77e2000, EDX=00000002, EBX=b77e2918, ESP=bf861d3c, EBP=bf861db8, ESI=00000000, EDI=08049f0c
-1	25731	ld-linux.so.2       	b77cda87	                                        	8b 4d cc                                          	mov ecx, dword ptr [ebp-0x34]                     		EAX=080484b4, ECX=b77e2000, EDX=00000002, EBX=b77e2918, ESP=bf861d40, EBP=bf861db8, ESI=00000000, EDI=08049f0c
-1	25731	ld-linux.so.2       	b77cda8a	                                        	85 c9                                             	test ecx, ecx                                     		EAX=080484b4, ECX=00000000, EDX=00000002, EBX=b77e2918, ESP=bf861d40, EBP=bf861db8, ESI=00000000, EDI=08049f0c
-1	25731	ld-linux.so.2       	b77cda8c	                                        	75 17                                             	jnz 0xb77cdaa5                                    		EAX=080484b4, ECX=00000000, EDX=00000002, EBX=b77e2918, ESP=bf861d40, EBP=bf861db8, ESI=00000000, EDI=08049f0c
-1	25731	ld-linux.so.2       	b77cda8e	                                        	8b 45 dc                                          	mov eax, dword ptr [ebp-0x24]                     		EAX=080484b4, ECX=00000000, EDX=00000002, EBX=b77e2918, ESP=bf861d40, EBP=bf861db8, ESI=00000000, EDI=08049f0c
-1	25731	ld-linux.so.2       	b77cda91	                                        	8d 35 00 fd ff ff                                 	lea esi, ptr [0xfffffd00]                         		EAX=b77e2000, ECX=00000000, EDX=00000002, EBX=b77e2918, ESP=bf861d40, EBP=bf861db8, ESI=00000000, EDI=08049f0c
-1	25731	ld-linux.so.2       	b77cda97	                                        	8b 90 10 ff ff ff                                 	mov edx, dword ptr [eax-0xf0]                     		EAX=b77e2000, ECX=00000000, EDX=00000002, EBX=b77e2918, ESP=bf861d40, EBP=bf861db8, ESI=fffffd00, EDI=08049f0c
-1	25731	ld-linux.so.2       	b77cda9d	                                        	85 d2                                             	test edx, edx                                     		EAX=b77e2000, ECX=00000000, EDX=00000000, EBX=b77e2918, ESP=bf861d40, EBP=bf861db8, ESI=fffffd00, EDI=08049f0c
-1	25731	ld-linux.so.2       	b77cda9f	                                        	0f 85 c9 00 00 00                                 	jnz 0xb77cdb6e                                    		EAX=b77e2000, ECX=00000000, EDX=00000000, EBX=b77e2918, ESP=bf861d40, EBP=bf861db8, ESI=fffffd00, EDI=08049f0c
-1	25731	ld-linux.so.2       	b77cdaa5	                                        	83 45 e4 01                                       	add dword ptr [ebp-0x1c], 0x1                     		EAX=b77e2000, ECX=00000000, EDX=00000000, EBX=b77e2918, ESP=bf861d40, EBP=bf861db8, ESI=fffffd00, EDI=08049f0c
-1	25731	ld-linux.so.2       	b77cdaa9	                                        	83 ab 90 01 00 00 01                              	sub dword ptr [ebx+0x190], 0x1                    		EAX=b77e2000, ECX=00000000, EDX=00000000, EBX=b77e2918, ESP=bf861d40, EBP=bf861db8, ESI=fffffd00, EDI=08049f0c
-1	25731	ld-linux.so.2       	b77cdab0	                                        	8b 45 e4                                          	mov eax, dword ptr [ebp-0x1c]                     		EAX=b77e2000, ECX=00000000, EDX=00000000, EBX=b77e2918, ESP=bf861d40, EBP=bf861db8, ESI=fffffd00, EDI=08049f0c
-1	25731	ld-linux.so.2       	b77cdab3	                                        	39 45 c8                                          	cmp dword ptr [ebp-0x38], eax                     		EAX=00000001, ECX=00000000, EDX=00000000, EBX=b77e2918, ESP=bf861d40, EBP=bf861db8, ESI=fffffd00, EDI=08049f0c
-1	25731	ld-linux.so.2       	b77cdab6	                                        	0f 85 5c ff ff ff                                 	jnz 0xb77cda18                                    		EAX=00000001, ECX=00000000, EDX=00000000, EBX=b77e2918, ESP=bf861d40, EBP=bf861db8, ESI=fffffd00, EDI=08049f0c
-1	25731	ld-linux.so.2       	b77cda18	                                        	8b 45 c4                                          	mov eax, dword ptr [ebp-0x3c]                     		EAX=00000001, ECX=00000000, EDX=00000000, EBX=b77e2918, ESP=bf861d40, EBP=bf861db8, ESI=fffffd00, EDI=08049f0c
-1	25731	ld-linux.so.2       	b77cda1b	                                        	8b 7d e4                                          	mov edi, dword ptr [ebp-0x1c]                     		EAX=bf861d40, ECX=00000000, EDX=00000000, EBX=b77e2918, ESP=bf861d40, EBP=bf861db8, ESI=fffffd00, EDI=08049f0c
-1	25731	ld-linux.so.2       	b77cda1e	                                        	8b 1c b8                                          	mov ebx, dword ptr [eax+edi*4]                    		EAX=bf861d40, ECX=00000000, EDX=00000000, EBX=b77e2918, ESP=bf861d40, EBP=bf861db8, ESI=fffffd00, EDI=00000001
-1	25731	ld-linux.so.2       	b77cda21	                                        	0f b6 83 94 01 00 00                              	movzx eax, byte ptr [ebx+0x194]                   		EAX=bf861d40, ECX=00000000, EDX=00000000, EBX=b77e2c08, ESP=bf861d40, EBP=bf861db8, ESI=fffffd00, EDI=00000001
-1	25731	ld-linux.so.2       	b77cda28	                                        	a8 08                                             	test al, 0x8                                      		EAX=00000005, ECX=00000000, EDX=00000000, EBX=b77e2c08, ESP=bf861d40, EBP=bf861db8, ESI=fffffd00, EDI=00000001
-1	25731	ld-linux.so.2       	b77cda2a	                                        	74 79                                             	jz 0xb77cdaa5                                     		EAX=00000005, ECX=00000000, EDX=00000000, EBX=b77e2c08, ESP=bf861d40, EBP=bf861db8, ESI=fffffd00, EDI=00000001
-1	25731	ld-linux.so.2       	b77cdaa5	                                        	83 45 e4 01                                       	add dword ptr [ebp-0x1c], 0x1                     		EAX=00000005, ECX=00000000, EDX=00000000, EBX=b77e2c08, ESP=bf861d40, EBP=bf861db8, ESI=fffffd00, EDI=00000001
-1	25731	ld-linux.so.2       	b77cdaa9	                                        	83 ab 90 01 00 00 01                              	sub dword ptr [ebx+0x190], 0x1                    		EAX=00000005, ECX=00000000, EDX=00000000, EBX=b77e2c08, ESP=bf861d40, EBP=bf861db8, ESI=fffffd00, EDI=00000001
-1	25731	ld-linux.so.2       	b77cdab0	                                        	8b 45 e4                                          	mov eax, dword ptr [ebp-0x1c]                     		EAX=00000005, ECX=00000000, EDX=00000000, EBX=b77e2c08, ESP=bf861d40, EBP=bf861db8, ESI=fffffd00, EDI=00000001
-1	25731	ld-linux.so.2       	b77cdab3	                                        	39 45 c8                                          	cmp dword ptr [ebp-0x38], eax                     		EAX=00000002, ECX=00000000, EDX=00000000, EBX=b77e2c08, ESP=bf861d40, EBP=bf861db8, ESI=fffffd00, EDI=00000001
-1	25731	ld-linux.so.2       	b77cdab6	                                        	0f 85 5c ff ff ff                                 	jnz 0xb77cda18                                    		EAX=00000002, ECX=00000000, EDX=00000000, EBX=b77e2c08, ESP=bf861d40, EBP=bf861db8, ESI=fffffd00, EDI=00000001
-1	25731	ld-linux.so.2       	b77cda18	                                        	8b 45 c4                                          	mov eax, dword ptr [ebp-0x3c]                     		EAX=00000002, ECX=00000000, EDX=00000000, EBX=b77e2c08, ESP=bf861d40, EBP=bf861db8, ESI=fffffd00, EDI=00000001
-1	25731	ld-linux.so.2       	b77cda1b	                                        	8b 7d e4                                          	mov edi, dword ptr [ebp-0x1c]                     		EAX=bf861d40, ECX=00000000, EDX=00000000, EBX=b77e2c08, ESP=bf861d40, EBP=bf861db8, ESI=fffffd00, EDI=00000001
-1	25731	ld-linux.so.2       	b77cda1e	                                        	8b 1c b8                                          	mov ebx, dword ptr [eax+edi*4]                    		EAX=bf861d40, ECX=00000000, EDX=00000000, EBX=b77e2c08, ESP=bf861d40, EBP=bf861db8, ESI=fffffd00, EDI=00000002
-1	25731	ld-linux.so.2       	b77cda21	                                        	0f b6 83 94 01 00 00                              	movzx eax, byte ptr [ebx+0x194]                   		EAX=bf861d40, ECX=00000000, EDX=00000000, EBX=b50f31b0, ESP=bf861d40, EBP=bf861db8, ESI=fffffd00, EDI=00000002
-1	25731	ld-linux.so.2       	b77cda28	                                        	a8 08                                             	test al, 0x8                                      		EAX=0000001d, ECX=00000000, EDX=00000000, EBX=b50f31b0, ESP=bf861d40, EBP=bf861db8, ESI=fffffd00, EDI=00000002
-1	25731	ld-linux.so.2       	b77cda2a	                                        	74 79                                             	jz 0xb77cdaa5                                     		EAX=0000001d, ECX=00000000, EDX=00000000, EBX=b50f31b0, ESP=bf861d40, EBP=bf861db8, ESI=fffffd00, EDI=00000002
-1	25731	ld-linux.so.2       	b77cda2c	                                        	83 e0 f7                                          	and eax, 0xfffffff7                               		EAX=0000001d, ECX=00000000, EDX=00000000, EBX=b50f31b0, ESP=bf861d40, EBP=bf861db8, ESI=fffffd00, EDI=00000002
-1	25731	ld-linux.so.2       	b77cda2f	                                        	88 83 94 01 00 00                                 	mov byte ptr [ebx+0x194], al                      		EAX=00000015, ECX=00000000, EDX=00000000, EBX=b50f31b0, ESP=bf861d40, EBP=bf861db8, ESI=fffffd00, EDI=00000002
-1	25731	ld-linux.so.2       	b77cda35	                                        	8b 83 88 00 00 00                                 	mov eax, dword ptr [ebx+0x88]                     		EAX=00000015, ECX=00000000, EDX=00000000, EBX=b50f31b0, ESP=bf861d40, EBP=bf861db8, ESI=fffffd00, EDI=00000002
-1	25731	ld-linux.so.2       	b77cda3b	                                        	85 c0                                             	test eax, eax                                     		EAX=00000000, ECX=00000000, EDX=00000000, EBX=b50f31b0, ESP=bf861d40, EBP=bf861db8, ESI=fffffd00, EDI=00000002
-1	25731	ld-linux.so.2       	b77cda3d	                                        	0f 84 cd 00 00 00                                 	jz 0xb77cdb10                                     		EAX=00000000, ECX=00000000, EDX=00000000, EBX=b50f31b0, ESP=bf861d40, EBP=bf861db8, ESI=fffffd00, EDI=00000002
-1	25731	ld-linux.so.2       	b77cdb10	                                        	8b 43 54                                          	mov eax, dword ptr [ebx+0x54]                     		EAX=00000000, ECX=00000000, EDX=00000000, EBX=b50f31b0, ESP=bf861d40, EBP=bf861db8, ESI=fffffd00, EDI=00000002
-1	25731	ld-linux.so.2       	b77cdb13	                                        	85 c0                                             	test eax, eax                                     		EAX=00000000, ECX=00000000, EDX=00000000, EBX=b50f31b0, ESP=bf861d40, EBP=bf861db8, ESI=fffffd00, EDI=00000002
-1	25731	ld-linux.so.2       	b77cdb15	                                        	0f 84 6c ff ff ff                                 	jz 0xb77cda87                                     		EAX=00000000, ECX=00000000, EDX=00000000, EBX=b50f31b0, ESP=bf861d40, EBP=bf861db8, ESI=fffffd00, EDI=00000002
-1	25731	ld-linux.so.2       	b77cda87	                                        	8b 4d cc                                          	mov ecx, dword ptr [ebp-0x34]                     		EAX=00000000, ECX=00000000, EDX=00000000, EBX=b50f31b0, ESP=bf861d40, EBP=bf861db8, ESI=fffffd00, EDI=00000002
-1	25731	ld-linux.so.2       	b77cda8a	                                        	85 c9                                             	test ecx, ecx                                     		EAX=00000000, ECX=00000000, EDX=00000000, EBX=b50f31b0, ESP=bf861d40, EBP=bf861db8, ESI=fffffd00, EDI=00000002
-1	25731	ld-linux.so.2       	b77cda8c	                                        	75 17                                             	jnz 0xb77cdaa5                                    		EAX=00000000, ECX=00000000, EDX=00000000, EBX=b50f31b0, ESP=bf861d40, EBP=bf861db8, ESI=fffffd00, EDI=00000002
-1	25731	ld-linux.so.2       	b77cda8e	                                        	8b 45 dc                                          	mov eax, dword ptr [ebp-0x24]                     		EAX=00000000, ECX=00000000, EDX=00000000, EBX=b50f31b0, ESP=bf861d40, EBP=bf861db8, ESI=fffffd00, EDI=00000002
-1	25731	ld-linux.so.2       	b77cda91	                                        	8d 35 00 fd ff ff                                 	lea esi, ptr [0xfffffd00]                         		EAX=b77e2000, ECX=00000000, EDX=00000000, EBX=b50f31b0, ESP=bf861d40, EBP=bf861db8, ESI=fffffd00, EDI=00000002
-1	25731	ld-linux.so.2       	b77cda97	                                        	8b 90 10 ff ff ff                                 	mov edx, dword ptr [eax-0xf0]                     		EAX=b77e2000, ECX=00000000, EDX=00000000, EBX=b50f31b0, ESP=bf861d40, EBP=bf861db8, ESI=fffffd00, EDI=00000002
-1	25731	ld-linux.so.2       	b77cda9d	                                        	85 d2                                             	test edx, edx                                     		EAX=b77e2000, ECX=00000000, EDX=00000000, EBX=b50f31b0, ESP=bf861d40, EBP=bf861db8, ESI=fffffd00, EDI=00000002
-1	25731	ld-linux.so.2       	b77cda9f	                                        	0f 85 c9 00 00 00                                 	jnz 0xb77cdb6e                                    		EAX=b77e2000, ECX=00000000, EDX=00000000, EBX=b50f31b0, ESP=bf861d40, EBP=bf861db8, ESI=fffffd00, EDI=00000002
-1	25731	ld-linux.so.2       	b77cdaa5	                                        	83 45 e4 01                                       	add dword ptr [ebp-0x1c], 0x1                     		EAX=b77e2000, ECX=00000000, EDX=00000000, EBX=b50f31b0, ESP=bf861d40, EBP=bf861db8, ESI=fffffd00, EDI=00000002
-1	25731	ld-linux.so.2       	b77cdaa9	                                        	83 ab 90 01 00 00 01                              	sub dword ptr [ebx+0x190], 0x1                    		EAX=b77e2000, ECX=00000000, EDX=00000000, EBX=b50f31b0, ESP=bf861d40, EBP=bf861db8, ESI=fffffd00, EDI=00000002
-1	25731	ld-linux.so.2       	b77cdab0	                                        	8b 45 e4                                          	mov eax, dword ptr [ebp-0x1c]                     		EAX=b77e2000, ECX=00000000, EDX=00000000, EBX=b50f31b0, ESP=bf861d40, EBP=bf861db8, ESI=fffffd00, EDI=00000002
-1	25731	ld-linux.so.2       	b77cdab3	                                        	39 45 c8                                          	cmp dword ptr [ebp-0x38], eax                     		EAX=00000003, ECX=00000000, EDX=00000000, EBX=b50f31b0, ESP=bf861d40, EBP=bf861db8, ESI=fffffd00, EDI=00000002
-1	25731	ld-linux.so.2       	b77cdab6	                                        	0f 85 5c ff ff ff                                 	jnz 0xb77cda18                                    		EAX=00000003, ECX=00000000, EDX=00000000, EBX=b50f31b0, ESP=bf861d40, EBP=bf861db8, ESI=fffffd00, EDI=00000002
-1	25731	ld-linux.so.2       	b77cda18	                                        	8b 45 c4                                          	mov eax, dword ptr [ebp-0x3c]                     		EAX=00000003, ECX=00000000, EDX=00000000, EBX=b50f31b0, ESP=bf861d40, EBP=bf861db8, ESI=fffffd00, EDI=00000002
-1	25731	ld-linux.so.2       	b77cda1b	                                        	8b 7d e4                                          	mov edi, dword ptr [ebp-0x1c]                     		EAX=bf861d40, ECX=00000000, EDX=00000000, EBX=b50f31b0, ESP=bf861d40, EBP=bf861db8, ESI=fffffd00, EDI=00000002
-1	25731	ld-linux.so.2       	b77cda1e	                                        	8b 1c b8                                          	mov ebx, dword ptr [eax+edi*4]                    		EAX=bf861d40, ECX=00000000, EDX=00000000, EBX=b50f31b0, ESP=bf861d40, EBP=bf861db8, ESI=fffffd00, EDI=00000003
-1	25731	ld-linux.so.2       	b77cda21	                                        	0f b6 83 94 01 00 00                              	movzx eax, byte ptr [ebx+0x194]                   		EAX=bf861d40, ECX=00000000, EDX=00000000, EBX=b77e253c, ESP=bf861d40, EBP=bf861db8, ESI=fffffd00, EDI=00000003
-1	25731	ld-linux.so.2       	b77cda28	                                        	a8 08                                             	test al, 0x8                                      		EAX=0000001d, ECX=00000000, EDX=00000000, EBX=b77e253c, ESP=bf861d40, EBP=bf861db8, ESI=fffffd00, EDI=00000003
-1	25731	ld-linux.so.2       	b77cda2a	                                        	74 79                                             	jz 0xb77cdaa5                                     		EAX=0000001d, ECX=00000000, EDX=00000000, EBX=b77e253c, ESP=bf861d40, EBP=bf861db8, ESI=fffffd00, EDI=00000003
-1	25731	ld-linux.so.2       	b77cda2c	                                        	83 e0 f7                                          	and eax, 0xfffffff7                               		EAX=0000001d, ECX=00000000, EDX=00000000, EBX=b77e253c, ESP=bf861d40, EBP=bf861db8, ESI=fffffd00, EDI=00000003
-1	25731	ld-linux.so.2       	b77cda2f	                                        	88 83 94 01 00 00                                 	mov byte ptr [ebx+0x194], al                      		EAX=00000015, ECX=00000000, EDX=00000000, EBX=b77e253c, ESP=bf861d40, EBP=bf861db8, ESI=fffffd00, EDI=00000003
-1	25731	ld-linux.so.2       	b77cda35	                                        	8b 83 88 00 00 00                                 	mov eax, dword ptr [ebx+0x88]                     		EAX=00000015, ECX=00000000, EDX=00000000, EBX=b77e253c, ESP=bf861d40, EBP=bf861db8, ESI=fffffd00, EDI=00000003
-1	25731	ld-linux.so.2       	b77cda3b	                                        	85 c0                                             	test eax, eax                                     		EAX=00000000, ECX=00000000, EDX=00000000, EBX=b77e253c, ESP=bf861d40, EBP=bf861db8, ESI=fffffd00, EDI=00000003
-1	25731	ld-linux.so.2       	b77cda3d	                                        	0f 84 cd 00 00 00                                 	jz 0xb77cdb10                                     		EAX=00000000, ECX=00000000, EDX=00000000, EBX=b77e253c, ESP=bf861d40, EBP=bf861db8, ESI=fffffd00, EDI=00000003
-1	25731	ld-linux.so.2       	b77cdb10	                                        	8b 43 54                                          	mov eax, dword ptr [ebx+0x54]                     		EAX=00000000, ECX=00000000, EDX=00000000, EBX=b77e253c, ESP=bf861d40, EBP=bf861db8, ESI=fffffd00, EDI=00000003
-1	25731	ld-linux.so.2       	b77cdb13	                                        	85 c0                                             	test eax, eax                                     		EAX=00000000, ECX=00000000, EDX=00000000, EBX=b77e253c, ESP=bf861d40, EBP=bf861db8, ESI=fffffd00, EDI=00000003
-1	25731	ld-linux.so.2       	b77cdb15	                                        	0f 84 6c ff ff ff                                 	jz 0xb77cda87                                     		EAX=00000000, ECX=00000000, EDX=00000000, EBX=b77e253c, ESP=bf861d40, EBP=bf861db8, ESI=fffffd00, EDI=00000003
-1	25731	ld-linux.so.2       	b77cda87	                                        	8b 4d cc                                          	mov ecx, dword ptr [ebp-0x34]                     		EAX=00000000, ECX=00000000, EDX=00000000, EBX=b77e253c, ESP=bf861d40, EBP=bf861db8, ESI=fffffd00, EDI=00000003
-1	25731	ld-linux.so.2       	b77cda8a	                                        	85 c9                                             	test ecx, ecx                                     		EAX=00000000, ECX=00000000, EDX=00000000, EBX=b77e253c, ESP=bf861d40, EBP=bf861db8, ESI=fffffd00, EDI=00000003
-1	25731	ld-linux.so.2       	b77cda8c	                                        	75 17                                             	jnz 0xb77cdaa5                                    		EAX=00000000, ECX=00000000, EDX=00000000, EBX=b77e253c, ESP=bf861d40, EBP=bf861db8, ESI=fffffd00, EDI=00000003
-1	25731	ld-linux.so.2       	b77cda8e	                                        	8b 45 dc                                          	mov eax, dword ptr [ebp-0x24]                     		EAX=00000000, ECX=00000000, EDX=00000000, EBX=b77e253c, ESP=bf861d40, EBP=bf861db8, ESI=fffffd00, EDI=00000003
-1	25731	ld-linux.so.2       	b77cda91	                                        	8d 35 00 fd ff ff                                 	lea esi, ptr [0xfffffd00]                         		EAX=b77e2000, ECX=00000000, EDX=00000000, EBX=b77e253c, ESP=bf861d40, EBP=bf861db8, ESI=fffffd00, EDI=00000003
-1	25731	ld-linux.so.2       	b77cda97	                                        	8b 90 10 ff ff ff                                 	mov edx, dword ptr [eax-0xf0]                     		EAX=b77e2000, ECX=00000000, EDX=00000000, EBX=b77e253c, ESP=bf861d40, EBP=bf861db8, ESI=fffffd00, EDI=00000003
-1	25731	ld-linux.so.2       	b77cda9d	                                        	85 d2                                             	test edx, edx                                     		EAX=b77e2000, ECX=00000000, EDX=00000000, EBX=b77e253c, ESP=bf861d40, EBP=bf861db8, ESI=fffffd00, EDI=00000003
-1	25731	ld-linux.so.2       	b77cda9f	                                        	0f 85 c9 00 00 00                                 	jnz 0xb77cdb6e                                    		EAX=b77e2000, ECX=00000000, EDX=00000000, EBX=b77e253c, ESP=bf861d40, EBP=bf861db8, ESI=fffffd00, EDI=00000003
-1	25731	ld-linux.so.2       	b77cdaa5	                                        	83 45 e4 01                                       	add dword ptr [ebp-0x1c], 0x1                     		EAX=b77e2000, ECX=00000000, EDX=00000000, EBX=b77e253c, ESP=bf861d40, EBP=bf861db8, ESI=fffffd00, EDI=00000003
-1	25731	ld-linux.so.2       	b77cdaa9	                                        	83 ab 90 01 00 00 01                              	sub dword ptr [ebx+0x190], 0x1                    		EAX=b77e2000, ECX=00000000, EDX=00000000, EBX=b77e253c, ESP=bf861d40, EBP=bf861db8, ESI=fffffd00, EDI=00000003
-1	25731	ld-linux.so.2       	b77cdab0	                                        	8b 45 e4                                          	mov eax, dword ptr [ebp-0x1c]                     		EAX=b77e2000, ECX=00000000, EDX=00000000, EBX=b77e253c, ESP=bf861d40, EBP=bf861db8, ESI=fffffd00, EDI=00000003
-1	25731	ld-linux.so.2       	b77cdab3	                                        	39 45 c8                                          	cmp dword ptr [ebp-0x38], eax                     		EAX=00000004, ECX=00000000, EDX=00000000, EBX=b77e253c, ESP=bf861d40, EBP=bf861db8, ESI=fffffd00, EDI=00000003
-1	25731	ld-linux.so.2       	b77cdab6	                                        	0f 85 5c ff ff ff                                 	jnz 0xb77cda18                                    		EAX=00000004, ECX=00000000, EDX=00000000, EBX=b77e253c, ESP=bf861d40, EBP=bf861db8, ESI=fffffd00, EDI=00000003
-1	25731	ld-linux.so.2       	b77cdabc	                                        	83 6d e0 01                                       	sub dword ptr [ebp-0x20], 0x1                     		EAX=00000004, ECX=00000000, EDX=00000000, EBX=b77e253c, ESP=bf861d40, EBP=bf861db8, ESI=fffffd00, EDI=00000003
-1	25731	ld-linux.so.2       	b77cdac0	                                        	83 6d d4 4c                                       	sub dword ptr [ebp-0x2c], 0x4c                    		EAX=00000004, ECX=00000000, EDX=00000000, EBX=b77e253c, ESP=bf861d40, EBP=bf861db8, ESI=fffffd00, EDI=00000003
-1	25731	ld-linux.so.2       	b77cdac4	                                        	8b 45 e0                                          	mov eax, dword ptr [ebp-0x20]                     		EAX=00000004, ECX=00000000, EDX=00000000, EBX=b77e253c, ESP=bf861d40, EBP=bf861db8, ESI=fffffd00, EDI=00000003
-1	25731	ld-linux.so.2       	b77cdac7	                                        	8b 65 bc                                          	mov esp, dword ptr [ebp-0x44]                     		EAX=ffffffff, ECX=00000000, EDX=00000000, EBX=b77e253c, ESP=bf861d40, EBP=bf861db8, ESI=fffffd00, EDI=00000003
-1	25731	ld-linux.so.2       	b77cdaca	                                        	83 f8 ff                                          	cmp eax, 0xffffffff                               		EAX=ffffffff, ECX=00000000, EDX=00000000, EBX=b77e253c, ESP=bf861d60, EBP=bf861db8, ESI=fffffd00, EDI=00000003
-1	25731	ld-linux.so.2       	b77cdacd	                                        	0f 85 57 fe ff ff                                 	jnz 0xb77cd92a                                    		EAX=ffffffff, ECX=00000000, EDX=00000000, EBX=b77e253c, ESP=bf861d60, EBP=bf861db8, ESI=fffffd00, EDI=00000003
-1	25731	ld-linux.so.2       	b77cdad3	                                        	8b 7d cc                                          	mov edi, dword ptr [ebp-0x34]                     		EAX=ffffffff, ECX=00000000, EDX=00000000, EBX=b77e253c, ESP=bf861d60, EBP=bf861db8, ESI=fffffd00, EDI=00000003
-1	25731	ld-linux.so.2       	b77cdad6	                                        	85 ff                                             	test edi, edi                                     		EAX=ffffffff, ECX=00000000, EDX=00000000, EBX=b77e253c, ESP=bf861d60, EBP=bf861db8, ESI=fffffd00, EDI=00000000
-1	25731	ld-linux.so.2       	b77cdad8	                                        	75 18                                             	jnz 0xb77cdaf2                                    		EAX=ffffffff, ECX=00000000, EDX=00000000, EBX=b77e253c, ESP=bf861d60, EBP=bf861db8, ESI=fffffd00, EDI=00000000
-1	25731	ld-linux.so.2       	b77cdada	                                        	8b 45 dc                                          	mov eax, dword ptr [ebp-0x24]                     		EAX=ffffffff, ECX=00000000, EDX=00000000, EBX=b77e253c, ESP=bf861d60, EBP=bf861db8, ESI=fffffd00, EDI=00000000
-1	25731	ld-linux.so.2       	b77cdadd	                                        	c7 45 cc 01 00 00 00                              	mov dword ptr [ebp-0x34], 0x1                     		EAX=b77e2000, ECX=00000000, EDX=00000000, EBX=b77e253c, ESP=bf861d60, EBP=bf861db8, ESI=fffffd00, EDI=00000000
-1	25731	ld-linux.so.2       	b77cdae4	                                        	8b 80 10 ff ff ff                                 	mov eax, dword ptr [eax-0xf0]                     		EAX=b77e2000, ECX=00000000, EDX=00000000, EBX=b77e253c, ESP=bf861d60, EBP=bf861db8, ESI=fffffd00, EDI=00000000
-1	25731	ld-linux.so.2       	b77cdaea	                                        	85 c0                                             	test eax, eax                                     		EAX=00000000, ECX=00000000, EDX=00000000, EBX=b77e253c, ESP=bf861d60, EBP=bf861db8, ESI=fffffd00, EDI=00000000
-1	25731	ld-linux.so.2       	b77cdaec	                                        	0f 85 c6 fd ff ff                                 	jnz 0xb77cd8b8                                    		EAX=00000000, ECX=00000000, EDX=00000000, EBX=b77e253c, ESP=bf861d60, EBP=bf861db8, ESI=fffffd00, EDI=00000000
-1	25731	ld-linux.so.2       	b77cdaf2	                                        	8b 45 dc                                          	mov eax, dword ptr [ebp-0x24]                     		EAX=00000000, ECX=00000000, EDX=00000000, EBX=b77e253c, ESP=bf861d60, EBP=bf861db8, ESI=fffffd00, EDI=00000000
-1	25731	ld-linux.so.2       	b77cdaf5	                                        	f6 80 00 fd ff ff 80                              	test byte ptr [eax-0x300], 0x80                   		EAX=b77e2000, ECX=00000000, EDX=00000000, EBX=b77e253c, ESP=bf861d60, EBP=bf861db8, ESI=fffffd00, EDI=00000000
-1	25731	ld-linux.so.2       	b77cdafc	                                        	0f 85 be 00 00 00                                 	jnz 0xb77cdbc0                                    		EAX=b77e2000, ECX=00000000, EDX=00000000, EBX=b77e253c, ESP=bf861d60, EBP=bf861db8, ESI=fffffd00, EDI=00000000
-1	25731	ld-linux.so.2       	b77cdb02	                                        	8d 65 f4                                          	lea esp, ptr [ebp-0xc]                            		EAX=b77e2000, ECX=00000000, EDX=00000000, EBX=b77e253c, ESP=bf861d60, EBP=bf861db8, ESI=fffffd00, EDI=00000000
-1	25731	ld-linux.so.2       	b77cdb05	                                        	5b                                                	pop ebx                                           		EAX=b77e2000, ECX=00000000, EDX=00000000, EBX=b77e253c, ESP=bf861dac, EBP=bf861db8, ESI=fffffd00, EDI=00000000
-1	25731	ld-linux.so.2       	b77cdb06	                                        	5e                                                	pop esi                                           		EAX=b77e2000, ECX=00000000, EDX=00000000, EBX=b5058000, ESP=bf861db0, EBP=bf861db8, ESI=fffffd00, EDI=00000000
-1	25731	ld-linux.so.2       	b77cdb07	                                        	5f                                                	pop edi                                           		EAX=b77e2000, ECX=00000000, EDX=00000000, EBX=b5058000, ESP=bf861db4, EBP=bf861db8, ESI=00000001, EDI=00000000
-1	25731	ld-linux.so.2       	b77cdb08	                                        	5d                                                	pop ebp                                           		EAX=b77e2000, ECX=00000000, EDX=00000000, EBX=b5058000, ESP=bf861db8, EBP=bf861db8, ESI=00000001, EDI=b50583dc
-1	25731	ld-linux.so.2       	b77cdb09	                                        	c3                                                	ret                                               		EAX=b77e2000, ECX=00000000, EDX=00000000, EBX=b5058000, ESP=bf861dbc, EBP=b50591e0, ESI=00000001, EDI=b50583dc
-1	25731	libc.so.6           	b4ed39a3	                                        	83 c4 10                                          	add esp, 0x10                                     		EAX=b77e2000, ECX=00000000, EDX=00000000, EBX=b5058000, ESP=bf861dc0, EBP=b50591e0, ESI=00000001, EDI=b50583dc
-1	25731	libc.so.6           	b4ed39a6	                                        	e9 45 ff ff ff                                    	jmp 0xb4ed38f0                                    		EAX=b77e2000, ECX=00000000, EDX=00000000, EBX=b5058000, ESP=bf861dd0, EBP=b50591e0, ESI=00000001, EDI=b50583dc
-1	25731	libc.so.6           	b4ed38f0	                                        	8b 45 04                                          	mov eax, dword ptr [ebp+0x4]                      		EAX=b77e2000, ECX=00000000, EDX=00000000, EBX=b5058000, ESP=bf861dd0, EBP=b50591e0, ESI=00000001, EDI=b50583dc
-1	25731	libc.so.6           	b4ed38f3	                                        	89 c2                                             	mov edx, eax                                      		EAX=00000000, ECX=00000000, EDX=00000000, EBX=b5058000, ESP=bf861dd0, EBP=b50591e0, ESI=00000001, EDI=b50583dc
-1	25731	libc.so.6           	b4ed38f5	                                        	c1 e2 04                                          	shl edx, 0x4                                      		EAX=00000000, ECX=00000000, EDX=00000000, EBX=b5058000, ESP=bf861dd0, EBP=b50591e0, ESI=00000001, EDI=b50583dc
-1	25731	libc.so.6           	b4ed38f8	                                        	85 c0                                             	test eax, eax                                     		EAX=00000000, ECX=00000000, EDX=00000000, EBX=b5058000, ESP=bf861dd0, EBP=b50591e0, ESI=00000001, EDI=b50583dc
-1	25731	libc.so.6           	b4ed38fa	                                        	8d 4c 15 f8                                       	lea ecx, ptr [ebp+edx*1-0x8]                      		EAX=00000000, ECX=00000000, EDX=00000000, EBX=b5058000, ESP=bf861dd0, EBP=b50591e0, ESI=00000001, EDI=b50583dc
-1	25731	libc.so.6           	b4ed38fe	                                        	74 22                                             	jz 0xb4ed3922                                     		EAX=00000000, ECX=b50591d8, EDX=00000000, EBX=b5058000, ESP=bf861dd0, EBP=b50591e0, ESI=00000001, EDI=b50583dc
-1	25731	libc.so.6           	b4ed3922	                                        	8b 45 00                                          	mov eax, dword ptr [ebp]                          		EAX=00000000, ECX=b50591d8, EDX=00000000, EBX=b5058000, ESP=bf861dd0, EBP=b50591e0, ESI=00000001, EDI=b50583dc
-1	25731	libc.so.6           	b4ed3925	                                        	85 c0                                             	test eax, eax                                     		EAX=00000000, ECX=b50591d8, EDX=00000000, EBX=b5058000, ESP=bf861dd0, EBP=b50591e0, ESI=00000001, EDI=b50583dc
-1	25731	libc.so.6           	b4ed3927	                                        	89 07                                             	mov dword ptr [edi], eax                          		EAX=00000000, ECX=b50591d8, EDX=00000000, EBX=b5058000, ESP=bf861dd0, EBP=b50591e0, ESI=00000001, EDI=b50583dc
-1	25731	libc.so.6           	b4ed3929	                                        	0f 85 99 00 00 00                                 	jnz 0xb4ed39c8                                    		EAX=00000000, ECX=b50591d8, EDX=00000000, EBX=b5058000, ESP=bf861dd0, EBP=b50591e0, ESI=00000001, EDI=b50583dc
-1	25731	libc.so.6           	b4ed392f	                                        	80 7c 24 0c 00                                    	cmp byte ptr [esp+0xc], 0x0                       		EAX=00000000, ECX=b50591d8, EDX=00000000, EBX=b5058000, ESP=bf861dd0, EBP=b50591e0, ESI=00000001, EDI=b50583dc
-1	25731	libc.so.6           	b4ed3934	                                        	74 1b                                             	jz 0xb4ed3951                                     		EAX=00000000, ECX=b50591d8, EDX=00000000, EBX=b5058000, ESP=bf861dd0, EBP=b50591e0, ESI=00000001, EDI=b50583dc
-1	25731	libc.so.6           	b4ed3936	                                        	8d 83 cc e2 ff ff                                 	lea eax, ptr [ebx-0x1d34]                         		EAX=00000000, ECX=b50591d8, EDX=00000000, EBX=b5058000, ESP=bf861dd0, EBP=b50591e0, ESI=00000001, EDI=b50583dc
-1	25731	libc.so.6           	b4ed393c	                                        	8d bb d0 e2 ff ff                                 	lea edi, ptr [ebx-0x1d30]                         		EAX=b50562cc, ECX=b50591d8, EDX=00000000, EBX=b5058000, ESP=bf861dd0, EBP=b50591e0, ESI=00000001, EDI=b50583dc
-1	25731	libc.so.6           	b4ed3942	                                        	39 f8                                             	cmp eax, edi                                      		EAX=b50562cc, ECX=b50591d8, EDX=00000000, EBX=b5058000, ESP=bf861dd0, EBP=b50591e0, ESI=00000001, EDI=b50562d0
-1	25731	libc.so.6           	b4ed3944	                                        	73 0b                                             	jnb 0xb4ed3951                                    		EAX=b50562cc, ECX=b50591d8, EDX=00000000, EBX=b5058000, ESP=bf861dd0, EBP=b50591e0, ESI=00000001, EDI=b50562d0
-1	25731	libc.so.6           	b4ed3946	                                        	89 c3                                             	mov ebx, eax                                      		EAX=b50562cc, ECX=b50591d8, EDX=00000000, EBX=b5058000, ESP=bf861dd0, EBP=b50591e0, ESI=00000001, EDI=b50562d0
-1	25731	libc.so.6           	b4ed3948	                                        	ff 13                                             	call dword ptr [ebx]                              		EAX=b50562cc, ECX=b50591d8, EDX=00000000, EBX=b50562cc, ESP=bf861dd0, EBP=b50591e0, ESI=00000001, EDI=b50562d0
-1	25731	libc.so.6           	b4f10b70	                                        	55                                                	push ebp                                          		EAX=b50562cc, ECX=b50591d8, EDX=00000000, EBX=b50562cc, ESP=bf861dcc, EBP=b50591e0, ESI=00000001, EDI=b50562d0
-1	25731	libc.so.6           	b4f10b71	                                        	57                                                	push edi                                          		EAX=b50562cc, ECX=b50591d8, EDX=00000000, EBX=b50562cc, ESP=bf861dc8, EBP=b50591e0, ESI=00000001, EDI=b50562d0
-1	25731	libc.so.6           	b4f10b72	                                        	56                                                	push esi                                          		EAX=b50562cc, ECX=b50591d8, EDX=00000000, EBX=b50562cc, ESP=bf861dc4, EBP=b50591e0, ESI=00000001, EDI=b50562d0
-1	25731	libc.so.6           	b4f10b73	                                        	53                                                	push ebx                                          		EAX=b50562cc, ECX=b50591d8, EDX=00000000, EBX=b50562cc, ESP=bf861dc0, EBP=b50591e0, ESI=00000001, EDI=b50562d0
-1	25731	libc.so.6           	b4f10b74	                                        	e8 fc 40 0b 00                                    	call 0xb4fc4c75                                   		EAX=b50562cc, ECX=b50591d8, EDX=00000000, EBX=b50562cc, ESP=bf861dbc, EBP=b50591e0, ESI=00000001, EDI=b50562d0
-1	25731	libc.so.6           	b4fc4c75	                                        	8b 1c 24                                          	mov ebx, dword ptr [esp]                          		EAX=b50562cc, ECX=b50591d8, EDX=00000000, EBX=b50562cc, ESP=bf861db8, EBP=b50591e0, ESI=00000001, EDI=b50562d0
-1	25731	libc.so.6           	b4fc4c78	                                        	c3                                                	ret                                               		EAX=b50562cc, ECX=b50591d8, EDX=00000000, EBX=b4f10b79, ESP=bf861db8, EBP=b50591e0, ESI=00000001, EDI=b50562d0
-1	25731	libc.so.6           	b4f10b79	                                        	81 c3 87 74 14 00                                 	add ebx, 0x147487                                 		EAX=b50562cc, ECX=b50591d8, EDX=00000000, EBX=b4f10b79, ESP=bf861dbc, EBP=b50591e0, ESI=00000001, EDI=b50562d0
-1	25731	libc.so.6           	b4f10b7f	                                        	83 ec 28                                          	sub esp, 0x28                                     		EAX=b50562cc, ECX=b50591d8, EDX=00000000, EBX=b5058000, ESP=bf861dbc, EBP=b50591e0, ESI=00000001, EDI=b50562d0
-1	25731	libc.so.6           	b4f10b82	                                        	6a 00                                             	push 0x0                                          		EAX=b50562cc, ECX=b50591d8, EDX=00000000, EBX=b5058000, ESP=bf861d94, EBP=b50591e0, ESI=00000001, EDI=b50562d0
-1	25731	libc.so.6           	b4f10b84	                                        	65 8b 2d 08 00 00 00                              	mov ebp, dword ptr gs:[0x8]                       		EAX=b50562cc, ECX=b50591d8, EDX=00000000, EBX=b5058000, ESP=bf861d90, EBP=b50591e0, ESI=00000001, EDI=b50562d0
-1	25731	libc.so.6           	b4f10b8b	                                        	e8 20 fd ff ff                                    	call 0xb4f108b0                                   		EAX=b50562cc, ECX=b50591d8, EDX=00000000, EBX=b5058000, ESP=bf861d90, EBP=b4e8c700, ESI=00000001, EDI=b50562d0
-1	25731	libc.so.6           	b4f108b0	                                        	55                                                	push ebp                                          		EAX=b50562cc, ECX=b50591d8, EDX=00000000, EBX=b5058000, ESP=bf861d8c, EBP=b4e8c700, ESI=00000001, EDI=b50562d0
-1	25731	libc.so.6           	b4f108b1	                                        	57                                                	push edi                                          		EAX=b50562cc, ECX=b50591d8, EDX=00000000, EBX=b5058000, ESP=bf861d88, EBP=b4e8c700, ESI=00000001, EDI=b50562d0
-1	25731	libc.so.6           	b4f108b2	                                        	56                                                	push esi                                          		EAX=b50562cc, ECX=b50591d8, EDX=00000000, EBX=b5058000, ESP=bf861d84, EBP=b4e8c700, ESI=00000001, EDI=b50562d0
-1	25731	libc.so.6           	b4f108b3	                                        	53                                                	push ebx                                          		EAX=b50562cc, ECX=b50591d8, EDX=00000000, EBX=b5058000, ESP=bf861d80, EBP=b4e8c700, ESI=00000001, EDI=b50562d0
-1	25731	libc.so.6           	b4f108b4	                                        	e8 c8 43 0b 00                                    	call 0xb4fc4c81                                   		EAX=b50562cc, ECX=b50591d8, EDX=00000000, EBX=b5058000, ESP=bf861d7c, EBP=b4e8c700, ESI=00000001, EDI=b50562d0
-1	25731	libc.so.6           	b4fc4c81	                                        	8b 34 24                                          	mov esi, dword ptr [esp]                          		EAX=b50562cc, ECX=b50591d8, EDX=00000000, EBX=b5058000, ESP=bf861d78, EBP=b4e8c700, ESI=00000001, EDI=b50562d0
-1	25731	libc.so.6           	b4fc4c84	                                        	c3                                                	ret                                               		EAX=b50562cc, ECX=b50591d8, EDX=00000000, EBX=b5058000, ESP=bf861d78, EBP=b4e8c700, ESI=b4f108b9, EDI=b50562d0
-1	25731	libc.so.6           	b4f108b9	                                        	81 c6 47 77 14 00                                 	add esi, 0x147747                                 		EAX=b50562cc, ECX=b50591d8, EDX=00000000, EBX=b5058000, ESP=bf861d7c, EBP=b4e8c700, ESI=b4f108b9, EDI=b50562d0
-1	25731	libc.so.6           	b4f108bf	                                        	83 ec 2c                                          	sub esp, 0x2c                                     		EAX=b50562cc, ECX=b50591d8, EDX=00000000, EBX=b5058000, ESP=bf861d7c, EBP=b4e8c700, ESI=b5058000, EDI=b50562d0
-1	25731	libc.so.6           	b4f108c2	                                        	8b 7c 24 40                                       	mov edi, dword ptr [esp+0x40]                     		EAX=b50562cc, ECX=b50591d8, EDX=00000000, EBX=b5058000, ESP=bf861d50, EBP=b4e8c700, ESI=b5058000, EDI=b50562d0
-1	25731	libc.so.6           	b4f108c6	                                        	85 ff                                             	test edi, edi                                     		EAX=b50562cc, ECX=b50591d8, EDX=00000000, EBX=b5058000, ESP=bf861d50, EBP=b4e8c700, ESI=b5058000, EDI=00000000
-1	25731	libc.so.6           	b4f108c8	                                        	0f 84 e2 01 00 00                                 	jz 0xb4f10ab0                                     		EAX=b50562cc, ECX=b50591d8, EDX=00000000, EBX=b5058000, ESP=bf861d50, EBP=b4e8c700, ESI=b5058000, EDI=00000000
-1	25731	libc.so.6           	b4f10ab0	                                        	8b 9e a0 0c 00 00                                 	mov ebx, dword ptr [esi+0xca0]                    		EAX=b50562cc, ECX=b50591d8, EDX=00000000, EBX=b5058000, ESP=bf861d50, EBP=b4e8c700, ESI=b5058000, EDI=00000000
-1	25731	libc.so.6           	b4f10ab6	                                        	8b ae 54 18 00 00                                 	mov ebp, dword ptr [esi+0x1854]                   		EAX=b50562cc, ECX=b50591d8, EDX=00000000, EBX=b5058cc0, ESP=bf861d50, EBP=b4e8c700, ESI=b5058000, EDI=00000000
-1	25731	libc.so.6           	b4f10abc	                                        	c7 44 24 0c 00 00 00 00                           	mov dword ptr [esp+0xc], 0x0                      		EAX=b50562cc, ECX=b50591d8, EDX=00000000, EBX=b5058cc0, ESP=bf861d50, EBP=00000000, ESI=b5058000, EDI=00000000
-1	25731	libc.so.6           	b4f10ac4	                                        	85 db                                             	test ebx, ebx                                     		EAX=b50562cc, ECX=b50591d8, EDX=00000000, EBX=b5058cc0, ESP=bf861d50, EBP=00000000, ESI=b5058000, EDI=00000000
-1	25731	libc.so.6           	b4f10ac6	                                        	0f 85 88 fe ff ff                                 	jnz 0xb4f10954                                    		EAX=b50562cc, ECX=b50591d8, EDX=00000000, EBX=b5058cc0, ESP=bf861d50, EBP=00000000, ESI=b5058000, EDI=00000000
-1	25731	libc.so.6           	b4f10954	                                        	65 a1 08 00 00 00                                 	mov eax, dword ptr gs:[0x8]                       		EAX=b50562cc, ECX=b50591d8, EDX=00000000, EBX=b5058cc0, ESP=bf861d50, EBP=00000000, ESI=b5058000, EDI=00000000
-1	25731	libc.so.6           	b4f1095a	                                        	c7 44 24 04 00 00 00 00                           	mov dword ptr [esp+0x4], 0x0                      		EAX=b4e8c700, ECX=b50591d8, EDX=00000000, EBX=b5058cc0, ESP=bf861d50, EBP=00000000, ESI=b5058000, EDI=00000000
-1	25731	libc.so.6           	b4f10962	                                        	89 44 24 08                                       	mov dword ptr [esp+0x8], eax                      		EAX=b4e8c700, ECX=b50591d8, EDX=00000000, EBX=b5058cc0, ESP=bf861d50, EBP=00000000, ESI=b5058000, EDI=00000000
-1	25731	libc.so.6           	b4f10966	                                        	eb 18                                             	jmp 0xb4f10980                                    		EAX=b4e8c700, ECX=b50591d8, EDX=00000000, EBX=b5058cc0, ESP=bf861d50, EBP=00000000, ESI=b5058000, EDI=00000000
-1	25731	libc.so.6           	b4f10980	                                        	85 ff                                             	test edi, edi                                     		EAX=b4e8c700, ECX=b50591d8, EDX=00000000, EBX=b5058cc0, ESP=bf861d50, EBP=00000000, ESI=b5058000, EDI=00000000
-1	25731	libc.so.6           	b4f10982	                                        	89 9e 50 18 00 00                                 	mov dword ptr [esi+0x1850], ebx                   		EAX=b4e8c700, ECX=b50591d8, EDX=00000000, EBX=b5058cc0, ESP=bf861d50, EBP=00000000, ESI=b5058000, EDI=00000000
-1	25731	libc.so.6           	b4f10988	                                        	74 3f                                             	jz 0xb4f109c9                                     		EAX=b4e8c700, ECX=b50591d8, EDX=00000000, EBX=b5058cc0, ESP=bf861d50, EBP=00000000, ESI=b5058000, EDI=00000000
-1	25731	libc.so.6           	b4f109c9	                                        	8b 53 68                                          	mov edx, dword ptr [ebx+0x68]                     		EAX=b4e8c700, ECX=b50591d8, EDX=00000000, EBX=b5058cc0, ESP=bf861d50, EBP=00000000, ESI=b5058000, EDI=00000000
-1	25731	libc.so.6           	b4f109cc	                                        	85 d2                                             	test edx, edx                                     		EAX=b4e8c700, ECX=b50591d8, EDX=00000000, EBX=b5058cc0, ESP=bf861d50, EBP=00000000, ESI=b5058000, EDI=00000000
-1	25731	libc.so.6           	b4f109ce	                                        	0f 8e 0c 01 00 00                                 	jle 0xb4f10ae0                                    		EAX=b4e8c700, ECX=b50591d8, EDX=00000000, EBX=b5058cc0, ESP=bf861d50, EBP=00000000, ESI=b5058000, EDI=00000000
-1	25731	libc.so.6           	b4f10ae0	                                        	8b 43 10                                          	mov eax, dword ptr [ebx+0x10]                     		EAX=b4e8c700, ECX=b50591d8, EDX=00000000, EBX=b5058cc0, ESP=bf861d50, EBP=00000000, ESI=b5058000, EDI=00000000
-1	25731	libc.so.6           	b4f10ae3	                                        	39 43 14                                          	cmp dword ptr [ebx+0x14], eax                     		EAX=00000000, ECX=b50591d8, EDX=00000000, EBX=b5058cc0, ESP=bf861d50, EBP=00000000, ESI=b5058000, EDI=00000000
-1	25731	libc.so.6           	b4f10ae6	                                        	0f 86 1f ff ff ff                                 	jbe 0xb4f10a0b                                    		EAX=00000000, ECX=b50591d8, EDX=00000000, EBX=b5058cc0, ESP=bf861d50, EBP=00000000, ESI=b5058000, EDI=00000000
-1	25731	libc.so.6           	b4f10a0b	                                        	85 ff                                             	test edi, edi                                     		EAX=00000000, ECX=b50591d8, EDX=00000000, EBX=b5058cc0, ESP=bf861d50, EBP=00000000, ESI=b5058000, EDI=00000000
-1	25731	libc.so.6           	b4f10a0d	                                        	74 31                                             	jz 0xb4f10a40                                     		EAX=00000000, ECX=b50591d8, EDX=00000000, EBX=b5058cc0, ESP=bf861d50, EBP=00000000, ESI=b5058000, EDI=00000000
-1	25731	libc.so.6           	b4f10a40	                                        	8b 86 54 18 00 00                                 	mov eax, dword ptr [esi+0x1854]                   		EAX=00000000, ECX=b50591d8, EDX=00000000, EBX=b5058cc0, ESP=bf861d50, EBP=00000000, ESI=b5058000, EDI=00000000
-1	25731	libc.so.6           	b4f10a46	                                        	c7 86 50 18 00 00 00 00 00 00                     	mov dword ptr [esi+0x1850], 0x0                   		EAX=00000000, ECX=b50591d8, EDX=00000000, EBX=b5058cc0, ESP=bf861d50, EBP=00000000, ESI=b5058000, EDI=00000000
-1	25731	libc.so.6           	b4f10a50	                                        	39 e8                                             	cmp eax, ebp                                      		EAX=00000000, ECX=b50591d8, EDX=00000000, EBX=b5058cc0, ESP=bf861d50, EBP=00000000, ESI=b5058000, EDI=00000000
-1	25731	libc.so.6           	b4f10a52	                                        	0f 85 18 ff ff ff                                 	jnz 0xb4f10970                                    		EAX=00000000, ECX=b50591d8, EDX=00000000, EBX=b5058cc0, ESP=bf861d50, EBP=00000000, ESI=b5058000, EDI=00000000
-1	25731	libc.so.6           	b4f10a58	                                        	8b 5b 34                                          	mov ebx, dword ptr [ebx+0x34]                     		EAX=00000000, ECX=b50591d8, EDX=00000000, EBX=b5058cc0, ESP=bf861d50, EBP=00000000, ESI=b5058000, EDI=00000000
-1	25731	libc.so.6           	b4f10a5b	                                        	85 db                                             	test ebx, ebx                                     		EAX=00000000, ECX=b50591d8, EDX=00000000, EBX=b5058d60, ESP=bf861d50, EBP=00000000, ESI=b5058000, EDI=00000000
-1	25731	libc.so.6           	b4f10a5d	                                        	0f 85 1b ff ff ff                                 	jnz 0xb4f1097e                                    		EAX=00000000, ECX=b50591d8, EDX=00000000, EBX=b5058d60, ESP=bf861d50, EBP=00000000, ESI=b5058000, EDI=00000000
-1	25731	libc.so.6           	b4f1097e	                                        	89 c5                                             	mov ebp, eax                                      		EAX=00000000, ECX=b50591d8, EDX=00000000, EBX=b5058d60, ESP=bf861d50, EBP=00000000, ESI=b5058000, EDI=00000000
-1	25731	libc.so.6           	b4f10980	                                        	85 ff                                             	test edi, edi                                     		EAX=00000000, ECX=b50591d8, EDX=00000000, EBX=b5058d60, ESP=bf861d50, EBP=00000000, ESI=b5058000, EDI=00000000
-1	25731	libc.so.6           	b4f10982	                                        	89 9e 50 18 00 00                                 	mov dword ptr [esi+0x1850], ebx                   		EAX=00000000, ECX=b50591d8, EDX=00000000, EBX=b5058d60, ESP=bf861d50, EBP=00000000, ESI=b5058000, EDI=00000000
-1	25731	libc.so.6           	b4f10988	                                        	74 3f                                             	jz 0xb4f109c9                                     		EAX=00000000, ECX=b50591d8, EDX=00000000, EBX=b5058d60, ESP=bf861d50, EBP=00000000, ESI=b5058000, EDI=00000000
-1	25731	libc.so.6           	b4f109c9	                                        	8b 53 68                                          	mov edx, dword ptr [ebx+0x68]                     		EAX=00000000, ECX=b50591d8, EDX=00000000, EBX=b5058d60, ESP=bf861d50, EBP=00000000, ESI=b5058000, EDI=00000000
-1	25731	libc.so.6           	b4f109cc	                                        	85 d2                                             	test edx, edx                                     		EAX=00000000, ECX=b50591d8, EDX=00000000, EBX=b5058d60, ESP=bf861d50, EBP=00000000, ESI=b5058000, EDI=00000000
-1	25731	libc.so.6           	b4f109ce	                                        	0f 8e 0c 01 00 00                                 	jle 0xb4f10ae0                                    		EAX=00000000, ECX=b50591d8, EDX=00000000, EBX=b5058d60, ESP=bf861d50, EBP=00000000, ESI=b5058000, EDI=00000000
-1	25731	libc.so.6           	b4f10ae0	                                        	8b 43 10                                          	mov eax, dword ptr [ebx+0x10]                     		EAX=00000000, ECX=b50591d8, EDX=00000000, EBX=b5058d60, ESP=bf861d50, EBP=00000000, ESI=b5058000, EDI=00000000
-1	25731	libc.so.6           	b4f10ae3	                                        	39 43 14                                          	cmp dword ptr [ebx+0x14], eax                     		EAX=00000000, ECX=b50591d8, EDX=00000000, EBX=b5058d60, ESP=bf861d50, EBP=00000000, ESI=b5058000, EDI=00000000
-1	25731	libc.so.6           	b4f10ae6	                                        	0f 86 1f ff ff ff                                 	jbe 0xb4f10a0b                                    		EAX=00000000, ECX=b50591d8, EDX=00000000, EBX=b5058d60, ESP=bf861d50, EBP=00000000, ESI=b5058000, EDI=00000000
-1	25731	libc.so.6           	b4f10a0b	                                        	85 ff                                             	test edi, edi                                     		EAX=00000000, ECX=b50591d8, EDX=00000000, EBX=b5058d60, ESP=bf861d50, EBP=00000000, ESI=b5058000, EDI=00000000
-1	25731	libc.so.6           	b4f10a0d	                                        	74 31                                             	jz 0xb4f10a40                                     		EAX=00000000, ECX=b50591d8, EDX=00000000, EBX=b5058d60, ESP=bf861d50, EBP=00000000, ESI=b5058000, EDI=00000000
-1	25731	libc.so.6           	b4f10a40	                                        	8b 86 54 18 00 00                                 	mov eax, dword ptr [esi+0x1854]                   		EAX=00000000, ECX=b50591d8, EDX=00000000, EBX=b5058d60, ESP=bf861d50, EBP=00000000, ESI=b5058000, EDI=00000000
-1	25731	libc.so.6           	b4f10a46	                                        	c7 86 50 18 00 00 00 00 00 00                     	mov dword ptr [esi+0x1850], 0x0                   		EAX=00000000, ECX=b50591d8, EDX=00000000, EBX=b5058d60, ESP=bf861d50, EBP=00000000, ESI=b5058000, EDI=00000000
-1	25731	libc.so.6           	b4f10a50	                                        	39 e8                                             	cmp eax, ebp                                      		EAX=00000000, ECX=b50591d8, EDX=00000000, EBX=b5058d60, ESP=bf861d50, EBP=00000000, ESI=b5058000, EDI=00000000
-1	25731	libc.so.6           	b4f10a52	                                        	0f 85 18 ff ff ff                                 	jnz 0xb4f10970                                    		EAX=00000000, ECX=b50591d8, EDX=00000000, EBX=b5058d60, ESP=bf861d50, EBP=00000000, ESI=b5058000, EDI=00000000
-1	25731	libc.so.6           	b4f10a58	                                        	8b 5b 34                                          	mov ebx, dword ptr [ebx+0x34]                     		EAX=00000000, ECX=b50591d8, EDX=00000000, EBX=b5058d60, ESP=bf861d50, EBP=00000000, ESI=b5058000, EDI=00000000
-1	25731	libc.so.6           	b4f10a5b	                                        	85 db                                             	test ebx, ebx                                     		EAX=00000000, ECX=b50591d8, EDX=00000000, EBX=b50585a0, ESP=bf861d50, EBP=00000000, ESI=b5058000, EDI=00000000
-1	25731	libc.so.6           	b4f10a5d	                                        	0f 85 1b ff ff ff                                 	jnz 0xb4f1097e                                    		EAX=00000000, ECX=b50591d8, EDX=00000000, EBX=b50585a0, ESP=bf861d50, EBP=00000000, ESI=b5058000, EDI=00000000
-1	25731	libc.so.6           	b4f1097e	                                        	89 c5                                             	mov ebp, eax                                      		EAX=00000000, ECX=b50591d8, EDX=00000000, EBX=b50585a0, ESP=bf861d50, EBP=00000000, ESI=b5058000, EDI=00000000
-1	25731	libc.so.6           	b4f10980	                                        	85 ff                                             	test edi, edi                                     		EAX=00000000, ECX=b50591d8, EDX=00000000, EBX=b50585a0, ESP=bf861d50, EBP=00000000, ESI=b5058000, EDI=00000000
-1	25731	libc.so.6           	b4f10982	                                        	89 9e 50 18 00 00                                 	mov dword ptr [esi+0x1850], ebx                   		EAX=00000000, ECX=b50591d8, EDX=00000000, EBX=b50585a0, ESP=bf861d50, EBP=00000000, ESI=b5058000, EDI=00000000
-1	25731	libc.so.6           	b4f10988	                                        	74 3f                                             	jz 0xb4f109c9                                     		EAX=00000000, ECX=b50591d8, EDX=00000000, EBX=b50585a0, ESP=bf861d50, EBP=00000000, ESI=b5058000, EDI=00000000
-1	25731	libc.so.6           	b4f109c9	                                        	8b 53 68                                          	mov edx, dword ptr [ebx+0x68]                     		EAX=00000000, ECX=b50591d8, EDX=00000000, EBX=b50585a0, ESP=bf861d50, EBP=00000000, ESI=b5058000, EDI=00000000
-1	25731	libc.so.6           	b4f109cc	                                        	85 d2                                             	test edx, edx                                     		EAX=00000000, ECX=b50591d8, EDX=00000000, EBX=b50585a0, ESP=bf861d50, EBP=00000000, ESI=b5058000, EDI=00000000
-1	25731	libc.so.6           	b4f109ce	                                        	0f 8e 0c 01 00 00                                 	jle 0xb4f10ae0                                    		EAX=00000000, ECX=b50591d8, EDX=00000000, EBX=b50585a0, ESP=bf861d50, EBP=00000000, ESI=b5058000, EDI=00000000
-1	25731	libc.so.6           	b4f10ae0	                                        	8b 43 10                                          	mov eax, dword ptr [ebx+0x10]                     		EAX=00000000, ECX=b50591d8, EDX=00000000, EBX=b50585a0, ESP=bf861d50, EBP=00000000, ESI=b5058000, EDI=00000000
-1	25731	libc.so.6           	b4f10ae3	                                        	39 43 14                                          	cmp dword ptr [ebx+0x14], eax                     		EAX=00000000, ECX=b50591d8, EDX=00000000, EBX=b50585a0, ESP=bf861d50, EBP=00000000, ESI=b5058000, EDI=00000000
-1	25731	libc.so.6           	b4f10ae6	                                        	0f 86 1f ff ff ff                                 	jbe 0xb4f10a0b                                    		EAX=00000000, ECX=b50591d8, EDX=00000000, EBX=b50585a0, ESP=bf861d50, EBP=00000000, ESI=b5058000, EDI=00000000
-1	25731	libc.so.6           	b4f10a0b	                                        	85 ff                                             	test edi, edi                                     		EAX=00000000, ECX=b50591d8, EDX=00000000, EBX=b50585a0, ESP=bf861d50, EBP=00000000, ESI=b5058000, EDI=00000000
-1	25731	libc.so.6           	b4f10a0d	                                        	74 31                                             	jz 0xb4f10a40                                     		EAX=00000000, ECX=b50591d8, EDX=00000000, EBX=b50585a0, ESP=bf861d50, EBP=00000000, ESI=b5058000, EDI=00000000
-1	25731	libc.so.6           	b4f10a40	                                        	8b 86 54 18 00 00                                 	mov eax, dword ptr [esi+0x1854]                   		EAX=00000000, ECX=b50591d8, EDX=00000000, EBX=b50585a0, ESP=bf861d50, EBP=00000000, ESI=b5058000, EDI=00000000
-1	25731	libc.so.6           	b4f10a46	                                        	c7 86 50 18 00 00 00 00 00 00                     	mov dword ptr [esi+0x1850], 0x0                   		EAX=00000000, ECX=b50591d8, EDX=00000000, EBX=b50585a0, ESP=bf861d50, EBP=00000000, ESI=b5058000, EDI=00000000
-1	25731	libc.so.6           	b4f10a50	                                        	39 e8                                             	cmp eax, ebp                                      		EAX=00000000, ECX=b50591d8, EDX=00000000, EBX=b50585a0, ESP=bf861d50, EBP=00000000, ESI=b5058000, EDI=00000000
-1	25731	libc.so.6           	b4f10a52	                                        	0f 85 18 ff ff ff                                 	jnz 0xb4f10970                                    		EAX=00000000, ECX=b50591d8, EDX=00000000, EBX=b50585a0, ESP=bf861d50, EBP=00000000, ESI=b5058000, EDI=00000000
-1	25731	libc.so.6           	b4f10a58	                                        	8b 5b 34                                          	mov ebx, dword ptr [ebx+0x34]                     		EAX=00000000, ECX=b50591d8, EDX=00000000, EBX=b50585a0, ESP=bf861d50, EBP=00000000, ESI=b5058000, EDI=00000000
-1	25731	libc.so.6           	b4f10a5b	                                        	85 db                                             	test ebx, ebx                                     		EAX=00000000, ECX=b50591d8, EDX=00000000, EBX=00000000, ESP=bf861d50, EBP=00000000, ESI=b5058000, EDI=00000000
-1	25731	libc.so.6           	b4f10a5d	                                        	0f 85 1b ff ff ff                                 	jnz 0xb4f1097e                                    		EAX=00000000, ECX=b50591d8, EDX=00000000, EBX=00000000, ESP=bf861d50, EBP=00000000, ESI=b5058000, EDI=00000000
-1	25731	libc.so.6           	b4f10a63	                                        	85 ff                                             	test edi, edi                                     		EAX=00000000, ECX=b50591d8, EDX=00000000, EBX=00000000, ESP=bf861d50, EBP=00000000, ESI=b5058000, EDI=00000000
-1	25731	libc.so.6           	b4f10a65	                                        	74 13                                             	jz 0xb4f10a7a                                     		EAX=00000000, ECX=b50591d8, EDX=00000000, EBX=00000000, ESP=bf861d50, EBP=00000000, ESI=b5058000, EDI=00000000
-1	25731	libc.so.6           	b4f10a7a	                                        	8b 44 24 0c                                       	mov eax, dword ptr [esp+0xc]                      		EAX=00000000, ECX=b50591d8, EDX=00000000, EBX=00000000, ESP=bf861d50, EBP=00000000, ESI=b5058000, EDI=00000000
-1	25731	libc.so.6           	b4f10a7e	                                        	85 c0                                             	test eax, eax                                     		EAX=00000000, ECX=b50591d8, EDX=00000000, EBX=00000000, ESP=bf861d50, EBP=00000000, ESI=b5058000, EDI=00000000
-1	25731	libc.so.6           	b4f10a80	                                        	74 1f                                             	jz 0xb4f10aa1                                     		EAX=00000000, ECX=b50591d8, EDX=00000000, EBX=00000000, ESP=bf861d50, EBP=00000000, ESI=b5058000, EDI=00000000
-1	25731	libc.so.6           	b4f10aa1	                                        	8b 44 24 04                                       	mov eax, dword ptr [esp+0x4]                      		EAX=00000000, ECX=b50591d8, EDX=00000000, EBX=00000000, ESP=bf861d50, EBP=00000000, ESI=b5058000, EDI=00000000
-1	25731	libc.so.6           	b4f10aa5	                                        	83 c4 2c                                          	add esp, 0x2c                                     		EAX=00000000, ECX=b50591d8, EDX=00000000, EBX=00000000, ESP=bf861d50, EBP=00000000, ESI=b5058000, EDI=00000000
-1	25731	libc.so.6           	b4f10aa8	                                        	5b                                                	pop ebx                                           		EAX=00000000, ECX=b50591d8, EDX=00000000, EBX=00000000, ESP=bf861d7c, EBP=00000000, ESI=b5058000, EDI=00000000
-1	25731	libc.so.6           	b4f10aa9	                                        	5e                                                	pop esi                                           		EAX=00000000, ECX=b50591d8, EDX=00000000, EBX=b5058000, ESP=bf861d80, EBP=00000000, ESI=b5058000, EDI=00000000
-1	25731	libc.so.6           	b4f10aaa	                                        	5f                                                	pop edi                                           		EAX=00000000, ECX=b50591d8, EDX=00000000, EBX=b5058000, ESP=bf861d84, EBP=00000000, ESI=00000001, EDI=00000000
-1	25731	libc.so.6           	b4f10aab	                                        	5d                                                	pop ebp                                           		EAX=00000000, ECX=b50591d8, EDX=00000000, EBX=b5058000, ESP=bf861d88, EBP=00000000, ESI=00000001, EDI=b50562d0
-1	25731	libc.so.6           	b4f10aac	                                        	c3                                                	ret                                               		EAX=00000000, ECX=b50591d8, EDX=00000000, EBX=b5058000, ESP=bf861d8c, EBP=b4e8c700, ESI=00000001, EDI=b50562d0
-1	25731	libc.so.6           	b4f10b90	                                        	8b bb a0 0c 00 00                                 	mov edi, dword ptr [ebx+0xca0]                    		EAX=00000000, ECX=b50591d8, EDX=00000000, EBX=b5058000, ESP=bf861d90, EBP=b4e8c700, ESI=00000001, EDI=b50562d0
-1	25731	libc.so.6           	b4f10b96	                                        	89 44 24 1c                                       	mov dword ptr [esp+0x1c], eax                     		EAX=00000000, ECX=b50591d8, EDX=00000000, EBX=b5058000, ESP=bf861d90, EBP=b4e8c700, ESI=00000001, EDI=b5058cc0
-1	25731	libc.so.6           	b4f10b9a	                                        	83 c4 10                                          	add esp, 0x10                                     		EAX=00000000, ECX=b50591d8, EDX=00000000, EBX=b5058000, ESP=bf861d90, EBP=b4e8c700, ESI=00000001, EDI=b5058cc0
-1	25731	libc.so.6           	b4f10b9d	                                        	85 ff                                             	test edi, edi                                     		EAX=00000000, ECX=b50591d8, EDX=00000000, EBX=b5058000, ESP=bf861da0, EBP=b4e8c700, ESI=00000001, EDI=b5058cc0
-1	25731	libc.so.6           	b4f10b9f	                                        	0f 85 89 00 00 00                                 	jnz 0xb4f10c2e                                    		EAX=00000000, ECX=b50591d8, EDX=00000000, EBX=b5058000, ESP=bf861da0, EBP=b4e8c700, ESI=00000001, EDI=b5058cc0
-1	25731	libc.so.6           	b4f10c2e	                                        	f6 07 02                                          	test byte ptr [edi], 0x2                          		EAX=00000000, ECX=b50591d8, EDX=00000000, EBX=b5058000, ESP=bf861da0, EBP=b4e8c700, ESI=00000001, EDI=b5058cc0
-1	25731	libc.so.6           	b4f10c31	                                        	75 ed                                             	jnz 0xb4f10c20                                    		EAX=00000000, ECX=b50591d8, EDX=00000000, EBX=b5058000, ESP=bf861da0, EBP=b4e8c700, ESI=00000001, EDI=b5058cc0
-1	25731	libc.so.6           	b4f10c20	                                        	c7 47 68 ff ff ff ff                              	mov dword ptr [edi+0x68], 0xffffffff              		EAX=00000000, ECX=b50591d8, EDX=00000000, EBX=b5058000, ESP=bf861da0, EBP=b4e8c700, ESI=00000001, EDI=b5058cc0
-1	25731	libc.so.6           	b4f10c27	                                        	8b 7f 34                                          	mov edi, dword ptr [edi+0x34]                     		EAX=00000000, ECX=b50591d8, EDX=00000000, EBX=b5058000, ESP=bf861da0, EBP=b4e8c700, ESI=00000001, EDI=b5058cc0
-1	25731	libc.so.6           	b4f10c2a	                                        	85 ff                                             	test edi, edi                                     		EAX=00000000, ECX=b50591d8, EDX=00000000, EBX=b5058000, ESP=bf861da0, EBP=b4e8c700, ESI=00000001, EDI=b5058d60
-1	25731	libc.so.6           	b4f10c2c	                                        	74 52                                             	jz 0xb4f10c80                                     		EAX=00000000, ECX=b50591d8, EDX=00000000, EBX=b5058000, ESP=bf861da0, EBP=b4e8c700, ESI=00000001, EDI=b5058d60
-1	25731	libc.so.6           	b4f10c2e	                                        	f6 07 02                                          	test byte ptr [edi], 0x2                          		EAX=00000000, ECX=b50591d8, EDX=00000000, EBX=b5058000, ESP=bf861da0, EBP=b4e8c700, ESI=00000001, EDI=b5058d60
-1	25731	libc.so.6           	b4f10c31	                                        	75 ed                                             	jnz 0xb4f10c20                                    		EAX=00000000, ECX=b50591d8, EDX=00000000, EBX=b5058000, ESP=bf861da0, EBP=b4e8c700, ESI=00000001, EDI=b5058d60
-1	25731	libc.so.6           	b4f10c33	                                        	8b 57 68                                          	mov edx, dword ptr [edi+0x68]                     		EAX=00000000, ECX=b50591d8, EDX=00000000, EBX=b5058000, ESP=bf861da0, EBP=b4e8c700, ESI=00000001, EDI=b5058d60
-1	25731	libc.so.6           	b4f10c36	                                        	85 d2                                             	test edx, edx                                     		EAX=00000000, ECX=b50591d8, EDX=00000000, EBX=b5058000, ESP=bf861da0, EBP=b4e8c700, ESI=00000001, EDI=b5058d60
-1	25731	libc.so.6           	b4f10c38	                                        	74 e6                                             	jz 0xb4f10c20                                     		EAX=00000000, ECX=b50591d8, EDX=00000000, EBX=b5058000, ESP=bf861da0, EBP=b4e8c700, ESI=00000001, EDI=b5058d60
-1	25731	libc.so.6           	b4f10c20	                                        	c7 47 68 ff ff ff ff                              	mov dword ptr [edi+0x68], 0xffffffff              		EAX=00000000, ECX=b50591d8, EDX=00000000, EBX=b5058000, ESP=bf861da0, EBP=b4e8c700, ESI=00000001, EDI=b5058d60
-1	25731	libc.so.6           	b4f10c27	                                        	8b 7f 34                                          	mov edi, dword ptr [edi+0x34]                     		EAX=00000000, ECX=b50591d8, EDX=00000000, EBX=b5058000, ESP=bf861da0, EBP=b4e8c700, ESI=00000001, EDI=b5058d60
-1	25731	libc.so.6           	b4f10c2a	                                        	85 ff                                             	test edi, edi                                     		EAX=00000000, ECX=b50591d8, EDX=00000000, EBX=b5058000, ESP=bf861da0, EBP=b4e8c700, ESI=00000001, EDI=b50585a0
-1	25731	libc.so.6           	b4f10c2c	                                        	74 52                                             	jz 0xb4f10c80                                     		EAX=00000000, ECX=b50591d8, EDX=00000000, EBX=b5058000, ESP=bf861da0, EBP=b4e8c700, ESI=00000001, EDI=b50585a0
-1	25731	libc.so.6           	b4f10c2e	                                        	f6 07 02                                          	test byte ptr [edi], 0x2                          		EAX=00000000, ECX=b50591d8, EDX=00000000, EBX=b5058000, ESP=bf861da0, EBP=b4e8c700, ESI=00000001, EDI=b50585a0
-1	25731	libc.so.6           	b4f10c31	                                        	75 ed                                             	jnz 0xb4f10c20                                    		EAX=00000000, ECX=b50591d8, EDX=00000000, EBX=b5058000, ESP=bf861da0, EBP=b4e8c700, ESI=00000001, EDI=b50585a0
-1	25731	libc.so.6           	b4f10c33	                                        	8b 57 68                                          	mov edx, dword ptr [edi+0x68]                     		EAX=00000000, ECX=b50591d8, EDX=00000000, EBX=b5058000, ESP=bf861da0, EBP=b4e8c700, ESI=00000001, EDI=b50585a0
-1	25731	libc.so.6           	b4f10c36	                                        	85 d2                                             	test edx, edx                                     		EAX=00000000, ECX=b50591d8, EDX=00000000, EBX=b5058000, ESP=bf861da0, EBP=b4e8c700, ESI=00000001, EDI=b50585a0
-1	25731	libc.so.6           	b4f10c38	                                        	74 e6                                             	jz 0xb4f10c20                                     		EAX=00000000, ECX=b50591d8, EDX=00000000, EBX=b5058000, ESP=bf861da0, EBP=b4e8c700, ESI=00000001, EDI=b50585a0
-1	25731	libc.so.6           	b4f10c20	                                        	c7 47 68 ff ff ff ff                              	mov dword ptr [edi+0x68], 0xffffffff              		EAX=00000000, ECX=b50591d8, EDX=00000000, EBX=b5058000, ESP=bf861da0, EBP=b4e8c700, ESI=00000001, EDI=b50585a0
-1	25731	libc.so.6           	b4f10c27	                                        	8b 7f 34                                          	mov edi, dword ptr [edi+0x34]                     		EAX=00000000, ECX=b50591d8, EDX=00000000, EBX=b5058000, ESP=bf861da0, EBP=b4e8c700, ESI=00000001, EDI=b50585a0
-1	25731	libc.so.6           	b4f10c2a	                                        	85 ff                                             	test edi, edi                                     		EAX=00000000, ECX=b50591d8, EDX=00000000, EBX=b5058000, ESP=bf861da0, EBP=b4e8c700, ESI=00000001, EDI=00000000
-1	25731	libc.so.6           	b4f10c2c	                                        	74 52                                             	jz 0xb4f10c80                                     		EAX=00000000, ECX=b50591d8, EDX=00000000, EBX=b5058000, ESP=bf861da0, EBP=b4e8c700, ESI=00000001, EDI=00000000
-1	25731	libc.so.6           	b4f10c80	                                        	8b 44 24 0c                                       	mov eax, dword ptr [esp+0xc]                      		EAX=00000000, ECX=b50591d8, EDX=00000000, EBX=b5058000, ESP=bf861da0, EBP=b4e8c700, ESI=00000001, EDI=00000000
-1	25731	libc.so.6           	b4f10c84	                                        	83 c4 1c                                          	add esp, 0x1c                                     		EAX=00000000, ECX=b50591d8, EDX=00000000, EBX=b5058000, ESP=bf861da0, EBP=b4e8c700, ESI=00000001, EDI=00000000
-1	25731	libc.so.6           	b4f10c87	                                        	5b                                                	pop ebx                                           		EAX=00000000, ECX=b50591d8, EDX=00000000, EBX=b5058000, ESP=bf861dbc, EBP=b4e8c700, ESI=00000001, EDI=00000000
-1	25731	libc.so.6           	b4f10c88	                                        	5e                                                	pop esi                                           		EAX=00000000, ECX=b50591d8, EDX=00000000, EBX=b50562cc, ESP=bf861dc0, EBP=b4e8c700, ESI=00000001, EDI=00000000
-1	25731	libc.so.6           	b4f10c89	                                        	5f                                                	pop edi                                           		EAX=00000000, ECX=b50591d8, EDX=00000000, EBX=b50562cc, ESP=bf861dc4, EBP=b4e8c700, ESI=00000001, EDI=00000000
-1	25731	libc.so.6           	b4f10c8a	                                        	5d                                                	pop ebp                                           		EAX=00000000, ECX=b50591d8, EDX=00000000, EBX=b50562cc, ESP=bf861dc8, EBP=b4e8c700, ESI=00000001, EDI=b50562d0
-1	25731	libc.so.6           	b4f10c8b	                                        	c3                                                	ret                                               		EAX=00000000, ECX=b50591d8, EDX=00000000, EBX=b50562cc, ESP=bf861dcc, EBP=b50591e0, ESI=00000001, EDI=b50562d0
-1	25731	libc.so.6           	b4ed394a	                                        	83 c3 04                                          	add ebx, 0x4                                      		EAX=00000000, ECX=b50591d8, EDX=00000000, EBX=b50562cc, ESP=bf861dd0, EBP=b50591e0, ESI=00000001, EDI=b50562d0
-1	25731	libc.so.6           	b4ed394d	                                        	39 fb                                             	cmp ebx, edi                                      		EAX=00000000, ECX=b50591d8, EDX=00000000, EBX=b50562d0, ESP=bf861dd0, EBP=b50591e0, ESI=00000001, EDI=b50562d0
-1	25731	libc.so.6           	b4ed394f	                                        	72 f7                                             	jb 0xb4ed3948                                     		EAX=00000000, ECX=b50591d8, EDX=00000000, EBX=b50562d0, ESP=bf861dd0, EBP=b50591e0, ESI=00000001, EDI=b50562d0
-1	25731	libc.so.6           	b4ed3951	                                        	83 ec 0c                                          	sub esp, 0xc                                      		EAX=00000000, ECX=b50591d8, EDX=00000000, EBX=b50562d0, ESP=bf861dd0, EBP=b50591e0, ESI=00000001, EDI=b50562d0
-1	25731	libc.so.6           	b4ed3954	                                        	56                                                	push esi                                          		EAX=00000000, ECX=b50591d8, EDX=00000000, EBX=b50562d0, ESP=bf861dc4, EBP=b50591e0, ESI=00000001, EDI=b50562d0
-1	25731	libc.so.6           	b4ed3955	                                        	e8 4e 1f 08 00                                    	call 0xb4f558a8                                   		EAX=00000000, ECX=b50591d8, EDX=00000000, EBX=b50562d0, ESP=bf861dc0, EBP=b50591e0, ESI=00000001, EDI=b50562d0
-1	25731	libc.so.6           	b4f558a8	                                        	8b 5c 24 04                                       	mov ebx, dword ptr [esp+0x4]                      		EAX=00000000, ECX=b50591d8, EDX=00000000, EBX=b50562d0, ESP=bf861dbc, EBP=b50591e0, ESI=00000001, EDI=b50562d0
-1	25731	libc.so.6           	b4f558ac	                                        	b8 fc 00 00 00                                    	mov eax, 0xfc                                     		EAX=00000000, ECX=b50591d8, EDX=00000000, EBX=00000001, ESP=bf861dbc, EBP=b50591e0, ESI=00000001, EDI=b50562d0
-1	25731	libc.so.6           	b4f558b1	                                        	65 ff 15 10 00 00 00                              	call dword ptr gs:[0x10]                          		EAX=000000fc, ECX=b50591d8, EDX=00000000, EBX=00000001, ESP=bf861dbc, EBP=b50591e0, ESI=00000001, EDI=b50562d0
